[0.218s] Invoking command in '/home/ziczac/dev/skripsi_code/ros2_workspace/build/wheeltec_n100_imu': CMAKE_PREFIX_PATH=/home/ziczac/dev/skripsi_code/ros2_workspace/install/serial:/home/ziczac/dev/skripsi_code/ros2_workspace/install/wheeltec_n100_imu:/home/ziczac/dev/skripsi_code/ros2_workspace/install/wheel_interfaces:/home/ziczac/dev/skripsi_code/ros2_workspace/install/my_bot:/home/ziczac/dev/skripsi_code/ros2_workspace/install/lslidar_driver:/home/ziczac/dev/skripsi_code/ros2_workspace/install/lslidar_msgs:/home/ziczac/dev/skripsi_code/ros2_workspace/install/motor:/home/ziczac/dev/skripsi_code/ros2_workspace/install/gui:/home/ziczac/dev/skripsi_code/ros2_workspace/install/rosboard:/home/ziczac/dev/skripsi_code/ros2_workspace/install/log_odds_map:/home/ziczac/dev/skripsi_code/ros2_workspace/install/icp_graph_slam:/home/ziczac/dev/skripsi_code/ros2_workspace/install/diff_drive:/opt/ros/humble /usr/bin/cmake --build /home/ziczac/dev/skripsi_code/ros2_workspace/build/wheeltec_n100_imu -- -j8 -l8
[1.775s] [100%] Built target imu_node
[2.102s] Invoked command in '/home/ziczac/dev/skripsi_code/ros2_workspace/build/wheeltec_n100_imu' returned '0': CMAKE_PREFIX_PATH=/home/ziczac/dev/skripsi_code/ros2_workspace/install/serial:/home/ziczac/dev/skripsi_code/ros2_workspace/install/wheeltec_n100_imu:/home/ziczac/dev/skripsi_code/ros2_workspace/install/wheel_interfaces:/home/ziczac/dev/skripsi_code/ros2_workspace/install/my_bot:/home/ziczac/dev/skripsi_code/ros2_workspace/install/lslidar_driver:/home/ziczac/dev/skripsi_code/ros2_workspace/install/lslidar_msgs:/home/ziczac/dev/skripsi_code/ros2_workspace/install/motor:/home/ziczac/dev/skripsi_code/ros2_workspace/install/gui:/home/ziczac/dev/skripsi_code/ros2_workspace/install/rosboard:/home/ziczac/dev/skripsi_code/ros2_workspace/install/log_odds_map:/home/ziczac/dev/skripsi_code/ros2_workspace/install/icp_graph_slam:/home/ziczac/dev/skripsi_code/ros2_workspace/install/diff_drive:/opt/ros/humble /usr/bin/cmake --build /home/ziczac/dev/skripsi_code/ros2_workspace/build/wheeltec_n100_imu -- -j8 -l8
[2.244s] Invoking command in '/home/ziczac/dev/skripsi_code/ros2_workspace/build/wheeltec_n100_imu': CMAKE_PREFIX_PATH=/home/ziczac/dev/skripsi_code/ros2_workspace/install/serial:/home/ziczac/dev/skripsi_code/ros2_workspace/install/wheeltec_n100_imu:/home/ziczac/dev/skripsi_code/ros2_workspace/install/wheel_interfaces:/home/ziczac/dev/skripsi_code/ros2_workspace/install/my_bot:/home/ziczac/dev/skripsi_code/ros2_workspace/install/lslidar_driver:/home/ziczac/dev/skripsi_code/ros2_workspace/install/lslidar_msgs:/home/ziczac/dev/skripsi_code/ros2_workspace/install/motor:/home/ziczac/dev/skripsi_code/ros2_workspace/install/gui:/home/ziczac/dev/skripsi_code/ros2_workspace/install/rosboard:/home/ziczac/dev/skripsi_code/ros2_workspace/install/log_odds_map:/home/ziczac/dev/skripsi_code/ros2_workspace/install/icp_graph_slam:/home/ziczac/dev/skripsi_code/ros2_workspace/install/diff_drive:/opt/ros/humble /usr/bin/cmake --install /home/ziczac/dev/skripsi_code/ros2_workspace/build/wheeltec_n100_imu
[2.277s] -- Install configuration: ""
[2.306s] -- Execute custom install script
[2.332s] -- Up-to-date symlink: /home/ziczac/dev/skripsi_code/ros2_workspace/install/wheeltec_n100_imu/lib/wheeltec_n100_imu/imu_node
[2.333s] -- Up-to-date symlink: /home/ziczac/dev/skripsi_code/ros2_workspace/install/wheeltec_n100_imu/share/ament_index/resource_index/package_run_dependencies/wheeltec_n100_imu
[2.334s] -- Up-to-date symlink: /home/ziczac/dev/skripsi_code/ros2_workspace/install/wheeltec_n100_imu/share/ament_index/resource_index/parent_prefix_path/wheeltec_n100_imu
[2.366s] -- Up-to-date symlink: /home/ziczac/dev/skripsi_code/ros2_workspace/install/wheeltec_n100_imu/share/wheeltec_n100_imu/environment/ament_prefix_path.sh
[2.366s] -- Up-to-date symlink: /home/ziczac/dev/skripsi_code/ros2_workspace/install/wheeltec_n100_imu/share/wheeltec_n100_imu/environment/ament_prefix_path.dsv
[2.367s] -- Up-to-date symlink: /home/ziczac/dev/skripsi_code/ros2_workspace/install/wheeltec_n100_imu/share/wheeltec_n100_imu/environment/path.sh
[2.368s] -- Up-to-date symlink: /home/ziczac/dev/skripsi_code/ros2_workspace/install/wheeltec_n100_imu/share/wheeltec_n100_imu/environment/path.dsv
[2.388s] -- Up-to-date symlink: /home/ziczac/dev/skripsi_code/ros2_workspace/install/wheeltec_n100_imu/share/wheeltec_n100_imu/local_setup.bash
[2.389s] -- Up-to-date symlink: /home/ziczac/dev/skripsi_code/ros2_workspace/install/wheeltec_n100_imu/share/wheeltec_n100_imu/local_setup.sh
[2.415s] -- Up-to-date symlink: /home/ziczac/dev/skripsi_code/ros2_workspace/install/wheeltec_n100_imu/share/wheeltec_n100_imu/local_setup.zsh
[2.416s] -- Up-to-date symlink: /home/ziczac/dev/skripsi_code/ros2_workspace/install/wheeltec_n100_imu/share/wheeltec_n100_imu/local_setup.dsv
[2.416s] -- Symlinking: /home/ziczac/dev/skripsi_code/ros2_workspace/install/wheeltec_n100_imu/share/wheeltec_n100_imu/package.dsv
[2.470s] -- Up-to-date symlink: /home/ziczac/dev/skripsi_code/ros2_workspace/install/wheeltec_n100_imu/share/ament_index/resource_index/packages/wheeltec_n100_imu
[2.471s] -- Up-to-date symlink: /home/ziczac/dev/skripsi_code/ros2_workspace/install/wheeltec_n100_imu/share/wheeltec_n100_imu/cmake/wheeltec_n100_imuConfig.cmake
[2.472s] -- Up-to-date symlink: /home/ziczac/dev/skripsi_code/ros2_workspace/install/wheeltec_n100_imu/share/wheeltec_n100_imu/cmake/wheeltec_n100_imuConfig-version.cmake
[2.473s] -- Up-to-date symlink: /home/ziczac/dev/skripsi_code/ros2_workspace/install/wheeltec_n100_imu/share/wheeltec_n100_imu/package.xml
[2.488s] Invoked command in '/home/ziczac/dev/skripsi_code/ros2_workspace/build/wheeltec_n100_imu' returned '0': CMAKE_PREFIX_PATH=/home/ziczac/dev/skripsi_code/ros2_workspace/install/serial:/home/ziczac/dev/skripsi_code/ros2_workspace/install/wheeltec_n100_imu:/home/ziczac/dev/skripsi_code/ros2_workspace/install/wheel_interfaces:/home/ziczac/dev/skripsi_code/ros2_workspace/install/my_bot:/home/ziczac/dev/skripsi_code/ros2_workspace/install/lslidar_driver:/home/ziczac/dev/skripsi_code/ros2_workspace/install/lslidar_msgs:/home/ziczac/dev/skripsi_code/ros2_workspace/install/motor:/home/ziczac/dev/skripsi_code/ros2_workspace/install/gui:/home/ziczac/dev/skripsi_code/ros2_workspace/install/rosboard:/home/ziczac/dev/skripsi_code/ros2_workspace/install/log_odds_map:/home/ziczac/dev/skripsi_code/ros2_workspace/install/icp_graph_slam:/home/ziczac/dev/skripsi_code/ros2_workspace/install/diff_drive:/opt/ros/humble /usr/bin/cmake --install /home/ziczac/dev/skripsi_code/ros2_workspace/build/wheeltec_n100_imu
