[0.964s] Invoking command in '/home/ziczac/dev/skripsi_code/ros2_workspace/build/serial': CMAKE_PREFIX_PATH=${CMAKE_PREFIX_PATH}:/home/ziczac/dev/skripsi_code/ros2_workspace/install/motor:/home/ziczac/dev/skripsi_code/ros2_workspace/install/gui:/home/ziczac/dev/skripsi_code/ros2_workspace/install/rosboard:/home/ziczac/dev/skripsi_code/ros2_workspace/install/log_odds_map:/home/ziczac/dev/skripsi_code/ros2_workspace/install/icp-graph-slam:/home/ziczac/dev/skripsi_code/ros2_workspace/install/diff_drive:/opt/ros/humble /usr/bin/cmake --build /home/ziczac/dev/skripsi_code/ros2_workspace/build/serial -- -j8 -l8
[3.626s] -- Found ament_cmake: 1.3.8 (/opt/ros/humble/share/ament_cmake/cmake)
[5.923s] -- Override CMake install command with custom implementation using symlinks instead of copying resources
[10.209s] -- Configuring done
[11.210s] -- Generating done
[11.213s] -- Build files have been written to: /home/ziczac/dev/skripsi_code/ros2_workspace/build/serial
[11.564s] [35m[1mConsolidate compiler generated dependencies of target serial[0m
[11.623s] [ 25%] [32mBuilding CXX object CMakeFiles/serial.dir/src/serial.cc.o[0m
[11.892s] [ 50%] [32mBuilding CXX object CMakeFiles/serial.dir/src/impl/unix.cc.o[0m
[11.898s] [ 75%] [32mBuilding CXX object CMakeFiles/serial.dir/src/impl/list_ports/list_ports_linux.cc.o[0m
[18.280s] [100%] [32m[1mLinking CXX static library libserial.a[0m
[19.526s] [100%] Built target serial
[19.564s] Invoked command in '/home/ziczac/dev/skripsi_code/ros2_workspace/build/serial' returned '0': CMAKE_PREFIX_PATH=${CMAKE_PREFIX_PATH}:/home/ziczac/dev/skripsi_code/ros2_workspace/install/motor:/home/ziczac/dev/skripsi_code/ros2_workspace/install/gui:/home/ziczac/dev/skripsi_code/ros2_workspace/install/rosboard:/home/ziczac/dev/skripsi_code/ros2_workspace/install/log_odds_map:/home/ziczac/dev/skripsi_code/ros2_workspace/install/icp-graph-slam:/home/ziczac/dev/skripsi_code/ros2_workspace/install/diff_drive:/opt/ros/humble /usr/bin/cmake --build /home/ziczac/dev/skripsi_code/ros2_workspace/build/serial -- -j8 -l8
[19.657s] Invoking command in '/home/ziczac/dev/skripsi_code/ros2_workspace/build/serial': CMAKE_PREFIX_PATH=${CMAKE_PREFIX_PATH}:/home/ziczac/dev/skripsi_code/ros2_workspace/install/motor:/home/ziczac/dev/skripsi_code/ros2_workspace/install/gui:/home/ziczac/dev/skripsi_code/ros2_workspace/install/rosboard:/home/ziczac/dev/skripsi_code/ros2_workspace/install/log_odds_map:/home/ziczac/dev/skripsi_code/ros2_workspace/install/icp-graph-slam:/home/ziczac/dev/skripsi_code/ros2_workspace/install/diff_drive:/opt/ros/humble /usr/bin/cmake --install /home/ziczac/dev/skripsi_code/ros2_workspace/build/serial
[19.683s] -- Install configuration: ""
[19.713s] -- Execute custom install script
[19.714s] -- Symlinking: /home/ziczac/dev/skripsi_code/ros2_workspace/install/serial/share/serial/environment/library_path.sh
[19.742s] -- Symlinking: /home/ziczac/dev/skripsi_code/ros2_workspace/install/serial/share/serial/environment/library_path.dsv
[19.772s] -- Symlinking: /home/ziczac/dev/skripsi_code/ros2_workspace/install/serial/lib/libserial.a
[19.802s] -- Symlinking: /home/ziczac/dev/skripsi_code/ros2_workspace/install/serial/include/serial/serial.h
[19.829s] -- Symlinking: /home/ziczac/dev/skripsi_code/ros2_workspace/install/serial/include/serial/v8stdint.h
[19.859s] -- Symlinking: /home/ziczac/dev/skripsi_code/ros2_workspace/install/serial/share/ament_index/resource_index/package_run_dependencies/serial
[19.888s] -- Symlinking: /home/ziczac/dev/skripsi_code/ros2_workspace/install/serial/share/ament_index/resource_index/parent_prefix_path/serial
[19.916s] -- Symlinking: /home/ziczac/dev/skripsi_code/ros2_workspace/install/serial/share/serial/environment/ament_prefix_path.sh
[19.944s] -- Symlinking: /home/ziczac/dev/skripsi_code/ros2_workspace/install/serial/share/serial/environment/ament_prefix_path.dsv
[19.975s] -- Symlinking: /home/ziczac/dev/skripsi_code/ros2_workspace/install/serial/share/serial/environment/path.sh
[20.006s] -- Symlinking: /home/ziczac/dev/skripsi_code/ros2_workspace/install/serial/share/serial/environment/path.dsv
[20.037s] -- Symlinking: /home/ziczac/dev/skripsi_code/ros2_workspace/install/serial/share/serial/local_setup.bash
[20.068s] -- Symlinking: /home/ziczac/dev/skripsi_code/ros2_workspace/install/serial/share/serial/local_setup.sh
[20.098s] -- Symlinking: /home/ziczac/dev/skripsi_code/ros2_workspace/install/serial/share/serial/local_setup.zsh
[20.127s] -- Symlinking: /home/ziczac/dev/skripsi_code/ros2_workspace/install/serial/share/serial/local_setup.dsv
[20.155s] -- Symlinking: /home/ziczac/dev/skripsi_code/ros2_workspace/install/serial/share/serial/package.dsv
[20.186s] -- Symlinking: /home/ziczac/dev/skripsi_code/ros2_workspace/install/serial/share/ament_index/resource_index/packages/serial
[20.217s] -- Symlinking: /home/ziczac/dev/skripsi_code/ros2_workspace/install/serial/share/serial/cmake/ament_cmake_export_include_directories-extras.cmake
[20.248s] -- Symlinking: /home/ziczac/dev/skripsi_code/ros2_workspace/install/serial/share/serial/cmake/ament_cmake_export_libraries-extras.cmake
[20.278s] -- Symlinking: /home/ziczac/dev/skripsi_code/ros2_workspace/install/serial/share/serial/cmake/serialConfig.cmake
[20.307s] -- Symlinking: /home/ziczac/dev/skripsi_code/ros2_workspace/install/serial/share/serial/cmake/serialConfig-version.cmake
[20.335s] -- Symlinking: /home/ziczac/dev/skripsi_code/ros2_workspace/install/serial/share/serial/package.xml
[20.373s] Invoked command in '/home/ziczac/dev/skripsi_code/ros2_workspace/build/serial' returned '0': CMAKE_PREFIX_PATH=${CMAKE_PREFIX_PATH}:/home/ziczac/dev/skripsi_code/ros2_workspace/install/motor:/home/ziczac/dev/skripsi_code/ros2_workspace/install/gui:/home/ziczac/dev/skripsi_code/ros2_workspace/install/rosboard:/home/ziczac/dev/skripsi_code/ros2_workspace/install/log_odds_map:/home/ziczac/dev/skripsi_code/ros2_workspace/install/icp-graph-slam:/home/ziczac/dev/skripsi_code/ros2_workspace/install/diff_drive:/opt/ros/humble /usr/bin/cmake --install /home/ziczac/dev/skripsi_code/ros2_workspace/build/serial
