[0.082s] Invoking command in '/home/ziczac/dev/skripsi_code/ros2_workspace/build/wheel_interfaces': /usr/bin/cmake --build /home/ziczac/dev/skripsi_code/ros2_workspace/build/wheel_interfaces -- -j8 -l8
[2.736s] [  3%] Built target wheel_interfaces__cpp
[2.737s] [ 12%] Built target wheel_interfaces__rosidl_generator_c
[2.737s] [ 12%] Built target ament_cmake_python_symlink_wheel_interfaces
[2.738s] [ 22%] Built target wheel_interfaces__rosidl_typesupport_fastrtps_cpp
[2.739s] [ 32%] Built target wheel_interfaces__rosidl_typesupport_introspection_c
[2.740s] [ 41%] Built target wheel_interfaces__rosidl_typesupport_introspection_cpp
[2.740s] [ 51%] Built target wheel_interfaces__rosidl_typesupport_c
[2.740s] [ 61%] Built target wheel_interfaces__rosidl_typesupport_cpp
[2.740s] [ 70%] Built target wheel_interfaces__rosidl_typesupport_fastrtps_c
[2.741s] [ 70%] Built target wheel_interfaces
[2.741s] [ 74%] Built target wheel_interfaces__py
[2.741s] [ 80%] Built target wheel_interfaces__rosidl_generator_py
[2.741s] [ 87%] Built target wheel_interfaces__rosidl_typesupport_introspection_c__pyext
[2.742s] [ 93%] Built target wheel_interfaces__rosidl_typesupport_fastrtps_c__pyext
[2.742s] [100%] Built target wheel_interfaces__rosidl_typesupport_c__pyext
[2.742s] running egg_info
[2.742s] writing wheel_interfaces.egg-info/PKG-INFO
[2.743s] writing dependency_links to wheel_interfaces.egg-info/dependency_links.txt
[2.743s] writing top-level names to wheel_interfaces.egg-info/top_level.txt
[2.743s] reading manifest file 'wheel_interfaces.egg-info/SOURCES.txt'
[2.743s] writing manifest file 'wheel_interfaces.egg-info/SOURCES.txt'
[2.743s] [100%] Built target ament_cmake_python_build_wheel_interfaces_egg
[3.452s] Invoked command in '/home/ziczac/dev/skripsi_code/ros2_workspace/build/wheel_interfaces' returned '0': /usr/bin/cmake --build /home/ziczac/dev/skripsi_code/ros2_workspace/build/wheel_interfaces -- -j8 -l8
[3.744s] Invoking command in '/home/ziczac/dev/skripsi_code/ros2_workspace/build/wheel_interfaces': /usr/bin/cmake --install /home/ziczac/dev/skripsi_code/ros2_workspace/build/wheel_interfaces
[3.811s] -- Install configuration: ""
[3.812s] -- Execute custom install script
[3.813s] -- Up-to-date symlink: /home/ziczac/dev/skripsi_code/ros2_workspace/install/wheel_interfaces/share/ament_index/resource_index/rosidl_interfaces/wheel_interfaces
[3.815s] -- Up-to-date symlink: /home/ziczac/dev/skripsi_code/ros2_workspace/install/wheel_interfaces/include/wheel_interfaces/wheel_interfaces/msg/detail/wheel_infos__functions.h
[3.815s] -- Up-to-date symlink: /home/ziczac/dev/skripsi_code/ros2_workspace/install/wheel_interfaces/include/wheel_interfaces/wheel_interfaces/msg/detail/wheel_infos__struct.h
[3.815s] -- Up-to-date symlink: /home/ziczac/dev/skripsi_code/ros2_workspace/install/wheel_interfaces/include/wheel_interfaces/wheel_interfaces/msg/detail/wheel_infos__type_support.h
[3.816s] -- Up-to-date symlink: /home/ziczac/dev/skripsi_code/ros2_workspace/install/wheel_interfaces/include/wheel_interfaces/wheel_interfaces/msg/rosidl_generator_c__visibility_control.h
[3.816s] -- Up-to-date symlink: /home/ziczac/dev/skripsi_code/ros2_workspace/install/wheel_interfaces/include/wheel_interfaces/wheel_interfaces/msg/wheel_infos.h
[3.817s] -- Up-to-date symlink: /home/ziczac/dev/skripsi_code/ros2_workspace/install/wheel_interfaces/share/wheel_interfaces/environment/library_path.sh
[3.817s] -- Up-to-date symlink: /home/ziczac/dev/skripsi_code/ros2_workspace/install/wheel_interfaces/share/wheel_interfaces/environment/library_path.dsv
[3.818s] -- Up-to-date symlink: /home/ziczac/dev/skripsi_code/ros2_workspace/install/wheel_interfaces/include/wheel_interfaces/wheel_interfaces/msg/detail/wheel_infos__rosidl_typesupport_fastrtps_c.h
[3.822s] -- Up-to-date symlink: /home/ziczac/dev/skripsi_code/ros2_workspace/install/wheel_interfaces/include/wheel_interfaces/wheel_interfaces/msg/rosidl_typesupport_fastrtps_c__visibility_control.h
[3.822s] -- Up-to-date symlink: /home/ziczac/dev/skripsi_code/ros2_workspace/install/wheel_interfaces/include/wheel_interfaces/wheel_interfaces/msg/detail/wheel_infos__rosidl_typesupport_introspection_c.h
[3.830s] -- Up-to-date symlink: /home/ziczac/dev/skripsi_code/ros2_workspace/install/wheel_interfaces/include/wheel_interfaces/wheel_interfaces/msg/rosidl_typesupport_introspection_c__visibility_control.h
[3.830s] -- Up-to-date symlink: /home/ziczac/dev/skripsi_code/ros2_workspace/install/wheel_interfaces/include/wheel_interfaces/wheel_interfaces/msg/detail/wheel_infos__builder.hpp
[3.834s] -- Up-to-date symlink: /home/ziczac/dev/skripsi_code/ros2_workspace/install/wheel_interfaces/include/wheel_interfaces/wheel_interfaces/msg/detail/wheel_infos__struct.hpp
[3.835s] -- Up-to-date symlink: /home/ziczac/dev/skripsi_code/ros2_workspace/install/wheel_interfaces/include/wheel_interfaces/wheel_interfaces/msg/detail/wheel_infos__traits.hpp
[3.835s] -- Up-to-date symlink: /home/ziczac/dev/skripsi_code/ros2_workspace/install/wheel_interfaces/include/wheel_interfaces/wheel_interfaces/msg/wheel_infos.hpp
[3.836s] -- Up-to-date symlink: /home/ziczac/dev/skripsi_code/ros2_workspace/install/wheel_interfaces/include/wheel_interfaces/wheel_interfaces/msg/detail/wheel_infos__rosidl_typesupport_fastrtps_cpp.hpp
[3.836s] -- Up-to-date symlink: /home/ziczac/dev/skripsi_code/ros2_workspace/install/wheel_interfaces/include/wheel_interfaces/wheel_interfaces/msg/rosidl_typesupport_fastrtps_cpp__visibility_control.h
[3.836s] -- Up-to-date symlink: /home/ziczac/dev/skripsi_code/ros2_workspace/install/wheel_interfaces/include/wheel_interfaces/wheel_interfaces/msg/detail/wheel_infos__rosidl_typesupport_introspection_cpp.hpp
[3.836s] -- Up-to-date symlink: /home/ziczac/dev/skripsi_code/ros2_workspace/install/wheel_interfaces/share/wheel_interfaces/environment/pythonpath.sh
[3.836s] -- Up-to-date symlink: /home/ziczac/dev/skripsi_code/ros2_workspace/install/wheel_interfaces/share/wheel_interfaces/environment/pythonpath.dsv
[3.837s] -- Up-to-date symlink: /home/ziczac/dev/skripsi_code/ros2_workspace/install/wheel_interfaces/local/lib/python3.10/dist-packages/wheel_interfaces-0.0.0-py3.10.egg-info/PKG-INFO
[3.841s] -- Up-to-date symlink: /home/ziczac/dev/skripsi_code/ros2_workspace/install/wheel_interfaces/local/lib/python3.10/dist-packages/wheel_interfaces-0.0.0-py3.10.egg-info/SOURCES.txt
[3.841s] -- Up-to-date symlink: /home/ziczac/dev/skripsi_code/ros2_workspace/install/wheel_interfaces/local/lib/python3.10/dist-packages/wheel_interfaces-0.0.0-py3.10.egg-info/dependency_links.txt
[3.851s] -- Up-to-date symlink: /home/ziczac/dev/skripsi_code/ros2_workspace/install/wheel_interfaces/local/lib/python3.10/dist-packages/wheel_interfaces-0.0.0-py3.10.egg-info/top_level.txt
[3.852s] -- Up-to-date symlink: /home/ziczac/dev/skripsi_code/ros2_workspace/install/wheel_interfaces/local/lib/python3.10/dist-packages/wheel_interfaces/__init__.py
[3.853s] -- Up-to-date symlink: /home/ziczac/dev/skripsi_code/ros2_workspace/install/wheel_interfaces/local/lib/python3.10/dist-packages/wheel_interfaces/_wheel_interfaces_s.ep.rosidl_typesupport_c.c
[3.853s] -- Up-to-date symlink: /home/ziczac/dev/skripsi_code/ros2_workspace/install/wheel_interfaces/local/lib/python3.10/dist-packages/wheel_interfaces/_wheel_interfaces_s.ep.rosidl_typesupport_fastrtps_c.c
[3.854s] -- Up-to-date symlink: /home/ziczac/dev/skripsi_code/ros2_workspace/install/wheel_interfaces/local/lib/python3.10/dist-packages/wheel_interfaces/_wheel_interfaces_s.ep.rosidl_typesupport_introspection_c.c
[3.854s] -- Up-to-date symlink: /home/ziczac/dev/skripsi_code/ros2_workspace/install/wheel_interfaces/local/lib/python3.10/dist-packages/wheel_interfaces/libwheel_interfaces__rosidl_generator_py.so
[3.855s] -- Up-to-date symlink: /home/ziczac/dev/skripsi_code/ros2_workspace/install/wheel_interfaces/local/lib/python3.10/dist-packages/wheel_interfaces/msg/__init__.py
[3.855s] -- Up-to-date symlink: /home/ziczac/dev/skripsi_code/ros2_workspace/install/wheel_interfaces/local/lib/python3.10/dist-packages/wheel_interfaces/msg/_wheel_infos.py
[3.856s] -- Up-to-date symlink: /home/ziczac/dev/skripsi_code/ros2_workspace/install/wheel_interfaces/local/lib/python3.10/dist-packages/wheel_interfaces/msg/_wheel_infos_s.c
[3.856s] -- Up-to-date symlink: /home/ziczac/dev/skripsi_code/ros2_workspace/install/wheel_interfaces/local/lib/python3.10/dist-packages/wheel_interfaces/wheel_interfaces_s__rosidl_typesupport_c.cpython-310-x86_64-linux-gnu.so
[3.857s] -- Up-to-date symlink: /home/ziczac/dev/skripsi_code/ros2_workspace/install/wheel_interfaces/local/lib/python3.10/dist-packages/wheel_interfaces/wheel_interfaces_s__rosidl_typesupport_fastrtps_c.cpython-310-x86_64-linux-gnu.so
[3.857s] -- Up-to-date symlink: /home/ziczac/dev/skripsi_code/ros2_workspace/install/wheel_interfaces/local/lib/python3.10/dist-packages/wheel_interfaces/wheel_interfaces_s__rosidl_typesupport_introspection_c.cpython-310-x86_64-linux-gnu.so
[3.857s] -- Up-to-date symlink: /home/ziczac/dev/skripsi_code/ros2_workspace/install/wheel_interfaces/local/lib/python3.10/dist-packages/wheel_interfaces/wheel_interfaces_s__rosidl_typesupport_fastrtps_c.cpython-310-x86_64-linux-gnu.so
[3.858s] -- Up-to-date symlink: /home/ziczac/dev/skripsi_code/ros2_workspace/install/wheel_interfaces/local/lib/python3.10/dist-packages/wheel_interfaces/wheel_interfaces_s__rosidl_typesupport_introspection_c.cpython-310-x86_64-linux-gnu.so
[3.858s] -- Up-to-date symlink: /home/ziczac/dev/skripsi_code/ros2_workspace/install/wheel_interfaces/local/lib/python3.10/dist-packages/wheel_interfaces/wheel_interfaces_s__rosidl_typesupport_c.cpython-310-x86_64-linux-gnu.so
[3.859s] -- Up-to-date symlink: /home/ziczac/dev/skripsi_code/ros2_workspace/install/wheel_interfaces/share/wheel_interfaces/msg/WheelInfos.idl
[3.859s] -- Up-to-date symlink: /home/ziczac/dev/skripsi_code/ros2_workspace/install/wheel_interfaces/share/wheel_interfaces/msg/WheelInfos.msg
[3.859s] -- Up-to-date symlink: /home/ziczac/dev/skripsi_code/ros2_workspace/install/wheel_interfaces/share/ament_index/resource_index/package_run_dependencies/wheel_interfaces
[3.860s] -- Up-to-date symlink: /home/ziczac/dev/skripsi_code/ros2_workspace/install/wheel_interfaces/share/ament_index/resource_index/parent_prefix_path/wheel_interfaces
[3.860s] -- Up-to-date symlink: /home/ziczac/dev/skripsi_code/ros2_workspace/install/wheel_interfaces/share/wheel_interfaces/environment/ament_prefix_path.sh
[3.870s] -- Up-to-date symlink: /home/ziczac/dev/skripsi_code/ros2_workspace/install/wheel_interfaces/share/wheel_interfaces/environment/ament_prefix_path.dsv
[3.871s] -- Up-to-date symlink: /home/ziczac/dev/skripsi_code/ros2_workspace/install/wheel_interfaces/share/wheel_interfaces/environment/path.sh
[3.872s] -- Up-to-date symlink: /home/ziczac/dev/skripsi_code/ros2_workspace/install/wheel_interfaces/share/wheel_interfaces/environment/path.dsv
[3.873s] -- Up-to-date symlink: /home/ziczac/dev/skripsi_code/ros2_workspace/install/wheel_interfaces/share/wheel_interfaces/local_setup.bash
[3.873s] -- Up-to-date symlink: /home/ziczac/dev/skripsi_code/ros2_workspace/install/wheel_interfaces/share/wheel_interfaces/local_setup.sh
[3.873s] -- Up-to-date symlink: /home/ziczac/dev/skripsi_code/ros2_workspace/install/wheel_interfaces/share/wheel_interfaces/local_setup.zsh
[3.873s] -- Up-to-date symlink: /home/ziczac/dev/skripsi_code/ros2_workspace/install/wheel_interfaces/share/wheel_interfaces/local_setup.dsv
[3.874s] -- Symlinking: /home/ziczac/dev/skripsi_code/ros2_workspace/install/wheel_interfaces/share/wheel_interfaces/package.dsv
[3.902s] -- Up-to-date symlink: /home/ziczac/dev/skripsi_code/ros2_workspace/install/wheel_interfaces/share/ament_index/resource_index/packages/wheel_interfaces
[3.904s] -- Up-to-date symlink: /home/ziczac/dev/skripsi_code/ros2_workspace/install/wheel_interfaces/share/wheel_interfaces/cmake/rosidl_cmake-extras.cmake
[3.906s] -- Up-to-date symlink: /home/ziczac/dev/skripsi_code/ros2_workspace/install/wheel_interfaces/share/wheel_interfaces/cmake/ament_cmake_export_include_directories-extras.cmake
[3.906s] -- Up-to-date symlink: /home/ziczac/dev/skripsi_code/ros2_workspace/install/wheel_interfaces/share/wheel_interfaces/cmake/ament_cmake_export_libraries-extras.cmake
[3.906s] -- Up-to-date symlink: /home/ziczac/dev/skripsi_code/ros2_workspace/install/wheel_interfaces/share/wheel_interfaces/cmake/ament_cmake_export_targets-extras.cmake
[3.907s] -- Up-to-date symlink: /home/ziczac/dev/skripsi_code/ros2_workspace/install/wheel_interfaces/share/wheel_interfaces/cmake/rosidl_cmake_export_typesupport_targets-extras.cmake
[3.908s] -- Up-to-date symlink: /home/ziczac/dev/skripsi_code/ros2_workspace/install/wheel_interfaces/share/wheel_interfaces/cmake/ament_cmake_export_dependencies-extras.cmake
[3.910s] -- Up-to-date symlink: /home/ziczac/dev/skripsi_code/ros2_workspace/install/wheel_interfaces/share/wheel_interfaces/cmake/rosidl_cmake_export_typesupport_libraries-extras.cmake
[3.912s] -- Up-to-date symlink: /home/ziczac/dev/skripsi_code/ros2_workspace/install/wheel_interfaces/share/wheel_interfaces/cmake/wheel_interfacesConfig.cmake
[3.913s] -- Up-to-date symlink: /home/ziczac/dev/skripsi_code/ros2_workspace/install/wheel_interfaces/share/wheel_interfaces/cmake/wheel_interfacesConfig-version.cmake
[3.915s] -- Up-to-date symlink: /home/ziczac/dev/skripsi_code/ros2_workspace/install/wheel_interfaces/share/wheel_interfaces/package.xml
[3.917s] -- Up-to-date: /home/ziczac/dev/skripsi_code/ros2_workspace/install/wheel_interfaces/lib/libwheel_interfaces__rosidl_generator_c.so
[3.919s] -- Up-to-date: /home/ziczac/dev/skripsi_code/ros2_workspace/install/wheel_interfaces/lib/libwheel_interfaces__rosidl_typesupport_fastrtps_c.so
[3.921s] -- Up-to-date: /home/ziczac/dev/skripsi_code/ros2_workspace/install/wheel_interfaces/lib/libwheel_interfaces__rosidl_typesupport_introspection_c.so
[3.923s] -- Up-to-date: /home/ziczac/dev/skripsi_code/ros2_workspace/install/wheel_interfaces/lib/libwheel_interfaces__rosidl_typesupport_c.so
[3.925s] -- Up-to-date: /home/ziczac/dev/skripsi_code/ros2_workspace/install/wheel_interfaces/lib/libwheel_interfaces__rosidl_typesupport_fastrtps_cpp.so
[3.927s] -- Up-to-date: /home/ziczac/dev/skripsi_code/ros2_workspace/install/wheel_interfaces/lib/libwheel_interfaces__rosidl_typesupport_introspection_cpp.so
[3.929s] -- Up-to-date: /home/ziczac/dev/skripsi_code/ros2_workspace/install/wheel_interfaces/lib/libwheel_interfaces__rosidl_typesupport_cpp.so
[4.097s] Listing '/home/ziczac/dev/skripsi_code/ros2_workspace/install/wheel_interfaces/local/lib/python3.10/dist-packages/wheel_interfaces'...
[4.100s] Listing '/home/ziczac/dev/skripsi_code/ros2_workspace/install/wheel_interfaces/local/lib/python3.10/dist-packages/wheel_interfaces/msg'...
[4.128s] -- Up-to-date: /home/ziczac/dev/skripsi_code/ros2_workspace/install/wheel_interfaces/lib/libwheel_interfaces__rosidl_generator_py.so
[4.128s] -- Up-to-date: /home/ziczac/dev/skripsi_code/ros2_workspace/install/wheel_interfaces/share/wheel_interfaces/cmake/export_wheel_interfaces__rosidl_generator_cExport.cmake
[4.128s] -- Up-to-date: /home/ziczac/dev/skripsi_code/ros2_workspace/install/wheel_interfaces/share/wheel_interfaces/cmake/export_wheel_interfaces__rosidl_generator_cExport-noconfig.cmake
[4.129s] -- Up-to-date: /home/ziczac/dev/skripsi_code/ros2_workspace/install/wheel_interfaces/share/wheel_interfaces/cmake/export_wheel_interfaces__rosidl_typesupport_fastrtps_cExport.cmake
[4.129s] -- Up-to-date: /home/ziczac/dev/skripsi_code/ros2_workspace/install/wheel_interfaces/share/wheel_interfaces/cmake/export_wheel_interfaces__rosidl_typesupport_fastrtps_cExport-noconfig.cmake
[4.129s] -- Up-to-date: /home/ziczac/dev/skripsi_code/ros2_workspace/install/wheel_interfaces/share/wheel_interfaces/cmake/wheel_interfaces__rosidl_typesupport_introspection_cExport.cmake
[4.137s] -- Up-to-date: /home/ziczac/dev/skripsi_code/ros2_workspace/install/wheel_interfaces/share/wheel_interfaces/cmake/wheel_interfaces__rosidl_typesupport_introspection_cExport-noconfig.cmake
[4.138s] -- Up-to-date: /home/ziczac/dev/skripsi_code/ros2_workspace/install/wheel_interfaces/share/wheel_interfaces/cmake/wheel_interfaces__rosidl_typesupport_cExport.cmake
[4.138s] -- Up-to-date: /home/ziczac/dev/skripsi_code/ros2_workspace/install/wheel_interfaces/share/wheel_interfaces/cmake/wheel_interfaces__rosidl_typesupport_cExport-noconfig.cmake
[4.139s] -- Up-to-date: /home/ziczac/dev/skripsi_code/ros2_workspace/install/wheel_interfaces/share/wheel_interfaces/cmake/export_wheel_interfaces__rosidl_generator_cppExport.cmake
[4.139s] -- Up-to-date: /home/ziczac/dev/skripsi_code/ros2_workspace/install/wheel_interfaces/share/wheel_interfaces/cmake/export_wheel_interfaces__rosidl_typesupport_fastrtps_cppExport.cmake
[4.139s] -- Up-to-date: /home/ziczac/dev/skripsi_code/ros2_workspace/install/wheel_interfaces/share/wheel_interfaces/cmake/export_wheel_interfaces__rosidl_typesupport_fastrtps_cppExport-noconfig.cmake
[4.139s] -- Up-to-date: /home/ziczac/dev/skripsi_code/ros2_workspace/install/wheel_interfaces/share/wheel_interfaces/cmake/wheel_interfaces__rosidl_typesupport_introspection_cppExport.cmake
[4.140s] -- Up-to-date: /home/ziczac/dev/skripsi_code/ros2_workspace/install/wheel_interfaces/share/wheel_interfaces/cmake/wheel_interfaces__rosidl_typesupport_introspection_cppExport-noconfig.cmake
[4.142s] -- Up-to-date: /home/ziczac/dev/skripsi_code/ros2_workspace/install/wheel_interfaces/share/wheel_interfaces/cmake/wheel_interfaces__rosidl_typesupport_cppExport.cmake
[4.143s] -- Up-to-date: /home/ziczac/dev/skripsi_code/ros2_workspace/install/wheel_interfaces/share/wheel_interfaces/cmake/wheel_interfaces__rosidl_typesupport_cppExport-noconfig.cmake
[4.143s] -- Up-to-date: /home/ziczac/dev/skripsi_code/ros2_workspace/install/wheel_interfaces/share/wheel_interfaces/cmake/export_wheel_interfaces__rosidl_generator_pyExport.cmake
[4.143s] -- Up-to-date: /home/ziczac/dev/skripsi_code/ros2_workspace/install/wheel_interfaces/share/wheel_interfaces/cmake/export_wheel_interfaces__rosidl_generator_pyExport-noconfig.cmake
[4.185s] Invoked command in '/home/ziczac/dev/skripsi_code/ros2_workspace/build/wheel_interfaces' returned '0': /usr/bin/cmake --install /home/ziczac/dev/skripsi_code/ros2_workspace/build/wheel_interfaces
