[5.643s] Invoking command in '/home/ziczac/dev/skripsi_code/ros2_workspace/build/motor': PYTHONPATH=/home/ziczac/dev/skripsi_code/ros2_workspace/build/motor/prefix_override:/home/ziczac/dev/skripsi_code/ros2_workspace/install/motor/lib/python3.10/site-packages:${PYTHONPATH} /usr/bin/python3 setup.py develop --editable --build-directory /home/ziczac/dev/skripsi_code/ros2_workspace/build/motor/build --no-deps install_data
[6.617s] running develop
[6.617s] /home/ziczac/.local/lib/python3.10/site-packages/setuptools/command/develop.py:40: EasyInstallDeprecationWarning: easy_install command is deprecated.
[6.617s] !!
[6.618s] 
[6.618s]         ********************************************************************************
[6.618s]         Please avoid running ``setup.py`` and ``easy_install``.
[6.619s]         Instead, use pypa/build, pypa/installer or other
[6.619s]         standards-based tools.
[6.619s] 
[6.620s]         See https://github.com/pypa/setuptools/issues/917 for details.
[6.620s]         ********************************************************************************
[6.620s] 
[6.621s] !!
[6.621s]   easy_install.initialize_options(self)
[6.731s] /home/ziczac/.local/lib/python3.10/site-packages/setuptools/_distutils/cmd.py:66: SetuptoolsDeprecationWarning: setup.py install is deprecated.
[6.731s] !!
[6.732s] 
[6.732s]         ********************************************************************************
[6.732s]         Please avoid running ``setup.py`` directly.
[6.733s]         Instead, use pypa/build, pypa/installer or other
[6.733s]         standards-based tools.
[6.733s] 
[6.734s]         See https://blog.ganssle.io/articles/2021/10/setup-py-deprecated.html for details.
[6.734s]         ********************************************************************************
[6.734s] 
[6.735s] !!
[6.735s]   self.initialize_options()
[7.293s] running egg_info
[7.347s] writing motor.egg-info/PKG-INFO
[7.347s] writing dependency_links to motor.egg-info/dependency_links.txt
[7.348s] writing entry points to motor.egg-info/entry_points.txt
[7.348s] writing requirements to motor.egg-info/requires.txt
[7.349s] writing top-level names to motor.egg-info/top_level.txt
[7.576s] [2;36m[04/04/24 13:36:03][0m[2;36m [0m[1;31mERROR   [0m listing git files failed - pretending there aren't    ]8;id=170298;file:///home/ziczac/.local/lib/python3.10/site-packages/setuptools_scm/_file_finders/git.py\[2mgit.py[0m]8;;\[2m:[0m]8;id=779020;file:///home/ziczac/.local/lib/python3.10/site-packages/setuptools_scm/_file_finders/git.py#24\[2m24[0m]8;;\
[7.576s] [2;36m                    [0m         any                                                   [2m         [0m
[7.580s] reading manifest file 'motor.egg-info/SOURCES.txt'
[7.581s] writing manifest file 'motor.egg-info/SOURCES.txt'
[7.636s] running build_ext
[7.636s] Creating /home/ziczac/dev/skripsi_code/ros2_workspace/install/motor/lib/python3.10/site-packages/motor.egg-link (link to .)
[7.637s] Installing motor script to /home/ziczac/dev/skripsi_code/ros2_workspace/install/motor/lib/motor
[7.638s] 
[7.638s] Installed /home/ziczac/dev/skripsi_code/ros2_workspace/build/motor
[7.639s] running install_data
[7.639s] copying resource/motor -> /home/ziczac/dev/skripsi_code/ros2_workspace/install/motor/share/ament_index/resource_index/packages
[7.639s] copying package.xml -> /home/ziczac/dev/skripsi_code/ros2_workspace/install/motor/share/motor
[9.190s] Invoked command in '/home/ziczac/dev/skripsi_code/ros2_workspace/build/motor' returned '0': PYTHONPATH=/home/ziczac/dev/skripsi_code/ros2_workspace/build/motor/prefix_override:/home/ziczac/dev/skripsi_code/ros2_workspace/install/motor/lib/python3.10/site-packages:${PYTHONPATH} /usr/bin/python3 setup.py develop --editable --build-directory /home/ziczac/dev/skripsi_code/ros2_workspace/build/motor/build --no-deps install_data
