[5.767s] Invoking command in '/home/ziczac/dev/skripsi_code/ros2_workspace/build/gui': PYTHONPATH=/home/ziczac/dev/skripsi_code/ros2_workspace/build/gui/prefix_override:/home/ziczac/dev/skripsi_code/ros2_workspace/install/gui/lib/python3.10/site-packages:${PYTHONPATH} /usr/bin/python3 setup.py develop --editable --build-directory /home/ziczac/dev/skripsi_code/ros2_workspace/build/gui/build --no-deps install_data
[6.620s] running develop
[6.620s] /home/ziczac/.local/lib/python3.10/site-packages/setuptools/command/develop.py:40: EasyInstallDeprecationWarning: easy_install command is deprecated.
[6.620s] !!
[6.620s] 
[6.621s]         ********************************************************************************
[6.621s]         Please avoid running ``setup.py`` and ``easy_install``.
[6.621s]         Instead, use pypa/build, pypa/installer or other
[6.621s]         standards-based tools.
[6.622s] 
[6.622s]         See https://github.com/pypa/setuptools/issues/917 for details.
[6.622s]         ********************************************************************************
[6.622s] 
[6.622s] !!
[6.623s]   easy_install.initialize_options(self)
[6.725s] /home/ziczac/.local/lib/python3.10/site-packages/setuptools/_distutils/cmd.py:66: SetuptoolsDeprecationWarning: setup.py install is deprecated.
[6.725s] !!
[6.726s] 
[6.726s]         ********************************************************************************
[6.726s]         Please avoid running ``setup.py`` directly.
[6.726s]         Instead, use pypa/build, pypa/installer or other
[6.727s]         standards-based tools.
[6.727s] 
[6.727s]         See https://blog.ganssle.io/articles/2021/10/setup-py-deprecated.html for details.
[6.727s]         ********************************************************************************
[6.727s] 
[6.728s] !!
[6.728s]   self.initialize_options()
[7.262s] running egg_info
[7.343s] writing gui.egg-info/PKG-INFO
[7.344s] writing dependency_links to gui.egg-info/dependency_links.txt
[7.344s] writing entry points to gui.egg-info/entry_points.txt
[7.345s] writing requirements to gui.egg-info/requires.txt
[7.345s] writing top-level names to gui.egg-info/top_level.txt
[7.458s] reading manifest file 'gui.egg-info/SOURCES.txt'
[7.460s] writing manifest file 'gui.egg-info/SOURCES.txt'
[7.518s] running build_ext
[7.518s] Creating /home/ziczac/dev/skripsi_code/ros2_workspace/install/gui/lib/python3.10/site-packages/gui.egg-link (link to .)
[7.520s] Installing gui_control script to /home/ziczac/dev/skripsi_code/ros2_workspace/install/gui/lib/gui
[7.521s] 
[7.521s] Installed /home/ziczac/dev/skripsi_code/ros2_workspace/build/gui
[7.521s] running install_data
[7.522s] copying resource/gui -> /home/ziczac/dev/skripsi_code/ros2_workspace/install/gui/share/ament_index/resource_index/packages
[7.522s] copying package.xml -> /home/ziczac/dev/skripsi_code/ros2_workspace/install/gui/share/gui
[7.908s] Invoked command in '/home/ziczac/dev/skripsi_code/ros2_workspace/build/gui' returned '0': PYTHONPATH=/home/ziczac/dev/skripsi_code/ros2_workspace/build/gui/prefix_override:/home/ziczac/dev/skripsi_code/ros2_workspace/install/gui/lib/python3.10/site-packages:${PYTHONPATH} /usr/bin/python3 setup.py develop --editable --build-directory /home/ziczac/dev/skripsi_code/ros2_workspace/build/gui/build --no-deps install_data
