[6.454s] Invoking command in '/home/ziczac/dev/skripsi_code/ros2_workspace/build/rosboard': PYTHONPATH=/home/ziczac/dev/skripsi_code/ros2_workspace/build/rosboard/prefix_override:/home/ziczac/dev/skripsi_code/ros2_workspace/install/rosboard/lib/python3.10/site-packages:${PYTHONPATH} /usr/bin/python3 setup.py develop --editable --build-directory /home/ziczac/dev/skripsi_code/ros2_workspace/build/rosboard/build --no-deps install_data
[7.643s] running develop
[7.644s] /home/ziczac/.local/lib/python3.10/site-packages/setuptools/command/develop.py:40: EasyInstallDeprecationWarning: easy_install command is deprecated.
[7.645s] !!
[7.645s] 
[7.646s]         ********************************************************************************
[7.646s]         Please avoid running ``setup.py`` and ``easy_install``.
[7.647s]         Instead, use pypa/build, pypa/installer or other
[7.647s]         standards-based tools.
[7.648s] 
[7.648s]         See https://github.com/pypa/setuptools/issues/917 for details.
[7.649s]         ********************************************************************************
[7.650s] 
[7.651s] !!
[7.651s]   easy_install.initialize_options(self)
[7.755s] /home/ziczac/.local/lib/python3.10/site-packages/setuptools/_distutils/cmd.py:66: SetuptoolsDeprecationWarning: setup.py install is deprecated.
[7.756s] !!
[7.763s] 
[7.763s]         ********************************************************************************
[7.764s]         Please avoid running ``setup.py`` directly.
[7.764s]         Instead, use pypa/build, pypa/installer or other
[7.765s]         standards-based tools.
[7.765s] 
[7.766s]         See https://blog.ganssle.io/articles/2021/10/setup-py-deprecated.html for details.
[7.767s]         ********************************************************************************
[7.767s] 
[7.768s] !!
[7.768s]   self.initialize_options()
[8.335s] running egg_info
[8.389s] writing rosboard.egg-info/PKG-INFO
[8.391s] writing dependency_links to rosboard.egg-info/dependency_links.txt
[8.391s] writing entry points to rosboard.egg-info/entry_points.txt
[8.392s] writing requirements to rosboard.egg-info/requires.txt
[8.393s] writing top-level names to rosboard.egg-info/top_level.txt
[8.641s] [2;36m[04/04/24 13:35:58][0m[2;36m [0m[1;31mERROR   [0m listing git files failed - pretending there aren't    ]8;id=209820;file:///home/ziczac/.local/lib/python3.10/site-packages/setuptools_scm/_file_finders/git.py\[2mgit.py[0m]8;;\[2m:[0m]8;id=789450;file:///home/ziczac/.local/lib/python3.10/site-packages/setuptools_scm/_file_finders/git.py#24\[2m24[0m]8;;\
[8.641s] [2;36m                    [0m         any                                                   [2m         [0m
[8.645s] reading manifest file 'rosboard.egg-info/SOURCES.txt'
[8.650s] writing manifest file 'rosboard.egg-info/SOURCES.txt'
[8.715s] running build_ext
[8.716s] Creating /home/ziczac/dev/skripsi_code/ros2_workspace/install/rosboard/lib/python3.10/site-packages/rosboard.egg-link (link to .)
[8.718s] Installing rosboard_node script to /home/ziczac/dev/skripsi_code/ros2_workspace/install/rosboard/lib/rosboard
[8.719s] 
[8.719s] Installed /home/ziczac/dev/skripsi_code/ros2_workspace/build/rosboard
[8.719s] running install_data
[8.719s] copying package.xml -> /home/ziczac/dev/skripsi_code/ros2_workspace/install/rosboard/share/rosboard
[9.317s] Invoked command in '/home/ziczac/dev/skripsi_code/ros2_workspace/build/rosboard' returned '0': PYTHONPATH=/home/ziczac/dev/skripsi_code/ros2_workspace/build/rosboard/prefix_override:/home/ziczac/dev/skripsi_code/ros2_workspace/install/rosboard/lib/python3.10/site-packages:${PYTHONPATH} /usr/bin/python3 setup.py develop --editable --build-directory /home/ziczac/dev/skripsi_code/ros2_workspace/build/rosboard/build --no-deps install_data
