[0.069s] Invoking command in '/home/ziczac/dev/skripsi_code/ros2_workspace/build/wheeltec_n100_imu': CMAKE_PREFIX_PATH=/home/ziczac/dev/skripsi_code/ros2_workspace/install/serial:/home/ziczac/dev/skripsi_code/ros2_workspace/install/wheeltec_n100_imu:/home/ziczac/dev/skripsi_code/ros2_workspace/install/wheel_interfaces:/home/ziczac/dev/skripsi_code/ros2_workspace/install/my_bot:/home/ziczac/dev/skripsi_code/ros2_workspace/install/lslidar_driver:/home/ziczac/dev/skripsi_code/ros2_workspace/install/lslidar_msgs:/home/ziczac/dev/skripsi_code/ros2_workspace/install/motor:/home/ziczac/dev/skripsi_code/ros2_workspace/install/gui:/home/ziczac/dev/skripsi_code/ros2_workspace/install/rosboard:/home/ziczac/dev/skripsi_code/ros2_workspace/install/log_odds_map:/home/ziczac/dev/skripsi_code/ros2_workspace/install/icp_graph_slam:/home/ziczac/dev/skripsi_code/ros2_workspace/install/diff_drive:/opt/ros/humble /usr/bin/cmake --build /home/ziczac/dev/skripsi_code/ros2_workspace/build/wheeltec_n100_imu -- -j8 -l8
[0.497s] [100%] Built target imu_node
[0.617s] Invoked command in '/home/ziczac/dev/skripsi_code/ros2_workspace/build/wheeltec_n100_imu' returned '0': CMAKE_PREFIX_PATH=/home/ziczac/dev/skripsi_code/ros2_workspace/install/serial:/home/ziczac/dev/skripsi_code/ros2_workspace/install/wheeltec_n100_imu:/home/ziczac/dev/skripsi_code/ros2_workspace/install/wheel_interfaces:/home/ziczac/dev/skripsi_code/ros2_workspace/install/my_bot:/home/ziczac/dev/skripsi_code/ros2_workspace/install/lslidar_driver:/home/ziczac/dev/skripsi_code/ros2_workspace/install/lslidar_msgs:/home/ziczac/dev/skripsi_code/ros2_workspace/install/motor:/home/ziczac/dev/skripsi_code/ros2_workspace/install/gui:/home/ziczac/dev/skripsi_code/ros2_workspace/install/rosboard:/home/ziczac/dev/skripsi_code/ros2_workspace/install/log_odds_map:/home/ziczac/dev/skripsi_code/ros2_workspace/install/icp_graph_slam:/home/ziczac/dev/skripsi_code/ros2_workspace/install/diff_drive:/opt/ros/humble /usr/bin/cmake --build /home/ziczac/dev/skripsi_code/ros2_workspace/build/wheeltec_n100_imu -- -j8 -l8
[0.787s] Invoking command in '/home/ziczac/dev/skripsi_code/ros2_workspace/build/wheeltec_n100_imu': CMAKE_PREFIX_PATH=/home/ziczac/dev/skripsi_code/ros2_workspace/install/serial:/home/ziczac/dev/skripsi_code/ros2_workspace/install/wheeltec_n100_imu:/home/ziczac/dev/skripsi_code/ros2_workspace/install/wheel_interfaces:/home/ziczac/dev/skripsi_code/ros2_workspace/install/my_bot:/home/ziczac/dev/skripsi_code/ros2_workspace/install/lslidar_driver:/home/ziczac/dev/skripsi_code/ros2_workspace/install/lslidar_msgs:/home/ziczac/dev/skripsi_code/ros2_workspace/install/motor:/home/ziczac/dev/skripsi_code/ros2_workspace/install/gui:/home/ziczac/dev/skripsi_code/ros2_workspace/install/rosboard:/home/ziczac/dev/skripsi_code/ros2_workspace/install/log_odds_map:/home/ziczac/dev/skripsi_code/ros2_workspace/install/icp_graph_slam:/home/ziczac/dev/skripsi_code/ros2_workspace/install/diff_drive:/opt/ros/humble /usr/bin/cmake --install /home/ziczac/dev/skripsi_code/ros2_workspace/build/wheeltec_n100_imu
[0.828s] -- Install configuration: ""
[0.831s] -- Execute custom install script
[0.835s] -- Up-to-date symlink: /home/ziczac/dev/skripsi_code/ros2_workspace/install/wheeltec_n100_imu/lib/wheeltec_n100_imu/imu_node
[0.838s] -- Up-to-date symlink: /home/ziczac/dev/skripsi_code/ros2_workspace/install/wheeltec_n100_imu/share/ament_index/resource_index/package_run_dependencies/wheeltec_n100_imu
[0.843s] -- Up-to-date symlink: /home/ziczac/dev/skripsi_code/ros2_workspace/install/wheeltec_n100_imu/share/ament_index/resource_index/parent_prefix_path/wheeltec_n100_imu
[0.846s] -- Up-to-date symlink: /home/ziczac/dev/skripsi_code/ros2_workspace/install/wheeltec_n100_imu/share/wheeltec_n100_imu/environment/ament_prefix_path.sh
[0.848s] -- Up-to-date symlink: /home/ziczac/dev/skripsi_code/ros2_workspace/install/wheeltec_n100_imu/share/wheeltec_n100_imu/environment/ament_prefix_path.dsv
[0.851s] -- Up-to-date symlink: /home/ziczac/dev/skripsi_code/ros2_workspace/install/wheeltec_n100_imu/share/wheeltec_n100_imu/environment/path.sh
[0.853s] -- Up-to-date symlink: /home/ziczac/dev/skripsi_code/ros2_workspace/install/wheeltec_n100_imu/share/wheeltec_n100_imu/environment/path.dsv
[0.857s] -- Up-to-date symlink: /home/ziczac/dev/skripsi_code/ros2_workspace/install/wheeltec_n100_imu/share/wheeltec_n100_imu/local_setup.bash
[0.861s] -- Up-to-date symlink: /home/ziczac/dev/skripsi_code/ros2_workspace/install/wheeltec_n100_imu/share/wheeltec_n100_imu/local_setup.sh
[0.864s] -- Up-to-date symlink: /home/ziczac/dev/skripsi_code/ros2_workspace/install/wheeltec_n100_imu/share/wheeltec_n100_imu/local_setup.zsh
[0.881s] -- Up-to-date symlink: /home/ziczac/dev/skripsi_code/ros2_workspace/install/wheeltec_n100_imu/share/wheeltec_n100_imu/local_setup.dsv
[0.882s] -- Symlinking: /home/ziczac/dev/skripsi_code/ros2_workspace/install/wheeltec_n100_imu/share/wheeltec_n100_imu/package.dsv
[0.933s] -- Up-to-date symlink: /home/ziczac/dev/skripsi_code/ros2_workspace/install/wheeltec_n100_imu/share/ament_index/resource_index/packages/wheeltec_n100_imu
[0.948s] -- Up-to-date symlink: /home/ziczac/dev/skripsi_code/ros2_workspace/install/wheeltec_n100_imu/share/wheeltec_n100_imu/cmake/wheeltec_n100_imuConfig.cmake
[0.949s] -- Up-to-date symlink: /home/ziczac/dev/skripsi_code/ros2_workspace/install/wheeltec_n100_imu/share/wheeltec_n100_imu/cmake/wheeltec_n100_imuConfig-version.cmake
[0.956s] -- Up-to-date symlink: /home/ziczac/dev/skripsi_code/ros2_workspace/install/wheeltec_n100_imu/share/wheeltec_n100_imu/package.xml
[0.983s] Invoked command in '/home/ziczac/dev/skripsi_code/ros2_workspace/build/wheeltec_n100_imu' returned '0': CMAKE_PREFIX_PATH=/home/ziczac/dev/skripsi_code/ros2_workspace/install/serial:/home/ziczac/dev/skripsi_code/ros2_workspace/install/wheeltec_n100_imu:/home/ziczac/dev/skripsi_code/ros2_workspace/install/wheel_interfaces:/home/ziczac/dev/skripsi_code/ros2_workspace/install/my_bot:/home/ziczac/dev/skripsi_code/ros2_workspace/install/lslidar_driver:/home/ziczac/dev/skripsi_code/ros2_workspace/install/lslidar_msgs:/home/ziczac/dev/skripsi_code/ros2_workspace/install/motor:/home/ziczac/dev/skripsi_code/ros2_workspace/install/gui:/home/ziczac/dev/skripsi_code/ros2_workspace/install/rosboard:/home/ziczac/dev/skripsi_code/ros2_workspace/install/log_odds_map:/home/ziczac/dev/skripsi_code/ros2_workspace/install/icp_graph_slam:/home/ziczac/dev/skripsi_code/ros2_workspace/install/diff_drive:/opt/ros/humble /usr/bin/cmake --install /home/ziczac/dev/skripsi_code/ros2_workspace/build/wheeltec_n100_imu
