[0.841s] Invoking command in '/home/ziczac/dev/skripsi_code/ros2_workspace/src/build/wheel_interfaces': CMAKE_PREFIX_PATH=${CMAKE_PREFIX_PATH}:/home/ziczac/dev/skripsi_code/ros2_workspace/install/motor:/home/ziczac/dev/skripsi_code/ros2_workspace/install/gui:/home/ziczac/dev/skripsi_code/ros2_workspace/install/rosboard:/home/ziczac/dev/skripsi_code/ros2_workspace/install/log_odds_map:/home/ziczac/dev/skripsi_code/ros2_workspace/install/diff_drive:/opt/ros/humble /usr/bin/cmake /home/ziczac/dev/skripsi_code/ros2_workspace/src/wheel_interfaces -DAMENT_CMAKE_SYMLINK_INSTALL=1 -DCMAKE_INSTALL_PREFIX=/home/ziczac/dev/skripsi_code/ros2_workspace/src/install/wheel_interfaces
[7.183s] -- The C compiler identification is GNU 11.4.0
[9.578s] -- The CXX compiler identification is GNU 11.4.0
[10.073s] -- Detecting C compiler ABI info
[11.398s] -- Detecting C compiler ABI info - done
[11.441s] -- Check for working C compiler: /usr/bin/cc - skipped
[11.464s] -- Detecting C compile features
[11.503s] -- Detecting C compile features - done
[11.542s] -- Detecting CXX compiler ABI info
[12.369s] -- Detecting CXX compiler ABI info - done
[12.441s] -- Check for working CXX compiler: /usr/bin/c++ - skipped
[12.442s] -- Detecting CXX compile features
[12.451s] -- Detecting CXX compile features - done
[13.282s] -- Found ament_cmake: 1.3.8 (/opt/ros/humble/share/ament_cmake/cmake)
[14.771s] -- Found Python3: /usr/bin/python3 (found version "3.10.12") found components: Interpreter 
[15.528s] -- Override CMake install command with custom implementation using symlinks instead of copying resources
[16.789s] -- Found rosidl_default_generators: 1.2.0 (/opt/ros/humble/share/rosidl_default_generators/cmake)
[16.964s] -- Using all available rosidl_typesupport_c: rosidl_typesupport_fastrtps_c;rosidl_typesupport_introspection_c
[17.404s] -- Found rosidl_adapter: 3.1.5 (/opt/ros/humble/share/rosidl_adapter/cmake)
[18.766s] -- Using all available rosidl_typesupport_cpp: rosidl_typesupport_fastrtps_cpp;rosidl_typesupport_introspection_cpp
[23.751s] -- Found ament_cmake_ros: 0.10.0 (/opt/ros/humble/share/ament_cmake_ros/cmake)
[26.408s] -- Using all available rosidl_typesupport_c: rosidl_typesupport_fastrtps_c;rosidl_typesupport_introspection_c
[29.436s] -- Using all available rosidl_typesupport_cpp: rosidl_typesupport_fastrtps_cpp;rosidl_typesupport_introspection_cpp
[29.629s] -- Found PythonInterp: /usr/bin/python3 (found suitable version "3.10.12", minimum required is "3.6") 
[29.705s] -- Found python_cmake_module: 0.10.0 (/opt/ros/humble/share/python_cmake_module/cmake)
[30.131s] -- Found PythonLibs: /usr/lib/x86_64-linux-gnu/libpython3.10.so (found suitable version "3.10.12", minimum required is "3.5") 
[30.132s] -- Using PYTHON_EXECUTABLE: /usr/bin/python3
[30.132s] -- Using PYTHON_INCLUDE_DIRS: /usr/include/python3.10
[30.133s] -- Using PYTHON_LIBRARIES: /usr/lib/x86_64-linux-gnu/libpython3.10.so
[30.261s] -- Found PythonExtra: .so  
[31.419s] -- Configuring done
[31.670s] -- Generating done
[31.744s] -- Build files have been written to: /home/ziczac/dev/skripsi_code/ros2_workspace/src/build/wheel_interfaces
[31.798s] Invoked command in '/home/ziczac/dev/skripsi_code/ros2_workspace/src/build/wheel_interfaces' returned '0': CMAKE_PREFIX_PATH=${CMAKE_PREFIX_PATH}:/home/ziczac/dev/skripsi_code/ros2_workspace/install/motor:/home/ziczac/dev/skripsi_code/ros2_workspace/install/gui:/home/ziczac/dev/skripsi_code/ros2_workspace/install/rosboard:/home/ziczac/dev/skripsi_code/ros2_workspace/install/log_odds_map:/home/ziczac/dev/skripsi_code/ros2_workspace/install/diff_drive:/opt/ros/humble /usr/bin/cmake /home/ziczac/dev/skripsi_code/ros2_workspace/src/wheel_interfaces -DAMENT_CMAKE_SYMLINK_INSTALL=1 -DCMAKE_INSTALL_PREFIX=/home/ziczac/dev/skripsi_code/ros2_workspace/src/install/wheel_interfaces
[31.811s] Invoking command in '/home/ziczac/dev/skripsi_code/ros2_workspace/src/build/wheel_interfaces': CMAKE_PREFIX_PATH=${CMAKE_PREFIX_PATH}:/home/ziczac/dev/skripsi_code/ros2_workspace/install/motor:/home/ziczac/dev/skripsi_code/ros2_workspace/install/gui:/home/ziczac/dev/skripsi_code/ros2_workspace/install/rosboard:/home/ziczac/dev/skripsi_code/ros2_workspace/install/log_odds_map:/home/ziczac/dev/skripsi_code/ros2_workspace/install/diff_drive:/opt/ros/humble /usr/bin/cmake --build /home/ziczac/dev/skripsi_code/ros2_workspace/src/build/wheel_interfaces -- -j8 -l8
[32.122s] [  3%] [34m[1mGenerating C code for ROS interfaces[0m
[33.580s] [  6%] [32mBuilding C object CMakeFiles/wheel_interfaces__rosidl_generator_c.dir/rosidl_generator_c/wheel_interfaces/msg/detail/wheel_infos__functions.c.o[0m
[36.217s] [  9%] [32m[1mLinking C shared library libwheel_interfaces__rosidl_generator_c.so[0m
[36.521s] [  9%] Built target wheel_interfaces__rosidl_generator_c
[36.699s] [  9%] Built target ament_cmake_python_symlink_wheel_interfaces
[36.767s] [ 12%] [34m[1mGenerating C type support dispatch for ROS interfaces[0m
[38.267s] [ 16%] [32mBuilding CXX object CMakeFiles/wheel_interfaces__rosidl_typesupport_c.dir/rosidl_typesupport_c/wheel_interfaces/msg/wheel_infos__type_support.cpp.o[0m
[38.882s] [ 19%] [32m[1mLinking CXX shared library libwheel_interfaces__rosidl_typesupport_c.so[0m
[39.102s] [ 19%] Built target wheel_interfaces__rosidl_typesupport_c
[40.438s] running egg_info
[40.441s] creating wheel_interfaces.egg-info
[40.441s] writing wheel_interfaces.egg-info/PKG-INFO
[40.441s] writing dependency_links to wheel_interfaces.egg-info/dependency_links.txt
[40.441s] writing top-level names to wheel_interfaces.egg-info/top_level.txt
[40.443s] writing manifest file 'wheel_interfaces.egg-info/SOURCES.txt'
[40.449s] reading manifest file 'wheel_interfaces.egg-info/SOURCES.txt'
[40.450s] writing manifest file 'wheel_interfaces.egg-info/SOURCES.txt'
[40.536s] [ 19%] Built target ament_cmake_python_build_wheel_interfaces_egg
[40.560s] [ 22%] [34m[1mGenerating C introspection for ROS interfaces[0m
[41.692s] [ 25%] [32mBuilding C object CMakeFiles/wheel_interfaces__rosidl_typesupport_introspection_c.dir/rosidl_typesupport_introspection_c/wheel_interfaces/msg/detail/wheel_infos__type_support.c.o[0m
[41.870s] [ 29%] [32m[1mLinking C shared library libwheel_interfaces__rosidl_typesupport_introspection_c.so[0m
[41.988s] [ 29%] Built target wheel_interfaces__rosidl_typesupport_introspection_c
[42.039s] [ 32%] [34m[1mGenerating C type support for eProsima Fast-RTPS[0m
[43.563s] [ 35%] [32mBuilding CXX object CMakeFiles/wheel_interfaces__rosidl_typesupport_fastrtps_c.dir/rosidl_typesupport_fastrtps_c/wheel_interfaces/msg/detail/wheel_infos__type_support_c.cpp.o[0m
[46.325s] [ 38%] [32m[1mLinking CXX shared library libwheel_interfaces__rosidl_typesupport_fastrtps_c.so[0m
[46.737s] [ 38%] Built target wheel_interfaces__rosidl_typesupport_fastrtps_c
[46.844s] [ 41%] [34m[1mGenerating C++ code for ROS interfaces[0m
[48.139s] [ 41%] Built target wheel_interfaces__cpp
[48.186s] [ 45%] [34m[1mGenerating C++ type support for eProsima Fast-RTPS[0m
[49.426s] [ 48%] [32mBuilding CXX object CMakeFiles/wheel_interfaces__rosidl_typesupport_fastrtps_cpp.dir/rosidl_typesupport_fastrtps_cpp/wheel_interfaces/msg/detail/dds_fastrtps/wheel_infos__type_support.cpp.o[0m
[51.345s] [ 51%] [32m[1mLinking CXX shared library libwheel_interfaces__rosidl_typesupport_fastrtps_cpp.so[0m
[51.739s] [ 51%] Built target wheel_interfaces__rosidl_typesupport_fastrtps_cpp
[51.787s] [ 54%] [34m[1mGenerating C++ type support dispatch for ROS interfaces[0m
[52.898s] [ 58%] [32mBuilding CXX object CMakeFiles/wheel_interfaces__rosidl_typesupport_cpp.dir/rosidl_typesupport_cpp/wheel_interfaces/msg/wheel_infos__type_support.cpp.o[0m
[54.159s] [ 61%] [32m[1mLinking CXX shared library libwheel_interfaces__rosidl_typesupport_cpp.so[0m
[54.339s] [ 61%] Built target wheel_interfaces__rosidl_typesupport_cpp
[54.379s] [ 64%] [34m[1mGenerating C++ introspection for ROS interfaces[0m
[55.513s] [ 67%] [32mBuilding CXX object CMakeFiles/wheel_interfaces__rosidl_typesupport_introspection_cpp.dir/rosidl_typesupport_introspection_cpp/wheel_interfaces/msg/detail/wheel_infos__type_support.cpp.o[0m
[57.268s] [ 70%] [32m[1mLinking CXX shared library libwheel_interfaces__rosidl_typesupport_introspection_cpp.so[0m
[57.624s] [ 70%] Built target wheel_interfaces__rosidl_typesupport_introspection_cpp
[57.724s] [ 70%] Built target wheel_interfaces
[57.824s] [ 74%] [34m[1mGenerating Python code for ROS interfaces[0m
[59.672s] [ 74%] Built target wheel_interfaces__py
[59.788s] [ 77%] [32mBuilding C object CMakeFiles/wheel_interfaces__rosidl_generator_py.dir/rosidl_generator_py/wheel_interfaces/msg/_wheel_infos_s.c.o[0m
[61.629s] [ 80%] [32m[1mLinking C shared library rosidl_generator_py/wheel_interfaces/libwheel_interfaces__rosidl_generator_py.so[0m
[61.823s] [ 80%] Built target wheel_interfaces__rosidl_generator_py
[61.922s] [ 83%] [32mBuilding C object CMakeFiles/wheel_interfaces__rosidl_typesupport_fastrtps_c__pyext.dir/rosidl_generator_py/wheel_interfaces/_wheel_interfaces_s.ep.rosidl_typesupport_fastrtps_c.c.o[0m
[62.417s] [ 87%] [32m[1mLinking C shared library rosidl_generator_py/wheel_interfaces/wheel_interfaces_s__rosidl_typesupport_fastrtps_c.cpython-310-x86_64-linux-gnu.so[0m
[62.594s] [ 87%] Built target wheel_interfaces__rosidl_typesupport_fastrtps_c__pyext
[62.727s] [ 90%] [32mBuilding C object CMakeFiles/wheel_interfaces__rosidl_typesupport_c__pyext.dir/rosidl_generator_py/wheel_interfaces/_wheel_interfaces_s.ep.rosidl_typesupport_c.c.o[0m
[63.184s] [ 93%] [32m[1mLinking C shared library rosidl_generator_py/wheel_interfaces/wheel_interfaces_s__rosidl_typesupport_c.cpython-310-x86_64-linux-gnu.so[0m
[63.367s] [ 93%] Built target wheel_interfaces__rosidl_typesupport_c__pyext
[63.504s] [ 96%] [32mBuilding C object CMakeFiles/wheel_interfaces__rosidl_typesupport_introspection_c__pyext.dir/rosidl_generator_py/wheel_interfaces/_wheel_interfaces_s.ep.rosidl_typesupport_introspection_c.c.o[0m
[63.955s] [100%] [32m[1mLinking C shared library rosidl_generator_py/wheel_interfaces/wheel_interfaces_s__rosidl_typesupport_introspection_c.cpython-310-x86_64-linux-gnu.so[0m
[64.154s] [100%] Built target wheel_interfaces__rosidl_typesupport_introspection_c__pyext
[64.231s] Invoked command in '/home/ziczac/dev/skripsi_code/ros2_workspace/src/build/wheel_interfaces' returned '0': CMAKE_PREFIX_PATH=${CMAKE_PREFIX_PATH}:/home/ziczac/dev/skripsi_code/ros2_workspace/install/motor:/home/ziczac/dev/skripsi_code/ros2_workspace/install/gui:/home/ziczac/dev/skripsi_code/ros2_workspace/install/rosboard:/home/ziczac/dev/skripsi_code/ros2_workspace/install/log_odds_map:/home/ziczac/dev/skripsi_code/ros2_workspace/install/diff_drive:/opt/ros/humble /usr/bin/cmake --build /home/ziczac/dev/skripsi_code/ros2_workspace/src/build/wheel_interfaces -- -j8 -l8
[64.658s] Invoking command in '/home/ziczac/dev/skripsi_code/ros2_workspace/src/build/wheel_interfaces': CMAKE_PREFIX_PATH=${CMAKE_PREFIX_PATH}:/home/ziczac/dev/skripsi_code/ros2_workspace/install/motor:/home/ziczac/dev/skripsi_code/ros2_workspace/install/gui:/home/ziczac/dev/skripsi_code/ros2_workspace/install/rosboard:/home/ziczac/dev/skripsi_code/ros2_workspace/install/log_odds_map:/home/ziczac/dev/skripsi_code/ros2_workspace/install/diff_drive:/opt/ros/humble /usr/bin/cmake --install /home/ziczac/dev/skripsi_code/ros2_workspace/src/build/wheel_interfaces
[64.702s] -- Install configuration: ""
[64.706s] -- Execute custom install script
[64.710s] -- Symlinking: /home/ziczac/dev/skripsi_code/ros2_workspace/src/install/wheel_interfaces/share/ament_index/resource_index/rosidl_interfaces/wheel_interfaces
[64.754s] -- Symlinking: /home/ziczac/dev/skripsi_code/ros2_workspace/src/install/wheel_interfaces/include/wheel_interfaces/wheel_interfaces/msg/detail/wheel_infos__functions.h
[64.795s] -- Symlinking: /home/ziczac/dev/skripsi_code/ros2_workspace/src/install/wheel_interfaces/include/wheel_interfaces/wheel_interfaces/msg/detail/wheel_infos__struct.h
[64.838s] -- Symlinking: /home/ziczac/dev/skripsi_code/ros2_workspace/src/install/wheel_interfaces/include/wheel_interfaces/wheel_interfaces/msg/detail/wheel_infos__type_support.h
[64.878s] -- Symlinking: /home/ziczac/dev/skripsi_code/ros2_workspace/src/install/wheel_interfaces/include/wheel_interfaces/wheel_interfaces/msg/rosidl_generator_c__visibility_control.h
[64.917s] -- Symlinking: /home/ziczac/dev/skripsi_code/ros2_workspace/src/install/wheel_interfaces/include/wheel_interfaces/wheel_interfaces/msg/wheel_infos.h
[64.961s] -- Symlinking: /home/ziczac/dev/skripsi_code/ros2_workspace/src/install/wheel_interfaces/share/wheel_interfaces/environment/library_path.sh
[65.004s] -- Symlinking: /home/ziczac/dev/skripsi_code/ros2_workspace/src/install/wheel_interfaces/share/wheel_interfaces/environment/library_path.dsv
[65.048s] -- Symlinking: /home/ziczac/dev/skripsi_code/ros2_workspace/src/install/wheel_interfaces/include/wheel_interfaces/wheel_interfaces/msg/detail/wheel_infos__rosidl_typesupport_fastrtps_c.h
[65.089s] -- Symlinking: /home/ziczac/dev/skripsi_code/ros2_workspace/src/install/wheel_interfaces/include/wheel_interfaces/wheel_interfaces/msg/rosidl_typesupport_fastrtps_c__visibility_control.h
[65.134s] -- Symlinking: /home/ziczac/dev/skripsi_code/ros2_workspace/src/install/wheel_interfaces/include/wheel_interfaces/wheel_interfaces/msg/detail/wheel_infos__rosidl_typesupport_introspection_c.h
[65.176s] -- Symlinking: /home/ziczac/dev/skripsi_code/ros2_workspace/src/install/wheel_interfaces/include/wheel_interfaces/wheel_interfaces/msg/rosidl_typesupport_introspection_c__visibility_control.h
[65.219s] -- Symlinking: /home/ziczac/dev/skripsi_code/ros2_workspace/src/install/wheel_interfaces/include/wheel_interfaces/wheel_interfaces/msg/detail/wheel_infos__builder.hpp
[65.266s] -- Symlinking: /home/ziczac/dev/skripsi_code/ros2_workspace/src/install/wheel_interfaces/include/wheel_interfaces/wheel_interfaces/msg/detail/wheel_infos__struct.hpp
[65.319s] -- Symlinking: /home/ziczac/dev/skripsi_code/ros2_workspace/src/install/wheel_interfaces/include/wheel_interfaces/wheel_interfaces/msg/detail/wheel_infos__traits.hpp
[65.373s] -- Symlinking: /home/ziczac/dev/skripsi_code/ros2_workspace/src/install/wheel_interfaces/include/wheel_interfaces/wheel_interfaces/msg/wheel_infos.hpp
[65.418s] -- Symlinking: /home/ziczac/dev/skripsi_code/ros2_workspace/src/install/wheel_interfaces/include/wheel_interfaces/wheel_interfaces/msg/detail/wheel_infos__rosidl_typesupport_fastrtps_cpp.hpp
[65.461s] -- Symlinking: /home/ziczac/dev/skripsi_code/ros2_workspace/src/install/wheel_interfaces/include/wheel_interfaces/wheel_interfaces/msg/rosidl_typesupport_fastrtps_cpp__visibility_control.h
[65.505s] -- Symlinking: /home/ziczac/dev/skripsi_code/ros2_workspace/src/install/wheel_interfaces/include/wheel_interfaces/wheel_interfaces/msg/detail/wheel_infos__rosidl_typesupport_introspection_cpp.hpp
[65.555s] -- Symlinking: /home/ziczac/dev/skripsi_code/ros2_workspace/src/install/wheel_interfaces/share/wheel_interfaces/environment/pythonpath.sh
[65.596s] -- Symlinking: /home/ziczac/dev/skripsi_code/ros2_workspace/src/install/wheel_interfaces/share/wheel_interfaces/environment/pythonpath.dsv
[65.641s] -- Symlinking: /home/ziczac/dev/skripsi_code/ros2_workspace/src/install/wheel_interfaces/local/lib/python3.10/dist-packages/wheel_interfaces-0.0.0-py3.10.egg-info/PKG-INFO
[65.691s] -- Symlinking: /home/ziczac/dev/skripsi_code/ros2_workspace/src/install/wheel_interfaces/local/lib/python3.10/dist-packages/wheel_interfaces-0.0.0-py3.10.egg-info/SOURCES.txt
[65.744s] -- Symlinking: /home/ziczac/dev/skripsi_code/ros2_workspace/src/install/wheel_interfaces/local/lib/python3.10/dist-packages/wheel_interfaces-0.0.0-py3.10.egg-info/dependency_links.txt
[65.787s] -- Symlinking: /home/ziczac/dev/skripsi_code/ros2_workspace/src/install/wheel_interfaces/local/lib/python3.10/dist-packages/wheel_interfaces-0.0.0-py3.10.egg-info/top_level.txt
[65.836s] -- Symlinking: /home/ziczac/dev/skripsi_code/ros2_workspace/src/install/wheel_interfaces/local/lib/python3.10/dist-packages/wheel_interfaces/__init__.py
[65.886s] -- Symlinking: /home/ziczac/dev/skripsi_code/ros2_workspace/src/install/wheel_interfaces/local/lib/python3.10/dist-packages/wheel_interfaces/_wheel_interfaces_s.ep.rosidl_typesupport_c.c
[65.932s] -- Symlinking: /home/ziczac/dev/skripsi_code/ros2_workspace/src/install/wheel_interfaces/local/lib/python3.10/dist-packages/wheel_interfaces/_wheel_interfaces_s.ep.rosidl_typesupport_fastrtps_c.c
[65.975s] -- Symlinking: /home/ziczac/dev/skripsi_code/ros2_workspace/src/install/wheel_interfaces/local/lib/python3.10/dist-packages/wheel_interfaces/_wheel_interfaces_s.ep.rosidl_typesupport_introspection_c.c
[66.016s] -- Symlinking: /home/ziczac/dev/skripsi_code/ros2_workspace/src/install/wheel_interfaces/local/lib/python3.10/dist-packages/wheel_interfaces/libwheel_interfaces__rosidl_generator_py.so
[66.068s] -- Symlinking: /home/ziczac/dev/skripsi_code/ros2_workspace/src/install/wheel_interfaces/local/lib/python3.10/dist-packages/wheel_interfaces/msg/__init__.py
[66.119s] -- Symlinking: /home/ziczac/dev/skripsi_code/ros2_workspace/src/install/wheel_interfaces/local/lib/python3.10/dist-packages/wheel_interfaces/msg/_wheel_infos.py
[66.176s] -- Symlinking: /home/ziczac/dev/skripsi_code/ros2_workspace/src/install/wheel_interfaces/local/lib/python3.10/dist-packages/wheel_interfaces/msg/_wheel_infos_s.c
[66.217s] -- Symlinking: /home/ziczac/dev/skripsi_code/ros2_workspace/src/install/wheel_interfaces/local/lib/python3.10/dist-packages/wheel_interfaces/wheel_interfaces_s__rosidl_typesupport_c.cpython-310-x86_64-linux-gnu.so
[66.262s] -- Symlinking: /home/ziczac/dev/skripsi_code/ros2_workspace/src/install/wheel_interfaces/local/lib/python3.10/dist-packages/wheel_interfaces/wheel_interfaces_s__rosidl_typesupport_fastrtps_c.cpython-310-x86_64-linux-gnu.so
[66.308s] -- Symlinking: /home/ziczac/dev/skripsi_code/ros2_workspace/src/install/wheel_interfaces/local/lib/python3.10/dist-packages/wheel_interfaces/wheel_interfaces_s__rosidl_typesupport_introspection_c.cpython-310-x86_64-linux-gnu.so
[66.352s] -- Up-to-date symlink: /home/ziczac/dev/skripsi_code/ros2_workspace/src/install/wheel_interfaces/local/lib/python3.10/dist-packages/wheel_interfaces/wheel_interfaces_s__rosidl_typesupport_fastrtps_c.cpython-310-x86_64-linux-gnu.so
[66.355s] -- Up-to-date symlink: /home/ziczac/dev/skripsi_code/ros2_workspace/src/install/wheel_interfaces/local/lib/python3.10/dist-packages/wheel_interfaces/wheel_interfaces_s__rosidl_typesupport_introspection_c.cpython-310-x86_64-linux-gnu.so
[66.361s] -- Up-to-date symlink: /home/ziczac/dev/skripsi_code/ros2_workspace/src/install/wheel_interfaces/local/lib/python3.10/dist-packages/wheel_interfaces/wheel_interfaces_s__rosidl_typesupport_c.cpython-310-x86_64-linux-gnu.so
[66.364s] -- Symlinking: /home/ziczac/dev/skripsi_code/ros2_workspace/src/install/wheel_interfaces/share/wheel_interfaces/msg/WheelInfos.idl
[66.413s] -- Symlinking: /home/ziczac/dev/skripsi_code/ros2_workspace/src/install/wheel_interfaces/share/wheel_interfaces/msg/WheelInfos.msg
[66.459s] -- Symlinking: /home/ziczac/dev/skripsi_code/ros2_workspace/src/install/wheel_interfaces/share/ament_index/resource_index/package_run_dependencies/wheel_interfaces
[66.517s] -- Symlinking: /home/ziczac/dev/skripsi_code/ros2_workspace/src/install/wheel_interfaces/share/ament_index/resource_index/parent_prefix_path/wheel_interfaces
[66.559s] -- Symlinking: /home/ziczac/dev/skripsi_code/ros2_workspace/src/install/wheel_interfaces/share/wheel_interfaces/environment/ament_prefix_path.sh
[66.612s] -- Symlinking: /home/ziczac/dev/skripsi_code/ros2_workspace/src/install/wheel_interfaces/share/wheel_interfaces/environment/ament_prefix_path.dsv
[66.657s] -- Symlinking: /home/ziczac/dev/skripsi_code/ros2_workspace/src/install/wheel_interfaces/share/wheel_interfaces/environment/path.sh
[66.706s] -- Symlinking: /home/ziczac/dev/skripsi_code/ros2_workspace/src/install/wheel_interfaces/share/wheel_interfaces/environment/path.dsv
[66.751s] -- Symlinking: /home/ziczac/dev/skripsi_code/ros2_workspace/src/install/wheel_interfaces/share/wheel_interfaces/local_setup.bash
[66.795s] -- Symlinking: /home/ziczac/dev/skripsi_code/ros2_workspace/src/install/wheel_interfaces/share/wheel_interfaces/local_setup.sh
[66.840s] -- Symlinking: /home/ziczac/dev/skripsi_code/ros2_workspace/src/install/wheel_interfaces/share/wheel_interfaces/local_setup.zsh
[66.890s] -- Symlinking: /home/ziczac/dev/skripsi_code/ros2_workspace/src/install/wheel_interfaces/share/wheel_interfaces/local_setup.dsv
[66.933s] -- Symlinking: /home/ziczac/dev/skripsi_code/ros2_workspace/src/install/wheel_interfaces/share/wheel_interfaces/package.dsv
[66.976s] -- Symlinking: /home/ziczac/dev/skripsi_code/ros2_workspace/src/install/wheel_interfaces/share/ament_index/resource_index/packages/wheel_interfaces
[67.027s] -- Symlinking: /home/ziczac/dev/skripsi_code/ros2_workspace/src/install/wheel_interfaces/share/wheel_interfaces/cmake/rosidl_cmake-extras.cmake
[67.088s] -- Symlinking: /home/ziczac/dev/skripsi_code/ros2_workspace/src/install/wheel_interfaces/share/wheel_interfaces/cmake/ament_cmake_export_include_directories-extras.cmake
[67.132s] -- Symlinking: /home/ziczac/dev/skripsi_code/ros2_workspace/src/install/wheel_interfaces/share/wheel_interfaces/cmake/ament_cmake_export_libraries-extras.cmake
[67.181s] -- Symlinking: /home/ziczac/dev/skripsi_code/ros2_workspace/src/install/wheel_interfaces/share/wheel_interfaces/cmake/ament_cmake_export_targets-extras.cmake
[67.238s] -- Symlinking: /home/ziczac/dev/skripsi_code/ros2_workspace/src/install/wheel_interfaces/share/wheel_interfaces/cmake/rosidl_cmake_export_typesupport_targets-extras.cmake
[67.286s] -- Symlinking: /home/ziczac/dev/skripsi_code/ros2_workspace/src/install/wheel_interfaces/share/wheel_interfaces/cmake/ament_cmake_export_dependencies-extras.cmake
[67.330s] -- Symlinking: /home/ziczac/dev/skripsi_code/ros2_workspace/src/install/wheel_interfaces/share/wheel_interfaces/cmake/rosidl_cmake_export_typesupport_libraries-extras.cmake
[67.372s] -- Symlinking: /home/ziczac/dev/skripsi_code/ros2_workspace/src/install/wheel_interfaces/share/wheel_interfaces/cmake/wheel_interfacesConfig.cmake
[67.414s] -- Symlinking: /home/ziczac/dev/skripsi_code/ros2_workspace/src/install/wheel_interfaces/share/wheel_interfaces/cmake/wheel_interfacesConfig-version.cmake
[67.463s] -- Symlinking: /home/ziczac/dev/skripsi_code/ros2_workspace/src/install/wheel_interfaces/share/wheel_interfaces/package.xml
[67.513s] -- Installing: /home/ziczac/dev/skripsi_code/ros2_workspace/src/install/wheel_interfaces/lib/libwheel_interfaces__rosidl_generator_c.so
[67.514s] -- Set runtime path of "/home/ziczac/dev/skripsi_code/ros2_workspace/src/install/wheel_interfaces/lib/libwheel_interfaces__rosidl_generator_c.so" to ""
[67.514s] -- Installing: /home/ziczac/dev/skripsi_code/ros2_workspace/src/install/wheel_interfaces/lib/libwheel_interfaces__rosidl_typesupport_fastrtps_c.so
[67.514s] -- Set runtime path of "/home/ziczac/dev/skripsi_code/ros2_workspace/src/install/wheel_interfaces/lib/libwheel_interfaces__rosidl_typesupport_fastrtps_c.so" to ""
[67.515s] -- Installing: /home/ziczac/dev/skripsi_code/ros2_workspace/src/install/wheel_interfaces/lib/libwheel_interfaces__rosidl_typesupport_introspection_c.so
[67.519s] -- Set runtime path of "/home/ziczac/dev/skripsi_code/ros2_workspace/src/install/wheel_interfaces/lib/libwheel_interfaces__rosidl_typesupport_introspection_c.so" to ""
[67.528s] -- Installing: /home/ziczac/dev/skripsi_code/ros2_workspace/src/install/wheel_interfaces/lib/libwheel_interfaces__rosidl_typesupport_c.so
[67.528s] -- Set runtime path of "/home/ziczac/dev/skripsi_code/ros2_workspace/src/install/wheel_interfaces/lib/libwheel_interfaces__rosidl_typesupport_c.so" to ""
[67.528s] -- Installing: /home/ziczac/dev/skripsi_code/ros2_workspace/src/install/wheel_interfaces/lib/libwheel_interfaces__rosidl_typesupport_fastrtps_cpp.so
[67.532s] -- Set runtime path of "/home/ziczac/dev/skripsi_code/ros2_workspace/src/install/wheel_interfaces/lib/libwheel_interfaces__rosidl_typesupport_fastrtps_cpp.so" to ""
[67.533s] -- Installing: /home/ziczac/dev/skripsi_code/ros2_workspace/src/install/wheel_interfaces/lib/libwheel_interfaces__rosidl_typesupport_introspection_cpp.so
[67.535s] -- Set runtime path of "/home/ziczac/dev/skripsi_code/ros2_workspace/src/install/wheel_interfaces/lib/libwheel_interfaces__rosidl_typesupport_introspection_cpp.so" to ""
[67.536s] -- Installing: /home/ziczac/dev/skripsi_code/ros2_workspace/src/install/wheel_interfaces/lib/libwheel_interfaces__rosidl_typesupport_cpp.so
[67.539s] -- Set runtime path of "/home/ziczac/dev/skripsi_code/ros2_workspace/src/install/wheel_interfaces/lib/libwheel_interfaces__rosidl_typesupport_cpp.so" to ""
[67.797s] Listing '/home/ziczac/dev/skripsi_code/ros2_workspace/src/install/wheel_interfaces/local/lib/python3.10/dist-packages/wheel_interfaces'...
[67.798s] Compiling '/home/ziczac/dev/skripsi_code/ros2_workspace/src/install/wheel_interfaces/local/lib/python3.10/dist-packages/wheel_interfaces/__init__.py'...
[67.798s] Listing '/home/ziczac/dev/skripsi_code/ros2_workspace/src/install/wheel_interfaces/local/lib/python3.10/dist-packages/wheel_interfaces/msg'...
[67.799s] Compiling '/home/ziczac/dev/skripsi_code/ros2_workspace/src/install/wheel_interfaces/local/lib/python3.10/dist-packages/wheel_interfaces/msg/__init__.py'...
[67.799s] Compiling '/home/ziczac/dev/skripsi_code/ros2_workspace/src/install/wheel_interfaces/local/lib/python3.10/dist-packages/wheel_interfaces/msg/_wheel_infos.py'...
[67.816s] -- Installing: /home/ziczac/dev/skripsi_code/ros2_workspace/src/install/wheel_interfaces/lib/libwheel_interfaces__rosidl_generator_py.so
[67.823s] -- Set runtime path of "/home/ziczac/dev/skripsi_code/ros2_workspace/src/install/wheel_interfaces/lib/libwheel_interfaces__rosidl_generator_py.so" to ""
[67.825s] -- Installing: /home/ziczac/dev/skripsi_code/ros2_workspace/src/install/wheel_interfaces/share/wheel_interfaces/cmake/export_wheel_interfaces__rosidl_generator_cExport.cmake
[67.827s] -- Installing: /home/ziczac/dev/skripsi_code/ros2_workspace/src/install/wheel_interfaces/share/wheel_interfaces/cmake/export_wheel_interfaces__rosidl_generator_cExport-noconfig.cmake
[67.828s] -- Installing: /home/ziczac/dev/skripsi_code/ros2_workspace/src/install/wheel_interfaces/share/wheel_interfaces/cmake/export_wheel_interfaces__rosidl_typesupport_fastrtps_cExport.cmake
[67.830s] -- Installing: /home/ziczac/dev/skripsi_code/ros2_workspace/src/install/wheel_interfaces/share/wheel_interfaces/cmake/export_wheel_interfaces__rosidl_typesupport_fastrtps_cExport-noconfig.cmake
[67.832s] -- Installing: /home/ziczac/dev/skripsi_code/ros2_workspace/src/install/wheel_interfaces/share/wheel_interfaces/cmake/wheel_interfaces__rosidl_typesupport_introspection_cExport.cmake
[67.834s] -- Installing: /home/ziczac/dev/skripsi_code/ros2_workspace/src/install/wheel_interfaces/share/wheel_interfaces/cmake/wheel_interfaces__rosidl_typesupport_introspection_cExport-noconfig.cmake
[67.835s] -- Installing: /home/ziczac/dev/skripsi_code/ros2_workspace/src/install/wheel_interfaces/share/wheel_interfaces/cmake/wheel_interfaces__rosidl_typesupport_cExport.cmake
[67.835s] -- Installing: /home/ziczac/dev/skripsi_code/ros2_workspace/src/install/wheel_interfaces/share/wheel_interfaces/cmake/wheel_interfaces__rosidl_typesupport_cExport-noconfig.cmake
[67.837s] -- Installing: /home/ziczac/dev/skripsi_code/ros2_workspace/src/install/wheel_interfaces/share/wheel_interfaces/cmake/export_wheel_interfaces__rosidl_generator_cppExport.cmake
[67.838s] -- Installing: /home/ziczac/dev/skripsi_code/ros2_workspace/src/install/wheel_interfaces/share/wheel_interfaces/cmake/export_wheel_interfaces__rosidl_typesupport_fastrtps_cppExport.cmake
[67.842s] -- Installing: /home/ziczac/dev/skripsi_code/ros2_workspace/src/install/wheel_interfaces/share/wheel_interfaces/cmake/export_wheel_interfaces__rosidl_typesupport_fastrtps_cppExport-noconfig.cmake
[67.842s] -- Installing: /home/ziczac/dev/skripsi_code/ros2_workspace/src/install/wheel_interfaces/share/wheel_interfaces/cmake/wheel_interfaces__rosidl_typesupport_introspection_cppExport.cmake
[67.843s] -- Installing: /home/ziczac/dev/skripsi_code/ros2_workspace/src/install/wheel_interfaces/share/wheel_interfaces/cmake/wheel_interfaces__rosidl_typesupport_introspection_cppExport-noconfig.cmake
[67.844s] -- Installing: /home/ziczac/dev/skripsi_code/ros2_workspace/src/install/wheel_interfaces/share/wheel_interfaces/cmake/wheel_interfaces__rosidl_typesupport_cppExport.cmake
[67.845s] -- Installing: /home/ziczac/dev/skripsi_code/ros2_workspace/src/install/wheel_interfaces/share/wheel_interfaces/cmake/wheel_interfaces__rosidl_typesupport_cppExport-noconfig.cmake
[67.847s] -- Installing: /home/ziczac/dev/skripsi_code/ros2_workspace/src/install/wheel_interfaces/share/wheel_interfaces/cmake/export_wheel_interfaces__rosidl_generator_pyExport.cmake
[67.848s] -- Installing: /home/ziczac/dev/skripsi_code/ros2_workspace/src/install/wheel_interfaces/share/wheel_interfaces/cmake/export_wheel_interfaces__rosidl_generator_pyExport-noconfig.cmake
[67.861s] Invoked command in '/home/ziczac/dev/skripsi_code/ros2_workspace/src/build/wheel_interfaces' returned '0': CMAKE_PREFIX_PATH=${CMAKE_PREFIX_PATH}:/home/ziczac/dev/skripsi_code/ros2_workspace/install/motor:/home/ziczac/dev/skripsi_code/ros2_workspace/install/gui:/home/ziczac/dev/skripsi_code/ros2_workspace/install/rosboard:/home/ziczac/dev/skripsi_code/ros2_workspace/install/log_odds_map:/home/ziczac/dev/skripsi_code/ros2_workspace/install/diff_drive:/opt/ros/humble /usr/bin/cmake --install /home/ziczac/dev/skripsi_code/ros2_workspace/src/build/wheel_interfaces
