running egg_info
writing ../../build/icp_graph_slam/icp_graph_slam.egg-info/PKG-INFO
writing dependency_links to ../../build/icp_graph_slam/icp_graph_slam.egg-info/dependency_links.txt
writing entry points to ../../build/icp_graph_slam/icp_graph_slam.egg-info/entry_points.txt
writing requirements to ../../build/icp_graph_slam/icp_graph_slam.egg-info/requires.txt
writing top-level names to ../../build/icp_graph_slam/icp_graph_slam.egg-info/top_level.txt
reading manifest file '../../build/icp_graph_slam/icp_graph_slam.egg-info/SOURCES.txt'
writing manifest file '../../build/icp_graph_slam/icp_graph_slam.egg-info/SOURCES.txt'
running build
running build_py
running install
running install_lib
running install_data
running install_egg_info
removing '/home/ziczac/dev/skripsi_code/ROS2-PLICP-POSE-GRAPH/install/icp_graph_slam/lib/python3.10/site-packages/icp_graph_slam-0.0.0-py3.10.egg-info' (and everything under it)
Copying ../../build/icp_graph_slam/icp_graph_slam.egg-info to /home/ziczac/dev/skripsi_code/ROS2-PLICP-POSE-GRAPH/install/icp_graph_slam/lib/python3.10/site-packages/icp_graph_slam-0.0.0-py3.10.egg-info
running install_scripts
Installing collect_data_mapping script to /home/ziczac/dev/skripsi_code/ROS2-PLICP-POSE-GRAPH/install/icp_graph_slam/lib/icp_graph_slam
Installing get_lidar script to /home/ziczac/dev/skripsi_code/ROS2-PLICP-POSE-GRAPH/install/icp_graph_slam/lib/icp_graph_slam
writing list of installed files to '/home/ziczac/dev/skripsi_code/ROS2-PLICP-POSE-GRAPH/build/icp_graph_slam/install.log'
