[4.026s] Invoking command in '/home/ziczac/dev/skripsi_code/ROS2-PLICP-POSE-GRAPH/build/diff_drive': PYTHONPATH=/home/ziczac/dev/skripsi_code/ROS2-PLICP-POSE-GRAPH/build/diff_drive/prefix_override:/home/ziczac/dev/skripsi_code/ROS2-PLICP-POSE-GRAPH/install/diff_drive/lib/python3.10/site-packages:${PYTHONPATH} /usr/bin/python3 -W ignore:setup.py install is deprecated setup.py develop --uninstall --editable --build-directory /home/ziczac/dev/skripsi_code/ROS2-PLICP-POSE-GRAPH/build/diff_drive/build
[4.888s] running develop
[5.727s] Invoked command in '/home/ziczac/dev/skripsi_code/ROS2-PLICP-POSE-GRAPH/build/diff_drive' returned '0': PYTHONPATH=/home/ziczac/dev/skripsi_code/ROS2-PLICP-POSE-GRAPH/build/diff_drive/prefix_override:/home/ziczac/dev/skripsi_code/ROS2-PLICP-POSE-GRAPH/install/diff_drive/lib/python3.10/site-packages:${PYTHONPATH} /usr/bin/python3 -W ignore:setup.py install is deprecated setup.py develop --uninstall --editable --build-directory /home/ziczac/dev/skripsi_code/ROS2-PLICP-POSE-GRAPH/build/diff_drive/build
[5.734s] Invoking command in '/home/ziczac/dev/skripsi_code/ROS2-PLICP-POSE-GRAPH/src/diff_drive': PYTHONPATH=/home/ziczac/dev/skripsi_code/ROS2-PLICP-POSE-GRAPH/build/diff_drive/prefix_override:/home/ziczac/dev/skripsi_code/ROS2-PLICP-POSE-GRAPH/install/diff_drive/lib/python3.10/site-packages:${PYTHONPATH} /usr/bin/python3 -W ignore:setup.py install is deprecated setup.py egg_info --egg-base ../../build/diff_drive build --build-base /home/ziczac/dev/skripsi_code/ROS2-PLICP-POSE-GRAPH/build/diff_drive/build install --record /home/ziczac/dev/skripsi_code/ROS2-PLICP-POSE-GRAPH/build/diff_drive/install.log --single-version-externally-managed install_data --force
[6.561s] running egg_info
[6.562s] writing ../../build/diff_drive/diff_drive.egg-info/PKG-INFO
[6.562s] writing dependency_links to ../../build/diff_drive/diff_drive.egg-info/dependency_links.txt
[6.562s] writing entry points to ../../build/diff_drive/diff_drive.egg-info/entry_points.txt
[6.563s] writing requirements to ../../build/diff_drive/diff_drive.egg-info/requires.txt
[6.563s] writing top-level names to ../../build/diff_drive/diff_drive.egg-info/top_level.txt
[6.567s] reading manifest file '../../build/diff_drive/diff_drive.egg-info/SOURCES.txt'
[6.568s] writing manifest file '../../build/diff_drive/diff_drive.egg-info/SOURCES.txt'
[6.569s] running build
[6.569s] running build_py
[6.569s] creating /home/ziczac/dev/skripsi_code/ROS2-PLICP-POSE-GRAPH/build/diff_drive/build
[6.569s] creating /home/ziczac/dev/skripsi_code/ROS2-PLICP-POSE-GRAPH/build/diff_drive/build/lib
[6.569s] creating /home/ziczac/dev/skripsi_code/ROS2-PLICP-POSE-GRAPH/build/diff_drive/build/lib/diff_drive
[6.569s] copying diff_drive/robot_model.py -> /home/ziczac/dev/skripsi_code/ROS2-PLICP-POSE-GRAPH/build/diff_drive/build/lib/diff_drive
[6.570s] copying diff_drive/__init__.py -> /home/ziczac/dev/skripsi_code/ROS2-PLICP-POSE-GRAPH/build/diff_drive/build/lib/diff_drive
[6.570s] running install
[6.570s] running install_lib
[6.572s] creating /home/ziczac/dev/skripsi_code/ROS2-PLICP-POSE-GRAPH/install/diff_drive/lib/python3.10/site-packages/diff_drive
[6.572s] copying /home/ziczac/dev/skripsi_code/ROS2-PLICP-POSE-GRAPH/build/diff_drive/build/lib/diff_drive/robot_model.py -> /home/ziczac/dev/skripsi_code/ROS2-PLICP-POSE-GRAPH/install/diff_drive/lib/python3.10/site-packages/diff_drive
[6.572s] copying /home/ziczac/dev/skripsi_code/ROS2-PLICP-POSE-GRAPH/build/diff_drive/build/lib/diff_drive/__init__.py -> /home/ziczac/dev/skripsi_code/ROS2-PLICP-POSE-GRAPH/install/diff_drive/lib/python3.10/site-packages/diff_drive
[6.573s] byte-compiling /home/ziczac/dev/skripsi_code/ROS2-PLICP-POSE-GRAPH/install/diff_drive/lib/python3.10/site-packages/diff_drive/robot_model.py to robot_model.cpython-310.pyc
[6.576s] byte-compiling /home/ziczac/dev/skripsi_code/ROS2-PLICP-POSE-GRAPH/install/diff_drive/lib/python3.10/site-packages/diff_drive/__init__.py to __init__.cpython-310.pyc
[6.576s] running install_data
[6.576s] copying resource/diff_drive -> /home/ziczac/dev/skripsi_code/ROS2-PLICP-POSE-GRAPH/install/diff_drive/share/ament_index/resource_index/packages
[6.576s] copying package.xml -> /home/ziczac/dev/skripsi_code/ROS2-PLICP-POSE-GRAPH/install/diff_drive/share/diff_drive
[6.576s] running install_egg_info
[6.580s] Copying ../../build/diff_drive/diff_drive.egg-info to /home/ziczac/dev/skripsi_code/ROS2-PLICP-POSE-GRAPH/install/diff_drive/lib/python3.10/site-packages/diff_drive-0.0.0-py3.10.egg-info
[6.581s] running install_scripts
[6.616s] Installing diff_drive_model script to /home/ziczac/dev/skripsi_code/ROS2-PLICP-POSE-GRAPH/install/diff_drive/lib/diff_drive
[6.616s] writing list of installed files to '/home/ziczac/dev/skripsi_code/ROS2-PLICP-POSE-GRAPH/build/diff_drive/install.log'
[6.681s] Invoked command in '/home/ziczac/dev/skripsi_code/ROS2-PLICP-POSE-GRAPH/src/diff_drive' returned '0': PYTHONPATH=/home/ziczac/dev/skripsi_code/ROS2-PLICP-POSE-GRAPH/build/diff_drive/prefix_override:/home/ziczac/dev/skripsi_code/ROS2-PLICP-POSE-GRAPH/install/diff_drive/lib/python3.10/site-packages:${PYTHONPATH} /usr/bin/python3 -W ignore:setup.py install is deprecated setup.py egg_info --egg-base ../../build/diff_drive build --build-base /home/ziczac/dev/skripsi_code/ROS2-PLICP-POSE-GRAPH/build/diff_drive/build install --record /home/ziczac/dev/skripsi_code/ROS2-PLICP-POSE-GRAPH/build/diff_drive/install.log --single-version-externally-managed install_data --force
