[0.608s] Invoking command in '/home/ziczac/dev/skripsi_code/ros2_workspace/build/lslidar_msgs': CMAKE_PREFIX_PATH=/opt/ros/humble /usr/bin/cmake --build /home/ziczac/dev/skripsi_code/ros2_workspace/build/lslidar_msgs -- -j8 -l8
[2.376s] [  0%] Built target ament_cmake_python_symlink_lslidar_msgs
[2.376s] [  1%] Built target lslidar_msgs__cpp
[2.376s] [ 12%] Built target lslidar_msgs__rosidl_generator_c
[2.376s] [ 23%] Built target lslidar_msgs__rosidl_typesupport_c
[2.377s] [ 34%] Built target lslidar_msgs__rosidl_typesupport_fastrtps_cpp
[2.377s] [ 46%] Built target lslidar_msgs__rosidl_typesupport_introspection_c
[2.377s] [ 57%] Built target lslidar_msgs__rosidl_typesupport_cpp
[2.377s] [ 68%] Built target lslidar_msgs__rosidl_typesupport_fastrtps_c
[2.377s] [ 79%] Built target lslidar_msgs__rosidl_typesupport_introspection_cpp
[2.377s] [ 79%] Built target lslidar_msgs
[2.377s] [ 80%] Built target lslidar_msgs__py
[2.378s] running egg_info
[2.378s] writing lslidar_msgs.egg-info/PKG-INFO
[2.378s] writing dependency_links to lslidar_msgs.egg-info/dependency_links.txt
[2.378s] writing top-level names to lslidar_msgs.egg-info/top_level.txt
[2.378s] reading manifest file 'lslidar_msgs.egg-info/SOURCES.txt'
[2.378s] writing manifest file 'lslidar_msgs.egg-info/SOURCES.txt'
[2.378s] [ 80%] Built target ament_cmake_python_build_lslidar_msgs_egg
[2.379s] [ 90%] Built target lslidar_msgs__rosidl_generator_py
[2.379s] [ 93%] Built target lslidar_msgs__rosidl_typesupport_c__pyext
[2.379s] [ 96%] Built target lslidar_msgs__rosidl_typesupport_fastrtps_c__pyext
[2.379s] [100%] Built target lslidar_msgs__rosidl_typesupport_introspection_c__pyext
[2.946s] Invoked command in '/home/ziczac/dev/skripsi_code/ros2_workspace/build/lslidar_msgs' returned '0': CMAKE_PREFIX_PATH=/opt/ros/humble /usr/bin/cmake --build /home/ziczac/dev/skripsi_code/ros2_workspace/build/lslidar_msgs -- -j8 -l8
[3.268s] Invoking command in '/home/ziczac/dev/skripsi_code/ros2_workspace/build/lslidar_msgs': CMAKE_PREFIX_PATH=/opt/ros/humble /usr/bin/cmake --install /home/ziczac/dev/skripsi_code/ros2_workspace/build/lslidar_msgs
[3.297s] -- Install configuration: ""
[3.297s] -- Execute custom install script
[3.298s] -- Up-to-date symlink: /home/ziczac/dev/skripsi_code/ros2_workspace/install/lslidar_msgs/share/ament_index/resource_index/rosidl_interfaces/lslidar_msgs
[3.298s] -- Up-to-date symlink: /home/ziczac/dev/skripsi_code/ros2_workspace/install/lslidar_msgs/include/lslidar_msgs/lslidar_msgs/msg/detail/lslidar_difop__functions.h
[3.298s] -- Up-to-date symlink: /home/ziczac/dev/skripsi_code/ros2_workspace/install/lslidar_msgs/include/lslidar_msgs/lslidar_msgs/msg/detail/lslidar_difop__struct.h
[3.298s] -- Up-to-date symlink: /home/ziczac/dev/skripsi_code/ros2_workspace/install/lslidar_msgs/include/lslidar_msgs/lslidar_msgs/msg/detail/lslidar_difop__type_support.h
[3.298s] -- Up-to-date symlink: /home/ziczac/dev/skripsi_code/ros2_workspace/install/lslidar_msgs/include/lslidar_msgs/lslidar_msgs/msg/detail/lslidar_packet__functions.h
[3.299s] -- Up-to-date symlink: /home/ziczac/dev/skripsi_code/ros2_workspace/install/lslidar_msgs/include/lslidar_msgs/lslidar_msgs/msg/detail/lslidar_packet__struct.h
[3.299s] -- Up-to-date symlink: /home/ziczac/dev/skripsi_code/ros2_workspace/install/lslidar_msgs/include/lslidar_msgs/lslidar_msgs/msg/detail/lslidar_packet__type_support.h
[3.299s] -- Up-to-date symlink: /home/ziczac/dev/skripsi_code/ros2_workspace/install/lslidar_msgs/include/lslidar_msgs/lslidar_msgs/msg/detail/lslidar_point__functions.h
[3.299s] -- Up-to-date symlink: /home/ziczac/dev/skripsi_code/ros2_workspace/install/lslidar_msgs/include/lslidar_msgs/lslidar_msgs/msg/detail/lslidar_point__struct.h
[3.300s] -- Up-to-date symlink: /home/ziczac/dev/skripsi_code/ros2_workspace/install/lslidar_msgs/include/lslidar_msgs/lslidar_msgs/msg/detail/lslidar_point__type_support.h
[3.300s] -- Up-to-date symlink: /home/ziczac/dev/skripsi_code/ros2_workspace/install/lslidar_msgs/include/lslidar_msgs/lslidar_msgs/msg/detail/lslidar_scan__functions.h
[3.300s] -- Up-to-date symlink: /home/ziczac/dev/skripsi_code/ros2_workspace/install/lslidar_msgs/include/lslidar_msgs/lslidar_msgs/msg/detail/lslidar_scan__struct.h
[3.301s] -- Up-to-date symlink: /home/ziczac/dev/skripsi_code/ros2_workspace/install/lslidar_msgs/include/lslidar_msgs/lslidar_msgs/msg/detail/lslidar_scan__type_support.h
[3.301s] -- Up-to-date symlink: /home/ziczac/dev/skripsi_code/ros2_workspace/install/lslidar_msgs/include/lslidar_msgs/lslidar_msgs/msg/detail/lslidar_sweep__functions.h
[3.301s] -- Up-to-date symlink: /home/ziczac/dev/skripsi_code/ros2_workspace/install/lslidar_msgs/include/lslidar_msgs/lslidar_msgs/msg/detail/lslidar_sweep__struct.h
[3.301s] -- Up-to-date symlink: /home/ziczac/dev/skripsi_code/ros2_workspace/install/lslidar_msgs/include/lslidar_msgs/lslidar_msgs/msg/detail/lslidar_sweep__type_support.h
[3.302s] -- Up-to-date symlink: /home/ziczac/dev/skripsi_code/ros2_workspace/install/lslidar_msgs/include/lslidar_msgs/lslidar_msgs/msg/lslidar_difop.h
[3.302s] -- Up-to-date symlink: /home/ziczac/dev/skripsi_code/ros2_workspace/install/lslidar_msgs/include/lslidar_msgs/lslidar_msgs/msg/lslidar_packet.h
[3.302s] -- Up-to-date symlink: /home/ziczac/dev/skripsi_code/ros2_workspace/install/lslidar_msgs/include/lslidar_msgs/lslidar_msgs/msg/lslidar_point.h
[3.303s] -- Up-to-date symlink: /home/ziczac/dev/skripsi_code/ros2_workspace/install/lslidar_msgs/include/lslidar_msgs/lslidar_msgs/msg/lslidar_scan.h
[3.303s] -- Up-to-date symlink: /home/ziczac/dev/skripsi_code/ros2_workspace/install/lslidar_msgs/include/lslidar_msgs/lslidar_msgs/msg/lslidar_sweep.h
[3.303s] -- Up-to-date symlink: /home/ziczac/dev/skripsi_code/ros2_workspace/install/lslidar_msgs/include/lslidar_msgs/lslidar_msgs/msg/rosidl_generator_c__visibility_control.h
[3.303s] -- Up-to-date symlink: /home/ziczac/dev/skripsi_code/ros2_workspace/install/lslidar_msgs/share/lslidar_msgs/environment/library_path.sh
[3.304s] -- Up-to-date symlink: /home/ziczac/dev/skripsi_code/ros2_workspace/install/lslidar_msgs/share/lslidar_msgs/environment/library_path.dsv
[3.304s] -- Up-to-date symlink: /home/ziczac/dev/skripsi_code/ros2_workspace/install/lslidar_msgs/include/lslidar_msgs/lslidar_msgs/msg/detail/lslidar_difop__rosidl_typesupport_fastrtps_c.h
[3.304s] -- Up-to-date symlink: /home/ziczac/dev/skripsi_code/ros2_workspace/install/lslidar_msgs/include/lslidar_msgs/lslidar_msgs/msg/detail/lslidar_packet__rosidl_typesupport_fastrtps_c.h
[3.304s] -- Up-to-date symlink: /home/ziczac/dev/skripsi_code/ros2_workspace/install/lslidar_msgs/include/lslidar_msgs/lslidar_msgs/msg/detail/lslidar_point__rosidl_typesupport_fastrtps_c.h
[3.304s] -- Up-to-date symlink: /home/ziczac/dev/skripsi_code/ros2_workspace/install/lslidar_msgs/include/lslidar_msgs/lslidar_msgs/msg/detail/lslidar_scan__rosidl_typesupport_fastrtps_c.h
[3.305s] -- Up-to-date symlink: /home/ziczac/dev/skripsi_code/ros2_workspace/install/lslidar_msgs/include/lslidar_msgs/lslidar_msgs/msg/detail/lslidar_sweep__rosidl_typesupport_fastrtps_c.h
[3.305s] -- Up-to-date symlink: /home/ziczac/dev/skripsi_code/ros2_workspace/install/lslidar_msgs/include/lslidar_msgs/lslidar_msgs/msg/rosidl_typesupport_fastrtps_c__visibility_control.h
[3.305s] -- Up-to-date symlink: /home/ziczac/dev/skripsi_code/ros2_workspace/install/lslidar_msgs/include/lslidar_msgs/lslidar_msgs/msg/detail/lslidar_difop__builder.hpp
[3.306s] -- Up-to-date symlink: /home/ziczac/dev/skripsi_code/ros2_workspace/install/lslidar_msgs/include/lslidar_msgs/lslidar_msgs/msg/detail/lslidar_difop__struct.hpp
[3.306s] -- Up-to-date symlink: /home/ziczac/dev/skripsi_code/ros2_workspace/install/lslidar_msgs/include/lslidar_msgs/lslidar_msgs/msg/detail/lslidar_difop__traits.hpp
[3.306s] -- Up-to-date symlink: /home/ziczac/dev/skripsi_code/ros2_workspace/install/lslidar_msgs/include/lslidar_msgs/lslidar_msgs/msg/detail/lslidar_packet__builder.hpp
[3.307s] -- Up-to-date symlink: /home/ziczac/dev/skripsi_code/ros2_workspace/install/lslidar_msgs/include/lslidar_msgs/lslidar_msgs/msg/detail/lslidar_packet__struct.hpp
[3.307s] -- Up-to-date symlink: /home/ziczac/dev/skripsi_code/ros2_workspace/install/lslidar_msgs/include/lslidar_msgs/lslidar_msgs/msg/detail/lslidar_packet__traits.hpp
[3.308s] -- Up-to-date symlink: /home/ziczac/dev/skripsi_code/ros2_workspace/install/lslidar_msgs/include/lslidar_msgs/lslidar_msgs/msg/detail/lslidar_point__builder.hpp
[3.308s] -- Up-to-date symlink: /home/ziczac/dev/skripsi_code/ros2_workspace/install/lslidar_msgs/include/lslidar_msgs/lslidar_msgs/msg/detail/lslidar_point__struct.hpp
[3.308s] -- Up-to-date symlink: /home/ziczac/dev/skripsi_code/ros2_workspace/install/lslidar_msgs/include/lslidar_msgs/lslidar_msgs/msg/detail/lslidar_point__traits.hpp
[3.309s] -- Up-to-date symlink: /home/ziczac/dev/skripsi_code/ros2_workspace/install/lslidar_msgs/include/lslidar_msgs/lslidar_msgs/msg/detail/lslidar_scan__builder.hpp
[3.309s] -- Up-to-date symlink: /home/ziczac/dev/skripsi_code/ros2_workspace/install/lslidar_msgs/include/lslidar_msgs/lslidar_msgs/msg/detail/lslidar_scan__struct.hpp
[3.309s] -- Up-to-date symlink: /home/ziczac/dev/skripsi_code/ros2_workspace/install/lslidar_msgs/include/lslidar_msgs/lslidar_msgs/msg/detail/lslidar_scan__traits.hpp
[3.310s] -- Up-to-date symlink: /home/ziczac/dev/skripsi_code/ros2_workspace/install/lslidar_msgs/include/lslidar_msgs/lslidar_msgs/msg/detail/lslidar_sweep__builder.hpp
[3.311s] -- Up-to-date symlink: /home/ziczac/dev/skripsi_code/ros2_workspace/install/lslidar_msgs/include/lslidar_msgs/lslidar_msgs/msg/detail/lslidar_sweep__struct.hpp
[3.311s] -- Up-to-date symlink: /home/ziczac/dev/skripsi_code/ros2_workspace/install/lslidar_msgs/include/lslidar_msgs/lslidar_msgs/msg/detail/lslidar_sweep__traits.hpp
[3.311s] -- Up-to-date symlink: /home/ziczac/dev/skripsi_code/ros2_workspace/install/lslidar_msgs/include/lslidar_msgs/lslidar_msgs/msg/lslidar_difop.hpp
[3.311s] -- Up-to-date symlink: /home/ziczac/dev/skripsi_code/ros2_workspace/install/lslidar_msgs/include/lslidar_msgs/lslidar_msgs/msg/lslidar_packet.hpp
[3.311s] -- Up-to-date symlink: /home/ziczac/dev/skripsi_code/ros2_workspace/install/lslidar_msgs/include/lslidar_msgs/lslidar_msgs/msg/lslidar_point.hpp
[3.312s] -- Up-to-date symlink: /home/ziczac/dev/skripsi_code/ros2_workspace/install/lslidar_msgs/include/lslidar_msgs/lslidar_msgs/msg/lslidar_scan.hpp
[3.312s] -- Up-to-date symlink: /home/ziczac/dev/skripsi_code/ros2_workspace/install/lslidar_msgs/include/lslidar_msgs/lslidar_msgs/msg/lslidar_sweep.hpp
[3.313s] -- Up-to-date symlink: /home/ziczac/dev/skripsi_code/ros2_workspace/install/lslidar_msgs/include/lslidar_msgs/lslidar_msgs/msg/detail/lslidar_difop__rosidl_typesupport_fastrtps_cpp.hpp
[3.313s] -- Up-to-date symlink: /home/ziczac/dev/skripsi_code/ros2_workspace/install/lslidar_msgs/include/lslidar_msgs/lslidar_msgs/msg/detail/lslidar_packet__rosidl_typesupport_fastrtps_cpp.hpp
[3.315s] -- Up-to-date symlink: /home/ziczac/dev/skripsi_code/ros2_workspace/install/lslidar_msgs/include/lslidar_msgs/lslidar_msgs/msg/detail/lslidar_point__rosidl_typesupport_fastrtps_cpp.hpp
[3.315s] -- Up-to-date symlink: /home/ziczac/dev/skripsi_code/ros2_workspace/install/lslidar_msgs/include/lslidar_msgs/lslidar_msgs/msg/detail/lslidar_scan__rosidl_typesupport_fastrtps_cpp.hpp
[3.315s] -- Up-to-date symlink: /home/ziczac/dev/skripsi_code/ros2_workspace/install/lslidar_msgs/include/lslidar_msgs/lslidar_msgs/msg/detail/lslidar_sweep__rosidl_typesupport_fastrtps_cpp.hpp
[3.316s] -- Up-to-date symlink: /home/ziczac/dev/skripsi_code/ros2_workspace/install/lslidar_msgs/include/lslidar_msgs/lslidar_msgs/msg/rosidl_typesupport_fastrtps_cpp__visibility_control.h
[3.317s] -- Up-to-date symlink: /home/ziczac/dev/skripsi_code/ros2_workspace/install/lslidar_msgs/include/lslidar_msgs/lslidar_msgs/msg/detail/lslidar_difop__rosidl_typesupport_introspection_c.h
[3.317s] -- Up-to-date symlink: /home/ziczac/dev/skripsi_code/ros2_workspace/install/lslidar_msgs/include/lslidar_msgs/lslidar_msgs/msg/detail/lslidar_packet__rosidl_typesupport_introspection_c.h
[3.317s] -- Up-to-date symlink: /home/ziczac/dev/skripsi_code/ros2_workspace/install/lslidar_msgs/include/lslidar_msgs/lslidar_msgs/msg/detail/lslidar_point__rosidl_typesupport_introspection_c.h
[3.317s] -- Up-to-date symlink: /home/ziczac/dev/skripsi_code/ros2_workspace/install/lslidar_msgs/include/lslidar_msgs/lslidar_msgs/msg/detail/lslidar_scan__rosidl_typesupport_introspection_c.h
[3.317s] -- Up-to-date symlink: /home/ziczac/dev/skripsi_code/ros2_workspace/install/lslidar_msgs/include/lslidar_msgs/lslidar_msgs/msg/detail/lslidar_sweep__rosidl_typesupport_introspection_c.h
[3.318s] -- Up-to-date symlink: /home/ziczac/dev/skripsi_code/ros2_workspace/install/lslidar_msgs/include/lslidar_msgs/lslidar_msgs/msg/rosidl_typesupport_introspection_c__visibility_control.h
[3.318s] -- Up-to-date symlink: /home/ziczac/dev/skripsi_code/ros2_workspace/install/lslidar_msgs/include/lslidar_msgs/lslidar_msgs/msg/detail/lslidar_difop__rosidl_typesupport_introspection_cpp.hpp
[3.319s] -- Up-to-date symlink: /home/ziczac/dev/skripsi_code/ros2_workspace/install/lslidar_msgs/include/lslidar_msgs/lslidar_msgs/msg/detail/lslidar_packet__rosidl_typesupport_introspection_cpp.hpp
[3.319s] -- Up-to-date symlink: /home/ziczac/dev/skripsi_code/ros2_workspace/install/lslidar_msgs/include/lslidar_msgs/lslidar_msgs/msg/detail/lslidar_point__rosidl_typesupport_introspection_cpp.hpp
[3.319s] -- Up-to-date symlink: /home/ziczac/dev/skripsi_code/ros2_workspace/install/lslidar_msgs/include/lslidar_msgs/lslidar_msgs/msg/detail/lslidar_scan__rosidl_typesupport_introspection_cpp.hpp
[3.319s] -- Up-to-date symlink: /home/ziczac/dev/skripsi_code/ros2_workspace/install/lslidar_msgs/include/lslidar_msgs/lslidar_msgs/msg/detail/lslidar_sweep__rosidl_typesupport_introspection_cpp.hpp
[3.320s] -- Up-to-date symlink: /home/ziczac/dev/skripsi_code/ros2_workspace/install/lslidar_msgs/share/lslidar_msgs/environment/pythonpath.sh
[3.320s] -- Up-to-date symlink: /home/ziczac/dev/skripsi_code/ros2_workspace/install/lslidar_msgs/share/lslidar_msgs/environment/pythonpath.dsv
[3.322s] -- Up-to-date symlink: /home/ziczac/dev/skripsi_code/ros2_workspace/install/lslidar_msgs/local/lib/python3.10/dist-packages/lslidar_msgs-1.2.0-py3.10.egg-info/PKG-INFO
[3.322s] -- Up-to-date symlink: /home/ziczac/dev/skripsi_code/ros2_workspace/install/lslidar_msgs/local/lib/python3.10/dist-packages/lslidar_msgs-1.2.0-py3.10.egg-info/SOURCES.txt
[3.322s] -- Up-to-date symlink: /home/ziczac/dev/skripsi_code/ros2_workspace/install/lslidar_msgs/local/lib/python3.10/dist-packages/lslidar_msgs-1.2.0-py3.10.egg-info/dependency_links.txt
[3.322s] -- Up-to-date symlink: /home/ziczac/dev/skripsi_code/ros2_workspace/install/lslidar_msgs/local/lib/python3.10/dist-packages/lslidar_msgs-1.2.0-py3.10.egg-info/top_level.txt
[3.324s] -- Up-to-date symlink: /home/ziczac/dev/skripsi_code/ros2_workspace/install/lslidar_msgs/local/lib/python3.10/dist-packages/lslidar_msgs/__init__.py
[3.324s] -- Up-to-date symlink: /home/ziczac/dev/skripsi_code/ros2_workspace/install/lslidar_msgs/local/lib/python3.10/dist-packages/lslidar_msgs/_lslidar_msgs_s.ep.rosidl_typesupport_c.c
[3.325s] -- Up-to-date symlink: /home/ziczac/dev/skripsi_code/ros2_workspace/install/lslidar_msgs/local/lib/python3.10/dist-packages/lslidar_msgs/_lslidar_msgs_s.ep.rosidl_typesupport_fastrtps_c.c
[3.325s] -- Up-to-date symlink: /home/ziczac/dev/skripsi_code/ros2_workspace/install/lslidar_msgs/local/lib/python3.10/dist-packages/lslidar_msgs/_lslidar_msgs_s.ep.rosidl_typesupport_introspection_c.c
[3.330s] -- Up-to-date symlink: /home/ziczac/dev/skripsi_code/ros2_workspace/install/lslidar_msgs/local/lib/python3.10/dist-packages/lslidar_msgs/liblslidar_msgs__rosidl_generator_py.so
[3.331s] -- Up-to-date symlink: /home/ziczac/dev/skripsi_code/ros2_workspace/install/lslidar_msgs/local/lib/python3.10/dist-packages/lslidar_msgs/lslidar_msgs_s__rosidl_typesupport_c.cpython-310-x86_64-linux-gnu.so
[3.331s] -- Up-to-date symlink: /home/ziczac/dev/skripsi_code/ros2_workspace/install/lslidar_msgs/local/lib/python3.10/dist-packages/lslidar_msgs/lslidar_msgs_s__rosidl_typesupport_fastrtps_c.cpython-310-x86_64-linux-gnu.so
[3.331s] -- Up-to-date symlink: /home/ziczac/dev/skripsi_code/ros2_workspace/install/lslidar_msgs/local/lib/python3.10/dist-packages/lslidar_msgs/lslidar_msgs_s__rosidl_typesupport_introspection_c.cpython-310-x86_64-linux-gnu.so
[3.332s] -- Up-to-date symlink: /home/ziczac/dev/skripsi_code/ros2_workspace/install/lslidar_msgs/local/lib/python3.10/dist-packages/lslidar_msgs/msg/__init__.py
[3.332s] -- Up-to-date symlink: /home/ziczac/dev/skripsi_code/ros2_workspace/install/lslidar_msgs/local/lib/python3.10/dist-packages/lslidar_msgs/msg/_lslidar_difop.py
[3.332s] -- Up-to-date symlink: /home/ziczac/dev/skripsi_code/ros2_workspace/install/lslidar_msgs/local/lib/python3.10/dist-packages/lslidar_msgs/msg/_lslidar_difop_s.c
[3.332s] -- Up-to-date symlink: /home/ziczac/dev/skripsi_code/ros2_workspace/install/lslidar_msgs/local/lib/python3.10/dist-packages/lslidar_msgs/msg/_lslidar_packet.py
[3.333s] -- Up-to-date symlink: /home/ziczac/dev/skripsi_code/ros2_workspace/install/lslidar_msgs/local/lib/python3.10/dist-packages/lslidar_msgs/msg/_lslidar_packet_s.c
[3.333s] -- Up-to-date symlink: /home/ziczac/dev/skripsi_code/ros2_workspace/install/lslidar_msgs/local/lib/python3.10/dist-packages/lslidar_msgs/msg/_lslidar_point.py
[3.333s] -- Up-to-date symlink: /home/ziczac/dev/skripsi_code/ros2_workspace/install/lslidar_msgs/local/lib/python3.10/dist-packages/lslidar_msgs/msg/_lslidar_point_s.c
[3.334s] -- Up-to-date symlink: /home/ziczac/dev/skripsi_code/ros2_workspace/install/lslidar_msgs/local/lib/python3.10/dist-packages/lslidar_msgs/msg/_lslidar_scan.py
[3.334s] -- Up-to-date symlink: /home/ziczac/dev/skripsi_code/ros2_workspace/install/lslidar_msgs/local/lib/python3.10/dist-packages/lslidar_msgs/msg/_lslidar_scan_s.c
[3.335s] -- Up-to-date symlink: /home/ziczac/dev/skripsi_code/ros2_workspace/install/lslidar_msgs/local/lib/python3.10/dist-packages/lslidar_msgs/msg/_lslidar_sweep.py
[3.335s] -- Up-to-date symlink: /home/ziczac/dev/skripsi_code/ros2_workspace/install/lslidar_msgs/local/lib/python3.10/dist-packages/lslidar_msgs/msg/_lslidar_sweep_s.c
[3.560s] -- Up-to-date symlink: /home/ziczac/dev/skripsi_code/ros2_workspace/install/lslidar_msgs/local/lib/python3.10/dist-packages/lslidar_msgs/lslidar_msgs_s__rosidl_typesupport_fastrtps_c.cpython-310-x86_64-linux-gnu.so
[3.617s] -- Up-to-date symlink: /home/ziczac/dev/skripsi_code/ros2_workspace/install/lslidar_msgs/local/lib/python3.10/dist-packages/lslidar_msgs/lslidar_msgs_s__rosidl_typesupport_introspection_c.cpython-310-x86_64-linux-gnu.so
[3.717s] -- Up-to-date symlink: /home/ziczac/dev/skripsi_code/ros2_workspace/install/lslidar_msgs/local/lib/python3.10/dist-packages/lslidar_msgs/lslidar_msgs_s__rosidl_typesupport_c.cpython-310-x86_64-linux-gnu.so
[3.718s] -- Up-to-date symlink: /home/ziczac/dev/skripsi_code/ros2_workspace/install/lslidar_msgs/share/lslidar_msgs/msg/LslidarDifop.idl
[3.718s] -- Up-to-date symlink: /home/ziczac/dev/skripsi_code/ros2_workspace/install/lslidar_msgs/share/lslidar_msgs/msg/LslidarPacket.idl
[3.718s] -- Up-to-date symlink: /home/ziczac/dev/skripsi_code/ros2_workspace/install/lslidar_msgs/share/lslidar_msgs/msg/LslidarPoint.idl
[3.718s] -- Up-to-date symlink: /home/ziczac/dev/skripsi_code/ros2_workspace/install/lslidar_msgs/share/lslidar_msgs/msg/LslidarScan.idl
[3.719s] -- Up-to-date symlink: /home/ziczac/dev/skripsi_code/ros2_workspace/install/lslidar_msgs/share/lslidar_msgs/msg/LslidarSweep.idl
[3.719s] -- Up-to-date symlink: /home/ziczac/dev/skripsi_code/ros2_workspace/install/lslidar_msgs/share/lslidar_msgs/msg/LslidarDifop.msg
[3.719s] -- Up-to-date symlink: /home/ziczac/dev/skripsi_code/ros2_workspace/install/lslidar_msgs/share/lslidar_msgs/msg/LslidarPacket.msg
[3.719s] -- Up-to-date symlink: /home/ziczac/dev/skripsi_code/ros2_workspace/install/lslidar_msgs/share/lslidar_msgs/msg/LslidarPoint.msg
[3.720s] -- Up-to-date symlink: /home/ziczac/dev/skripsi_code/ros2_workspace/install/lslidar_msgs/share/lslidar_msgs/msg/LslidarScan.msg
[3.720s] -- Up-to-date symlink: /home/ziczac/dev/skripsi_code/ros2_workspace/install/lslidar_msgs/share/lslidar_msgs/msg/LslidarSweep.msg
[3.723s] -- Up-to-date symlink: /home/ziczac/dev/skripsi_code/ros2_workspace/install/lslidar_msgs/share/ament_index/resource_index/package_run_dependencies/lslidar_msgs
[3.723s] -- Up-to-date symlink: /home/ziczac/dev/skripsi_code/ros2_workspace/install/lslidar_msgs/share/ament_index/resource_index/parent_prefix_path/lslidar_msgs
[3.723s] -- Up-to-date symlink: /home/ziczac/dev/skripsi_code/ros2_workspace/install/lslidar_msgs/share/lslidar_msgs/environment/ament_prefix_path.sh
[3.723s] -- Up-to-date symlink: /home/ziczac/dev/skripsi_code/ros2_workspace/install/lslidar_msgs/share/lslidar_msgs/environment/ament_prefix_path.dsv
[3.723s] -- Up-to-date symlink: /home/ziczac/dev/skripsi_code/ros2_workspace/install/lslidar_msgs/share/lslidar_msgs/environment/path.sh
[3.724s] -- Up-to-date symlink: /home/ziczac/dev/skripsi_code/ros2_workspace/install/lslidar_msgs/share/lslidar_msgs/environment/path.dsv
[3.724s] -- Up-to-date symlink: /home/ziczac/dev/skripsi_code/ros2_workspace/install/lslidar_msgs/share/lslidar_msgs/local_setup.bash
[3.724s] -- Up-to-date symlink: /home/ziczac/dev/skripsi_code/ros2_workspace/install/lslidar_msgs/share/lslidar_msgs/local_setup.sh
[3.724s] -- Up-to-date symlink: /home/ziczac/dev/skripsi_code/ros2_workspace/install/lslidar_msgs/share/lslidar_msgs/local_setup.zsh
[3.725s] -- Up-to-date symlink: /home/ziczac/dev/skripsi_code/ros2_workspace/install/lslidar_msgs/share/lslidar_msgs/local_setup.dsv
[3.727s] -- Symlinking: /home/ziczac/dev/skripsi_code/ros2_workspace/install/lslidar_msgs/share/lslidar_msgs/package.dsv
[3.748s] -- Up-to-date symlink: /home/ziczac/dev/skripsi_code/ros2_workspace/install/lslidar_msgs/share/ament_index/resource_index/packages/lslidar_msgs
[3.749s] -- Up-to-date symlink: /home/ziczac/dev/skripsi_code/ros2_workspace/install/lslidar_msgs/share/lslidar_msgs/cmake/rosidl_cmake-extras.cmake
[3.749s] -- Up-to-date symlink: /home/ziczac/dev/skripsi_code/ros2_workspace/install/lslidar_msgs/share/lslidar_msgs/cmake/ament_cmake_export_dependencies-extras.cmake
[3.749s] -- Up-to-date symlink: /home/ziczac/dev/skripsi_code/ros2_workspace/install/lslidar_msgs/share/lslidar_msgs/cmake/ament_cmake_export_include_directories-extras.cmake
[3.749s] -- Up-to-date symlink: /home/ziczac/dev/skripsi_code/ros2_workspace/install/lslidar_msgs/share/lslidar_msgs/cmake/ament_cmake_export_libraries-extras.cmake
[3.750s] -- Up-to-date symlink: /home/ziczac/dev/skripsi_code/ros2_workspace/install/lslidar_msgs/share/lslidar_msgs/cmake/ament_cmake_export_targets-extras.cmake
[3.750s] -- Up-to-date symlink: /home/ziczac/dev/skripsi_code/ros2_workspace/install/lslidar_msgs/share/lslidar_msgs/cmake/rosidl_cmake_export_typesupport_targets-extras.cmake
[3.750s] -- Up-to-date symlink: /home/ziczac/dev/skripsi_code/ros2_workspace/install/lslidar_msgs/share/lslidar_msgs/cmake/rosidl_cmake_export_typesupport_libraries-extras.cmake
[3.751s] -- Up-to-date symlink: /home/ziczac/dev/skripsi_code/ros2_workspace/install/lslidar_msgs/share/lslidar_msgs/cmake/lslidar_msgsConfig.cmake
[3.751s] -- Up-to-date symlink: /home/ziczac/dev/skripsi_code/ros2_workspace/install/lslidar_msgs/share/lslidar_msgs/cmake/lslidar_msgsConfig-version.cmake
[3.751s] -- Up-to-date symlink: /home/ziczac/dev/skripsi_code/ros2_workspace/install/lslidar_msgs/share/lslidar_msgs/package.xml
[3.752s] -- Up-to-date: /home/ziczac/dev/skripsi_code/ros2_workspace/install/lslidar_msgs/lib/liblslidar_msgs__rosidl_generator_c.so
[3.938s] -- Up-to-date: /home/ziczac/dev/skripsi_code/ros2_workspace/install/lslidar_msgs/lib/liblslidar_msgs__rosidl_typesupport_fastrtps_c.so
[4.048s] -- Up-to-date: /home/ziczac/dev/skripsi_code/ros2_workspace/install/lslidar_msgs/lib/liblslidar_msgs__rosidl_typesupport_fastrtps_cpp.so
[4.049s] -- Up-to-date: /home/ziczac/dev/skripsi_code/ros2_workspace/install/lslidar_msgs/lib/liblslidar_msgs__rosidl_typesupport_introspection_c.so
[4.050s] -- Up-to-date: /home/ziczac/dev/skripsi_code/ros2_workspace/install/lslidar_msgs/lib/liblslidar_msgs__rosidl_typesupport_c.so
[4.051s] -- Up-to-date: /home/ziczac/dev/skripsi_code/ros2_workspace/install/lslidar_msgs/lib/liblslidar_msgs__rosidl_typesupport_introspection_cpp.so
[4.052s] -- Up-to-date: /home/ziczac/dev/skripsi_code/ros2_workspace/install/lslidar_msgs/lib/liblslidar_msgs__rosidl_typesupport_cpp.so
[4.125s] Listing '/home/ziczac/dev/skripsi_code/ros2_workspace/install/lslidar_msgs/local/lib/python3.10/dist-packages/lslidar_msgs'...
[4.125s] Listing '/home/ziczac/dev/skripsi_code/ros2_workspace/install/lslidar_msgs/local/lib/python3.10/dist-packages/lslidar_msgs/msg'...
[4.134s] -- Up-to-date: /home/ziczac/dev/skripsi_code/ros2_workspace/install/lslidar_msgs/lib/liblslidar_msgs__rosidl_generator_py.so
[4.135s] -- Up-to-date: /home/ziczac/dev/skripsi_code/ros2_workspace/install/lslidar_msgs/share/lslidar_msgs/cmake/export_lslidar_msgs__rosidl_generator_cExport.cmake
[4.135s] -- Up-to-date: /home/ziczac/dev/skripsi_code/ros2_workspace/install/lslidar_msgs/share/lslidar_msgs/cmake/export_lslidar_msgs__rosidl_generator_cExport-noconfig.cmake
[4.135s] -- Up-to-date: /home/ziczac/dev/skripsi_code/ros2_workspace/install/lslidar_msgs/share/lslidar_msgs/cmake/export_lslidar_msgs__rosidl_typesupport_fastrtps_cExport.cmake
[4.136s] -- Up-to-date: /home/ziczac/dev/skripsi_code/ros2_workspace/install/lslidar_msgs/share/lslidar_msgs/cmake/export_lslidar_msgs__rosidl_typesupport_fastrtps_cExport-noconfig.cmake
[4.136s] -- Up-to-date: /home/ziczac/dev/skripsi_code/ros2_workspace/install/lslidar_msgs/share/lslidar_msgs/cmake/export_lslidar_msgs__rosidl_generator_cppExport.cmake
[4.136s] -- Up-to-date: /home/ziczac/dev/skripsi_code/ros2_workspace/install/lslidar_msgs/share/lslidar_msgs/cmake/export_lslidar_msgs__rosidl_typesupport_fastrtps_cppExport.cmake
[4.136s] -- Up-to-date: /home/ziczac/dev/skripsi_code/ros2_workspace/install/lslidar_msgs/share/lslidar_msgs/cmake/export_lslidar_msgs__rosidl_typesupport_fastrtps_cppExport-noconfig.cmake
[4.136s] -- Up-to-date: /home/ziczac/dev/skripsi_code/ros2_workspace/install/lslidar_msgs/share/lslidar_msgs/cmake/lslidar_msgs__rosidl_typesupport_introspection_cExport.cmake
[4.137s] -- Up-to-date: /home/ziczac/dev/skripsi_code/ros2_workspace/install/lslidar_msgs/share/lslidar_msgs/cmake/lslidar_msgs__rosidl_typesupport_introspection_cExport-noconfig.cmake
[4.137s] -- Up-to-date: /home/ziczac/dev/skripsi_code/ros2_workspace/install/lslidar_msgs/share/lslidar_msgs/cmake/lslidar_msgs__rosidl_typesupport_cExport.cmake
[4.137s] -- Up-to-date: /home/ziczac/dev/skripsi_code/ros2_workspace/install/lslidar_msgs/share/lslidar_msgs/cmake/lslidar_msgs__rosidl_typesupport_cExport-noconfig.cmake
[4.137s] -- Up-to-date: /home/ziczac/dev/skripsi_code/ros2_workspace/install/lslidar_msgs/share/lslidar_msgs/cmake/lslidar_msgs__rosidl_typesupport_introspection_cppExport.cmake
[4.137s] -- Up-to-date: /home/ziczac/dev/skripsi_code/ros2_workspace/install/lslidar_msgs/share/lslidar_msgs/cmake/lslidar_msgs__rosidl_typesupport_introspection_cppExport-noconfig.cmake
[4.138s] -- Up-to-date: /home/ziczac/dev/skripsi_code/ros2_workspace/install/lslidar_msgs/share/lslidar_msgs/cmake/lslidar_msgs__rosidl_typesupport_cppExport.cmake
[4.138s] -- Up-to-date: /home/ziczac/dev/skripsi_code/ros2_workspace/install/lslidar_msgs/share/lslidar_msgs/cmake/lslidar_msgs__rosidl_typesupport_cppExport-noconfig.cmake
[4.138s] -- Up-to-date: /home/ziczac/dev/skripsi_code/ros2_workspace/install/lslidar_msgs/share/lslidar_msgs/cmake/export_lslidar_msgs__rosidl_generator_pyExport.cmake
[4.138s] -- Up-to-date: /home/ziczac/dev/skripsi_code/ros2_workspace/install/lslidar_msgs/share/lslidar_msgs/cmake/export_lslidar_msgs__rosidl_generator_pyExport-noconfig.cmake
[4.735s] Invoked command in '/home/ziczac/dev/skripsi_code/ros2_workspace/build/lslidar_msgs' returned '0': CMAKE_PREFIX_PATH=/opt/ros/humble /usr/bin/cmake --install /home/ziczac/dev/skripsi_code/ros2_workspace/build/lslidar_msgs
