[2.823s] Invoking command in '/home/ziczac/dev/skripsi_code/ros2_workspace/build/my_bot': CMAKE_PREFIX_PATH=/opt/ros/humble /usr/bin/cmake /home/ziczac/dev/skripsi_code/ros2_workspace/src/my_bot -DAMENT_CMAKE_SYMLINK_INSTALL=1 -DCMAKE_INSTALL_PREFIX=/home/ziczac/dev/skripsi_code/ros2_workspace/install/my_bot
[2.954s] -- The C compiler identification is GNU 11.4.0
[3.763s] -- The CXX compiler identification is GNU 11.4.0
[3.849s] -- Detecting C compiler ABI info
[4.706s] -- Detecting C compiler ABI info - done
[4.768s] -- Check for working C compiler: /usr/bin/cc - skipped
[4.770s] -- Detecting C compile features
[4.774s] -- Detecting C compile features - done
[4.799s] -- Detecting CXX compiler ABI info
[5.384s] -- Detecting CXX compiler ABI info - done
[5.406s] -- Check for working CXX compiler: /usr/bin/c++ - skipped
[5.407s] -- Detecting CXX compile features
[5.408s] -- Detecting CXX compile features - done
[5.420s] -- Found ament_cmake: 1.3.8 (/opt/ros/humble/share/ament_cmake/cmake)
[6.382s] -- Found Python3: /usr/bin/python3 (found version "3.10.12") found components: Interpreter 
[7.000s] -- Override CMake install command with custom implementation using symlinks instead of copying resources
[7.751s] -- Found ament_lint_auto: 0.12.10 (/opt/ros/humble/share/ament_lint_auto/cmake)
[9.122s] -- Added test 'copyright' to check source files copyright and LICENSE
[9.355s] -- Added test 'flake8' to check Python code syntax and style conventions
[9.428s] -- Added test 'lint_cmake' to check CMake code style
[9.457s] -- Added test 'pep257' to check Python code against some of the docstring style conventions in PEP 257
[9.551s] -- Added test 'xmllint' to check XML markup files
[9.558s] -- Configuring done
[9.574s] -- Generating done
[9.579s] -- Build files have been written to: /home/ziczac/dev/skripsi_code/ros2_workspace/build/my_bot
[9.599s] Invoked command in '/home/ziczac/dev/skripsi_code/ros2_workspace/build/my_bot' returned '0': CMAKE_PREFIX_PATH=/opt/ros/humble /usr/bin/cmake /home/ziczac/dev/skripsi_code/ros2_workspace/src/my_bot -DAMENT_CMAKE_SYMLINK_INSTALL=1 -DCMAKE_INSTALL_PREFIX=/home/ziczac/dev/skripsi_code/ros2_workspace/install/my_bot
[9.605s] Invoking command in '/home/ziczac/dev/skripsi_code/ros2_workspace/build/my_bot': CMAKE_PREFIX_PATH=/opt/ros/humble /usr/bin/cmake --build /home/ziczac/dev/skripsi_code/ros2_workspace/build/my_bot -- -j8 -l8
[11.218s] Invoked command in '/home/ziczac/dev/skripsi_code/ros2_workspace/build/my_bot' returned '0': CMAKE_PREFIX_PATH=/opt/ros/humble /usr/bin/cmake --build /home/ziczac/dev/skripsi_code/ros2_workspace/build/my_bot -- -j8 -l8
[11.444s] Invoking command in '/home/ziczac/dev/skripsi_code/ros2_workspace/build/my_bot': CMAKE_PREFIX_PATH=/opt/ros/humble /usr/bin/cmake --install /home/ziczac/dev/skripsi_code/ros2_workspace/build/my_bot
[11.472s] -- Install configuration: ""
[11.476s] -- Execute custom install script
[11.480s] -- Up-to-date symlink: /home/ziczac/dev/skripsi_code/ros2_workspace/install/my_bot/share/my_bot/config/empty.yaml
[11.488s] -- Up-to-date symlink: /home/ziczac/dev/skripsi_code/ros2_workspace/install/my_bot/share/my_bot/config/gazebo_params.yaml
[11.492s] -- Up-to-date symlink: /home/ziczac/dev/skripsi_code/ros2_workspace/install/my_bot/share/my_bot/config/mapper_params_online_async.yaml
[11.496s] -- Up-to-date symlink: /home/ziczac/dev/skripsi_code/ros2_workspace/install/my_bot/share/my_bot/config/rviz2_learn.rviz
[11.498s] -- Up-to-date symlink: /home/ziczac/dev/skripsi_code/ros2_workspace/install/my_bot/share/my_bot/description/gazebo_control.xacro
[11.500s] -- Up-to-date symlink: /home/ziczac/dev/skripsi_code/ros2_workspace/install/my_bot/share/my_bot/description/inertial_macros.xacro
[11.503s] -- Up-to-date symlink: /home/ziczac/dev/skripsi_code/ros2_workspace/install/my_bot/share/my_bot/description/lidar.xacro
[11.505s] -- Up-to-date symlink: /home/ziczac/dev/skripsi_code/ros2_workspace/install/my_bot/share/my_bot/description/robot.urdf.xacro
[11.508s] -- Up-to-date symlink: /home/ziczac/dev/skripsi_code/ros2_workspace/install/my_bot/share/my_bot/description/robot_core.xacro
[11.510s] -- Up-to-date symlink: /home/ziczac/dev/skripsi_code/ros2_workspace/install/my_bot/share/my_bot/launch/launch_sim.launch.py
[11.512s] -- Up-to-date symlink: /home/ziczac/dev/skripsi_code/ros2_workspace/install/my_bot/share/my_bot/launch/rsp.launch.py
[11.514s] -- Up-to-date symlink: /home/ziczac/dev/skripsi_code/ros2_workspace/install/my_bot/share/my_bot/worlds/4x6+pwst.world
[11.515s] -- Up-to-date symlink: /home/ziczac/dev/skripsi_code/ros2_workspace/install/my_bot/share/my_bot/worlds/4x6.world
[11.516s] -- Up-to-date symlink: /home/ziczac/dev/skripsi_code/ros2_workspace/install/my_bot/share/my_bot/worlds/empty.world
[11.518s] -- Up-to-date symlink: /home/ziczac/dev/skripsi_code/ros2_workspace/install/my_bot/share/my_bot/worlds/ruangan.world
[11.518s] -- Up-to-date symlink: /home/ziczac/dev/skripsi_code/ros2_workspace/install/my_bot/share/ament_index/resource_index/package_run_dependencies/my_bot
[11.518s] -- Up-to-date symlink: /home/ziczac/dev/skripsi_code/ros2_workspace/install/my_bot/share/ament_index/resource_index/parent_prefix_path/my_bot
[11.518s] -- Up-to-date symlink: /home/ziczac/dev/skripsi_code/ros2_workspace/install/my_bot/share/my_bot/environment/ament_prefix_path.sh
[11.519s] -- Up-to-date symlink: /home/ziczac/dev/skripsi_code/ros2_workspace/install/my_bot/share/my_bot/environment/ament_prefix_path.dsv
[11.519s] -- Up-to-date symlink: /home/ziczac/dev/skripsi_code/ros2_workspace/install/my_bot/share/my_bot/environment/path.sh
[11.519s] -- Up-to-date symlink: /home/ziczac/dev/skripsi_code/ros2_workspace/install/my_bot/share/my_bot/environment/path.dsv
[11.519s] -- Up-to-date symlink: /home/ziczac/dev/skripsi_code/ros2_workspace/install/my_bot/share/my_bot/local_setup.bash
[11.519s] -- Up-to-date symlink: /home/ziczac/dev/skripsi_code/ros2_workspace/install/my_bot/share/my_bot/local_setup.sh
[11.520s] -- Up-to-date symlink: /home/ziczac/dev/skripsi_code/ros2_workspace/install/my_bot/share/my_bot/local_setup.zsh
[11.520s] -- Up-to-date symlink: /home/ziczac/dev/skripsi_code/ros2_workspace/install/my_bot/share/my_bot/local_setup.dsv
[11.520s] -- Symlinking: /home/ziczac/dev/skripsi_code/ros2_workspace/install/my_bot/share/my_bot/package.dsv
[11.536s] -- Up-to-date symlink: /home/ziczac/dev/skripsi_code/ros2_workspace/install/my_bot/share/ament_index/resource_index/packages/my_bot
[11.537s] -- Up-to-date symlink: /home/ziczac/dev/skripsi_code/ros2_workspace/install/my_bot/share/my_bot/cmake/my_botConfig.cmake
[11.539s] -- Up-to-date symlink: /home/ziczac/dev/skripsi_code/ros2_workspace/install/my_bot/share/my_bot/cmake/my_botConfig-version.cmake
[11.540s] -- Up-to-date symlink: /home/ziczac/dev/skripsi_code/ros2_workspace/install/my_bot/share/my_bot/package.xml
[11.558s] Invoked command in '/home/ziczac/dev/skripsi_code/ros2_workspace/build/my_bot' returned '0': CMAKE_PREFIX_PATH=/opt/ros/humble /usr/bin/cmake --install /home/ziczac/dev/skripsi_code/ros2_workspace/build/my_bot
