[13.662s] Invoking command in '/home/ziczac/dev/skripsi_code/ros2_workspace/build/rosboard': PYTHONPATH=/home/ziczac/dev/skripsi_code/ros2_workspace/build/rosboard/prefix_override:/home/ziczac/dev/skripsi_code/ros2_workspace/install/rosboard/lib/python3.10/site-packages:${PYTHONPATH} /usr/bin/python3 setup.py develop --editable --build-directory /home/ziczac/dev/skripsi_code/ros2_workspace/build/rosboard/build --no-deps install_data
[14.856s] running develop
[14.890s] /home/ziczac/.local/lib/python3.10/site-packages/setuptools/command/develop.py:40: EasyInstallDeprecationWarning: easy_install command is deprecated.
[14.890s] !!
[14.890s] 
[14.890s]         ********************************************************************************
[14.891s]         Please avoid running ``setup.py`` and ``easy_install``.
[14.891s]         Instead, use pypa/build, pypa/installer or other
[14.891s]         standards-based tools.
[14.892s] 
[14.892s]         See https://github.com/pypa/setuptools/issues/917 for details.
[14.893s]         ********************************************************************************
[14.893s] 
[14.893s] !!
[14.894s]   easy_install.initialize_options(self)
[15.127s] /home/ziczac/.local/lib/python3.10/site-packages/setuptools/_distutils/cmd.py:66: SetuptoolsDeprecationWarning: setup.py install is deprecated.
[15.128s] !!
[15.128s] 
[15.128s]         ********************************************************************************
[15.128s]         Please avoid running ``setup.py`` directly.
[15.129s]         Instead, use pypa/build, pypa/installer or other
[15.129s]         standards-based tools.
[15.129s] 
[15.129s]         See https://blog.ganssle.io/articles/2021/10/setup-py-deprecated.html for details.
[15.130s]         ********************************************************************************
[15.130s] 
[15.130s] !!
[15.130s]   self.initialize_options()
[16.160s] running egg_info
[16.260s] writing rosboard.egg-info/PKG-INFO
[16.262s] writing dependency_links to rosboard.egg-info/dependency_links.txt
[16.264s] writing entry points to rosboard.egg-info/entry_points.txt
[16.264s] writing requirements to rosboard.egg-info/requires.txt
[16.265s] writing top-level names to rosboard.egg-info/top_level.txt
[16.488s] reading manifest file 'rosboard.egg-info/SOURCES.txt'
[16.496s] writing manifest file 'rosboard.egg-info/SOURCES.txt'
[16.582s] running build_ext
[16.583s] Creating /home/ziczac/dev/skripsi_code/ros2_workspace/install/rosboard/lib/python3.10/site-packages/rosboard.egg-link (link to .)
[16.588s] Installing rosboard_node script to /home/ziczac/dev/skripsi_code/ros2_workspace/install/rosboard/lib/rosboard
[16.589s] 
[16.589s] Installed /home/ziczac/dev/skripsi_code/ros2_workspace/build/rosboard
[16.589s] running install_data
[16.589s] copying package.xml -> /home/ziczac/dev/skripsi_code/ros2_workspace/install/rosboard/share/rosboard
[17.558s] Invoked command in '/home/ziczac/dev/skripsi_code/ros2_workspace/build/rosboard' returned '0': PYTHONPATH=/home/ziczac/dev/skripsi_code/ros2_workspace/build/rosboard/prefix_override:/home/ziczac/dev/skripsi_code/ros2_workspace/install/rosboard/lib/python3.10/site-packages:${PYTHONPATH} /usr/bin/python3 setup.py develop --editable --build-directory /home/ziczac/dev/skripsi_code/ros2_workspace/build/rosboard/build --no-deps install_data
