running develop
Removing /home/ziczac/dev/skripsi_code/ros2_workspace/install/motor/lib/python3.10/site-packages/motor.egg-link (link to .)
running egg_info
writing ../../build/motor/motor.egg-info/PKG-INFO
writing dependency_links to ../../build/motor/motor.egg-info/dependency_links.txt
writing entry points to ../../build/motor/motor.egg-info/entry_points.txt
writing requirements to ../../build/motor/motor.egg-info/requires.txt
writing top-level names to ../../build/motor/motor.egg-info/top_level.txt
reading manifest file '../../build/motor/motor.egg-info/SOURCES.txt'
writing manifest file '../../build/motor/motor.egg-info/SOURCES.txt'
running build
running build_py
copying motor/motor.py -> /home/ziczac/dev/skripsi_code/ros2_workspace/build/motor/build/lib/motor
running install
running install_lib
creating /home/ziczac/dev/skripsi_code/ros2_workspace/install/motor/lib/python3.10/site-packages/motor
copying /home/ziczac/dev/skripsi_code/ros2_workspace/build/motor/build/lib/motor/motor.py -> /home/ziczac/dev/skripsi_code/ros2_workspace/install/motor/lib/python3.10/site-packages/motor
copying /home/ziczac/dev/skripsi_code/ros2_workspace/build/motor/build/lib/motor/__init__.py -> /home/ziczac/dev/skripsi_code/ros2_workspace/install/motor/lib/python3.10/site-packages/motor
creating /home/ziczac/dev/skripsi_code/ros2_workspace/install/motor/lib/python3.10/site-packages/modules
copying /home/ziczac/dev/skripsi_code/ros2_workspace/build/motor/build/lib/modules/ddsm115.py -> /home/ziczac/dev/skripsi_code/ros2_workspace/install/motor/lib/python3.10/site-packages/modules
copying /home/ziczac/dev/skripsi_code/ros2_workspace/build/motor/build/lib/modules/__init__.py -> /home/ziczac/dev/skripsi_code/ros2_workspace/install/motor/lib/python3.10/site-packages/modules
byte-compiling /home/ziczac/dev/skripsi_code/ros2_workspace/install/motor/lib/python3.10/site-packages/motor/motor.py to motor.cpython-310.pyc
byte-compiling /home/ziczac/dev/skripsi_code/ros2_workspace/install/motor/lib/python3.10/site-packages/motor/__init__.py to __init__.cpython-310.pyc
byte-compiling /home/ziczac/dev/skripsi_code/ros2_workspace/install/motor/lib/python3.10/site-packages/modules/ddsm115.py to ddsm115.cpython-310.pyc
byte-compiling /home/ziczac/dev/skripsi_code/ros2_workspace/install/motor/lib/python3.10/site-packages/modules/__init__.py to __init__.cpython-310.pyc
running install_data
running install_egg_info
Copying ../../build/motor/motor.egg-info to /home/ziczac/dev/skripsi_code/ros2_workspace/install/motor/lib/python3.10/site-packages/motor-0.0.0-py3.10.egg-info
running install_scripts
Installing motor script to /home/ziczac/dev/skripsi_code/ros2_workspace/install/motor/lib/motor
writing list of installed files to '/home/ziczac/dev/skripsi_code/ros2_workspace/build/motor/install.log'
