[3.938s] Invoking command in '/home/ziczac/dev/skripsi_code/ros2_workspace/build/motor': PYTHONPATH=/home/ziczac/dev/skripsi_code/ros2_workspace/build/motor/prefix_override:/home/ziczac/dev/skripsi_code/ros2_workspace/install/motor/lib/python3.10/site-packages:${PYTHONPATH} /usr/bin/python3 setup.py develop --uninstall --editable --build-directory /home/ziczac/dev/skripsi_code/ros2_workspace/build/motor/build
[5.229s] running develop
[5.880s] Removing /home/ziczac/dev/skripsi_code/ros2_workspace/install/motor/lib/python3.10/site-packages/motor.egg-link (link to .)
[6.025s] Invoked command in '/home/ziczac/dev/skripsi_code/ros2_workspace/build/motor' returned '0': PYTHONPATH=/home/ziczac/dev/skripsi_code/ros2_workspace/build/motor/prefix_override:/home/ziczac/dev/skripsi_code/ros2_workspace/install/motor/lib/python3.10/site-packages:${PYTHONPATH} /usr/bin/python3 setup.py develop --uninstall --editable --build-directory /home/ziczac/dev/skripsi_code/ros2_workspace/build/motor/build
[6.026s] Invoking command in '/home/ziczac/dev/skripsi_code/ros2_workspace/src/motor': PYTHONPATH=/home/ziczac/dev/skripsi_code/ros2_workspace/build/motor/prefix_override:/home/ziczac/dev/skripsi_code/ros2_workspace/install/motor/lib/python3.10/site-packages:${PYTHONPATH} /usr/bin/python3 setup.py egg_info --egg-base ../../build/motor build --build-base /home/ziczac/dev/skripsi_code/ros2_workspace/build/motor/build install --record /home/ziczac/dev/skripsi_code/ros2_workspace/build/motor/install.log --single-version-externally-managed
[6.746s] running egg_info
[6.747s] writing ../../build/motor/motor.egg-info/PKG-INFO
[6.858s] writing dependency_links to ../../build/motor/motor.egg-info/dependency_links.txt
[6.858s] writing entry points to ../../build/motor/motor.egg-info/entry_points.txt
[6.859s] writing requirements to ../../build/motor/motor.egg-info/requires.txt
[6.859s] writing top-level names to ../../build/motor/motor.egg-info/top_level.txt
[6.864s] reading manifest file '../../build/motor/motor.egg-info/SOURCES.txt'
[7.023s] writing manifest file '../../build/motor/motor.egg-info/SOURCES.txt'
[7.024s] running build
[7.024s] running build_py
[7.024s] copying motor/motor.py -> /home/ziczac/dev/skripsi_code/ros2_workspace/build/motor/build/lib/motor
[7.045s] running install
[7.046s] running install_lib
[7.051s] creating /home/ziczac/dev/skripsi_code/ros2_workspace/install/motor/lib/python3.10/site-packages/motor
[7.053s] copying /home/ziczac/dev/skripsi_code/ros2_workspace/build/motor/build/lib/motor/motor.py -> /home/ziczac/dev/skripsi_code/ros2_workspace/install/motor/lib/python3.10/site-packages/motor
[7.054s] copying /home/ziczac/dev/skripsi_code/ros2_workspace/build/motor/build/lib/motor/__init__.py -> /home/ziczac/dev/skripsi_code/ros2_workspace/install/motor/lib/python3.10/site-packages/motor
[7.055s] creating /home/ziczac/dev/skripsi_code/ros2_workspace/install/motor/lib/python3.10/site-packages/modules
[7.055s] copying /home/ziczac/dev/skripsi_code/ros2_workspace/build/motor/build/lib/modules/ddsm115.py -> /home/ziczac/dev/skripsi_code/ros2_workspace/install/motor/lib/python3.10/site-packages/modules
[7.056s] copying /home/ziczac/dev/skripsi_code/ros2_workspace/build/motor/build/lib/modules/__init__.py -> /home/ziczac/dev/skripsi_code/ros2_workspace/install/motor/lib/python3.10/site-packages/modules
[7.058s] byte-compiling /home/ziczac/dev/skripsi_code/ros2_workspace/install/motor/lib/python3.10/site-packages/motor/motor.py to motor.cpython-310.pyc
[7.061s] byte-compiling /home/ziczac/dev/skripsi_code/ros2_workspace/install/motor/lib/python3.10/site-packages/motor/__init__.py to __init__.cpython-310.pyc
[7.062s] byte-compiling /home/ziczac/dev/skripsi_code/ros2_workspace/install/motor/lib/python3.10/site-packages/modules/ddsm115.py to ddsm115.cpython-310.pyc
[7.068s] byte-compiling /home/ziczac/dev/skripsi_code/ros2_workspace/install/motor/lib/python3.10/site-packages/modules/__init__.py to __init__.cpython-310.pyc
[7.068s] running install_data
[7.070s] running install_egg_info
[7.076s] Copying ../../build/motor/motor.egg-info to /home/ziczac/dev/skripsi_code/ros2_workspace/install/motor/lib/python3.10/site-packages/motor-0.0.0-py3.10.egg-info
[7.214s] running install_scripts
[7.293s] Installing motor script to /home/ziczac/dev/skripsi_code/ros2_workspace/install/motor/lib/motor
[7.294s] writing list of installed files to '/home/ziczac/dev/skripsi_code/ros2_workspace/build/motor/install.log'
[8.509s] Invoked command in '/home/ziczac/dev/skripsi_code/ros2_workspace/src/motor' returned '0': PYTHONPATH=/home/ziczac/dev/skripsi_code/ros2_workspace/build/motor/prefix_override:/home/ziczac/dev/skripsi_code/ros2_workspace/install/motor/lib/python3.10/site-packages:${PYTHONPATH} /usr/bin/python3 setup.py egg_info --egg-base ../../build/motor build --build-base /home/ziczac/dev/skripsi_code/ros2_workspace/build/motor/build install --record /home/ziczac/dev/skripsi_code/ros2_workspace/build/motor/install.log --single-version-externally-managed
