[1.047s] Invoking command in '/home/ziczac/dev/skripsi_code/ros2_workspace/build/occupancy_grid': CMAKE_PREFIX_PATH=/opt/ros/humble /usr/bin/cmake /home/ziczac/dev/skripsi_code/ros2_workspace/src/ros2_occupancy_grid -DAMENT_CMAKE_SYMLINK_INSTALL=1 -DCMAKE_INSTALL_PREFIX=/home/ziczac/dev/skripsi_code/ros2_workspace/install/occupancy_grid
[5.227s] -- The C compiler identification is GNU 11.4.0
[7.058s] -- The CXX compiler identification is GNU 11.4.0
[7.209s] -- Detecting C compiler ABI info
[7.710s] -- Detecting C compiler ABI info - done
[7.742s] -- Check for working C compiler: /usr/bin/cc - skipped
[7.745s] -- Detecting C compile features
[7.785s] -- Detecting C compile features - done
[7.797s] -- Detecting CXX compiler ABI info
[8.220s] -- Detecting CXX compiler ABI info - done
[8.239s] -- Check for working CXX compiler: /usr/bin/c++ - skipped
[8.240s] -- Detecting CXX compile features
[8.241s] -- Detecting CXX compile features - done
[8.393s] -- Found ament_cmake: 1.3.8 (/opt/ros/humble/share/ament_cmake/cmake)
[9.869s] -- Found Python3: /usr/bin/python3 (found version "3.10.12") found components: Interpreter 
[10.261s] -- Override CMake install command with custom implementation using symlinks instead of copying resources
[11.546s] -- Found rclcpp: 16.0.8 (/opt/ros/humble/share/rclcpp/cmake)
[12.395s] -- Found rosidl_generator_c: 3.1.5 (/opt/ros/humble/share/rosidl_generator_c/cmake)
[12.541s] -- Found rosidl_adapter: 3.1.5 (/opt/ros/humble/share/rosidl_adapter/cmake)
[12.686s] -- Found rosidl_generator_cpp: 3.1.5 (/opt/ros/humble/share/rosidl_generator_cpp/cmake)
[13.119s] -- Using all available rosidl_typesupport_c: rosidl_typesupport_fastrtps_c;rosidl_typesupport_introspection_c
[13.449s] -- Using all available rosidl_typesupport_cpp: rosidl_typesupport_fastrtps_cpp;rosidl_typesupport_introspection_cpp
[14.840s] -- Found rmw_implementation_cmake: 6.1.1 (/opt/ros/humble/share/rmw_implementation_cmake/cmake)
[14.944s] -- Found rmw_fastrtps_cpp: 6.2.6 (/opt/ros/humble/share/rmw_fastrtps_cpp/cmake)
[16.475s] -- Found OpenSSL: /usr/lib/x86_64-linux-gnu/libcrypto.so (found version "3.0.2")  
[16.592s] -- Found FastRTPS: /opt/ros/humble/include  
[16.688s] -- Using RMW implementation 'rmw_fastrtps_cpp' as default
[17.090s] -- Looking for pthread.h
[17.361s] -- Looking for pthread.h - found
[17.367s] -- Performing Test CMAKE_HAVE_LIBC_PTHREAD
[17.540s] -- Performing Test CMAKE_HAVE_LIBC_PTHREAD - Success
[17.542s] -- Found Threads: TRUE  
[18.281s] -- Found nav_msgs: 4.2.3 (/opt/ros/humble/share/nav_msgs/cmake)
[18.681s] -- Found sensor_msgs: 4.2.3 (/opt/ros/humble/share/sensor_msgs/cmake)
[19.218s] -- Configuring done
[19.254s] -- Generating done
[19.257s] -- Build files have been written to: /home/ziczac/dev/skripsi_code/ros2_workspace/build/occupancy_grid
