[0.998s] Invoking command in '/home/ziczac/dev/skripsi_code/ros2_workspace/build/wheel_interfaces': CMAKE_PREFIX_PATH=${CMAKE_PREFIX_PATH}:/home/ziczac/dev/skripsi_code/ros2_workspace/install/motor:/home/ziczac/dev/skripsi_code/ros2_workspace/install/gui:/home/ziczac/dev/skripsi_code/ros2_workspace/install/rosboard:/home/ziczac/dev/skripsi_code/ros2_workspace/install/diff_drive:/opt/ros/humble /usr/bin/cmake --build /home/ziczac/dev/skripsi_code/ros2_workspace/build/wheel_interfaces -- -j8 -l8
[2.621s] [  0%] Built target ament_cmake_python_symlink_wheel_interfaces
[2.622s] [  3%] Built target wheel_interfaces__cpp
[2.623s] [35m[1mConsolidate compiler generated dependencies of target wheel_interfaces__rosidl_generator_c[0m
[2.623s] [35m[1mConsolidate compiler generated dependencies of target wheel_interfaces__rosidl_typesupport_introspection_cpp[0m
[2.624s] [35m[1mConsolidate compiler generated dependencies of target wheel_interfaces__rosidl_typesupport_fastrtps_cpp[0m
[2.625s] [35m[1mConsolidate compiler generated dependencies of target wheel_interfaces__rosidl_typesupport_cpp[0m
[2.625s] [ 12%] Built target wheel_interfaces__rosidl_generator_c
[2.625s] [ 22%] Built target wheel_interfaces__rosidl_typesupport_introspection_cpp
[2.626s] [ 32%] Built target wheel_interfaces__rosidl_typesupport_fastrtps_cpp
[2.626s] [ 41%] Built target wheel_interfaces__rosidl_typesupport_cpp
[2.626s] [35m[1mConsolidate compiler generated dependencies of target wheel_interfaces__rosidl_typesupport_introspection_c[0m
[2.626s] [35m[1mConsolidate compiler generated dependencies of target wheel_interfaces__rosidl_typesupport_fastrtps_c[0m
[2.626s] [ 51%] Built target wheel_interfaces__rosidl_typesupport_introspection_c
[2.626s] [ 61%] Built target wheel_interfaces__rosidl_typesupport_fastrtps_c
[2.626s] [35m[1mConsolidate compiler generated dependencies of target wheel_interfaces__rosidl_typesupport_c[0m
[2.627s] [ 70%] Built target wheel_interfaces__rosidl_typesupport_c
[2.627s] [ 70%] Built target wheel_interfaces
[2.627s] [ 74%] Built target wheel_interfaces__py
[2.627s] [35m[1mConsolidate compiler generated dependencies of target wheel_interfaces__rosidl_generator_py[0m
[2.627s] [ 80%] Built target wheel_interfaces__rosidl_generator_py
[2.627s] [35m[1mConsolidate compiler generated dependencies of target wheel_interfaces__rosidl_typesupport_fastrtps_c__pyext[0m
[2.628s] [35m[1mConsolidate compiler generated dependencies of target wheel_interfaces__rosidl_typesupport_introspection_c__pyext[0m
[2.628s] [35m[1mConsolidate compiler generated dependencies of target wheel_interfaces__rosidl_typesupport_c__pyext[0m
[2.628s] [ 87%] Built target wheel_interfaces__rosidl_typesupport_fastrtps_c__pyext
[2.628s] [ 93%] Built target wheel_interfaces__rosidl_typesupport_introspection_c__pyext
[2.628s] [100%] Built target wheel_interfaces__rosidl_typesupport_c__pyext
[2.628s] running egg_info
[2.628s] writing wheel_interfaces.egg-info/PKG-INFO
[2.629s] writing dependency_links to wheel_interfaces.egg-info/dependency_links.txt
[2.629s] writing top-level names to wheel_interfaces.egg-info/top_level.txt
[2.629s] reading manifest file 'wheel_interfaces.egg-info/SOURCES.txt'
[2.629s] writing manifest file 'wheel_interfaces.egg-info/SOURCES.txt'
[2.629s] [100%] Built target ament_cmake_python_build_wheel_interfaces_egg
[2.640s] Invoked command in '/home/ziczac/dev/skripsi_code/ros2_workspace/build/wheel_interfaces' returned '0': CMAKE_PREFIX_PATH=${CMAKE_PREFIX_PATH}:/home/ziczac/dev/skripsi_code/ros2_workspace/install/motor:/home/ziczac/dev/skripsi_code/ros2_workspace/install/gui:/home/ziczac/dev/skripsi_code/ros2_workspace/install/rosboard:/home/ziczac/dev/skripsi_code/ros2_workspace/install/diff_drive:/opt/ros/humble /usr/bin/cmake --build /home/ziczac/dev/skripsi_code/ros2_workspace/build/wheel_interfaces -- -j8 -l8
[2.773s] Invoking command in '/home/ziczac/dev/skripsi_code/ros2_workspace/build/wheel_interfaces': CMAKE_PREFIX_PATH=${CMAKE_PREFIX_PATH}:/home/ziczac/dev/skripsi_code/ros2_workspace/install/motor:/home/ziczac/dev/skripsi_code/ros2_workspace/install/gui:/home/ziczac/dev/skripsi_code/ros2_workspace/install/rosboard:/home/ziczac/dev/skripsi_code/ros2_workspace/install/diff_drive:/opt/ros/humble /usr/bin/cmake --install /home/ziczac/dev/skripsi_code/ros2_workspace/build/wheel_interfaces
[2.787s] -- Install configuration: ""
[2.962s] -- Execute custom install script
[2.962s] -- Up-to-date symlink: /home/ziczac/dev/skripsi_code/ros2_workspace/install/wheel_interfaces/share/ament_index/resource_index/rosidl_interfaces/wheel_interfaces
[2.963s] -- Up-to-date symlink: /home/ziczac/dev/skripsi_code/ros2_workspace/install/wheel_interfaces/include/wheel_interfaces/wheel_interfaces/msg/detail/wheel_infos__functions.h
[2.963s] -- Up-to-date symlink: /home/ziczac/dev/skripsi_code/ros2_workspace/install/wheel_interfaces/include/wheel_interfaces/wheel_interfaces/msg/detail/wheel_infos__struct.h
[2.963s] -- Up-to-date symlink: /home/ziczac/dev/skripsi_code/ros2_workspace/install/wheel_interfaces/include/wheel_interfaces/wheel_interfaces/msg/detail/wheel_infos__type_support.h
[2.964s] -- Up-to-date symlink: /home/ziczac/dev/skripsi_code/ros2_workspace/install/wheel_interfaces/include/wheel_interfaces/wheel_interfaces/msg/rosidl_generator_c__visibility_control.h
[2.964s] -- Up-to-date symlink: /home/ziczac/dev/skripsi_code/ros2_workspace/install/wheel_interfaces/include/wheel_interfaces/wheel_interfaces/msg/wheel_infos.h
[2.964s] -- Up-to-date symlink: /home/ziczac/dev/skripsi_code/ros2_workspace/install/wheel_interfaces/share/wheel_interfaces/environment/library_path.sh
[2.964s] -- Up-to-date symlink: /home/ziczac/dev/skripsi_code/ros2_workspace/install/wheel_interfaces/share/wheel_interfaces/environment/library_path.dsv
[2.965s] -- Up-to-date symlink: /home/ziczac/dev/skripsi_code/ros2_workspace/install/wheel_interfaces/include/wheel_interfaces/wheel_interfaces/msg/detail/wheel_infos__rosidl_typesupport_fastrtps_c.h
[2.965s] -- Up-to-date symlink: /home/ziczac/dev/skripsi_code/ros2_workspace/install/wheel_interfaces/include/wheel_interfaces/wheel_interfaces/msg/rosidl_typesupport_fastrtps_c__visibility_control.h
[2.966s] -- Up-to-date symlink: /home/ziczac/dev/skripsi_code/ros2_workspace/install/wheel_interfaces/include/wheel_interfaces/wheel_interfaces/msg/detail/wheel_infos__rosidl_typesupport_introspection_c.h
[2.966s] -- Up-to-date symlink: /home/ziczac/dev/skripsi_code/ros2_workspace/install/wheel_interfaces/include/wheel_interfaces/wheel_interfaces/msg/rosidl_typesupport_introspection_c__visibility_control.h
[2.967s] -- Up-to-date symlink: /home/ziczac/dev/skripsi_code/ros2_workspace/install/wheel_interfaces/include/wheel_interfaces/wheel_interfaces/msg/detail/wheel_infos__builder.hpp
[2.967s] -- Up-to-date symlink: /home/ziczac/dev/skripsi_code/ros2_workspace/install/wheel_interfaces/include/wheel_interfaces/wheel_interfaces/msg/detail/wheel_infos__struct.hpp
[2.967s] -- Up-to-date symlink: /home/ziczac/dev/skripsi_code/ros2_workspace/install/wheel_interfaces/include/wheel_interfaces/wheel_interfaces/msg/detail/wheel_infos__traits.hpp
[2.968s] -- Up-to-date symlink: /home/ziczac/dev/skripsi_code/ros2_workspace/install/wheel_interfaces/include/wheel_interfaces/wheel_interfaces/msg/wheel_infos.hpp
[2.969s] -- Up-to-date symlink: /home/ziczac/dev/skripsi_code/ros2_workspace/install/wheel_interfaces/include/wheel_interfaces/wheel_interfaces/msg/detail/wheel_infos__rosidl_typesupport_fastrtps_cpp.hpp
[2.969s] -- Up-to-date symlink: /home/ziczac/dev/skripsi_code/ros2_workspace/install/wheel_interfaces/include/wheel_interfaces/wheel_interfaces/msg/rosidl_typesupport_fastrtps_cpp__visibility_control.h
[2.970s] -- Up-to-date symlink: /home/ziczac/dev/skripsi_code/ros2_workspace/install/wheel_interfaces/include/wheel_interfaces/wheel_interfaces/msg/detail/wheel_infos__rosidl_typesupport_introspection_cpp.hpp
[2.970s] -- Up-to-date symlink: /home/ziczac/dev/skripsi_code/ros2_workspace/install/wheel_interfaces/share/wheel_interfaces/environment/pythonpath.sh
[2.970s] -- Up-to-date symlink: /home/ziczac/dev/skripsi_code/ros2_workspace/install/wheel_interfaces/share/wheel_interfaces/environment/pythonpath.dsv
[2.971s] -- Up-to-date symlink: /home/ziczac/dev/skripsi_code/ros2_workspace/install/wheel_interfaces/local/lib/python3.10/dist-packages/wheel_interfaces-0.0.0-py3.10.egg-info/PKG-INFO
[2.971s] -- Up-to-date symlink: /home/ziczac/dev/skripsi_code/ros2_workspace/install/wheel_interfaces/local/lib/python3.10/dist-packages/wheel_interfaces-0.0.0-py3.10.egg-info/SOURCES.txt
[2.971s] -- Up-to-date symlink: /home/ziczac/dev/skripsi_code/ros2_workspace/install/wheel_interfaces/local/lib/python3.10/dist-packages/wheel_interfaces-0.0.0-py3.10.egg-info/dependency_links.txt
[2.972s] -- Up-to-date symlink: /home/ziczac/dev/skripsi_code/ros2_workspace/install/wheel_interfaces/local/lib/python3.10/dist-packages/wheel_interfaces-0.0.0-py3.10.egg-info/top_level.txt
[2.973s] -- Up-to-date symlink: /home/ziczac/dev/skripsi_code/ros2_workspace/install/wheel_interfaces/local/lib/python3.10/dist-packages/wheel_interfaces/__init__.py
[2.973s] -- Up-to-date symlink: /home/ziczac/dev/skripsi_code/ros2_workspace/install/wheel_interfaces/local/lib/python3.10/dist-packages/wheel_interfaces/_wheel_interfaces_s.ep.rosidl_typesupport_c.c
[2.973s] -- Up-to-date symlink: /home/ziczac/dev/skripsi_code/ros2_workspace/install/wheel_interfaces/local/lib/python3.10/dist-packages/wheel_interfaces/_wheel_interfaces_s.ep.rosidl_typesupport_fastrtps_c.c
[2.974s] -- Up-to-date symlink: /home/ziczac/dev/skripsi_code/ros2_workspace/install/wheel_interfaces/local/lib/python3.10/dist-packages/wheel_interfaces/_wheel_interfaces_s.ep.rosidl_typesupport_introspection_c.c
[2.974s] -- Up-to-date symlink: /home/ziczac/dev/skripsi_code/ros2_workspace/install/wheel_interfaces/local/lib/python3.10/dist-packages/wheel_interfaces/libwheel_interfaces__rosidl_generator_py.so
[2.975s] -- Up-to-date symlink: /home/ziczac/dev/skripsi_code/ros2_workspace/install/wheel_interfaces/local/lib/python3.10/dist-packages/wheel_interfaces/msg/__init__.py
[2.975s] -- Up-to-date symlink: /home/ziczac/dev/skripsi_code/ros2_workspace/install/wheel_interfaces/local/lib/python3.10/dist-packages/wheel_interfaces/msg/_wheel_infos.py
[2.975s] -- Up-to-date symlink: /home/ziczac/dev/skripsi_code/ros2_workspace/install/wheel_interfaces/local/lib/python3.10/dist-packages/wheel_interfaces/msg/_wheel_infos_s.c
[2.976s] -- Up-to-date symlink: /home/ziczac/dev/skripsi_code/ros2_workspace/install/wheel_interfaces/local/lib/python3.10/dist-packages/wheel_interfaces/wheel_interfaces_s__rosidl_typesupport_c.cpython-310-x86_64-linux-gnu.so
[2.976s] -- Up-to-date symlink: /home/ziczac/dev/skripsi_code/ros2_workspace/install/wheel_interfaces/local/lib/python3.10/dist-packages/wheel_interfaces/wheel_interfaces_s__rosidl_typesupport_fastrtps_c.cpython-310-x86_64-linux-gnu.so
[2.977s] -- Up-to-date symlink: /home/ziczac/dev/skripsi_code/ros2_workspace/install/wheel_interfaces/local/lib/python3.10/dist-packages/wheel_interfaces/wheel_interfaces_s__rosidl_typesupport_introspection_c.cpython-310-x86_64-linux-gnu.so
[3.012s] -- Up-to-date symlink: /home/ziczac/dev/skripsi_code/ros2_workspace/install/wheel_interfaces/local/lib/python3.10/dist-packages/wheel_interfaces/wheel_interfaces_s__rosidl_typesupport_fastrtps_c.cpython-310-x86_64-linux-gnu.so
[3.023s] -- Up-to-date symlink: /home/ziczac/dev/skripsi_code/ros2_workspace/install/wheel_interfaces/local/lib/python3.10/dist-packages/wheel_interfaces/wheel_interfaces_s__rosidl_typesupport_introspection_c.cpython-310-x86_64-linux-gnu.so
[3.078s] -- Up-to-date symlink: /home/ziczac/dev/skripsi_code/ros2_workspace/install/wheel_interfaces/local/lib/python3.10/dist-packages/wheel_interfaces/wheel_interfaces_s__rosidl_typesupport_c.cpython-310-x86_64-linux-gnu.so
[3.079s] -- Up-to-date symlink: /home/ziczac/dev/skripsi_code/ros2_workspace/install/wheel_interfaces/share/wheel_interfaces/msg/WheelInfos.idl
[3.079s] -- Up-to-date symlink: /home/ziczac/dev/skripsi_code/ros2_workspace/install/wheel_interfaces/share/wheel_interfaces/msg/WheelInfos.msg
[3.079s] -- Up-to-date symlink: /home/ziczac/dev/skripsi_code/ros2_workspace/install/wheel_interfaces/share/ament_index/resource_index/package_run_dependencies/wheel_interfaces
[3.080s] -- Up-to-date symlink: /home/ziczac/dev/skripsi_code/ros2_workspace/install/wheel_interfaces/share/ament_index/resource_index/parent_prefix_path/wheel_interfaces
[3.080s] -- Up-to-date symlink: /home/ziczac/dev/skripsi_code/ros2_workspace/install/wheel_interfaces/share/wheel_interfaces/environment/ament_prefix_path.sh
[3.081s] -- Up-to-date symlink: /home/ziczac/dev/skripsi_code/ros2_workspace/install/wheel_interfaces/share/wheel_interfaces/environment/ament_prefix_path.dsv
[3.081s] -- Up-to-date symlink: /home/ziczac/dev/skripsi_code/ros2_workspace/install/wheel_interfaces/share/wheel_interfaces/environment/path.sh
[3.081s] -- Up-to-date symlink: /home/ziczac/dev/skripsi_code/ros2_workspace/install/wheel_interfaces/share/wheel_interfaces/environment/path.dsv
[3.082s] -- Up-to-date symlink: /home/ziczac/dev/skripsi_code/ros2_workspace/install/wheel_interfaces/share/wheel_interfaces/local_setup.bash
[3.082s] -- Up-to-date symlink: /home/ziczac/dev/skripsi_code/ros2_workspace/install/wheel_interfaces/share/wheel_interfaces/local_setup.sh
[3.082s] -- Up-to-date symlink: /home/ziczac/dev/skripsi_code/ros2_workspace/install/wheel_interfaces/share/wheel_interfaces/local_setup.zsh
[3.083s] -- Up-to-date symlink: /home/ziczac/dev/skripsi_code/ros2_workspace/install/wheel_interfaces/share/wheel_interfaces/local_setup.dsv
[3.083s] -- Symlinking: /home/ziczac/dev/skripsi_code/ros2_workspace/install/wheel_interfaces/share/wheel_interfaces/package.dsv
[3.100s] -- Up-to-date symlink: /home/ziczac/dev/skripsi_code/ros2_workspace/install/wheel_interfaces/share/ament_index/resource_index/packages/wheel_interfaces
[3.100s] -- Up-to-date symlink: /home/ziczac/dev/skripsi_code/ros2_workspace/install/wheel_interfaces/share/wheel_interfaces/cmake/rosidl_cmake-extras.cmake
[3.101s] -- Up-to-date symlink: /home/ziczac/dev/skripsi_code/ros2_workspace/install/wheel_interfaces/share/wheel_interfaces/cmake/ament_cmake_export_include_directories-extras.cmake
[3.101s] -- Up-to-date symlink: /home/ziczac/dev/skripsi_code/ros2_workspace/install/wheel_interfaces/share/wheel_interfaces/cmake/ament_cmake_export_libraries-extras.cmake
[3.102s] -- Up-to-date symlink: /home/ziczac/dev/skripsi_code/ros2_workspace/install/wheel_interfaces/share/wheel_interfaces/cmake/ament_cmake_export_targets-extras.cmake
[3.102s] -- Up-to-date symlink: /home/ziczac/dev/skripsi_code/ros2_workspace/install/wheel_interfaces/share/wheel_interfaces/cmake/rosidl_cmake_export_typesupport_targets-extras.cmake
[3.102s] -- Up-to-date symlink: /home/ziczac/dev/skripsi_code/ros2_workspace/install/wheel_interfaces/share/wheel_interfaces/cmake/ament_cmake_export_dependencies-extras.cmake
[3.103s] -- Up-to-date symlink: /home/ziczac/dev/skripsi_code/ros2_workspace/install/wheel_interfaces/share/wheel_interfaces/cmake/rosidl_cmake_export_typesupport_libraries-extras.cmake
[3.103s] -- Up-to-date symlink: /home/ziczac/dev/skripsi_code/ros2_workspace/install/wheel_interfaces/share/wheel_interfaces/cmake/wheel_interfacesConfig.cmake
[3.104s] -- Up-to-date symlink: /home/ziczac/dev/skripsi_code/ros2_workspace/install/wheel_interfaces/share/wheel_interfaces/cmake/wheel_interfacesConfig-version.cmake
[3.104s] -- Up-to-date symlink: /home/ziczac/dev/skripsi_code/ros2_workspace/install/wheel_interfaces/share/wheel_interfaces/package.xml
[3.105s] -- Up-to-date: /home/ziczac/dev/skripsi_code/ros2_workspace/install/wheel_interfaces/lib/libwheel_interfaces__rosidl_generator_c.so
[3.119s] -- Up-to-date: /home/ziczac/dev/skripsi_code/ros2_workspace/install/wheel_interfaces/lib/libwheel_interfaces__rosidl_typesupport_fastrtps_c.so
[3.120s] -- Up-to-date: /home/ziczac/dev/skripsi_code/ros2_workspace/install/wheel_interfaces/lib/libwheel_interfaces__rosidl_typesupport_introspection_c.so
[3.122s] -- Up-to-date: /home/ziczac/dev/skripsi_code/ros2_workspace/install/wheel_interfaces/lib/libwheel_interfaces__rosidl_typesupport_c.so
[3.213s] -- Up-to-date: /home/ziczac/dev/skripsi_code/ros2_workspace/install/wheel_interfaces/lib/libwheel_interfaces__rosidl_typesupport_fastrtps_cpp.so
[3.419s] -- Up-to-date: /home/ziczac/dev/skripsi_code/ros2_workspace/install/wheel_interfaces/lib/libwheel_interfaces__rosidl_typesupport_introspection_cpp.so
[3.512s] -- Up-to-date: /home/ziczac/dev/skripsi_code/ros2_workspace/install/wheel_interfaces/lib/libwheel_interfaces__rosidl_typesupport_cpp.so
[3.581s] Listing '/home/ziczac/dev/skripsi_code/ros2_workspace/install/wheel_interfaces/local/lib/python3.10/dist-packages/wheel_interfaces'...
[3.581s] Listing '/home/ziczac/dev/skripsi_code/ros2_workspace/install/wheel_interfaces/local/lib/python3.10/dist-packages/wheel_interfaces/msg'...
[3.589s] -- Up-to-date: /home/ziczac/dev/skripsi_code/ros2_workspace/install/wheel_interfaces/lib/libwheel_interfaces__rosidl_generator_py.so
[3.603s] -- Up-to-date: /home/ziczac/dev/skripsi_code/ros2_workspace/install/wheel_interfaces/share/wheel_interfaces/cmake/export_wheel_interfaces__rosidl_generator_cExport.cmake
[3.603s] -- Up-to-date: /home/ziczac/dev/skripsi_code/ros2_workspace/install/wheel_interfaces/share/wheel_interfaces/cmake/export_wheel_interfaces__rosidl_generator_cExport-noconfig.cmake
[3.613s] -- Up-to-date: /home/ziczac/dev/skripsi_code/ros2_workspace/install/wheel_interfaces/share/wheel_interfaces/cmake/export_wheel_interfaces__rosidl_typesupport_fastrtps_cExport.cmake
[3.613s] -- Up-to-date: /home/ziczac/dev/skripsi_code/ros2_workspace/install/wheel_interfaces/share/wheel_interfaces/cmake/export_wheel_interfaces__rosidl_typesupport_fastrtps_cExport-noconfig.cmake
[3.657s] -- Up-to-date: /home/ziczac/dev/skripsi_code/ros2_workspace/install/wheel_interfaces/share/wheel_interfaces/cmake/wheel_interfaces__rosidl_typesupport_introspection_cExport.cmake
[3.658s] -- Up-to-date: /home/ziczac/dev/skripsi_code/ros2_workspace/install/wheel_interfaces/share/wheel_interfaces/cmake/wheel_interfaces__rosidl_typesupport_introspection_cExport-noconfig.cmake
[3.738s] -- Up-to-date: /home/ziczac/dev/skripsi_code/ros2_workspace/install/wheel_interfaces/share/wheel_interfaces/cmake/wheel_interfaces__rosidl_typesupport_cExport.cmake
[3.738s] -- Up-to-date: /home/ziczac/dev/skripsi_code/ros2_workspace/install/wheel_interfaces/share/wheel_interfaces/cmake/wheel_interfaces__rosidl_typesupport_cExport-noconfig.cmake
[3.770s] -- Up-to-date: /home/ziczac/dev/skripsi_code/ros2_workspace/install/wheel_interfaces/share/wheel_interfaces/cmake/export_wheel_interfaces__rosidl_generator_cppExport.cmake
[3.813s] -- Up-to-date: /home/ziczac/dev/skripsi_code/ros2_workspace/install/wheel_interfaces/share/wheel_interfaces/cmake/export_wheel_interfaces__rosidl_typesupport_fastrtps_cppExport.cmake
[3.813s] -- Up-to-date: /home/ziczac/dev/skripsi_code/ros2_workspace/install/wheel_interfaces/share/wheel_interfaces/cmake/export_wheel_interfaces__rosidl_typesupport_fastrtps_cppExport-noconfig.cmake
[3.859s] -- Up-to-date: /home/ziczac/dev/skripsi_code/ros2_workspace/install/wheel_interfaces/share/wheel_interfaces/cmake/wheel_interfaces__rosidl_typesupport_introspection_cppExport.cmake
[3.859s] -- Up-to-date: /home/ziczac/dev/skripsi_code/ros2_workspace/install/wheel_interfaces/share/wheel_interfaces/cmake/wheel_interfaces__rosidl_typesupport_introspection_cppExport-noconfig.cmake
[3.912s] -- Up-to-date: /home/ziczac/dev/skripsi_code/ros2_workspace/install/wheel_interfaces/share/wheel_interfaces/cmake/wheel_interfaces__rosidl_typesupport_cppExport.cmake
[3.912s] -- Up-to-date: /home/ziczac/dev/skripsi_code/ros2_workspace/install/wheel_interfaces/share/wheel_interfaces/cmake/wheel_interfaces__rosidl_typesupport_cppExport-noconfig.cmake
[3.968s] -- Up-to-date: /home/ziczac/dev/skripsi_code/ros2_workspace/install/wheel_interfaces/share/wheel_interfaces/cmake/export_wheel_interfaces__rosidl_generator_pyExport.cmake
[3.968s] -- Up-to-date: /home/ziczac/dev/skripsi_code/ros2_workspace/install/wheel_interfaces/share/wheel_interfaces/cmake/export_wheel_interfaces__rosidl_generator_pyExport-noconfig.cmake
[4.252s] Invoked command in '/home/ziczac/dev/skripsi_code/ros2_workspace/build/wheel_interfaces' returned '0': CMAKE_PREFIX_PATH=${CMAKE_PREFIX_PATH}:/home/ziczac/dev/skripsi_code/ros2_workspace/install/motor:/home/ziczac/dev/skripsi_code/ros2_workspace/install/gui:/home/ziczac/dev/skripsi_code/ros2_workspace/install/rosboard:/home/ziczac/dev/skripsi_code/ros2_workspace/install/diff_drive:/opt/ros/humble /usr/bin/cmake --install /home/ziczac/dev/skripsi_code/ros2_workspace/build/wheel_interfaces
