[6.068s] Invoking command in '/home/ziczac/dev/skripsi_code/ros2_workspace/build/motor': PYTHONPATH=/home/ziczac/dev/skripsi_code/ros2_workspace/build/motor/prefix_override:/home/ziczac/dev/skripsi_code/ros2_workspace/install/motor/lib/python3.10/site-packages:${PYTHONPATH} /usr/bin/python3 setup.py develop --editable --build-directory /home/ziczac/dev/skripsi_code/ros2_workspace/build/motor/build --no-deps install_data
[6.872s] /home/ziczac/.local/lib/python3.10/site-packages/setuptools_scm/_integration/setuptools.py:30: RuntimeWarning: 
[6.873s] ERROR: setuptools==58.2.0 is used in combination with setuptools_scm>=8.x
[6.874s] 
[6.874s] Your build configuration is incomplete and previously worked by accident!
[6.875s] setuptools_scm requires setuptools>=61
[6.875s] 
[6.876s] Suggested workaround if applicable:
[6.876s]  - migrating from the deprecated setup_requires mechanism to pep517/518
[6.877s]    and using a pyproject.toml to declare build dependencies
[6.877s]    which are reliably pre-installed before running the build tools
[6.877s] 
[6.878s]   warnings.warn(
[6.992s] running develop
[7.504s] running egg_info
[7.505s] writing motor.egg-info/PKG-INFO
[7.505s] writing dependency_links to motor.egg-info/dependency_links.txt
[7.506s] writing entry points to motor.egg-info/entry_points.txt
[7.506s] writing requirements to motor.egg-info/requires.txt
[7.506s] writing top-level names to motor.egg-info/top_level.txt
[7.685s] [2;36m[04/04/24 13:34:18][0m[2;36m [0m[1;31mERROR   [0m listin ]8;id=98119;file:///home/ziczac/.local/lib/python3.10/site-packages/setuptools_scm/_file_finders/git.py\[2mgit.py[0m]8;;\[2m:[0m]8;id=791323;file:///home/ziczac/.local/lib/python3.10/site-packages/setuptools_scm/_file_finders/git.py#24\[2m24[0m]8;;\
[7.685s] [2;36m                    [0m         g git  [2m         [0m
[7.685s] [2;36m                    [0m         files  [2m         [0m
[7.685s] [2;36m                    [0m         failed [2m         [0m
[7.686s] [2;36m                    [0m         -      [2m         [0m
[7.686s] [2;36m                    [0m         preten [2m         [0m
[7.686s] [2;36m                    [0m         ding   [2m         [0m
[7.686s] [2;36m                    [0m         there  [2m         [0m
[7.686s] [2;36m                    [0m         aren't [2m         [0m
[7.686s] [2;36m                    [0m         any    [2m         [0m
[7.689s] reading manifest file 'motor.egg-info/SOURCES.txt'
[7.713s] writing manifest file 'motor.egg-info/SOURCES.txt'
[7.717s] running build_ext
[7.717s] Creating /home/ziczac/dev/skripsi_code/ros2_workspace/install/motor/lib/python3.10/site-packages/motor.egg-link (link to .)
[7.718s] Installing motor script to /home/ziczac/dev/skripsi_code/ros2_workspace/install/motor/lib/motor
[7.719s] 
[7.719s] Installed /home/ziczac/dev/skripsi_code/ros2_workspace/build/motor
[7.724s] running install_data
[7.918s] Invoked command in '/home/ziczac/dev/skripsi_code/ros2_workspace/build/motor' returned '0': PYTHONPATH=/home/ziczac/dev/skripsi_code/ros2_workspace/build/motor/prefix_override:/home/ziczac/dev/skripsi_code/ros2_workspace/install/motor/lib/python3.10/site-packages:${PYTHONPATH} /usr/bin/python3 setup.py develop --editable --build-directory /home/ziczac/dev/skripsi_code/ros2_workspace/build/motor/build --no-deps install_data
