[0.056s] Invoking command in '/home/ziczac/dev/skripsi_code/ros2_workspace/build/wheel_interfaces': CMAKE_PREFIX_PATH=/opt/ros/humble /usr/bin/cmake --build /home/ziczac/dev/skripsi_code/ros2_workspace/build/wheel_interfaces -- -j8 -l8
[1.109s] [  3%] Built target wheel_interfaces__cpp
[1.110s] [ 12%] Built target wheel_interfaces__rosidl_generator_c
[1.111s] [ 12%] Built target ament_cmake_python_symlink_wheel_interfaces
[1.112s] [ 22%] Built target wheel_interfaces__rosidl_typesupport_fastrtps_cpp
[1.113s] [ 32%] Built target wheel_interfaces__rosidl_typesupport_introspection_cpp
[1.114s] [ 41%] Built target wheel_interfaces__rosidl_typesupport_cpp
[1.115s] [ 51%] Built target wheel_interfaces__rosidl_typesupport_fastrtps_c
[1.117s] [ 61%] Built target wheel_interfaces__rosidl_typesupport_introspection_c
[1.117s] [ 70%] Built target wheel_interfaces__rosidl_typesupport_c
[1.118s] [ 70%] Built target wheel_interfaces
[1.119s] [ 74%] Built target wheel_interfaces__py
[1.119s] [ 80%] Built target wheel_interfaces__rosidl_generator_py
[1.119s] [ 87%] Built target wheel_interfaces__rosidl_typesupport_fastrtps_c__pyext
[1.120s] [ 93%] Built target wheel_interfaces__rosidl_typesupport_introspection_c__pyext
[1.120s] [100%] Built target wheel_interfaces__rosidl_typesupport_c__pyext
[1.120s] running egg_info
[1.120s] writing wheel_interfaces.egg-info/PKG-INFO
[1.120s] writing dependency_links to wheel_interfaces.egg-info/dependency_links.txt
[1.121s] writing top-level names to wheel_interfaces.egg-info/top_level.txt
[1.121s] reading manifest file 'wheel_interfaces.egg-info/SOURCES.txt'
[1.121s] writing manifest file 'wheel_interfaces.egg-info/SOURCES.txt'
[1.121s] [100%] Built target ament_cmake_python_build_wheel_interfaces_egg
[1.555s] Invoked command in '/home/ziczac/dev/skripsi_code/ros2_workspace/build/wheel_interfaces' returned '0': CMAKE_PREFIX_PATH=/opt/ros/humble /usr/bin/cmake --build /home/ziczac/dev/skripsi_code/ros2_workspace/build/wheel_interfaces -- -j8 -l8
[1.786s] Invoking command in '/home/ziczac/dev/skripsi_code/ros2_workspace/build/wheel_interfaces': CMAKE_PREFIX_PATH=/opt/ros/humble /usr/bin/cmake --install /home/ziczac/dev/skripsi_code/ros2_workspace/build/wheel_interfaces
[1.801s] -- Install configuration: ""
[1.802s] -- Execute custom install script
[1.802s] -- Up-to-date symlink: /home/ziczac/dev/skripsi_code/ros2_workspace/install/wheel_interfaces/share/ament_index/resource_index/rosidl_interfaces/wheel_interfaces
[1.803s] -- Up-to-date symlink: /home/ziczac/dev/skripsi_code/ros2_workspace/install/wheel_interfaces/include/wheel_interfaces/wheel_interfaces/msg/detail/wheel_infos__functions.h
[1.804s] -- Up-to-date symlink: /home/ziczac/dev/skripsi_code/ros2_workspace/install/wheel_interfaces/include/wheel_interfaces/wheel_interfaces/msg/detail/wheel_infos__struct.h
[1.804s] -- Up-to-date symlink: /home/ziczac/dev/skripsi_code/ros2_workspace/install/wheel_interfaces/include/wheel_interfaces/wheel_interfaces/msg/detail/wheel_infos__type_support.h
[1.804s] -- Up-to-date symlink: /home/ziczac/dev/skripsi_code/ros2_workspace/install/wheel_interfaces/include/wheel_interfaces/wheel_interfaces/msg/rosidl_generator_c__visibility_control.h
[1.805s] -- Up-to-date symlink: /home/ziczac/dev/skripsi_code/ros2_workspace/install/wheel_interfaces/include/wheel_interfaces/wheel_interfaces/msg/wheel_infos.h
[1.805s] -- Up-to-date symlink: /home/ziczac/dev/skripsi_code/ros2_workspace/install/wheel_interfaces/share/wheel_interfaces/environment/library_path.sh
[1.805s] -- Up-to-date symlink: /home/ziczac/dev/skripsi_code/ros2_workspace/install/wheel_interfaces/share/wheel_interfaces/environment/library_path.dsv
[1.806s] -- Up-to-date symlink: /home/ziczac/dev/skripsi_code/ros2_workspace/install/wheel_interfaces/include/wheel_interfaces/wheel_interfaces/msg/detail/wheel_infos__rosidl_typesupport_fastrtps_c.h
[1.806s] -- Up-to-date symlink: /home/ziczac/dev/skripsi_code/ros2_workspace/install/wheel_interfaces/include/wheel_interfaces/wheel_interfaces/msg/rosidl_typesupport_fastrtps_c__visibility_control.h
[1.807s] -- Up-to-date symlink: /home/ziczac/dev/skripsi_code/ros2_workspace/install/wheel_interfaces/include/wheel_interfaces/wheel_interfaces/msg/detail/wheel_infos__rosidl_typesupport_introspection_c.h
[1.807s] -- Up-to-date symlink: /home/ziczac/dev/skripsi_code/ros2_workspace/install/wheel_interfaces/include/wheel_interfaces/wheel_interfaces/msg/rosidl_typesupport_introspection_c__visibility_control.h
[1.808s] -- Up-to-date symlink: /home/ziczac/dev/skripsi_code/ros2_workspace/install/wheel_interfaces/include/wheel_interfaces/wheel_interfaces/msg/detail/wheel_infos__builder.hpp
[1.809s] -- Up-to-date symlink: /home/ziczac/dev/skripsi_code/ros2_workspace/install/wheel_interfaces/include/wheel_interfaces/wheel_interfaces/msg/detail/wheel_infos__struct.hpp
[1.809s] -- Up-to-date symlink: /home/ziczac/dev/skripsi_code/ros2_workspace/install/wheel_interfaces/include/wheel_interfaces/wheel_interfaces/msg/detail/wheel_infos__traits.hpp
[1.810s] -- Up-to-date symlink: /home/ziczac/dev/skripsi_code/ros2_workspace/install/wheel_interfaces/include/wheel_interfaces/wheel_interfaces/msg/wheel_infos.hpp
[1.810s] -- Up-to-date symlink: /home/ziczac/dev/skripsi_code/ros2_workspace/install/wheel_interfaces/include/wheel_interfaces/wheel_interfaces/msg/detail/wheel_infos__rosidl_typesupport_fastrtps_cpp.hpp
[1.810s] -- Up-to-date symlink: /home/ziczac/dev/skripsi_code/ros2_workspace/install/wheel_interfaces/include/wheel_interfaces/wheel_interfaces/msg/rosidl_typesupport_fastrtps_cpp__visibility_control.h
[1.811s] -- Up-to-date symlink: /home/ziczac/dev/skripsi_code/ros2_workspace/install/wheel_interfaces/include/wheel_interfaces/wheel_interfaces/msg/detail/wheel_infos__rosidl_typesupport_introspection_cpp.hpp
[1.812s] -- Up-to-date symlink: /home/ziczac/dev/skripsi_code/ros2_workspace/install/wheel_interfaces/share/wheel_interfaces/environment/pythonpath.sh
[1.812s] -- Up-to-date symlink: /home/ziczac/dev/skripsi_code/ros2_workspace/install/wheel_interfaces/share/wheel_interfaces/environment/pythonpath.dsv
[1.813s] -- Up-to-date symlink: /home/ziczac/dev/skripsi_code/ros2_workspace/install/wheel_interfaces/local/lib/python3.10/dist-packages/wheel_interfaces-0.0.0-py3.10.egg-info/PKG-INFO
[1.813s] -- Up-to-date symlink: /home/ziczac/dev/skripsi_code/ros2_workspace/install/wheel_interfaces/local/lib/python3.10/dist-packages/wheel_interfaces-0.0.0-py3.10.egg-info/SOURCES.txt
[1.813s] -- Up-to-date symlink: /home/ziczac/dev/skripsi_code/ros2_workspace/install/wheel_interfaces/local/lib/python3.10/dist-packages/wheel_interfaces-0.0.0-py3.10.egg-info/dependency_links.txt
[1.814s] -- Up-to-date symlink: /home/ziczac/dev/skripsi_code/ros2_workspace/install/wheel_interfaces/local/lib/python3.10/dist-packages/wheel_interfaces-0.0.0-py3.10.egg-info/top_level.txt
[1.815s] -- Up-to-date symlink: /home/ziczac/dev/skripsi_code/ros2_workspace/install/wheel_interfaces/local/lib/python3.10/dist-packages/wheel_interfaces/__init__.py
[1.816s] -- Up-to-date symlink: /home/ziczac/dev/skripsi_code/ros2_workspace/install/wheel_interfaces/local/lib/python3.10/dist-packages/wheel_interfaces/_wheel_interfaces_s.ep.rosidl_typesupport_c.c
[1.816s] -- Up-to-date symlink: /home/ziczac/dev/skripsi_code/ros2_workspace/install/wheel_interfaces/local/lib/python3.10/dist-packages/wheel_interfaces/_wheel_interfaces_s.ep.rosidl_typesupport_fastrtps_c.c
[1.816s] -- Up-to-date symlink: /home/ziczac/dev/skripsi_code/ros2_workspace/install/wheel_interfaces/local/lib/python3.10/dist-packages/wheel_interfaces/_wheel_interfaces_s.ep.rosidl_typesupport_introspection_c.c
[1.816s] -- Up-to-date symlink: /home/ziczac/dev/skripsi_code/ros2_workspace/install/wheel_interfaces/local/lib/python3.10/dist-packages/wheel_interfaces/libwheel_interfaces__rosidl_generator_py.so
[1.817s] -- Up-to-date symlink: /home/ziczac/dev/skripsi_code/ros2_workspace/install/wheel_interfaces/local/lib/python3.10/dist-packages/wheel_interfaces/msg/__init__.py
[1.817s] -- Up-to-date symlink: /home/ziczac/dev/skripsi_code/ros2_workspace/install/wheel_interfaces/local/lib/python3.10/dist-packages/wheel_interfaces/msg/_wheel_infos.py
[1.817s] -- Up-to-date symlink: /home/ziczac/dev/skripsi_code/ros2_workspace/install/wheel_interfaces/local/lib/python3.10/dist-packages/wheel_interfaces/msg/_wheel_infos_s.c
[1.818s] -- Up-to-date symlink: /home/ziczac/dev/skripsi_code/ros2_workspace/install/wheel_interfaces/local/lib/python3.10/dist-packages/wheel_interfaces/wheel_interfaces_s__rosidl_typesupport_c.cpython-310-x86_64-linux-gnu.so
[1.818s] -- Up-to-date symlink: /home/ziczac/dev/skripsi_code/ros2_workspace/install/wheel_interfaces/local/lib/python3.10/dist-packages/wheel_interfaces/wheel_interfaces_s__rosidl_typesupport_fastrtps_c.cpython-310-x86_64-linux-gnu.so
[1.818s] -- Up-to-date symlink: /home/ziczac/dev/skripsi_code/ros2_workspace/install/wheel_interfaces/local/lib/python3.10/dist-packages/wheel_interfaces/wheel_interfaces_s__rosidl_typesupport_introspection_c.cpython-310-x86_64-linux-gnu.so
[1.819s] -- Up-to-date symlink: /home/ziczac/dev/skripsi_code/ros2_workspace/install/wheel_interfaces/local/lib/python3.10/dist-packages/wheel_interfaces/wheel_interfaces_s__rosidl_typesupport_fastrtps_c.cpython-310-x86_64-linux-gnu.so
[1.820s] -- Up-to-date symlink: /home/ziczac/dev/skripsi_code/ros2_workspace/install/wheel_interfaces/local/lib/python3.10/dist-packages/wheel_interfaces/wheel_interfaces_s__rosidl_typesupport_introspection_c.cpython-310-x86_64-linux-gnu.so
[1.820s] -- Up-to-date symlink: /home/ziczac/dev/skripsi_code/ros2_workspace/install/wheel_interfaces/local/lib/python3.10/dist-packages/wheel_interfaces/wheel_interfaces_s__rosidl_typesupport_c.cpython-310-x86_64-linux-gnu.so
[1.821s] -- Up-to-date symlink: /home/ziczac/dev/skripsi_code/ros2_workspace/install/wheel_interfaces/share/wheel_interfaces/msg/WheelInfos.idl
[1.821s] -- Up-to-date symlink: /home/ziczac/dev/skripsi_code/ros2_workspace/install/wheel_interfaces/share/wheel_interfaces/msg/WheelInfos.msg
[1.821s] -- Up-to-date symlink: /home/ziczac/dev/skripsi_code/ros2_workspace/install/wheel_interfaces/share/ament_index/resource_index/package_run_dependencies/wheel_interfaces
[1.822s] -- Up-to-date symlink: /home/ziczac/dev/skripsi_code/ros2_workspace/install/wheel_interfaces/share/ament_index/resource_index/parent_prefix_path/wheel_interfaces
[1.822s] -- Up-to-date symlink: /home/ziczac/dev/skripsi_code/ros2_workspace/install/wheel_interfaces/share/wheel_interfaces/environment/ament_prefix_path.sh
[1.822s] -- Up-to-date symlink: /home/ziczac/dev/skripsi_code/ros2_workspace/install/wheel_interfaces/share/wheel_interfaces/environment/ament_prefix_path.dsv
[1.823s] -- Up-to-date symlink: /home/ziczac/dev/skripsi_code/ros2_workspace/install/wheel_interfaces/share/wheel_interfaces/environment/path.sh
[1.824s] -- Up-to-date symlink: /home/ziczac/dev/skripsi_code/ros2_workspace/install/wheel_interfaces/share/wheel_interfaces/environment/path.dsv
[1.827s] -- Up-to-date symlink: /home/ziczac/dev/skripsi_code/ros2_workspace/install/wheel_interfaces/share/wheel_interfaces/local_setup.bash
[1.827s] -- Up-to-date symlink: /home/ziczac/dev/skripsi_code/ros2_workspace/install/wheel_interfaces/share/wheel_interfaces/local_setup.sh
[1.827s] -- Up-to-date symlink: /home/ziczac/dev/skripsi_code/ros2_workspace/install/wheel_interfaces/share/wheel_interfaces/local_setup.zsh
[1.828s] -- Up-to-date symlink: /home/ziczac/dev/skripsi_code/ros2_workspace/install/wheel_interfaces/share/wheel_interfaces/local_setup.dsv
[1.828s] -- Symlinking: /home/ziczac/dev/skripsi_code/ros2_workspace/install/wheel_interfaces/share/wheel_interfaces/package.dsv
[1.850s] -- Up-to-date symlink: /home/ziczac/dev/skripsi_code/ros2_workspace/install/wheel_interfaces/share/ament_index/resource_index/packages/wheel_interfaces
[1.851s] -- Up-to-date symlink: /home/ziczac/dev/skripsi_code/ros2_workspace/install/wheel_interfaces/share/wheel_interfaces/cmake/rosidl_cmake-extras.cmake
[1.851s] -- Up-to-date symlink: /home/ziczac/dev/skripsi_code/ros2_workspace/install/wheel_interfaces/share/wheel_interfaces/cmake/ament_cmake_export_include_directories-extras.cmake
[1.852s] -- Up-to-date symlink: /home/ziczac/dev/skripsi_code/ros2_workspace/install/wheel_interfaces/share/wheel_interfaces/cmake/ament_cmake_export_libraries-extras.cmake
[1.853s] -- Up-to-date symlink: /home/ziczac/dev/skripsi_code/ros2_workspace/install/wheel_interfaces/share/wheel_interfaces/cmake/ament_cmake_export_targets-extras.cmake
[1.854s] -- Up-to-date symlink: /home/ziczac/dev/skripsi_code/ros2_workspace/install/wheel_interfaces/share/wheel_interfaces/cmake/rosidl_cmake_export_typesupport_targets-extras.cmake
[1.854s] -- Up-to-date symlink: /home/ziczac/dev/skripsi_code/ros2_workspace/install/wheel_interfaces/share/wheel_interfaces/cmake/ament_cmake_export_dependencies-extras.cmake
[1.854s] -- Up-to-date symlink: /home/ziczac/dev/skripsi_code/ros2_workspace/install/wheel_interfaces/share/wheel_interfaces/cmake/rosidl_cmake_export_typesupport_libraries-extras.cmake
[1.854s] -- Up-to-date symlink: /home/ziczac/dev/skripsi_code/ros2_workspace/install/wheel_interfaces/share/wheel_interfaces/cmake/wheel_interfacesConfig.cmake
[1.855s] -- Up-to-date symlink: /home/ziczac/dev/skripsi_code/ros2_workspace/install/wheel_interfaces/share/wheel_interfaces/cmake/wheel_interfacesConfig-version.cmake
[1.855s] -- Up-to-date symlink: /home/ziczac/dev/skripsi_code/ros2_workspace/install/wheel_interfaces/share/wheel_interfaces/package.xml
[1.856s] -- Up-to-date: /home/ziczac/dev/skripsi_code/ros2_workspace/install/wheel_interfaces/lib/libwheel_interfaces__rosidl_generator_c.so
[1.857s] -- Up-to-date: /home/ziczac/dev/skripsi_code/ros2_workspace/install/wheel_interfaces/lib/libwheel_interfaces__rosidl_typesupport_fastrtps_c.so
[1.861s] -- Up-to-date: /home/ziczac/dev/skripsi_code/ros2_workspace/install/wheel_interfaces/lib/libwheel_interfaces__rosidl_typesupport_introspection_c.so
[1.861s] -- Up-to-date: /home/ziczac/dev/skripsi_code/ros2_workspace/install/wheel_interfaces/lib/libwheel_interfaces__rosidl_typesupport_c.so
[1.862s] -- Up-to-date: /home/ziczac/dev/skripsi_code/ros2_workspace/install/wheel_interfaces/lib/libwheel_interfaces__rosidl_typesupport_fastrtps_cpp.so
[1.862s] -- Up-to-date: /home/ziczac/dev/skripsi_code/ros2_workspace/install/wheel_interfaces/lib/libwheel_interfaces__rosidl_typesupport_introspection_cpp.so
[1.863s] -- Up-to-date: /home/ziczac/dev/skripsi_code/ros2_workspace/install/wheel_interfaces/lib/libwheel_interfaces__rosidl_typesupport_cpp.so
[1.980s] Listing '/home/ziczac/dev/skripsi_code/ros2_workspace/install/wheel_interfaces/local/lib/python3.10/dist-packages/wheel_interfaces'...
[1.981s] Listing '/home/ziczac/dev/skripsi_code/ros2_workspace/install/wheel_interfaces/local/lib/python3.10/dist-packages/wheel_interfaces/msg'...
[1.998s] -- Up-to-date: /home/ziczac/dev/skripsi_code/ros2_workspace/install/wheel_interfaces/lib/libwheel_interfaces__rosidl_generator_py.so
[2.002s] -- Up-to-date: /home/ziczac/dev/skripsi_code/ros2_workspace/install/wheel_interfaces/share/wheel_interfaces/cmake/export_wheel_interfaces__rosidl_generator_cExport.cmake
[2.004s] -- Up-to-date: /home/ziczac/dev/skripsi_code/ros2_workspace/install/wheel_interfaces/share/wheel_interfaces/cmake/export_wheel_interfaces__rosidl_generator_cExport-noconfig.cmake
[2.006s] -- Up-to-date: /home/ziczac/dev/skripsi_code/ros2_workspace/install/wheel_interfaces/share/wheel_interfaces/cmake/export_wheel_interfaces__rosidl_typesupport_fastrtps_cExport.cmake
[2.007s] -- Up-to-date: /home/ziczac/dev/skripsi_code/ros2_workspace/install/wheel_interfaces/share/wheel_interfaces/cmake/export_wheel_interfaces__rosidl_typesupport_fastrtps_cExport-noconfig.cmake
[2.007s] -- Up-to-date: /home/ziczac/dev/skripsi_code/ros2_workspace/install/wheel_interfaces/share/wheel_interfaces/cmake/wheel_interfaces__rosidl_typesupport_introspection_cExport.cmake
[2.008s] -- Up-to-date: /home/ziczac/dev/skripsi_code/ros2_workspace/install/wheel_interfaces/share/wheel_interfaces/cmake/wheel_interfaces__rosidl_typesupport_introspection_cExport-noconfig.cmake
[2.008s] -- Up-to-date: /home/ziczac/dev/skripsi_code/ros2_workspace/install/wheel_interfaces/share/wheel_interfaces/cmake/wheel_interfaces__rosidl_typesupport_cExport.cmake
[2.009s] -- Up-to-date: /home/ziczac/dev/skripsi_code/ros2_workspace/install/wheel_interfaces/share/wheel_interfaces/cmake/wheel_interfaces__rosidl_typesupport_cExport-noconfig.cmake
[2.010s] -- Up-to-date: /home/ziczac/dev/skripsi_code/ros2_workspace/install/wheel_interfaces/share/wheel_interfaces/cmake/export_wheel_interfaces__rosidl_generator_cppExport.cmake
[2.011s] -- Up-to-date: /home/ziczac/dev/skripsi_code/ros2_workspace/install/wheel_interfaces/share/wheel_interfaces/cmake/export_wheel_interfaces__rosidl_typesupport_fastrtps_cppExport.cmake
[2.011s] -- Up-to-date: /home/ziczac/dev/skripsi_code/ros2_workspace/install/wheel_interfaces/share/wheel_interfaces/cmake/export_wheel_interfaces__rosidl_typesupport_fastrtps_cppExport-noconfig.cmake
[2.012s] -- Up-to-date: /home/ziczac/dev/skripsi_code/ros2_workspace/install/wheel_interfaces/share/wheel_interfaces/cmake/wheel_interfaces__rosidl_typesupport_introspection_cppExport.cmake
[2.013s] -- Up-to-date: /home/ziczac/dev/skripsi_code/ros2_workspace/install/wheel_interfaces/share/wheel_interfaces/cmake/wheel_interfaces__rosidl_typesupport_introspection_cppExport-noconfig.cmake
[2.014s] -- Up-to-date: /home/ziczac/dev/skripsi_code/ros2_workspace/install/wheel_interfaces/share/wheel_interfaces/cmake/wheel_interfaces__rosidl_typesupport_cppExport.cmake
[2.014s] -- Up-to-date: /home/ziczac/dev/skripsi_code/ros2_workspace/install/wheel_interfaces/share/wheel_interfaces/cmake/wheel_interfaces__rosidl_typesupport_cppExport-noconfig.cmake
[2.015s] -- Up-to-date: /home/ziczac/dev/skripsi_code/ros2_workspace/install/wheel_interfaces/share/wheel_interfaces/cmake/export_wheel_interfaces__rosidl_generator_pyExport.cmake
[2.016s] -- Up-to-date: /home/ziczac/dev/skripsi_code/ros2_workspace/install/wheel_interfaces/share/wheel_interfaces/cmake/export_wheel_interfaces__rosidl_generator_pyExport-noconfig.cmake
