[0.180s] Invoking command in '/home/ziczac/dev/skripsi_code/ros2_workspace/src/build/lslidar_msgs': CMAKE_PREFIX_PATH=${CMAKE_PREFIX_PATH}:/home/ziczac/dev/skripsi_code/ros2_workspace/install/motor:/home/ziczac/dev/skripsi_code/ros2_workspace/install/gui:/home/ziczac/dev/skripsi_code/ros2_workspace/install/rosboard:/home/ziczac/dev/skripsi_code/ros2_workspace/install/log_odds_map:/home/ziczac/dev/skripsi_code/ros2_workspace/install/icp-graph-slam:/home/ziczac/dev/skripsi_code/ros2_workspace/install/diff_drive:/opt/ros/humble /usr/bin/cmake --build /home/ziczac/dev/skripsi_code/ros2_workspace/src/build/lslidar_msgs -- -j8 -l8
[2.592s] [  0%] Built target ament_cmake_python_symlink_lslidar_msgs
[2.592s] [  1%] Built target lslidar_msgs__cpp
[2.593s] [35m[1mConsolidate compiler generated dependencies of target lslidar_msgs__rosidl_typesupport_fastrtps_cpp[0m
[2.593s] [35m[1mConsolidate compiler generated dependencies of target lslidar_msgs__rosidl_typesupport_introspection_cpp[0m
[2.594s] [35m[1mConsolidate compiler generated dependencies of target lslidar_msgs__rosidl_generator_c[0m
[2.594s] [ 12%] Built target lslidar_msgs__rosidl_typesupport_fastrtps_cpp
[2.594s] [35m[1mConsolidate compiler generated dependencies of target lslidar_msgs__rosidl_typesupport_cpp[0m
[2.595s] [ 23%] Built target lslidar_msgs__rosidl_typesupport_introspection_cpp
[2.595s] [ 34%] Built target lslidar_msgs__rosidl_generator_c
[2.595s] [ 46%] Built target lslidar_msgs__rosidl_typesupport_cpp
[2.595s] [35m[1mConsolidate compiler generated dependencies of target lslidar_msgs__rosidl_typesupport_c[0m
[2.595s] [35m[1mConsolidate compiler generated dependencies of target lslidar_msgs__rosidl_typesupport_introspection_c[0m
[2.595s] [35m[1mConsolidate compiler generated dependencies of target lslidar_msgs__rosidl_typesupport_fastrtps_c[0m
[2.595s] [ 57%] Built target lslidar_msgs__rosidl_typesupport_c
[2.596s] [ 68%] Built target lslidar_msgs__rosidl_typesupport_introspection_c
[2.596s] [ 79%] Built target lslidar_msgs__rosidl_typesupport_fastrtps_c
[2.597s] [ 79%] Built target lslidar_msgs
[2.598s] [ 80%] Built target lslidar_msgs__py
[2.598s] [35m[1mConsolidate compiler generated dependencies of target lslidar_msgs__rosidl_generator_py[0m
[2.598s] [ 90%] Built target lslidar_msgs__rosidl_generator_py
[2.599s] [35m[1mConsolidate compiler generated dependencies of target lslidar_msgs__rosidl_typesupport_fastrtps_c__pyext[0m
[2.599s] [35m[1mConsolidate compiler generated dependencies of target lslidar_msgs__rosidl_typesupport_c__pyext[0m
[2.599s] [35m[1mConsolidate compiler generated dependencies of target lslidar_msgs__rosidl_typesupport_introspection_c__pyext[0m
[2.599s] [ 93%] Built target lslidar_msgs__rosidl_typesupport_c__pyext
[2.599s] [ 96%] Built target lslidar_msgs__rosidl_typesupport_introspection_c__pyext
[2.600s] [100%] Built target lslidar_msgs__rosidl_typesupport_fastrtps_c__pyext
[2.600s] running egg_info
[2.600s] writing lslidar_msgs.egg-info/PKG-INFO
[2.600s] writing dependency_links to lslidar_msgs.egg-info/dependency_links.txt
[2.600s] writing top-level names to lslidar_msgs.egg-info/top_level.txt
[2.601s] reading manifest file 'lslidar_msgs.egg-info/SOURCES.txt'
[2.601s] writing manifest file 'lslidar_msgs.egg-info/SOURCES.txt'
[2.601s] [100%] Built target ament_cmake_python_build_lslidar_msgs_egg
[3.570s] Invoked command in '/home/ziczac/dev/skripsi_code/ros2_workspace/src/build/lslidar_msgs' returned '0': CMAKE_PREFIX_PATH=${CMAKE_PREFIX_PATH}:/home/ziczac/dev/skripsi_code/ros2_workspace/install/motor:/home/ziczac/dev/skripsi_code/ros2_workspace/install/gui:/home/ziczac/dev/skripsi_code/ros2_workspace/install/rosboard:/home/ziczac/dev/skripsi_code/ros2_workspace/install/log_odds_map:/home/ziczac/dev/skripsi_code/ros2_workspace/install/icp-graph-slam:/home/ziczac/dev/skripsi_code/ros2_workspace/install/diff_drive:/opt/ros/humble /usr/bin/cmake --build /home/ziczac/dev/skripsi_code/ros2_workspace/src/build/lslidar_msgs -- -j8 -l8
[4.498s] Invoking command in '/home/ziczac/dev/skripsi_code/ros2_workspace/src/build/lslidar_msgs': CMAKE_PREFIX_PATH=${CMAKE_PREFIX_PATH}:/home/ziczac/dev/skripsi_code/ros2_workspace/install/motor:/home/ziczac/dev/skripsi_code/ros2_workspace/install/gui:/home/ziczac/dev/skripsi_code/ros2_workspace/install/rosboard:/home/ziczac/dev/skripsi_code/ros2_workspace/install/log_odds_map:/home/ziczac/dev/skripsi_code/ros2_workspace/install/icp-graph-slam:/home/ziczac/dev/skripsi_code/ros2_workspace/install/diff_drive:/opt/ros/humble /usr/bin/cmake --install /home/ziczac/dev/skripsi_code/ros2_workspace/src/build/lslidar_msgs
[4.546s] -- Install configuration: ""
[4.553s] -- Execute custom install script
[4.554s] -- Up-to-date symlink: /home/ziczac/dev/skripsi_code/ros2_workspace/src/install/lslidar_msgs/share/ament_index/resource_index/rosidl_interfaces/lslidar_msgs
[4.554s] -- Up-to-date symlink: /home/ziczac/dev/skripsi_code/ros2_workspace/src/install/lslidar_msgs/include/lslidar_msgs/lslidar_msgs/msg/detail/lslidar_difop__functions.h
[4.555s] -- Up-to-date symlink: /home/ziczac/dev/skripsi_code/ros2_workspace/src/install/lslidar_msgs/include/lslidar_msgs/lslidar_msgs/msg/detail/lslidar_difop__struct.h
[4.561s] -- Up-to-date symlink: /home/ziczac/dev/skripsi_code/ros2_workspace/src/install/lslidar_msgs/include/lslidar_msgs/lslidar_msgs/msg/detail/lslidar_difop__type_support.h
[4.562s] -- Up-to-date symlink: /home/ziczac/dev/skripsi_code/ros2_workspace/src/install/lslidar_msgs/include/lslidar_msgs/lslidar_msgs/msg/detail/lslidar_packet__functions.h
[4.563s] -- Up-to-date symlink: /home/ziczac/dev/skripsi_code/ros2_workspace/src/install/lslidar_msgs/include/lslidar_msgs/lslidar_msgs/msg/detail/lslidar_packet__struct.h
[4.569s] -- Up-to-date symlink: /home/ziczac/dev/skripsi_code/ros2_workspace/src/install/lslidar_msgs/include/lslidar_msgs/lslidar_msgs/msg/detail/lslidar_packet__type_support.h
[4.574s] -- Up-to-date symlink: /home/ziczac/dev/skripsi_code/ros2_workspace/src/install/lslidar_msgs/include/lslidar_msgs/lslidar_msgs/msg/detail/lslidar_point__functions.h
[4.575s] -- Up-to-date symlink: /home/ziczac/dev/skripsi_code/ros2_workspace/src/install/lslidar_msgs/include/lslidar_msgs/lslidar_msgs/msg/detail/lslidar_point__struct.h
[4.576s] -- Up-to-date symlink: /home/ziczac/dev/skripsi_code/ros2_workspace/src/install/lslidar_msgs/include/lslidar_msgs/lslidar_msgs/msg/detail/lslidar_point__type_support.h
[4.576s] -- Up-to-date symlink: /home/ziczac/dev/skripsi_code/ros2_workspace/src/install/lslidar_msgs/include/lslidar_msgs/lslidar_msgs/msg/detail/lslidar_scan__functions.h
[4.577s] -- Up-to-date symlink: /home/ziczac/dev/skripsi_code/ros2_workspace/src/install/lslidar_msgs/include/lslidar_msgs/lslidar_msgs/msg/detail/lslidar_scan__struct.h
[4.579s] -- Up-to-date symlink: /home/ziczac/dev/skripsi_code/ros2_workspace/src/install/lslidar_msgs/include/lslidar_msgs/lslidar_msgs/msg/detail/lslidar_scan__type_support.h
[4.587s] -- Up-to-date symlink: /home/ziczac/dev/skripsi_code/ros2_workspace/src/install/lslidar_msgs/include/lslidar_msgs/lslidar_msgs/msg/detail/lslidar_sweep__functions.h
[4.588s] -- Up-to-date symlink: /home/ziczac/dev/skripsi_code/ros2_workspace/src/install/lslidar_msgs/include/lslidar_msgs/lslidar_msgs/msg/detail/lslidar_sweep__struct.h
[4.589s] -- Up-to-date symlink: /home/ziczac/dev/skripsi_code/ros2_workspace/src/install/lslidar_msgs/include/lslidar_msgs/lslidar_msgs/msg/detail/lslidar_sweep__type_support.h
[4.590s] -- Up-to-date symlink: /home/ziczac/dev/skripsi_code/ros2_workspace/src/install/lslidar_msgs/include/lslidar_msgs/lslidar_msgs/msg/lslidar_difop.h
[4.590s] -- Up-to-date symlink: /home/ziczac/dev/skripsi_code/ros2_workspace/src/install/lslidar_msgs/include/lslidar_msgs/lslidar_msgs/msg/lslidar_packet.h
[4.590s] -- Up-to-date symlink: /home/ziczac/dev/skripsi_code/ros2_workspace/src/install/lslidar_msgs/include/lslidar_msgs/lslidar_msgs/msg/lslidar_point.h
[4.591s] -- Up-to-date symlink: /home/ziczac/dev/skripsi_code/ros2_workspace/src/install/lslidar_msgs/include/lslidar_msgs/lslidar_msgs/msg/lslidar_scan.h
[4.591s] -- Up-to-date symlink: /home/ziczac/dev/skripsi_code/ros2_workspace/src/install/lslidar_msgs/include/lslidar_msgs/lslidar_msgs/msg/lslidar_sweep.h
[4.592s] -- Up-to-date symlink: /home/ziczac/dev/skripsi_code/ros2_workspace/src/install/lslidar_msgs/include/lslidar_msgs/lslidar_msgs/msg/rosidl_generator_c__visibility_control.h
[4.592s] -- Up-to-date symlink: /home/ziczac/dev/skripsi_code/ros2_workspace/src/install/lslidar_msgs/share/lslidar_msgs/environment/library_path.sh
[4.593s] -- Up-to-date symlink: /home/ziczac/dev/skripsi_code/ros2_workspace/src/install/lslidar_msgs/share/lslidar_msgs/environment/library_path.dsv
[4.606s] -- Up-to-date symlink: /home/ziczac/dev/skripsi_code/ros2_workspace/src/install/lslidar_msgs/include/lslidar_msgs/lslidar_msgs/msg/detail/lslidar_difop__rosidl_typesupport_fastrtps_c.h
[4.611s] -- Up-to-date symlink: /home/ziczac/dev/skripsi_code/ros2_workspace/src/install/lslidar_msgs/include/lslidar_msgs/lslidar_msgs/msg/detail/lslidar_packet__rosidl_typesupport_fastrtps_c.h
[4.611s] -- Up-to-date symlink: /home/ziczac/dev/skripsi_code/ros2_workspace/src/install/lslidar_msgs/include/lslidar_msgs/lslidar_msgs/msg/detail/lslidar_point__rosidl_typesupport_fastrtps_c.h
[4.612s] -- Up-to-date symlink: /home/ziczac/dev/skripsi_code/ros2_workspace/src/install/lslidar_msgs/include/lslidar_msgs/lslidar_msgs/msg/detail/lslidar_scan__rosidl_typesupport_fastrtps_c.h
[4.612s] -- Up-to-date symlink: /home/ziczac/dev/skripsi_code/ros2_workspace/src/install/lslidar_msgs/include/lslidar_msgs/lslidar_msgs/msg/detail/lslidar_sweep__rosidl_typesupport_fastrtps_c.h
[4.619s] -- Up-to-date symlink: /home/ziczac/dev/skripsi_code/ros2_workspace/src/install/lslidar_msgs/include/lslidar_msgs/lslidar_msgs/msg/rosidl_typesupport_fastrtps_c__visibility_control.h
[4.619s] -- Up-to-date symlink: /home/ziczac/dev/skripsi_code/ros2_workspace/src/install/lslidar_msgs/include/lslidar_msgs/lslidar_msgs/msg/detail/lslidar_difop__builder.hpp
[4.619s] -- Up-to-date symlink: /home/ziczac/dev/skripsi_code/ros2_workspace/src/install/lslidar_msgs/include/lslidar_msgs/lslidar_msgs/msg/detail/lslidar_difop__struct.hpp
[4.620s] -- Up-to-date symlink: /home/ziczac/dev/skripsi_code/ros2_workspace/src/install/lslidar_msgs/include/lslidar_msgs/lslidar_msgs/msg/detail/lslidar_difop__traits.hpp
[4.620s] -- Up-to-date symlink: /home/ziczac/dev/skripsi_code/ros2_workspace/src/install/lslidar_msgs/include/lslidar_msgs/lslidar_msgs/msg/detail/lslidar_packet__builder.hpp
[4.631s] -- Up-to-date symlink: /home/ziczac/dev/skripsi_code/ros2_workspace/src/install/lslidar_msgs/include/lslidar_msgs/lslidar_msgs/msg/detail/lslidar_packet__struct.hpp
[4.633s] -- Up-to-date symlink: /home/ziczac/dev/skripsi_code/ros2_workspace/src/install/lslidar_msgs/include/lslidar_msgs/lslidar_msgs/msg/detail/lslidar_packet__traits.hpp
[4.636s] -- Up-to-date symlink: /home/ziczac/dev/skripsi_code/ros2_workspace/src/install/lslidar_msgs/include/lslidar_msgs/lslidar_msgs/msg/detail/lslidar_point__builder.hpp
[4.637s] -- Up-to-date symlink: /home/ziczac/dev/skripsi_code/ros2_workspace/src/install/lslidar_msgs/include/lslidar_msgs/lslidar_msgs/msg/detail/lslidar_point__struct.hpp
[4.639s] -- Up-to-date symlink: /home/ziczac/dev/skripsi_code/ros2_workspace/src/install/lslidar_msgs/include/lslidar_msgs/lslidar_msgs/msg/detail/lslidar_point__traits.hpp
[4.640s] -- Up-to-date symlink: /home/ziczac/dev/skripsi_code/ros2_workspace/src/install/lslidar_msgs/include/lslidar_msgs/lslidar_msgs/msg/detail/lslidar_scan__builder.hpp
[4.642s] -- Up-to-date symlink: /home/ziczac/dev/skripsi_code/ros2_workspace/src/install/lslidar_msgs/include/lslidar_msgs/lslidar_msgs/msg/detail/lslidar_scan__struct.hpp
[4.643s] -- Up-to-date symlink: /home/ziczac/dev/skripsi_code/ros2_workspace/src/install/lslidar_msgs/include/lslidar_msgs/lslidar_msgs/msg/detail/lslidar_scan__traits.hpp
[4.645s] -- Up-to-date symlink: /home/ziczac/dev/skripsi_code/ros2_workspace/src/install/lslidar_msgs/include/lslidar_msgs/lslidar_msgs/msg/detail/lslidar_sweep__builder.hpp
[4.648s] -- Up-to-date symlink: /home/ziczac/dev/skripsi_code/ros2_workspace/src/install/lslidar_msgs/include/lslidar_msgs/lslidar_msgs/msg/detail/lslidar_sweep__struct.hpp
[4.649s] -- Up-to-date symlink: /home/ziczac/dev/skripsi_code/ros2_workspace/src/install/lslidar_msgs/include/lslidar_msgs/lslidar_msgs/msg/detail/lslidar_sweep__traits.hpp
[4.651s] -- Up-to-date symlink: /home/ziczac/dev/skripsi_code/ros2_workspace/src/install/lslidar_msgs/include/lslidar_msgs/lslidar_msgs/msg/lslidar_difop.hpp
[4.656s] -- Up-to-date symlink: /home/ziczac/dev/skripsi_code/ros2_workspace/src/install/lslidar_msgs/include/lslidar_msgs/lslidar_msgs/msg/lslidar_packet.hpp
[4.656s] -- Up-to-date symlink: /home/ziczac/dev/skripsi_code/ros2_workspace/src/install/lslidar_msgs/include/lslidar_msgs/lslidar_msgs/msg/lslidar_point.hpp
[4.657s] -- Up-to-date symlink: /home/ziczac/dev/skripsi_code/ros2_workspace/src/install/lslidar_msgs/include/lslidar_msgs/lslidar_msgs/msg/lslidar_scan.hpp
[4.658s] -- Up-to-date symlink: /home/ziczac/dev/skripsi_code/ros2_workspace/src/install/lslidar_msgs/include/lslidar_msgs/lslidar_msgs/msg/lslidar_sweep.hpp
[4.664s] -- Up-to-date symlink: /home/ziczac/dev/skripsi_code/ros2_workspace/src/install/lslidar_msgs/include/lslidar_msgs/lslidar_msgs/msg/detail/lslidar_difop__rosidl_typesupport_fastrtps_cpp.hpp
[4.675s] -- Up-to-date symlink: /home/ziczac/dev/skripsi_code/ros2_workspace/src/install/lslidar_msgs/include/lslidar_msgs/lslidar_msgs/msg/detail/lslidar_packet__rosidl_typesupport_fastrtps_cpp.hpp
[4.677s] -- Up-to-date symlink: /home/ziczac/dev/skripsi_code/ros2_workspace/src/install/lslidar_msgs/include/lslidar_msgs/lslidar_msgs/msg/detail/lslidar_point__rosidl_typesupport_fastrtps_cpp.hpp
[4.680s] -- Up-to-date symlink: /home/ziczac/dev/skripsi_code/ros2_workspace/src/install/lslidar_msgs/include/lslidar_msgs/lslidar_msgs/msg/detail/lslidar_scan__rosidl_typesupport_fastrtps_cpp.hpp
[4.681s] -- Up-to-date symlink: /home/ziczac/dev/skripsi_code/ros2_workspace/src/install/lslidar_msgs/include/lslidar_msgs/lslidar_msgs/msg/detail/lslidar_sweep__rosidl_typesupport_fastrtps_cpp.hpp
[4.681s] -- Up-to-date symlink: /home/ziczac/dev/skripsi_code/ros2_workspace/src/install/lslidar_msgs/include/lslidar_msgs/lslidar_msgs/msg/rosidl_typesupport_fastrtps_cpp__visibility_control.h
[4.681s] -- Up-to-date symlink: /home/ziczac/dev/skripsi_code/ros2_workspace/src/install/lslidar_msgs/include/lslidar_msgs/lslidar_msgs/msg/detail/lslidar_difop__rosidl_typesupport_introspection_c.h
[4.682s] -- Up-to-date symlink: /home/ziczac/dev/skripsi_code/ros2_workspace/src/install/lslidar_msgs/include/lslidar_msgs/lslidar_msgs/msg/detail/lslidar_packet__rosidl_typesupport_introspection_c.h
[4.683s] -- Up-to-date symlink: /home/ziczac/dev/skripsi_code/ros2_workspace/src/install/lslidar_msgs/include/lslidar_msgs/lslidar_msgs/msg/detail/lslidar_point__rosidl_typesupport_introspection_c.h
[4.683s] -- Up-to-date symlink: /home/ziczac/dev/skripsi_code/ros2_workspace/src/install/lslidar_msgs/include/lslidar_msgs/lslidar_msgs/msg/detail/lslidar_scan__rosidl_typesupport_introspection_c.h
[4.683s] -- Up-to-date symlink: /home/ziczac/dev/skripsi_code/ros2_workspace/src/install/lslidar_msgs/include/lslidar_msgs/lslidar_msgs/msg/detail/lslidar_sweep__rosidl_typesupport_introspection_c.h
[4.683s] -- Up-to-date symlink: /home/ziczac/dev/skripsi_code/ros2_workspace/src/install/lslidar_msgs/include/lslidar_msgs/lslidar_msgs/msg/rosidl_typesupport_introspection_c__visibility_control.h
[4.702s] -- Up-to-date symlink: /home/ziczac/dev/skripsi_code/ros2_workspace/src/install/lslidar_msgs/include/lslidar_msgs/lslidar_msgs/msg/detail/lslidar_difop__rosidl_typesupport_introspection_cpp.hpp
[4.703s] -- Up-to-date symlink: /home/ziczac/dev/skripsi_code/ros2_workspace/src/install/lslidar_msgs/include/lslidar_msgs/lslidar_msgs/msg/detail/lslidar_packet__rosidl_typesupport_introspection_cpp.hpp
[4.705s] -- Up-to-date symlink: /home/ziczac/dev/skripsi_code/ros2_workspace/src/install/lslidar_msgs/include/lslidar_msgs/lslidar_msgs/msg/detail/lslidar_point__rosidl_typesupport_introspection_cpp.hpp
[4.707s] -- Up-to-date symlink: /home/ziczac/dev/skripsi_code/ros2_workspace/src/install/lslidar_msgs/include/lslidar_msgs/lslidar_msgs/msg/detail/lslidar_scan__rosidl_typesupport_introspection_cpp.hpp
[4.708s] -- Up-to-date symlink: /home/ziczac/dev/skripsi_code/ros2_workspace/src/install/lslidar_msgs/include/lslidar_msgs/lslidar_msgs/msg/detail/lslidar_sweep__rosidl_typesupport_introspection_cpp.hpp
[4.708s] -- Up-to-date symlink: /home/ziczac/dev/skripsi_code/ros2_workspace/src/install/lslidar_msgs/share/lslidar_msgs/environment/pythonpath.sh
[4.708s] -- Up-to-date symlink: /home/ziczac/dev/skripsi_code/ros2_workspace/src/install/lslidar_msgs/share/lslidar_msgs/environment/pythonpath.dsv
[4.717s] -- Up-to-date symlink: /home/ziczac/dev/skripsi_code/ros2_workspace/src/install/lslidar_msgs/local/lib/python3.10/dist-packages/lslidar_msgs-1.2.0-py3.10.egg-info/PKG-INFO
[4.718s] -- Up-to-date symlink: /home/ziczac/dev/skripsi_code/ros2_workspace/src/install/lslidar_msgs/local/lib/python3.10/dist-packages/lslidar_msgs-1.2.0-py3.10.egg-info/SOURCES.txt
[4.724s] -- Up-to-date symlink: /home/ziczac/dev/skripsi_code/ros2_workspace/src/install/lslidar_msgs/local/lib/python3.10/dist-packages/lslidar_msgs-1.2.0-py3.10.egg-info/dependency_links.txt
[4.724s] -- Up-to-date symlink: /home/ziczac/dev/skripsi_code/ros2_workspace/src/install/lslidar_msgs/local/lib/python3.10/dist-packages/lslidar_msgs-1.2.0-py3.10.egg-info/top_level.txt
[4.724s] -- Up-to-date symlink: /home/ziczac/dev/skripsi_code/ros2_workspace/src/install/lslidar_msgs/local/lib/python3.10/dist-packages/lslidar_msgs/__init__.py
[4.725s] -- Up-to-date symlink: /home/ziczac/dev/skripsi_code/ros2_workspace/src/install/lslidar_msgs/local/lib/python3.10/dist-packages/lslidar_msgs/_lslidar_msgs_s.ep.rosidl_typesupport_c.c
[4.725s] -- Up-to-date symlink: /home/ziczac/dev/skripsi_code/ros2_workspace/src/install/lslidar_msgs/local/lib/python3.10/dist-packages/lslidar_msgs/_lslidar_msgs_s.ep.rosidl_typesupport_fastrtps_c.c
[4.725s] -- Up-to-date symlink: /home/ziczac/dev/skripsi_code/ros2_workspace/src/install/lslidar_msgs/local/lib/python3.10/dist-packages/lslidar_msgs/_lslidar_msgs_s.ep.rosidl_typesupport_introspection_c.c
[4.726s] -- Up-to-date symlink: /home/ziczac/dev/skripsi_code/ros2_workspace/src/install/lslidar_msgs/local/lib/python3.10/dist-packages/lslidar_msgs/liblslidar_msgs__rosidl_generator_py.so
[4.726s] -- Up-to-date symlink: /home/ziczac/dev/skripsi_code/ros2_workspace/src/install/lslidar_msgs/local/lib/python3.10/dist-packages/lslidar_msgs/lslidar_msgs_s__rosidl_typesupport_c.cpython-310-x86_64-linux-gnu.so
[4.726s] -- Up-to-date symlink: /home/ziczac/dev/skripsi_code/ros2_workspace/src/install/lslidar_msgs/local/lib/python3.10/dist-packages/lslidar_msgs/lslidar_msgs_s__rosidl_typesupport_fastrtps_c.cpython-310-x86_64-linux-gnu.so
[4.726s] -- Up-to-date symlink: /home/ziczac/dev/skripsi_code/ros2_workspace/src/install/lslidar_msgs/local/lib/python3.10/dist-packages/lslidar_msgs/lslidar_msgs_s__rosidl_typesupport_introspection_c.cpython-310-x86_64-linux-gnu.so
[4.727s] -- Up-to-date symlink: /home/ziczac/dev/skripsi_code/ros2_workspace/src/install/lslidar_msgs/local/lib/python3.10/dist-packages/lslidar_msgs/msg/__init__.py
[4.727s] -- Up-to-date symlink: /home/ziczac/dev/skripsi_code/ros2_workspace/src/install/lslidar_msgs/local/lib/python3.10/dist-packages/lslidar_msgs/msg/_lslidar_difop.py
[4.727s] -- Up-to-date symlink: /home/ziczac/dev/skripsi_code/ros2_workspace/src/install/lslidar_msgs/local/lib/python3.10/dist-packages/lslidar_msgs/msg/_lslidar_difop_s.c
[4.727s] -- Up-to-date symlink: /home/ziczac/dev/skripsi_code/ros2_workspace/src/install/lslidar_msgs/local/lib/python3.10/dist-packages/lslidar_msgs/msg/_lslidar_packet.py
[4.727s] -- Up-to-date symlink: /home/ziczac/dev/skripsi_code/ros2_workspace/src/install/lslidar_msgs/local/lib/python3.10/dist-packages/lslidar_msgs/msg/_lslidar_packet_s.c
[4.728s] -- Up-to-date symlink: /home/ziczac/dev/skripsi_code/ros2_workspace/src/install/lslidar_msgs/local/lib/python3.10/dist-packages/lslidar_msgs/msg/_lslidar_point.py
[4.728s] -- Up-to-date symlink: /home/ziczac/dev/skripsi_code/ros2_workspace/src/install/lslidar_msgs/local/lib/python3.10/dist-packages/lslidar_msgs/msg/_lslidar_point_s.c
[4.728s] -- Up-to-date symlink: /home/ziczac/dev/skripsi_code/ros2_workspace/src/install/lslidar_msgs/local/lib/python3.10/dist-packages/lslidar_msgs/msg/_lslidar_scan.py
[4.730s] -- Up-to-date symlink: /home/ziczac/dev/skripsi_code/ros2_workspace/src/install/lslidar_msgs/local/lib/python3.10/dist-packages/lslidar_msgs/msg/_lslidar_scan_s.c
[4.731s] -- Up-to-date symlink: /home/ziczac/dev/skripsi_code/ros2_workspace/src/install/lslidar_msgs/local/lib/python3.10/dist-packages/lslidar_msgs/msg/_lslidar_sweep.py
[4.731s] -- Up-to-date symlink: /home/ziczac/dev/skripsi_code/ros2_workspace/src/install/lslidar_msgs/local/lib/python3.10/dist-packages/lslidar_msgs/msg/_lslidar_sweep_s.c
[4.735s] -- Up-to-date symlink: /home/ziczac/dev/skripsi_code/ros2_workspace/src/install/lslidar_msgs/local/lib/python3.10/dist-packages/lslidar_msgs/lslidar_msgs_s__rosidl_typesupport_fastrtps_c.cpython-310-x86_64-linux-gnu.so
[4.738s] -- Up-to-date symlink: /home/ziczac/dev/skripsi_code/ros2_workspace/src/install/lslidar_msgs/local/lib/python3.10/dist-packages/lslidar_msgs/lslidar_msgs_s__rosidl_typesupport_introspection_c.cpython-310-x86_64-linux-gnu.so
[4.739s] -- Up-to-date symlink: /home/ziczac/dev/skripsi_code/ros2_workspace/src/install/lslidar_msgs/local/lib/python3.10/dist-packages/lslidar_msgs/lslidar_msgs_s__rosidl_typesupport_c.cpython-310-x86_64-linux-gnu.so
[4.739s] -- Up-to-date symlink: /home/ziczac/dev/skripsi_code/ros2_workspace/src/install/lslidar_msgs/share/lslidar_msgs/msg/LslidarDifop.idl
[4.741s] -- Up-to-date symlink: /home/ziczac/dev/skripsi_code/ros2_workspace/src/install/lslidar_msgs/share/lslidar_msgs/msg/LslidarPacket.idl
[4.743s] -- Up-to-date symlink: /home/ziczac/dev/skripsi_code/ros2_workspace/src/install/lslidar_msgs/share/lslidar_msgs/msg/LslidarPoint.idl
[4.748s] -- Up-to-date symlink: /home/ziczac/dev/skripsi_code/ros2_workspace/src/install/lslidar_msgs/share/lslidar_msgs/msg/LslidarScan.idl
[4.749s] -- Up-to-date symlink: /home/ziczac/dev/skripsi_code/ros2_workspace/src/install/lslidar_msgs/share/lslidar_msgs/msg/LslidarSweep.idl
[4.749s] -- Up-to-date symlink: /home/ziczac/dev/skripsi_code/ros2_workspace/src/install/lslidar_msgs/share/lslidar_msgs/msg/LslidarDifop.msg
[4.749s] -- Up-to-date symlink: /home/ziczac/dev/skripsi_code/ros2_workspace/src/install/lslidar_msgs/share/lslidar_msgs/msg/LslidarPacket.msg
[4.750s] -- Up-to-date symlink: /home/ziczac/dev/skripsi_code/ros2_workspace/src/install/lslidar_msgs/share/lslidar_msgs/msg/LslidarPoint.msg
[4.750s] -- Up-to-date symlink: /home/ziczac/dev/skripsi_code/ros2_workspace/src/install/lslidar_msgs/share/lslidar_msgs/msg/LslidarScan.msg
[4.750s] -- Up-to-date symlink: /home/ziczac/dev/skripsi_code/ros2_workspace/src/install/lslidar_msgs/share/lslidar_msgs/msg/LslidarSweep.msg
[4.750s] -- Up-to-date symlink: /home/ziczac/dev/skripsi_code/ros2_workspace/src/install/lslidar_msgs/share/ament_index/resource_index/package_run_dependencies/lslidar_msgs
[4.754s] -- Up-to-date symlink: /home/ziczac/dev/skripsi_code/ros2_workspace/src/install/lslidar_msgs/share/ament_index/resource_index/parent_prefix_path/lslidar_msgs
[4.754s] -- Up-to-date symlink: /home/ziczac/dev/skripsi_code/ros2_workspace/src/install/lslidar_msgs/share/lslidar_msgs/environment/ament_prefix_path.sh
[4.755s] -- Up-to-date symlink: /home/ziczac/dev/skripsi_code/ros2_workspace/src/install/lslidar_msgs/share/lslidar_msgs/environment/ament_prefix_path.dsv
[4.755s] -- Up-to-date symlink: /home/ziczac/dev/skripsi_code/ros2_workspace/src/install/lslidar_msgs/share/lslidar_msgs/environment/path.sh
[4.756s] -- Up-to-date symlink: /home/ziczac/dev/skripsi_code/ros2_workspace/src/install/lslidar_msgs/share/lslidar_msgs/environment/path.dsv
[4.756s] -- Up-to-date symlink: /home/ziczac/dev/skripsi_code/ros2_workspace/src/install/lslidar_msgs/share/lslidar_msgs/local_setup.bash
[4.756s] -- Up-to-date symlink: /home/ziczac/dev/skripsi_code/ros2_workspace/src/install/lslidar_msgs/share/lslidar_msgs/local_setup.sh
[4.756s] -- Up-to-date symlink: /home/ziczac/dev/skripsi_code/ros2_workspace/src/install/lslidar_msgs/share/lslidar_msgs/local_setup.zsh
[4.757s] -- Up-to-date symlink: /home/ziczac/dev/skripsi_code/ros2_workspace/src/install/lslidar_msgs/share/lslidar_msgs/local_setup.dsv
[4.757s] -- Symlinking: /home/ziczac/dev/skripsi_code/ros2_workspace/src/install/lslidar_msgs/share/lslidar_msgs/package.dsv
[4.906s] -- Up-to-date symlink: /home/ziczac/dev/skripsi_code/ros2_workspace/src/install/lslidar_msgs/share/ament_index/resource_index/packages/lslidar_msgs
[4.908s] -- Up-to-date symlink: /home/ziczac/dev/skripsi_code/ros2_workspace/src/install/lslidar_msgs/share/lslidar_msgs/cmake/rosidl_cmake-extras.cmake
[4.909s] -- Up-to-date symlink: /home/ziczac/dev/skripsi_code/ros2_workspace/src/install/lslidar_msgs/share/lslidar_msgs/cmake/ament_cmake_export_dependencies-extras.cmake
[4.910s] -- Up-to-date symlink: /home/ziczac/dev/skripsi_code/ros2_workspace/src/install/lslidar_msgs/share/lslidar_msgs/cmake/ament_cmake_export_include_directories-extras.cmake
[4.915s] -- Up-to-date symlink: /home/ziczac/dev/skripsi_code/ros2_workspace/src/install/lslidar_msgs/share/lslidar_msgs/cmake/ament_cmake_export_libraries-extras.cmake
[4.916s] -- Up-to-date symlink: /home/ziczac/dev/skripsi_code/ros2_workspace/src/install/lslidar_msgs/share/lslidar_msgs/cmake/ament_cmake_export_targets-extras.cmake
[4.916s] -- Up-to-date symlink: /home/ziczac/dev/skripsi_code/ros2_workspace/src/install/lslidar_msgs/share/lslidar_msgs/cmake/rosidl_cmake_export_typesupport_targets-extras.cmake
[4.916s] -- Up-to-date symlink: /home/ziczac/dev/skripsi_code/ros2_workspace/src/install/lslidar_msgs/share/lslidar_msgs/cmake/rosidl_cmake_export_typesupport_libraries-extras.cmake
[4.916s] -- Up-to-date symlink: /home/ziczac/dev/skripsi_code/ros2_workspace/src/install/lslidar_msgs/share/lslidar_msgs/cmake/lslidar_msgsConfig.cmake
[4.917s] -- Up-to-date symlink: /home/ziczac/dev/skripsi_code/ros2_workspace/src/install/lslidar_msgs/share/lslidar_msgs/cmake/lslidar_msgsConfig-version.cmake
[4.918s] -- Up-to-date symlink: /home/ziczac/dev/skripsi_code/ros2_workspace/src/install/lslidar_msgs/share/lslidar_msgs/package.xml
[4.993s] -- Up-to-date: /home/ziczac/dev/skripsi_code/ros2_workspace/src/install/lslidar_msgs/lib/liblslidar_msgs__rosidl_generator_c.so
[5.005s] -- Up-to-date: /home/ziczac/dev/skripsi_code/ros2_workspace/src/install/lslidar_msgs/lib/liblslidar_msgs__rosidl_typesupport_fastrtps_c.so
[5.028s] -- Up-to-date: /home/ziczac/dev/skripsi_code/ros2_workspace/src/install/lslidar_msgs/lib/liblslidar_msgs__rosidl_typesupport_fastrtps_cpp.so
[5.094s] -- Up-to-date: /home/ziczac/dev/skripsi_code/ros2_workspace/src/install/lslidar_msgs/lib/liblslidar_msgs__rosidl_typesupport_introspection_c.so
[5.124s] -- Up-to-date: /home/ziczac/dev/skripsi_code/ros2_workspace/src/install/lslidar_msgs/lib/liblslidar_msgs__rosidl_typesupport_c.so
[5.189s] -- Up-to-date: /home/ziczac/dev/skripsi_code/ros2_workspace/src/install/lslidar_msgs/lib/liblslidar_msgs__rosidl_typesupport_introspection_cpp.so
[5.190s] -- Up-to-date: /home/ziczac/dev/skripsi_code/ros2_workspace/src/install/lslidar_msgs/lib/liblslidar_msgs__rosidl_typesupport_cpp.so
[5.354s] Listing '/home/ziczac/dev/skripsi_code/ros2_workspace/src/install/lslidar_msgs/local/lib/python3.10/dist-packages/lslidar_msgs'...
[5.354s] Listing '/home/ziczac/dev/skripsi_code/ros2_workspace/src/install/lslidar_msgs/local/lib/python3.10/dist-packages/lslidar_msgs/msg'...
[5.393s] -- Up-to-date: /home/ziczac/dev/skripsi_code/ros2_workspace/src/install/lslidar_msgs/lib/liblslidar_msgs__rosidl_generator_py.so
[5.408s] -- Up-to-date: /home/ziczac/dev/skripsi_code/ros2_workspace/src/install/lslidar_msgs/share/lslidar_msgs/cmake/export_lslidar_msgs__rosidl_generator_cExport.cmake
[5.410s] -- Up-to-date: /home/ziczac/dev/skripsi_code/ros2_workspace/src/install/lslidar_msgs/share/lslidar_msgs/cmake/export_lslidar_msgs__rosidl_generator_cExport-noconfig.cmake
[5.412s] -- Up-to-date: /home/ziczac/dev/skripsi_code/ros2_workspace/src/install/lslidar_msgs/share/lslidar_msgs/cmake/export_lslidar_msgs__rosidl_typesupport_fastrtps_cExport.cmake
[5.416s] -- Up-to-date: /home/ziczac/dev/skripsi_code/ros2_workspace/src/install/lslidar_msgs/share/lslidar_msgs/cmake/export_lslidar_msgs__rosidl_typesupport_fastrtps_cExport-noconfig.cmake
[5.419s] -- Up-to-date: /home/ziczac/dev/skripsi_code/ros2_workspace/src/install/lslidar_msgs/share/lslidar_msgs/cmake/export_lslidar_msgs__rosidl_generator_cppExport.cmake
[5.420s] -- Up-to-date: /home/ziczac/dev/skripsi_code/ros2_workspace/src/install/lslidar_msgs/share/lslidar_msgs/cmake/export_lslidar_msgs__rosidl_typesupport_fastrtps_cppExport.cmake
[5.421s] -- Up-to-date: /home/ziczac/dev/skripsi_code/ros2_workspace/src/install/lslidar_msgs/share/lslidar_msgs/cmake/export_lslidar_msgs__rosidl_typesupport_fastrtps_cppExport-noconfig.cmake
[5.434s] -- Up-to-date: /home/ziczac/dev/skripsi_code/ros2_workspace/src/install/lslidar_msgs/share/lslidar_msgs/cmake/lslidar_msgs__rosidl_typesupport_introspection_cExport.cmake
[5.435s] -- Up-to-date: /home/ziczac/dev/skripsi_code/ros2_workspace/src/install/lslidar_msgs/share/lslidar_msgs/cmake/lslidar_msgs__rosidl_typesupport_introspection_cExport-noconfig.cmake
[5.437s] -- Up-to-date: /home/ziczac/dev/skripsi_code/ros2_workspace/src/install/lslidar_msgs/share/lslidar_msgs/cmake/lslidar_msgs__rosidl_typesupport_cExport.cmake
[5.440s] -- Up-to-date: /home/ziczac/dev/skripsi_code/ros2_workspace/src/install/lslidar_msgs/share/lslidar_msgs/cmake/lslidar_msgs__rosidl_typesupport_cExport-noconfig.cmake
[5.442s] -- Up-to-date: /home/ziczac/dev/skripsi_code/ros2_workspace/src/install/lslidar_msgs/share/lslidar_msgs/cmake/lslidar_msgs__rosidl_typesupport_introspection_cppExport.cmake
[5.443s] -- Up-to-date: /home/ziczac/dev/skripsi_code/ros2_workspace/src/install/lslidar_msgs/share/lslidar_msgs/cmake/lslidar_msgs__rosidl_typesupport_introspection_cppExport-noconfig.cmake
[5.445s] -- Up-to-date: /home/ziczac/dev/skripsi_code/ros2_workspace/src/install/lslidar_msgs/share/lslidar_msgs/cmake/lslidar_msgs__rosidl_typesupport_cppExport.cmake
[5.447s] -- Up-to-date: /home/ziczac/dev/skripsi_code/ros2_workspace/src/install/lslidar_msgs/share/lslidar_msgs/cmake/lslidar_msgs__rosidl_typesupport_cppExport-noconfig.cmake
[5.450s] -- Up-to-date: /home/ziczac/dev/skripsi_code/ros2_workspace/src/install/lslidar_msgs/share/lslidar_msgs/cmake/export_lslidar_msgs__rosidl_generator_pyExport.cmake
[5.452s] -- Up-to-date: /home/ziczac/dev/skripsi_code/ros2_workspace/src/install/lslidar_msgs/share/lslidar_msgs/cmake/export_lslidar_msgs__rosidl_generator_pyExport-noconfig.cmake
[7.456s] Invoked command in '/home/ziczac/dev/skripsi_code/ros2_workspace/src/build/lslidar_msgs' returned '0': CMAKE_PREFIX_PATH=${CMAKE_PREFIX_PATH}:/home/ziczac/dev/skripsi_code/ros2_workspace/install/motor:/home/ziczac/dev/skripsi_code/ros2_workspace/install/gui:/home/ziczac/dev/skripsi_code/ros2_workspace/install/rosboard:/home/ziczac/dev/skripsi_code/ros2_workspace/install/log_odds_map:/home/ziczac/dev/skripsi_code/ros2_workspace/install/icp-graph-slam:/home/ziczac/dev/skripsi_code/ros2_workspace/install/diff_drive:/opt/ros/humble /usr/bin/cmake --install /home/ziczac/dev/skripsi_code/ros2_workspace/src/build/lslidar_msgs
