[5.288s] Invoking command in '/home/ziczac/dev/skripsi_code/ROS2-PLICP-POSE-GRAPH/build/icp_graph_slam': PYTHONPATH=/home/ziczac/dev/skripsi_code/ROS2-PLICP-POSE-GRAPH/build/icp_graph_slam/prefix_override:/home/ziczac/dev/skripsi_code/ROS2-PLICP-POSE-GRAPH/install/icp_graph_slam/lib/python3.10/site-packages:${PYTHONPATH} /usr/bin/python3 -W ignore:setup.py install is deprecated setup.py develop --editable --build-directory /home/ziczac/dev/skripsi_code/ROS2-PLICP-POSE-GRAPH/build/icp_graph_slam/build --no-deps symlink_data --force
[6.625s] running develop
[7.346s] running egg_info
[7.346s] writing icp_graph_slam.egg-info/PKG-INFO
[7.347s] writing dependency_links to icp_graph_slam.egg-info/dependency_links.txt
[7.348s] writing entry points to icp_graph_slam.egg-info/entry_points.txt
[7.348s] writing requirements to icp_graph_slam.egg-info/requires.txt
[7.349s] writing top-level names to icp_graph_slam.egg-info/top_level.txt
[7.353s] reading manifest file 'icp_graph_slam.egg-info/SOURCES.txt'
[7.356s] writing manifest file 'icp_graph_slam.egg-info/SOURCES.txt'
[7.359s] running build_ext
[7.360s] Creating /home/ziczac/dev/skripsi_code/ROS2-PLICP-POSE-GRAPH/install/icp_graph_slam/lib/python3.10/site-packages/icp-graph-slam.egg-link (link to .)
[7.361s] Installing collect_data_mapping script to /home/ziczac/dev/skripsi_code/ROS2-PLICP-POSE-GRAPH/install/icp_graph_slam/lib/icp_graph_slam
[7.362s] Installing get_lidar script to /home/ziczac/dev/skripsi_code/ROS2-PLICP-POSE-GRAPH/install/icp_graph_slam/lib/icp_graph_slam
[7.362s] 
[7.363s] Installed /home/ziczac/dev/skripsi_code/ROS2-PLICP-POSE-GRAPH/build/icp_graph_slam
[7.363s] running symlink_data
[7.363s] symbolically linking /home/ziczac/dev/skripsi_code/ROS2-PLICP-POSE-GRAPH/build/icp_graph_slam/resource/icp_graph_slam -> /home/ziczac/dev/skripsi_code/ROS2-PLICP-POSE-GRAPH/install/icp_graph_slam/share/ament_index/resource_index/packages
[7.364s] symbolically linking /home/ziczac/dev/skripsi_code/ROS2-PLICP-POSE-GRAPH/build/icp_graph_slam/package.xml -> /home/ziczac/dev/skripsi_code/ROS2-PLICP-POSE-GRAPH/install/icp_graph_slam/share/icp_graph_slam
[8.215s] Invoked command in '/home/ziczac/dev/skripsi_code/ROS2-PLICP-POSE-GRAPH/build/icp_graph_slam' returned '0': PYTHONPATH=/home/ziczac/dev/skripsi_code/ROS2-PLICP-POSE-GRAPH/build/icp_graph_slam/prefix_override:/home/ziczac/dev/skripsi_code/ROS2-PLICP-POSE-GRAPH/install/icp_graph_slam/lib/python3.10/site-packages:${PYTHONPATH} /usr/bin/python3 -W ignore:setup.py install is deprecated setup.py develop --editable --build-directory /home/ziczac/dev/skripsi_code/ROS2-PLICP-POSE-GRAPH/build/icp_graph_slam/build --no-deps symlink_data --force
