[9.691s] Invoking command in '/home/ziczac/dev/skripsi_code/ros2_workspace/build/log_odds_map': PYTHONPATH=/home/ziczac/dev/skripsi_code/ros2_workspace/build/log_odds_map/prefix_override:/home/ziczac/dev/skripsi_code/ros2_workspace/install/log_odds_map/lib/python3.10/site-packages:${PYTHONPATH} /usr/bin/python3 setup.py develop --editable --build-directory /home/ziczac/dev/skripsi_code/ros2_workspace/build/log_odds_map/build --no-deps install_data
[10.338s] running develop
[10.548s] /home/ziczac/.local/lib/python3.10/site-packages/setuptools/command/develop.py:40: EasyInstallDeprecationWarning: easy_install command is deprecated.
[10.548s] !!
[10.549s] 
[10.549s]         ********************************************************************************
[10.549s]         Please avoid running ``setup.py`` and ``easy_install``.
[10.550s]         Instead, use pypa/build, pypa/installer or other
[10.550s]         standards-based tools.
[10.550s] 
[10.550s]         See https://github.com/pypa/setuptools/issues/917 for details.
[10.550s]         ********************************************************************************
[10.551s] 
[10.551s] !!
[10.551s]   easy_install.initialize_options(self)
[10.708s] /home/ziczac/.local/lib/python3.10/site-packages/setuptools/_distutils/cmd.py:66: SetuptoolsDeprecationWarning: setup.py install is deprecated.
[10.709s] !!
[10.709s] 
[10.709s]         ********************************************************************************
[10.709s]         Please avoid running ``setup.py`` directly.
[10.709s]         Instead, use pypa/build, pypa/installer or other
[10.709s]         standards-based tools.
[10.710s] 
[10.710s]         See https://blog.ganssle.io/articles/2021/10/setup-py-deprecated.html for details.
[10.710s]         ********************************************************************************
[10.710s] 
[10.710s] !!
[10.710s]   self.initialize_options()
[11.535s] running egg_info
[11.596s] writing log_odds_map.egg-info/PKG-INFO
[11.597s] writing dependency_links to log_odds_map.egg-info/dependency_links.txt
[11.598s] writing entry points to log_odds_map.egg-info/entry_points.txt
[11.599s] writing requirements to log_odds_map.egg-info/requires.txt
[11.599s] writing top-level names to log_odds_map.egg-info/top_level.txt
[11.685s] reading manifest file 'log_odds_map.egg-info/SOURCES.txt'
[11.706s] writing manifest file 'log_odds_map.egg-info/SOURCES.txt'
[11.749s] running build_ext
[11.749s] Creating /home/ziczac/dev/skripsi_code/ros2_workspace/install/log_odds_map/lib/python3.10/site-packages/log-odds-map.egg-link (link to .)
[11.750s] Installing occ_map script to /home/ziczac/dev/skripsi_code/ros2_workspace/install/log_odds_map/lib/log_odds_map
[11.750s] 
[11.750s] Installed /home/ziczac/dev/skripsi_code/ros2_workspace/build/log_odds_map
[11.750s] running install_data
[11.751s] copying resource/log_odds_map -> /home/ziczac/dev/skripsi_code/ros2_workspace/install/log_odds_map/share/ament_index/resource_index/packages
[11.785s] copying package.xml -> /home/ziczac/dev/skripsi_code/ros2_workspace/install/log_odds_map/share/log_odds_map
[12.001s] Invoked command in '/home/ziczac/dev/skripsi_code/ros2_workspace/build/log_odds_map' returned '0': PYTHONPATH=/home/ziczac/dev/skripsi_code/ros2_workspace/build/log_odds_map/prefix_override:/home/ziczac/dev/skripsi_code/ros2_workspace/install/log_odds_map/lib/python3.10/site-packages:${PYTHONPATH} /usr/bin/python3 setup.py develop --editable --build-directory /home/ziczac/dev/skripsi_code/ros2_workspace/build/log_odds_map/build --no-deps install_data
