[3.187s] Invoking command in '/home/ziczac/dev/skripsi_code/ros2_workspace/build/diff_drive': PYTHONPATH=/home/ziczac/dev/skripsi_code/ros2_workspace/build/diff_drive/prefix_override:/home/ziczac/dev/skripsi_code/ros2_workspace/install/diff_drive/lib/python3.10/site-packages:${PYTHONPATH} /usr/bin/python3 setup.py develop --editable --build-directory /home/ziczac/dev/skripsi_code/ros2_workspace/build/diff_drive/build --no-deps install_data
[3.859s] running develop
[4.700s] running egg_info
[4.701s] creating diff_drive.egg-info
[4.701s] writing diff_drive.egg-info/PKG-INFO
[4.701s] writing dependency_links to diff_drive.egg-info/dependency_links.txt
[4.702s] writing entry points to diff_drive.egg-info/entry_points.txt
[4.702s] writing requirements to diff_drive.egg-info/requires.txt
[4.702s] writing top-level names to diff_drive.egg-info/top_level.txt
[4.702s] writing manifest file 'diff_drive.egg-info/SOURCES.txt'
[4.708s] reading manifest file 'diff_drive.egg-info/SOURCES.txt'
[4.708s] writing manifest file 'diff_drive.egg-info/SOURCES.txt'
[4.726s] running build_ext
[4.727s] Creating /home/ziczac/dev/skripsi_code/ros2_workspace/install/diff_drive/lib/python3.10/site-packages/diff-drive.egg-link (link to .)
[4.742s] Installing diff_drive_model script to /home/ziczac/dev/skripsi_code/ros2_workspace/install/diff_drive/lib/diff_drive
[4.742s] 
[4.742s] Installed /home/ziczac/dev/skripsi_code/ros2_workspace/build/diff_drive
[4.743s] running install_data
[4.746s] creating /home/ziczac/dev/skripsi_code/ros2_workspace/install/diff_drive/share/ament_index
[4.747s] creating /home/ziczac/dev/skripsi_code/ros2_workspace/install/diff_drive/share/ament_index/resource_index
[4.747s] creating /home/ziczac/dev/skripsi_code/ros2_workspace/install/diff_drive/share/ament_index/resource_index/packages
[4.747s] copying resource/diff_drive -> /home/ziczac/dev/skripsi_code/ros2_workspace/install/diff_drive/share/ament_index/resource_index/packages
[4.748s] copying package.xml -> /home/ziczac/dev/skripsi_code/ros2_workspace/install/diff_drive/share/diff_drive
[5.811s] Invoked command in '/home/ziczac/dev/skripsi_code/ros2_workspace/build/diff_drive' returned '0': PYTHONPATH=/home/ziczac/dev/skripsi_code/ros2_workspace/build/diff_drive/prefix_override:/home/ziczac/dev/skripsi_code/ros2_workspace/install/diff_drive/lib/python3.10/site-packages:${PYTHONPATH} /usr/bin/python3 setup.py develop --editable --build-directory /home/ziczac/dev/skripsi_code/ros2_workspace/build/diff_drive/build --no-deps install_data
