[6.722s] Invoking command in '/home/ziczac/dev/skripsi_code/ros2_workspace/build/diff_drive': PYTHONPATH=/home/ziczac/dev/skripsi_code/ros2_workspace/build/diff_drive/prefix_override:/home/ziczac/dev/skripsi_code/ros2_workspace/install/diff_drive/lib/python3.10/site-packages:${PYTHONPATH} /usr/bin/python3 setup.py develop --editable --build-directory /home/ziczac/dev/skripsi_code/ros2_workspace/build/diff_drive/build --no-deps install_data
[7.705s] running develop
[7.705s] /home/ziczac/.local/lib/python3.10/site-packages/setuptools/command/develop.py:40: EasyInstallDeprecationWarning: easy_install command is deprecated.
[7.705s] !!
[7.705s] 
[7.705s]         ********************************************************************************
[7.706s]         Please avoid running ``setup.py`` and ``easy_install``.
[7.706s]         Instead, use pypa/build, pypa/installer or other
[7.706s]         standards-based tools.
[7.706s] 
[7.706s]         See https://github.com/pypa/setuptools/issues/917 for details.
[7.706s]         ********************************************************************************
[7.706s] 
[7.707s] !!
[7.707s]   easy_install.initialize_options(self)
[7.850s] /home/ziczac/.local/lib/python3.10/site-packages/setuptools/_distutils/cmd.py:66: SetuptoolsDeprecationWarning: setup.py install is deprecated.
[7.851s] !!
[7.851s] 
[7.851s]         ********************************************************************************
[7.851s]         Please avoid running ``setup.py`` directly.
[7.851s]         Instead, use pypa/build, pypa/installer or other
[7.851s]         standards-based tools.
[7.852s] 
[7.852s]         See https://blog.ganssle.io/articles/2021/10/setup-py-deprecated.html for details.
[7.852s]         ********************************************************************************
[7.852s] 
[7.852s] !!
[7.853s]   self.initialize_options()
[8.467s] running egg_info
[8.539s] writing diff_drive.egg-info/PKG-INFO
[8.541s] writing dependency_links to diff_drive.egg-info/dependency_links.txt
[8.542s] writing entry points to diff_drive.egg-info/entry_points.txt
[8.543s] writing requirements to diff_drive.egg-info/requires.txt
[8.543s] writing top-level names to diff_drive.egg-info/top_level.txt
[8.669s] reading manifest file 'diff_drive.egg-info/SOURCES.txt'
[8.670s] writing manifest file 'diff_drive.egg-info/SOURCES.txt'
[8.748s] running build_ext
[8.748s] Creating /home/ziczac/dev/skripsi_code/ros2_workspace/install/diff_drive/lib/python3.10/site-packages/diff-drive.egg-link (link to .)
[8.757s] Installing diff_drive_model script to /home/ziczac/dev/skripsi_code/ros2_workspace/install/diff_drive/lib/diff_drive
[8.758s] 
[8.758s] Installed /home/ziczac/dev/skripsi_code/ros2_workspace/build/diff_drive
[8.758s] running install_data
[8.759s] copying resource/diff_drive -> /home/ziczac/dev/skripsi_code/ros2_workspace/install/diff_drive/share/ament_index/resource_index/packages
[8.759s] copying package.xml -> /home/ziczac/dev/skripsi_code/ros2_workspace/install/diff_drive/share/diff_drive
[11.036s] Invoked command in '/home/ziczac/dev/skripsi_code/ros2_workspace/build/diff_drive' returned '0': PYTHONPATH=/home/ziczac/dev/skripsi_code/ros2_workspace/build/diff_drive/prefix_override:/home/ziczac/dev/skripsi_code/ros2_workspace/install/diff_drive/lib/python3.10/site-packages:${PYTHONPATH} /usr/bin/python3 setup.py develop --editable --build-directory /home/ziczac/dev/skripsi_code/ros2_workspace/build/diff_drive/build --no-deps install_data
