[0.209s] DEBUG:colcon:Command line arguments: ['/usr/bin/colcon', 'build', '--symlink-install']
[0.210s] DEBUG:colcon:Parsed command line arguments: Namespace(log_base=None, log_level=None, verb_name='build', build_base='build', install_base='install', merge_install=False, symlink_install=True, test_result_base=None, continue_on_error=False, executor='parallel', parallel_workers=8, event_handlers=None, ignore_user_meta=False, metas=['./colcon.meta'], base_paths=['.'], packages_ignore=None, packages_ignore_regex=None, paths=None, packages_up_to=None, packages_up_to_regex=None, packages_above=None, packages_above_and_dependencies=None, packages_above_depth=None, packages_select_by_dep=None, packages_skip_by_dep=None, packages_skip_up_to=None, packages_select_build_failed=False, packages_skip_build_finished=False, packages_select_test_failures=False, packages_skip_test_passed=False, packages_select=None, packages_skip=None, packages_select_regex=None, packages_skip_regex=None, packages_start=None, packages_end=None, allow_overriding=[], cmake_args=None, cmake_target=None, cmake_target_skip_unavailable=False, cmake_clean_cache=False, cmake_clean_first=False, cmake_force_configure=False, ament_cmake_args=None, catkin_cmake_args=None, catkin_skip_building_tests=False, verb_parser=<colcon_defaults.argument_parser.defaults.DefaultArgumentsDecorator object at 0x7b7331b80d00>, verb_extension=<colcon_core.verb.build.BuildVerb object at 0x7b7331b807c0>, main=<bound method BuildVerb.main of <colcon_core.verb.build.BuildVerb object at 0x7b7331b807c0>>)
[0.251s] Level 1:colcon.colcon_core.package_discovery:discover_packages(colcon_meta) check parameters
[0.251s] Level 1:colcon.colcon_core.package_discovery:discover_packages(recursive) check parameters
[0.251s] Level 1:colcon.colcon_core.package_discovery:discover_packages(ignore) check parameters
[0.251s] Level 1:colcon.colcon_core.package_discovery:discover_packages(path) check parameters
[0.251s] Level 1:colcon.colcon_core.package_discovery:discover_packages(colcon_meta) discover
[0.251s] Level 1:colcon.colcon_core.package_discovery:discover_packages(recursive) discover
[0.251s] INFO:colcon.colcon_core.package_discovery:Crawling recursively for packages in '/home/ziczac/dev/skripsi_code/ros2_workspace'
[0.252s] Level 1:colcon.colcon_core.package_identification:_identify(.) by extensions ['ignore', 'ignore_ament_install']
[0.252s] Level 1:colcon.colcon_core.package_identification:_identify(.) by extension 'ignore'
[0.252s] Level 1:colcon.colcon_core.package_identification:_identify(.) by extension 'ignore_ament_install'
[0.252s] Level 1:colcon.colcon_core.package_identification:_identify(.) by extensions ['colcon_pkg']
[0.252s] Level 1:colcon.colcon_core.package_identification:_identify(.) by extension 'colcon_pkg'
[0.252s] Level 1:colcon.colcon_core.package_identification:_identify(.) by extensions ['colcon_meta']
[0.252s] Level 1:colcon.colcon_core.package_identification:_identify(.) by extension 'colcon_meta'
[0.252s] Level 1:colcon.colcon_core.package_identification:_identify(.) by extensions ['ros']
[0.252s] Level 1:colcon.colcon_core.package_identification:_identify(.) by extension 'ros'
[0.268s] Level 1:colcon.colcon_core.package_identification:_identify(.) by extensions ['cmake', 'python']
[0.268s] Level 1:colcon.colcon_core.package_identification:_identify(.) by extension 'cmake'
[0.268s] Level 1:colcon.colcon_core.package_identification:_identify(.) by extension 'python'
[0.268s] Level 1:colcon.colcon_core.package_identification:_identify(.) by extensions ['python_setup_py']
[0.268s] Level 1:colcon.colcon_core.package_identification:_identify(.) by extension 'python_setup_py'
[0.269s] Level 1:colcon.colcon_core.package_identification:_identify(bag_files) by extensions ['ignore', 'ignore_ament_install']
[0.269s] Level 1:colcon.colcon_core.package_identification:_identify(bag_files) by extension 'ignore'
[0.269s] Level 1:colcon.colcon_core.package_identification:_identify(bag_files) by extension 'ignore_ament_install'
[0.269s] Level 1:colcon.colcon_core.package_identification:_identify(bag_files) by extensions ['colcon_pkg']
[0.269s] Level 1:colcon.colcon_core.package_identification:_identify(bag_files) by extension 'colcon_pkg'
[0.269s] Level 1:colcon.colcon_core.package_identification:_identify(bag_files) by extensions ['colcon_meta']
[0.269s] Level 1:colcon.colcon_core.package_identification:_identify(bag_files) by extension 'colcon_meta'
[0.269s] Level 1:colcon.colcon_core.package_identification:_identify(bag_files) by extensions ['ros']
[0.269s] Level 1:colcon.colcon_core.package_identification:_identify(bag_files) by extension 'ros'
[0.269s] Level 1:colcon.colcon_core.package_identification:_identify(bag_files) by extensions ['cmake', 'python']
[0.269s] Level 1:colcon.colcon_core.package_identification:_identify(bag_files) by extension 'cmake'
[0.269s] Level 1:colcon.colcon_core.package_identification:_identify(bag_files) by extension 'python'
[0.269s] Level 1:colcon.colcon_core.package_identification:_identify(bag_files) by extensions ['python_setup_py']
[0.269s] Level 1:colcon.colcon_core.package_identification:_identify(bag_files) by extension 'python_setup_py'
[0.269s] Level 1:colcon.colcon_core.package_identification:_identify(build) by extensions ['ignore', 'ignore_ament_install']
[0.270s] Level 1:colcon.colcon_core.package_identification:_identify(build) by extension 'ignore'
[0.270s] Level 1:colcon.colcon_core.package_identification:_identify(build) ignored
[0.270s] Level 1:colcon.colcon_core.package_identification:_identify(data_store) by extensions ['ignore', 'ignore_ament_install']
[0.270s] Level 1:colcon.colcon_core.package_identification:_identify(data_store) by extension 'ignore'
[0.270s] Level 1:colcon.colcon_core.package_identification:_identify(data_store) by extension 'ignore_ament_install'
[0.270s] Level 1:colcon.colcon_core.package_identification:_identify(data_store) by extensions ['colcon_pkg']
[0.270s] Level 1:colcon.colcon_core.package_identification:_identify(data_store) by extension 'colcon_pkg'
[0.270s] Level 1:colcon.colcon_core.package_identification:_identify(data_store) by extensions ['colcon_meta']
[0.270s] Level 1:colcon.colcon_core.package_identification:_identify(data_store) by extension 'colcon_meta'
[0.270s] Level 1:colcon.colcon_core.package_identification:_identify(data_store) by extensions ['ros']
[0.270s] Level 1:colcon.colcon_core.package_identification:_identify(data_store) by extension 'ros'
[0.270s] Level 1:colcon.colcon_core.package_identification:_identify(data_store) by extensions ['cmake', 'python']
[0.270s] Level 1:colcon.colcon_core.package_identification:_identify(data_store) by extension 'cmake'
[0.270s] Level 1:colcon.colcon_core.package_identification:_identify(data_store) by extension 'python'
[0.270s] Level 1:colcon.colcon_core.package_identification:_identify(data_store) by extensions ['python_setup_py']
[0.270s] Level 1:colcon.colcon_core.package_identification:_identify(data_store) by extension 'python_setup_py'
[0.270s] Level 1:colcon.colcon_core.package_identification:_identify(install) by extensions ['ignore', 'ignore_ament_install']
[0.271s] Level 1:colcon.colcon_core.package_identification:_identify(install) by extension 'ignore'
[0.271s] Level 1:colcon.colcon_core.package_identification:_identify(install) ignored
[0.271s] Level 1:colcon.colcon_core.package_identification:_identify(log) by extensions ['ignore', 'ignore_ament_install']
[0.271s] Level 1:colcon.colcon_core.package_identification:_identify(log) by extension 'ignore'
[0.271s] Level 1:colcon.colcon_core.package_identification:_identify(log) ignored
[0.271s] Level 1:colcon.colcon_core.package_identification:_identify(src) by extensions ['ignore', 'ignore_ament_install']
[0.271s] Level 1:colcon.colcon_core.package_identification:_identify(src) by extension 'ignore'
[0.271s] Level 1:colcon.colcon_core.package_identification:_identify(src) by extension 'ignore_ament_install'
[0.271s] Level 1:colcon.colcon_core.package_identification:_identify(src) by extensions ['colcon_pkg']
[0.271s] Level 1:colcon.colcon_core.package_identification:_identify(src) by extension 'colcon_pkg'
[0.271s] Level 1:colcon.colcon_core.package_identification:_identify(src) by extensions ['colcon_meta']
[0.271s] Level 1:colcon.colcon_core.package_identification:_identify(src) by extension 'colcon_meta'
[0.271s] Level 1:colcon.colcon_core.package_identification:_identify(src) by extensions ['ros']
[0.271s] Level 1:colcon.colcon_core.package_identification:_identify(src) by extension 'ros'
[0.271s] Level 1:colcon.colcon_core.package_identification:_identify(src) by extensions ['cmake', 'python']
[0.271s] Level 1:colcon.colcon_core.package_identification:_identify(src) by extension 'cmake'
[0.272s] Level 1:colcon.colcon_core.package_identification:_identify(src) by extension 'python'
[0.272s] Level 1:colcon.colcon_core.package_identification:_identify(src) by extensions ['python_setup_py']
[0.272s] Level 1:colcon.colcon_core.package_identification:_identify(src) by extension 'python_setup_py'
[0.272s] Level 1:colcon.colcon_core.package_identification:_identify(src/Lslidar_ROS2_driver) by extensions ['ignore', 'ignore_ament_install']
[0.272s] Level 1:colcon.colcon_core.package_identification:_identify(src/Lslidar_ROS2_driver) by extension 'ignore'
[0.272s] Level 1:colcon.colcon_core.package_identification:_identify(src/Lslidar_ROS2_driver) by extension 'ignore_ament_install'
[0.272s] Level 1:colcon.colcon_core.package_identification:_identify(src/Lslidar_ROS2_driver) by extensions ['colcon_pkg']
[0.272s] Level 1:colcon.colcon_core.package_identification:_identify(src/Lslidar_ROS2_driver) by extension 'colcon_pkg'
[0.272s] Level 1:colcon.colcon_core.package_identification:_identify(src/Lslidar_ROS2_driver) by extensions ['colcon_meta']
[0.272s] Level 1:colcon.colcon_core.package_identification:_identify(src/Lslidar_ROS2_driver) by extension 'colcon_meta'
[0.272s] Level 1:colcon.colcon_core.package_identification:_identify(src/Lslidar_ROS2_driver) by extensions ['ros']
[0.272s] Level 1:colcon.colcon_core.package_identification:_identify(src/Lslidar_ROS2_driver) by extension 'ros'
[0.272s] Level 1:colcon.colcon_core.package_identification:_identify(src/Lslidar_ROS2_driver) by extensions ['cmake', 'python']
[0.272s] Level 1:colcon.colcon_core.package_identification:_identify(src/Lslidar_ROS2_driver) by extension 'cmake'
[0.272s] Level 1:colcon.colcon_core.package_identification:_identify(src/Lslidar_ROS2_driver) by extension 'python'
[0.272s] Level 1:colcon.colcon_core.package_identification:_identify(src/Lslidar_ROS2_driver) by extensions ['python_setup_py']
[0.272s] Level 1:colcon.colcon_core.package_identification:_identify(src/Lslidar_ROS2_driver) by extension 'python_setup_py'
[0.272s] Level 1:colcon.colcon_core.package_identification:_identify(src/Lslidar_ROS2_driver/lslidar_driver) by extensions ['ignore', 'ignore_ament_install']
[0.273s] Level 1:colcon.colcon_core.package_identification:_identify(src/Lslidar_ROS2_driver/lslidar_driver) by extension 'ignore'
[0.273s] Level 1:colcon.colcon_core.package_identification:_identify(src/Lslidar_ROS2_driver/lslidar_driver) by extension 'ignore_ament_install'
[0.273s] Level 1:colcon.colcon_core.package_identification:_identify(src/Lslidar_ROS2_driver/lslidar_driver) by extensions ['colcon_pkg']
[0.273s] Level 1:colcon.colcon_core.package_identification:_identify(src/Lslidar_ROS2_driver/lslidar_driver) by extension 'colcon_pkg'
[0.273s] Level 1:colcon.colcon_core.package_identification:_identify(src/Lslidar_ROS2_driver/lslidar_driver) by extensions ['colcon_meta']
[0.273s] Level 1:colcon.colcon_core.package_identification:_identify(src/Lslidar_ROS2_driver/lslidar_driver) by extension 'colcon_meta'
[0.273s] Level 1:colcon.colcon_core.package_identification:_identify(src/Lslidar_ROS2_driver/lslidar_driver) by extensions ['ros']
[0.273s] Level 1:colcon.colcon_core.package_identification:_identify(src/Lslidar_ROS2_driver/lslidar_driver) by extension 'ros'
[0.276s] DEBUG:colcon.colcon_core.package_identification:Package 'src/Lslidar_ROS2_driver/lslidar_driver' with type 'ros.ament_cmake' and name 'lslidar_driver'
[0.276s] Level 1:colcon.colcon_core.package_identification:_identify(src/Lslidar_ROS2_driver/lslidar_msgs) by extensions ['ignore', 'ignore_ament_install']
[0.276s] Level 1:colcon.colcon_core.package_identification:_identify(src/Lslidar_ROS2_driver/lslidar_msgs) by extension 'ignore'
[0.276s] Level 1:colcon.colcon_core.package_identification:_identify(src/Lslidar_ROS2_driver/lslidar_msgs) by extension 'ignore_ament_install'
[0.276s] Level 1:colcon.colcon_core.package_identification:_identify(src/Lslidar_ROS2_driver/lslidar_msgs) by extensions ['colcon_pkg']
[0.276s] Level 1:colcon.colcon_core.package_identification:_identify(src/Lslidar_ROS2_driver/lslidar_msgs) by extension 'colcon_pkg'
[0.276s] Level 1:colcon.colcon_core.package_identification:_identify(src/Lslidar_ROS2_driver/lslidar_msgs) by extensions ['colcon_meta']
[0.276s] Level 1:colcon.colcon_core.package_identification:_identify(src/Lslidar_ROS2_driver/lslidar_msgs) by extension 'colcon_meta'
[0.276s] Level 1:colcon.colcon_core.package_identification:_identify(src/Lslidar_ROS2_driver/lslidar_msgs) by extensions ['ros']
[0.276s] Level 1:colcon.colcon_core.package_identification:_identify(src/Lslidar_ROS2_driver/lslidar_msgs) by extension 'ros'
[0.277s] DEBUG:colcon.colcon_core.package_identification:Package 'src/Lslidar_ROS2_driver/lslidar_msgs' with type 'ros.ament_cmake' and name 'lslidar_msgs'
[0.277s] Level 1:colcon.colcon_core.package_identification:_identify(src/diff_drive) by extensions ['ignore', 'ignore_ament_install']
[0.277s] Level 1:colcon.colcon_core.package_identification:_identify(src/diff_drive) by extension 'ignore'
[0.277s] Level 1:colcon.colcon_core.package_identification:_identify(src/diff_drive) by extension 'ignore_ament_install'
[0.277s] Level 1:colcon.colcon_core.package_identification:_identify(src/diff_drive) by extensions ['colcon_pkg']
[0.277s] Level 1:colcon.colcon_core.package_identification:_identify(src/diff_drive) by extension 'colcon_pkg'
[0.277s] Level 1:colcon.colcon_core.package_identification:_identify(src/diff_drive) by extensions ['colcon_meta']
[0.278s] Level 1:colcon.colcon_core.package_identification:_identify(src/diff_drive) by extension 'colcon_meta'
[0.278s] Level 1:colcon.colcon_core.package_identification:_identify(src/diff_drive) by extensions ['ros']
[0.278s] Level 1:colcon.colcon_core.package_identification:_identify(src/diff_drive) by extension 'ros'
[0.278s] DEBUG:colcon.colcon_core.package_identification:Package 'src/diff_drive' with type 'ros.ament_python' and name 'diff_drive'
[0.278s] Level 1:colcon.colcon_core.package_identification:_identify(src/gui) by extensions ['ignore', 'ignore_ament_install']
[0.278s] Level 1:colcon.colcon_core.package_identification:_identify(src/gui) by extension 'ignore'
[0.278s] Level 1:colcon.colcon_core.package_identification:_identify(src/gui) by extension 'ignore_ament_install'
[0.278s] Level 1:colcon.colcon_core.package_identification:_identify(src/gui) by extensions ['colcon_pkg']
[0.278s] Level 1:colcon.colcon_core.package_identification:_identify(src/gui) by extension 'colcon_pkg'
[0.279s] Level 1:colcon.colcon_core.package_identification:_identify(src/gui) by extensions ['colcon_meta']
[0.279s] Level 1:colcon.colcon_core.package_identification:_identify(src/gui) by extension 'colcon_meta'
[0.279s] Level 1:colcon.colcon_core.package_identification:_identify(src/gui) by extensions ['ros']
[0.279s] Level 1:colcon.colcon_core.package_identification:_identify(src/gui) by extension 'ros'
[0.279s] DEBUG:colcon.colcon_core.package_identification:Package 'src/gui' with type 'ros.ament_python' and name 'gui'
[0.279s] Level 1:colcon.colcon_core.package_identification:_identify(src/log_odds_map) by extensions ['ignore', 'ignore_ament_install']
[0.279s] Level 1:colcon.colcon_core.package_identification:_identify(src/log_odds_map) by extension 'ignore'
[0.279s] Level 1:colcon.colcon_core.package_identification:_identify(src/log_odds_map) by extension 'ignore_ament_install'
[0.280s] Level 1:colcon.colcon_core.package_identification:_identify(src/log_odds_map) by extensions ['colcon_pkg']
[0.280s] Level 1:colcon.colcon_core.package_identification:_identify(src/log_odds_map) by extension 'colcon_pkg'
[0.280s] Level 1:colcon.colcon_core.package_identification:_identify(src/log_odds_map) by extensions ['colcon_meta']
[0.280s] Level 1:colcon.colcon_core.package_identification:_identify(src/log_odds_map) by extension 'colcon_meta'
[0.280s] Level 1:colcon.colcon_core.package_identification:_identify(src/log_odds_map) by extensions ['ros']
[0.280s] Level 1:colcon.colcon_core.package_identification:_identify(src/log_odds_map) by extension 'ros'
[0.280s] DEBUG:colcon.colcon_core.package_identification:Package 'src/log_odds_map' with type 'ros.ament_python' and name 'log_odds_map'
[0.280s] Level 1:colcon.colcon_core.package_identification:_identify(src/motor) by extensions ['ignore', 'ignore_ament_install']
[0.280s] Level 1:colcon.colcon_core.package_identification:_identify(src/motor) by extension 'ignore'
[0.280s] Level 1:colcon.colcon_core.package_identification:_identify(src/motor) by extension 'ignore_ament_install'
[0.280s] Level 1:colcon.colcon_core.package_identification:_identify(src/motor) by extensions ['colcon_pkg']
[0.281s] Level 1:colcon.colcon_core.package_identification:_identify(src/motor) by extension 'colcon_pkg'
[0.281s] Level 1:colcon.colcon_core.package_identification:_identify(src/motor) by extensions ['colcon_meta']
[0.281s] Level 1:colcon.colcon_core.package_identification:_identify(src/motor) by extension 'colcon_meta'
[0.281s] Level 1:colcon.colcon_core.package_identification:_identify(src/motor) by extensions ['ros']
[0.281s] Level 1:colcon.colcon_core.package_identification:_identify(src/motor) by extension 'ros'
[0.281s] DEBUG:colcon.colcon_core.package_identification:Package 'src/motor' with type 'ros.ament_python' and name 'motor'
[0.281s] Level 1:colcon.colcon_core.package_identification:_identify(src/my_bot) by extensions ['ignore', 'ignore_ament_install']
[0.282s] Level 1:colcon.colcon_core.package_identification:_identify(src/my_bot) by extension 'ignore'
[0.282s] Level 1:colcon.colcon_core.package_identification:_identify(src/my_bot) by extension 'ignore_ament_install'
[0.282s] Level 1:colcon.colcon_core.package_identification:_identify(src/my_bot) by extensions ['colcon_pkg']
[0.282s] Level 1:colcon.colcon_core.package_identification:_identify(src/my_bot) by extension 'colcon_pkg'
[0.282s] Level 1:colcon.colcon_core.package_identification:_identify(src/my_bot) by extensions ['colcon_meta']
[0.282s] Level 1:colcon.colcon_core.package_identification:_identify(src/my_bot) by extension 'colcon_meta'
[0.282s] Level 1:colcon.colcon_core.package_identification:_identify(src/my_bot) by extensions ['ros']
[0.282s] Level 1:colcon.colcon_core.package_identification:_identify(src/my_bot) by extension 'ros'
[0.282s] DEBUG:colcon.colcon_core.package_identification:Package 'src/my_bot' with type 'ros.ament_cmake' and name 'my_bot'
[0.282s] Level 1:colcon.colcon_core.package_identification:_identify(src/ros2_occupancy_grid) by extensions ['ignore', 'ignore_ament_install']
[0.282s] Level 1:colcon.colcon_core.package_identification:_identify(src/ros2_occupancy_grid) by extension 'ignore'
[0.283s] Level 1:colcon.colcon_core.package_identification:_identify(src/ros2_occupancy_grid) by extension 'ignore_ament_install'
[0.283s] Level 1:colcon.colcon_core.package_identification:_identify(src/ros2_occupancy_grid) by extensions ['colcon_pkg']
[0.283s] Level 1:colcon.colcon_core.package_identification:_identify(src/ros2_occupancy_grid) by extension 'colcon_pkg'
[0.283s] Level 1:colcon.colcon_core.package_identification:_identify(src/ros2_occupancy_grid) by extensions ['colcon_meta']
[0.283s] Level 1:colcon.colcon_core.package_identification:_identify(src/ros2_occupancy_grid) by extension 'colcon_meta'
[0.283s] Level 1:colcon.colcon_core.package_identification:_identify(src/ros2_occupancy_grid) by extensions ['ros']
[0.283s] Level 1:colcon.colcon_core.package_identification:_identify(src/ros2_occupancy_grid) by extension 'ros'
[0.284s] DEBUG:colcon.colcon_core.package_identification:Package 'src/ros2_occupancy_grid' with type 'ros.ament_cmake' and name 'occupancy_grid'
[0.284s] Level 1:colcon.colcon_core.package_identification:_identify(src/rosboard) by extensions ['ignore', 'ignore_ament_install']
[0.284s] Level 1:colcon.colcon_core.package_identification:_identify(src/rosboard) by extension 'ignore'
[0.284s] Level 1:colcon.colcon_core.package_identification:_identify(src/rosboard) by extension 'ignore_ament_install'
[0.284s] Level 1:colcon.colcon_core.package_identification:_identify(src/rosboard) by extensions ['colcon_pkg']
[0.284s] Level 1:colcon.colcon_core.package_identification:_identify(src/rosboard) by extension 'colcon_pkg'
[0.284s] Level 1:colcon.colcon_core.package_identification:_identify(src/rosboard) by extensions ['colcon_meta']
[0.284s] Level 1:colcon.colcon_core.package_identification:_identify(src/rosboard) by extension 'colcon_meta'
[0.284s] Level 1:colcon.colcon_core.package_identification:_identify(src/rosboard) by extensions ['ros']
[0.284s] Level 1:colcon.colcon_core.package_identification:_identify(src/rosboard) by extension 'ros'
[0.287s] DEBUG:colcon.colcon_core.package_identification:Package 'src/rosboard' with type 'ros.ament_python' and name 'rosboard'
[0.287s] Level 1:colcon.colcon_core.package_identification:_identify(src/wheel_interfaces) by extensions ['ignore', 'ignore_ament_install']
[0.287s] Level 1:colcon.colcon_core.package_identification:_identify(src/wheel_interfaces) by extension 'ignore'
[0.287s] Level 1:colcon.colcon_core.package_identification:_identify(src/wheel_interfaces) by extension 'ignore_ament_install'
[0.287s] Level 1:colcon.colcon_core.package_identification:_identify(src/wheel_interfaces) by extensions ['colcon_pkg']
[0.287s] Level 1:colcon.colcon_core.package_identification:_identify(src/wheel_interfaces) by extension 'colcon_pkg'
[0.287s] Level 1:colcon.colcon_core.package_identification:_identify(src/wheel_interfaces) by extensions ['colcon_meta']
[0.287s] Level 1:colcon.colcon_core.package_identification:_identify(src/wheel_interfaces) by extension 'colcon_meta'
[0.287s] Level 1:colcon.colcon_core.package_identification:_identify(src/wheel_interfaces) by extensions ['ros']
[0.288s] Level 1:colcon.colcon_core.package_identification:_identify(src/wheel_interfaces) by extension 'ros'
[0.288s] DEBUG:colcon.colcon_core.package_identification:Package 'src/wheel_interfaces' with type 'ros.ament_cmake' and name 'wheel_interfaces'
[0.288s] Level 1:colcon.colcon_core.package_discovery:discover_packages(recursive) using defaults
[0.288s] Level 1:colcon.colcon_core.package_discovery:discover_packages(ignore) discover
[0.288s] Level 1:colcon.colcon_core.package_discovery:discover_packages(ignore) using defaults
[0.288s] Level 1:colcon.colcon_core.package_discovery:discover_packages(path) discover
[0.288s] Level 1:colcon.colcon_core.package_discovery:discover_packages(path) using defaults
[0.311s] Level 1:colcon.colcon_core.package_discovery:discover_packages(prefix_path) check parameters
[0.312s] Level 1:colcon.colcon_core.package_discovery:discover_packages(prefix_path) discover
[0.314s] DEBUG:colcon.colcon_installed_package_information.package_discovery:Found 314 installed packages in /opt/ros/humble
[0.316s] Level 1:colcon.colcon_core.package_discovery:discover_packages(prefix_path) using defaults
[0.365s] Level 5:colcon.colcon_core.verb:set package 'diff_drive' build argument 'cmake_args' from command line to 'None'
[0.366s] Level 5:colcon.colcon_core.verb:set package 'diff_drive' build argument 'cmake_target' from command line to 'None'
[0.366s] Level 5:colcon.colcon_core.verb:set package 'diff_drive' build argument 'cmake_target_skip_unavailable' from command line to 'False'
[0.366s] Level 5:colcon.colcon_core.verb:set package 'diff_drive' build argument 'cmake_clean_cache' from command line to 'False'
[0.366s] Level 5:colcon.colcon_core.verb:set package 'diff_drive' build argument 'cmake_clean_first' from command line to 'False'
[0.366s] Level 5:colcon.colcon_core.verb:set package 'diff_drive' build argument 'cmake_force_configure' from command line to 'False'
[0.366s] Level 5:colcon.colcon_core.verb:set package 'diff_drive' build argument 'ament_cmake_args' from command line to 'None'
[0.366s] Level 5:colcon.colcon_core.verb:set package 'diff_drive' build argument 'catkin_cmake_args' from command line to 'None'
[0.366s] Level 5:colcon.colcon_core.verb:set package 'diff_drive' build argument 'catkin_skip_building_tests' from command line to 'False'
[0.366s] DEBUG:colcon.colcon_core.verb:Building package 'diff_drive' with the following arguments: {'ament_cmake_args': None, 'build_base': '/home/ziczac/dev/skripsi_code/ros2_workspace/build/diff_drive', 'catkin_cmake_args': None, 'catkin_skip_building_tests': False, 'cmake_args': None, 'cmake_clean_cache': False, 'cmake_clean_first': False, 'cmake_force_configure': False, 'cmake_target': None, 'cmake_target_skip_unavailable': False, 'install_base': '/home/ziczac/dev/skripsi_code/ros2_workspace/install/diff_drive', 'merge_install': False, 'path': '/home/ziczac/dev/skripsi_code/ros2_workspace/src/diff_drive', 'symlink_install': True, 'test_result_base': None}
[0.366s] Level 5:colcon.colcon_core.verb:set package 'log_odds_map' build argument 'cmake_args' from command line to 'None'
[0.366s] Level 5:colcon.colcon_core.verb:set package 'log_odds_map' build argument 'cmake_target' from command line to 'None'
[0.366s] Level 5:colcon.colcon_core.verb:set package 'log_odds_map' build argument 'cmake_target_skip_unavailable' from command line to 'False'
[0.366s] Level 5:colcon.colcon_core.verb:set package 'log_odds_map' build argument 'cmake_clean_cache' from command line to 'False'
[0.366s] Level 5:colcon.colcon_core.verb:set package 'log_odds_map' build argument 'cmake_clean_first' from command line to 'False'
[0.366s] Level 5:colcon.colcon_core.verb:set package 'log_odds_map' build argument 'cmake_force_configure' from command line to 'False'
[0.366s] Level 5:colcon.colcon_core.verb:set package 'log_odds_map' build argument 'ament_cmake_args' from command line to 'None'
[0.366s] Level 5:colcon.colcon_core.verb:set package 'log_odds_map' build argument 'catkin_cmake_args' from command line to 'None'
[0.366s] Level 5:colcon.colcon_core.verb:set package 'log_odds_map' build argument 'catkin_skip_building_tests' from command line to 'False'
[0.367s] DEBUG:colcon.colcon_core.verb:Building package 'log_odds_map' with the following arguments: {'ament_cmake_args': None, 'build_base': '/home/ziczac/dev/skripsi_code/ros2_workspace/build/log_odds_map', 'catkin_cmake_args': None, 'catkin_skip_building_tests': False, 'cmake_args': None, 'cmake_clean_cache': False, 'cmake_clean_first': False, 'cmake_force_configure': False, 'cmake_target': None, 'cmake_target_skip_unavailable': False, 'install_base': '/home/ziczac/dev/skripsi_code/ros2_workspace/install/log_odds_map', 'merge_install': False, 'path': '/home/ziczac/dev/skripsi_code/ros2_workspace/src/log_odds_map', 'symlink_install': True, 'test_result_base': None}
[0.367s] Level 5:colcon.colcon_core.verb:set package 'lslidar_msgs' build argument 'cmake_args' from command line to 'None'
[0.367s] Level 5:colcon.colcon_core.verb:set package 'lslidar_msgs' build argument 'cmake_target' from command line to 'None'
[0.367s] Level 5:colcon.colcon_core.verb:set package 'lslidar_msgs' build argument 'cmake_target_skip_unavailable' from command line to 'False'
[0.367s] Level 5:colcon.colcon_core.verb:set package 'lslidar_msgs' build argument 'cmake_clean_cache' from command line to 'False'
[0.367s] Level 5:colcon.colcon_core.verb:set package 'lslidar_msgs' build argument 'cmake_clean_first' from command line to 'False'
[0.367s] Level 5:colcon.colcon_core.verb:set package 'lslidar_msgs' build argument 'cmake_force_configure' from command line to 'False'
[0.367s] Level 5:colcon.colcon_core.verb:set package 'lslidar_msgs' build argument 'ament_cmake_args' from command line to 'None'
[0.367s] Level 5:colcon.colcon_core.verb:set package 'lslidar_msgs' build argument 'catkin_cmake_args' from command line to 'None'
[0.367s] Level 5:colcon.colcon_core.verb:set package 'lslidar_msgs' build argument 'catkin_skip_building_tests' from command line to 'False'
[0.367s] DEBUG:colcon.colcon_core.verb:Building package 'lslidar_msgs' with the following arguments: {'ament_cmake_args': None, 'build_base': '/home/ziczac/dev/skripsi_code/ros2_workspace/build/lslidar_msgs', 'catkin_cmake_args': None, 'catkin_skip_building_tests': False, 'cmake_args': None, 'cmake_clean_cache': False, 'cmake_clean_first': False, 'cmake_force_configure': False, 'cmake_target': None, 'cmake_target_skip_unavailable': False, 'install_base': '/home/ziczac/dev/skripsi_code/ros2_workspace/install/lslidar_msgs', 'merge_install': False, 'path': '/home/ziczac/dev/skripsi_code/ros2_workspace/src/Lslidar_ROS2_driver/lslidar_msgs', 'symlink_install': True, 'test_result_base': None}
[0.368s] Level 5:colcon.colcon_core.verb:set package 'my_bot' build argument 'cmake_args' from command line to 'None'
[0.368s] Level 5:colcon.colcon_core.verb:set package 'my_bot' build argument 'cmake_target' from command line to 'None'
[0.368s] Level 5:colcon.colcon_core.verb:set package 'my_bot' build argument 'cmake_target_skip_unavailable' from command line to 'False'
[0.368s] Level 5:colcon.colcon_core.verb:set package 'my_bot' build argument 'cmake_clean_cache' from command line to 'False'
[0.368s] Level 5:colcon.colcon_core.verb:set package 'my_bot' build argument 'cmake_clean_first' from command line to 'False'
[0.368s] Level 5:colcon.colcon_core.verb:set package 'my_bot' build argument 'cmake_force_configure' from command line to 'False'
[0.368s] Level 5:colcon.colcon_core.verb:set package 'my_bot' build argument 'ament_cmake_args' from command line to 'None'
[0.368s] Level 5:colcon.colcon_core.verb:set package 'my_bot' build argument 'catkin_cmake_args' from command line to 'None'
[0.368s] Level 5:colcon.colcon_core.verb:set package 'my_bot' build argument 'catkin_skip_building_tests' from command line to 'False'
[0.368s] DEBUG:colcon.colcon_core.verb:Building package 'my_bot' with the following arguments: {'ament_cmake_args': None, 'build_base': '/home/ziczac/dev/skripsi_code/ros2_workspace/build/my_bot', 'catkin_cmake_args': None, 'catkin_skip_building_tests': False, 'cmake_args': None, 'cmake_clean_cache': False, 'cmake_clean_first': False, 'cmake_force_configure': False, 'cmake_target': None, 'cmake_target_skip_unavailable': False, 'install_base': '/home/ziczac/dev/skripsi_code/ros2_workspace/install/my_bot', 'merge_install': False, 'path': '/home/ziczac/dev/skripsi_code/ros2_workspace/src/my_bot', 'symlink_install': True, 'test_result_base': None}
[0.368s] Level 5:colcon.colcon_core.verb:set package 'occupancy_grid' build argument 'cmake_args' from command line to 'None'
[0.368s] Level 5:colcon.colcon_core.verb:set package 'occupancy_grid' build argument 'cmake_target' from command line to 'None'
[0.368s] Level 5:colcon.colcon_core.verb:set package 'occupancy_grid' build argument 'cmake_target_skip_unavailable' from command line to 'False'
[0.368s] Level 5:colcon.colcon_core.verb:set package 'occupancy_grid' build argument 'cmake_clean_cache' from command line to 'False'
[0.368s] Level 5:colcon.colcon_core.verb:set package 'occupancy_grid' build argument 'cmake_clean_first' from command line to 'False'
[0.368s] Level 5:colcon.colcon_core.verb:set package 'occupancy_grid' build argument 'cmake_force_configure' from command line to 'False'
[0.368s] Level 5:colcon.colcon_core.verb:set package 'occupancy_grid' build argument 'ament_cmake_args' from command line to 'None'
[0.368s] Level 5:colcon.colcon_core.verb:set package 'occupancy_grid' build argument 'catkin_cmake_args' from command line to 'None'
[0.368s] Level 5:colcon.colcon_core.verb:set package 'occupancy_grid' build argument 'catkin_skip_building_tests' from command line to 'False'
[0.368s] DEBUG:colcon.colcon_core.verb:Building package 'occupancy_grid' with the following arguments: {'ament_cmake_args': None, 'build_base': '/home/ziczac/dev/skripsi_code/ros2_workspace/build/occupancy_grid', 'catkin_cmake_args': None, 'catkin_skip_building_tests': False, 'cmake_args': None, 'cmake_clean_cache': False, 'cmake_clean_first': False, 'cmake_force_configure': False, 'cmake_target': None, 'cmake_target_skip_unavailable': False, 'install_base': '/home/ziczac/dev/skripsi_code/ros2_workspace/install/occupancy_grid', 'merge_install': False, 'path': '/home/ziczac/dev/skripsi_code/ros2_workspace/src/ros2_occupancy_grid', 'symlink_install': True, 'test_result_base': None}
[0.369s] Level 5:colcon.colcon_core.verb:set package 'rosboard' build argument 'cmake_args' from command line to 'None'
[0.369s] Level 5:colcon.colcon_core.verb:set package 'rosboard' build argument 'cmake_target' from command line to 'None'
[0.369s] Level 5:colcon.colcon_core.verb:set package 'rosboard' build argument 'cmake_target_skip_unavailable' from command line to 'False'
[0.369s] Level 5:colcon.colcon_core.verb:set package 'rosboard' build argument 'cmake_clean_cache' from command line to 'False'
[0.369s] Level 5:colcon.colcon_core.verb:set package 'rosboard' build argument 'cmake_clean_first' from command line to 'False'
[0.369s] Level 5:colcon.colcon_core.verb:set package 'rosboard' build argument 'cmake_force_configure' from command line to 'False'
[0.369s] Level 5:colcon.colcon_core.verb:set package 'rosboard' build argument 'ament_cmake_args' from command line to 'None'
[0.369s] Level 5:colcon.colcon_core.verb:set package 'rosboard' build argument 'catkin_cmake_args' from command line to 'None'
[0.369s] Level 5:colcon.colcon_core.verb:set package 'rosboard' build argument 'catkin_skip_building_tests' from command line to 'False'
[0.369s] DEBUG:colcon.colcon_core.verb:Building package 'rosboard' with the following arguments: {'ament_cmake_args': None, 'build_base': '/home/ziczac/dev/skripsi_code/ros2_workspace/build/rosboard', 'catkin_cmake_args': None, 'catkin_skip_building_tests': False, 'cmake_args': None, 'cmake_clean_cache': False, 'cmake_clean_first': False, 'cmake_force_configure': False, 'cmake_target': None, 'cmake_target_skip_unavailable': False, 'install_base': '/home/ziczac/dev/skripsi_code/ros2_workspace/install/rosboard', 'merge_install': False, 'path': '/home/ziczac/dev/skripsi_code/ros2_workspace/src/rosboard', 'symlink_install': True, 'test_result_base': None}
[0.369s] Level 5:colcon.colcon_core.verb:set package 'wheel_interfaces' build argument 'cmake_args' from command line to 'None'
[0.370s] Level 5:colcon.colcon_core.verb:set package 'wheel_interfaces' build argument 'cmake_target' from command line to 'None'
[0.370s] Level 5:colcon.colcon_core.verb:set package 'wheel_interfaces' build argument 'cmake_target_skip_unavailable' from command line to 'False'
[0.370s] Level 5:colcon.colcon_core.verb:set package 'wheel_interfaces' build argument 'cmake_clean_cache' from command line to 'False'
[0.370s] Level 5:colcon.colcon_core.verb:set package 'wheel_interfaces' build argument 'cmake_clean_first' from command line to 'False'
[0.370s] Level 5:colcon.colcon_core.verb:set package 'wheel_interfaces' build argument 'cmake_force_configure' from command line to 'False'
[0.370s] Level 5:colcon.colcon_core.verb:set package 'wheel_interfaces' build argument 'ament_cmake_args' from command line to 'None'
[0.370s] Level 5:colcon.colcon_core.verb:set package 'wheel_interfaces' build argument 'catkin_cmake_args' from command line to 'None'
[0.370s] Level 5:colcon.colcon_core.verb:set package 'wheel_interfaces' build argument 'catkin_skip_building_tests' from command line to 'False'
[0.370s] DEBUG:colcon.colcon_core.verb:Building package 'wheel_interfaces' with the following arguments: {'ament_cmake_args': None, 'build_base': '/home/ziczac/dev/skripsi_code/ros2_workspace/build/wheel_interfaces', 'catkin_cmake_args': None, 'catkin_skip_building_tests': False, 'cmake_args': None, 'cmake_clean_cache': False, 'cmake_clean_first': False, 'cmake_force_configure': False, 'cmake_target': None, 'cmake_target_skip_unavailable': False, 'install_base': '/home/ziczac/dev/skripsi_code/ros2_workspace/install/wheel_interfaces', 'merge_install': False, 'path': '/home/ziczac/dev/skripsi_code/ros2_workspace/src/wheel_interfaces', 'symlink_install': True, 'test_result_base': None}
[0.370s] Level 5:colcon.colcon_core.verb:set package 'gui' build argument 'cmake_args' from command line to 'None'
[0.370s] Level 5:colcon.colcon_core.verb:set package 'gui' build argument 'cmake_target' from command line to 'None'
[0.370s] Level 5:colcon.colcon_core.verb:set package 'gui' build argument 'cmake_target_skip_unavailable' from command line to 'False'
[0.370s] Level 5:colcon.colcon_core.verb:set package 'gui' build argument 'cmake_clean_cache' from command line to 'False'
[0.370s] Level 5:colcon.colcon_core.verb:set package 'gui' build argument 'cmake_clean_first' from command line to 'False'
[0.370s] Level 5:colcon.colcon_core.verb:set package 'gui' build argument 'cmake_force_configure' from command line to 'False'
[0.370s] Level 5:colcon.colcon_core.verb:set package 'gui' build argument 'ament_cmake_args' from command line to 'None'
[0.370s] Level 5:colcon.colcon_core.verb:set package 'gui' build argument 'catkin_cmake_args' from command line to 'None'
[0.370s] Level 5:colcon.colcon_core.verb:set package 'gui' build argument 'catkin_skip_building_tests' from command line to 'False'
[0.370s] DEBUG:colcon.colcon_core.verb:Building package 'gui' with the following arguments: {'ament_cmake_args': None, 'build_base': '/home/ziczac/dev/skripsi_code/ros2_workspace/build/gui', 'catkin_cmake_args': None, 'catkin_skip_building_tests': False, 'cmake_args': None, 'cmake_clean_cache': False, 'cmake_clean_first': False, 'cmake_force_configure': False, 'cmake_target': None, 'cmake_target_skip_unavailable': False, 'install_base': '/home/ziczac/dev/skripsi_code/ros2_workspace/install/gui', 'merge_install': False, 'path': '/home/ziczac/dev/skripsi_code/ros2_workspace/src/gui', 'symlink_install': True, 'test_result_base': None}
[0.371s] Level 5:colcon.colcon_core.verb:set package 'lslidar_driver' build argument 'cmake_args' from command line to 'None'
[0.371s] Level 5:colcon.colcon_core.verb:set package 'lslidar_driver' build argument 'cmake_target' from command line to 'None'
[0.371s] Level 5:colcon.colcon_core.verb:set package 'lslidar_driver' build argument 'cmake_target_skip_unavailable' from command line to 'False'
[0.371s] Level 5:colcon.colcon_core.verb:set package 'lslidar_driver' build argument 'cmake_clean_cache' from command line to 'False'
[0.371s] Level 5:colcon.colcon_core.verb:set package 'lslidar_driver' build argument 'cmake_clean_first' from command line to 'False'
[0.371s] Level 5:colcon.colcon_core.verb:set package 'lslidar_driver' build argument 'cmake_force_configure' from command line to 'False'
[0.371s] Level 5:colcon.colcon_core.verb:set package 'lslidar_driver' build argument 'ament_cmake_args' from command line to 'None'
[0.371s] Level 5:colcon.colcon_core.verb:set package 'lslidar_driver' build argument 'catkin_cmake_args' from command line to 'None'
[0.371s] Level 5:colcon.colcon_core.verb:set package 'lslidar_driver' build argument 'catkin_skip_building_tests' from command line to 'False'
[0.371s] DEBUG:colcon.colcon_core.verb:Building package 'lslidar_driver' with the following arguments: {'ament_cmake_args': None, 'build_base': '/home/ziczac/dev/skripsi_code/ros2_workspace/build/lslidar_driver', 'catkin_cmake_args': None, 'catkin_skip_building_tests': False, 'cmake_args': None, 'cmake_clean_cache': False, 'cmake_clean_first': False, 'cmake_force_configure': False, 'cmake_target': None, 'cmake_target_skip_unavailable': False, 'install_base': '/home/ziczac/dev/skripsi_code/ros2_workspace/install/lslidar_driver', 'merge_install': False, 'path': '/home/ziczac/dev/skripsi_code/ros2_workspace/src/Lslidar_ROS2_driver/lslidar_driver', 'symlink_install': True, 'test_result_base': None}
[0.371s] Level 5:colcon.colcon_core.verb:set package 'motor' build argument 'cmake_args' from command line to 'None'
[0.371s] Level 5:colcon.colcon_core.verb:set package 'motor' build argument 'cmake_target' from command line to 'None'
[0.371s] Level 5:colcon.colcon_core.verb:set package 'motor' build argument 'cmake_target_skip_unavailable' from command line to 'False'
[0.371s] Level 5:colcon.colcon_core.verb:set package 'motor' build argument 'cmake_clean_cache' from command line to 'False'
[0.371s] Level 5:colcon.colcon_core.verb:set package 'motor' build argument 'cmake_clean_first' from command line to 'False'
[0.372s] Level 5:colcon.colcon_core.verb:set package 'motor' build argument 'cmake_force_configure' from command line to 'False'
[0.372s] Level 5:colcon.colcon_core.verb:set package 'motor' build argument 'ament_cmake_args' from command line to 'None'
[0.372s] Level 5:colcon.colcon_core.verb:set package 'motor' build argument 'catkin_cmake_args' from command line to 'None'
[0.372s] Level 5:colcon.colcon_core.verb:set package 'motor' build argument 'catkin_skip_building_tests' from command line to 'False'
[0.372s] DEBUG:colcon.colcon_core.verb:Building package 'motor' with the following arguments: {'ament_cmake_args': None, 'build_base': '/home/ziczac/dev/skripsi_code/ros2_workspace/build/motor', 'catkin_cmake_args': None, 'catkin_skip_building_tests': False, 'cmake_args': None, 'cmake_clean_cache': False, 'cmake_clean_first': False, 'cmake_force_configure': False, 'cmake_target': None, 'cmake_target_skip_unavailable': False, 'install_base': '/home/ziczac/dev/skripsi_code/ros2_workspace/install/motor', 'merge_install': False, 'path': '/home/ziczac/dev/skripsi_code/ros2_workspace/src/motor', 'symlink_install': True, 'test_result_base': None}
[0.372s] INFO:colcon.colcon_core.executor:Executing jobs using 'parallel' executor
[0.373s] DEBUG:colcon.colcon_parallel_executor.executor.parallel:run_until_complete
[0.373s] INFO:colcon.colcon_ros.task.ament_cmake.build:Building ROS package in '/home/ziczac/dev/skripsi_code/ros2_workspace/src/wheel_interfaces' with build type 'ament_cmake'
[0.373s] INFO:colcon.colcon_cmake.task.cmake.build:Building CMake package in '/home/ziczac/dev/skripsi_code/ros2_workspace/src/wheel_interfaces'
[0.377s] INFO:colcon.colcon_core.plugin_system:Skipping extension 'colcon_core.shell.bat': Not used on non-Windows systems
[0.377s] INFO:colcon.colcon_core.shell:Skip shell extension 'powershell' for command environment: Not usable outside of PowerShell
[0.377s] DEBUG:colcon.colcon_core.shell:Skip shell extension 'dsv' for command environment
[0.381s] INFO:colcon.colcon_ros.task.ament_cmake.build:Building ROS package in '/home/ziczac/dev/skripsi_code/ros2_workspace/src/Lslidar_ROS2_driver/lslidar_msgs' with build type 'ament_cmake'
[0.381s] INFO:colcon.colcon_cmake.task.cmake.build:Building CMake package in '/home/ziczac/dev/skripsi_code/ros2_workspace/src/Lslidar_ROS2_driver/lslidar_msgs'
[0.382s] INFO:colcon.colcon_core.shell:Skip shell extension 'powershell' for command environment: Not usable outside of PowerShell
[0.382s] DEBUG:colcon.colcon_core.shell:Skip shell extension 'dsv' for command environment
[0.385s] INFO:colcon.colcon_ros.task.ament_python.build:Building ROS package in '/home/ziczac/dev/skripsi_code/ros2_workspace/src/diff_drive' with build type 'ament_python'
[0.386s] Level 1:colcon.colcon_core.shell:create_environment_hook('diff_drive', 'ament_prefix_path')
[0.386s] INFO:colcon.colcon_core.shell:Creating environment hook '/home/ziczac/dev/skripsi_code/ros2_workspace/install/diff_drive/share/diff_drive/hook/ament_prefix_path.ps1'
[0.387s] INFO:colcon.colcon_core.shell:Creating environment descriptor '/home/ziczac/dev/skripsi_code/ros2_workspace/install/diff_drive/share/diff_drive/hook/ament_prefix_path.dsv'
[0.388s] INFO:colcon.colcon_core.shell:Creating environment hook '/home/ziczac/dev/skripsi_code/ros2_workspace/install/diff_drive/share/diff_drive/hook/ament_prefix_path.sh'
[0.389s] INFO:colcon.colcon_core.shell:Skip shell extension 'powershell' for command environment: Not usable outside of PowerShell
[0.389s] DEBUG:colcon.colcon_core.shell:Skip shell extension 'dsv' for command environment
[0.392s] INFO:colcon.colcon_ros.task.ament_python.build:Building ROS package in '/home/ziczac/dev/skripsi_code/ros2_workspace/src/log_odds_map' with build type 'ament_python'
[0.392s] Level 1:colcon.colcon_core.shell:create_environment_hook('log_odds_map', 'ament_prefix_path')
[0.393s] INFO:colcon.colcon_core.shell:Creating environment hook '/home/ziczac/dev/skripsi_code/ros2_workspace/install/log_odds_map/share/log_odds_map/hook/ament_prefix_path.ps1'
[0.394s] INFO:colcon.colcon_core.shell:Creating environment descriptor '/home/ziczac/dev/skripsi_code/ros2_workspace/install/log_odds_map/share/log_odds_map/hook/ament_prefix_path.dsv'
[0.394s] INFO:colcon.colcon_core.shell:Creating environment hook '/home/ziczac/dev/skripsi_code/ros2_workspace/install/log_odds_map/share/log_odds_map/hook/ament_prefix_path.sh'
[0.395s] INFO:colcon.colcon_core.shell:Skip shell extension 'powershell' for command environment: Not usable outside of PowerShell
[0.395s] DEBUG:colcon.colcon_core.shell:Skip shell extension 'dsv' for command environment
[0.399s] INFO:colcon.colcon_ros.task.ament_cmake.build:Building ROS package in '/home/ziczac/dev/skripsi_code/ros2_workspace/src/my_bot' with build type 'ament_cmake'
[0.399s] INFO:colcon.colcon_cmake.task.cmake.build:Building CMake package in '/home/ziczac/dev/skripsi_code/ros2_workspace/src/my_bot'
[0.399s] INFO:colcon.colcon_core.shell:Skip shell extension 'powershell' for command environment: Not usable outside of PowerShell
[0.399s] DEBUG:colcon.colcon_core.shell:Skip shell extension 'dsv' for command environment
[0.403s] INFO:colcon.colcon_ros.task.ament_cmake.build:Building ROS package in '/home/ziczac/dev/skripsi_code/ros2_workspace/src/ros2_occupancy_grid' with build type 'ament_cmake'
[0.404s] INFO:colcon.colcon_cmake.task.cmake.build:Building CMake package in '/home/ziczac/dev/skripsi_code/ros2_workspace/src/ros2_occupancy_grid'
[0.404s] INFO:colcon.colcon_core.shell:Skip shell extension 'powershell' for command environment: Not usable outside of PowerShell
[0.404s] DEBUG:colcon.colcon_core.shell:Skip shell extension 'dsv' for command environment
[0.408s] INFO:colcon.colcon_ros.task.ament_python.build:Building ROS package in '/home/ziczac/dev/skripsi_code/ros2_workspace/src/rosboard' with build type 'ament_python'
[0.408s] Level 1:colcon.colcon_core.shell:create_environment_hook('rosboard', 'ament_prefix_path')
[0.409s] INFO:colcon.colcon_core.shell:Creating environment hook '/home/ziczac/dev/skripsi_code/ros2_workspace/install/rosboard/share/rosboard/hook/ament_prefix_path.ps1'
[0.409s] INFO:colcon.colcon_core.shell:Creating environment descriptor '/home/ziczac/dev/skripsi_code/ros2_workspace/install/rosboard/share/rosboard/hook/ament_prefix_path.dsv'
[0.410s] INFO:colcon.colcon_core.shell:Creating environment hook '/home/ziczac/dev/skripsi_code/ros2_workspace/install/rosboard/share/rosboard/hook/ament_prefix_path.sh'
[0.411s] INFO:colcon.colcon_core.shell:Skip shell extension 'powershell' for command environment: Not usable outside of PowerShell
[0.411s] DEBUG:colcon.colcon_core.shell:Skip shell extension 'dsv' for command environment
[0.424s] DEBUG:colcon.colcon_core.event_handler.log_command:Invoking command in '/home/ziczac/dev/skripsi_code/ros2_workspace/build/wheel_interfaces': CMAKE_PREFIX_PATH=/opt/ros/humble /usr/bin/cmake --build /home/ziczac/dev/skripsi_code/ros2_workspace/build/wheel_interfaces -- -j8 -l8
[0.429s] DEBUG:colcon.colcon_core.event_handler.log_command:Invoking command in '/home/ziczac/dev/skripsi_code/ros2_workspace/build/lslidar_msgs': CMAKE_PREFIX_PATH=/opt/ros/humble /usr/bin/cmake --build /home/ziczac/dev/skripsi_code/ros2_workspace/build/lslidar_msgs -- -j8 -l8
[0.902s] INFO:colcon.colcon_core.task.python.build:Building Python package in '/home/ziczac/dev/skripsi_code/ros2_workspace/src/diff_drive'
[0.903s] INFO:colcon.colcon_core.shell:Skip shell extension 'powershell' for command environment: Not usable outside of PowerShell
[0.903s] DEBUG:colcon.colcon_core.shell:Skip shell extension 'dsv' for command environment
[1.389s] INFO:colcon.colcon_core.task.python.build:Building Python package in '/home/ziczac/dev/skripsi_code/ros2_workspace/src/log_odds_map'
[1.390s] INFO:colcon.colcon_core.shell:Skip shell extension 'powershell' for command environment: Not usable outside of PowerShell
[1.390s] DEBUG:colcon.colcon_core.shell:Skip shell extension 'dsv' for command environment
[1.402s] DEBUG:colcon.colcon_core.event_handler.log_command:Invoking command in '/home/ziczac/dev/skripsi_code/ros2_workspace/build/my_bot': CMAKE_PREFIX_PATH=/opt/ros/humble /usr/bin/cmake --build /home/ziczac/dev/skripsi_code/ros2_workspace/build/my_bot -- -j8 -l8
[1.408s] DEBUG:colcon.colcon_core.event_handler.log_command:Invoking command in '/home/ziczac/dev/skripsi_code/ros2_workspace/build/occupancy_grid': CMAKE_PREFIX_PATH=/opt/ros/humble /usr/bin/cmake --build /home/ziczac/dev/skripsi_code/ros2_workspace/build/occupancy_grid -- -j8 -l8
[1.426s] DEBUG:colcon.colcon_core.event_handler.log_command:Invoked command in '/home/ziczac/dev/skripsi_code/ros2_workspace/build/lslidar_msgs' returned '0': CMAKE_PREFIX_PATH=/opt/ros/humble /usr/bin/cmake --build /home/ziczac/dev/skripsi_code/ros2_workspace/build/lslidar_msgs -- -j8 -l8
[1.910s] WARNING:colcon.colcon_ros.task.ament_python.build:Package 'rosboard' doesn't explicitly install a marker in the package index (colcon-ros currently does it implicitly but that fallback will be removed in the future)
[1.911s] INFO:colcon.colcon_core.task.python.build:Building Python package in '/home/ziczac/dev/skripsi_code/ros2_workspace/src/rosboard'
[1.911s] INFO:colcon.colcon_core.shell:Skip shell extension 'powershell' for command environment: Not usable outside of PowerShell
[1.911s] DEBUG:colcon.colcon_core.shell:Skip shell extension 'dsv' for command environment
[1.919s] DEBUG:colcon.colcon_core.event_handler.log_command:Invoked command in '/home/ziczac/dev/skripsi_code/ros2_workspace/build/wheel_interfaces' returned '0': CMAKE_PREFIX_PATH=/opt/ros/humble /usr/bin/cmake --build /home/ziczac/dev/skripsi_code/ros2_workspace/build/wheel_interfaces -- -j8 -l8
[1.935s] DEBUG:colcon.colcon_core.event_handler.log_command:Invoked command in '/home/ziczac/dev/skripsi_code/ros2_workspace/build/my_bot' returned '0': CMAKE_PREFIX_PATH=/opt/ros/humble /usr/bin/cmake --build /home/ziczac/dev/skripsi_code/ros2_workspace/build/my_bot -- -j8 -l8
[1.975s] DEBUG:colcon.colcon_core.event_handler.log_command:Invoking command in '/home/ziczac/dev/skripsi_code/ros2_workspace/build/lslidar_msgs': CMAKE_PREFIX_PATH=/opt/ros/humble /usr/bin/cmake --install /home/ziczac/dev/skripsi_code/ros2_workspace/build/lslidar_msgs
[2.019s] DEBUG:colcon.colcon_core.event_handler.log_command:Invoking command in '/home/ziczac/dev/skripsi_code/ros2_workspace/build/my_bot': CMAKE_PREFIX_PATH=/opt/ros/humble /usr/bin/cmake --install /home/ziczac/dev/skripsi_code/ros2_workspace/build/my_bot
[2.102s] DEBUG:colcon.colcon_core.event_handler.log_command:Invoking command in '/home/ziczac/dev/skripsi_code/ros2_workspace/build/wheel_interfaces': CMAKE_PREFIX_PATH=/opt/ros/humble /usr/bin/cmake --install /home/ziczac/dev/skripsi_code/ros2_workspace/build/wheel_interfaces
[2.104s] Level 1:colcon.colcon_core.environment:create_environment_scripts_only(my_bot)
[2.109s] DEBUG:colcon.colcon_core.event_handler.log_command:Invoked command in '/home/ziczac/dev/skripsi_code/ros2_workspace/build/my_bot' returned '0': CMAKE_PREFIX_PATH=/opt/ros/humble /usr/bin/cmake --install /home/ziczac/dev/skripsi_code/ros2_workspace/build/my_bot
[2.117s] Level 1:colcon.colcon_core.environment:checking '/home/ziczac/dev/skripsi_code/ros2_workspace/install/my_bot' for CMake module files
[2.119s] Level 1:colcon.colcon_core.environment:checking '/home/ziczac/dev/skripsi_code/ros2_workspace/install/my_bot' for CMake config files
[2.120s] Level 1:colcon.colcon_core.shell:create_environment_hook('my_bot', 'cmake_prefix_path')
[2.121s] INFO:colcon.colcon_core.shell:Creating environment hook '/home/ziczac/dev/skripsi_code/ros2_workspace/install/my_bot/share/my_bot/hook/cmake_prefix_path.ps1'
[2.122s] INFO:colcon.colcon_core.shell:Creating environment descriptor '/home/ziczac/dev/skripsi_code/ros2_workspace/install/my_bot/share/my_bot/hook/cmake_prefix_path.dsv'
[2.124s] INFO:colcon.colcon_core.shell:Creating environment hook '/home/ziczac/dev/skripsi_code/ros2_workspace/install/my_bot/share/my_bot/hook/cmake_prefix_path.sh'
[2.128s] Level 1:colcon.colcon_core.environment:checking '/home/ziczac/dev/skripsi_code/ros2_workspace/install/my_bot/bin'
[2.128s] Level 1:colcon.colcon_core.environment:checking '/home/ziczac/dev/skripsi_code/ros2_workspace/install/my_bot/lib/pkgconfig/my_bot.pc'
[2.129s] Level 1:colcon.colcon_core.environment:checking '/home/ziczac/dev/skripsi_code/ros2_workspace/install/my_bot/lib/python3.10/site-packages'
[2.133s] Level 1:colcon.colcon_core.environment:checking '/home/ziczac/dev/skripsi_code/ros2_workspace/install/my_bot/bin'
[2.134s] INFO:colcon.colcon_core.shell:Creating package script '/home/ziczac/dev/skripsi_code/ros2_workspace/install/my_bot/share/my_bot/package.ps1'
[2.140s] INFO:colcon.colcon_core.shell:Creating package descriptor '/home/ziczac/dev/skripsi_code/ros2_workspace/install/my_bot/share/my_bot/package.dsv'
[2.144s] INFO:colcon.colcon_core.shell:Creating package script '/home/ziczac/dev/skripsi_code/ros2_workspace/install/my_bot/share/my_bot/package.sh'
[2.150s] INFO:colcon.colcon_core.shell:Creating package script '/home/ziczac/dev/skripsi_code/ros2_workspace/install/my_bot/share/my_bot/package.bash'
[2.188s] INFO:colcon.colcon_core.shell:Creating package script '/home/ziczac/dev/skripsi_code/ros2_workspace/install/my_bot/share/my_bot/package.zsh'
[2.196s] Level 1:colcon.colcon_core.environment:create_file_with_runtime_dependencies(/home/ziczac/dev/skripsi_code/ros2_workspace/install/my_bot/share/colcon-core/packages/my_bot)
[2.275s] Level 1:colcon.colcon_core.environment:create_environment_scripts_only(my_bot)
[2.276s] Level 1:colcon.colcon_core.environment:checking '/home/ziczac/dev/skripsi_code/ros2_workspace/install/my_bot' for CMake module files
[2.278s] Level 1:colcon.colcon_core.environment:checking '/home/ziczac/dev/skripsi_code/ros2_workspace/install/my_bot' for CMake config files
[2.279s] Level 1:colcon.colcon_core.shell:create_environment_hook('my_bot', 'cmake_prefix_path')
[2.281s] INFO:colcon.colcon_core.shell:Creating environment hook '/home/ziczac/dev/skripsi_code/ros2_workspace/install/my_bot/share/my_bot/hook/cmake_prefix_path.ps1'
[2.282s] INFO:colcon.colcon_core.shell:Creating environment descriptor '/home/ziczac/dev/skripsi_code/ros2_workspace/install/my_bot/share/my_bot/hook/cmake_prefix_path.dsv'
[2.283s] INFO:colcon.colcon_core.shell:Creating environment hook '/home/ziczac/dev/skripsi_code/ros2_workspace/install/my_bot/share/my_bot/hook/cmake_prefix_path.sh'
[2.285s] Level 1:colcon.colcon_core.environment:checking '/home/ziczac/dev/skripsi_code/ros2_workspace/install/my_bot/bin'
[2.285s] Level 1:colcon.colcon_core.environment:checking '/home/ziczac/dev/skripsi_code/ros2_workspace/install/my_bot/lib/pkgconfig/my_bot.pc'
[2.286s] Level 1:colcon.colcon_core.environment:checking '/home/ziczac/dev/skripsi_code/ros2_workspace/install/my_bot/lib/python3.10/site-packages'
[2.286s] Level 1:colcon.colcon_core.environment:checking '/home/ziczac/dev/skripsi_code/ros2_workspace/install/my_bot/bin'
[2.287s] INFO:colcon.colcon_core.shell:Creating package script '/home/ziczac/dev/skripsi_code/ros2_workspace/install/my_bot/share/my_bot/package.ps1'
[2.289s] INFO:colcon.colcon_core.shell:Creating package descriptor '/home/ziczac/dev/skripsi_code/ros2_workspace/install/my_bot/share/my_bot/package.dsv'
[2.290s] INFO:colcon.colcon_core.shell:Creating package script '/home/ziczac/dev/skripsi_code/ros2_workspace/install/my_bot/share/my_bot/package.sh'
[2.292s] INFO:colcon.colcon_core.shell:Creating package script '/home/ziczac/dev/skripsi_code/ros2_workspace/install/my_bot/share/my_bot/package.bash'
[2.294s] INFO:colcon.colcon_core.shell:Creating package script '/home/ziczac/dev/skripsi_code/ros2_workspace/install/my_bot/share/my_bot/package.zsh'
[2.295s] Level 1:colcon.colcon_core.environment:create_file_with_runtime_dependencies(/home/ziczac/dev/skripsi_code/ros2_workspace/install/my_bot/share/colcon-core/packages/my_bot)
[2.347s] Level 1:colcon.colcon_core.environment:create_environment_scripts_only(lslidar_msgs)
[2.348s] Level 1:colcon.colcon_core.environment:checking '/home/ziczac/dev/skripsi_code/ros2_workspace/install/lslidar_msgs' for CMake module files
[2.350s] DEBUG:colcon.colcon_core.event_handler.log_command:Invoked command in '/home/ziczac/dev/skripsi_code/ros2_workspace/build/lslidar_msgs' returned '0': CMAKE_PREFIX_PATH=/opt/ros/humble /usr/bin/cmake --install /home/ziczac/dev/skripsi_code/ros2_workspace/build/lslidar_msgs
[2.352s] Level 1:colcon.colcon_core.environment:checking '/home/ziczac/dev/skripsi_code/ros2_workspace/install/lslidar_msgs' for CMake config files
[2.356s] Level 1:colcon.colcon_core.shell:create_environment_hook('lslidar_msgs', 'cmake_prefix_path')
[2.357s] INFO:colcon.colcon_core.shell:Creating environment hook '/home/ziczac/dev/skripsi_code/ros2_workspace/install/lslidar_msgs/share/lslidar_msgs/hook/cmake_prefix_path.ps1'
[2.359s] INFO:colcon.colcon_core.shell:Creating environment descriptor '/home/ziczac/dev/skripsi_code/ros2_workspace/install/lslidar_msgs/share/lslidar_msgs/hook/cmake_prefix_path.dsv'
[2.360s] INFO:colcon.colcon_core.shell:Creating environment hook '/home/ziczac/dev/skripsi_code/ros2_workspace/install/lslidar_msgs/share/lslidar_msgs/hook/cmake_prefix_path.sh'
[2.362s] Level 1:colcon.colcon_core.environment:checking '/home/ziczac/dev/skripsi_code/ros2_workspace/install/lslidar_msgs/lib'
[2.363s] Level 1:colcon.colcon_core.shell:create_environment_hook('lslidar_msgs', 'ld_library_path_lib')
[2.364s] INFO:colcon.colcon_core.shell:Creating environment hook '/home/ziczac/dev/skripsi_code/ros2_workspace/install/lslidar_msgs/share/lslidar_msgs/hook/ld_library_path_lib.ps1'
[2.365s] INFO:colcon.colcon_core.shell:Creating environment descriptor '/home/ziczac/dev/skripsi_code/ros2_workspace/install/lslidar_msgs/share/lslidar_msgs/hook/ld_library_path_lib.dsv'
[2.366s] INFO:colcon.colcon_core.shell:Creating environment hook '/home/ziczac/dev/skripsi_code/ros2_workspace/install/lslidar_msgs/share/lslidar_msgs/hook/ld_library_path_lib.sh'
[2.367s] Level 1:colcon.colcon_core.environment:checking '/home/ziczac/dev/skripsi_code/ros2_workspace/install/lslidar_msgs/bin'
[2.370s] Level 1:colcon.colcon_core.environment:checking '/home/ziczac/dev/skripsi_code/ros2_workspace/install/lslidar_msgs/lib/pkgconfig/lslidar_msgs.pc'
[2.371s] Level 1:colcon.colcon_core.environment:checking '/home/ziczac/dev/skripsi_code/ros2_workspace/install/lslidar_msgs/lib/python3.10/site-packages'
[2.371s] Level 1:colcon.colcon_core.environment:checking '/home/ziczac/dev/skripsi_code/ros2_workspace/install/lslidar_msgs/bin'
[2.373s] INFO:colcon.colcon_core.shell:Creating package script '/home/ziczac/dev/skripsi_code/ros2_workspace/install/lslidar_msgs/share/lslidar_msgs/package.ps1'
[2.375s] INFO:colcon.colcon_core.shell:Creating package descriptor '/home/ziczac/dev/skripsi_code/ros2_workspace/install/lslidar_msgs/share/lslidar_msgs/package.dsv'
[2.377s] INFO:colcon.colcon_core.shell:Creating package script '/home/ziczac/dev/skripsi_code/ros2_workspace/install/lslidar_msgs/share/lslidar_msgs/package.sh'
[2.379s] INFO:colcon.colcon_core.shell:Creating package script '/home/ziczac/dev/skripsi_code/ros2_workspace/install/lslidar_msgs/share/lslidar_msgs/package.bash'
[2.380s] INFO:colcon.colcon_core.shell:Creating package script '/home/ziczac/dev/skripsi_code/ros2_workspace/install/lslidar_msgs/share/lslidar_msgs/package.zsh'
[2.382s] Level 1:colcon.colcon_core.environment:create_file_with_runtime_dependencies(/home/ziczac/dev/skripsi_code/ros2_workspace/install/lslidar_msgs/share/colcon-core/packages/lslidar_msgs)
[2.402s] Level 1:colcon.colcon_core.environment:create_environment_scripts_only(wheel_interfaces)
[2.403s] Level 1:colcon.colcon_core.environment:checking '/home/ziczac/dev/skripsi_code/ros2_workspace/install/wheel_interfaces' for CMake module files
[2.406s] DEBUG:colcon.colcon_core.event_handler.log_command:Invoked command in '/home/ziczac/dev/skripsi_code/ros2_workspace/build/wheel_interfaces' returned '0': CMAKE_PREFIX_PATH=/opt/ros/humble /usr/bin/cmake --install /home/ziczac/dev/skripsi_code/ros2_workspace/build/wheel_interfaces
[2.407s] Level 1:colcon.colcon_core.environment:checking '/home/ziczac/dev/skripsi_code/ros2_workspace/install/wheel_interfaces' for CMake config files
[2.410s] Level 1:colcon.colcon_core.shell:create_environment_hook('wheel_interfaces', 'cmake_prefix_path')
[2.411s] INFO:colcon.colcon_core.shell:Creating environment hook '/home/ziczac/dev/skripsi_code/ros2_workspace/install/wheel_interfaces/share/wheel_interfaces/hook/cmake_prefix_path.ps1'
[2.412s] INFO:colcon.colcon_core.shell:Creating environment descriptor '/home/ziczac/dev/skripsi_code/ros2_workspace/install/wheel_interfaces/share/wheel_interfaces/hook/cmake_prefix_path.dsv'
[2.414s] INFO:colcon.colcon_core.shell:Creating environment hook '/home/ziczac/dev/skripsi_code/ros2_workspace/install/wheel_interfaces/share/wheel_interfaces/hook/cmake_prefix_path.sh'
[2.416s] Level 1:colcon.colcon_core.environment:checking '/home/ziczac/dev/skripsi_code/ros2_workspace/install/wheel_interfaces/lib'
[2.416s] Level 1:colcon.colcon_core.shell:create_environment_hook('wheel_interfaces', 'ld_library_path_lib')
[2.417s] INFO:colcon.colcon_core.shell:Creating environment hook '/home/ziczac/dev/skripsi_code/ros2_workspace/install/wheel_interfaces/share/wheel_interfaces/hook/ld_library_path_lib.ps1'
[2.418s] INFO:colcon.colcon_core.shell:Creating environment descriptor '/home/ziczac/dev/skripsi_code/ros2_workspace/install/wheel_interfaces/share/wheel_interfaces/hook/ld_library_path_lib.dsv'
[2.419s] INFO:colcon.colcon_core.shell:Creating environment hook '/home/ziczac/dev/skripsi_code/ros2_workspace/install/wheel_interfaces/share/wheel_interfaces/hook/ld_library_path_lib.sh'
[2.420s] Level 1:colcon.colcon_core.environment:checking '/home/ziczac/dev/skripsi_code/ros2_workspace/install/wheel_interfaces/bin'
[2.421s] Level 1:colcon.colcon_core.environment:checking '/home/ziczac/dev/skripsi_code/ros2_workspace/install/wheel_interfaces/lib/pkgconfig/wheel_interfaces.pc'
[2.421s] Level 1:colcon.colcon_core.environment:checking '/home/ziczac/dev/skripsi_code/ros2_workspace/install/wheel_interfaces/lib/python3.10/site-packages'
[2.422s] Level 1:colcon.colcon_core.environment:checking '/home/ziczac/dev/skripsi_code/ros2_workspace/install/wheel_interfaces/bin'
[2.423s] INFO:colcon.colcon_core.shell:Creating package script '/home/ziczac/dev/skripsi_code/ros2_workspace/install/wheel_interfaces/share/wheel_interfaces/package.ps1'
[2.425s] INFO:colcon.colcon_core.shell:Creating package descriptor '/home/ziczac/dev/skripsi_code/ros2_workspace/install/wheel_interfaces/share/wheel_interfaces/package.dsv'
[2.426s] INFO:colcon.colcon_core.shell:Creating package script '/home/ziczac/dev/skripsi_code/ros2_workspace/install/wheel_interfaces/share/wheel_interfaces/package.sh'
[2.428s] INFO:colcon.colcon_core.shell:Creating package script '/home/ziczac/dev/skripsi_code/ros2_workspace/install/wheel_interfaces/share/wheel_interfaces/package.bash'
[2.429s] INFO:colcon.colcon_core.shell:Creating package script '/home/ziczac/dev/skripsi_code/ros2_workspace/install/wheel_interfaces/share/wheel_interfaces/package.zsh'
[2.430s] Level 1:colcon.colcon_core.environment:create_file_with_runtime_dependencies(/home/ziczac/dev/skripsi_code/ros2_workspace/install/wheel_interfaces/share/colcon-core/packages/wheel_interfaces)
[2.652s] Level 1:colcon.colcon_core.environment:create_environment_scripts_only(wheel_interfaces)
[2.653s] Level 1:colcon.colcon_core.environment:checking '/home/ziczac/dev/skripsi_code/ros2_workspace/install/wheel_interfaces' for CMake module files
[2.655s] Level 1:colcon.colcon_core.environment:checking '/home/ziczac/dev/skripsi_code/ros2_workspace/install/wheel_interfaces' for CMake config files
[2.658s] Level 1:colcon.colcon_core.shell:create_environment_hook('wheel_interfaces', 'cmake_prefix_path')
[2.659s] INFO:colcon.colcon_core.shell:Creating environment hook '/home/ziczac/dev/skripsi_code/ros2_workspace/install/wheel_interfaces/share/wheel_interfaces/hook/cmake_prefix_path.ps1'
[2.660s] INFO:colcon.colcon_core.shell:Creating environment descriptor '/home/ziczac/dev/skripsi_code/ros2_workspace/install/wheel_interfaces/share/wheel_interfaces/hook/cmake_prefix_path.dsv'
[2.664s] INFO:colcon.colcon_core.shell:Creating environment hook '/home/ziczac/dev/skripsi_code/ros2_workspace/install/wheel_interfaces/share/wheel_interfaces/hook/cmake_prefix_path.sh'
[2.666s] Level 1:colcon.colcon_core.environment:checking '/home/ziczac/dev/skripsi_code/ros2_workspace/install/wheel_interfaces/lib'
[2.666s] Level 1:colcon.colcon_core.shell:create_environment_hook('wheel_interfaces', 'ld_library_path_lib')
[2.667s] INFO:colcon.colcon_core.shell:Creating environment hook '/home/ziczac/dev/skripsi_code/ros2_workspace/install/wheel_interfaces/share/wheel_interfaces/hook/ld_library_path_lib.ps1'
[2.668s] INFO:colcon.colcon_core.shell:Creating environment descriptor '/home/ziczac/dev/skripsi_code/ros2_workspace/install/wheel_interfaces/share/wheel_interfaces/hook/ld_library_path_lib.dsv'
[2.669s] INFO:colcon.colcon_core.shell:Creating environment hook '/home/ziczac/dev/skripsi_code/ros2_workspace/install/wheel_interfaces/share/wheel_interfaces/hook/ld_library_path_lib.sh'
[2.670s] Level 1:colcon.colcon_core.environment:checking '/home/ziczac/dev/skripsi_code/ros2_workspace/install/wheel_interfaces/bin'
[2.671s] Level 1:colcon.colcon_core.environment:checking '/home/ziczac/dev/skripsi_code/ros2_workspace/install/wheel_interfaces/lib/pkgconfig/wheel_interfaces.pc'
[2.671s] Level 1:colcon.colcon_core.environment:checking '/home/ziczac/dev/skripsi_code/ros2_workspace/install/wheel_interfaces/lib/python3.10/site-packages'
[2.672s] Level 1:colcon.colcon_core.environment:checking '/home/ziczac/dev/skripsi_code/ros2_workspace/install/wheel_interfaces/bin'
[2.673s] INFO:colcon.colcon_core.shell:Creating package script '/home/ziczac/dev/skripsi_code/ros2_workspace/install/wheel_interfaces/share/wheel_interfaces/package.ps1'
[2.675s] INFO:colcon.colcon_core.shell:Creating package descriptor '/home/ziczac/dev/skripsi_code/ros2_workspace/install/wheel_interfaces/share/wheel_interfaces/package.dsv'
[2.679s] INFO:colcon.colcon_core.shell:Creating package script '/home/ziczac/dev/skripsi_code/ros2_workspace/install/wheel_interfaces/share/wheel_interfaces/package.sh'
[2.683s] INFO:colcon.colcon_core.shell:Creating package script '/home/ziczac/dev/skripsi_code/ros2_workspace/install/wheel_interfaces/share/wheel_interfaces/package.bash'
[2.684s] INFO:colcon.colcon_core.shell:Creating package script '/home/ziczac/dev/skripsi_code/ros2_workspace/install/wheel_interfaces/share/wheel_interfaces/package.zsh'
[2.688s] Level 1:colcon.colcon_core.environment:create_file_with_runtime_dependencies(/home/ziczac/dev/skripsi_code/ros2_workspace/install/wheel_interfaces/share/colcon-core/packages/wheel_interfaces)
[2.691s] INFO:colcon.colcon_ros.task.ament_python.build:Building ROS package in '/home/ziczac/dev/skripsi_code/ros2_workspace/src/gui' with build type 'ament_python'
[2.693s] Level 1:colcon.colcon_core.shell:create_environment_hook('gui', 'ament_prefix_path')
[2.694s] INFO:colcon.colcon_core.shell:Creating environment hook '/home/ziczac/dev/skripsi_code/ros2_workspace/install/gui/share/gui/hook/ament_prefix_path.ps1'
[2.696s] INFO:colcon.colcon_core.shell:Creating environment descriptor '/home/ziczac/dev/skripsi_code/ros2_workspace/install/gui/share/gui/hook/ament_prefix_path.dsv'
[2.697s] INFO:colcon.colcon_core.shell:Creating environment hook '/home/ziczac/dev/skripsi_code/ros2_workspace/install/gui/share/gui/hook/ament_prefix_path.sh'
[2.699s] INFO:colcon.colcon_core.shell:Skip shell extension 'powershell' for command environment: Not usable outside of PowerShell
[2.700s] DEBUG:colcon.colcon_core.shell:Skip shell extension 'dsv' for command environment
[2.710s] INFO:colcon.colcon_ros.task.ament_python.build:Building ROS package in '/home/ziczac/dev/skripsi_code/ros2_workspace/src/motor' with build type 'ament_python'
[2.710s] Level 1:colcon.colcon_core.shell:create_environment_hook('motor', 'ament_prefix_path')
[2.711s] INFO:colcon.colcon_core.shell:Creating environment hook '/home/ziczac/dev/skripsi_code/ros2_workspace/install/motor/share/motor/hook/ament_prefix_path.ps1'
[2.713s] INFO:colcon.colcon_core.shell:Creating environment descriptor '/home/ziczac/dev/skripsi_code/ros2_workspace/install/motor/share/motor/hook/ament_prefix_path.dsv'
[2.714s] INFO:colcon.colcon_core.shell:Creating environment hook '/home/ziczac/dev/skripsi_code/ros2_workspace/install/motor/share/motor/hook/ament_prefix_path.sh'
[2.717s] INFO:colcon.colcon_core.shell:Skip shell extension 'powershell' for command environment: Not usable outside of PowerShell
[2.717s] DEBUG:colcon.colcon_core.shell:Skip shell extension 'dsv' for command environment
[3.762s] INFO:colcon.colcon_core.task.python.build:Building Python package in '/home/ziczac/dev/skripsi_code/ros2_workspace/src/gui'
[3.763s] INFO:colcon.colcon_core.shell:Skip shell extension 'powershell' for command environment: Not usable outside of PowerShell
[3.763s] DEBUG:colcon.colcon_core.shell:Skip shell extension 'dsv' for command environment
[3.776s] Level 1:colcon.colcon_core.environment:create_environment_scripts_only(lslidar_msgs)
[3.777s] Level 1:colcon.colcon_core.environment:checking '/home/ziczac/dev/skripsi_code/ros2_workspace/install/lslidar_msgs' for CMake module files
[3.779s] Level 1:colcon.colcon_core.environment:checking '/home/ziczac/dev/skripsi_code/ros2_workspace/install/lslidar_msgs' for CMake config files
[3.784s] Level 1:colcon.colcon_core.shell:create_environment_hook('lslidar_msgs', 'cmake_prefix_path')
[3.784s] INFO:colcon.colcon_core.shell:Creating environment hook '/home/ziczac/dev/skripsi_code/ros2_workspace/install/lslidar_msgs/share/lslidar_msgs/hook/cmake_prefix_path.ps1'
[3.786s] INFO:colcon.colcon_core.shell:Creating environment descriptor '/home/ziczac/dev/skripsi_code/ros2_workspace/install/lslidar_msgs/share/lslidar_msgs/hook/cmake_prefix_path.dsv'
[3.787s] INFO:colcon.colcon_core.shell:Creating environment hook '/home/ziczac/dev/skripsi_code/ros2_workspace/install/lslidar_msgs/share/lslidar_msgs/hook/cmake_prefix_path.sh'
[3.789s] Level 1:colcon.colcon_core.environment:checking '/home/ziczac/dev/skripsi_code/ros2_workspace/install/lslidar_msgs/lib'
[3.789s] Level 1:colcon.colcon_core.shell:create_environment_hook('lslidar_msgs', 'ld_library_path_lib')
[3.790s] INFO:colcon.colcon_core.shell:Creating environment hook '/home/ziczac/dev/skripsi_code/ros2_workspace/install/lslidar_msgs/share/lslidar_msgs/hook/ld_library_path_lib.ps1'
[3.791s] INFO:colcon.colcon_core.shell:Creating environment descriptor '/home/ziczac/dev/skripsi_code/ros2_workspace/install/lslidar_msgs/share/lslidar_msgs/hook/ld_library_path_lib.dsv'
[3.792s] INFO:colcon.colcon_core.shell:Creating environment hook '/home/ziczac/dev/skripsi_code/ros2_workspace/install/lslidar_msgs/share/lslidar_msgs/hook/ld_library_path_lib.sh'
[3.794s] Level 1:colcon.colcon_core.environment:checking '/home/ziczac/dev/skripsi_code/ros2_workspace/install/lslidar_msgs/bin'
[3.794s] Level 1:colcon.colcon_core.environment:checking '/home/ziczac/dev/skripsi_code/ros2_workspace/install/lslidar_msgs/lib/pkgconfig/lslidar_msgs.pc'
[3.794s] Level 1:colcon.colcon_core.environment:checking '/home/ziczac/dev/skripsi_code/ros2_workspace/install/lslidar_msgs/lib/python3.10/site-packages'
[3.795s] Level 1:colcon.colcon_core.environment:checking '/home/ziczac/dev/skripsi_code/ros2_workspace/install/lslidar_msgs/bin'
[3.796s] INFO:colcon.colcon_core.shell:Creating package script '/home/ziczac/dev/skripsi_code/ros2_workspace/install/lslidar_msgs/share/lslidar_msgs/package.ps1'
[3.798s] INFO:colcon.colcon_core.shell:Creating package descriptor '/home/ziczac/dev/skripsi_code/ros2_workspace/install/lslidar_msgs/share/lslidar_msgs/package.dsv'
[3.800s] INFO:colcon.colcon_core.shell:Creating package script '/home/ziczac/dev/skripsi_code/ros2_workspace/install/lslidar_msgs/share/lslidar_msgs/package.sh'
[3.802s] INFO:colcon.colcon_core.shell:Creating package script '/home/ziczac/dev/skripsi_code/ros2_workspace/install/lslidar_msgs/share/lslidar_msgs/package.bash'
[3.804s] INFO:colcon.colcon_core.shell:Creating package script '/home/ziczac/dev/skripsi_code/ros2_workspace/install/lslidar_msgs/share/lslidar_msgs/package.zsh'
[3.805s] Level 1:colcon.colcon_core.environment:create_file_with_runtime_dependencies(/home/ziczac/dev/skripsi_code/ros2_workspace/install/lslidar_msgs/share/colcon-core/packages/lslidar_msgs)
[4.544s] INFO:colcon.colcon_core.task.python.build:Building Python package in '/home/ziczac/dev/skripsi_code/ros2_workspace/src/motor'
[4.544s] INFO:colcon.colcon_core.shell:Skip shell extension 'powershell' for command environment: Not usable outside of PowerShell
[4.544s] DEBUG:colcon.colcon_core.shell:Skip shell extension 'dsv' for command environment
[4.550s] INFO:colcon.colcon_ros.task.ament_cmake.build:Building ROS package in '/home/ziczac/dev/skripsi_code/ros2_workspace/src/Lslidar_ROS2_driver/lslidar_driver' with build type 'ament_cmake'
[4.550s] INFO:colcon.colcon_cmake.task.cmake.build:Building CMake package in '/home/ziczac/dev/skripsi_code/ros2_workspace/src/Lslidar_ROS2_driver/lslidar_driver'
[4.551s] INFO:colcon.colcon_core.shell:Skip shell extension 'powershell' for command environment: Not usable outside of PowerShell
[4.551s] DEBUG:colcon.colcon_core.shell:Skip shell extension 'dsv' for command environment
[4.565s] DEBUG:colcon.colcon_core.event_handler.log_command:Invoking command in '/home/ziczac/dev/skripsi_code/ros2_workspace/build/diff_drive': PYTHONPATH=/home/ziczac/dev/skripsi_code/ros2_workspace/build/diff_drive/prefix_override:/home/ziczac/dev/skripsi_code/ros2_workspace/install/diff_drive/lib/python3.10/site-packages:${PYTHONPATH} /usr/bin/python3 -W ignore:setup.py install is deprecated setup.py develop --editable --build-directory /home/ziczac/dev/skripsi_code/ros2_workspace/build/diff_drive/build --no-deps symlink_data
[4.567s] DEBUG:colcon.colcon_core.event_handler.log_command:Invoking command in '/home/ziczac/dev/skripsi_code/ros2_workspace/build/rosboard': PYTHONPATH=/home/ziczac/dev/skripsi_code/ros2_workspace/build/rosboard/prefix_override:/home/ziczac/dev/skripsi_code/ros2_workspace/install/rosboard/lib/python3.10/site-packages:${PYTHONPATH} /usr/bin/python3 -W ignore:setup.py install is deprecated setup.py develop --editable --build-directory /home/ziczac/dev/skripsi_code/ros2_workspace/build/rosboard/build --no-deps symlink_data
[4.569s] DEBUG:colcon.colcon_core.event_handler.log_command:Invoking command in '/home/ziczac/dev/skripsi_code/ros2_workspace/build/log_odds_map': PYTHONPATH=/home/ziczac/dev/skripsi_code/ros2_workspace/build/log_odds_map/prefix_override:/home/ziczac/dev/skripsi_code/ros2_workspace/install/log_odds_map/lib/python3.10/site-packages:${PYTHONPATH} /usr/bin/python3 -W ignore:setup.py install is deprecated setup.py develop --editable --build-directory /home/ziczac/dev/skripsi_code/ros2_workspace/build/log_odds_map/build --no-deps symlink_data
[4.589s] DEBUG:colcon.colcon_core.event_handler.log_command:Invoking command in '/home/ziczac/dev/skripsi_code/ros2_workspace/build/lslidar_driver': AMENT_PREFIX_PATH=/home/ziczac/dev/skripsi_code/ros2_workspace/install/lslidar_msgs:${AMENT_PREFIX_PATH} CMAKE_PREFIX_PATH=/home/ziczac/dev/skripsi_code/ros2_workspace/install/lslidar_msgs:/opt/ros/humble LD_LIBRARY_PATH=/home/ziczac/dev/skripsi_code/ros2_workspace/install/lslidar_msgs/lib:${LD_LIBRARY_PATH} PYTHONPATH=/home/ziczac/dev/skripsi_code/ros2_workspace/install/lslidar_msgs/local/lib/python3.10/dist-packages:${PYTHONPATH} /usr/bin/cmake --build /home/ziczac/dev/skripsi_code/ros2_workspace/build/lslidar_driver -- -j8 -l8
[4.891s] DEBUG:colcon.colcon_core.event_handler.log_command:Invoked command in '/home/ziczac/dev/skripsi_code/ros2_workspace/build/lslidar_driver' returned '0': AMENT_PREFIX_PATH=/home/ziczac/dev/skripsi_code/ros2_workspace/install/lslidar_msgs:${AMENT_PREFIX_PATH} CMAKE_PREFIX_PATH=/home/ziczac/dev/skripsi_code/ros2_workspace/install/lslidar_msgs:/opt/ros/humble LD_LIBRARY_PATH=/home/ziczac/dev/skripsi_code/ros2_workspace/install/lslidar_msgs/lib:${LD_LIBRARY_PATH} PYTHONPATH=/home/ziczac/dev/skripsi_code/ros2_workspace/install/lslidar_msgs/local/lib/python3.10/dist-packages:${PYTHONPATH} /usr/bin/cmake --build /home/ziczac/dev/skripsi_code/ros2_workspace/build/lslidar_driver -- -j8 -l8
[4.982s] DEBUG:colcon.colcon_core.event_handler.log_command:Invoking command in '/home/ziczac/dev/skripsi_code/ros2_workspace/build/lslidar_driver': AMENT_PREFIX_PATH=/home/ziczac/dev/skripsi_code/ros2_workspace/install/lslidar_msgs:${AMENT_PREFIX_PATH} CMAKE_PREFIX_PATH=/home/ziczac/dev/skripsi_code/ros2_workspace/install/lslidar_msgs:/opt/ros/humble LD_LIBRARY_PATH=/home/ziczac/dev/skripsi_code/ros2_workspace/install/lslidar_msgs/lib:${LD_LIBRARY_PATH} PYTHONPATH=/home/ziczac/dev/skripsi_code/ros2_workspace/install/lslidar_msgs/local/lib/python3.10/dist-packages:${PYTHONPATH} /usr/bin/cmake --install /home/ziczac/dev/skripsi_code/ros2_workspace/build/lslidar_driver
[5.093s] Level 1:colcon.colcon_core.environment:create_environment_scripts_only(lslidar_driver)
[5.094s] Level 1:colcon.colcon_core.environment:checking '/home/ziczac/dev/skripsi_code/ros2_workspace/install/lslidar_driver' for CMake module files
[5.095s] DEBUG:colcon.colcon_core.event_handler.log_command:Invoked command in '/home/ziczac/dev/skripsi_code/ros2_workspace/build/lslidar_driver' returned '0': AMENT_PREFIX_PATH=/home/ziczac/dev/skripsi_code/ros2_workspace/install/lslidar_msgs:${AMENT_PREFIX_PATH} CMAKE_PREFIX_PATH=/home/ziczac/dev/skripsi_code/ros2_workspace/install/lslidar_msgs:/opt/ros/humble LD_LIBRARY_PATH=/home/ziczac/dev/skripsi_code/ros2_workspace/install/lslidar_msgs/lib:${LD_LIBRARY_PATH} PYTHONPATH=/home/ziczac/dev/skripsi_code/ros2_workspace/install/lslidar_msgs/local/lib/python3.10/dist-packages:${PYTHONPATH} /usr/bin/cmake --install /home/ziczac/dev/skripsi_code/ros2_workspace/build/lslidar_driver
[5.097s] Level 1:colcon.colcon_core.environment:checking '/home/ziczac/dev/skripsi_code/ros2_workspace/install/lslidar_driver' for CMake config files
[5.100s] Level 1:colcon.colcon_core.shell:create_environment_hook('lslidar_driver', 'cmake_prefix_path')
[5.100s] INFO:colcon.colcon_core.shell:Creating environment hook '/home/ziczac/dev/skripsi_code/ros2_workspace/install/lslidar_driver/share/lslidar_driver/hook/cmake_prefix_path.ps1'
[5.102s] INFO:colcon.colcon_core.shell:Creating environment descriptor '/home/ziczac/dev/skripsi_code/ros2_workspace/install/lslidar_driver/share/lslidar_driver/hook/cmake_prefix_path.dsv'
[5.103s] INFO:colcon.colcon_core.shell:Creating environment hook '/home/ziczac/dev/skripsi_code/ros2_workspace/install/lslidar_driver/share/lslidar_driver/hook/cmake_prefix_path.sh'
[5.105s] Level 1:colcon.colcon_core.environment:checking '/home/ziczac/dev/skripsi_code/ros2_workspace/install/lslidar_driver/lib'
[5.105s] Level 1:colcon.colcon_core.environment:checking '/home/ziczac/dev/skripsi_code/ros2_workspace/install/lslidar_driver/bin'
[5.105s] Level 1:colcon.colcon_core.environment:checking '/home/ziczac/dev/skripsi_code/ros2_workspace/install/lslidar_driver/lib/pkgconfig/lslidar_driver.pc'
[5.106s] Level 1:colcon.colcon_core.environment:checking '/home/ziczac/dev/skripsi_code/ros2_workspace/install/lslidar_driver/lib/python3.10/site-packages'
[5.106s] Level 1:colcon.colcon_core.environment:checking '/home/ziczac/dev/skripsi_code/ros2_workspace/install/lslidar_driver/bin'
[5.107s] INFO:colcon.colcon_core.shell:Creating package script '/home/ziczac/dev/skripsi_code/ros2_workspace/install/lslidar_driver/share/lslidar_driver/package.ps1'
[5.109s] INFO:colcon.colcon_core.shell:Creating package descriptor '/home/ziczac/dev/skripsi_code/ros2_workspace/install/lslidar_driver/share/lslidar_driver/package.dsv'
[5.110s] INFO:colcon.colcon_core.shell:Creating package script '/home/ziczac/dev/skripsi_code/ros2_workspace/install/lslidar_driver/share/lslidar_driver/package.sh'
[5.111s] INFO:colcon.colcon_core.shell:Creating package script '/home/ziczac/dev/skripsi_code/ros2_workspace/install/lslidar_driver/share/lslidar_driver/package.bash'
[5.112s] INFO:colcon.colcon_core.shell:Creating package script '/home/ziczac/dev/skripsi_code/ros2_workspace/install/lslidar_driver/share/lslidar_driver/package.zsh'
[5.113s] Level 1:colcon.colcon_core.environment:create_file_with_runtime_dependencies(/home/ziczac/dev/skripsi_code/ros2_workspace/install/lslidar_driver/share/colcon-core/packages/lslidar_driver)
[5.206s] Level 1:colcon.colcon_core.environment:create_environment_scripts_only(lslidar_driver)
[5.207s] Level 1:colcon.colcon_core.environment:checking '/home/ziczac/dev/skripsi_code/ros2_workspace/install/lslidar_driver' for CMake module files
[5.208s] Level 1:colcon.colcon_core.environment:checking '/home/ziczac/dev/skripsi_code/ros2_workspace/install/lslidar_driver' for CMake config files
[5.209s] Level 1:colcon.colcon_core.shell:create_environment_hook('lslidar_driver', 'cmake_prefix_path')
[5.210s] INFO:colcon.colcon_core.shell:Creating environment hook '/home/ziczac/dev/skripsi_code/ros2_workspace/install/lslidar_driver/share/lslidar_driver/hook/cmake_prefix_path.ps1'
[5.211s] INFO:colcon.colcon_core.shell:Creating environment descriptor '/home/ziczac/dev/skripsi_code/ros2_workspace/install/lslidar_driver/share/lslidar_driver/hook/cmake_prefix_path.dsv'
[5.212s] INFO:colcon.colcon_core.shell:Creating environment hook '/home/ziczac/dev/skripsi_code/ros2_workspace/install/lslidar_driver/share/lslidar_driver/hook/cmake_prefix_path.sh'
[5.213s] Level 1:colcon.colcon_core.environment:checking '/home/ziczac/dev/skripsi_code/ros2_workspace/install/lslidar_driver/lib'
[5.213s] Level 1:colcon.colcon_core.environment:checking '/home/ziczac/dev/skripsi_code/ros2_workspace/install/lslidar_driver/bin'
[5.213s] Level 1:colcon.colcon_core.environment:checking '/home/ziczac/dev/skripsi_code/ros2_workspace/install/lslidar_driver/lib/pkgconfig/lslidar_driver.pc'
[5.213s] Level 1:colcon.colcon_core.environment:checking '/home/ziczac/dev/skripsi_code/ros2_workspace/install/lslidar_driver/lib/python3.10/site-packages'
[5.214s] Level 1:colcon.colcon_core.environment:checking '/home/ziczac/dev/skripsi_code/ros2_workspace/install/lslidar_driver/bin'
[5.215s] INFO:colcon.colcon_core.shell:Creating package script '/home/ziczac/dev/skripsi_code/ros2_workspace/install/lslidar_driver/share/lslidar_driver/package.ps1'
[5.216s] INFO:colcon.colcon_core.shell:Creating package descriptor '/home/ziczac/dev/skripsi_code/ros2_workspace/install/lslidar_driver/share/lslidar_driver/package.dsv'
[5.217s] INFO:colcon.colcon_core.shell:Creating package script '/home/ziczac/dev/skripsi_code/ros2_workspace/install/lslidar_driver/share/lslidar_driver/package.sh'
[5.218s] INFO:colcon.colcon_core.shell:Creating package script '/home/ziczac/dev/skripsi_code/ros2_workspace/install/lslidar_driver/share/lslidar_driver/package.bash'
[5.219s] INFO:colcon.colcon_core.shell:Creating package script '/home/ziczac/dev/skripsi_code/ros2_workspace/install/lslidar_driver/share/lslidar_driver/package.zsh'
[5.220s] Level 1:colcon.colcon_core.environment:create_file_with_runtime_dependencies(/home/ziczac/dev/skripsi_code/ros2_workspace/install/lslidar_driver/share/colcon-core/packages/lslidar_driver)
[6.423s] DEBUG:colcon.colcon_core.event_handler.log_command:Invoking command in '/home/ziczac/dev/skripsi_code/ros2_workspace/build/motor': AMENT_PREFIX_PATH=/home/ziczac/dev/skripsi_code/ros2_workspace/install/wheel_interfaces:${AMENT_PREFIX_PATH} CMAKE_PREFIX_PATH=/home/ziczac/dev/skripsi_code/ros2_workspace/install/wheel_interfaces LD_LIBRARY_PATH=/home/ziczac/dev/skripsi_code/ros2_workspace/install/wheel_interfaces/lib:${LD_LIBRARY_PATH} PYTHONPATH=/home/ziczac/dev/skripsi_code/ros2_workspace/build/motor/prefix_override:/home/ziczac/dev/skripsi_code/ros2_workspace/install/motor/lib/python3.10/site-packages:/home/ziczac/dev/skripsi_code/ros2_workspace/install/wheel_interfaces/local/lib/python3.10/dist-packages:${PYTHONPATH} /usr/bin/python3 -W ignore:setup.py install is deprecated setup.py develop --editable --build-directory /home/ziczac/dev/skripsi_code/ros2_workspace/build/motor/build --no-deps symlink_data
[6.460s] DEBUG:colcon.colcon_core.event_handler.log_command:Invoked command in '/home/ziczac/dev/skripsi_code/ros2_workspace/build/occupancy_grid' returned '2': CMAKE_PREFIX_PATH=/opt/ros/humble /usr/bin/cmake --build /home/ziczac/dev/skripsi_code/ros2_workspace/build/occupancy_grid -- -j8 -l8
[6.486s] DEBUG:colcon.colcon_core.event_handler.log_command:Invoking command in '/home/ziczac/dev/skripsi_code/ros2_workspace/build/gui': AMENT_PREFIX_PATH=/home/ziczac/dev/skripsi_code/ros2_workspace/install/wheel_interfaces:${AMENT_PREFIX_PATH} CMAKE_PREFIX_PATH=/home/ziczac/dev/skripsi_code/ros2_workspace/install/wheel_interfaces LD_LIBRARY_PATH=/home/ziczac/dev/skripsi_code/ros2_workspace/install/wheel_interfaces/lib:${LD_LIBRARY_PATH} PYTHONPATH=/home/ziczac/dev/skripsi_code/ros2_workspace/build/gui/prefix_override:/home/ziczac/dev/skripsi_code/ros2_workspace/install/gui/lib/python3.10/site-packages:/home/ziczac/dev/skripsi_code/ros2_workspace/install/wheel_interfaces/local/lib/python3.10/dist-packages:${PYTHONPATH} /usr/bin/python3 -W ignore:setup.py install is deprecated setup.py develop --editable --build-directory /home/ziczac/dev/skripsi_code/ros2_workspace/build/gui/build --no-deps symlink_data
[6.543s] Level 1:colcon.colcon_core.environment:create_environment_scripts_only(occupancy_grid)
[6.544s] Level 1:colcon.colcon_core.environment:checking '/home/ziczac/dev/skripsi_code/ros2_workspace/install/occupancy_grid' for CMake module files
[6.545s] Level 1:colcon.colcon_core.environment:checking '/home/ziczac/dev/skripsi_code/ros2_workspace/install/occupancy_grid' for CMake config files
[6.545s] Level 1:colcon.colcon_core.environment:checking '/home/ziczac/dev/skripsi_code/ros2_workspace/install/occupancy_grid/bin'
[6.546s] Level 1:colcon.colcon_core.environment:checking '/home/ziczac/dev/skripsi_code/ros2_workspace/install/occupancy_grid/lib/pkgconfig/occupancy_grid.pc'
[6.546s] Level 1:colcon.colcon_core.environment:checking '/home/ziczac/dev/skripsi_code/ros2_workspace/install/occupancy_grid/lib/python3.10/site-packages'
[6.547s] Level 1:colcon.colcon_core.environment:checking '/home/ziczac/dev/skripsi_code/ros2_workspace/install/occupancy_grid/bin'
[6.548s] INFO:colcon.colcon_core.shell:Creating package script '/home/ziczac/dev/skripsi_code/ros2_workspace/install/occupancy_grid/share/occupancy_grid/package.ps1'
[6.550s] INFO:colcon.colcon_core.shell:Creating package descriptor '/home/ziczac/dev/skripsi_code/ros2_workspace/install/occupancy_grid/share/occupancy_grid/package.dsv'
[6.551s] INFO:colcon.colcon_core.shell:Creating package script '/home/ziczac/dev/skripsi_code/ros2_workspace/install/occupancy_grid/share/occupancy_grid/package.sh'
[6.552s] INFO:colcon.colcon_core.shell:Creating package script '/home/ziczac/dev/skripsi_code/ros2_workspace/install/occupancy_grid/share/occupancy_grid/package.bash'
[6.553s] INFO:colcon.colcon_core.shell:Creating package script '/home/ziczac/dev/skripsi_code/ros2_workspace/install/occupancy_grid/share/occupancy_grid/package.zsh'
[6.554s] Level 1:colcon.colcon_core.environment:create_file_with_runtime_dependencies(/home/ziczac/dev/skripsi_code/ros2_workspace/install/occupancy_grid/share/colcon-core/packages/occupancy_grid)
[8.141s] DEBUG:colcon.colcon_parallel_executor.executor.parallel:closing loop
[8.142s] DEBUG:colcon.colcon_parallel_executor.executor.parallel:loop closed
[8.142s] DEBUG:colcon.colcon_parallel_executor.executor.parallel:run_until_complete finished with '2'
[8.142s] DEBUG:colcon.colcon_core.event_reactor:joining thread
[8.154s] INFO:colcon.colcon_core.plugin_system:Skipping extension 'colcon_notification.desktop_notification.terminal_notifier': Not used on non-Darwin systems
[8.154s] INFO:colcon.colcon_core.plugin_system:Skipping extension 'colcon_notification.desktop_notification.win32': Not used on non-Windows systems
[8.154s] INFO:colcon.colcon_notification.desktop_notification:Sending desktop notification using 'notify2'
[8.545s] DEBUG:colcon.colcon_core.event_reactor:joined thread
[8.546s] INFO:colcon.colcon_core.shell:Creating prefix script '/home/ziczac/dev/skripsi_code/ros2_workspace/install/local_setup.ps1'
[8.550s] INFO:colcon.colcon_core.shell:Creating prefix util module '/home/ziczac/dev/skripsi_code/ros2_workspace/install/_local_setup_util_ps1.py'
[8.555s] INFO:colcon.colcon_core.shell:Creating prefix chain script '/home/ziczac/dev/skripsi_code/ros2_workspace/install/setup.ps1'
[8.558s] INFO:colcon.colcon_core.shell:Creating prefix script '/home/ziczac/dev/skripsi_code/ros2_workspace/install/local_setup.sh'
[8.560s] INFO:colcon.colcon_core.shell:Creating prefix util module '/home/ziczac/dev/skripsi_code/ros2_workspace/install/_local_setup_util_sh.py'
[8.562s] INFO:colcon.colcon_core.shell:Creating prefix chain script '/home/ziczac/dev/skripsi_code/ros2_workspace/install/setup.sh'
[8.565s] INFO:colcon.colcon_core.shell:Creating prefix script '/home/ziczac/dev/skripsi_code/ros2_workspace/install/local_setup.bash'
[8.567s] INFO:colcon.colcon_core.shell:Creating prefix chain script '/home/ziczac/dev/skripsi_code/ros2_workspace/install/setup.bash'
[8.569s] INFO:colcon.colcon_core.shell:Creating prefix script '/home/ziczac/dev/skripsi_code/ros2_workspace/install/local_setup.zsh'
[8.571s] INFO:colcon.colcon_core.shell:Creating prefix chain script '/home/ziczac/dev/skripsi_code/ros2_workspace/install/setup.zsh'
