[0.266s] Invoking command in '/home/ziczac/dev/skripsi_code/ros2_workspace/build/serial': CMAKE_PREFIX_PATH=${CMAKE_PREFIX_PATH}:/home/ziczac/dev/skripsi_code/ros2_workspace/install/motor:/home/ziczac/dev/skripsi_code/ros2_workspace/install/gui:/home/ziczac/dev/skripsi_code/ros2_workspace/install/rosboard:/home/ziczac/dev/skripsi_code/ros2_workspace/install/log_odds_map:/home/ziczac/dev/skripsi_code/ros2_workspace/install/icp_graph_slam:/home/ziczac/dev/skripsi_code/ros2_workspace/install/diff_drive:/opt/ros/humble /usr/bin/cmake --build /home/ziczac/dev/skripsi_code/ros2_workspace/build/serial -- -j8 -l8
[2.940s] [100%] Built target serial
[3.844s] Invoked command in '/home/ziczac/dev/skripsi_code/ros2_workspace/build/serial' returned '0': CMAKE_PREFIX_PATH=${CMAKE_PREFIX_PATH}:/home/ziczac/dev/skripsi_code/ros2_workspace/install/motor:/home/ziczac/dev/skripsi_code/ros2_workspace/install/gui:/home/ziczac/dev/skripsi_code/ros2_workspace/install/rosboard:/home/ziczac/dev/skripsi_code/ros2_workspace/install/log_odds_map:/home/ziczac/dev/skripsi_code/ros2_workspace/install/icp_graph_slam:/home/ziczac/dev/skripsi_code/ros2_workspace/install/diff_drive:/opt/ros/humble /usr/bin/cmake --build /home/ziczac/dev/skripsi_code/ros2_workspace/build/serial -- -j8 -l8
[4.013s] Invoking command in '/home/ziczac/dev/skripsi_code/ros2_workspace/build/serial': CMAKE_PREFIX_PATH=${CMAKE_PREFIX_PATH}:/home/ziczac/dev/skripsi_code/ros2_workspace/install/motor:/home/ziczac/dev/skripsi_code/ros2_workspace/install/gui:/home/ziczac/dev/skripsi_code/ros2_workspace/install/rosboard:/home/ziczac/dev/skripsi_code/ros2_workspace/install/log_odds_map:/home/ziczac/dev/skripsi_code/ros2_workspace/install/icp_graph_slam:/home/ziczac/dev/skripsi_code/ros2_workspace/install/diff_drive:/opt/ros/humble /usr/bin/cmake --install /home/ziczac/dev/skripsi_code/ros2_workspace/build/serial
[4.043s] -- Install configuration: ""
[4.047s] -- Execute custom install script
[4.071s] -- Up-to-date symlink: /home/ziczac/dev/skripsi_code/ros2_workspace/install/serial/share/serial/environment/library_path.sh
[4.074s] -- Up-to-date symlink: /home/ziczac/dev/skripsi_code/ros2_workspace/install/serial/share/serial/environment/library_path.dsv
[4.076s] -- Up-to-date symlink: /home/ziczac/dev/skripsi_code/ros2_workspace/install/serial/lib/libserial.a
[4.080s] -- Up-to-date symlink: /home/ziczac/dev/skripsi_code/ros2_workspace/install/serial/include/serial/serial.h
[4.080s] -- Up-to-date symlink: /home/ziczac/dev/skripsi_code/ros2_workspace/install/serial/include/serial/v8stdint.h
[4.081s] -- Up-to-date symlink: /home/ziczac/dev/skripsi_code/ros2_workspace/install/serial/share/ament_index/resource_index/package_run_dependencies/serial
[4.081s] -- Up-to-date symlink: /home/ziczac/dev/skripsi_code/ros2_workspace/install/serial/share/ament_index/resource_index/parent_prefix_path/serial
[4.081s] -- Up-to-date symlink: /home/ziczac/dev/skripsi_code/ros2_workspace/install/serial/share/serial/environment/ament_prefix_path.sh
[4.082s] -- Up-to-date symlink: /home/ziczac/dev/skripsi_code/ros2_workspace/install/serial/share/serial/environment/ament_prefix_path.dsv
[4.083s] -- Up-to-date symlink: /home/ziczac/dev/skripsi_code/ros2_workspace/install/serial/share/serial/environment/path.sh
[4.083s] -- Up-to-date symlink: /home/ziczac/dev/skripsi_code/ros2_workspace/install/serial/share/serial/environment/path.dsv
[4.088s] -- Up-to-date symlink: /home/ziczac/dev/skripsi_code/ros2_workspace/install/serial/share/serial/local_setup.bash
[4.093s] -- Up-to-date symlink: /home/ziczac/dev/skripsi_code/ros2_workspace/install/serial/share/serial/local_setup.sh
[4.094s] -- Up-to-date symlink: /home/ziczac/dev/skripsi_code/ros2_workspace/install/serial/share/serial/local_setup.zsh
[4.094s] -- Up-to-date symlink: /home/ziczac/dev/skripsi_code/ros2_workspace/install/serial/share/serial/local_setup.dsv
[4.095s] -- Symlinking: /home/ziczac/dev/skripsi_code/ros2_workspace/install/serial/share/serial/package.dsv
[4.190s] -- Up-to-date symlink: /home/ziczac/dev/skripsi_code/ros2_workspace/install/serial/share/ament_index/resource_index/packages/serial
[4.193s] -- Up-to-date symlink: /home/ziczac/dev/skripsi_code/ros2_workspace/install/serial/share/serial/cmake/ament_cmake_export_include_directories-extras.cmake
[4.199s] -- Up-to-date symlink: /home/ziczac/dev/skripsi_code/ros2_workspace/install/serial/share/serial/cmake/ament_cmake_export_libraries-extras.cmake
[4.205s] -- Up-to-date symlink: /home/ziczac/dev/skripsi_code/ros2_workspace/install/serial/share/serial/cmake/serialConfig.cmake
[4.207s] -- Up-to-date symlink: /home/ziczac/dev/skripsi_code/ros2_workspace/install/serial/share/serial/cmake/serialConfig-version.cmake
[4.209s] -- Up-to-date symlink: /home/ziczac/dev/skripsi_code/ros2_workspace/install/serial/share/serial/package.xml
[4.224s] Invoked command in '/home/ziczac/dev/skripsi_code/ros2_workspace/build/serial' returned '0': CMAKE_PREFIX_PATH=${CMAKE_PREFIX_PATH}:/home/ziczac/dev/skripsi_code/ros2_workspace/install/motor:/home/ziczac/dev/skripsi_code/ros2_workspace/install/gui:/home/ziczac/dev/skripsi_code/ros2_workspace/install/rosboard:/home/ziczac/dev/skripsi_code/ros2_workspace/install/log_odds_map:/home/ziczac/dev/skripsi_code/ros2_workspace/install/icp_graph_slam:/home/ziczac/dev/skripsi_code/ros2_workspace/install/diff_drive:/opt/ros/humble /usr/bin/cmake --install /home/ziczac/dev/skripsi_code/ros2_workspace/build/serial
