[9.590s] Invoking command in '/home/ziczac/dev/skripsi_code/ros2_workspace/build/diff_drive': PYTHONPATH=/home/ziczac/dev/skripsi_code/ros2_workspace/build/diff_drive/prefix_override:/home/ziczac/dev/skripsi_code/ros2_workspace/install/diff_drive/lib/python3.10/site-packages:${PYTHONPATH} /usr/bin/python3 setup.py develop --editable --build-directory /home/ziczac/dev/skripsi_code/ros2_workspace/build/diff_drive/build --no-deps install_data
[10.583s] /home/ziczac/.local/lib/python3.10/site-packages/setuptools_scm/_integration/setuptools.py:30: RuntimeWarning: 
[10.583s] ERROR: setuptools==58.2.0 is used in combination with setuptools_scm>=8.x
[10.584s] 
[10.584s] Your build configuration is incomplete and previously worked by accident!
[10.584s] setuptools_scm requires setuptools>=61
[10.585s] 
[10.585s] Suggested workaround if applicable:
[10.585s]  - migrating from the deprecated setup_requires mechanism to pep517/518
[10.585s]    and using a pyproject.toml to declare build dependencies
[10.585s]    which are reliably pre-installed before running the build tools
[10.586s] 
[10.586s]   warnings.warn(
[10.724s] running develop
[11.406s] running egg_info
[11.406s] writing diff_drive.egg-info/PKG-INFO
[11.407s] writing dependency_links to diff_drive.egg-info/dependency_links.txt
[11.407s] writing entry points to diff_drive.egg-info/entry_points.txt
[11.408s] writing requirements to diff_drive.egg-info/requires.txt
[11.408s] writing top-level names to diff_drive.egg-info/top_level.txt
[11.560s] [2;36m[04/04/24 13:34:13][0m[2;36m [0m[1;31mERROR   [0m listin ]8;id=260972;file:///home/ziczac/.local/lib/python3.10/site-packages/setuptools_scm/_file_finders/git.py\[2mgit.py[0m]8;;\[2m:[0m]8;id=45281;file:///home/ziczac/.local/lib/python3.10/site-packages/setuptools_scm/_file_finders/git.py#24\[2m24[0m]8;;\
[11.560s] [2;36m                    [0m         g git  [2m         [0m
[11.561s] [2;36m                    [0m         files  [2m         [0m
[11.561s] [2;36m                    [0m         failed [2m         [0m
[11.561s] [2;36m                    [0m         -      [2m         [0m
[11.561s] [2;36m                    [0m         preten [2m         [0m
[11.561s] [2;36m                    [0m         ding   [2m         [0m
[11.562s] [2;36m                    [0m         there  [2m         [0m
[11.562s] [2;36m                    [0m         aren't [2m         [0m
[11.562s] [2;36m                    [0m         any    [2m         [0m
[11.564s] reading manifest file 'diff_drive.egg-info/SOURCES.txt'
[11.566s] writing manifest file 'diff_drive.egg-info/SOURCES.txt'
[11.570s] running build_ext
[11.570s] Creating /home/ziczac/dev/skripsi_code/ros2_workspace/install/diff_drive/lib/python3.10/site-packages/diff-drive.egg-link (link to .)
[11.573s] Installing diff_drive_model script to /home/ziczac/dev/skripsi_code/ros2_workspace/install/diff_drive/lib/diff_drive
[11.573s] 
[11.573s] Installed /home/ziczac/dev/skripsi_code/ros2_workspace/build/diff_drive
[11.574s] running install_data
[13.218s] Invoked command in '/home/ziczac/dev/skripsi_code/ros2_workspace/build/diff_drive' returned '0': PYTHONPATH=/home/ziczac/dev/skripsi_code/ros2_workspace/build/diff_drive/prefix_override:/home/ziczac/dev/skripsi_code/ros2_workspace/install/diff_drive/lib/python3.10/site-packages:${PYTHONPATH} /usr/bin/python3 setup.py develop --editable --build-directory /home/ziczac/dev/skripsi_code/ros2_workspace/build/diff_drive/build --no-deps install_data
