[15.235s] Invoking command in '/home/ziczac/dev/skripsi_code/ros2_workspace/build/rosboard': PYTHONPATH=/home/ziczac/dev/skripsi_code/ros2_workspace/build/rosboard/prefix_override:/home/ziczac/dev/skripsi_code/ros2_workspace/install/rosboard/lib/python3.10/site-packages:${PYTHONPATH} /usr/bin/python3 setup.py develop --editable --build-directory /home/ziczac/dev/skripsi_code/ros2_workspace/build/rosboard/build --no-deps install_data
[16.231s] running develop
[16.231s] /home/ziczac/.local/lib/python3.10/site-packages/setuptools/command/develop.py:40: EasyInstallDeprecationWarning: easy_install command is deprecated.
[16.232s] !!
[16.232s] 
[16.232s]         ********************************************************************************
[16.232s]         Please avoid running ``setup.py`` and ``easy_install``.
[16.232s]         Instead, use pypa/build, pypa/installer or other
[16.232s]         standards-based tools.
[16.233s] 
[16.233s]         See https://github.com/pypa/setuptools/issues/917 for details.
[16.233s]         ********************************************************************************
[16.233s] 
[16.233s] !!
[16.233s]   easy_install.initialize_options(self)
[16.405s] /home/ziczac/.local/lib/python3.10/site-packages/setuptools/_distutils/cmd.py:66: SetuptoolsDeprecationWarning: setup.py install is deprecated.
[16.407s] !!
[16.408s] 
[16.409s]         ********************************************************************************
[16.410s]         Please avoid running ``setup.py`` directly.
[16.410s]         Instead, use pypa/build, pypa/installer or other
[16.411s]         standards-based tools.
[16.412s] 
[16.412s]         See https://blog.ganssle.io/articles/2021/10/setup-py-deprecated.html for details.
[16.413s]         ********************************************************************************
[16.414s] 
[16.414s] !!
[16.415s]   self.initialize_options()
[17.873s] running egg_info
[18.338s] writing rosboard.egg-info/PKG-INFO
[18.350s] writing dependency_links to rosboard.egg-info/dependency_links.txt
[18.355s] writing entry points to rosboard.egg-info/entry_points.txt
[18.357s] writing requirements to rosboard.egg-info/requires.txt
[18.358s] writing top-level names to rosboard.egg-info/top_level.txt
[19.143s] reading manifest file 'rosboard.egg-info/SOURCES.txt'
[19.331s] writing manifest file 'rosboard.egg-info/SOURCES.txt'
[19.817s] running build_ext
[19.823s] Creating /home/ziczac/dev/skripsi_code/ros2_workspace/install/rosboard/lib/python3.10/site-packages/rosboard.egg-link (link to .)
[19.825s] Installing rosboard_node script to /home/ziczac/dev/skripsi_code/ros2_workspace/install/rosboard/lib/rosboard
[19.828s] 
[19.830s] Installed /home/ziczac/dev/skripsi_code/ros2_workspace/build/rosboard
[19.832s] running install_data
[19.833s] copying package.xml -> /home/ziczac/dev/skripsi_code/ros2_workspace/install/rosboard/share/rosboard
[21.855s] Invoked command in '/home/ziczac/dev/skripsi_code/ros2_workspace/build/rosboard' returned '0': PYTHONPATH=/home/ziczac/dev/skripsi_code/ros2_workspace/build/rosboard/prefix_override:/home/ziczac/dev/skripsi_code/ros2_workspace/install/rosboard/lib/python3.10/site-packages:${PYTHONPATH} /usr/bin/python3 setup.py develop --editable --build-directory /home/ziczac/dev/skripsi_code/ros2_workspace/build/rosboard/build --no-deps install_data
