[0.150s] DEBUG:colcon:Command line arguments: ['/usr/bin/colcon', 'build', '--symlink-install', '--packages-select', 'occupancy_grid_map']
[0.150s] DEBUG:colcon:Parsed command line arguments: Namespace(log_base=None, log_level=None, verb_name='build', build_base='build', install_base='install', merge_install=False, symlink_install=True, test_result_base=None, continue_on_error=False, executor='parallel', parallel_workers=8, event_handlers=None, ignore_user_meta=False, metas=['./colcon.meta'], base_paths=['.'], packages_ignore=None, packages_ignore_regex=None, paths=None, packages_up_to=None, packages_up_to_regex=None, packages_above=None, packages_above_and_dependencies=None, packages_above_depth=None, packages_select_by_dep=None, packages_skip_by_dep=None, packages_skip_up_to=None, packages_select_build_failed=False, packages_skip_build_finished=False, packages_select_test_failures=False, packages_skip_test_passed=False, packages_select=['occupancy_grid_map'], packages_skip=None, packages_select_regex=None, packages_skip_regex=None, packages_start=None, packages_end=None, allow_overriding=[], cmake_args=None, cmake_target=None, cmake_target_skip_unavailable=False, cmake_clean_cache=False, cmake_clean_first=False, cmake_force_configure=False, ament_cmake_args=None, catkin_cmake_args=None, catkin_skip_building_tests=False, verb_parser=<colcon_defaults.argument_parser.defaults.DefaultArgumentsDecorator object at 0x7ff25e5a6590>, verb_extension=<colcon_core.verb.build.BuildVerb object at 0x7ff25e5a6050>, main=<bound method BuildVerb.main of <colcon_core.verb.build.BuildVerb object at 0x7ff25e5a6050>>)
[0.537s] Level 1:colcon.colcon_core.package_discovery:discover_packages(colcon_meta) check parameters
[0.537s] Level 1:colcon.colcon_core.package_discovery:discover_packages(recursive) check parameters
[0.537s] Level 1:colcon.colcon_core.package_discovery:discover_packages(ignore) check parameters
[0.537s] Level 1:colcon.colcon_core.package_discovery:discover_packages(path) check parameters
[0.537s] Level 1:colcon.colcon_core.package_discovery:discover_packages(colcon_meta) discover
[0.537s] Level 1:colcon.colcon_core.package_discovery:discover_packages(recursive) discover
[0.537s] INFO:colcon.colcon_core.package_discovery:Crawling recursively for packages in '/home/ziczac/dev/skripsi_code/ros2_workspace'
[0.537s] Level 1:colcon.colcon_core.package_identification:_identify(.) by extensions ['ignore', 'ignore_ament_install']
[0.537s] Level 1:colcon.colcon_core.package_identification:_identify(.) by extension 'ignore'
[0.538s] Level 1:colcon.colcon_core.package_identification:_identify(.) by extension 'ignore_ament_install'
[0.538s] Level 1:colcon.colcon_core.package_identification:_identify(.) by extensions ['colcon_pkg']
[0.538s] Level 1:colcon.colcon_core.package_identification:_identify(.) by extension 'colcon_pkg'
[0.538s] Level 1:colcon.colcon_core.package_identification:_identify(.) by extensions ['colcon_meta']
[0.538s] Level 1:colcon.colcon_core.package_identification:_identify(.) by extension 'colcon_meta'
[0.538s] Level 1:colcon.colcon_core.package_identification:_identify(.) by extensions ['ros']
[0.538s] Level 1:colcon.colcon_core.package_identification:_identify(.) by extension 'ros'
[0.550s] Level 1:colcon.colcon_core.package_identification:_identify(.) by extensions ['cmake', 'python']
[0.551s] Level 1:colcon.colcon_core.package_identification:_identify(.) by extension 'cmake'
[0.551s] Level 1:colcon.colcon_core.package_identification:_identify(.) by extension 'python'
[0.551s] Level 1:colcon.colcon_core.package_identification:_identify(.) by extensions ['python_setup_py']
[0.551s] Level 1:colcon.colcon_core.package_identification:_identify(.) by extension 'python_setup_py'
[0.551s] Level 1:colcon.colcon_core.package_identification:_identify(bag_files) by extensions ['ignore', 'ignore_ament_install']
[0.551s] Level 1:colcon.colcon_core.package_identification:_identify(bag_files) by extension 'ignore'
[0.551s] Level 1:colcon.colcon_core.package_identification:_identify(bag_files) by extension 'ignore_ament_install'
[0.551s] Level 1:colcon.colcon_core.package_identification:_identify(bag_files) by extensions ['colcon_pkg']
[0.551s] Level 1:colcon.colcon_core.package_identification:_identify(bag_files) by extension 'colcon_pkg'
[0.551s] Level 1:colcon.colcon_core.package_identification:_identify(bag_files) by extensions ['colcon_meta']
[0.551s] Level 1:colcon.colcon_core.package_identification:_identify(bag_files) by extension 'colcon_meta'
[0.552s] Level 1:colcon.colcon_core.package_identification:_identify(bag_files) by extensions ['ros']
[0.552s] Level 1:colcon.colcon_core.package_identification:_identify(bag_files) by extension 'ros'
[0.552s] Level 1:colcon.colcon_core.package_identification:_identify(bag_files) by extensions ['cmake', 'python']
[0.552s] Level 1:colcon.colcon_core.package_identification:_identify(bag_files) by extension 'cmake'
[0.552s] Level 1:colcon.colcon_core.package_identification:_identify(bag_files) by extension 'python'
[0.552s] Level 1:colcon.colcon_core.package_identification:_identify(bag_files) by extensions ['python_setup_py']
[0.552s] Level 1:colcon.colcon_core.package_identification:_identify(bag_files) by extension 'python_setup_py'
[0.552s] Level 1:colcon.colcon_core.package_identification:_identify(build) by extensions ['ignore', 'ignore_ament_install']
[0.552s] Level 1:colcon.colcon_core.package_identification:_identify(build) by extension 'ignore'
[0.552s] Level 1:colcon.colcon_core.package_identification:_identify(build) ignored
[0.552s] Level 1:colcon.colcon_core.package_identification:_identify(data_store) by extensions ['ignore', 'ignore_ament_install']
[0.553s] Level 1:colcon.colcon_core.package_identification:_identify(data_store) by extension 'ignore'
[0.553s] Level 1:colcon.colcon_core.package_identification:_identify(data_store) by extension 'ignore_ament_install'
[0.553s] Level 1:colcon.colcon_core.package_identification:_identify(data_store) by extensions ['colcon_pkg']
[0.553s] Level 1:colcon.colcon_core.package_identification:_identify(data_store) by extension 'colcon_pkg'
[0.553s] Level 1:colcon.colcon_core.package_identification:_identify(data_store) by extensions ['colcon_meta']
[0.553s] Level 1:colcon.colcon_core.package_identification:_identify(data_store) by extension 'colcon_meta'
[0.553s] Level 1:colcon.colcon_core.package_identification:_identify(data_store) by extensions ['ros']
[0.553s] Level 1:colcon.colcon_core.package_identification:_identify(data_store) by extension 'ros'
[0.553s] Level 1:colcon.colcon_core.package_identification:_identify(data_store) by extensions ['cmake', 'python']
[0.553s] Level 1:colcon.colcon_core.package_identification:_identify(data_store) by extension 'cmake'
[0.553s] Level 1:colcon.colcon_core.package_identification:_identify(data_store) by extension 'python'
[0.553s] Level 1:colcon.colcon_core.package_identification:_identify(data_store) by extensions ['python_setup_py']
[0.553s] Level 1:colcon.colcon_core.package_identification:_identify(data_store) by extension 'python_setup_py'
[0.553s] Level 1:colcon.colcon_core.package_identification:_identify(install) by extensions ['ignore', 'ignore_ament_install']
[0.554s] Level 1:colcon.colcon_core.package_identification:_identify(install) by extension 'ignore'
[0.554s] Level 1:colcon.colcon_core.package_identification:_identify(install) ignored
[0.554s] Level 1:colcon.colcon_core.package_identification:_identify(log) by extensions ['ignore', 'ignore_ament_install']
[0.554s] Level 1:colcon.colcon_core.package_identification:_identify(log) by extension 'ignore'
[0.554s] Level 1:colcon.colcon_core.package_identification:_identify(log) ignored
[0.554s] Level 1:colcon.colcon_core.package_identification:_identify(src) by extensions ['ignore', 'ignore_ament_install']
[0.554s] Level 1:colcon.colcon_core.package_identification:_identify(src) by extension 'ignore'
[0.554s] Level 1:colcon.colcon_core.package_identification:_identify(src) by extension 'ignore_ament_install'
[0.554s] Level 1:colcon.colcon_core.package_identification:_identify(src) by extensions ['colcon_pkg']
[0.554s] Level 1:colcon.colcon_core.package_identification:_identify(src) by extension 'colcon_pkg'
[0.555s] Level 1:colcon.colcon_core.package_identification:_identify(src) by extensions ['colcon_meta']
[0.555s] Level 1:colcon.colcon_core.package_identification:_identify(src) by extension 'colcon_meta'
[0.555s] Level 1:colcon.colcon_core.package_identification:_identify(src) by extensions ['ros']
[0.555s] Level 1:colcon.colcon_core.package_identification:_identify(src) by extension 'ros'
[0.555s] Level 1:colcon.colcon_core.package_identification:_identify(src) by extensions ['cmake', 'python']
[0.555s] Level 1:colcon.colcon_core.package_identification:_identify(src) by extension 'cmake'
[0.555s] Level 1:colcon.colcon_core.package_identification:_identify(src) by extension 'python'
[0.555s] Level 1:colcon.colcon_core.package_identification:_identify(src) by extensions ['python_setup_py']
[0.555s] Level 1:colcon.colcon_core.package_identification:_identify(src) by extension 'python_setup_py'
[0.555s] Level 1:colcon.colcon_core.package_identification:_identify(src/Lslidar_ROS2_driver) by extensions ['ignore', 'ignore_ament_install']
[0.555s] Level 1:colcon.colcon_core.package_identification:_identify(src/Lslidar_ROS2_driver) by extension 'ignore'
[0.555s] Level 1:colcon.colcon_core.package_identification:_identify(src/Lslidar_ROS2_driver) by extension 'ignore_ament_install'
[0.555s] Level 1:colcon.colcon_core.package_identification:_identify(src/Lslidar_ROS2_driver) by extensions ['colcon_pkg']
[0.555s] Level 1:colcon.colcon_core.package_identification:_identify(src/Lslidar_ROS2_driver) by extension 'colcon_pkg'
[0.556s] Level 1:colcon.colcon_core.package_identification:_identify(src/Lslidar_ROS2_driver) by extensions ['colcon_meta']
[0.556s] Level 1:colcon.colcon_core.package_identification:_identify(src/Lslidar_ROS2_driver) by extension 'colcon_meta'
[0.556s] Level 1:colcon.colcon_core.package_identification:_identify(src/Lslidar_ROS2_driver) by extensions ['ros']
[0.556s] Level 1:colcon.colcon_core.package_identification:_identify(src/Lslidar_ROS2_driver) by extension 'ros'
[0.556s] Level 1:colcon.colcon_core.package_identification:_identify(src/Lslidar_ROS2_driver) by extensions ['cmake', 'python']
[0.556s] Level 1:colcon.colcon_core.package_identification:_identify(src/Lslidar_ROS2_driver) by extension 'cmake'
[0.556s] Level 1:colcon.colcon_core.package_identification:_identify(src/Lslidar_ROS2_driver) by extension 'python'
[0.556s] Level 1:colcon.colcon_core.package_identification:_identify(src/Lslidar_ROS2_driver) by extensions ['python_setup_py']
[0.556s] Level 1:colcon.colcon_core.package_identification:_identify(src/Lslidar_ROS2_driver) by extension 'python_setup_py'
[0.556s] Level 1:colcon.colcon_core.package_identification:_identify(src/Lslidar_ROS2_driver/lslidar_driver) by extensions ['ignore', 'ignore_ament_install']
[0.556s] Level 1:colcon.colcon_core.package_identification:_identify(src/Lslidar_ROS2_driver/lslidar_driver) by extension 'ignore'
[0.556s] Level 1:colcon.colcon_core.package_identification:_identify(src/Lslidar_ROS2_driver/lslidar_driver) by extension 'ignore_ament_install'
[0.556s] Level 1:colcon.colcon_core.package_identification:_identify(src/Lslidar_ROS2_driver/lslidar_driver) by extensions ['colcon_pkg']
[0.556s] Level 1:colcon.colcon_core.package_identification:_identify(src/Lslidar_ROS2_driver/lslidar_driver) by extension 'colcon_pkg'
[0.556s] Level 1:colcon.colcon_core.package_identification:_identify(src/Lslidar_ROS2_driver/lslidar_driver) by extensions ['colcon_meta']
[0.557s] Level 1:colcon.colcon_core.package_identification:_identify(src/Lslidar_ROS2_driver/lslidar_driver) by extension 'colcon_meta'
[0.557s] Level 1:colcon.colcon_core.package_identification:_identify(src/Lslidar_ROS2_driver/lslidar_driver) by extensions ['ros']
[0.557s] Level 1:colcon.colcon_core.package_identification:_identify(src/Lslidar_ROS2_driver/lslidar_driver) by extension 'ros'
[0.560s] DEBUG:colcon.colcon_core.package_identification:Package 'src/Lslidar_ROS2_driver/lslidar_driver' with type 'ros.ament_cmake' and name 'lslidar_driver'
[0.560s] Level 1:colcon.colcon_core.package_identification:_identify(src/Lslidar_ROS2_driver/lslidar_msgs) by extensions ['ignore', 'ignore_ament_install']
[0.560s] Level 1:colcon.colcon_core.package_identification:_identify(src/Lslidar_ROS2_driver/lslidar_msgs) by extension 'ignore'
[0.560s] Level 1:colcon.colcon_core.package_identification:_identify(src/Lslidar_ROS2_driver/lslidar_msgs) by extension 'ignore_ament_install'
[0.561s] Level 1:colcon.colcon_core.package_identification:_identify(src/Lslidar_ROS2_driver/lslidar_msgs) by extensions ['colcon_pkg']
[0.561s] Level 1:colcon.colcon_core.package_identification:_identify(src/Lslidar_ROS2_driver/lslidar_msgs) by extension 'colcon_pkg'
[0.561s] Level 1:colcon.colcon_core.package_identification:_identify(src/Lslidar_ROS2_driver/lslidar_msgs) by extensions ['colcon_meta']
[0.561s] Level 1:colcon.colcon_core.package_identification:_identify(src/Lslidar_ROS2_driver/lslidar_msgs) by extension 'colcon_meta'
[0.561s] Level 1:colcon.colcon_core.package_identification:_identify(src/Lslidar_ROS2_driver/lslidar_msgs) by extensions ['ros']
[0.561s] Level 1:colcon.colcon_core.package_identification:_identify(src/Lslidar_ROS2_driver/lslidar_msgs) by extension 'ros'
[0.562s] DEBUG:colcon.colcon_core.package_identification:Package 'src/Lslidar_ROS2_driver/lslidar_msgs' with type 'ros.ament_cmake' and name 'lslidar_msgs'
[0.562s] Level 1:colcon.colcon_core.package_identification:_identify(src/diff_drive) by extensions ['ignore', 'ignore_ament_install']
[0.562s] Level 1:colcon.colcon_core.package_identification:_identify(src/diff_drive) by extension 'ignore'
[0.562s] Level 1:colcon.colcon_core.package_identification:_identify(src/diff_drive) by extension 'ignore_ament_install'
[0.562s] Level 1:colcon.colcon_core.package_identification:_identify(src/diff_drive) by extensions ['colcon_pkg']
[0.562s] Level 1:colcon.colcon_core.package_identification:_identify(src/diff_drive) by extension 'colcon_pkg'
[0.562s] Level 1:colcon.colcon_core.package_identification:_identify(src/diff_drive) by extensions ['colcon_meta']
[0.562s] Level 1:colcon.colcon_core.package_identification:_identify(src/diff_drive) by extension 'colcon_meta'
[0.562s] Level 1:colcon.colcon_core.package_identification:_identify(src/diff_drive) by extensions ['ros']
[0.562s] Level 1:colcon.colcon_core.package_identification:_identify(src/diff_drive) by extension 'ros'
[0.563s] DEBUG:colcon.colcon_core.package_identification:Package 'src/diff_drive' with type 'ros.ament_python' and name 'diff_drive'
[0.563s] Level 1:colcon.colcon_core.package_identification:_identify(src/gui) by extensions ['ignore', 'ignore_ament_install']
[0.563s] Level 1:colcon.colcon_core.package_identification:_identify(src/gui) by extension 'ignore'
[0.563s] Level 1:colcon.colcon_core.package_identification:_identify(src/gui) by extension 'ignore_ament_install'
[0.563s] Level 1:colcon.colcon_core.package_identification:_identify(src/gui) by extensions ['colcon_pkg']
[0.563s] Level 1:colcon.colcon_core.package_identification:_identify(src/gui) by extension 'colcon_pkg'
[0.563s] Level 1:colcon.colcon_core.package_identification:_identify(src/gui) by extensions ['colcon_meta']
[0.564s] Level 1:colcon.colcon_core.package_identification:_identify(src/gui) by extension 'colcon_meta'
[0.564s] Level 1:colcon.colcon_core.package_identification:_identify(src/gui) by extensions ['ros']
[0.564s] Level 1:colcon.colcon_core.package_identification:_identify(src/gui) by extension 'ros'
[0.564s] DEBUG:colcon.colcon_core.package_identification:Package 'src/gui' with type 'ros.ament_python' and name 'gui'
[0.565s] Level 1:colcon.colcon_core.package_identification:_identify(src/log_odds_map) by extensions ['ignore', 'ignore_ament_install']
[0.565s] Level 1:colcon.colcon_core.package_identification:_identify(src/log_odds_map) by extension 'ignore'
[0.565s] Level 1:colcon.colcon_core.package_identification:_identify(src/log_odds_map) by extension 'ignore_ament_install'
[0.565s] Level 1:colcon.colcon_core.package_identification:_identify(src/log_odds_map) by extensions ['colcon_pkg']
[0.565s] Level 1:colcon.colcon_core.package_identification:_identify(src/log_odds_map) by extension 'colcon_pkg'
[0.565s] Level 1:colcon.colcon_core.package_identification:_identify(src/log_odds_map) by extensions ['colcon_meta']
[0.565s] Level 1:colcon.colcon_core.package_identification:_identify(src/log_odds_map) by extension 'colcon_meta'
[0.565s] Level 1:colcon.colcon_core.package_identification:_identify(src/log_odds_map) by extensions ['ros']
[0.565s] Level 1:colcon.colcon_core.package_identification:_identify(src/log_odds_map) by extension 'ros'
[0.566s] DEBUG:colcon.colcon_core.package_identification:Package 'src/log_odds_map' with type 'ros.ament_python' and name 'log_odds_map'
[0.566s] Level 1:colcon.colcon_core.package_identification:_identify(src/motor) by extensions ['ignore', 'ignore_ament_install']
[0.566s] Level 1:colcon.colcon_core.package_identification:_identify(src/motor) by extension 'ignore'
[0.566s] Level 1:colcon.colcon_core.package_identification:_identify(src/motor) by extension 'ignore_ament_install'
[0.566s] Level 1:colcon.colcon_core.package_identification:_identify(src/motor) by extensions ['colcon_pkg']
[0.566s] Level 1:colcon.colcon_core.package_identification:_identify(src/motor) by extension 'colcon_pkg'
[0.567s] Level 1:colcon.colcon_core.package_identification:_identify(src/motor) by extensions ['colcon_meta']
[0.567s] Level 1:colcon.colcon_core.package_identification:_identify(src/motor) by extension 'colcon_meta'
[0.567s] Level 1:colcon.colcon_core.package_identification:_identify(src/motor) by extensions ['ros']
[0.567s] Level 1:colcon.colcon_core.package_identification:_identify(src/motor) by extension 'ros'
[0.567s] DEBUG:colcon.colcon_core.package_identification:Package 'src/motor' with type 'ros.ament_python' and name 'motor'
[0.568s] Level 1:colcon.colcon_core.package_identification:_identify(src/my_bot) by extensions ['ignore', 'ignore_ament_install']
[0.568s] Level 1:colcon.colcon_core.package_identification:_identify(src/my_bot) by extension 'ignore'
[0.568s] Level 1:colcon.colcon_core.package_identification:_identify(src/my_bot) by extension 'ignore_ament_install'
[0.568s] Level 1:colcon.colcon_core.package_identification:_identify(src/my_bot) by extensions ['colcon_pkg']
[0.568s] Level 1:colcon.colcon_core.package_identification:_identify(src/my_bot) by extension 'colcon_pkg'
[0.568s] Level 1:colcon.colcon_core.package_identification:_identify(src/my_bot) by extensions ['colcon_meta']
[0.568s] Level 1:colcon.colcon_core.package_identification:_identify(src/my_bot) by extension 'colcon_meta'
[0.568s] Level 1:colcon.colcon_core.package_identification:_identify(src/my_bot) by extensions ['ros']
[0.568s] Level 1:colcon.colcon_core.package_identification:_identify(src/my_bot) by extension 'ros'
[0.569s] DEBUG:colcon.colcon_core.package_identification:Package 'src/my_bot' with type 'ros.ament_cmake' and name 'my_bot'
[0.569s] Level 1:colcon.colcon_core.package_identification:_identify(src/ros2_occupancy_grid_map) by extensions ['ignore', 'ignore_ament_install']
[0.570s] Level 1:colcon.colcon_core.package_identification:_identify(src/ros2_occupancy_grid_map) by extension 'ignore'
[0.571s] Level 1:colcon.colcon_core.package_identification:_identify(src/ros2_occupancy_grid_map) by extension 'ignore_ament_install'
[0.571s] Level 1:colcon.colcon_core.package_identification:_identify(src/ros2_occupancy_grid_map) by extensions ['colcon_pkg']
[0.571s] Level 1:colcon.colcon_core.package_identification:_identify(src/ros2_occupancy_grid_map) by extension 'colcon_pkg'
[0.571s] Level 1:colcon.colcon_core.package_identification:_identify(src/ros2_occupancy_grid_map) by extensions ['colcon_meta']
[0.571s] Level 1:colcon.colcon_core.package_identification:_identify(src/ros2_occupancy_grid_map) by extension 'colcon_meta'
[0.571s] Level 1:colcon.colcon_core.package_identification:_identify(src/ros2_occupancy_grid_map) by extensions ['ros']
[0.571s] Level 1:colcon.colcon_core.package_identification:_identify(src/ros2_occupancy_grid_map) by extension 'ros'
[0.573s] DEBUG:colcon.colcon_core.package_identification:Package 'src/ros2_occupancy_grid_map' with type 'ros.ament_cmake' and name 'occupancy_grid_map'
[0.573s] Level 1:colcon.colcon_core.package_identification:_identify(src/rosboard) by extensions ['ignore', 'ignore_ament_install']
[0.573s] Level 1:colcon.colcon_core.package_identification:_identify(src/rosboard) by extension 'ignore'
[0.573s] Level 1:colcon.colcon_core.package_identification:_identify(src/rosboard) by extension 'ignore_ament_install'
[0.573s] Level 1:colcon.colcon_core.package_identification:_identify(src/rosboard) by extensions ['colcon_pkg']
[0.574s] Level 1:colcon.colcon_core.package_identification:_identify(src/rosboard) by extension 'colcon_pkg'
[0.574s] Level 1:colcon.colcon_core.package_identification:_identify(src/rosboard) by extensions ['colcon_meta']
[0.574s] Level 1:colcon.colcon_core.package_identification:_identify(src/rosboard) by extension 'colcon_meta'
[0.574s] Level 1:colcon.colcon_core.package_identification:_identify(src/rosboard) by extensions ['ros']
[0.574s] Level 1:colcon.colcon_core.package_identification:_identify(src/rosboard) by extension 'ros'
[0.577s] DEBUG:colcon.colcon_core.package_identification:Package 'src/rosboard' with type 'ros.ament_python' and name 'rosboard'
[0.577s] Level 1:colcon.colcon_core.package_identification:_identify(src/wheel_interfaces) by extensions ['ignore', 'ignore_ament_install']
[0.578s] Level 1:colcon.colcon_core.package_identification:_identify(src/wheel_interfaces) by extension 'ignore'
[0.578s] Level 1:colcon.colcon_core.package_identification:_identify(src/wheel_interfaces) by extension 'ignore_ament_install'
[0.578s] Level 1:colcon.colcon_core.package_identification:_identify(src/wheel_interfaces) by extensions ['colcon_pkg']
[0.578s] Level 1:colcon.colcon_core.package_identification:_identify(src/wheel_interfaces) by extension 'colcon_pkg'
[0.578s] Level 1:colcon.colcon_core.package_identification:_identify(src/wheel_interfaces) by extensions ['colcon_meta']
[0.578s] Level 1:colcon.colcon_core.package_identification:_identify(src/wheel_interfaces) by extension 'colcon_meta'
[0.578s] Level 1:colcon.colcon_core.package_identification:_identify(src/wheel_interfaces) by extensions ['ros']
[0.578s] Level 1:colcon.colcon_core.package_identification:_identify(src/wheel_interfaces) by extension 'ros'
[0.579s] DEBUG:colcon.colcon_core.package_identification:Package 'src/wheel_interfaces' with type 'ros.ament_cmake' and name 'wheel_interfaces'
[0.579s] Level 1:colcon.colcon_core.package_discovery:discover_packages(recursive) using defaults
[0.579s] Level 1:colcon.colcon_core.package_discovery:discover_packages(ignore) discover
[0.579s] Level 1:colcon.colcon_core.package_discovery:discover_packages(ignore) using defaults
[0.579s] Level 1:colcon.colcon_core.package_discovery:discover_packages(path) discover
[0.579s] Level 1:colcon.colcon_core.package_discovery:discover_packages(path) using defaults
[0.603s] INFO:colcon.colcon_core.package_selection:Skipping not selected package 'diff_drive' in 'src/diff_drive'
[0.603s] INFO:colcon.colcon_core.package_selection:Skipping not selected package 'log_odds_map' in 'src/log_odds_map'
[0.603s] INFO:colcon.colcon_core.package_selection:Skipping not selected package 'lslidar_msgs' in 'src/Lslidar_ROS2_driver/lslidar_msgs'
[0.603s] INFO:colcon.colcon_core.package_selection:Skipping not selected package 'my_bot' in 'src/my_bot'
[0.603s] INFO:colcon.colcon_core.package_selection:Skipping not selected package 'rosboard' in 'src/rosboard'
[0.604s] INFO:colcon.colcon_core.package_selection:Skipping not selected package 'wheel_interfaces' in 'src/wheel_interfaces'
[0.604s] INFO:colcon.colcon_core.package_selection:Skipping not selected package 'gui' in 'src/gui'
[0.604s] INFO:colcon.colcon_core.package_selection:Skipping not selected package 'lslidar_driver' in 'src/Lslidar_ROS2_driver/lslidar_driver'
[0.604s] INFO:colcon.colcon_core.package_selection:Skipping not selected package 'motor' in 'src/motor'
[0.604s] Level 1:colcon.colcon_core.package_discovery:discover_packages(prefix_path) check parameters
[0.604s] Level 1:colcon.colcon_core.package_discovery:discover_packages(prefix_path) discover
[0.607s] DEBUG:colcon.colcon_installed_package_information.package_discovery:Found 12 installed packages in /home/ziczac/dev/skripsi_code/ros2_workspace/install
[0.609s] DEBUG:colcon.colcon_installed_package_information.package_discovery:Found 315 installed packages in /opt/ros/humble
[0.612s] Level 1:colcon.colcon_core.package_discovery:discover_packages(prefix_path) using defaults
[0.667s] Level 5:colcon.colcon_core.verb:set package 'occupancy_grid_map' build argument 'cmake_args' from command line to 'None'
[0.667s] Level 5:colcon.colcon_core.verb:set package 'occupancy_grid_map' build argument 'cmake_target' from command line to 'None'
[0.667s] Level 5:colcon.colcon_core.verb:set package 'occupancy_grid_map' build argument 'cmake_target_skip_unavailable' from command line to 'False'
[0.667s] Level 5:colcon.colcon_core.verb:set package 'occupancy_grid_map' build argument 'cmake_clean_cache' from command line to 'False'
[0.667s] Level 5:colcon.colcon_core.verb:set package 'occupancy_grid_map' build argument 'cmake_clean_first' from command line to 'False'
[0.667s] Level 5:colcon.colcon_core.verb:set package 'occupancy_grid_map' build argument 'cmake_force_configure' from command line to 'False'
[0.667s] Level 5:colcon.colcon_core.verb:set package 'occupancy_grid_map' build argument 'ament_cmake_args' from command line to 'None'
[0.667s] Level 5:colcon.colcon_core.verb:set package 'occupancy_grid_map' build argument 'catkin_cmake_args' from command line to 'None'
[0.667s] Level 5:colcon.colcon_core.verb:set package 'occupancy_grid_map' build argument 'catkin_skip_building_tests' from command line to 'False'
[0.667s] DEBUG:colcon.colcon_core.verb:Building package 'occupancy_grid_map' with the following arguments: {'ament_cmake_args': None, 'build_base': '/home/ziczac/dev/skripsi_code/ros2_workspace/build/occupancy_grid_map', 'catkin_cmake_args': None, 'catkin_skip_building_tests': False, 'cmake_args': None, 'cmake_clean_cache': False, 'cmake_clean_first': False, 'cmake_force_configure': False, 'cmake_target': None, 'cmake_target_skip_unavailable': False, 'install_base': '/home/ziczac/dev/skripsi_code/ros2_workspace/install/occupancy_grid_map', 'merge_install': False, 'path': '/home/ziczac/dev/skripsi_code/ros2_workspace/src/ros2_occupancy_grid_map', 'symlink_install': True, 'test_result_base': None}
[0.667s] INFO:colcon.colcon_core.executor:Executing jobs using 'parallel' executor
[0.669s] DEBUG:colcon.colcon_parallel_executor.executor.parallel:run_until_complete
[0.669s] INFO:colcon.colcon_ros.task.ament_cmake.build:Building ROS package in '/home/ziczac/dev/skripsi_code/ros2_workspace/src/ros2_occupancy_grid_map' with build type 'ament_cmake'
[0.669s] INFO:colcon.colcon_cmake.task.cmake.build:Building CMake package in '/home/ziczac/dev/skripsi_code/ros2_workspace/src/ros2_occupancy_grid_map'
[0.674s] INFO:colcon.colcon_core.plugin_system:Skipping extension 'colcon_core.shell.bat': Not used on non-Windows systems
[0.675s] INFO:colcon.colcon_core.shell:Skip shell extension 'powershell' for command environment: Not usable outside of PowerShell
[0.675s] DEBUG:colcon.colcon_core.shell:Skip shell extension 'dsv' for command environment
[0.695s] DEBUG:colcon.colcon_core.event_handler.log_command:Invoking command in '/home/ziczac/dev/skripsi_code/ros2_workspace/build/occupancy_grid_map': CMAKE_PREFIX_PATH=${CMAKE_PREFIX_PATH}:/home/ziczac/dev/skripsi_code/ros2_workspace/install/motor:/home/ziczac/dev/skripsi_code/ros2_workspace/install/gui:/home/ziczac/dev/skripsi_code/ros2_workspace/install/rosboard:/home/ziczac/dev/skripsi_code/ros2_workspace/install/log_odds_map:/home/ziczac/dev/skripsi_code/ros2_workspace/install/diff_drive:/opt/ros/humble /usr/bin/cmake --build /home/ziczac/dev/skripsi_code/ros2_workspace/build/occupancy_grid_map -- -j8 -l8
[14.376s] DEBUG:colcon.colcon_core.event_handler.log_command:Invoked command in '/home/ziczac/dev/skripsi_code/ros2_workspace/build/occupancy_grid_map' returned '2': CMAKE_PREFIX_PATH=${CMAKE_PREFIX_PATH}:/home/ziczac/dev/skripsi_code/ros2_workspace/install/motor:/home/ziczac/dev/skripsi_code/ros2_workspace/install/gui:/home/ziczac/dev/skripsi_code/ros2_workspace/install/rosboard:/home/ziczac/dev/skripsi_code/ros2_workspace/install/log_odds_map:/home/ziczac/dev/skripsi_code/ros2_workspace/install/diff_drive:/opt/ros/humble /usr/bin/cmake --build /home/ziczac/dev/skripsi_code/ros2_workspace/build/occupancy_grid_map -- -j8 -l8
[14.432s] Level 1:colcon.colcon_core.environment:create_environment_scripts_only(occupancy_grid_map)
[14.436s] Level 1:colcon.colcon_core.environment:checking '/home/ziczac/dev/skripsi_code/ros2_workspace/install/occupancy_grid_map' for CMake module files
[14.437s] Level 1:colcon.colcon_core.environment:checking '/home/ziczac/dev/skripsi_code/ros2_workspace/install/occupancy_grid_map' for CMake config files
[14.438s] Level 1:colcon.colcon_core.shell:create_environment_hook('occupancy_grid_map', 'cmake_prefix_path')
[14.438s] INFO:colcon.colcon_core.shell:Creating environment hook '/home/ziczac/dev/skripsi_code/ros2_workspace/install/occupancy_grid_map/share/occupancy_grid_map/hook/cmake_prefix_path.ps1'
[14.439s] INFO:colcon.colcon_core.shell:Creating environment descriptor '/home/ziczac/dev/skripsi_code/ros2_workspace/install/occupancy_grid_map/share/occupancy_grid_map/hook/cmake_prefix_path.dsv'
[14.440s] INFO:colcon.colcon_core.shell:Creating environment hook '/home/ziczac/dev/skripsi_code/ros2_workspace/install/occupancy_grid_map/share/occupancy_grid_map/hook/cmake_prefix_path.sh'
[14.441s] Level 1:colcon.colcon_core.environment:checking '/home/ziczac/dev/skripsi_code/ros2_workspace/install/occupancy_grid_map/lib'
[14.441s] Level 1:colcon.colcon_core.environment:checking '/home/ziczac/dev/skripsi_code/ros2_workspace/install/occupancy_grid_map/bin'
[14.442s] Level 1:colcon.colcon_core.environment:checking '/home/ziczac/dev/skripsi_code/ros2_workspace/install/occupancy_grid_map/lib/pkgconfig/occupancy_grid_map.pc'
[14.442s] Level 1:colcon.colcon_core.environment:checking '/home/ziczac/dev/skripsi_code/ros2_workspace/install/occupancy_grid_map/lib/python3.10/site-packages'
[14.442s] Level 1:colcon.colcon_core.environment:checking '/home/ziczac/dev/skripsi_code/ros2_workspace/install/occupancy_grid_map/bin'
[14.443s] INFO:colcon.colcon_core.shell:Creating package script '/home/ziczac/dev/skripsi_code/ros2_workspace/install/occupancy_grid_map/share/occupancy_grid_map/package.ps1'
[14.444s] INFO:colcon.colcon_core.shell:Creating package descriptor '/home/ziczac/dev/skripsi_code/ros2_workspace/install/occupancy_grid_map/share/occupancy_grid_map/package.dsv'
[14.444s] INFO:colcon.colcon_core.shell:Creating package script '/home/ziczac/dev/skripsi_code/ros2_workspace/install/occupancy_grid_map/share/occupancy_grid_map/package.sh'
[14.445s] INFO:colcon.colcon_core.shell:Creating package script '/home/ziczac/dev/skripsi_code/ros2_workspace/install/occupancy_grid_map/share/occupancy_grid_map/package.bash'
[14.446s] INFO:colcon.colcon_core.shell:Creating package script '/home/ziczac/dev/skripsi_code/ros2_workspace/install/occupancy_grid_map/share/occupancy_grid_map/package.zsh'
[14.447s] Level 1:colcon.colcon_core.environment:create_file_with_runtime_dependencies(/home/ziczac/dev/skripsi_code/ros2_workspace/install/occupancy_grid_map/share/colcon-core/packages/occupancy_grid_map)
[14.458s] DEBUG:colcon.colcon_parallel_executor.executor.parallel:closing loop
[14.458s] DEBUG:colcon.colcon_parallel_executor.executor.parallel:loop closed
[14.458s] DEBUG:colcon.colcon_parallel_executor.executor.parallel:run_until_complete finished with '2'
[14.458s] DEBUG:colcon.colcon_core.event_reactor:joining thread
[14.484s] INFO:colcon.colcon_core.plugin_system:Skipping extension 'colcon_notification.desktop_notification.terminal_notifier': Not used on non-Darwin systems
[14.484s] INFO:colcon.colcon_core.plugin_system:Skipping extension 'colcon_notification.desktop_notification.win32': Not used on non-Windows systems
[14.484s] INFO:colcon.colcon_notification.desktop_notification:Sending desktop notification using 'notify2'
[14.499s] DEBUG:colcon.colcon_core.event_reactor:joined thread
[14.499s] INFO:colcon.colcon_core.shell:Creating prefix script '/home/ziczac/dev/skripsi_code/ros2_workspace/install/local_setup.ps1'
[14.500s] INFO:colcon.colcon_core.shell:Creating prefix util module '/home/ziczac/dev/skripsi_code/ros2_workspace/install/_local_setup_util_ps1.py'
[14.502s] INFO:colcon.colcon_core.shell:Creating prefix chain script '/home/ziczac/dev/skripsi_code/ros2_workspace/install/setup.ps1'
[14.505s] INFO:colcon.colcon_core.shell:Creating prefix script '/home/ziczac/dev/skripsi_code/ros2_workspace/install/local_setup.sh'
[14.506s] INFO:colcon.colcon_core.shell:Creating prefix util module '/home/ziczac/dev/skripsi_code/ros2_workspace/install/_local_setup_util_sh.py'
[14.507s] INFO:colcon.colcon_core.shell:Creating prefix chain script '/home/ziczac/dev/skripsi_code/ros2_workspace/install/setup.sh'
[14.510s] INFO:colcon.colcon_core.shell:Creating prefix script '/home/ziczac/dev/skripsi_code/ros2_workspace/install/local_setup.bash'
[14.511s] INFO:colcon.colcon_core.shell:Creating prefix chain script '/home/ziczac/dev/skripsi_code/ros2_workspace/install/setup.bash'
[14.513s] INFO:colcon.colcon_core.shell:Creating prefix script '/home/ziczac/dev/skripsi_code/ros2_workspace/install/local_setup.zsh'
[14.514s] INFO:colcon.colcon_core.shell:Creating prefix chain script '/home/ziczac/dev/skripsi_code/ros2_workspace/install/setup.zsh'
