running develop
running egg_info
/home/ziczac/.local/lib/python3.10/site-packages/setuptools/command/develop.py:40: EasyInstallDeprecationWarning: easy_install command is deprecated.
!!

        ********************************************************************************
        Please avoid running ``setup.py`` and ``easy_install``.
        Instead, use pypa/build, pypa/installer or other
        standards-based tools.

        See https://github.com/pypa/setuptools/issues/917 for details.
        ********************************************************************************

!!
  easy_install.initialize_options(self)
/home/ziczac/.local/lib/python3.10/site-packages/setuptools/_distutils/cmd.py:66: SetuptoolsDeprecationWarning: setup.py install is deprecated.
!!

        ********************************************************************************
        Please avoid running ``setup.py`` directly.
        Instead, use pypa/build, pypa/installer or other
        standards-based tools.

        See https://blog.ganssle.io/articles/2021/10/setup-py-deprecated.html for details.
        ********************************************************************************

!!
  self.initialize_options()
writing log_odds_map.egg-info/PKG-INFO
writing dependency_links to log_odds_map.egg-info/dependency_links.txt
writing entry points to log_odds_map.egg-info/entry_points.txt
writing requirements to log_odds_map.egg-info/requires.txt
writing top-level names to log_odds_map.egg-info/top_level.txt
reading manifest file 'log_odds_map.egg-info/SOURCES.txt'
writing manifest file 'log_odds_map.egg-info/SOURCES.txt'
running build_ext
Creating /home/ziczac/dev/skripsi_code/ros2_workspace/install/log_odds_map/lib/python3.10/site-packages/log-odds-map.egg-link (link to .)
Installing occ_map script to /home/ziczac/dev/skripsi_code/ros2_workspace/install/log_odds_map/lib/log_odds_map

Installed /home/ziczac/dev/skripsi_code/ros2_workspace/build/log_odds_map
running install_data
copying resource/log_odds_map -> /home/ziczac/dev/skripsi_code/ros2_workspace/install/log_odds_map/share/ament_index/resource_index/packages
copying package.xml -> /home/ziczac/dev/skripsi_code/ros2_workspace/install/log_odds_map/share/log_odds_map
