running develop
Removing /home/ziczac/dev/skripsi_code/ros2_workspace/install/gui/lib/python3.10/site-packages/gui.egg-link (link to .)
running egg_info
writing ../../build/gui/gui.egg-info/PKG-INFO
writing dependency_links to ../../build/gui/gui.egg-info/dependency_links.txt
writing entry points to ../../build/gui/gui.egg-info/entry_points.txt
writing requirements to ../../build/gui/gui.egg-info/requires.txt
writing top-level names to ../../build/gui/gui.egg-info/top_level.txt
reading manifest file '../../build/gui/gui.egg-info/SOURCES.txt'
writing manifest file '../../build/gui/gui.egg-info/SOURCES.txt'
running build
running build_py
copying gui/gradio_gui.py -> /home/ziczac/dev/skripsi_code/ros2_workspace/build/gui/build/lib/gui
running install
running install_lib
creating /home/ziczac/dev/skripsi_code/ros2_workspace/install/gui/lib/python3.10/site-packages/gui
copying /home/ziczac/dev/skripsi_code/ros2_workspace/build/gui/build/lib/gui/gradio_gui.py -> /home/ziczac/dev/skripsi_code/ros2_workspace/install/gui/lib/python3.10/site-packages/gui
copying /home/ziczac/dev/skripsi_code/ros2_workspace/build/gui/build/lib/gui/__init__.py -> /home/ziczac/dev/skripsi_code/ros2_workspace/install/gui/lib/python3.10/site-packages/gui
byte-compiling /home/ziczac/dev/skripsi_code/ros2_workspace/install/gui/lib/python3.10/site-packages/gui/gradio_gui.py to gradio_gui.cpython-310.pyc
byte-compiling /home/ziczac/dev/skripsi_code/ros2_workspace/install/gui/lib/python3.10/site-packages/gui/__init__.py to __init__.cpython-310.pyc
running install_data
running install_egg_info
Copying ../../build/gui/gui.egg-info to /home/ziczac/dev/skripsi_code/ros2_workspace/install/gui/lib/python3.10/site-packages/gui-0.0.0-py3.10.egg-info
running install_scripts
Installing gui_control script to /home/ziczac/dev/skripsi_code/ros2_workspace/install/gui/lib/gui
writing list of installed files to '/home/ziczac/dev/skripsi_code/ros2_workspace/build/gui/install.log'
