running develop
running egg_info
writing ../../build/icp_graph_slam/icp_graph_slam.egg-info/PKG-INFO
writing dependency_links to ../../build/icp_graph_slam/icp_graph_slam.egg-info/dependency_links.txt
writing entry points to ../../build/icp_graph_slam/icp_graph_slam.egg-info/entry_points.txt
writing requirements to ../../build/icp_graph_slam/icp_graph_slam.egg-info/requires.txt
writing top-level names to ../../build/icp_graph_slam/icp_graph_slam.egg-info/top_level.txt
reading manifest file '../../build/icp_graph_slam/icp_graph_slam.egg-info/SOURCES.txt'
writing manifest file '../../build/icp_graph_slam/icp_graph_slam.egg-info/SOURCES.txt'
running build
running build_py
creating /home/ziczac/dev/skripsi_code/ROS2-PLICP-POSE-GRAPH/build/icp_graph_slam/build
creating /home/ziczac/dev/skripsi_code/ROS2-PLICP-POSE-GRAPH/build/icp_graph_slam/build/lib
creating /home/ziczac/dev/skripsi_code/ROS2-PLICP-POSE-GRAPH/build/icp_graph_slam/build/lib/icp_graph_slam
copying icp_graph_slam/lidar_maping.py -> /home/ziczac/dev/skripsi_code/ROS2-PLICP-POSE-GRAPH/build/icp_graph_slam/build/lib/icp_graph_slam
copying icp_graph_slam/plicp.py -> /home/ziczac/dev/skripsi_code/ROS2-PLICP-POSE-GRAPH/build/icp_graph_slam/build/lib/icp_graph_slam
copying icp_graph_slam/__init__.py -> /home/ziczac/dev/skripsi_code/ROS2-PLICP-POSE-GRAPH/build/icp_graph_slam/build/lib/icp_graph_slam
copying icp_graph_slam/pose_graph.py -> /home/ziczac/dev/skripsi_code/ROS2-PLICP-POSE-GRAPH/build/icp_graph_slam/build/lib/icp_graph_slam
copying icp_graph_slam/kalman_icp_cov.py -> /home/ziczac/dev/skripsi_code/ROS2-PLICP-POSE-GRAPH/build/icp_graph_slam/build/lib/icp_graph_slam
copying icp_graph_slam/slam.py -> /home/ziczac/dev/skripsi_code/ROS2-PLICP-POSE-GRAPH/build/icp_graph_slam/build/lib/icp_graph_slam
running install
running install_lib
creating /home/ziczac/dev/skripsi_code/ROS2-PLICP-POSE-GRAPH/install/icp_graph_slam/lib/python3.10/site-packages/icp_graph_slam
copying /home/ziczac/dev/skripsi_code/ROS2-PLICP-POSE-GRAPH/build/icp_graph_slam/build/lib/icp_graph_slam/lidar_maping.py -> /home/ziczac/dev/skripsi_code/ROS2-PLICP-POSE-GRAPH/install/icp_graph_slam/lib/python3.10/site-packages/icp_graph_slam
copying /home/ziczac/dev/skripsi_code/ROS2-PLICP-POSE-GRAPH/build/icp_graph_slam/build/lib/icp_graph_slam/plicp.py -> /home/ziczac/dev/skripsi_code/ROS2-PLICP-POSE-GRAPH/install/icp_graph_slam/lib/python3.10/site-packages/icp_graph_slam
copying /home/ziczac/dev/skripsi_code/ROS2-PLICP-POSE-GRAPH/build/icp_graph_slam/build/lib/icp_graph_slam/__init__.py -> /home/ziczac/dev/skripsi_code/ROS2-PLICP-POSE-GRAPH/install/icp_graph_slam/lib/python3.10/site-packages/icp_graph_slam
copying /home/ziczac/dev/skripsi_code/ROS2-PLICP-POSE-GRAPH/build/icp_graph_slam/build/lib/icp_graph_slam/pose_graph.py -> /home/ziczac/dev/skripsi_code/ROS2-PLICP-POSE-GRAPH/install/icp_graph_slam/lib/python3.10/site-packages/icp_graph_slam
copying /home/ziczac/dev/skripsi_code/ROS2-PLICP-POSE-GRAPH/build/icp_graph_slam/build/lib/icp_graph_slam/kalman_icp_cov.py -> /home/ziczac/dev/skripsi_code/ROS2-PLICP-POSE-GRAPH/install/icp_graph_slam/lib/python3.10/site-packages/icp_graph_slam
copying /home/ziczac/dev/skripsi_code/ROS2-PLICP-POSE-GRAPH/build/icp_graph_slam/build/lib/icp_graph_slam/slam.py -> /home/ziczac/dev/skripsi_code/ROS2-PLICP-POSE-GRAPH/install/icp_graph_slam/lib/python3.10/site-packages/icp_graph_slam
byte-compiling /home/ziczac/dev/skripsi_code/ROS2-PLICP-POSE-GRAPH/install/icp_graph_slam/lib/python3.10/site-packages/icp_graph_slam/lidar_maping.py to lidar_maping.cpython-310.pyc
byte-compiling /home/ziczac/dev/skripsi_code/ROS2-PLICP-POSE-GRAPH/install/icp_graph_slam/lib/python3.10/site-packages/icp_graph_slam/plicp.py to plicp.cpython-310.pyc
byte-compiling /home/ziczac/dev/skripsi_code/ROS2-PLICP-POSE-GRAPH/install/icp_graph_slam/lib/python3.10/site-packages/icp_graph_slam/__init__.py to __init__.cpython-310.pyc
byte-compiling /home/ziczac/dev/skripsi_code/ROS2-PLICP-POSE-GRAPH/install/icp_graph_slam/lib/python3.10/site-packages/icp_graph_slam/pose_graph.py to pose_graph.cpython-310.pyc
byte-compiling /home/ziczac/dev/skripsi_code/ROS2-PLICP-POSE-GRAPH/install/icp_graph_slam/lib/python3.10/site-packages/icp_graph_slam/kalman_icp_cov.py to kalman_icp_cov.cpython-310.pyc
byte-compiling /home/ziczac/dev/skripsi_code/ROS2-PLICP-POSE-GRAPH/install/icp_graph_slam/lib/python3.10/site-packages/icp_graph_slam/slam.py to slam.cpython-310.pyc
running install_data
copying resource/icp_graph_slam -> /home/ziczac/dev/skripsi_code/ROS2-PLICP-POSE-GRAPH/install/icp_graph_slam/share/ament_index/resource_index/packages
copying package.xml -> /home/ziczac/dev/skripsi_code/ROS2-PLICP-POSE-GRAPH/install/icp_graph_slam/share/icp_graph_slam
running install_egg_info
Copying ../../build/icp_graph_slam/icp_graph_slam.egg-info to /home/ziczac/dev/skripsi_code/ROS2-PLICP-POSE-GRAPH/install/icp_graph_slam/lib/python3.10/site-packages/icp_graph_slam-0.0.0-py3.10.egg-info
running install_scripts
Installing collect_data_mapping script to /home/ziczac/dev/skripsi_code/ROS2-PLICP-POSE-GRAPH/install/icp_graph_slam/lib/icp_graph_slam
Installing get_lidar script to /home/ziczac/dev/skripsi_code/ROS2-PLICP-POSE-GRAPH/install/icp_graph_slam/lib/icp_graph_slam
writing list of installed files to '/home/ziczac/dev/skripsi_code/ROS2-PLICP-POSE-GRAPH/build/icp_graph_slam/install.log'
