[0.052s] Invoking command in '/home/ziczac/dev/skripsi_code/ros2_workspace/build/wheeltec_n100_imu': CMAKE_PREFIX_PATH=/home/ziczac/dev/skripsi_code/ros2_workspace/install/serial:/home/ziczac/dev/skripsi_code/ros2_workspace/install/wheeltec_n100_imu:/home/ziczac/dev/skripsi_code/ros2_workspace/install/wheel_interfaces:/home/ziczac/dev/skripsi_code/ros2_workspace/install/my_bot:/home/ziczac/dev/skripsi_code/ros2_workspace/install/lslidar_driver:/home/ziczac/dev/skripsi_code/ros2_workspace/install/lslidar_msgs:/home/ziczac/dev/skripsi_code/ros2_workspace/install/motor:/home/ziczac/dev/skripsi_code/ros2_workspace/install/gui:/home/ziczac/dev/skripsi_code/ros2_workspace/install/rosboard:/home/ziczac/dev/skripsi_code/ros2_workspace/install/log_odds_map:/home/ziczac/dev/skripsi_code/ros2_workspace/install/icp_graph_slam:/home/ziczac/dev/skripsi_code/ros2_workspace/install/diff_drive:/opt/ros/humble /usr/bin/cmake --build /home/ziczac/dev/skripsi_code/ros2_workspace/build/wheeltec_n100_imu -- -j8 -l8
[0.276s] [100%] Built target imu_node
[0.368s] Invoked command in '/home/ziczac/dev/skripsi_code/ros2_workspace/build/wheeltec_n100_imu' returned '0': CMAKE_PREFIX_PATH=/home/ziczac/dev/skripsi_code/ros2_workspace/install/serial:/home/ziczac/dev/skripsi_code/ros2_workspace/install/wheeltec_n100_imu:/home/ziczac/dev/skripsi_code/ros2_workspace/install/wheel_interfaces:/home/ziczac/dev/skripsi_code/ros2_workspace/install/my_bot:/home/ziczac/dev/skripsi_code/ros2_workspace/install/lslidar_driver:/home/ziczac/dev/skripsi_code/ros2_workspace/install/lslidar_msgs:/home/ziczac/dev/skripsi_code/ros2_workspace/install/motor:/home/ziczac/dev/skripsi_code/ros2_workspace/install/gui:/home/ziczac/dev/skripsi_code/ros2_workspace/install/rosboard:/home/ziczac/dev/skripsi_code/ros2_workspace/install/log_odds_map:/home/ziczac/dev/skripsi_code/ros2_workspace/install/icp_graph_slam:/home/ziczac/dev/skripsi_code/ros2_workspace/install/diff_drive:/opt/ros/humble /usr/bin/cmake --build /home/ziczac/dev/skripsi_code/ros2_workspace/build/wheeltec_n100_imu -- -j8 -l8
[0.595s] Invoking command in '/home/ziczac/dev/skripsi_code/ros2_workspace/build/wheeltec_n100_imu': CMAKE_PREFIX_PATH=/home/ziczac/dev/skripsi_code/ros2_workspace/install/serial:/home/ziczac/dev/skripsi_code/ros2_workspace/install/wheeltec_n100_imu:/home/ziczac/dev/skripsi_code/ros2_workspace/install/wheel_interfaces:/home/ziczac/dev/skripsi_code/ros2_workspace/install/my_bot:/home/ziczac/dev/skripsi_code/ros2_workspace/install/lslidar_driver:/home/ziczac/dev/skripsi_code/ros2_workspace/install/lslidar_msgs:/home/ziczac/dev/skripsi_code/ros2_workspace/install/motor:/home/ziczac/dev/skripsi_code/ros2_workspace/install/gui:/home/ziczac/dev/skripsi_code/ros2_workspace/install/rosboard:/home/ziczac/dev/skripsi_code/ros2_workspace/install/log_odds_map:/home/ziczac/dev/skripsi_code/ros2_workspace/install/icp_graph_slam:/home/ziczac/dev/skripsi_code/ros2_workspace/install/diff_drive:/opt/ros/humble /usr/bin/cmake --install /home/ziczac/dev/skripsi_code/ros2_workspace/build/wheeltec_n100_imu
[0.649s] -- Install configuration: ""
[0.650s] -- Execute custom install script
[0.651s] -- Up-to-date symlink: /home/ziczac/dev/skripsi_code/ros2_workspace/install/wheeltec_n100_imu/lib/wheeltec_n100_imu/imu_node
[0.652s] -- Up-to-date symlink: /home/ziczac/dev/skripsi_code/ros2_workspace/install/wheeltec_n100_imu/share/ament_index/resource_index/package_run_dependencies/wheeltec_n100_imu
[0.652s] -- Up-to-date symlink: /home/ziczac/dev/skripsi_code/ros2_workspace/install/wheeltec_n100_imu/share/ament_index/resource_index/parent_prefix_path/wheeltec_n100_imu
[0.653s] -- Up-to-date symlink: /home/ziczac/dev/skripsi_code/ros2_workspace/install/wheeltec_n100_imu/share/wheeltec_n100_imu/environment/ament_prefix_path.sh
[0.654s] -- Up-to-date symlink: /home/ziczac/dev/skripsi_code/ros2_workspace/install/wheeltec_n100_imu/share/wheeltec_n100_imu/environment/ament_prefix_path.dsv
[0.662s] -- Up-to-date symlink: /home/ziczac/dev/skripsi_code/ros2_workspace/install/wheeltec_n100_imu/share/wheeltec_n100_imu/environment/path.sh
[0.662s] -- Up-to-date symlink: /home/ziczac/dev/skripsi_code/ros2_workspace/install/wheeltec_n100_imu/share/wheeltec_n100_imu/environment/path.dsv
[0.663s] -- Up-to-date symlink: /home/ziczac/dev/skripsi_code/ros2_workspace/install/wheeltec_n100_imu/share/wheeltec_n100_imu/local_setup.bash
[0.663s] -- Up-to-date symlink: /home/ziczac/dev/skripsi_code/ros2_workspace/install/wheeltec_n100_imu/share/wheeltec_n100_imu/local_setup.sh
[0.664s] -- Up-to-date symlink: /home/ziczac/dev/skripsi_code/ros2_workspace/install/wheeltec_n100_imu/share/wheeltec_n100_imu/local_setup.zsh
[0.664s] -- Up-to-date symlink: /home/ziczac/dev/skripsi_code/ros2_workspace/install/wheeltec_n100_imu/share/wheeltec_n100_imu/local_setup.dsv
[0.664s] -- Symlinking: /home/ziczac/dev/skripsi_code/ros2_workspace/install/wheeltec_n100_imu/share/wheeltec_n100_imu/package.dsv
[0.698s] -- Up-to-date symlink: /home/ziczac/dev/skripsi_code/ros2_workspace/install/wheeltec_n100_imu/share/ament_index/resource_index/packages/wheeltec_n100_imu
[0.699s] -- Up-to-date symlink: /home/ziczac/dev/skripsi_code/ros2_workspace/install/wheeltec_n100_imu/share/wheeltec_n100_imu/cmake/wheeltec_n100_imuConfig.cmake
[0.702s] -- Up-to-date symlink: /home/ziczac/dev/skripsi_code/ros2_workspace/install/wheeltec_n100_imu/share/wheeltec_n100_imu/cmake/wheeltec_n100_imuConfig-version.cmake
[0.703s] -- Up-to-date symlink: /home/ziczac/dev/skripsi_code/ros2_workspace/install/wheeltec_n100_imu/share/wheeltec_n100_imu/package.xml
[0.748s] Invoked command in '/home/ziczac/dev/skripsi_code/ros2_workspace/build/wheeltec_n100_imu' returned '0': CMAKE_PREFIX_PATH=/home/ziczac/dev/skripsi_code/ros2_workspace/install/serial:/home/ziczac/dev/skripsi_code/ros2_workspace/install/wheeltec_n100_imu:/home/ziczac/dev/skripsi_code/ros2_workspace/install/wheel_interfaces:/home/ziczac/dev/skripsi_code/ros2_workspace/install/my_bot:/home/ziczac/dev/skripsi_code/ros2_workspace/install/lslidar_driver:/home/ziczac/dev/skripsi_code/ros2_workspace/install/lslidar_msgs:/home/ziczac/dev/skripsi_code/ros2_workspace/install/motor:/home/ziczac/dev/skripsi_code/ros2_workspace/install/gui:/home/ziczac/dev/skripsi_code/ros2_workspace/install/rosboard:/home/ziczac/dev/skripsi_code/ros2_workspace/install/log_odds_map:/home/ziczac/dev/skripsi_code/ros2_workspace/install/icp_graph_slam:/home/ziczac/dev/skripsi_code/ros2_workspace/install/diff_drive:/opt/ros/humble /usr/bin/cmake --install /home/ziczac/dev/skripsi_code/ros2_workspace/build/wheeltec_n100_imu
