[2.320s] Invoking command in '/home/ziczac/dev/skripsi_code/ros2_workspace/build/rosboard': PYTHONPATH=/home/ziczac/dev/skripsi_code/ros2_workspace/build/rosboard/prefix_override:/home/ziczac/dev/skripsi_code/ros2_workspace/install/rosboard/lib/python3.10/site-packages:${PYTHONPATH} /usr/bin/python3 -W ignore:setup.py install is deprecated setup.py develop --uninstall --editable --build-directory /home/ziczac/dev/skripsi_code/ros2_workspace/build/rosboard/build
[2.877s] running develop
[3.340s] Removing /home/ziczac/dev/skripsi_code/ros2_workspace/install/rosboard/lib/python3.10/site-packages/rosboard.egg-link (link to .)
[3.415s] Invoked command in '/home/ziczac/dev/skripsi_code/ros2_workspace/build/rosboard' returned '0': PYTHONPATH=/home/ziczac/dev/skripsi_code/ros2_workspace/build/rosboard/prefix_override:/home/ziczac/dev/skripsi_code/ros2_workspace/install/rosboard/lib/python3.10/site-packages:${PYTHONPATH} /usr/bin/python3 -W ignore:setup.py install is deprecated setup.py develop --uninstall --editable --build-directory /home/ziczac/dev/skripsi_code/ros2_workspace/build/rosboard/build
[3.418s] Invoking command in '/home/ziczac/dev/skripsi_code/ros2_workspace/src/rosboard': PYTHONPATH=/home/ziczac/dev/skripsi_code/ros2_workspace/build/rosboard/prefix_override:/home/ziczac/dev/skripsi_code/ros2_workspace/install/rosboard/lib/python3.10/site-packages:${PYTHONPATH} /usr/bin/python3 -W ignore:setup.py install is deprecated setup.py egg_info --egg-base ../../build/rosboard build --build-base /home/ziczac/dev/skripsi_code/ros2_workspace/build/rosboard/build install --record /home/ziczac/dev/skripsi_code/ros2_workspace/build/rosboard/install.log --single-version-externally-managed install_data --force
[3.965s] running egg_info
[3.966s] writing ../../build/rosboard/rosboard.egg-info/PKG-INFO
[3.967s] writing dependency_links to ../../build/rosboard/rosboard.egg-info/dependency_links.txt
[3.967s] writing entry points to ../../build/rosboard/rosboard.egg-info/entry_points.txt
[3.967s] writing requirements to ../../build/rosboard/rosboard.egg-info/requires.txt
[3.968s] writing top-level names to ../../build/rosboard/rosboard.egg-info/top_level.txt
[3.976s] reading manifest file '../../build/rosboard/rosboard.egg-info/SOURCES.txt'
[3.977s] adding license file 'LICENSE'
[3.980s] writing manifest file '../../build/rosboard/rosboard.egg-info/SOURCES.txt'
[3.980s] running build
[3.980s] running build_py
[3.991s] running install
[3.992s] running install_lib
[3.993s] creating /home/ziczac/dev/skripsi_code/ros2_workspace/install/rosboard/lib/python3.10/site-packages/rosboard
[3.993s] copying /home/ziczac/dev/skripsi_code/ros2_workspace/build/rosboard/build/lib/rosboard/message_serialization.py -> /home/ziczac/dev/skripsi_code/ros2_workspace/install/rosboard/lib/python3.10/site-packages/rosboard
[3.993s] creating /home/ziczac/dev/skripsi_code/ros2_workspace/install/rosboard/lib/python3.10/site-packages/rosboard/html
[3.994s] creating /home/ziczac/dev/skripsi_code/ros2_workspace/install/rosboard/lib/python3.10/site-packages/rosboard/html/css
[3.994s] copying /home/ziczac/dev/skripsi_code/ros2_workspace/build/rosboard/build/lib/rosboard/html/css/leaflet.css -> /home/ziczac/dev/skripsi_code/ros2_workspace/install/rosboard/lib/python3.10/site-packages/rosboard/html/css
[4.058s] copying /home/ziczac/dev/skripsi_code/ros2_workspace/build/rosboard/build/lib/rosboard/html/css/index.css -> /home/ziczac/dev/skripsi_code/ros2_workspace/install/rosboard/lib/python3.10/site-packages/rosboard/html/css
[4.059s] copying /home/ziczac/dev/skripsi_code/ros2_workspace/build/rosboard/build/lib/rosboard/html/css/material.light_green-lime.min.css -> /home/ziczac/dev/skripsi_code/ros2_workspace/install/rosboard/lib/python3.10/site-packages/rosboard/html/css
[4.082s] copying /home/ziczac/dev/skripsi_code/ros2_workspace/build/rosboard/build/lib/rosboard/html/css/material-icons.css -> /home/ziczac/dev/skripsi_code/ros2_workspace/install/rosboard/lib/python3.10/site-packages/rosboard/html/css
[4.102s] copying /home/ziczac/dev/skripsi_code/ros2_workspace/build/rosboard/build/lib/rosboard/html/css/leaflet.easy-button.css -> /home/ziczac/dev/skripsi_code/ros2_workspace/install/rosboard/lib/python3.10/site-packages/rosboard/html/css
[4.103s] copying /home/ziczac/dev/skripsi_code/ros2_workspace/build/rosboard/build/lib/rosboard/html/css/uPlot.min.css -> /home/ziczac/dev/skripsi_code/ros2_workspace/install/rosboard/lib/python3.10/site-packages/rosboard/html/css
[4.158s] creating /home/ziczac/dev/skripsi_code/ros2_workspace/install/rosboard/lib/python3.10/site-packages/rosboard/html/css/images
[4.159s] copying /home/ziczac/dev/skripsi_code/ros2_workspace/build/rosboard/build/lib/rosboard/html/css/images/layers-2x.png -> /home/ziczac/dev/skripsi_code/ros2_workspace/install/rosboard/lib/python3.10/site-packages/rosboard/html/css/images
[4.159s] copying /home/ziczac/dev/skripsi_code/ros2_workspace/build/rosboard/build/lib/rosboard/html/css/images/marker-shadow.png -> /home/ziczac/dev/skripsi_code/ros2_workspace/install/rosboard/lib/python3.10/site-packages/rosboard/html/css/images
[4.180s] copying /home/ziczac/dev/skripsi_code/ros2_workspace/build/rosboard/build/lib/rosboard/html/css/images/marker-icon-2x.png -> /home/ziczac/dev/skripsi_code/ros2_workspace/install/rosboard/lib/python3.10/site-packages/rosboard/html/css/images
[4.182s] copying /home/ziczac/dev/skripsi_code/ros2_workspace/build/rosboard/build/lib/rosboard/html/css/images/layers.png -> /home/ziczac/dev/skripsi_code/ros2_workspace/install/rosboard/lib/python3.10/site-packages/rosboard/html/css/images
[4.183s] copying /home/ziczac/dev/skripsi_code/ros2_workspace/build/rosboard/build/lib/rosboard/html/css/images/marker-icon.png -> /home/ziczac/dev/skripsi_code/ros2_workspace/install/rosboard/lib/python3.10/site-packages/rosboard/html/css/images
[4.183s] copying /home/ziczac/dev/skripsi_code/ros2_workspace/build/rosboard/build/lib/rosboard/html/css/material.indigo-blue.min.css -> /home/ziczac/dev/skripsi_code/ros2_workspace/install/rosboard/lib/python3.10/site-packages/rosboard/html/css
[4.184s] copying /home/ziczac/dev/skripsi_code/ros2_workspace/build/rosboard/build/lib/rosboard/html/css/material.blue_grey-indigo.min.css -> /home/ziczac/dev/skripsi_code/ros2_workspace/install/rosboard/lib/python3.10/site-packages/rosboard/html/css
[4.243s] copying /home/ziczac/dev/skripsi_code/ros2_workspace/build/rosboard/build/lib/rosboard/html/index.html -> /home/ziczac/dev/skripsi_code/ros2_workspace/install/rosboard/lib/python3.10/site-packages/rosboard/html
[4.295s] creating /home/ziczac/dev/skripsi_code/ros2_workspace/install/rosboard/lib/python3.10/site-packages/rosboard/html/fonts
[4.295s] copying /home/ziczac/dev/skripsi_code/ros2_workspace/build/rosboard/build/lib/rosboard/html/fonts/MaterialIcons-Regular.woff2 -> /home/ziczac/dev/skripsi_code/ros2_workspace/install/rosboard/lib/python3.10/site-packages/rosboard/html/fonts
[4.296s] copying /home/ziczac/dev/skripsi_code/ros2_workspace/build/rosboard/build/lib/rosboard/html/fonts/titillium-web-v10-latin-700.svg -> /home/ziczac/dev/skripsi_code/ros2_workspace/install/rosboard/lib/python3.10/site-packages/rosboard/html/fonts
[4.319s] copying /home/ziczac/dev/skripsi_code/ros2_workspace/build/rosboard/build/lib/rosboard/html/fonts/titillium-web-v10-latin-700.ttf -> /home/ziczac/dev/skripsi_code/ros2_workspace/install/rosboard/lib/python3.10/site-packages/rosboard/html/fonts
[4.341s] copying /home/ziczac/dev/skripsi_code/ros2_workspace/build/rosboard/build/lib/rosboard/html/fonts/jetbrains-mono-v6-latin-300.eot -> /home/ziczac/dev/skripsi_code/ros2_workspace/install/rosboard/lib/python3.10/site-packages/rosboard/html/fonts
[4.352s] copying /home/ziczac/dev/skripsi_code/ros2_workspace/build/rosboard/build/lib/rosboard/html/fonts/jetbrains-mono-v6-latin-700.eot -> /home/ziczac/dev/skripsi_code/ros2_workspace/install/rosboard/lib/python3.10/site-packages/rosboard/html/fonts
[4.352s] copying /home/ziczac/dev/skripsi_code/ros2_workspace/build/rosboard/build/lib/rosboard/html/fonts/jetbrains-mono-v6-latin-300.ttf -> /home/ziczac/dev/skripsi_code/ros2_workspace/install/rosboard/lib/python3.10/site-packages/rosboard/html/fonts
[4.431s] copying /home/ziczac/dev/skripsi_code/ros2_workspace/build/rosboard/build/lib/rosboard/html/fonts/jetbrains-mono-v6-latin-300.woff2 -> /home/ziczac/dev/skripsi_code/ros2_workspace/install/rosboard/lib/python3.10/site-packages/rosboard/html/fonts
[4.441s] copying /home/ziczac/dev/skripsi_code/ros2_workspace/build/rosboard/build/lib/rosboard/html/fonts/MaterialIcons-Regular.ttf -> /home/ziczac/dev/skripsi_code/ros2_workspace/install/rosboard/lib/python3.10/site-packages/rosboard/html/fonts
[4.443s] copying /home/ziczac/dev/skripsi_code/ros2_workspace/build/rosboard/build/lib/rosboard/html/fonts/MaterialIcons-Regular.svg -> /home/ziczac/dev/skripsi_code/ros2_workspace/install/rosboard/lib/python3.10/site-packages/rosboard/html/fonts
[4.487s] copying /home/ziczac/dev/skripsi_code/ros2_workspace/build/rosboard/build/lib/rosboard/html/fonts/jetbrains-mono-v6-latin-300.woff -> /home/ziczac/dev/skripsi_code/ros2_workspace/install/rosboard/lib/python3.10/site-packages/rosboard/html/fonts
[4.530s] copying /home/ziczac/dev/skripsi_code/ros2_workspace/build/rosboard/build/lib/rosboard/html/fonts/MaterialIcons-Regular.woff -> /home/ziczac/dev/skripsi_code/ros2_workspace/install/rosboard/lib/python3.10/site-packages/rosboard/html/fonts
[4.593s] copying /home/ziczac/dev/skripsi_code/ros2_workspace/build/rosboard/build/lib/rosboard/html/fonts/titillium-web-v10-latin-300.eot -> /home/ziczac/dev/skripsi_code/ros2_workspace/install/rosboard/lib/python3.10/site-packages/rosboard/html/fonts
[4.595s] copying /home/ziczac/dev/skripsi_code/ros2_workspace/build/rosboard/build/lib/rosboard/html/fonts/jetbrains-mono-v6-latin-700.woff -> /home/ziczac/dev/skripsi_code/ros2_workspace/install/rosboard/lib/python3.10/site-packages/rosboard/html/fonts
[4.596s] copying /home/ziczac/dev/skripsi_code/ros2_workspace/build/rosboard/build/lib/rosboard/html/fonts/titillium-web-v10-latin-300.woff2 -> /home/ziczac/dev/skripsi_code/ros2_workspace/install/rosboard/lib/python3.10/site-packages/rosboard/html/fonts
[4.597s] copying /home/ziczac/dev/skripsi_code/ros2_workspace/build/rosboard/build/lib/rosboard/html/fonts/jetbrains-mono-v6-latin-700.svg -> /home/ziczac/dev/skripsi_code/ros2_workspace/install/rosboard/lib/python3.10/site-packages/rosboard/html/fonts
[4.598s] copying /home/ziczac/dev/skripsi_code/ros2_workspace/build/rosboard/build/lib/rosboard/html/fonts/MaterialIcons-Regular.eot -> /home/ziczac/dev/skripsi_code/ros2_workspace/install/rosboard/lib/python3.10/site-packages/rosboard/html/fonts
[4.624s] copying /home/ziczac/dev/skripsi_code/ros2_workspace/build/rosboard/build/lib/rosboard/html/fonts/MaterialIcons-Regular.ijmap -> /home/ziczac/dev/skripsi_code/ros2_workspace/install/rosboard/lib/python3.10/site-packages/rosboard/html/fonts
[4.624s] copying /home/ziczac/dev/skripsi_code/ros2_workspace/build/rosboard/build/lib/rosboard/html/fonts/titillium-web-v10-latin-300.woff -> /home/ziczac/dev/skripsi_code/ros2_workspace/install/rosboard/lib/python3.10/site-packages/rosboard/html/fonts
[4.625s] copying /home/ziczac/dev/skripsi_code/ros2_workspace/build/rosboard/build/lib/rosboard/html/fonts/titillium-web-v10-latin-700.woff2 -> /home/ziczac/dev/skripsi_code/ros2_workspace/install/rosboard/lib/python3.10/site-packages/rosboard/html/fonts
[4.626s] copying /home/ziczac/dev/skripsi_code/ros2_workspace/build/rosboard/build/lib/rosboard/html/fonts/jetbrains-mono-v6-latin-700.woff2 -> /home/ziczac/dev/skripsi_code/ros2_workspace/install/rosboard/lib/python3.10/site-packages/rosboard/html/fonts
[4.626s] copying /home/ziczac/dev/skripsi_code/ros2_workspace/build/rosboard/build/lib/rosboard/html/fonts/titillium-web-v10-latin-300.svg -> /home/ziczac/dev/skripsi_code/ros2_workspace/install/rosboard/lib/python3.10/site-packages/rosboard/html/fonts
[4.627s] copying /home/ziczac/dev/skripsi_code/ros2_workspace/build/rosboard/build/lib/rosboard/html/fonts/jetbrains-mono-v6-latin-700.ttf -> /home/ziczac/dev/skripsi_code/ros2_workspace/install/rosboard/lib/python3.10/site-packages/rosboard/html/fonts
[4.628s] copying /home/ziczac/dev/skripsi_code/ros2_workspace/build/rosboard/build/lib/rosboard/html/fonts/titillium-web-v10-latin-700.woff -> /home/ziczac/dev/skripsi_code/ros2_workspace/install/rosboard/lib/python3.10/site-packages/rosboard/html/fonts
[4.629s] copying /home/ziczac/dev/skripsi_code/ros2_workspace/build/rosboard/build/lib/rosboard/html/fonts/titillium-web-v10-latin-300.ttf -> /home/ziczac/dev/skripsi_code/ros2_workspace/install/rosboard/lib/python3.10/site-packages/rosboard/html/fonts
[4.629s] copying /home/ziczac/dev/skripsi_code/ros2_workspace/build/rosboard/build/lib/rosboard/html/fonts/titillium-web-v10-latin-700.eot -> /home/ziczac/dev/skripsi_code/ros2_workspace/install/rosboard/lib/python3.10/site-packages/rosboard/html/fonts
[4.630s] copying /home/ziczac/dev/skripsi_code/ros2_workspace/build/rosboard/build/lib/rosboard/html/fonts/jetbrains-mono-v6-latin-300.svg -> /home/ziczac/dev/skripsi_code/ros2_workspace/install/rosboard/lib/python3.10/site-packages/rosboard/html/fonts
[4.631s] creating /home/ziczac/dev/skripsi_code/ros2_workspace/install/rosboard/lib/python3.10/site-packages/rosboard/html/js
[4.631s] copying /home/ziczac/dev/skripsi_code/ros2_workspace/build/rosboard/build/lib/rosboard/html/js/draggabilly.pkgd.min.js -> /home/ziczac/dev/skripsi_code/ros2_workspace/install/rosboard/lib/python3.10/site-packages/rosboard/html/js
[4.632s] copying /home/ziczac/dev/skripsi_code/ros2_workspace/build/rosboard/build/lib/rosboard/html/js/leaflet-src.js -> /home/ziczac/dev/skripsi_code/ros2_workspace/install/rosboard/lib/python3.10/site-packages/rosboard/html/js
[4.723s] copying /home/ziczac/dev/skripsi_code/ros2_workspace/build/rosboard/build/lib/rosboard/html/js/litegl.min.js -> /home/ziczac/dev/skripsi_code/ros2_workspace/install/rosboard/lib/python3.10/site-packages/rosboard/html/js
[4.772s] copying /home/ziczac/dev/skripsi_code/ros2_workspace/build/rosboard/build/lib/rosboard/html/js/uPlot.iife.min.js -> /home/ziczac/dev/skripsi_code/ros2_workspace/install/rosboard/lib/python3.10/site-packages/rosboard/html/js
[4.774s] copying /home/ziczac/dev/skripsi_code/ros2_workspace/build/rosboard/build/lib/rosboard/html/js/index.js -> /home/ziczac/dev/skripsi_code/ros2_workspace/install/rosboard/lib/python3.10/site-packages/rosboard/html/js
[4.776s] copying /home/ziczac/dev/skripsi_code/ros2_workspace/build/rosboard/build/lib/rosboard/html/js/leaflet-src.js.map -> /home/ziczac/dev/skripsi_code/ros2_workspace/install/rosboard/lib/python3.10/site-packages/rosboard/html/js
[4.895s] copying /home/ziczac/dev/skripsi_code/ros2_workspace/build/rosboard/build/lib/rosboard/html/js/leaflet.js -> /home/ziczac/dev/skripsi_code/ros2_workspace/install/rosboard/lib/python3.10/site-packages/rosboard/html/js
[4.896s] copying /home/ziczac/dev/skripsi_code/ros2_workspace/build/rosboard/build/lib/rosboard/html/js/material.min.js.map -> /home/ziczac/dev/skripsi_code/ros2_workspace/install/rosboard/lib/python3.10/site-packages/rosboard/html/js
[4.898s] copying /home/ziczac/dev/skripsi_code/ros2_workspace/build/rosboard/build/lib/rosboard/html/js/masonry.pkgd.min.js -> /home/ziczac/dev/skripsi_code/ros2_workspace/install/rosboard/lib/python3.10/site-packages/rosboard/html/js
[4.899s] copying /home/ziczac/dev/skripsi_code/ros2_workspace/build/rosboard/build/lib/rosboard/html/js/jquery-3.1.0.min.js -> /home/ziczac/dev/skripsi_code/ros2_workspace/install/rosboard/lib/python3.10/site-packages/rosboard/html/js
[4.913s] copying /home/ziczac/dev/skripsi_code/ros2_workspace/build/rosboard/build/lib/rosboard/html/js/gl-matrix.js -> /home/ziczac/dev/skripsi_code/ros2_workspace/install/rosboard/lib/python3.10/site-packages/rosboard/html/js
[4.914s] copying /home/ziczac/dev/skripsi_code/ros2_workspace/build/rosboard/build/lib/rosboard/html/js/json5.min.js -> /home/ziczac/dev/skripsi_code/ros2_workspace/install/rosboard/lib/python3.10/site-packages/rosboard/html/js
[4.914s] copying /home/ziczac/dev/skripsi_code/ros2_workspace/build/rosboard/build/lib/rosboard/html/js/eventemitter2.min.js -> /home/ziczac/dev/skripsi_code/ros2_workspace/install/rosboard/lib/python3.10/site-packages/rosboard/html/js
[4.915s] copying /home/ziczac/dev/skripsi_code/ros2_workspace/build/rosboard/build/lib/rosboard/html/js/material.min.js -> /home/ziczac/dev/skripsi_code/ros2_workspace/install/rosboard/lib/python3.10/site-packages/rosboard/html/js
[4.924s] copying /home/ziczac/dev/skripsi_code/ros2_workspace/build/rosboard/build/lib/rosboard/html/js/import-helper.js -> /home/ziczac/dev/skripsi_code/ros2_workspace/install/rosboard/lib/python3.10/site-packages/rosboard/html/js
[4.925s] copying /home/ziczac/dev/skripsi_code/ros2_workspace/build/rosboard/build/lib/rosboard/html/js/leaflet-src.esm.js -> /home/ziczac/dev/skripsi_code/ros2_workspace/install/rosboard/lib/python3.10/site-packages/rosboard/html/js
[4.932s] copying /home/ziczac/dev/skripsi_code/ros2_workspace/build/rosboard/build/lib/rosboard/html/js/leaflet-src.esm.js.map -> /home/ziczac/dev/skripsi_code/ros2_workspace/install/rosboard/lib/python3.10/site-packages/rosboard/html/js
[4.938s] copying /home/ziczac/dev/skripsi_code/ros2_workspace/build/rosboard/build/lib/rosboard/html/js/rosbag.js -> /home/ziczac/dev/skripsi_code/ros2_workspace/install/rosboard/lib/python3.10/site-packages/rosboard/html/js
[4.982s] copying /home/ziczac/dev/skripsi_code/ros2_workspace/build/rosboard/build/lib/rosboard/html/js/leaflet.easy-button.js -> /home/ziczac/dev/skripsi_code/ros2_workspace/install/rosboard/lib/python3.10/site-packages/rosboard/html/js
[4.983s] copying /home/ziczac/dev/skripsi_code/ros2_workspace/build/rosboard/build/lib/rosboard/html/js/jquery.transit.min.js -> /home/ziczac/dev/skripsi_code/ros2_workspace/install/rosboard/lib/python3.10/site-packages/rosboard/html/js
[4.984s] creating /home/ziczac/dev/skripsi_code/ros2_workspace/install/rosboard/lib/python3.10/site-packages/rosboard/html/js/viewers
[4.984s] copying /home/ziczac/dev/skripsi_code/ros2_workspace/build/rosboard/build/lib/rosboard/html/js/viewers/PointCloud2Viewer.js -> /home/ziczac/dev/skripsi_code/ros2_workspace/install/rosboard/lib/python3.10/site-packages/rosboard/html/js/viewers
[4.984s] copying /home/ziczac/dev/skripsi_code/ros2_workspace/build/rosboard/build/lib/rosboard/html/js/viewers/GenericViewer.js -> /home/ziczac/dev/skripsi_code/ros2_workspace/install/rosboard/lib/python3.10/site-packages/rosboard/html/js/viewers
[4.985s] copying /home/ziczac/dev/skripsi_code/ros2_workspace/build/rosboard/build/lib/rosboard/html/js/viewers/ProcessListViewer.js -> /home/ziczac/dev/skripsi_code/ros2_workspace/install/rosboard/lib/python3.10/site-packages/rosboard/html/js/viewers
[4.985s] copying /home/ziczac/dev/skripsi_code/ros2_workspace/build/rosboard/build/lib/rosboard/html/js/viewers/LogViewer.js -> /home/ziczac/dev/skripsi_code/ros2_workspace/install/rosboard/lib/python3.10/site-packages/rosboard/html/js/viewers
[4.986s] creating /home/ziczac/dev/skripsi_code/ros2_workspace/install/rosboard/lib/python3.10/site-packages/rosboard/html/js/viewers/meta
[4.986s] copying /home/ziczac/dev/skripsi_code/ros2_workspace/build/rosboard/build/lib/rosboard/html/js/viewers/meta/Space3DViewer.js -> /home/ziczac/dev/skripsi_code/ros2_workspace/install/rosboard/lib/python3.10/site-packages/rosboard/html/js/viewers/meta
[4.986s] copying /home/ziczac/dev/skripsi_code/ros2_workspace/build/rosboard/build/lib/rosboard/html/js/viewers/meta/Space2DViewer.js -> /home/ziczac/dev/skripsi_code/ros2_workspace/install/rosboard/lib/python3.10/site-packages/rosboard/html/js/viewers/meta
[4.987s] copying /home/ziczac/dev/skripsi_code/ros2_workspace/build/rosboard/build/lib/rosboard/html/js/viewers/meta/Viewer.js -> /home/ziczac/dev/skripsi_code/ros2_workspace/install/rosboard/lib/python3.10/site-packages/rosboard/html/js/viewers/meta
[4.987s] copying /home/ziczac/dev/skripsi_code/ros2_workspace/build/rosboard/build/lib/rosboard/html/js/viewers/LaserScanViewer.js -> /home/ziczac/dev/skripsi_code/ros2_workspace/install/rosboard/lib/python3.10/site-packages/rosboard/html/js/viewers
[4.988s] copying /home/ziczac/dev/skripsi_code/ros2_workspace/build/rosboard/build/lib/rosboard/html/js/viewers/MapViewer.js -> /home/ziczac/dev/skripsi_code/ros2_workspace/install/rosboard/lib/python3.10/site-packages/rosboard/html/js/viewers
[4.988s] copying /home/ziczac/dev/skripsi_code/ros2_workspace/build/rosboard/build/lib/rosboard/html/js/viewers/ImageViewer.js -> /home/ziczac/dev/skripsi_code/ros2_workspace/install/rosboard/lib/python3.10/site-packages/rosboard/html/js/viewers
[4.988s] copying /home/ziczac/dev/skripsi_code/ros2_workspace/build/rosboard/build/lib/rosboard/html/js/viewers/DiagnosticViewer.js -> /home/ziczac/dev/skripsi_code/ros2_workspace/install/rosboard/lib/python3.10/site-packages/rosboard/html/js/viewers
[4.989s] copying /home/ziczac/dev/skripsi_code/ros2_workspace/build/rosboard/build/lib/rosboard/html/js/viewers/TimeSeriesPlotViewer.js -> /home/ziczac/dev/skripsi_code/ros2_workspace/install/rosboard/lib/python3.10/site-packages/rosboard/html/js/viewers
[4.989s] copying /home/ziczac/dev/skripsi_code/ros2_workspace/build/rosboard/build/lib/rosboard/html/js/viewers/PolygonViewer.js -> /home/ziczac/dev/skripsi_code/ros2_workspace/install/rosboard/lib/python3.10/site-packages/rosboard/html/js/viewers
[4.989s] copying /home/ziczac/dev/skripsi_code/ros2_workspace/build/rosboard/build/lib/rosboard/html/js/viewers/GeometryViewer.js -> /home/ziczac/dev/skripsi_code/ros2_workspace/install/rosboard/lib/python3.10/site-packages/rosboard/html/js/viewers
[4.991s] creating /home/ziczac/dev/skripsi_code/ros2_workspace/install/rosboard/lib/python3.10/site-packages/rosboard/html/js/transports
[4.991s] copying /home/ziczac/dev/skripsi_code/ros2_workspace/build/rosboard/build/lib/rosboard/html/js/transports/RosBridgeTransport.js -> /home/ziczac/dev/skripsi_code/ros2_workspace/install/rosboard/lib/python3.10/site-packages/rosboard/html/js/transports
[4.992s] copying /home/ziczac/dev/skripsi_code/ros2_workspace/build/rosboard/build/lib/rosboard/html/js/transports/RosbagTransport.js -> /home/ziczac/dev/skripsi_code/ros2_workspace/install/rosboard/lib/python3.10/site-packages/rosboard/html/js/transports
[4.992s] copying /home/ziczac/dev/skripsi_code/ros2_workspace/build/rosboard/build/lib/rosboard/html/js/transports/DeviceSensorTransport.js -> /home/ziczac/dev/skripsi_code/ros2_workspace/install/rosboard/lib/python3.10/site-packages/rosboard/html/js/transports
[4.993s] copying /home/ziczac/dev/skripsi_code/ros2_workspace/build/rosboard/build/lib/rosboard/html/js/transports/Rosbag2Transport.js -> /home/ziczac/dev/skripsi_code/ros2_workspace/install/rosboard/lib/python3.10/site-packages/rosboard/html/js/transports
[4.994s] copying /home/ziczac/dev/skripsi_code/ros2_workspace/build/rosboard/build/lib/rosboard/html/js/transports/WebSocketV1Transport.js -> /home/ziczac/dev/skripsi_code/ros2_workspace/install/rosboard/lib/python3.10/site-packages/rosboard/html/js/transports
[5.027s] copying /home/ziczac/dev/skripsi_code/ros2_workspace/build/rosboard/build/lib/rosboard/html/js/leaflet.js.map -> /home/ziczac/dev/skripsi_code/ros2_workspace/install/rosboard/lib/python3.10/site-packages/rosboard/html/js
[5.045s] copying /home/ziczac/dev/skripsi_code/ros2_workspace/build/rosboard/build/lib/rosboard/handlers.py -> /home/ziczac/dev/skripsi_code/ros2_workspace/install/rosboard/lib/python3.10/site-packages/rosboard
[5.045s] copying /home/ziczac/dev/skripsi_code/ros2_workspace/build/rosboard/build/lib/rosboard/serialization.py -> /home/ziczac/dev/skripsi_code/ros2_workspace/install/rosboard/lib/python3.10/site-packages/rosboard
[5.045s] copying /home/ziczac/dev/skripsi_code/ros2_workspace/build/rosboard/build/lib/rosboard/cv_bridge.py -> /home/ziczac/dev/skripsi_code/ros2_workspace/install/rosboard/lib/python3.10/site-packages/rosboard
[5.046s] creating /home/ziczac/dev/skripsi_code/ros2_workspace/install/rosboard/lib/python3.10/site-packages/rosboard/rospy2
[5.046s] copying /home/ziczac/dev/skripsi_code/ros2_workspace/build/rosboard/build/lib/rosboard/rospy2/constants.py -> /home/ziczac/dev/skripsi_code/ros2_workspace/install/rosboard/lib/python3.10/site-packages/rosboard/rospy2
[5.046s] copying /home/ziczac/dev/skripsi_code/ros2_workspace/build/rosboard/build/lib/rosboard/rospy2/__init__.py -> /home/ziczac/dev/skripsi_code/ros2_workspace/install/rosboard/lib/python3.10/site-packages/rosboard/rospy2
[5.047s] creating /home/ziczac/dev/skripsi_code/ros2_workspace/install/rosboard/lib/python3.10/site-packages/rosboard/subscribers
[5.047s] copying /home/ziczac/dev/skripsi_code/ros2_workspace/build/rosboard/build/lib/rosboard/subscribers/dmesg_subscriber.py -> /home/ziczac/dev/skripsi_code/ros2_workspace/install/rosboard/lib/python3.10/site-packages/rosboard/subscribers
[5.047s] copying /home/ziczac/dev/skripsi_code/ros2_workspace/build/rosboard/build/lib/rosboard/subscribers/dummy_subscriber.py -> /home/ziczac/dev/skripsi_code/ros2_workspace/install/rosboard/lib/python3.10/site-packages/rosboard/subscribers
[5.047s] copying /home/ziczac/dev/skripsi_code/ros2_workspace/build/rosboard/build/lib/rosboard/subscribers/system_stats_subscriber.py -> /home/ziczac/dev/skripsi_code/ros2_workspace/install/rosboard/lib/python3.10/site-packages/rosboard/subscribers
[5.048s] copying /home/ziczac/dev/skripsi_code/ros2_workspace/build/rosboard/build/lib/rosboard/subscribers/processes_subscriber.py -> /home/ziczac/dev/skripsi_code/ros2_workspace/install/rosboard/lib/python3.10/site-packages/rosboard/subscribers
[5.048s] copying /home/ziczac/dev/skripsi_code/ros2_workspace/build/rosboard/build/lib/rosboard/subscribers/__init__.py -> /home/ziczac/dev/skripsi_code/ros2_workspace/install/rosboard/lib/python3.10/site-packages/rosboard/subscribers
[5.048s] copying /home/ziczac/dev/skripsi_code/ros2_workspace/build/rosboard/build/lib/rosboard/compression.py -> /home/ziczac/dev/skripsi_code/ros2_workspace/install/rosboard/lib/python3.10/site-packages/rosboard
[5.048s] copying /home/ziczac/dev/skripsi_code/ros2_workspace/build/rosboard/build/lib/rosboard/rosboard.py -> /home/ziczac/dev/skripsi_code/ros2_workspace/install/rosboard/lib/python3.10/site-packages/rosboard
[5.049s] copying /home/ziczac/dev/skripsi_code/ros2_workspace/build/rosboard/build/lib/rosboard/__init__.py -> /home/ziczac/dev/skripsi_code/ros2_workspace/install/rosboard/lib/python3.10/site-packages/rosboard
[5.051s] byte-compiling /home/ziczac/dev/skripsi_code/ros2_workspace/install/rosboard/lib/python3.10/site-packages/rosboard/message_serialization.py to message_serialization.cpython-310.pyc
[5.053s] byte-compiling /home/ziczac/dev/skripsi_code/ros2_workspace/install/rosboard/lib/python3.10/site-packages/rosboard/handlers.py to handlers.cpython-310.pyc
[5.056s] byte-compiling /home/ziczac/dev/skripsi_code/ros2_workspace/install/rosboard/lib/python3.10/site-packages/rosboard/serialization.py to serialization.cpython-310.pyc
[5.057s] byte-compiling /home/ziczac/dev/skripsi_code/ros2_workspace/install/rosboard/lib/python3.10/site-packages/rosboard/cv_bridge.py to cv_bridge.cpython-310.pyc
[5.060s] byte-compiling /home/ziczac/dev/skripsi_code/ros2_workspace/install/rosboard/lib/python3.10/site-packages/rosboard/rospy2/constants.py to constants.cpython-310.pyc
[5.060s] byte-compiling /home/ziczac/dev/skripsi_code/ros2_workspace/install/rosboard/lib/python3.10/site-packages/rosboard/rospy2/__init__.py to __init__.cpython-310.pyc
[5.067s] byte-compiling /home/ziczac/dev/skripsi_code/ros2_workspace/install/rosboard/lib/python3.10/site-packages/rosboard/subscribers/dmesg_subscriber.py to dmesg_subscriber.cpython-310.pyc
[5.068s] byte-compiling /home/ziczac/dev/skripsi_code/ros2_workspace/install/rosboard/lib/python3.10/site-packages/rosboard/subscribers/dummy_subscriber.py to dummy_subscriber.cpython-310.pyc
[5.068s] byte-compiling /home/ziczac/dev/skripsi_code/ros2_workspace/install/rosboard/lib/python3.10/site-packages/rosboard/subscribers/system_stats_subscriber.py to system_stats_subscriber.cpython-310.pyc
[5.069s] byte-compiling /home/ziczac/dev/skripsi_code/ros2_workspace/install/rosboard/lib/python3.10/site-packages/rosboard/subscribers/processes_subscriber.py to processes_subscriber.cpython-310.pyc
[5.070s] byte-compiling /home/ziczac/dev/skripsi_code/ros2_workspace/install/rosboard/lib/python3.10/site-packages/rosboard/subscribers/__init__.py to __init__.cpython-310.pyc
[5.070s] byte-compiling /home/ziczac/dev/skripsi_code/ros2_workspace/install/rosboard/lib/python3.10/site-packages/rosboard/compression.py to compression.cpython-310.pyc
[5.075s] byte-compiling /home/ziczac/dev/skripsi_code/ros2_workspace/install/rosboard/lib/python3.10/site-packages/rosboard/rosboard.py to rosboard.cpython-310.pyc
[5.078s] byte-compiling /home/ziczac/dev/skripsi_code/ros2_workspace/install/rosboard/lib/python3.10/site-packages/rosboard/__init__.py to __init__.cpython-310.pyc
[5.078s] running install_data
[5.078s] copying package.xml -> /home/ziczac/dev/skripsi_code/ros2_workspace/install/rosboard/share/rosboard
[5.079s] running install_egg_info
[5.082s] Copying ../../build/rosboard/rosboard.egg-info to /home/ziczac/dev/skripsi_code/ros2_workspace/install/rosboard/lib/python3.10/site-packages/rosboard-1.2.1-py3.10.egg-info
[5.083s] running install_scripts
[5.120s] Installing rosboard_node script to /home/ziczac/dev/skripsi_code/ros2_workspace/install/rosboard/lib/rosboard
[5.122s] writing list of installed files to '/home/ziczac/dev/skripsi_code/ros2_workspace/build/rosboard/install.log'
[5.191s] Invoked command in '/home/ziczac/dev/skripsi_code/ros2_workspace/src/rosboard' returned '0': PYTHONPATH=/home/ziczac/dev/skripsi_code/ros2_workspace/build/rosboard/prefix_override:/home/ziczac/dev/skripsi_code/ros2_workspace/install/rosboard/lib/python3.10/site-packages:${PYTHONPATH} /usr/bin/python3 -W ignore:setup.py install is deprecated setup.py egg_info --egg-base ../../build/rosboard build --build-base /home/ziczac/dev/skripsi_code/ros2_workspace/build/rosboard/build install --record /home/ziczac/dev/skripsi_code/ros2_workspace/build/rosboard/install.log --single-version-externally-managed install_data --force
