[0.161s] Invoking command in '/home/ziczac/dev/skripsi_code/ros2_workspace/src/build/wheel_interfaces': CMAKE_PREFIX_PATH=${CMAKE_PREFIX_PATH}:/home/ziczac/dev/skripsi_code/ros2_workspace/install/motor:/home/ziczac/dev/skripsi_code/ros2_workspace/install/gui:/home/ziczac/dev/skripsi_code/ros2_workspace/install/rosboard:/home/ziczac/dev/skripsi_code/ros2_workspace/install/log_odds_map:/home/ziczac/dev/skripsi_code/ros2_workspace/install/icp-graph-slam:/home/ziczac/dev/skripsi_code/ros2_workspace/install/diff_drive:/opt/ros/humble /usr/bin/cmake --build /home/ziczac/dev/skripsi_code/ros2_workspace/src/build/wheel_interfaces -- -j8 -l8
[2.595s] [35m[1mConsolidate compiler generated dependencies of target wheel_interfaces__rosidl_generator_c[0m
[2.596s] [  3%] Built target wheel_interfaces__cpp
[2.596s] [ 12%] Built target wheel_interfaces__rosidl_generator_c
[2.596s] [ 12%] Built target ament_cmake_python_symlink_wheel_interfaces
[2.596s] [35m[1mConsolidate compiler generated dependencies of target wheel_interfaces__rosidl_typesupport_introspection_cpp[0m
[2.597s] [35m[1mConsolidate compiler generated dependencies of target wheel_interfaces__rosidl_typesupport_fastrtps_c[0m
[2.597s] [35m[1mConsolidate compiler generated dependencies of target wheel_interfaces__rosidl_typesupport_c[0m
[2.597s] [ 22%] Built target wheel_interfaces__rosidl_typesupport_introspection_cpp
[2.597s] [35m[1mConsolidate compiler generated dependencies of target wheel_interfaces__rosidl_typesupport_fastrtps_cpp[0m
[2.597s] [35m[1mConsolidate compiler generated dependencies of target wheel_interfaces__rosidl_typesupport_cpp[0m
[2.598s] [ 32%] Built target wheel_interfaces__rosidl_typesupport_fastrtps_c
[2.598s] [ 41%] Built target wheel_interfaces__rosidl_typesupport_c
[2.598s] [ 51%] Built target wheel_interfaces__rosidl_typesupport_fastrtps_cpp
[2.598s] [35m[1mConsolidate compiler generated dependencies of target wheel_interfaces__rosidl_typesupport_introspection_c[0m
[2.599s] [ 61%] Built target wheel_interfaces__rosidl_typesupport_cpp
[2.599s] [ 70%] Built target wheel_interfaces__rosidl_typesupport_introspection_c
[2.599s] [ 70%] Built target wheel_interfaces
[2.599s] [ 74%] Built target wheel_interfaces__py
[2.600s] [35m[1mConsolidate compiler generated dependencies of target wheel_interfaces__rosidl_generator_py[0m
[2.600s] [ 80%] Built target wheel_interfaces__rosidl_generator_py
[2.601s] [35m[1mConsolidate compiler generated dependencies of target wheel_interfaces__rosidl_typesupport_fastrtps_c__pyext[0m
[2.601s] [35m[1mConsolidate compiler generated dependencies of target wheel_interfaces__rosidl_typesupport_introspection_c__pyext[0m
[2.601s] [ 87%] Built target wheel_interfaces__rosidl_typesupport_fastrtps_c__pyext
[2.601s] [35m[1mConsolidate compiler generated dependencies of target wheel_interfaces__rosidl_typesupport_c__pyext[0m
[2.601s] [ 93%] Built target wheel_interfaces__rosidl_typesupport_introspection_c__pyext
[2.602s] [100%] Built target wheel_interfaces__rosidl_typesupport_c__pyext
[2.602s] running egg_info
[2.602s] writing wheel_interfaces.egg-info/PKG-INFO
[2.602s] writing dependency_links to wheel_interfaces.egg-info/dependency_links.txt
[2.603s] writing top-level names to wheel_interfaces.egg-info/top_level.txt
[2.603s] reading manifest file 'wheel_interfaces.egg-info/SOURCES.txt'
[2.603s] writing manifest file 'wheel_interfaces.egg-info/SOURCES.txt'
[2.603s] [100%] Built target ament_cmake_python_build_wheel_interfaces_egg
[3.588s] Invoked command in '/home/ziczac/dev/skripsi_code/ros2_workspace/src/build/wheel_interfaces' returned '0': CMAKE_PREFIX_PATH=${CMAKE_PREFIX_PATH}:/home/ziczac/dev/skripsi_code/ros2_workspace/install/motor:/home/ziczac/dev/skripsi_code/ros2_workspace/install/gui:/home/ziczac/dev/skripsi_code/ros2_workspace/install/rosboard:/home/ziczac/dev/skripsi_code/ros2_workspace/install/log_odds_map:/home/ziczac/dev/skripsi_code/ros2_workspace/install/icp-graph-slam:/home/ziczac/dev/skripsi_code/ros2_workspace/install/diff_drive:/opt/ros/humble /usr/bin/cmake --build /home/ziczac/dev/skripsi_code/ros2_workspace/src/build/wheel_interfaces -- -j8 -l8
[3.986s] Invoking command in '/home/ziczac/dev/skripsi_code/ros2_workspace/src/build/wheel_interfaces': CMAKE_PREFIX_PATH=${CMAKE_PREFIX_PATH}:/home/ziczac/dev/skripsi_code/ros2_workspace/install/motor:/home/ziczac/dev/skripsi_code/ros2_workspace/install/gui:/home/ziczac/dev/skripsi_code/ros2_workspace/install/rosboard:/home/ziczac/dev/skripsi_code/ros2_workspace/install/log_odds_map:/home/ziczac/dev/skripsi_code/ros2_workspace/install/icp-graph-slam:/home/ziczac/dev/skripsi_code/ros2_workspace/install/diff_drive:/opt/ros/humble /usr/bin/cmake --install /home/ziczac/dev/skripsi_code/ros2_workspace/src/build/wheel_interfaces
[4.019s] -- Install configuration: ""
[4.032s] -- Execute custom install script
[4.032s] -- Up-to-date symlink: /home/ziczac/dev/skripsi_code/ros2_workspace/src/install/wheel_interfaces/share/ament_index/resource_index/rosidl_interfaces/wheel_interfaces
[4.033s] -- Up-to-date symlink: /home/ziczac/dev/skripsi_code/ros2_workspace/src/install/wheel_interfaces/include/wheel_interfaces/wheel_interfaces/msg/detail/wheel_infos__functions.h
[4.033s] -- Up-to-date symlink: /home/ziczac/dev/skripsi_code/ros2_workspace/src/install/wheel_interfaces/include/wheel_interfaces/wheel_interfaces/msg/detail/wheel_infos__struct.h
[4.040s] -- Up-to-date symlink: /home/ziczac/dev/skripsi_code/ros2_workspace/src/install/wheel_interfaces/include/wheel_interfaces/wheel_interfaces/msg/detail/wheel_infos__type_support.h
[4.046s] -- Up-to-date symlink: /home/ziczac/dev/skripsi_code/ros2_workspace/src/install/wheel_interfaces/include/wheel_interfaces/wheel_interfaces/msg/rosidl_generator_c__visibility_control.h
[4.046s] -- Up-to-date symlink: /home/ziczac/dev/skripsi_code/ros2_workspace/src/install/wheel_interfaces/include/wheel_interfaces/wheel_interfaces/msg/wheel_infos.h
[4.047s] -- Up-to-date symlink: /home/ziczac/dev/skripsi_code/ros2_workspace/src/install/wheel_interfaces/share/wheel_interfaces/environment/library_path.sh
[4.052s] -- Up-to-date symlink: /home/ziczac/dev/skripsi_code/ros2_workspace/src/install/wheel_interfaces/share/wheel_interfaces/environment/library_path.dsv
[4.053s] -- Up-to-date symlink: /home/ziczac/dev/skripsi_code/ros2_workspace/src/install/wheel_interfaces/include/wheel_interfaces/wheel_interfaces/msg/detail/wheel_infos__rosidl_typesupport_fastrtps_c.h
[4.053s] -- Up-to-date symlink: /home/ziczac/dev/skripsi_code/ros2_workspace/src/install/wheel_interfaces/include/wheel_interfaces/wheel_interfaces/msg/rosidl_typesupport_fastrtps_c__visibility_control.h
[4.054s] -- Up-to-date symlink: /home/ziczac/dev/skripsi_code/ros2_workspace/src/install/wheel_interfaces/include/wheel_interfaces/wheel_interfaces/msg/detail/wheel_infos__rosidl_typesupport_introspection_c.h
[4.054s] -- Up-to-date symlink: /home/ziczac/dev/skripsi_code/ros2_workspace/src/install/wheel_interfaces/include/wheel_interfaces/wheel_interfaces/msg/rosidl_typesupport_introspection_c__visibility_control.h
[4.055s] -- Up-to-date symlink: /home/ziczac/dev/skripsi_code/ros2_workspace/src/install/wheel_interfaces/include/wheel_interfaces/wheel_interfaces/msg/detail/wheel_infos__builder.hpp
[4.055s] -- Up-to-date symlink: /home/ziczac/dev/skripsi_code/ros2_workspace/src/install/wheel_interfaces/include/wheel_interfaces/wheel_interfaces/msg/detail/wheel_infos__struct.hpp
[4.056s] -- Up-to-date symlink: /home/ziczac/dev/skripsi_code/ros2_workspace/src/install/wheel_interfaces/include/wheel_interfaces/wheel_interfaces/msg/detail/wheel_infos__traits.hpp
[4.056s] -- Up-to-date symlink: /home/ziczac/dev/skripsi_code/ros2_workspace/src/install/wheel_interfaces/include/wheel_interfaces/wheel_interfaces/msg/wheel_infos.hpp
[4.057s] -- Up-to-date symlink: /home/ziczac/dev/skripsi_code/ros2_workspace/src/install/wheel_interfaces/include/wheel_interfaces/wheel_interfaces/msg/detail/wheel_infos__rosidl_typesupport_fastrtps_cpp.hpp
[4.057s] -- Up-to-date symlink: /home/ziczac/dev/skripsi_code/ros2_workspace/src/install/wheel_interfaces/include/wheel_interfaces/wheel_interfaces/msg/rosidl_typesupport_fastrtps_cpp__visibility_control.h
[4.057s] -- Up-to-date symlink: /home/ziczac/dev/skripsi_code/ros2_workspace/src/install/wheel_interfaces/include/wheel_interfaces/wheel_interfaces/msg/detail/wheel_infos__rosidl_typesupport_introspection_cpp.hpp
[4.058s] -- Up-to-date symlink: /home/ziczac/dev/skripsi_code/ros2_workspace/src/install/wheel_interfaces/share/wheel_interfaces/environment/pythonpath.sh
[4.058s] -- Up-to-date symlink: /home/ziczac/dev/skripsi_code/ros2_workspace/src/install/wheel_interfaces/share/wheel_interfaces/environment/pythonpath.dsv
[4.058s] -- Up-to-date symlink: /home/ziczac/dev/skripsi_code/ros2_workspace/src/install/wheel_interfaces/local/lib/python3.10/dist-packages/wheel_interfaces-0.0.0-py3.10.egg-info/PKG-INFO
[4.058s] -- Up-to-date symlink: /home/ziczac/dev/skripsi_code/ros2_workspace/src/install/wheel_interfaces/local/lib/python3.10/dist-packages/wheel_interfaces-0.0.0-py3.10.egg-info/SOURCES.txt
[4.058s] -- Up-to-date symlink: /home/ziczac/dev/skripsi_code/ros2_workspace/src/install/wheel_interfaces/local/lib/python3.10/dist-packages/wheel_interfaces-0.0.0-py3.10.egg-info/dependency_links.txt
[4.059s] -- Up-to-date symlink: /home/ziczac/dev/skripsi_code/ros2_workspace/src/install/wheel_interfaces/local/lib/python3.10/dist-packages/wheel_interfaces-0.0.0-py3.10.egg-info/top_level.txt
[4.059s] -- Up-to-date symlink: /home/ziczac/dev/skripsi_code/ros2_workspace/src/install/wheel_interfaces/local/lib/python3.10/dist-packages/wheel_interfaces/__init__.py
[4.059s] -- Up-to-date symlink: /home/ziczac/dev/skripsi_code/ros2_workspace/src/install/wheel_interfaces/local/lib/python3.10/dist-packages/wheel_interfaces/_wheel_interfaces_s.ep.rosidl_typesupport_c.c
[4.063s] -- Up-to-date symlink: /home/ziczac/dev/skripsi_code/ros2_workspace/src/install/wheel_interfaces/local/lib/python3.10/dist-packages/wheel_interfaces/_wheel_interfaces_s.ep.rosidl_typesupport_fastrtps_c.c
[4.063s] -- Up-to-date symlink: /home/ziczac/dev/skripsi_code/ros2_workspace/src/install/wheel_interfaces/local/lib/python3.10/dist-packages/wheel_interfaces/_wheel_interfaces_s.ep.rosidl_typesupport_introspection_c.c
[4.063s] -- Up-to-date symlink: /home/ziczac/dev/skripsi_code/ros2_workspace/src/install/wheel_interfaces/local/lib/python3.10/dist-packages/wheel_interfaces/libwheel_interfaces__rosidl_generator_py.so
[4.064s] -- Up-to-date symlink: /home/ziczac/dev/skripsi_code/ros2_workspace/src/install/wheel_interfaces/local/lib/python3.10/dist-packages/wheel_interfaces/msg/__init__.py
[4.064s] -- Up-to-date symlink: /home/ziczac/dev/skripsi_code/ros2_workspace/src/install/wheel_interfaces/local/lib/python3.10/dist-packages/wheel_interfaces/msg/_wheel_infos.py
[4.064s] -- Up-to-date symlink: /home/ziczac/dev/skripsi_code/ros2_workspace/src/install/wheel_interfaces/local/lib/python3.10/dist-packages/wheel_interfaces/msg/_wheel_infos_s.c
[4.064s] -- Up-to-date symlink: /home/ziczac/dev/skripsi_code/ros2_workspace/src/install/wheel_interfaces/local/lib/python3.10/dist-packages/wheel_interfaces/wheel_interfaces_s__rosidl_typesupport_c.cpython-310-x86_64-linux-gnu.so
[4.065s] -- Up-to-date symlink: /home/ziczac/dev/skripsi_code/ros2_workspace/src/install/wheel_interfaces/local/lib/python3.10/dist-packages/wheel_interfaces/wheel_interfaces_s__rosidl_typesupport_fastrtps_c.cpython-310-x86_64-linux-gnu.so
[4.065s] -- Up-to-date symlink: /home/ziczac/dev/skripsi_code/ros2_workspace/src/install/wheel_interfaces/local/lib/python3.10/dist-packages/wheel_interfaces/wheel_interfaces_s__rosidl_typesupport_introspection_c.cpython-310-x86_64-linux-gnu.so
[4.074s] -- Up-to-date symlink: /home/ziczac/dev/skripsi_code/ros2_workspace/src/install/wheel_interfaces/local/lib/python3.10/dist-packages/wheel_interfaces/wheel_interfaces_s__rosidl_typesupport_fastrtps_c.cpython-310-x86_64-linux-gnu.so
[4.075s] -- Up-to-date symlink: /home/ziczac/dev/skripsi_code/ros2_workspace/src/install/wheel_interfaces/local/lib/python3.10/dist-packages/wheel_interfaces/wheel_interfaces_s__rosidl_typesupport_introspection_c.cpython-310-x86_64-linux-gnu.so
[4.080s] -- Up-to-date symlink: /home/ziczac/dev/skripsi_code/ros2_workspace/src/install/wheel_interfaces/local/lib/python3.10/dist-packages/wheel_interfaces/wheel_interfaces_s__rosidl_typesupport_c.cpython-310-x86_64-linux-gnu.so
[4.080s] -- Up-to-date symlink: /home/ziczac/dev/skripsi_code/ros2_workspace/src/install/wheel_interfaces/share/wheel_interfaces/msg/WheelInfos.idl
[4.081s] -- Up-to-date symlink: /home/ziczac/dev/skripsi_code/ros2_workspace/src/install/wheel_interfaces/share/wheel_interfaces/msg/WheelInfos.msg
[4.081s] -- Up-to-date symlink: /home/ziczac/dev/skripsi_code/ros2_workspace/src/install/wheel_interfaces/share/ament_index/resource_index/package_run_dependencies/wheel_interfaces
[4.081s] -- Up-to-date symlink: /home/ziczac/dev/skripsi_code/ros2_workspace/src/install/wheel_interfaces/share/ament_index/resource_index/parent_prefix_path/wheel_interfaces
[4.082s] -- Up-to-date symlink: /home/ziczac/dev/skripsi_code/ros2_workspace/src/install/wheel_interfaces/share/wheel_interfaces/environment/ament_prefix_path.sh
[4.082s] -- Up-to-date symlink: /home/ziczac/dev/skripsi_code/ros2_workspace/src/install/wheel_interfaces/share/wheel_interfaces/environment/ament_prefix_path.dsv
[4.083s] -- Up-to-date symlink: /home/ziczac/dev/skripsi_code/ros2_workspace/src/install/wheel_interfaces/share/wheel_interfaces/environment/path.sh
[4.083s] -- Up-to-date symlink: /home/ziczac/dev/skripsi_code/ros2_workspace/src/install/wheel_interfaces/share/wheel_interfaces/environment/path.dsv
[4.083s] -- Up-to-date symlink: /home/ziczac/dev/skripsi_code/ros2_workspace/src/install/wheel_interfaces/share/wheel_interfaces/local_setup.bash
[4.084s] -- Up-to-date symlink: /home/ziczac/dev/skripsi_code/ros2_workspace/src/install/wheel_interfaces/share/wheel_interfaces/local_setup.sh
[4.085s] -- Up-to-date symlink: /home/ziczac/dev/skripsi_code/ros2_workspace/src/install/wheel_interfaces/share/wheel_interfaces/local_setup.zsh
[4.085s] -- Up-to-date symlink: /home/ziczac/dev/skripsi_code/ros2_workspace/src/install/wheel_interfaces/share/wheel_interfaces/local_setup.dsv
[4.086s] -- Symlinking: /home/ziczac/dev/skripsi_code/ros2_workspace/src/install/wheel_interfaces/share/wheel_interfaces/package.dsv
[4.139s] -- Up-to-date symlink: /home/ziczac/dev/skripsi_code/ros2_workspace/src/install/wheel_interfaces/share/ament_index/resource_index/packages/wheel_interfaces
[4.139s] -- Up-to-date symlink: /home/ziczac/dev/skripsi_code/ros2_workspace/src/install/wheel_interfaces/share/wheel_interfaces/cmake/rosidl_cmake-extras.cmake
[4.140s] -- Up-to-date symlink: /home/ziczac/dev/skripsi_code/ros2_workspace/src/install/wheel_interfaces/share/wheel_interfaces/cmake/ament_cmake_export_include_directories-extras.cmake
[4.140s] -- Up-to-date symlink: /home/ziczac/dev/skripsi_code/ros2_workspace/src/install/wheel_interfaces/share/wheel_interfaces/cmake/ament_cmake_export_libraries-extras.cmake
[4.140s] -- Up-to-date symlink: /home/ziczac/dev/skripsi_code/ros2_workspace/src/install/wheel_interfaces/share/wheel_interfaces/cmake/ament_cmake_export_targets-extras.cmake
[4.141s] -- Up-to-date symlink: /home/ziczac/dev/skripsi_code/ros2_workspace/src/install/wheel_interfaces/share/wheel_interfaces/cmake/rosidl_cmake_export_typesupport_targets-extras.cmake
[4.144s] -- Up-to-date symlink: /home/ziczac/dev/skripsi_code/ros2_workspace/src/install/wheel_interfaces/share/wheel_interfaces/cmake/ament_cmake_export_dependencies-extras.cmake
[4.144s] -- Up-to-date symlink: /home/ziczac/dev/skripsi_code/ros2_workspace/src/install/wheel_interfaces/share/wheel_interfaces/cmake/rosidl_cmake_export_typesupport_libraries-extras.cmake
[4.145s] -- Up-to-date symlink: /home/ziczac/dev/skripsi_code/ros2_workspace/src/install/wheel_interfaces/share/wheel_interfaces/cmake/wheel_interfacesConfig.cmake
[4.145s] -- Up-to-date symlink: /home/ziczac/dev/skripsi_code/ros2_workspace/src/install/wheel_interfaces/share/wheel_interfaces/cmake/wheel_interfacesConfig-version.cmake
[4.146s] -- Up-to-date symlink: /home/ziczac/dev/skripsi_code/ros2_workspace/src/install/wheel_interfaces/share/wheel_interfaces/package.xml
[4.157s] -- Up-to-date: /home/ziczac/dev/skripsi_code/ros2_workspace/src/install/wheel_interfaces/lib/libwheel_interfaces__rosidl_generator_c.so
[4.192s] -- Up-to-date: /home/ziczac/dev/skripsi_code/ros2_workspace/src/install/wheel_interfaces/lib/libwheel_interfaces__rosidl_typesupport_fastrtps_c.so
[4.226s] -- Up-to-date: /home/ziczac/dev/skripsi_code/ros2_workspace/src/install/wheel_interfaces/lib/libwheel_interfaces__rosidl_typesupport_introspection_c.so
[4.227s] -- Up-to-date: /home/ziczac/dev/skripsi_code/ros2_workspace/src/install/wheel_interfaces/lib/libwheel_interfaces__rosidl_typesupport_c.so
[4.234s] -- Up-to-date: /home/ziczac/dev/skripsi_code/ros2_workspace/src/install/wheel_interfaces/lib/libwheel_interfaces__rosidl_typesupport_fastrtps_cpp.so
[4.302s] -- Up-to-date: /home/ziczac/dev/skripsi_code/ros2_workspace/src/install/wheel_interfaces/lib/libwheel_interfaces__rosidl_typesupport_introspection_cpp.so
[4.324s] -- Up-to-date: /home/ziczac/dev/skripsi_code/ros2_workspace/src/install/wheel_interfaces/lib/libwheel_interfaces__rosidl_typesupport_cpp.so
[4.468s] Listing '/home/ziczac/dev/skripsi_code/ros2_workspace/src/install/wheel_interfaces/local/lib/python3.10/dist-packages/wheel_interfaces'...
[4.469s] Listing '/home/ziczac/dev/skripsi_code/ros2_workspace/src/install/wheel_interfaces/local/lib/python3.10/dist-packages/wheel_interfaces/msg'...
[4.501s] -- Up-to-date: /home/ziczac/dev/skripsi_code/ros2_workspace/src/install/wheel_interfaces/lib/libwheel_interfaces__rosidl_generator_py.so
[4.523s] -- Up-to-date: /home/ziczac/dev/skripsi_code/ros2_workspace/src/install/wheel_interfaces/share/wheel_interfaces/cmake/export_wheel_interfaces__rosidl_generator_cExport.cmake
[4.523s] -- Up-to-date: /home/ziczac/dev/skripsi_code/ros2_workspace/src/install/wheel_interfaces/share/wheel_interfaces/cmake/export_wheel_interfaces__rosidl_generator_cExport-noconfig.cmake
[4.561s] -- Up-to-date: /home/ziczac/dev/skripsi_code/ros2_workspace/src/install/wheel_interfaces/share/wheel_interfaces/cmake/export_wheel_interfaces__rosidl_typesupport_fastrtps_cExport.cmake
[4.562s] -- Up-to-date: /home/ziczac/dev/skripsi_code/ros2_workspace/src/install/wheel_interfaces/share/wheel_interfaces/cmake/export_wheel_interfaces__rosidl_typesupport_fastrtps_cExport-noconfig.cmake
[4.575s] -- Up-to-date: /home/ziczac/dev/skripsi_code/ros2_workspace/src/install/wheel_interfaces/share/wheel_interfaces/cmake/wheel_interfaces__rosidl_typesupport_introspection_cExport.cmake
[4.576s] -- Up-to-date: /home/ziczac/dev/skripsi_code/ros2_workspace/src/install/wheel_interfaces/share/wheel_interfaces/cmake/wheel_interfaces__rosidl_typesupport_introspection_cExport-noconfig.cmake
[4.588s] -- Up-to-date: /home/ziczac/dev/skripsi_code/ros2_workspace/src/install/wheel_interfaces/share/wheel_interfaces/cmake/wheel_interfaces__rosidl_typesupport_cExport.cmake
[4.589s] -- Up-to-date: /home/ziczac/dev/skripsi_code/ros2_workspace/src/install/wheel_interfaces/share/wheel_interfaces/cmake/wheel_interfaces__rosidl_typesupport_cExport-noconfig.cmake
[4.600s] -- Up-to-date: /home/ziczac/dev/skripsi_code/ros2_workspace/src/install/wheel_interfaces/share/wheel_interfaces/cmake/export_wheel_interfaces__rosidl_generator_cppExport.cmake
[4.602s] -- Up-to-date: /home/ziczac/dev/skripsi_code/ros2_workspace/src/install/wheel_interfaces/share/wheel_interfaces/cmake/export_wheel_interfaces__rosidl_typesupport_fastrtps_cppExport.cmake
[4.603s] -- Up-to-date: /home/ziczac/dev/skripsi_code/ros2_workspace/src/install/wheel_interfaces/share/wheel_interfaces/cmake/export_wheel_interfaces__rosidl_typesupport_fastrtps_cppExport-noconfig.cmake
[4.622s] -- Up-to-date: /home/ziczac/dev/skripsi_code/ros2_workspace/src/install/wheel_interfaces/share/wheel_interfaces/cmake/wheel_interfaces__rosidl_typesupport_introspection_cppExport.cmake
[4.623s] -- Up-to-date: /home/ziczac/dev/skripsi_code/ros2_workspace/src/install/wheel_interfaces/share/wheel_interfaces/cmake/wheel_interfaces__rosidl_typesupport_introspection_cppExport-noconfig.cmake
[4.627s] -- Up-to-date: /home/ziczac/dev/skripsi_code/ros2_workspace/src/install/wheel_interfaces/share/wheel_interfaces/cmake/wheel_interfaces__rosidl_typesupport_cppExport.cmake
[4.627s] -- Up-to-date: /home/ziczac/dev/skripsi_code/ros2_workspace/src/install/wheel_interfaces/share/wheel_interfaces/cmake/wheel_interfaces__rosidl_typesupport_cppExport-noconfig.cmake
[4.648s] -- Up-to-date: /home/ziczac/dev/skripsi_code/ros2_workspace/src/install/wheel_interfaces/share/wheel_interfaces/cmake/export_wheel_interfaces__rosidl_generator_pyExport.cmake
[4.649s] -- Up-to-date: /home/ziczac/dev/skripsi_code/ros2_workspace/src/install/wheel_interfaces/share/wheel_interfaces/cmake/export_wheel_interfaces__rosidl_generator_pyExport-noconfig.cmake
[4.669s] Invoked command in '/home/ziczac/dev/skripsi_code/ros2_workspace/src/build/wheel_interfaces' returned '0': CMAKE_PREFIX_PATH=${CMAKE_PREFIX_PATH}:/home/ziczac/dev/skripsi_code/ros2_workspace/install/motor:/home/ziczac/dev/skripsi_code/ros2_workspace/install/gui:/home/ziczac/dev/skripsi_code/ros2_workspace/install/rosboard:/home/ziczac/dev/skripsi_code/ros2_workspace/install/log_odds_map:/home/ziczac/dev/skripsi_code/ros2_workspace/install/icp-graph-slam:/home/ziczac/dev/skripsi_code/ros2_workspace/install/diff_drive:/opt/ros/humble /usr/bin/cmake --install /home/ziczac/dev/skripsi_code/ros2_workspace/src/build/wheel_interfaces
