[0.145s] Invoking command in '/home/ziczac/dev/skripsi_code/ros2_workspace/build/lslidar_driver': AMENT_PREFIX_PATH=/home/ziczac/dev/skripsi_code/ros2_workspace/install/lslidar_msgs:${AMENT_PREFIX_PATH} CMAKE_PREFIX_PATH=/home/ziczac/dev/skripsi_code/ros2_workspace/install/lslidar_msgs:/opt/ros/humble LD_LIBRARY_PATH=/home/ziczac/dev/skripsi_code/ros2_workspace/install/lslidar_msgs/lib:${LD_LIBRARY_PATH} PYTHONPATH=/home/ziczac/dev/skripsi_code/ros2_workspace/install/lslidar_msgs/local/lib/python3.10/dist-packages:${PYTHONPATH} /usr/bin/cmake --build /home/ziczac/dev/skripsi_code/ros2_workspace/build/lslidar_driver -- -j8 -l8
[0.657s] [35m[1mConsolidate compiler generated dependencies of target lslidar_driver_node[0m
[0.864s] [100%] Built target lslidar_driver_node
[0.931s] Invoked command in '/home/ziczac/dev/skripsi_code/ros2_workspace/build/lslidar_driver' returned '0': AMENT_PREFIX_PATH=/home/ziczac/dev/skripsi_code/ros2_workspace/install/lslidar_msgs:${AMENT_PREFIX_PATH} CMAKE_PREFIX_PATH=/home/ziczac/dev/skripsi_code/ros2_workspace/install/lslidar_msgs:/opt/ros/humble LD_LIBRARY_PATH=/home/ziczac/dev/skripsi_code/ros2_workspace/install/lslidar_msgs/lib:${LD_LIBRARY_PATH} PYTHONPATH=/home/ziczac/dev/skripsi_code/ros2_workspace/install/lslidar_msgs/local/lib/python3.10/dist-packages:${PYTHONPATH} /usr/bin/cmake --build /home/ziczac/dev/skripsi_code/ros2_workspace/build/lslidar_driver -- -j8 -l8
[1.458s] Invoking command in '/home/ziczac/dev/skripsi_code/ros2_workspace/build/lslidar_driver': AMENT_PREFIX_PATH=/home/ziczac/dev/skripsi_code/ros2_workspace/install/lslidar_msgs:${AMENT_PREFIX_PATH} CMAKE_PREFIX_PATH=/home/ziczac/dev/skripsi_code/ros2_workspace/install/lslidar_msgs:/opt/ros/humble LD_LIBRARY_PATH=/home/ziczac/dev/skripsi_code/ros2_workspace/install/lslidar_msgs/lib:${LD_LIBRARY_PATH} PYTHONPATH=/home/ziczac/dev/skripsi_code/ros2_workspace/install/lslidar_msgs/local/lib/python3.10/dist-packages:${PYTHONPATH} /usr/bin/cmake --install /home/ziczac/dev/skripsi_code/ros2_workspace/build/lslidar_driver
[1.506s] -- Install configuration: ""
[1.530s] -- Execute custom install script
[1.531s] -- Up-to-date symlink: /home/ziczac/dev/skripsi_code/ros2_workspace/install/lslidar_driver/share/lslidar_driver/launch/lslidar_double_launch.py
[1.532s] -- Up-to-date symlink: /home/ziczac/dev/skripsi_code/ros2_workspace/install/lslidar_driver/share/lslidar_driver/launch/lslidar_launch.py
[1.535s] -- Up-to-date symlink: /home/ziczac/dev/skripsi_code/ros2_workspace/install/lslidar_driver/share/lslidar_driver/params/lsx10.yaml
[1.536s] -- Up-to-date symlink: /home/ziczac/dev/skripsi_code/ros2_workspace/install/lslidar_driver/share/lslidar_driver/params/lsx10_1.yaml
[1.536s] -- Up-to-date symlink: /home/ziczac/dev/skripsi_code/ros2_workspace/install/lslidar_driver/share/lslidar_driver/params/lsx10_2.yaml
[1.536s] -- Up-to-date symlink: /home/ziczac/dev/skripsi_code/ros2_workspace/install/lslidar_driver/share/lslidar_driver/rviz/lslidar.rviz
[1.537s] -- Up-to-date symlink: /home/ziczac/dev/skripsi_code/ros2_workspace/install/lslidar_driver/lib/lslidar_driver/lslidar_driver_node
[1.537s] -- Up-to-date symlink: /home/ziczac/dev/skripsi_code/ros2_workspace/install/lslidar_driver/share/ament_index/resource_index/package_run_dependencies/lslidar_driver
[1.537s] -- Up-to-date symlink: /home/ziczac/dev/skripsi_code/ros2_workspace/install/lslidar_driver/share/ament_index/resource_index/parent_prefix_path/lslidar_driver
[1.538s] -- Up-to-date symlink: /home/ziczac/dev/skripsi_code/ros2_workspace/install/lslidar_driver/share/lslidar_driver/environment/ament_prefix_path.sh
[1.538s] -- Up-to-date symlink: /home/ziczac/dev/skripsi_code/ros2_workspace/install/lslidar_driver/share/lslidar_driver/environment/ament_prefix_path.dsv
[1.539s] -- Up-to-date symlink: /home/ziczac/dev/skripsi_code/ros2_workspace/install/lslidar_driver/share/lslidar_driver/environment/path.sh
[1.541s] -- Up-to-date symlink: /home/ziczac/dev/skripsi_code/ros2_workspace/install/lslidar_driver/share/lslidar_driver/environment/path.dsv
[1.548s] -- Up-to-date symlink: /home/ziczac/dev/skripsi_code/ros2_workspace/install/lslidar_driver/share/lslidar_driver/local_setup.bash
[1.549s] -- Up-to-date symlink: /home/ziczac/dev/skripsi_code/ros2_workspace/install/lslidar_driver/share/lslidar_driver/local_setup.sh
[1.549s] -- Up-to-date symlink: /home/ziczac/dev/skripsi_code/ros2_workspace/install/lslidar_driver/share/lslidar_driver/local_setup.zsh
[1.550s] -- Up-to-date symlink: /home/ziczac/dev/skripsi_code/ros2_workspace/install/lslidar_driver/share/lslidar_driver/local_setup.dsv
[1.550s] -- Symlinking: /home/ziczac/dev/skripsi_code/ros2_workspace/install/lslidar_driver/share/lslidar_driver/package.dsv
[1.587s] -- Up-to-date symlink: /home/ziczac/dev/skripsi_code/ros2_workspace/install/lslidar_driver/share/ament_index/resource_index/packages/lslidar_driver
[1.589s] -- Up-to-date symlink: /home/ziczac/dev/skripsi_code/ros2_workspace/install/lslidar_driver/share/lslidar_driver/cmake/ament_cmake_export_dependencies-extras.cmake
[1.589s] -- Up-to-date symlink: /home/ziczac/dev/skripsi_code/ros2_workspace/install/lslidar_driver/share/lslidar_driver/cmake/ament_cmake_export_include_directories-extras.cmake
[1.590s] -- Up-to-date symlink: /home/ziczac/dev/skripsi_code/ros2_workspace/install/lslidar_driver/share/lslidar_driver/cmake/lslidar_driverConfig.cmake
[1.590s] -- Up-to-date symlink: /home/ziczac/dev/skripsi_code/ros2_workspace/install/lslidar_driver/share/lslidar_driver/cmake/lslidar_driverConfig-version.cmake
[1.590s] -- Up-to-date symlink: /home/ziczac/dev/skripsi_code/ros2_workspace/install/lslidar_driver/share/lslidar_driver/package.xml
[1.605s] Invoked command in '/home/ziczac/dev/skripsi_code/ros2_workspace/build/lslidar_driver' returned '0': AMENT_PREFIX_PATH=/home/ziczac/dev/skripsi_code/ros2_workspace/install/lslidar_msgs:${AMENT_PREFIX_PATH} CMAKE_PREFIX_PATH=/home/ziczac/dev/skripsi_code/ros2_workspace/install/lslidar_msgs:/opt/ros/humble LD_LIBRARY_PATH=/home/ziczac/dev/skripsi_code/ros2_workspace/install/lslidar_msgs/lib:${LD_LIBRARY_PATH} PYTHONPATH=/home/ziczac/dev/skripsi_code/ros2_workspace/install/lslidar_msgs/local/lib/python3.10/dist-packages:${PYTHONPATH} /usr/bin/cmake --install /home/ziczac/dev/skripsi_code/ros2_workspace/build/lslidar_driver
