[4.195s] Invoking command in '/home/ziczac/dev/skripsi_code/ros2_workspace/build/log_odds_map': PYTHONPATH=/home/ziczac/dev/skripsi_code/ros2_workspace/build/log_odds_map/prefix_override:/home/ziczac/dev/skripsi_code/ros2_workspace/install/log_odds_map/lib/python3.10/site-packages:${PYTHONPATH} /usr/bin/python3 -W ignore:setup.py install is deprecated setup.py develop --editable --build-directory /home/ziczac/dev/skripsi_code/ros2_workspace/build/log_odds_map/build --no-deps symlink_data
[4.971s] running develop
[4.971s] /home/ziczac/.local/lib/python3.10/site-packages/setuptools/command/develop.py:40: EasyInstallDeprecationWarning: easy_install command is deprecated.
[4.972s] !!
[4.972s] 
[4.973s]         ********************************************************************************
[4.973s]         Please avoid running ``setup.py`` and ``easy_install``.
[4.974s]         Instead, use pypa/build, pypa/installer or other
[4.974s]         standards-based tools.
[4.975s] 
[4.975s]         See https://github.com/pypa/setuptools/issues/917 for details.
[4.976s]         ********************************************************************************
[4.976s] 
[4.977s] !!
[4.977s]   easy_install.initialize_options(self)
[5.524s] running egg_info
[5.569s] writing log_odds_map.egg-info/PKG-INFO
[5.576s] writing dependency_links to log_odds_map.egg-info/dependency_links.txt
[5.577s] writing entry points to log_odds_map.egg-info/entry_points.txt
[5.577s] writing requirements to log_odds_map.egg-info/requires.txt
[5.578s] writing top-level names to log_odds_map.egg-info/top_level.txt
[5.717s] reading manifest file 'log_odds_map.egg-info/SOURCES.txt'
[5.718s] writing manifest file 'log_odds_map.egg-info/SOURCES.txt'
[5.773s] running build_ext
[5.773s] Creating /home/ziczac/dev/skripsi_code/ros2_workspace/install/log_odds_map/lib/python3.10/site-packages/log-odds-map.egg-link (link to .)
[5.777s] Installing occ_map script to /home/ziczac/dev/skripsi_code/ros2_workspace/install/log_odds_map/lib/log_odds_map
[5.778s] 
[5.778s] Installed /home/ziczac/dev/skripsi_code/ros2_workspace/build/log_odds_map
[5.778s] running symlink_data
[5.778s] symbolically linking /home/ziczac/dev/skripsi_code/ros2_workspace/build/log_odds_map/resource/log_odds_map -> /home/ziczac/dev/skripsi_code/ros2_workspace/install/log_odds_map/share/ament_index/resource_index/packages
[5.778s] error: [Errno 17] File exists: '/home/ziczac/dev/skripsi_code/ros2_workspace/build/log_odds_map/resource/log_odds_map' -> '/home/ziczac/dev/skripsi_code/ros2_workspace/install/log_odds_map/share/ament_index/resource_index/packages/log_odds_map'
[5.895s] Invoked command in '/home/ziczac/dev/skripsi_code/ros2_workspace/build/log_odds_map' returned '1': PYTHONPATH=/home/ziczac/dev/skripsi_code/ros2_workspace/build/log_odds_map/prefix_override:/home/ziczac/dev/skripsi_code/ros2_workspace/install/log_odds_map/lib/python3.10/site-packages:${PYTHONPATH} /usr/bin/python3 -W ignore:setup.py install is deprecated setup.py develop --editable --build-directory /home/ziczac/dev/skripsi_code/ros2_workspace/build/log_odds_map/build --no-deps symlink_data
