[0.052s] Invoking command in '/home/ziczac/dev/skripsi_code/ros2_workspace/build/lslidar_msgs': CMAKE_PREFIX_PATH=/opt/ros/humble /usr/bin/cmake --build /home/ziczac/dev/skripsi_code/ros2_workspace/build/lslidar_msgs -- -j8 -l8
[1.011s] [  1%] Built target lslidar_msgs__cpp
[1.011s] [ 12%] Built target lslidar_msgs__rosidl_generator_c
[1.011s] [ 12%] Built target ament_cmake_python_symlink_lslidar_msgs
[1.011s] [ 23%] Built target lslidar_msgs__rosidl_typesupport_introspection_cpp
[1.011s] [ 34%] Built target lslidar_msgs__rosidl_typesupport_cpp
[1.012s] [ 46%] Built target lslidar_msgs__rosidl_typesupport_c
[1.012s] [ 57%] Built target lslidar_msgs__rosidl_typesupport_fastrtps_c
[1.012s] [ 68%] Built target lslidar_msgs__rosidl_typesupport_introspection_c
[1.012s] [ 79%] Built target lslidar_msgs__rosidl_typesupport_fastrtps_cpp
[1.012s] [ 79%] Built target lslidar_msgs
[1.012s] [ 80%] Built target lslidar_msgs__py
[1.012s] [ 90%] Built target lslidar_msgs__rosidl_generator_py
[1.012s] [ 93%] Built target lslidar_msgs__rosidl_typesupport_introspection_c__pyext
[1.013s] [ 96%] Built target lslidar_msgs__rosidl_typesupport_c__pyext
[1.013s] [100%] Built target lslidar_msgs__rosidl_typesupport_fastrtps_c__pyext
[1.013s] running egg_info
[1.013s] writing lslidar_msgs.egg-info/PKG-INFO
[1.013s] writing dependency_links to lslidar_msgs.egg-info/dependency_links.txt
[1.013s] writing top-level names to lslidar_msgs.egg-info/top_level.txt
[1.014s] reading manifest file 'lslidar_msgs.egg-info/SOURCES.txt'
[1.014s] writing manifest file 'lslidar_msgs.egg-info/SOURCES.txt'
[1.014s] [100%] Built target ament_cmake_python_build_lslidar_msgs_egg
[1.417s] Invoked command in '/home/ziczac/dev/skripsi_code/ros2_workspace/build/lslidar_msgs' returned '0': CMAKE_PREFIX_PATH=/opt/ros/humble /usr/bin/cmake --build /home/ziczac/dev/skripsi_code/ros2_workspace/build/lslidar_msgs -- -j8 -l8
