[9.021s] Invoking command in '/home/ziczac/dev/skripsi_code/ros2_workspace/build/motor': PYTHONPATH=/home/ziczac/dev/skripsi_code/ros2_workspace/build/motor/prefix_override:/home/ziczac/dev/skripsi_code/ros2_workspace/install/motor/lib/python3.10/site-packages:${PYTHONPATH} /usr/bin/python3 setup.py develop --editable --build-directory /home/ziczac/dev/skripsi_code/ros2_workspace/build/motor/build --no-deps install_data
[9.982s] running develop
[10.018s] /home/ziczac/.local/lib/python3.10/site-packages/setuptools/command/develop.py:40: EasyInstallDeprecationWarning: easy_install command is deprecated.
[10.019s] !!
[10.020s] 
[10.020s]         ********************************************************************************
[10.020s]         Please avoid running ``setup.py`` and ``easy_install``.
[10.020s]         Instead, use pypa/build, pypa/installer or other
[10.020s]         standards-based tools.
[10.021s] 
[10.021s]         See https://github.com/pypa/setuptools/issues/917 for details.
[10.021s]         ********************************************************************************
[10.021s] 
[10.021s] !!
[10.021s]   easy_install.initialize_options(self)
[10.177s] /home/ziczac/.local/lib/python3.10/site-packages/setuptools/_distutils/cmd.py:66: SetuptoolsDeprecationWarning: setup.py install is deprecated.
[10.177s] !!
[10.177s] 
[10.177s]         ********************************************************************************
[10.178s]         Please avoid running ``setup.py`` directly.
[10.178s]         Instead, use pypa/build, pypa/installer or other
[10.178s]         standards-based tools.
[10.178s] 
[10.178s]         See https://blog.ganssle.io/articles/2021/10/setup-py-deprecated.html for details.
[10.178s]         ********************************************************************************
[10.179s] 
[10.179s] !!
[10.179s]   self.initialize_options()
[11.806s] running egg_info
[12.296s] writing motor.egg-info/PKG-INFO
[12.302s] writing dependency_links to motor.egg-info/dependency_links.txt
[12.306s] writing entry points to motor.egg-info/entry_points.txt
[12.310s] writing requirements to motor.egg-info/requires.txt
[12.312s] writing top-level names to motor.egg-info/top_level.txt
[13.147s] reading manifest file 'motor.egg-info/SOURCES.txt'
[13.163s] writing manifest file 'motor.egg-info/SOURCES.txt'
[13.574s] running build_ext
[13.575s] Creating /home/ziczac/dev/skripsi_code/ros2_workspace/install/motor/lib/python3.10/site-packages/motor.egg-link (link to .)
[13.583s] Installing motor script to /home/ziczac/dev/skripsi_code/ros2_workspace/install/motor/lib/motor
[13.587s] 
[13.588s] Installed /home/ziczac/dev/skripsi_code/ros2_workspace/build/motor
[13.589s] running install_data
[13.591s] copying resource/motor -> /home/ziczac/dev/skripsi_code/ros2_workspace/install/motor/share/ament_index/resource_index/packages
[13.593s] copying package.xml -> /home/ziczac/dev/skripsi_code/ros2_workspace/install/motor/share/motor
[13.945s] Invoked command in '/home/ziczac/dev/skripsi_code/ros2_workspace/build/motor' returned '0': PYTHONPATH=/home/ziczac/dev/skripsi_code/ros2_workspace/build/motor/prefix_override:/home/ziczac/dev/skripsi_code/ros2_workspace/install/motor/lib/python3.10/site-packages:${PYTHONPATH} /usr/bin/python3 setup.py develop --editable --build-directory /home/ziczac/dev/skripsi_code/ros2_workspace/build/motor/build --no-deps install_data
