[4.591s] Invoking command in '/home/ziczac/dev/skripsi_code/ros2_workspace/src/build/my_bot': CMAKE_PREFIX_PATH=${CMAKE_PREFIX_PATH}:/home/ziczac/dev/skripsi_code/ros2_workspace/install/motor:/home/ziczac/dev/skripsi_code/ros2_workspace/install/gui:/home/ziczac/dev/skripsi_code/ros2_workspace/install/rosboard:/home/ziczac/dev/skripsi_code/ros2_workspace/install/log_odds_map:/home/ziczac/dev/skripsi_code/ros2_workspace/install/diff_drive:/opt/ros/humble /usr/bin/cmake /home/ziczac/dev/skripsi_code/ros2_workspace/src/my_bot -DAMENT_CMAKE_SYMLINK_INSTALL=1 -DCMAKE_INSTALL_PREFIX=/home/ziczac/dev/skripsi_code/ros2_workspace/src/install/my_bot
[6.389s] -- The C compiler identification is GNU 11.4.0
[8.736s] -- The CXX compiler identification is GNU 11.4.0
[9.291s] -- Detecting C compiler ABI info
[10.694s] -- Detecting C compiler ABI info - done
[10.775s] -- Check for working C compiler: /usr/bin/cc - skipped
[10.775s] -- Detecting C compile features
[10.776s] -- Detecting C compile features - done
[10.799s] -- Detecting CXX compiler ABI info
[11.584s] -- Detecting CXX compiler ABI info - done
[11.626s] -- Check for working CXX compiler: /usr/bin/c++ - skipped
[11.649s] -- Detecting CXX compile features
[11.650s] -- Detecting CXX compile features - done
[12.494s] -- Found ament_cmake: 1.3.8 (/opt/ros/humble/share/ament_cmake/cmake)
[14.228s] -- Found Python3: /usr/bin/python3 (found version "3.10.12") found components: Interpreter 
[14.737s] -- Override CMake install command with custom implementation using symlinks instead of copying resources
[15.984s] -- Found ament_lint_auto: 0.12.10 (/opt/ros/humble/share/ament_lint_auto/cmake)
[17.995s] -- Added test 'copyright' to check source files copyright and LICENSE
[18.155s] -- Added test 'flake8' to check Python code syntax and style conventions
[18.200s] -- Added test 'lint_cmake' to check CMake code style
[18.200s] -- Added test 'pep257' to check Python code against some of the docstring style conventions in PEP 257
[18.284s] -- Added test 'xmllint' to check XML markup files
[18.545s] -- Configuring done
[18.564s] -- Generating done
[18.567s] -- Build files have been written to: /home/ziczac/dev/skripsi_code/ros2_workspace/src/build/my_bot
[18.646s] Invoked command in '/home/ziczac/dev/skripsi_code/ros2_workspace/src/build/my_bot' returned '0': CMAKE_PREFIX_PATH=${CMAKE_PREFIX_PATH}:/home/ziczac/dev/skripsi_code/ros2_workspace/install/motor:/home/ziczac/dev/skripsi_code/ros2_workspace/install/gui:/home/ziczac/dev/skripsi_code/ros2_workspace/install/rosboard:/home/ziczac/dev/skripsi_code/ros2_workspace/install/log_odds_map:/home/ziczac/dev/skripsi_code/ros2_workspace/install/diff_drive:/opt/ros/humble /usr/bin/cmake /home/ziczac/dev/skripsi_code/ros2_workspace/src/my_bot -DAMENT_CMAKE_SYMLINK_INSTALL=1 -DCMAKE_INSTALL_PREFIX=/home/ziczac/dev/skripsi_code/ros2_workspace/src/install/my_bot
[18.649s] Invoking command in '/home/ziczac/dev/skripsi_code/ros2_workspace/src/build/my_bot': CMAKE_PREFIX_PATH=${CMAKE_PREFIX_PATH}:/home/ziczac/dev/skripsi_code/ros2_workspace/install/motor:/home/ziczac/dev/skripsi_code/ros2_workspace/install/gui:/home/ziczac/dev/skripsi_code/ros2_workspace/install/rosboard:/home/ziczac/dev/skripsi_code/ros2_workspace/install/log_odds_map:/home/ziczac/dev/skripsi_code/ros2_workspace/install/diff_drive:/opt/ros/humble /usr/bin/cmake --build /home/ziczac/dev/skripsi_code/ros2_workspace/src/build/my_bot -- -j8 -l8
[21.418s] Invoked command in '/home/ziczac/dev/skripsi_code/ros2_workspace/src/build/my_bot' returned '0': CMAKE_PREFIX_PATH=${CMAKE_PREFIX_PATH}:/home/ziczac/dev/skripsi_code/ros2_workspace/install/motor:/home/ziczac/dev/skripsi_code/ros2_workspace/install/gui:/home/ziczac/dev/skripsi_code/ros2_workspace/install/rosboard:/home/ziczac/dev/skripsi_code/ros2_workspace/install/log_odds_map:/home/ziczac/dev/skripsi_code/ros2_workspace/install/diff_drive:/opt/ros/humble /usr/bin/cmake --build /home/ziczac/dev/skripsi_code/ros2_workspace/src/build/my_bot -- -j8 -l8
[22.332s] Invoking command in '/home/ziczac/dev/skripsi_code/ros2_workspace/src/build/my_bot': CMAKE_PREFIX_PATH=${CMAKE_PREFIX_PATH}:/home/ziczac/dev/skripsi_code/ros2_workspace/install/motor:/home/ziczac/dev/skripsi_code/ros2_workspace/install/gui:/home/ziczac/dev/skripsi_code/ros2_workspace/install/rosboard:/home/ziczac/dev/skripsi_code/ros2_workspace/install/log_odds_map:/home/ziczac/dev/skripsi_code/ros2_workspace/install/diff_drive:/opt/ros/humble /usr/bin/cmake --install /home/ziczac/dev/skripsi_code/ros2_workspace/src/build/my_bot
[22.430s] -- Install configuration: ""
[22.431s] -- Execute custom install script
[22.432s] -- Symlinking: /home/ziczac/dev/skripsi_code/ros2_workspace/src/install/my_bot/share/my_bot/config/empty.yaml
[22.483s] -- Symlinking: /home/ziczac/dev/skripsi_code/ros2_workspace/src/install/my_bot/share/my_bot/config/gazebo_params.yaml
[22.542s] -- Symlinking: /home/ziczac/dev/skripsi_code/ros2_workspace/src/install/my_bot/share/my_bot/config/mapper_params_online_async.yaml
[22.598s] -- Symlinking: /home/ziczac/dev/skripsi_code/ros2_workspace/src/install/my_bot/share/my_bot/config/rviz2_learn.rviz
[22.669s] -- Symlinking: /home/ziczac/dev/skripsi_code/ros2_workspace/src/install/my_bot/share/my_bot/description/gazebo_control.xacro
[22.733s] -- Symlinking: /home/ziczac/dev/skripsi_code/ros2_workspace/src/install/my_bot/share/my_bot/description/inertial_macros.xacro
[22.789s] -- Symlinking: /home/ziczac/dev/skripsi_code/ros2_workspace/src/install/my_bot/share/my_bot/description/lidar.xacro
[22.865s] -- Symlinking: /home/ziczac/dev/skripsi_code/ros2_workspace/src/install/my_bot/share/my_bot/description/robot.urdf.xacro
[22.935s] -- Symlinking: /home/ziczac/dev/skripsi_code/ros2_workspace/src/install/my_bot/share/my_bot/description/robot_core.xacro
[23.010s] -- Symlinking: /home/ziczac/dev/skripsi_code/ros2_workspace/src/install/my_bot/share/my_bot/launch/launch_sim.launch.py
[23.096s] -- Symlinking: /home/ziczac/dev/skripsi_code/ros2_workspace/src/install/my_bot/share/my_bot/launch/rsp.launch.py
[23.144s] -- Symlinking: /home/ziczac/dev/skripsi_code/ros2_workspace/src/install/my_bot/share/my_bot/worlds/4x6+pwst.world
[23.194s] -- Symlinking: /home/ziczac/dev/skripsi_code/ros2_workspace/src/install/my_bot/share/my_bot/worlds/4x6.world
[23.257s] -- Symlinking: /home/ziczac/dev/skripsi_code/ros2_workspace/src/install/my_bot/share/my_bot/worlds/empty.world
[23.302s] -- Symlinking: /home/ziczac/dev/skripsi_code/ros2_workspace/src/install/my_bot/share/my_bot/worlds/ruangan.world
[23.353s] -- Symlinking: /home/ziczac/dev/skripsi_code/ros2_workspace/src/install/my_bot/share/ament_index/resource_index/package_run_dependencies/my_bot
[23.406s] -- Symlinking: /home/ziczac/dev/skripsi_code/ros2_workspace/src/install/my_bot/share/ament_index/resource_index/parent_prefix_path/my_bot
[23.453s] -- Symlinking: /home/ziczac/dev/skripsi_code/ros2_workspace/src/install/my_bot/share/my_bot/environment/ament_prefix_path.sh
[23.501s] -- Symlinking: /home/ziczac/dev/skripsi_code/ros2_workspace/src/install/my_bot/share/my_bot/environment/ament_prefix_path.dsv
[23.562s] -- Symlinking: /home/ziczac/dev/skripsi_code/ros2_workspace/src/install/my_bot/share/my_bot/environment/path.sh
[23.617s] -- Symlinking: /home/ziczac/dev/skripsi_code/ros2_workspace/src/install/my_bot/share/my_bot/environment/path.dsv
[23.664s] -- Symlinking: /home/ziczac/dev/skripsi_code/ros2_workspace/src/install/my_bot/share/my_bot/local_setup.bash
[23.722s] -- Symlinking: /home/ziczac/dev/skripsi_code/ros2_workspace/src/install/my_bot/share/my_bot/local_setup.sh
[23.781s] -- Symlinking: /home/ziczac/dev/skripsi_code/ros2_workspace/src/install/my_bot/share/my_bot/local_setup.zsh
[23.831s] -- Symlinking: /home/ziczac/dev/skripsi_code/ros2_workspace/src/install/my_bot/share/my_bot/local_setup.dsv
[23.895s] -- Symlinking: /home/ziczac/dev/skripsi_code/ros2_workspace/src/install/my_bot/share/my_bot/package.dsv
[23.947s] -- Symlinking: /home/ziczac/dev/skripsi_code/ros2_workspace/src/install/my_bot/share/ament_index/resource_index/packages/my_bot
[24.001s] -- Symlinking: /home/ziczac/dev/skripsi_code/ros2_workspace/src/install/my_bot/share/my_bot/cmake/my_botConfig.cmake
[24.056s] -- Symlinking: /home/ziczac/dev/skripsi_code/ros2_workspace/src/install/my_bot/share/my_bot/cmake/my_botConfig-version.cmake
[24.109s] -- Symlinking: /home/ziczac/dev/skripsi_code/ros2_workspace/src/install/my_bot/share/my_bot/package.xml
[24.184s] Invoked command in '/home/ziczac/dev/skripsi_code/ros2_workspace/src/build/my_bot' returned '0': CMAKE_PREFIX_PATH=${CMAKE_PREFIX_PATH}:/home/ziczac/dev/skripsi_code/ros2_workspace/install/motor:/home/ziczac/dev/skripsi_code/ros2_workspace/install/gui:/home/ziczac/dev/skripsi_code/ros2_workspace/install/rosboard:/home/ziczac/dev/skripsi_code/ros2_workspace/install/log_odds_map:/home/ziczac/dev/skripsi_code/ros2_workspace/install/diff_drive:/opt/ros/humble /usr/bin/cmake --install /home/ziczac/dev/skripsi_code/ros2_workspace/src/build/my_bot
