[0.190s] Invoking command in '/home/ziczac/dev/skripsi_code/ROS2-PLICP-POSE-GRAPH/build/lslidar_msgs': CMAKE_PREFIX_PATH=${CMAKE_PREFIX_PATH}:/home/ziczac/dev/skripsi_code/ROS2-PLICP-POSE-GRAPH/install/motor:/home/ziczac/dev/skripsi_code/ROS2-PLICP-POSE-GRAPH/install/gui:/home/ziczac/dev/skripsi_code/ROS2-PLICP-POSE-GRAPH/install/rosboard:/home/ziczac/dev/skripsi_code/ROS2-PLICP-POSE-GRAPH/install/log_odds_map:/home/ziczac/dev/skripsi_code/ROS2-PLICP-POSE-GRAPH/install/icp_graph_slam:/home/ziczac/dev/skripsi_code/ROS2-PLICP-POSE-GRAPH/install/diff_drive:/opt/ros/humble /usr/bin/cmake --build /home/ziczac/dev/skripsi_code/ROS2-PLICP-POSE-GRAPH/build/lslidar_msgs -- -j8 -l8
[2.620s] [  0%] Built target ament_cmake_python_symlink_lslidar_msgs
[2.621s] [  1%] Built target lslidar_msgs__cpp
[2.621s] [ 23%] Built target lslidar_msgs__rosidl_typesupport_fastrtps_cpp
[2.621s] [ 23%] Built target lslidar_msgs__rosidl_typesupport_cpp
[2.621s] [ 34%] Built target lslidar_msgs__rosidl_generator_c
[2.621s] [ 46%] Built target lslidar_msgs__rosidl_typesupport_introspection_cpp
[2.621s] running egg_info
[2.621s] writing lslidar_msgs.egg-info/PKG-INFO
[2.622s] writing dependency_links to lslidar_msgs.egg-info/dependency_links.txt
[2.623s] writing top-level names to lslidar_msgs.egg-info/top_level.txt
[2.623s] reading manifest file 'lslidar_msgs.egg-info/SOURCES.txt'
[2.623s] writing manifest file 'lslidar_msgs.egg-info/SOURCES.txt'
[2.640s] [ 46%] Built target ament_cmake_python_build_lslidar_msgs_egg
[2.714s] [ 57%] Built target lslidar_msgs__rosidl_typesupport_c
[2.726s] [ 68%] Built target lslidar_msgs__rosidl_typesupport_fastrtps_c
[2.757s] [ 79%] Built target lslidar_msgs__rosidl_typesupport_introspection_c
[2.840s] [ 79%] Built target lslidar_msgs
[2.928s] [ 80%] Built target lslidar_msgs__py
[3.190s] [ 90%] Built target lslidar_msgs__rosidl_generator_py
[3.409s] [ 93%] Built target lslidar_msgs__rosidl_typesupport_introspection_c__pyext
[3.411s] [100%] Built target lslidar_msgs__rosidl_typesupport_c__pyext
[3.411s] [100%] Built target lslidar_msgs__rosidl_typesupport_fastrtps_c__pyext
[3.492s] Invoked command in '/home/ziczac/dev/skripsi_code/ROS2-PLICP-POSE-GRAPH/build/lslidar_msgs' returned '0': CMAKE_PREFIX_PATH=${CMAKE_PREFIX_PATH}:/home/ziczac/dev/skripsi_code/ROS2-PLICP-POSE-GRAPH/install/motor:/home/ziczac/dev/skripsi_code/ROS2-PLICP-POSE-GRAPH/install/gui:/home/ziczac/dev/skripsi_code/ROS2-PLICP-POSE-GRAPH/install/rosboard:/home/ziczac/dev/skripsi_code/ROS2-PLICP-POSE-GRAPH/install/log_odds_map:/home/ziczac/dev/skripsi_code/ROS2-PLICP-POSE-GRAPH/install/icp_graph_slam:/home/ziczac/dev/skripsi_code/ROS2-PLICP-POSE-GRAPH/install/diff_drive:/opt/ros/humble /usr/bin/cmake --build /home/ziczac/dev/skripsi_code/ROS2-PLICP-POSE-GRAPH/build/lslidar_msgs -- -j8 -l8
[4.452s] Invoking command in '/home/ziczac/dev/skripsi_code/ROS2-PLICP-POSE-GRAPH/build/lslidar_msgs': CMAKE_PREFIX_PATH=${CMAKE_PREFIX_PATH}:/home/ziczac/dev/skripsi_code/ROS2-PLICP-POSE-GRAPH/install/motor:/home/ziczac/dev/skripsi_code/ROS2-PLICP-POSE-GRAPH/install/gui:/home/ziczac/dev/skripsi_code/ROS2-PLICP-POSE-GRAPH/install/rosboard:/home/ziczac/dev/skripsi_code/ROS2-PLICP-POSE-GRAPH/install/log_odds_map:/home/ziczac/dev/skripsi_code/ROS2-PLICP-POSE-GRAPH/install/icp_graph_slam:/home/ziczac/dev/skripsi_code/ROS2-PLICP-POSE-GRAPH/install/diff_drive:/opt/ros/humble /usr/bin/cmake --install /home/ziczac/dev/skripsi_code/ROS2-PLICP-POSE-GRAPH/build/lslidar_msgs
[4.524s] -- Install configuration: ""
[4.603s] -- Execute custom install script
[4.659s] -- Up-to-date symlink: /home/ziczac/dev/skripsi_code/ROS2-PLICP-POSE-GRAPH/install/lslidar_msgs/share/ament_index/resource_index/rosidl_interfaces/lslidar_msgs
[4.662s] -- Up-to-date symlink: /home/ziczac/dev/skripsi_code/ROS2-PLICP-POSE-GRAPH/install/lslidar_msgs/include/lslidar_msgs/lslidar_msgs/msg/detail/lslidar_difop__functions.h
[4.663s] -- Up-to-date symlink: /home/ziczac/dev/skripsi_code/ROS2-PLICP-POSE-GRAPH/install/lslidar_msgs/include/lslidar_msgs/lslidar_msgs/msg/detail/lslidar_difop__struct.h
[4.682s] -- Up-to-date symlink: /home/ziczac/dev/skripsi_code/ROS2-PLICP-POSE-GRAPH/install/lslidar_msgs/include/lslidar_msgs/lslidar_msgs/msg/detail/lslidar_difop__type_support.h
[4.683s] -- Up-to-date symlink: /home/ziczac/dev/skripsi_code/ROS2-PLICP-POSE-GRAPH/install/lslidar_msgs/include/lslidar_msgs/lslidar_msgs/msg/detail/lslidar_packet__functions.h
[4.694s] -- Up-to-date symlink: /home/ziczac/dev/skripsi_code/ROS2-PLICP-POSE-GRAPH/install/lslidar_msgs/include/lslidar_msgs/lslidar_msgs/msg/detail/lslidar_packet__struct.h
[4.695s] -- Up-to-date symlink: /home/ziczac/dev/skripsi_code/ROS2-PLICP-POSE-GRAPH/install/lslidar_msgs/include/lslidar_msgs/lslidar_msgs/msg/detail/lslidar_packet__type_support.h
[4.716s] -- Up-to-date symlink: /home/ziczac/dev/skripsi_code/ROS2-PLICP-POSE-GRAPH/install/lslidar_msgs/include/lslidar_msgs/lslidar_msgs/msg/detail/lslidar_point__functions.h
[4.729s] -- Up-to-date symlink: /home/ziczac/dev/skripsi_code/ROS2-PLICP-POSE-GRAPH/install/lslidar_msgs/include/lslidar_msgs/lslidar_msgs/msg/detail/lslidar_point__struct.h
[4.730s] -- Up-to-date symlink: /home/ziczac/dev/skripsi_code/ROS2-PLICP-POSE-GRAPH/install/lslidar_msgs/include/lslidar_msgs/lslidar_msgs/msg/detail/lslidar_point__type_support.h
[4.751s] -- Up-to-date symlink: /home/ziczac/dev/skripsi_code/ROS2-PLICP-POSE-GRAPH/install/lslidar_msgs/include/lslidar_msgs/lslidar_msgs/msg/detail/lslidar_scan__functions.h
[4.751s] -- Up-to-date symlink: /home/ziczac/dev/skripsi_code/ROS2-PLICP-POSE-GRAPH/install/lslidar_msgs/include/lslidar_msgs/lslidar_msgs/msg/detail/lslidar_scan__struct.h
[4.752s] -- Up-to-date symlink: /home/ziczac/dev/skripsi_code/ROS2-PLICP-POSE-GRAPH/install/lslidar_msgs/include/lslidar_msgs/lslidar_msgs/msg/detail/lslidar_scan__type_support.h
[4.753s] -- Up-to-date symlink: /home/ziczac/dev/skripsi_code/ROS2-PLICP-POSE-GRAPH/install/lslidar_msgs/include/lslidar_msgs/lslidar_msgs/msg/detail/lslidar_sweep__functions.h
[4.754s] -- Up-to-date symlink: /home/ziczac/dev/skripsi_code/ROS2-PLICP-POSE-GRAPH/install/lslidar_msgs/include/lslidar_msgs/lslidar_msgs/msg/detail/lslidar_sweep__struct.h
[4.756s] -- Up-to-date symlink: /home/ziczac/dev/skripsi_code/ROS2-PLICP-POSE-GRAPH/install/lslidar_msgs/include/lslidar_msgs/lslidar_msgs/msg/detail/lslidar_sweep__type_support.h
[4.757s] -- Up-to-date symlink: /home/ziczac/dev/skripsi_code/ROS2-PLICP-POSE-GRAPH/install/lslidar_msgs/include/lslidar_msgs/lslidar_msgs/msg/lslidar_difop.h
[4.758s] -- Up-to-date symlink: /home/ziczac/dev/skripsi_code/ROS2-PLICP-POSE-GRAPH/install/lslidar_msgs/include/lslidar_msgs/lslidar_msgs/msg/lslidar_packet.h
[4.759s] -- Up-to-date symlink: /home/ziczac/dev/skripsi_code/ROS2-PLICP-POSE-GRAPH/install/lslidar_msgs/include/lslidar_msgs/lslidar_msgs/msg/lslidar_point.h
[4.760s] -- Up-to-date symlink: /home/ziczac/dev/skripsi_code/ROS2-PLICP-POSE-GRAPH/install/lslidar_msgs/include/lslidar_msgs/lslidar_msgs/msg/lslidar_scan.h
[4.761s] -- Up-to-date symlink: /home/ziczac/dev/skripsi_code/ROS2-PLICP-POSE-GRAPH/install/lslidar_msgs/include/lslidar_msgs/lslidar_msgs/msg/lslidar_sweep.h
[4.762s] -- Up-to-date symlink: /home/ziczac/dev/skripsi_code/ROS2-PLICP-POSE-GRAPH/install/lslidar_msgs/include/lslidar_msgs/lslidar_msgs/msg/rosidl_generator_c__visibility_control.h
[4.763s] -- Up-to-date symlink: /home/ziczac/dev/skripsi_code/ROS2-PLICP-POSE-GRAPH/install/lslidar_msgs/share/lslidar_msgs/environment/library_path.sh
[4.764s] -- Up-to-date symlink: /home/ziczac/dev/skripsi_code/ROS2-PLICP-POSE-GRAPH/install/lslidar_msgs/share/lslidar_msgs/environment/library_path.dsv
[4.767s] -- Up-to-date symlink: /home/ziczac/dev/skripsi_code/ROS2-PLICP-POSE-GRAPH/install/lslidar_msgs/include/lslidar_msgs/lslidar_msgs/msg/detail/lslidar_difop__rosidl_typesupport_fastrtps_c.h
[4.768s] -- Up-to-date symlink: /home/ziczac/dev/skripsi_code/ROS2-PLICP-POSE-GRAPH/install/lslidar_msgs/include/lslidar_msgs/lslidar_msgs/msg/detail/lslidar_packet__rosidl_typesupport_fastrtps_c.h
[4.770s] -- Up-to-date symlink: /home/ziczac/dev/skripsi_code/ROS2-PLICP-POSE-GRAPH/install/lslidar_msgs/include/lslidar_msgs/lslidar_msgs/msg/detail/lslidar_point__rosidl_typesupport_fastrtps_c.h
[4.771s] -- Up-to-date symlink: /home/ziczac/dev/skripsi_code/ROS2-PLICP-POSE-GRAPH/install/lslidar_msgs/include/lslidar_msgs/lslidar_msgs/msg/detail/lslidar_scan__rosidl_typesupport_fastrtps_c.h
[4.772s] -- Up-to-date symlink: /home/ziczac/dev/skripsi_code/ROS2-PLICP-POSE-GRAPH/install/lslidar_msgs/include/lslidar_msgs/lslidar_msgs/msg/detail/lslidar_sweep__rosidl_typesupport_fastrtps_c.h
[4.798s] -- Up-to-date symlink: /home/ziczac/dev/skripsi_code/ROS2-PLICP-POSE-GRAPH/install/lslidar_msgs/include/lslidar_msgs/lslidar_msgs/msg/rosidl_typesupport_fastrtps_c__visibility_control.h
[4.800s] -- Up-to-date symlink: /home/ziczac/dev/skripsi_code/ROS2-PLICP-POSE-GRAPH/install/lslidar_msgs/include/lslidar_msgs/lslidar_msgs/msg/detail/lslidar_difop__builder.hpp
[4.821s] -- Up-to-date symlink: /home/ziczac/dev/skripsi_code/ROS2-PLICP-POSE-GRAPH/install/lslidar_msgs/include/lslidar_msgs/lslidar_msgs/msg/detail/lslidar_difop__struct.hpp
[4.822s] -- Up-to-date symlink: /home/ziczac/dev/skripsi_code/ROS2-PLICP-POSE-GRAPH/install/lslidar_msgs/include/lslidar_msgs/lslidar_msgs/msg/detail/lslidar_difop__traits.hpp
[4.865s] -- Up-to-date symlink: /home/ziczac/dev/skripsi_code/ROS2-PLICP-POSE-GRAPH/install/lslidar_msgs/include/lslidar_msgs/lslidar_msgs/msg/detail/lslidar_packet__builder.hpp
[4.866s] -- Up-to-date symlink: /home/ziczac/dev/skripsi_code/ROS2-PLICP-POSE-GRAPH/install/lslidar_msgs/include/lslidar_msgs/lslidar_msgs/msg/detail/lslidar_packet__struct.hpp
[4.898s] -- Up-to-date symlink: /home/ziczac/dev/skripsi_code/ROS2-PLICP-POSE-GRAPH/install/lslidar_msgs/include/lslidar_msgs/lslidar_msgs/msg/detail/lslidar_packet__traits.hpp
[4.899s] -- Up-to-date symlink: /home/ziczac/dev/skripsi_code/ROS2-PLICP-POSE-GRAPH/install/lslidar_msgs/include/lslidar_msgs/lslidar_msgs/msg/detail/lslidar_point__builder.hpp
[4.900s] -- Up-to-date symlink: /home/ziczac/dev/skripsi_code/ROS2-PLICP-POSE-GRAPH/install/lslidar_msgs/include/lslidar_msgs/lslidar_msgs/msg/detail/lslidar_point__struct.hpp
[4.901s] -- Up-to-date symlink: /home/ziczac/dev/skripsi_code/ROS2-PLICP-POSE-GRAPH/install/lslidar_msgs/include/lslidar_msgs/lslidar_msgs/msg/detail/lslidar_point__traits.hpp
[4.902s] -- Up-to-date symlink: /home/ziczac/dev/skripsi_code/ROS2-PLICP-POSE-GRAPH/install/lslidar_msgs/include/lslidar_msgs/lslidar_msgs/msg/detail/lslidar_scan__builder.hpp
[4.903s] -- Up-to-date symlink: /home/ziczac/dev/skripsi_code/ROS2-PLICP-POSE-GRAPH/install/lslidar_msgs/include/lslidar_msgs/lslidar_msgs/msg/detail/lslidar_scan__struct.hpp
[4.905s] -- Up-to-date symlink: /home/ziczac/dev/skripsi_code/ROS2-PLICP-POSE-GRAPH/install/lslidar_msgs/include/lslidar_msgs/lslidar_msgs/msg/detail/lslidar_scan__traits.hpp
[4.905s] -- Up-to-date symlink: /home/ziczac/dev/skripsi_code/ROS2-PLICP-POSE-GRAPH/install/lslidar_msgs/include/lslidar_msgs/lslidar_msgs/msg/detail/lslidar_sweep__builder.hpp
[4.907s] -- Up-to-date symlink: /home/ziczac/dev/skripsi_code/ROS2-PLICP-POSE-GRAPH/install/lslidar_msgs/include/lslidar_msgs/lslidar_msgs/msg/detail/lslidar_sweep__struct.hpp
[4.909s] -- Up-to-date symlink: /home/ziczac/dev/skripsi_code/ROS2-PLICP-POSE-GRAPH/install/lslidar_msgs/include/lslidar_msgs/lslidar_msgs/msg/detail/lslidar_sweep__traits.hpp
[4.910s] -- Up-to-date symlink: /home/ziczac/dev/skripsi_code/ROS2-PLICP-POSE-GRAPH/install/lslidar_msgs/include/lslidar_msgs/lslidar_msgs/msg/lslidar_difop.hpp
[4.911s] -- Up-to-date symlink: /home/ziczac/dev/skripsi_code/ROS2-PLICP-POSE-GRAPH/install/lslidar_msgs/include/lslidar_msgs/lslidar_msgs/msg/lslidar_packet.hpp
[4.912s] -- Up-to-date symlink: /home/ziczac/dev/skripsi_code/ROS2-PLICP-POSE-GRAPH/install/lslidar_msgs/include/lslidar_msgs/lslidar_msgs/msg/lslidar_point.hpp
[4.913s] -- Up-to-date symlink: /home/ziczac/dev/skripsi_code/ROS2-PLICP-POSE-GRAPH/install/lslidar_msgs/include/lslidar_msgs/lslidar_msgs/msg/lslidar_scan.hpp
[4.914s] -- Up-to-date symlink: /home/ziczac/dev/skripsi_code/ROS2-PLICP-POSE-GRAPH/install/lslidar_msgs/include/lslidar_msgs/lslidar_msgs/msg/lslidar_sweep.hpp
[4.917s] -- Up-to-date symlink: /home/ziczac/dev/skripsi_code/ROS2-PLICP-POSE-GRAPH/install/lslidar_msgs/include/lslidar_msgs/lslidar_msgs/msg/detail/lslidar_difop__rosidl_typesupport_fastrtps_cpp.hpp
[4.917s] -- Up-to-date symlink: /home/ziczac/dev/skripsi_code/ROS2-PLICP-POSE-GRAPH/install/lslidar_msgs/include/lslidar_msgs/lslidar_msgs/msg/detail/lslidar_packet__rosidl_typesupport_fastrtps_cpp.hpp
[4.918s] -- Up-to-date symlink: /home/ziczac/dev/skripsi_code/ROS2-PLICP-POSE-GRAPH/install/lslidar_msgs/include/lslidar_msgs/lslidar_msgs/msg/detail/lslidar_point__rosidl_typesupport_fastrtps_cpp.hpp
[4.919s] -- Up-to-date symlink: /home/ziczac/dev/skripsi_code/ROS2-PLICP-POSE-GRAPH/install/lslidar_msgs/include/lslidar_msgs/lslidar_msgs/msg/detail/lslidar_scan__rosidl_typesupport_fastrtps_cpp.hpp
[4.920s] -- Up-to-date symlink: /home/ziczac/dev/skripsi_code/ROS2-PLICP-POSE-GRAPH/install/lslidar_msgs/include/lslidar_msgs/lslidar_msgs/msg/detail/lslidar_sweep__rosidl_typesupport_fastrtps_cpp.hpp
[4.921s] -- Up-to-date symlink: /home/ziczac/dev/skripsi_code/ROS2-PLICP-POSE-GRAPH/install/lslidar_msgs/include/lslidar_msgs/lslidar_msgs/msg/rosidl_typesupport_fastrtps_cpp__visibility_control.h
[4.923s] -- Up-to-date symlink: /home/ziczac/dev/skripsi_code/ROS2-PLICP-POSE-GRAPH/install/lslidar_msgs/include/lslidar_msgs/lslidar_msgs/msg/detail/lslidar_difop__rosidl_typesupport_introspection_c.h
[4.958s] -- Up-to-date symlink: /home/ziczac/dev/skripsi_code/ROS2-PLICP-POSE-GRAPH/install/lslidar_msgs/include/lslidar_msgs/lslidar_msgs/msg/detail/lslidar_packet__rosidl_typesupport_introspection_c.h
[4.960s] -- Up-to-date symlink: /home/ziczac/dev/skripsi_code/ROS2-PLICP-POSE-GRAPH/install/lslidar_msgs/include/lslidar_msgs/lslidar_msgs/msg/detail/lslidar_point__rosidl_typesupport_introspection_c.h
[4.961s] -- Up-to-date symlink: /home/ziczac/dev/skripsi_code/ROS2-PLICP-POSE-GRAPH/install/lslidar_msgs/include/lslidar_msgs/lslidar_msgs/msg/detail/lslidar_scan__rosidl_typesupport_introspection_c.h
[4.961s] -- Up-to-date symlink: /home/ziczac/dev/skripsi_code/ROS2-PLICP-POSE-GRAPH/install/lslidar_msgs/include/lslidar_msgs/lslidar_msgs/msg/detail/lslidar_sweep__rosidl_typesupport_introspection_c.h
[4.962s] -- Up-to-date symlink: /home/ziczac/dev/skripsi_code/ROS2-PLICP-POSE-GRAPH/install/lslidar_msgs/include/lslidar_msgs/lslidar_msgs/msg/rosidl_typesupport_introspection_c__visibility_control.h
[4.964s] -- Up-to-date symlink: /home/ziczac/dev/skripsi_code/ROS2-PLICP-POSE-GRAPH/install/lslidar_msgs/include/lslidar_msgs/lslidar_msgs/msg/detail/lslidar_difop__rosidl_typesupport_introspection_cpp.hpp
[4.965s] -- Up-to-date symlink: /home/ziczac/dev/skripsi_code/ROS2-PLICP-POSE-GRAPH/install/lslidar_msgs/include/lslidar_msgs/lslidar_msgs/msg/detail/lslidar_packet__rosidl_typesupport_introspection_cpp.hpp
[4.966s] -- Up-to-date symlink: /home/ziczac/dev/skripsi_code/ROS2-PLICP-POSE-GRAPH/install/lslidar_msgs/include/lslidar_msgs/lslidar_msgs/msg/detail/lslidar_point__rosidl_typesupport_introspection_cpp.hpp
[4.968s] -- Up-to-date symlink: /home/ziczac/dev/skripsi_code/ROS2-PLICP-POSE-GRAPH/install/lslidar_msgs/include/lslidar_msgs/lslidar_msgs/msg/detail/lslidar_scan__rosidl_typesupport_introspection_cpp.hpp
[4.969s] -- Up-to-date symlink: /home/ziczac/dev/skripsi_code/ROS2-PLICP-POSE-GRAPH/install/lslidar_msgs/include/lslidar_msgs/lslidar_msgs/msg/detail/lslidar_sweep__rosidl_typesupport_introspection_cpp.hpp
[4.970s] -- Up-to-date symlink: /home/ziczac/dev/skripsi_code/ROS2-PLICP-POSE-GRAPH/install/lslidar_msgs/share/lslidar_msgs/environment/pythonpath.sh
[4.970s] -- Up-to-date symlink: /home/ziczac/dev/skripsi_code/ROS2-PLICP-POSE-GRAPH/install/lslidar_msgs/share/lslidar_msgs/environment/pythonpath.dsv
[4.971s] -- Up-to-date symlink: /home/ziczac/dev/skripsi_code/ROS2-PLICP-POSE-GRAPH/install/lslidar_msgs/local/lib/python3.10/dist-packages/lslidar_msgs-1.2.0-py3.10.egg-info/PKG-INFO
[4.972s] -- Up-to-date symlink: /home/ziczac/dev/skripsi_code/ROS2-PLICP-POSE-GRAPH/install/lslidar_msgs/local/lib/python3.10/dist-packages/lslidar_msgs-1.2.0-py3.10.egg-info/SOURCES.txt
[4.973s] -- Up-to-date symlink: /home/ziczac/dev/skripsi_code/ROS2-PLICP-POSE-GRAPH/install/lslidar_msgs/local/lib/python3.10/dist-packages/lslidar_msgs-1.2.0-py3.10.egg-info/dependency_links.txt
[4.973s] -- Up-to-date symlink: /home/ziczac/dev/skripsi_code/ROS2-PLICP-POSE-GRAPH/install/lslidar_msgs/local/lib/python3.10/dist-packages/lslidar_msgs-1.2.0-py3.10.egg-info/top_level.txt
[4.976s] -- Up-to-date symlink: /home/ziczac/dev/skripsi_code/ROS2-PLICP-POSE-GRAPH/install/lslidar_msgs/local/lib/python3.10/dist-packages/lslidar_msgs/__init__.py
[4.977s] -- Up-to-date symlink: /home/ziczac/dev/skripsi_code/ROS2-PLICP-POSE-GRAPH/install/lslidar_msgs/local/lib/python3.10/dist-packages/lslidar_msgs/_lslidar_msgs_s.ep.rosidl_typesupport_c.c
[4.978s] -- Up-to-date symlink: /home/ziczac/dev/skripsi_code/ROS2-PLICP-POSE-GRAPH/install/lslidar_msgs/local/lib/python3.10/dist-packages/lslidar_msgs/_lslidar_msgs_s.ep.rosidl_typesupport_fastrtps_c.c
[4.979s] -- Up-to-date symlink: /home/ziczac/dev/skripsi_code/ROS2-PLICP-POSE-GRAPH/install/lslidar_msgs/local/lib/python3.10/dist-packages/lslidar_msgs/_lslidar_msgs_s.ep.rosidl_typesupport_introspection_c.c
[4.980s] -- Up-to-date symlink: /home/ziczac/dev/skripsi_code/ROS2-PLICP-POSE-GRAPH/install/lslidar_msgs/local/lib/python3.10/dist-packages/lslidar_msgs/liblslidar_msgs__rosidl_generator_py.so
[4.981s] -- Up-to-date symlink: /home/ziczac/dev/skripsi_code/ROS2-PLICP-POSE-GRAPH/install/lslidar_msgs/local/lib/python3.10/dist-packages/lslidar_msgs/lslidar_msgs_s__rosidl_typesupport_c.cpython-310-x86_64-linux-gnu.so
[4.981s] -- Up-to-date symlink: /home/ziczac/dev/skripsi_code/ROS2-PLICP-POSE-GRAPH/install/lslidar_msgs/local/lib/python3.10/dist-packages/lslidar_msgs/lslidar_msgs_s__rosidl_typesupport_fastrtps_c.cpython-310-x86_64-linux-gnu.so
[4.982s] -- Up-to-date symlink: /home/ziczac/dev/skripsi_code/ROS2-PLICP-POSE-GRAPH/install/lslidar_msgs/local/lib/python3.10/dist-packages/lslidar_msgs/lslidar_msgs_s__rosidl_typesupport_introspection_c.cpython-310-x86_64-linux-gnu.so
[4.983s] -- Up-to-date symlink: /home/ziczac/dev/skripsi_code/ROS2-PLICP-POSE-GRAPH/install/lslidar_msgs/local/lib/python3.10/dist-packages/lslidar_msgs/msg/__init__.py
[4.983s] -- Up-to-date symlink: /home/ziczac/dev/skripsi_code/ROS2-PLICP-POSE-GRAPH/install/lslidar_msgs/local/lib/python3.10/dist-packages/lslidar_msgs/msg/_lslidar_difop.py
[4.984s] -- Up-to-date symlink: /home/ziczac/dev/skripsi_code/ROS2-PLICP-POSE-GRAPH/install/lslidar_msgs/local/lib/python3.10/dist-packages/lslidar_msgs/msg/_lslidar_difop_s.c
[4.985s] -- Up-to-date symlink: /home/ziczac/dev/skripsi_code/ROS2-PLICP-POSE-GRAPH/install/lslidar_msgs/local/lib/python3.10/dist-packages/lslidar_msgs/msg/_lslidar_packet.py
[4.985s] -- Up-to-date symlink: /home/ziczac/dev/skripsi_code/ROS2-PLICP-POSE-GRAPH/install/lslidar_msgs/local/lib/python3.10/dist-packages/lslidar_msgs/msg/_lslidar_packet_s.c
[4.986s] -- Up-to-date symlink: /home/ziczac/dev/skripsi_code/ROS2-PLICP-POSE-GRAPH/install/lslidar_msgs/local/lib/python3.10/dist-packages/lslidar_msgs/msg/_lslidar_point.py
[4.987s] -- Up-to-date symlink: /home/ziczac/dev/skripsi_code/ROS2-PLICP-POSE-GRAPH/install/lslidar_msgs/local/lib/python3.10/dist-packages/lslidar_msgs/msg/_lslidar_point_s.c
[4.989s] -- Up-to-date symlink: /home/ziczac/dev/skripsi_code/ROS2-PLICP-POSE-GRAPH/install/lslidar_msgs/local/lib/python3.10/dist-packages/lslidar_msgs/msg/_lslidar_scan.py
[4.990s] -- Up-to-date symlink: /home/ziczac/dev/skripsi_code/ROS2-PLICP-POSE-GRAPH/install/lslidar_msgs/local/lib/python3.10/dist-packages/lslidar_msgs/msg/_lslidar_scan_s.c
[4.991s] -- Up-to-date symlink: /home/ziczac/dev/skripsi_code/ROS2-PLICP-POSE-GRAPH/install/lslidar_msgs/local/lib/python3.10/dist-packages/lslidar_msgs/msg/_lslidar_sweep.py
[4.993s] -- Up-to-date symlink: /home/ziczac/dev/skripsi_code/ROS2-PLICP-POSE-GRAPH/install/lslidar_msgs/local/lib/python3.10/dist-packages/lslidar_msgs/msg/_lslidar_sweep_s.c
[5.005s] -- Up-to-date symlink: /home/ziczac/dev/skripsi_code/ROS2-PLICP-POSE-GRAPH/install/lslidar_msgs/local/lib/python3.10/dist-packages/lslidar_msgs/lslidar_msgs_s__rosidl_typesupport_fastrtps_c.cpython-310-x86_64-linux-gnu.so
[5.007s] -- Up-to-date symlink: /home/ziczac/dev/skripsi_code/ROS2-PLICP-POSE-GRAPH/install/lslidar_msgs/local/lib/python3.10/dist-packages/lslidar_msgs/lslidar_msgs_s__rosidl_typesupport_introspection_c.cpython-310-x86_64-linux-gnu.so
[5.009s] -- Up-to-date symlink: /home/ziczac/dev/skripsi_code/ROS2-PLICP-POSE-GRAPH/install/lslidar_msgs/local/lib/python3.10/dist-packages/lslidar_msgs/lslidar_msgs_s__rosidl_typesupport_c.cpython-310-x86_64-linux-gnu.so
[5.010s] -- Up-to-date symlink: /home/ziczac/dev/skripsi_code/ROS2-PLICP-POSE-GRAPH/install/lslidar_msgs/share/lslidar_msgs/msg/LslidarDifop.idl
[5.012s] -- Up-to-date symlink: /home/ziczac/dev/skripsi_code/ROS2-PLICP-POSE-GRAPH/install/lslidar_msgs/share/lslidar_msgs/msg/LslidarPacket.idl
[5.014s] -- Up-to-date symlink: /home/ziczac/dev/skripsi_code/ROS2-PLICP-POSE-GRAPH/install/lslidar_msgs/share/lslidar_msgs/msg/LslidarPoint.idl
[5.016s] -- Up-to-date symlink: /home/ziczac/dev/skripsi_code/ROS2-PLICP-POSE-GRAPH/install/lslidar_msgs/share/lslidar_msgs/msg/LslidarScan.idl
[5.018s] -- Up-to-date symlink: /home/ziczac/dev/skripsi_code/ROS2-PLICP-POSE-GRAPH/install/lslidar_msgs/share/lslidar_msgs/msg/LslidarSweep.idl
[5.018s] -- Up-to-date symlink: /home/ziczac/dev/skripsi_code/ROS2-PLICP-POSE-GRAPH/install/lslidar_msgs/share/lslidar_msgs/msg/LslidarDifop.msg
[5.018s] -- Up-to-date symlink: /home/ziczac/dev/skripsi_code/ROS2-PLICP-POSE-GRAPH/install/lslidar_msgs/share/lslidar_msgs/msg/LslidarPacket.msg
[5.018s] -- Up-to-date symlink: /home/ziczac/dev/skripsi_code/ROS2-PLICP-POSE-GRAPH/install/lslidar_msgs/share/lslidar_msgs/msg/LslidarPoint.msg
[5.018s] -- Up-to-date symlink: /home/ziczac/dev/skripsi_code/ROS2-PLICP-POSE-GRAPH/install/lslidar_msgs/share/lslidar_msgs/msg/LslidarScan.msg
[5.019s] -- Up-to-date symlink: /home/ziczac/dev/skripsi_code/ROS2-PLICP-POSE-GRAPH/install/lslidar_msgs/share/lslidar_msgs/msg/LslidarSweep.msg
[5.019s] -- Up-to-date symlink: /home/ziczac/dev/skripsi_code/ROS2-PLICP-POSE-GRAPH/install/lslidar_msgs/share/ament_index/resource_index/package_run_dependencies/lslidar_msgs
[5.020s] -- Up-to-date symlink: /home/ziczac/dev/skripsi_code/ROS2-PLICP-POSE-GRAPH/install/lslidar_msgs/share/ament_index/resource_index/parent_prefix_path/lslidar_msgs
[5.022s] -- Up-to-date symlink: /home/ziczac/dev/skripsi_code/ROS2-PLICP-POSE-GRAPH/install/lslidar_msgs/share/lslidar_msgs/environment/ament_prefix_path.sh
[5.022s] -- Up-to-date symlink: /home/ziczac/dev/skripsi_code/ROS2-PLICP-POSE-GRAPH/install/lslidar_msgs/share/lslidar_msgs/environment/ament_prefix_path.dsv
[5.037s] -- Up-to-date symlink: /home/ziczac/dev/skripsi_code/ROS2-PLICP-POSE-GRAPH/install/lslidar_msgs/share/lslidar_msgs/environment/path.sh
[5.038s] -- Up-to-date symlink: /home/ziczac/dev/skripsi_code/ROS2-PLICP-POSE-GRAPH/install/lslidar_msgs/share/lslidar_msgs/environment/path.dsv
[5.039s] -- Up-to-date symlink: /home/ziczac/dev/skripsi_code/ROS2-PLICP-POSE-GRAPH/install/lslidar_msgs/share/lslidar_msgs/local_setup.bash
[5.040s] -- Up-to-date symlink: /home/ziczac/dev/skripsi_code/ROS2-PLICP-POSE-GRAPH/install/lslidar_msgs/share/lslidar_msgs/local_setup.sh
[5.052s] -- Up-to-date symlink: /home/ziczac/dev/skripsi_code/ROS2-PLICP-POSE-GRAPH/install/lslidar_msgs/share/lslidar_msgs/local_setup.zsh
[5.052s] -- Up-to-date symlink: /home/ziczac/dev/skripsi_code/ROS2-PLICP-POSE-GRAPH/install/lslidar_msgs/share/lslidar_msgs/local_setup.dsv
[5.052s] -- Symlinking: /home/ziczac/dev/skripsi_code/ROS2-PLICP-POSE-GRAPH/install/lslidar_msgs/share/lslidar_msgs/package.dsv
[5.088s] -- Up-to-date symlink: /home/ziczac/dev/skripsi_code/ROS2-PLICP-POSE-GRAPH/install/lslidar_msgs/share/ament_index/resource_index/packages/lslidar_msgs
[5.089s] -- Up-to-date symlink: /home/ziczac/dev/skripsi_code/ROS2-PLICP-POSE-GRAPH/install/lslidar_msgs/share/lslidar_msgs/cmake/rosidl_cmake-extras.cmake
[5.090s] -- Up-to-date symlink: /home/ziczac/dev/skripsi_code/ROS2-PLICP-POSE-GRAPH/install/lslidar_msgs/share/lslidar_msgs/cmake/ament_cmake_export_dependencies-extras.cmake
[5.092s] -- Up-to-date symlink: /home/ziczac/dev/skripsi_code/ROS2-PLICP-POSE-GRAPH/install/lslidar_msgs/share/lslidar_msgs/cmake/ament_cmake_export_include_directories-extras.cmake
[5.092s] -- Up-to-date symlink: /home/ziczac/dev/skripsi_code/ROS2-PLICP-POSE-GRAPH/install/lslidar_msgs/share/lslidar_msgs/cmake/ament_cmake_export_libraries-extras.cmake
[5.093s] -- Up-to-date symlink: /home/ziczac/dev/skripsi_code/ROS2-PLICP-POSE-GRAPH/install/lslidar_msgs/share/lslidar_msgs/cmake/ament_cmake_export_targets-extras.cmake
[5.094s] -- Up-to-date symlink: /home/ziczac/dev/skripsi_code/ROS2-PLICP-POSE-GRAPH/install/lslidar_msgs/share/lslidar_msgs/cmake/rosidl_cmake_export_typesupport_targets-extras.cmake
[5.095s] -- Up-to-date symlink: /home/ziczac/dev/skripsi_code/ROS2-PLICP-POSE-GRAPH/install/lslidar_msgs/share/lslidar_msgs/cmake/rosidl_cmake_export_typesupport_libraries-extras.cmake
[5.095s] -- Up-to-date symlink: /home/ziczac/dev/skripsi_code/ROS2-PLICP-POSE-GRAPH/install/lslidar_msgs/share/lslidar_msgs/cmake/lslidar_msgsConfig.cmake
[5.096s] -- Up-to-date symlink: /home/ziczac/dev/skripsi_code/ROS2-PLICP-POSE-GRAPH/install/lslidar_msgs/share/lslidar_msgs/cmake/lslidar_msgsConfig-version.cmake
[5.097s] -- Up-to-date symlink: /home/ziczac/dev/skripsi_code/ROS2-PLICP-POSE-GRAPH/install/lslidar_msgs/share/lslidar_msgs/package.xml
[5.161s] -- Up-to-date: /home/ziczac/dev/skripsi_code/ROS2-PLICP-POSE-GRAPH/install/lslidar_msgs/lib/liblslidar_msgs__rosidl_generator_c.so
[5.251s] -- Up-to-date: /home/ziczac/dev/skripsi_code/ROS2-PLICP-POSE-GRAPH/install/lslidar_msgs/lib/liblslidar_msgs__rosidl_typesupport_fastrtps_c.so
[5.333s] -- Up-to-date: /home/ziczac/dev/skripsi_code/ROS2-PLICP-POSE-GRAPH/install/lslidar_msgs/lib/liblslidar_msgs__rosidl_typesupport_fastrtps_cpp.so
[5.334s] -- Up-to-date: /home/ziczac/dev/skripsi_code/ROS2-PLICP-POSE-GRAPH/install/lslidar_msgs/lib/liblslidar_msgs__rosidl_typesupport_introspection_c.so
[5.335s] -- Up-to-date: /home/ziczac/dev/skripsi_code/ROS2-PLICP-POSE-GRAPH/install/lslidar_msgs/lib/liblslidar_msgs__rosidl_typesupport_c.so
[5.378s] -- Up-to-date: /home/ziczac/dev/skripsi_code/ROS2-PLICP-POSE-GRAPH/install/lslidar_msgs/lib/liblslidar_msgs__rosidl_typesupport_introspection_cpp.so
[5.380s] -- Up-to-date: /home/ziczac/dev/skripsi_code/ROS2-PLICP-POSE-GRAPH/install/lslidar_msgs/lib/liblslidar_msgs__rosidl_typesupport_cpp.so
[5.529s] Listing '/home/ziczac/dev/skripsi_code/ROS2-PLICP-POSE-GRAPH/install/lslidar_msgs/local/lib/python3.10/dist-packages/lslidar_msgs'...
[5.530s] Listing '/home/ziczac/dev/skripsi_code/ROS2-PLICP-POSE-GRAPH/install/lslidar_msgs/local/lib/python3.10/dist-packages/lslidar_msgs/msg'...
[5.616s] -- Up-to-date: /home/ziczac/dev/skripsi_code/ROS2-PLICP-POSE-GRAPH/install/lslidar_msgs/lib/liblslidar_msgs__rosidl_generator_py.so
[5.641s] -- Up-to-date: /home/ziczac/dev/skripsi_code/ROS2-PLICP-POSE-GRAPH/install/lslidar_msgs/share/lslidar_msgs/cmake/export_lslidar_msgs__rosidl_generator_cExport.cmake
[5.641s] -- Up-to-date: /home/ziczac/dev/skripsi_code/ROS2-PLICP-POSE-GRAPH/install/lslidar_msgs/share/lslidar_msgs/cmake/export_lslidar_msgs__rosidl_generator_cExport-noconfig.cmake
[5.642s] -- Up-to-date: /home/ziczac/dev/skripsi_code/ROS2-PLICP-POSE-GRAPH/install/lslidar_msgs/share/lslidar_msgs/cmake/export_lslidar_msgs__rosidl_typesupport_fastrtps_cExport.cmake
[5.642s] -- Up-to-date: /home/ziczac/dev/skripsi_code/ROS2-PLICP-POSE-GRAPH/install/lslidar_msgs/share/lslidar_msgs/cmake/export_lslidar_msgs__rosidl_typesupport_fastrtps_cExport-noconfig.cmake
[5.674s] -- Up-to-date: /home/ziczac/dev/skripsi_code/ROS2-PLICP-POSE-GRAPH/install/lslidar_msgs/share/lslidar_msgs/cmake/export_lslidar_msgs__rosidl_generator_cppExport.cmake
[5.675s] -- Up-to-date: /home/ziczac/dev/skripsi_code/ROS2-PLICP-POSE-GRAPH/install/lslidar_msgs/share/lslidar_msgs/cmake/export_lslidar_msgs__rosidl_typesupport_fastrtps_cppExport.cmake
[5.675s] -- Up-to-date: /home/ziczac/dev/skripsi_code/ROS2-PLICP-POSE-GRAPH/install/lslidar_msgs/share/lslidar_msgs/cmake/export_lslidar_msgs__rosidl_typesupport_fastrtps_cppExport-noconfig.cmake
[5.708s] -- Up-to-date: /home/ziczac/dev/skripsi_code/ROS2-PLICP-POSE-GRAPH/install/lslidar_msgs/share/lslidar_msgs/cmake/lslidar_msgs__rosidl_typesupport_introspection_cExport.cmake
[5.708s] -- Up-to-date: /home/ziczac/dev/skripsi_code/ROS2-PLICP-POSE-GRAPH/install/lslidar_msgs/share/lslidar_msgs/cmake/lslidar_msgs__rosidl_typesupport_introspection_cExport-noconfig.cmake
[5.709s] -- Up-to-date: /home/ziczac/dev/skripsi_code/ROS2-PLICP-POSE-GRAPH/install/lslidar_msgs/share/lslidar_msgs/cmake/lslidar_msgs__rosidl_typesupport_cExport.cmake
[5.709s] -- Up-to-date: /home/ziczac/dev/skripsi_code/ROS2-PLICP-POSE-GRAPH/install/lslidar_msgs/share/lslidar_msgs/cmake/lslidar_msgs__rosidl_typesupport_cExport-noconfig.cmake
[5.741s] -- Up-to-date: /home/ziczac/dev/skripsi_code/ROS2-PLICP-POSE-GRAPH/install/lslidar_msgs/share/lslidar_msgs/cmake/lslidar_msgs__rosidl_typesupport_introspection_cppExport.cmake
[5.742s] -- Up-to-date: /home/ziczac/dev/skripsi_code/ROS2-PLICP-POSE-GRAPH/install/lslidar_msgs/share/lslidar_msgs/cmake/lslidar_msgs__rosidl_typesupport_introspection_cppExport-noconfig.cmake
[5.742s] -- Up-to-date: /home/ziczac/dev/skripsi_code/ROS2-PLICP-POSE-GRAPH/install/lslidar_msgs/share/lslidar_msgs/cmake/lslidar_msgs__rosidl_typesupport_cppExport.cmake
[5.743s] -- Up-to-date: /home/ziczac/dev/skripsi_code/ROS2-PLICP-POSE-GRAPH/install/lslidar_msgs/share/lslidar_msgs/cmake/lslidar_msgs__rosidl_typesupport_cppExport-noconfig.cmake
[5.744s] -- Up-to-date: /home/ziczac/dev/skripsi_code/ROS2-PLICP-POSE-GRAPH/install/lslidar_msgs/share/lslidar_msgs/cmake/export_lslidar_msgs__rosidl_generator_pyExport.cmake
[5.744s] -- Up-to-date: /home/ziczac/dev/skripsi_code/ROS2-PLICP-POSE-GRAPH/install/lslidar_msgs/share/lslidar_msgs/cmake/export_lslidar_msgs__rosidl_generator_pyExport-noconfig.cmake
[7.337s] Invoked command in '/home/ziczac/dev/skripsi_code/ROS2-PLICP-POSE-GRAPH/build/lslidar_msgs' returned '0': CMAKE_PREFIX_PATH=${CMAKE_PREFIX_PATH}:/home/ziczac/dev/skripsi_code/ROS2-PLICP-POSE-GRAPH/install/motor:/home/ziczac/dev/skripsi_code/ROS2-PLICP-POSE-GRAPH/install/gui:/home/ziczac/dev/skripsi_code/ROS2-PLICP-POSE-GRAPH/install/rosboard:/home/ziczac/dev/skripsi_code/ROS2-PLICP-POSE-GRAPH/install/log_odds_map:/home/ziczac/dev/skripsi_code/ROS2-PLICP-POSE-GRAPH/install/icp_graph_slam:/home/ziczac/dev/skripsi_code/ROS2-PLICP-POSE-GRAPH/install/diff_drive:/opt/ros/humble /usr/bin/cmake --install /home/ziczac/dev/skripsi_code/ROS2-PLICP-POSE-GRAPH/build/lslidar_msgs
