-- Found ament_cmake: 1.3.9 (/opt/ros/humble/share/ament_cmake/cmake)
-- Override CMake install command with custom implementation using symlinks instead of copying resources
-- Found std_msgs: 4.2.3 (/opt/ros/humble/share/std_msgs/cmake)
-- Found rosidl_generator_c: 3.1.5 (/opt/ros/humble/share/rosidl_generator_c/cmake)
-- Found rosidl_adapter: 3.1.5 (/opt/ros/humble/share/rosidl_adapter/cmake)
-- Found rosidl_generator_cpp: 3.1.5 (/opt/ros/humble/share/rosidl_generator_cpp/cmake)
-- Using all available rosidl_typesupport_c: rosidl_typesupport_fastrtps_c;rosidl_typesupport_introspection_c
-- Using all available rosidl_typesupport_cpp: rosidl_typesupport_fastrtps_cpp;rosidl_typesupport_introspection_cpp
-- Found sensor_msgs: 4.2.3 (/opt/ros/humble/share/sensor_msgs/cmake)
-- Found rosidl_default_generators: 1.2.0 (/opt/ros/humble/share/rosidl_default_generators/cmake)
-- Found ament_lint_auto: 0.12.11 (/opt/ros/humble/share/ament_lint_auto/cmake)
-- Found ament_cmake_ros: 0.10.0 (/opt/ros/humble/share/ament_cmake_ros/cmake)
-- Using all available rosidl_typesupport_c: rosidl_typesupport_fastrtps_c;rosidl_typesupport_introspection_c
-- Using all available rosidl_typesupport_cpp: rosidl_typesupport_fastrtps_cpp;rosidl_typesupport_introspection_cpp
-- Found python_cmake_module: 0.10.0 (/opt/ros/humble/share/python_cmake_module/cmake)
-- Using PYTHON_EXECUTABLE: /usr/bin/python3
-- Using PYTHON_INCLUDE_DIRS: /usr/include/python3.10
-- Using PYTHON_LIBRARIES: /usr/lib/x86_64-linux-gnu/libpython3.10.so
-- Added test 'copyright' to check source files copyright and LICENSE
-- Added test 'lint_cmake' to check CMake code style
-- Added test 'xmllint' to check XML markup files
-- Configuring done
-- Generating done
-- Build files have been written to: /home/ziczac/dev/skripsi_code/ROS2-PLICP-POSE-GRAPH/build/lslidar_msgs
[35m[1mConsolidate compiler generated dependencies of target lslidar_msgs__rosidl_generator_c[0m
[  1%] Built target lslidar_msgs__cpp
[  1%] Built target ament_cmake_python_symlink_lslidar_msgs
[ 12%] Built target lslidar_msgs__rosidl_generator_c
[35m[1mConsolidate compiler generated dependencies of target lslidar_msgs__rosidl_typesupport_cpp[0m
[35m[1mConsolidate compiler generated dependencies of target lslidar_msgs__rosidl_typesupport_fastrtps_cpp[0m
[35m[1mConsolidate compiler generated dependencies of target lslidar_msgs__rosidl_typesupport_introspection_cpp[0m
[35m[1mConsolidate compiler generated dependencies of target lslidar_msgs__rosidl_typesupport_fastrtps_c[0m
[35m[1mConsolidate compiler generated dependencies of target lslidar_msgs__rosidl_typesupport_c[0m
[35m[1mConsolidate compiler generated dependencies of target lslidar_msgs__rosidl_typesupport_introspection_c[0m
[ 23%] Built target lslidar_msgs__rosidl_typesupport_introspection_cpp
[ 34%] Built target lslidar_msgs__rosidl_typesupport_fastrtps_c
[ 47%] Built target lslidar_msgs__rosidl_typesupport_c
[ 57%] Built target lslidar_msgs__rosidl_typesupport_cpp
[ 68%] Built target lslidar_msgs__rosidl_typesupport_fastrtps_cpp
[ 79%] Built target lslidar_msgs__rosidl_typesupport_introspection_c
[ 79%] Built target lslidar_msgs
[ 80%] Built target lslidar_msgs__py
[35m[1mConsolidate compiler generated dependencies of target lslidar_msgs__rosidl_generator_py[0m
[ 90%] Built target lslidar_msgs__rosidl_generator_py
[35m[1mConsolidate compiler generated dependencies of target lslidar_msgs__rosidl_typesupport_fastrtps_c__pyext[0m
[35m[1mConsolidate compiler generated dependencies of target lslidar_msgs__rosidl_typesupport_introspection_c__pyext[0m
[35m[1mConsolidate compiler generated dependencies of target lslidar_msgs__rosidl_typesupport_c__pyext[0m
[ 93%] Built target lslidar_msgs__rosidl_typesupport_fastrtps_c__pyext
[ 96%] Built target lslidar_msgs__rosidl_typesupport_introspection_c__pyext
[100%] Built target lslidar_msgs__rosidl_typesupport_c__pyext
running egg_info
writing lslidar_msgs.egg-info/PKG-INFO
writing dependency_links to lslidar_msgs.egg-info/dependency_links.txt
writing top-level names to lslidar_msgs.egg-info/top_level.txt
reading manifest file 'lslidar_msgs.egg-info/SOURCES.txt'
writing manifest file 'lslidar_msgs.egg-info/SOURCES.txt'
[100%] Built target ament_cmake_python_build_lslidar_msgs_egg
-- Install configuration: ""
-- Execute custom install script
-- Up-to-date symlink: /home/ziczac/dev/skripsi_code/ROS2-PLICP-POSE-GRAPH/install/lslidar_msgs/share/ament_index/resource_index/rosidl_interfaces/lslidar_msgs
-- Up-to-date symlink: /home/ziczac/dev/skripsi_code/ROS2-PLICP-POSE-GRAPH/install/lslidar_msgs/include/lslidar_msgs/lslidar_msgs/msg/detail/lslidar_difop__functions.h
-- Up-to-date symlink: /home/ziczac/dev/skripsi_code/ROS2-PLICP-POSE-GRAPH/install/lslidar_msgs/include/lslidar_msgs/lslidar_msgs/msg/detail/lslidar_difop__struct.h
-- Up-to-date symlink: /home/ziczac/dev/skripsi_code/ROS2-PLICP-POSE-GRAPH/install/lslidar_msgs/include/lslidar_msgs/lslidar_msgs/msg/detail/lslidar_difop__type_support.h
-- Up-to-date symlink: /home/ziczac/dev/skripsi_code/ROS2-PLICP-POSE-GRAPH/install/lslidar_msgs/include/lslidar_msgs/lslidar_msgs/msg/detail/lslidar_packet__functions.h
-- Up-to-date symlink: /home/ziczac/dev/skripsi_code/ROS2-PLICP-POSE-GRAPH/install/lslidar_msgs/include/lslidar_msgs/lslidar_msgs/msg/detail/lslidar_packet__struct.h
-- Up-to-date symlink: /home/ziczac/dev/skripsi_code/ROS2-PLICP-POSE-GRAPH/install/lslidar_msgs/include/lslidar_msgs/lslidar_msgs/msg/detail/lslidar_packet__type_support.h
-- Up-to-date symlink: /home/ziczac/dev/skripsi_code/ROS2-PLICP-POSE-GRAPH/install/lslidar_msgs/include/lslidar_msgs/lslidar_msgs/msg/detail/lslidar_point__functions.h
-- Up-to-date symlink: /home/ziczac/dev/skripsi_code/ROS2-PLICP-POSE-GRAPH/install/lslidar_msgs/include/lslidar_msgs/lslidar_msgs/msg/detail/lslidar_point__struct.h
-- Up-to-date symlink: /home/ziczac/dev/skripsi_code/ROS2-PLICP-POSE-GRAPH/install/lslidar_msgs/include/lslidar_msgs/lslidar_msgs/msg/detail/lslidar_point__type_support.h
-- Up-to-date symlink: /home/ziczac/dev/skripsi_code/ROS2-PLICP-POSE-GRAPH/install/lslidar_msgs/include/lslidar_msgs/lslidar_msgs/msg/detail/lslidar_scan__functions.h
-- Up-to-date symlink: /home/ziczac/dev/skripsi_code/ROS2-PLICP-POSE-GRAPH/install/lslidar_msgs/include/lslidar_msgs/lslidar_msgs/msg/detail/lslidar_scan__struct.h
-- Up-to-date symlink: /home/ziczac/dev/skripsi_code/ROS2-PLICP-POSE-GRAPH/install/lslidar_msgs/include/lslidar_msgs/lslidar_msgs/msg/detail/lslidar_scan__type_support.h
-- Up-to-date symlink: /home/ziczac/dev/skripsi_code/ROS2-PLICP-POSE-GRAPH/install/lslidar_msgs/include/lslidar_msgs/lslidar_msgs/msg/detail/lslidar_sweep__functions.h
-- Up-to-date symlink: /home/ziczac/dev/skripsi_code/ROS2-PLICP-POSE-GRAPH/install/lslidar_msgs/include/lslidar_msgs/lslidar_msgs/msg/detail/lslidar_sweep__struct.h
-- Up-to-date symlink: /home/ziczac/dev/skripsi_code/ROS2-PLICP-POSE-GRAPH/install/lslidar_msgs/include/lslidar_msgs/lslidar_msgs/msg/detail/lslidar_sweep__type_support.h
-- Up-to-date symlink: /home/ziczac/dev/skripsi_code/ROS2-PLICP-POSE-GRAPH/install/lslidar_msgs/include/lslidar_msgs/lslidar_msgs/msg/lslidar_difop.h
-- Up-to-date symlink: /home/ziczac/dev/skripsi_code/ROS2-PLICP-POSE-GRAPH/install/lslidar_msgs/include/lslidar_msgs/lslidar_msgs/msg/lslidar_packet.h
-- Up-to-date symlink: /home/ziczac/dev/skripsi_code/ROS2-PLICP-POSE-GRAPH/install/lslidar_msgs/include/lslidar_msgs/lslidar_msgs/msg/lslidar_point.h
-- Up-to-date symlink: /home/ziczac/dev/skripsi_code/ROS2-PLICP-POSE-GRAPH/install/lslidar_msgs/include/lslidar_msgs/lslidar_msgs/msg/lslidar_scan.h
-- Up-to-date symlink: /home/ziczac/dev/skripsi_code/ROS2-PLICP-POSE-GRAPH/install/lslidar_msgs/include/lslidar_msgs/lslidar_msgs/msg/lslidar_sweep.h
-- Up-to-date symlink: /home/ziczac/dev/skripsi_code/ROS2-PLICP-POSE-GRAPH/install/lslidar_msgs/include/lslidar_msgs/lslidar_msgs/msg/rosidl_generator_c__visibility_control.h
-- Up-to-date symlink: /home/ziczac/dev/skripsi_code/ROS2-PLICP-POSE-GRAPH/install/lslidar_msgs/share/lslidar_msgs/environment/library_path.sh
-- Up-to-date symlink: /home/ziczac/dev/skripsi_code/ROS2-PLICP-POSE-GRAPH/install/lslidar_msgs/share/lslidar_msgs/environment/library_path.dsv
-- Up-to-date symlink: /home/ziczac/dev/skripsi_code/ROS2-PLICP-POSE-GRAPH/install/lslidar_msgs/include/lslidar_msgs/lslidar_msgs/msg/detail/lslidar_difop__rosidl_typesupport_fastrtps_c.h
-- Up-to-date symlink: /home/ziczac/dev/skripsi_code/ROS2-PLICP-POSE-GRAPH/install/lslidar_msgs/include/lslidar_msgs/lslidar_msgs/msg/detail/lslidar_packet__rosidl_typesupport_fastrtps_c.h
-- Up-to-date symlink: /home/ziczac/dev/skripsi_code/ROS2-PLICP-POSE-GRAPH/install/lslidar_msgs/include/lslidar_msgs/lslidar_msgs/msg/detail/lslidar_point__rosidl_typesupport_fastrtps_c.h
-- Up-to-date symlink: /home/ziczac/dev/skripsi_code/ROS2-PLICP-POSE-GRAPH/install/lslidar_msgs/include/lslidar_msgs/lslidar_msgs/msg/detail/lslidar_scan__rosidl_typesupport_fastrtps_c.h
-- Up-to-date symlink: /home/ziczac/dev/skripsi_code/ROS2-PLICP-POSE-GRAPH/install/lslidar_msgs/include/lslidar_msgs/lslidar_msgs/msg/detail/lslidar_sweep__rosidl_typesupport_fastrtps_c.h
-- Up-to-date symlink: /home/ziczac/dev/skripsi_code/ROS2-PLICP-POSE-GRAPH/install/lslidar_msgs/include/lslidar_msgs/lslidar_msgs/msg/rosidl_typesupport_fastrtps_c__visibility_control.h
-- Up-to-date symlink: /home/ziczac/dev/skripsi_code/ROS2-PLICP-POSE-GRAPH/install/lslidar_msgs/include/lslidar_msgs/lslidar_msgs/msg/detail/lslidar_difop__builder.hpp
-- Up-to-date symlink: /home/ziczac/dev/skripsi_code/ROS2-PLICP-POSE-GRAPH/install/lslidar_msgs/include/lslidar_msgs/lslidar_msgs/msg/detail/lslidar_difop__struct.hpp
-- Up-to-date symlink: /home/ziczac/dev/skripsi_code/ROS2-PLICP-POSE-GRAPH/install/lslidar_msgs/include/lslidar_msgs/lslidar_msgs/msg/detail/lslidar_difop__traits.hpp
-- Up-to-date symlink: /home/ziczac/dev/skripsi_code/ROS2-PLICP-POSE-GRAPH/install/lslidar_msgs/include/lslidar_msgs/lslidar_msgs/msg/detail/lslidar_packet__builder.hpp
-- Up-to-date symlink: /home/ziczac/dev/skripsi_code/ROS2-PLICP-POSE-GRAPH/install/lslidar_msgs/include/lslidar_msgs/lslidar_msgs/msg/detail/lslidar_packet__struct.hpp
-- Up-to-date symlink: /home/ziczac/dev/skripsi_code/ROS2-PLICP-POSE-GRAPH/install/lslidar_msgs/include/lslidar_msgs/lslidar_msgs/msg/detail/lslidar_packet__traits.hpp
-- Up-to-date symlink: /home/ziczac/dev/skripsi_code/ROS2-PLICP-POSE-GRAPH/install/lslidar_msgs/include/lslidar_msgs/lslidar_msgs/msg/detail/lslidar_point__builder.hpp
-- Up-to-date symlink: /home/ziczac/dev/skripsi_code/ROS2-PLICP-POSE-GRAPH/install/lslidar_msgs/include/lslidar_msgs/lslidar_msgs/msg/detail/lslidar_point__struct.hpp
-- Up-to-date symlink: /home/ziczac/dev/skripsi_code/ROS2-PLICP-POSE-GRAPH/install/lslidar_msgs/include/lslidar_msgs/lslidar_msgs/msg/detail/lslidar_point__traits.hpp
-- Up-to-date symlink: /home/ziczac/dev/skripsi_code/ROS2-PLICP-POSE-GRAPH/install/lslidar_msgs/include/lslidar_msgs/lslidar_msgs/msg/detail/lslidar_scan__builder.hpp
-- Up-to-date symlink: /home/ziczac/dev/skripsi_code/ROS2-PLICP-POSE-GRAPH/install/lslidar_msgs/include/lslidar_msgs/lslidar_msgs/msg/detail/lslidar_scan__struct.hpp
-- Up-to-date symlink: /home/ziczac/dev/skripsi_code/ROS2-PLICP-POSE-GRAPH/install/lslidar_msgs/include/lslidar_msgs/lslidar_msgs/msg/detail/lslidar_scan__traits.hpp
-- Up-to-date symlink: /home/ziczac/dev/skripsi_code/ROS2-PLICP-POSE-GRAPH/install/lslidar_msgs/include/lslidar_msgs/lslidar_msgs/msg/detail/lslidar_sweep__builder.hpp
-- Up-to-date symlink: /home/ziczac/dev/skripsi_code/ROS2-PLICP-POSE-GRAPH/install/lslidar_msgs/include/lslidar_msgs/lslidar_msgs/msg/detail/lslidar_sweep__struct.hpp
-- Up-to-date symlink: /home/ziczac/dev/skripsi_code/ROS2-PLICP-POSE-GRAPH/install/lslidar_msgs/include/lslidar_msgs/lslidar_msgs/msg/detail/lslidar_sweep__traits.hpp
-- Up-to-date symlink: /home/ziczac/dev/skripsi_code/ROS2-PLICP-POSE-GRAPH/install/lslidar_msgs/include/lslidar_msgs/lslidar_msgs/msg/lslidar_difop.hpp
-- Up-to-date symlink: /home/ziczac/dev/skripsi_code/ROS2-PLICP-POSE-GRAPH/install/lslidar_msgs/include/lslidar_msgs/lslidar_msgs/msg/lslidar_packet.hpp
-- Up-to-date symlink: /home/ziczac/dev/skripsi_code/ROS2-PLICP-POSE-GRAPH/install/lslidar_msgs/include/lslidar_msgs/lslidar_msgs/msg/lslidar_point.hpp
-- Up-to-date symlink: /home/ziczac/dev/skripsi_code/ROS2-PLICP-POSE-GRAPH/install/lslidar_msgs/include/lslidar_msgs/lslidar_msgs/msg/lslidar_scan.hpp
-- Up-to-date symlink: /home/ziczac/dev/skripsi_code/ROS2-PLICP-POSE-GRAPH/install/lslidar_msgs/include/lslidar_msgs/lslidar_msgs/msg/lslidar_sweep.hpp
-- Up-to-date symlink: /home/ziczac/dev/skripsi_code/ROS2-PLICP-POSE-GRAPH/install/lslidar_msgs/include/lslidar_msgs/lslidar_msgs/msg/detail/lslidar_difop__rosidl_typesupport_fastrtps_cpp.hpp
-- Up-to-date symlink: /home/ziczac/dev/skripsi_code/ROS2-PLICP-POSE-GRAPH/install/lslidar_msgs/include/lslidar_msgs/lslidar_msgs/msg/detail/lslidar_packet__rosidl_typesupport_fastrtps_cpp.hpp
-- Up-to-date symlink: /home/ziczac/dev/skripsi_code/ROS2-PLICP-POSE-GRAPH/install/lslidar_msgs/include/lslidar_msgs/lslidar_msgs/msg/detail/lslidar_point__rosidl_typesupport_fastrtps_cpp.hpp
-- Up-to-date symlink: /home/ziczac/dev/skripsi_code/ROS2-PLICP-POSE-GRAPH/install/lslidar_msgs/include/lslidar_msgs/lslidar_msgs/msg/detail/lslidar_scan__rosidl_typesupport_fastrtps_cpp.hpp
-- Up-to-date symlink: /home/ziczac/dev/skripsi_code/ROS2-PLICP-POSE-GRAPH/install/lslidar_msgs/include/lslidar_msgs/lslidar_msgs/msg/detail/lslidar_sweep__rosidl_typesupport_fastrtps_cpp.hpp
-- Up-to-date symlink: /home/ziczac/dev/skripsi_code/ROS2-PLICP-POSE-GRAPH/install/lslidar_msgs/include/lslidar_msgs/lslidar_msgs/msg/rosidl_typesupport_fastrtps_cpp__visibility_control.h
-- Up-to-date symlink: /home/ziczac/dev/skripsi_code/ROS2-PLICP-POSE-GRAPH/install/lslidar_msgs/include/lslidar_msgs/lslidar_msgs/msg/detail/lslidar_difop__rosidl_typesupport_introspection_c.h
-- Up-to-date symlink: /home/ziczac/dev/skripsi_code/ROS2-PLICP-POSE-GRAPH/install/lslidar_msgs/include/lslidar_msgs/lslidar_msgs/msg/detail/lslidar_packet__rosidl_typesupport_introspection_c.h
-- Up-to-date symlink: /home/ziczac/dev/skripsi_code/ROS2-PLICP-POSE-GRAPH/install/lslidar_msgs/include/lslidar_msgs/lslidar_msgs/msg/detail/lslidar_point__rosidl_typesupport_introspection_c.h
-- Up-to-date symlink: /home/ziczac/dev/skripsi_code/ROS2-PLICP-POSE-GRAPH/install/lslidar_msgs/include/lslidar_msgs/lslidar_msgs/msg/detail/lslidar_scan__rosidl_typesupport_introspection_c.h
-- Up-to-date symlink: /home/ziczac/dev/skripsi_code/ROS2-PLICP-POSE-GRAPH/install/lslidar_msgs/include/lslidar_msgs/lslidar_msgs/msg/detail/lslidar_sweep__rosidl_typesupport_introspection_c.h
-- Up-to-date symlink: /home/ziczac/dev/skripsi_code/ROS2-PLICP-POSE-GRAPH/install/lslidar_msgs/include/lslidar_msgs/lslidar_msgs/msg/rosidl_typesupport_introspection_c__visibility_control.h
-- Up-to-date symlink: /home/ziczac/dev/skripsi_code/ROS2-PLICP-POSE-GRAPH/install/lslidar_msgs/include/lslidar_msgs/lslidar_msgs/msg/detail/lslidar_difop__rosidl_typesupport_introspection_cpp.hpp
-- Up-to-date symlink: /home/ziczac/dev/skripsi_code/ROS2-PLICP-POSE-GRAPH/install/lslidar_msgs/include/lslidar_msgs/lslidar_msgs/msg/detail/lslidar_packet__rosidl_typesupport_introspection_cpp.hpp
-- Up-to-date symlink: /home/ziczac/dev/skripsi_code/ROS2-PLICP-POSE-GRAPH/install/lslidar_msgs/include/lslidar_msgs/lslidar_msgs/msg/detail/lslidar_point__rosidl_typesupport_introspection_cpp.hpp
-- Up-to-date symlink: /home/ziczac/dev/skripsi_code/ROS2-PLICP-POSE-GRAPH/install/lslidar_msgs/include/lslidar_msgs/lslidar_msgs/msg/detail/lslidar_scan__rosidl_typesupport_introspection_cpp.hpp
-- Up-to-date symlink: /home/ziczac/dev/skripsi_code/ROS2-PLICP-POSE-GRAPH/install/lslidar_msgs/include/lslidar_msgs/lslidar_msgs/msg/detail/lslidar_sweep__rosidl_typesupport_introspection_cpp.hpp
-- Up-to-date symlink: /home/ziczac/dev/skripsi_code/ROS2-PLICP-POSE-GRAPH/install/lslidar_msgs/share/lslidar_msgs/environment/pythonpath.sh
-- Up-to-date symlink: /home/ziczac/dev/skripsi_code/ROS2-PLICP-POSE-GRAPH/install/lslidar_msgs/share/lslidar_msgs/environment/pythonpath.dsv
-- Up-to-date symlink: /home/ziczac/dev/skripsi_code/ROS2-PLICP-POSE-GRAPH/install/lslidar_msgs/local/lib/python3.10/dist-packages/lslidar_msgs-1.2.0-py3.10.egg-info/PKG-INFO
-- Up-to-date symlink: /home/ziczac/dev/skripsi_code/ROS2-PLICP-POSE-GRAPH/install/lslidar_msgs/local/lib/python3.10/dist-packages/lslidar_msgs-1.2.0-py3.10.egg-info/SOURCES.txt
-- Up-to-date symlink: /home/ziczac/dev/skripsi_code/ROS2-PLICP-POSE-GRAPH/install/lslidar_msgs/local/lib/python3.10/dist-packages/lslidar_msgs-1.2.0-py3.10.egg-info/dependency_links.txt
-- Up-to-date symlink: /home/ziczac/dev/skripsi_code/ROS2-PLICP-POSE-GRAPH/install/lslidar_msgs/local/lib/python3.10/dist-packages/lslidar_msgs-1.2.0-py3.10.egg-info/top_level.txt
-- Up-to-date symlink: /home/ziczac/dev/skripsi_code/ROS2-PLICP-POSE-GRAPH/install/lslidar_msgs/local/lib/python3.10/dist-packages/lslidar_msgs/__init__.py
-- Up-to-date symlink: /home/ziczac/dev/skripsi_code/ROS2-PLICP-POSE-GRAPH/install/lslidar_msgs/local/lib/python3.10/dist-packages/lslidar_msgs/_lslidar_msgs_s.ep.rosidl_typesupport_c.c
-- Up-to-date symlink: /home/ziczac/dev/skripsi_code/ROS2-PLICP-POSE-GRAPH/install/lslidar_msgs/local/lib/python3.10/dist-packages/lslidar_msgs/_lslidar_msgs_s.ep.rosidl_typesupport_fastrtps_c.c
-- Up-to-date symlink: /home/ziczac/dev/skripsi_code/ROS2-PLICP-POSE-GRAPH/install/lslidar_msgs/local/lib/python3.10/dist-packages/lslidar_msgs/_lslidar_msgs_s.ep.rosidl_typesupport_introspection_c.c
-- Up-to-date symlink: /home/ziczac/dev/skripsi_code/ROS2-PLICP-POSE-GRAPH/install/lslidar_msgs/local/lib/python3.10/dist-packages/lslidar_msgs/liblslidar_msgs__rosidl_generator_py.so
-- Up-to-date symlink: /home/ziczac/dev/skripsi_code/ROS2-PLICP-POSE-GRAPH/install/lslidar_msgs/local/lib/python3.10/dist-packages/lslidar_msgs/lslidar_msgs_s__rosidl_typesupport_c.cpython-310-x86_64-linux-gnu.so
-- Up-to-date symlink: /home/ziczac/dev/skripsi_code/ROS2-PLICP-POSE-GRAPH/install/lslidar_msgs/local/lib/python3.10/dist-packages/lslidar_msgs/lslidar_msgs_s__rosidl_typesupport_fastrtps_c.cpython-310-x86_64-linux-gnu.so
-- Up-to-date symlink: /home/ziczac/dev/skripsi_code/ROS2-PLICP-POSE-GRAPH/install/lslidar_msgs/local/lib/python3.10/dist-packages/lslidar_msgs/lslidar_msgs_s__rosidl_typesupport_introspection_c.cpython-310-x86_64-linux-gnu.so
-- Up-to-date symlink: /home/ziczac/dev/skripsi_code/ROS2-PLICP-POSE-GRAPH/install/lslidar_msgs/local/lib/python3.10/dist-packages/lslidar_msgs/msg/__init__.py
-- Up-to-date symlink: /home/ziczac/dev/skripsi_code/ROS2-PLICP-POSE-GRAPH/install/lslidar_msgs/local/lib/python3.10/dist-packages/lslidar_msgs/msg/_lslidar_difop.py
-- Up-to-date symlink: /home/ziczac/dev/skripsi_code/ROS2-PLICP-POSE-GRAPH/install/lslidar_msgs/local/lib/python3.10/dist-packages/lslidar_msgs/msg/_lslidar_difop_s.c
-- Up-to-date symlink: /home/ziczac/dev/skripsi_code/ROS2-PLICP-POSE-GRAPH/install/lslidar_msgs/local/lib/python3.10/dist-packages/lslidar_msgs/msg/_lslidar_packet.py
-- Up-to-date symlink: /home/ziczac/dev/skripsi_code/ROS2-PLICP-POSE-GRAPH/install/lslidar_msgs/local/lib/python3.10/dist-packages/lslidar_msgs/msg/_lslidar_packet_s.c
-- Up-to-date symlink: /home/ziczac/dev/skripsi_code/ROS2-PLICP-POSE-GRAPH/install/lslidar_msgs/local/lib/python3.10/dist-packages/lslidar_msgs/msg/_lslidar_point.py
-- Up-to-date symlink: /home/ziczac/dev/skripsi_code/ROS2-PLICP-POSE-GRAPH/install/lslidar_msgs/local/lib/python3.10/dist-packages/lslidar_msgs/msg/_lslidar_point_s.c
-- Up-to-date symlink: /home/ziczac/dev/skripsi_code/ROS2-PLICP-POSE-GRAPH/install/lslidar_msgs/local/lib/python3.10/dist-packages/lslidar_msgs/msg/_lslidar_scan.py
-- Up-to-date symlink: /home/ziczac/dev/skripsi_code/ROS2-PLICP-POSE-GRAPH/install/lslidar_msgs/local/lib/python3.10/dist-packages/lslidar_msgs/msg/_lslidar_scan_s.c
-- Up-to-date symlink: /home/ziczac/dev/skripsi_code/ROS2-PLICP-POSE-GRAPH/install/lslidar_msgs/local/lib/python3.10/dist-packages/lslidar_msgs/msg/_lslidar_sweep.py
-- Up-to-date symlink: /home/ziczac/dev/skripsi_code/ROS2-PLICP-POSE-GRAPH/install/lslidar_msgs/local/lib/python3.10/dist-packages/lslidar_msgs/msg/_lslidar_sweep_s.c
-- Up-to-date symlink: /home/ziczac/dev/skripsi_code/ROS2-PLICP-POSE-GRAPH/install/lslidar_msgs/local/lib/python3.10/dist-packages/lslidar_msgs/lslidar_msgs_s__rosidl_typesupport_fastrtps_c.cpython-310-x86_64-linux-gnu.so
-- Up-to-date symlink: /home/ziczac/dev/skripsi_code/ROS2-PLICP-POSE-GRAPH/install/lslidar_msgs/local/lib/python3.10/dist-packages/lslidar_msgs/lslidar_msgs_s__rosidl_typesupport_introspection_c.cpython-310-x86_64-linux-gnu.so
-- Up-to-date symlink: /home/ziczac/dev/skripsi_code/ROS2-PLICP-POSE-GRAPH/install/lslidar_msgs/local/lib/python3.10/dist-packages/lslidar_msgs/lslidar_msgs_s__rosidl_typesupport_c.cpython-310-x86_64-linux-gnu.so
-- Up-to-date symlink: /home/ziczac/dev/skripsi_code/ROS2-PLICP-POSE-GRAPH/install/lslidar_msgs/share/lslidar_msgs/msg/LslidarDifop.idl
-- Up-to-date symlink: /home/ziczac/dev/skripsi_code/ROS2-PLICP-POSE-GRAPH/install/lslidar_msgs/share/lslidar_msgs/msg/LslidarPacket.idl
-- Up-to-date symlink: /home/ziczac/dev/skripsi_code/ROS2-PLICP-POSE-GRAPH/install/lslidar_msgs/share/lslidar_msgs/msg/LslidarPoint.idl
-- Up-to-date symlink: /home/ziczac/dev/skripsi_code/ROS2-PLICP-POSE-GRAPH/install/lslidar_msgs/share/lslidar_msgs/msg/LslidarScan.idl
-- Up-to-date symlink: /home/ziczac/dev/skripsi_code/ROS2-PLICP-POSE-GRAPH/install/lslidar_msgs/share/lslidar_msgs/msg/LslidarSweep.idl
-- Up-to-date symlink: /home/ziczac/dev/skripsi_code/ROS2-PLICP-POSE-GRAPH/install/lslidar_msgs/share/lslidar_msgs/msg/LslidarDifop.msg
-- Up-to-date symlink: /home/ziczac/dev/skripsi_code/ROS2-PLICP-POSE-GRAPH/install/lslidar_msgs/share/lslidar_msgs/msg/LslidarPacket.msg
-- Up-to-date symlink: /home/ziczac/dev/skripsi_code/ROS2-PLICP-POSE-GRAPH/install/lslidar_msgs/share/lslidar_msgs/msg/LslidarPoint.msg
-- Up-to-date symlink: /home/ziczac/dev/skripsi_code/ROS2-PLICP-POSE-GRAPH/install/lslidar_msgs/share/lslidar_msgs/msg/LslidarScan.msg
-- Up-to-date symlink: /home/ziczac/dev/skripsi_code/ROS2-PLICP-POSE-GRAPH/install/lslidar_msgs/share/lslidar_msgs/msg/LslidarSweep.msg
-- Up-to-date symlink: /home/ziczac/dev/skripsi_code/ROS2-PLICP-POSE-GRAPH/install/lslidar_msgs/share/ament_index/resource_index/package_run_dependencies/lslidar_msgs
-- Up-to-date symlink: /home/ziczac/dev/skripsi_code/ROS2-PLICP-POSE-GRAPH/install/lslidar_msgs/share/ament_index/resource_index/parent_prefix_path/lslidar_msgs
-- Up-to-date symlink: /home/ziczac/dev/skripsi_code/ROS2-PLICP-POSE-GRAPH/install/lslidar_msgs/share/lslidar_msgs/environment/ament_prefix_path.sh
-- Up-to-date symlink: /home/ziczac/dev/skripsi_code/ROS2-PLICP-POSE-GRAPH/install/lslidar_msgs/share/lslidar_msgs/environment/ament_prefix_path.dsv
-- Up-to-date symlink: /home/ziczac/dev/skripsi_code/ROS2-PLICP-POSE-GRAPH/install/lslidar_msgs/share/lslidar_msgs/environment/path.sh
-- Up-to-date symlink: /home/ziczac/dev/skripsi_code/ROS2-PLICP-POSE-GRAPH/install/lslidar_msgs/share/lslidar_msgs/environment/path.dsv
-- Up-to-date symlink: /home/ziczac/dev/skripsi_code/ROS2-PLICP-POSE-GRAPH/install/lslidar_msgs/share/lslidar_msgs/local_setup.bash
-- Up-to-date symlink: /home/ziczac/dev/skripsi_code/ROS2-PLICP-POSE-GRAPH/install/lslidar_msgs/share/lslidar_msgs/local_setup.sh
-- Up-to-date symlink: /home/ziczac/dev/skripsi_code/ROS2-PLICP-POSE-GRAPH/install/lslidar_msgs/share/lslidar_msgs/local_setup.zsh
-- Up-to-date symlink: /home/ziczac/dev/skripsi_code/ROS2-PLICP-POSE-GRAPH/install/lslidar_msgs/share/lslidar_msgs/local_setup.dsv
-- Symlinking: /home/ziczac/dev/skripsi_code/ROS2-PLICP-POSE-GRAPH/install/lslidar_msgs/share/lslidar_msgs/package.dsv
-- Up-to-date symlink: /home/ziczac/dev/skripsi_code/ROS2-PLICP-POSE-GRAPH/install/lslidar_msgs/share/ament_index/resource_index/packages/lslidar_msgs
-- Up-to-date symlink: /home/ziczac/dev/skripsi_code/ROS2-PLICP-POSE-GRAPH/install/lslidar_msgs/share/lslidar_msgs/cmake/rosidl_cmake-extras.cmake
-- Up-to-date symlink: /home/ziczac/dev/skripsi_code/ROS2-PLICP-POSE-GRAPH/install/lslidar_msgs/share/lslidar_msgs/cmake/ament_cmake_export_dependencies-extras.cmake
-- Up-to-date symlink: /home/ziczac/dev/skripsi_code/ROS2-PLICP-POSE-GRAPH/install/lslidar_msgs/share/lslidar_msgs/cmake/ament_cmake_export_include_directories-extras.cmake
-- Up-to-date symlink: /home/ziczac/dev/skripsi_code/ROS2-PLICP-POSE-GRAPH/install/lslidar_msgs/share/lslidar_msgs/cmake/ament_cmake_export_libraries-extras.cmake
-- Up-to-date symlink: /home/ziczac/dev/skripsi_code/ROS2-PLICP-POSE-GRAPH/install/lslidar_msgs/share/lslidar_msgs/cmake/ament_cmake_export_targets-extras.cmake
-- Up-to-date symlink: /home/ziczac/dev/skripsi_code/ROS2-PLICP-POSE-GRAPH/install/lslidar_msgs/share/lslidar_msgs/cmake/rosidl_cmake_export_typesupport_targets-extras.cmake
-- Up-to-date symlink: /home/ziczac/dev/skripsi_code/ROS2-PLICP-POSE-GRAPH/install/lslidar_msgs/share/lslidar_msgs/cmake/rosidl_cmake_export_typesupport_libraries-extras.cmake
-- Up-to-date symlink: /home/ziczac/dev/skripsi_code/ROS2-PLICP-POSE-GRAPH/install/lslidar_msgs/share/lslidar_msgs/cmake/lslidar_msgsConfig.cmake
-- Up-to-date symlink: /home/ziczac/dev/skripsi_code/ROS2-PLICP-POSE-GRAPH/install/lslidar_msgs/share/lslidar_msgs/cmake/lslidar_msgsConfig-version.cmake
-- Up-to-date symlink: /home/ziczac/dev/skripsi_code/ROS2-PLICP-POSE-GRAPH/install/lslidar_msgs/share/lslidar_msgs/package.xml
-- Up-to-date: /home/ziczac/dev/skripsi_code/ROS2-PLICP-POSE-GRAPH/install/lslidar_msgs/lib/liblslidar_msgs__rosidl_generator_c.so
-- Up-to-date: /home/ziczac/dev/skripsi_code/ROS2-PLICP-POSE-GRAPH/install/lslidar_msgs/lib/liblslidar_msgs__rosidl_typesupport_fastrtps_c.so
-- Up-to-date: /home/ziczac/dev/skripsi_code/ROS2-PLICP-POSE-GRAPH/install/lslidar_msgs/lib/liblslidar_msgs__rosidl_typesupport_fastrtps_cpp.so
-- Up-to-date: /home/ziczac/dev/skripsi_code/ROS2-PLICP-POSE-GRAPH/install/lslidar_msgs/lib/liblslidar_msgs__rosidl_typesupport_introspection_c.so
-- Up-to-date: /home/ziczac/dev/skripsi_code/ROS2-PLICP-POSE-GRAPH/install/lslidar_msgs/lib/liblslidar_msgs__rosidl_typesupport_c.so
-- Up-to-date: /home/ziczac/dev/skripsi_code/ROS2-PLICP-POSE-GRAPH/install/lslidar_msgs/lib/liblslidar_msgs__rosidl_typesupport_introspection_cpp.so
-- Up-to-date: /home/ziczac/dev/skripsi_code/ROS2-PLICP-POSE-GRAPH/install/lslidar_msgs/lib/liblslidar_msgs__rosidl_typesupport_cpp.so
Listing '/home/ziczac/dev/skripsi_code/ROS2-PLICP-POSE-GRAPH/install/lslidar_msgs/local/lib/python3.10/dist-packages/lslidar_msgs'...
Compiling '/home/ziczac/dev/skripsi_code/ROS2-PLICP-POSE-GRAPH/install/lslidar_msgs/local/lib/python3.10/dist-packages/lslidar_msgs/__init__.py'...
Listing '/home/ziczac/dev/skripsi_code/ROS2-PLICP-POSE-GRAPH/install/lslidar_msgs/local/lib/python3.10/dist-packages/lslidar_msgs/msg'...
-- Up-to-date: /home/ziczac/dev/skripsi_code/ROS2-PLICP-POSE-GRAPH/install/lslidar_msgs/lib/liblslidar_msgs__rosidl_generator_py.so
-- Up-to-date: /home/ziczac/dev/skripsi_code/ROS2-PLICP-POSE-GRAPH/install/lslidar_msgs/share/lslidar_msgs/cmake/export_lslidar_msgs__rosidl_generator_cExport.cmake
-- Up-to-date: /home/ziczac/dev/skripsi_code/ROS2-PLICP-POSE-GRAPH/install/lslidar_msgs/share/lslidar_msgs/cmake/export_lslidar_msgs__rosidl_generator_cExport-noconfig.cmake
-- Up-to-date: /home/ziczac/dev/skripsi_code/ROS2-PLICP-POSE-GRAPH/install/lslidar_msgs/share/lslidar_msgs/cmake/export_lslidar_msgs__rosidl_typesupport_fastrtps_cExport.cmake
-- Up-to-date: /home/ziczac/dev/skripsi_code/ROS2-PLICP-POSE-GRAPH/install/lslidar_msgs/share/lslidar_msgs/cmake/export_lslidar_msgs__rosidl_typesupport_fastrtps_cExport-noconfig.cmake
-- Up-to-date: /home/ziczac/dev/skripsi_code/ROS2-PLICP-POSE-GRAPH/install/lslidar_msgs/share/lslidar_msgs/cmake/export_lslidar_msgs__rosidl_generator_cppExport.cmake
-- Up-to-date: /home/ziczac/dev/skripsi_code/ROS2-PLICP-POSE-GRAPH/install/lslidar_msgs/share/lslidar_msgs/cmake/export_lslidar_msgs__rosidl_typesupport_fastrtps_cppExport.cmake
-- Up-to-date: /home/ziczac/dev/skripsi_code/ROS2-PLICP-POSE-GRAPH/install/lslidar_msgs/share/lslidar_msgs/cmake/export_lslidar_msgs__rosidl_typesupport_fastrtps_cppExport-noconfig.cmake
-- Up-to-date: /home/ziczac/dev/skripsi_code/ROS2-PLICP-POSE-GRAPH/install/lslidar_msgs/share/lslidar_msgs/cmake/lslidar_msgs__rosidl_typesupport_introspection_cExport.cmake
-- Up-to-date: /home/ziczac/dev/skripsi_code/ROS2-PLICP-POSE-GRAPH/install/lslidar_msgs/share/lslidar_msgs/cmake/lslidar_msgs__rosidl_typesupport_introspection_cExport-noconfig.cmake
-- Up-to-date: /home/ziczac/dev/skripsi_code/ROS2-PLICP-POSE-GRAPH/install/lslidar_msgs/share/lslidar_msgs/cmake/lslidar_msgs__rosidl_typesupport_cExport.cmake
-- Up-to-date: /home/ziczac/dev/skripsi_code/ROS2-PLICP-POSE-GRAPH/install/lslidar_msgs/share/lslidar_msgs/cmake/lslidar_msgs__rosidl_typesupport_cExport-noconfig.cmake
-- Up-to-date: /home/ziczac/dev/skripsi_code/ROS2-PLICP-POSE-GRAPH/install/lslidar_msgs/share/lslidar_msgs/cmake/lslidar_msgs__rosidl_typesupport_introspection_cppExport.cmake
-- Up-to-date: /home/ziczac/dev/skripsi_code/ROS2-PLICP-POSE-GRAPH/install/lslidar_msgs/share/lslidar_msgs/cmake/lslidar_msgs__rosidl_typesupport_introspection_cppExport-noconfig.cmake
-- Up-to-date: /home/ziczac/dev/skripsi_code/ROS2-PLICP-POSE-GRAPH/install/lslidar_msgs/share/lslidar_msgs/cmake/lslidar_msgs__rosidl_typesupport_cppExport.cmake
-- Up-to-date: /home/ziczac/dev/skripsi_code/ROS2-PLICP-POSE-GRAPH/install/lslidar_msgs/share/lslidar_msgs/cmake/lslidar_msgs__rosidl_typesupport_cppExport-noconfig.cmake
-- Up-to-date: /home/ziczac/dev/skripsi_code/ROS2-PLICP-POSE-GRAPH/install/lslidar_msgs/share/lslidar_msgs/cmake/export_lslidar_msgs__rosidl_generator_pyExport.cmake
-- Up-to-date: /home/ziczac/dev/skripsi_code/ROS2-PLICP-POSE-GRAPH/install/lslidar_msgs/share/lslidar_msgs/cmake/export_lslidar_msgs__rosidl_generator_pyExport-noconfig.cmake
