running develop
/home/ziczac/.local/lib/python3.10/site-packages/setuptools/command/develop.py:40: EasyInstallDeprecationWarning: easy_install command is deprecated.
!!

        ********************************************************************************
        Please avoid running ``setup.py`` and ``easy_install``.
        Instead, use pypa/build, pypa/installer or other
        standards-based tools.

        See https://github.com/pypa/setuptools/issues/917 for details.
        ********************************************************************************

!!
  easy_install.initialize_options(self)
running egg_info
writing diff_drive.egg-info/PKG-INFO
writing dependency_links to diff_drive.egg-info/dependency_links.txt
writing entry points to diff_drive.egg-info/entry_points.txt
writing requirements to diff_drive.egg-info/requires.txt
writing top-level names to diff_drive.egg-info/top_level.txt
reading manifest file 'diff_drive.egg-info/SOURCES.txt'
writing manifest file 'diff_drive.egg-info/SOURCES.txt'
running build_ext
Creating /home/ziczac/dev/skripsi_code/ros2_workspace/install/diff_drive/lib/python3.10/site-packages/diff-drive.egg-link (link to .)
Installing diff_drive_model script to /home/ziczac/dev/skripsi_code/ros2_workspace/install/diff_drive/lib/diff_drive

Installed /home/ziczac/dev/skripsi_code/ros2_workspace/build/diff_drive
error: [Errno 17] File exists: '/home/ziczac/dev/skripsi_code/ros2_workspace/build/diff_drive/resource/diff_drive' -> '/home/ziczac/dev/skripsi_code/ros2_workspace/install/diff_drive/share/ament_index/resource_index/packages/diff_drive'
running symlink_data
symbolically linking /home/ziczac/dev/skripsi_code/ros2_workspace/build/diff_drive/resource/diff_drive -> /home/ziczac/dev/skripsi_code/ros2_workspace/install/diff_drive/share/ament_index/resource_index/packages
