[3.898s] Invoking command in '/home/ziczac/dev/skripsi_code/ros2_workspace/build/diff_drive': PYTHONPATH=/home/ziczac/dev/skripsi_code/ros2_workspace/build/diff_drive/prefix_override:/home/ziczac/dev/skripsi_code/ros2_workspace/install/diff_drive/lib/python3.10/site-packages:${PYTHONPATH} /usr/bin/python3 -W ignore:setup.py install is deprecated setup.py develop --editable --build-directory /home/ziczac/dev/skripsi_code/ros2_workspace/build/diff_drive/build --no-deps symlink_data
[5.279s] running develop
[5.363s] /home/ziczac/.local/lib/python3.10/site-packages/setuptools/command/develop.py:40: EasyInstallDeprecationWarning: easy_install command is deprecated.
[5.364s] !!
[5.364s] 
[5.364s]         ********************************************************************************
[5.364s]         Please avoid running ``setup.py`` and ``easy_install``.
[5.364s]         Instead, use pypa/build, pypa/installer or other
[5.365s]         standards-based tools.
[5.365s] 
[5.365s]         See https://github.com/pypa/setuptools/issues/917 for details.
[5.365s]         ********************************************************************************
[5.365s] 
[5.366s] !!
[5.366s]   easy_install.initialize_options(self)
[6.403s] running egg_info
[6.409s] writing diff_drive.egg-info/PKG-INFO
[6.410s] writing dependency_links to diff_drive.egg-info/dependency_links.txt
[6.411s] writing entry points to diff_drive.egg-info/entry_points.txt
[6.411s] writing requirements to diff_drive.egg-info/requires.txt
[6.411s] writing top-level names to diff_drive.egg-info/top_level.txt
[6.576s] reading manifest file 'diff_drive.egg-info/SOURCES.txt'
[6.578s] writing manifest file 'diff_drive.egg-info/SOURCES.txt'
[7.070s] running build_ext
[7.070s] Creating /home/ziczac/dev/skripsi_code/ros2_workspace/install/diff_drive/lib/python3.10/site-packages/diff-drive.egg-link (link to .)
[7.150s] Installing diff_drive_model script to /home/ziczac/dev/skripsi_code/ros2_workspace/install/diff_drive/lib/diff_drive
[7.150s] 
[7.151s] Installed /home/ziczac/dev/skripsi_code/ros2_workspace/build/diff_drive
[7.151s] error: [Errno 17] File exists: '/home/ziczac/dev/skripsi_code/ros2_workspace/build/diff_drive/resource/diff_drive' -> '/home/ziczac/dev/skripsi_code/ros2_workspace/install/diff_drive/share/ament_index/resource_index/packages/diff_drive'
[7.152s] running symlink_data
[7.152s] symbolically linking /home/ziczac/dev/skripsi_code/ros2_workspace/build/diff_drive/resource/diff_drive -> /home/ziczac/dev/skripsi_code/ros2_workspace/install/diff_drive/share/ament_index/resource_index/packages
[7.254s] Invoked command in '/home/ziczac/dev/skripsi_code/ros2_workspace/build/diff_drive' returned '1': PYTHONPATH=/home/ziczac/dev/skripsi_code/ros2_workspace/build/diff_drive/prefix_override:/home/ziczac/dev/skripsi_code/ros2_workspace/install/diff_drive/lib/python3.10/site-packages:${PYTHONPATH} /usr/bin/python3 -W ignore:setup.py install is deprecated setup.py develop --editable --build-directory /home/ziczac/dev/skripsi_code/ros2_workspace/build/diff_drive/build --no-deps symlink_data
