[0.043s] Invoking command in '/home/ziczac/dev/skripsi_code/ros2_workspace/build/wheel_interfaces': CMAKE_PREFIX_PATH=${CMAKE_PREFIX_PATH}:/home/ziczac/dev/skripsi_code/ros2_workspace/install/motor:/home/ziczac/dev/skripsi_code/ros2_workspace/install/gui:/home/ziczac/dev/skripsi_code/ros2_workspace/install/rosboard:/home/ziczac/dev/skripsi_code/ros2_workspace/install/log_odds_map:/home/ziczac/dev/skripsi_code/ros2_workspace/install/diff_drive /usr/bin/cmake --build /home/ziczac/dev/skripsi_code/ros2_workspace/build/wheel_interfaces -- -j8 -l8
[1.289s] [  3%] Built target wheel_interfaces__cpp
[1.290s] [ 12%] Built target wheel_interfaces__rosidl_generator_c
[1.291s] [ 12%] Built target ament_cmake_python_symlink_wheel_interfaces
[1.292s] [ 22%] Built target wheel_interfaces__rosidl_typesupport_introspection_cpp
[1.292s] [ 32%] Built target wheel_interfaces__rosidl_typesupport_fastrtps_cpp
[1.292s] [ 41%] Built target wheel_interfaces__rosidl_typesupport_introspection_c
[1.292s] [ 51%] Built target wheel_interfaces__rosidl_typesupport_fastrtps_c
[1.293s] [ 61%] Built target wheel_interfaces__rosidl_typesupport_cpp
[1.293s] [ 70%] Built target wheel_interfaces__rosidl_typesupport_c
[1.293s] [ 70%] Built target wheel_interfaces
[1.293s] [ 74%] Built target wheel_interfaces__py
[1.294s] [ 80%] Built target wheel_interfaces__rosidl_generator_py
[1.294s] [ 87%] Built target wheel_interfaces__rosidl_typesupport_introspection_c__pyext
[1.295s] [ 93%] Built target wheel_interfaces__rosidl_typesupport_fastrtps_c__pyext
[1.295s] [100%] Built target wheel_interfaces__rosidl_typesupport_c__pyext
[1.295s] running egg_info
[1.295s] writing wheel_interfaces.egg-info/PKG-INFO
[1.295s] writing dependency_links to wheel_interfaces.egg-info/dependency_links.txt
[1.295s] writing top-level names to wheel_interfaces.egg-info/top_level.txt
[1.295s] reading manifest file 'wheel_interfaces.egg-info/SOURCES.txt'
[1.295s] writing manifest file 'wheel_interfaces.egg-info/SOURCES.txt'
[1.296s] [100%] Built target ament_cmake_python_build_wheel_interfaces_egg
[1.761s] Invoked command in '/home/ziczac/dev/skripsi_code/ros2_workspace/build/wheel_interfaces' returned '0': CMAKE_PREFIX_PATH=${CMAKE_PREFIX_PATH}:/home/ziczac/dev/skripsi_code/ros2_workspace/install/motor:/home/ziczac/dev/skripsi_code/ros2_workspace/install/gui:/home/ziczac/dev/skripsi_code/ros2_workspace/install/rosboard:/home/ziczac/dev/skripsi_code/ros2_workspace/install/log_odds_map:/home/ziczac/dev/skripsi_code/ros2_workspace/install/diff_drive /usr/bin/cmake --build /home/ziczac/dev/skripsi_code/ros2_workspace/build/wheel_interfaces -- -j8 -l8
[1.890s] Invoking command in '/home/ziczac/dev/skripsi_code/ros2_workspace/build/wheel_interfaces': CMAKE_PREFIX_PATH=${CMAKE_PREFIX_PATH}:/home/ziczac/dev/skripsi_code/ros2_workspace/install/motor:/home/ziczac/dev/skripsi_code/ros2_workspace/install/gui:/home/ziczac/dev/skripsi_code/ros2_workspace/install/rosboard:/home/ziczac/dev/skripsi_code/ros2_workspace/install/log_odds_map:/home/ziczac/dev/skripsi_code/ros2_workspace/install/diff_drive /usr/bin/cmake --install /home/ziczac/dev/skripsi_code/ros2_workspace/build/wheel_interfaces
[1.909s] -- Install configuration: ""
[1.910s] -- Execute custom install script
[1.911s] -- Up-to-date symlink: /home/ziczac/dev/skripsi_code/ros2_workspace/install/wheel_interfaces/share/ament_index/resource_index/rosidl_interfaces/wheel_interfaces
[1.912s] -- Up-to-date symlink: /home/ziczac/dev/skripsi_code/ros2_workspace/install/wheel_interfaces/include/wheel_interfaces/wheel_interfaces/msg/detail/wheel_infos__functions.h
[1.914s] -- Up-to-date symlink: /home/ziczac/dev/skripsi_code/ros2_workspace/install/wheel_interfaces/include/wheel_interfaces/wheel_interfaces/msg/detail/wheel_infos__struct.h
[1.914s] -- Up-to-date symlink: /home/ziczac/dev/skripsi_code/ros2_workspace/install/wheel_interfaces/include/wheel_interfaces/wheel_interfaces/msg/detail/wheel_infos__type_support.h
[1.915s] -- Up-to-date symlink: /home/ziczac/dev/skripsi_code/ros2_workspace/install/wheel_interfaces/include/wheel_interfaces/wheel_interfaces/msg/rosidl_generator_c__visibility_control.h
[1.915s] -- Up-to-date symlink: /home/ziczac/dev/skripsi_code/ros2_workspace/install/wheel_interfaces/include/wheel_interfaces/wheel_interfaces/msg/wheel_infos.h
[1.915s] -- Up-to-date symlink: /home/ziczac/dev/skripsi_code/ros2_workspace/install/wheel_interfaces/share/wheel_interfaces/environment/library_path.sh
[1.916s] -- Up-to-date symlink: /home/ziczac/dev/skripsi_code/ros2_workspace/install/wheel_interfaces/share/wheel_interfaces/environment/library_path.dsv
[1.916s] -- Up-to-date symlink: /home/ziczac/dev/skripsi_code/ros2_workspace/install/wheel_interfaces/include/wheel_interfaces/wheel_interfaces/msg/detail/wheel_infos__rosidl_typesupport_fastrtps_c.h
[1.916s] -- Up-to-date symlink: /home/ziczac/dev/skripsi_code/ros2_workspace/install/wheel_interfaces/include/wheel_interfaces/wheel_interfaces/msg/rosidl_typesupport_fastrtps_c__visibility_control.h
[1.916s] -- Up-to-date symlink: /home/ziczac/dev/skripsi_code/ros2_workspace/install/wheel_interfaces/include/wheel_interfaces/wheel_interfaces/msg/detail/wheel_infos__rosidl_typesupport_introspection_c.h
[1.916s] -- Up-to-date symlink: /home/ziczac/dev/skripsi_code/ros2_workspace/install/wheel_interfaces/include/wheel_interfaces/wheel_interfaces/msg/rosidl_typesupport_introspection_c__visibility_control.h
[1.916s] -- Up-to-date symlink: /home/ziczac/dev/skripsi_code/ros2_workspace/install/wheel_interfaces/include/wheel_interfaces/wheel_interfaces/msg/detail/wheel_infos__builder.hpp
[1.916s] -- Up-to-date symlink: /home/ziczac/dev/skripsi_code/ros2_workspace/install/wheel_interfaces/include/wheel_interfaces/wheel_interfaces/msg/detail/wheel_infos__struct.hpp
[1.917s] -- Up-to-date symlink: /home/ziczac/dev/skripsi_code/ros2_workspace/install/wheel_interfaces/include/wheel_interfaces/wheel_interfaces/msg/detail/wheel_infos__traits.hpp
[1.917s] -- Up-to-date symlink: /home/ziczac/dev/skripsi_code/ros2_workspace/install/wheel_interfaces/include/wheel_interfaces/wheel_interfaces/msg/wheel_infos.hpp
[1.917s] -- Up-to-date symlink: /home/ziczac/dev/skripsi_code/ros2_workspace/install/wheel_interfaces/include/wheel_interfaces/wheel_interfaces/msg/detail/wheel_infos__rosidl_typesupport_fastrtps_cpp.hpp
[1.918s] -- Up-to-date symlink: /home/ziczac/dev/skripsi_code/ros2_workspace/install/wheel_interfaces/include/wheel_interfaces/wheel_interfaces/msg/rosidl_typesupport_fastrtps_cpp__visibility_control.h
[1.919s] -- Up-to-date symlink: /home/ziczac/dev/skripsi_code/ros2_workspace/install/wheel_interfaces/include/wheel_interfaces/wheel_interfaces/msg/detail/wheel_infos__rosidl_typesupport_introspection_cpp.hpp
[1.919s] -- Up-to-date symlink: /home/ziczac/dev/skripsi_code/ros2_workspace/install/wheel_interfaces/share/wheel_interfaces/environment/pythonpath.sh
[1.920s] -- Up-to-date symlink: /home/ziczac/dev/skripsi_code/ros2_workspace/install/wheel_interfaces/share/wheel_interfaces/environment/pythonpath.dsv
[1.921s] -- Up-to-date symlink: /home/ziczac/dev/skripsi_code/ros2_workspace/install/wheel_interfaces/local/lib/python3.10/dist-packages/wheel_interfaces-0.0.0-py3.10.egg-info/PKG-INFO
[1.923s] -- Up-to-date symlink: /home/ziczac/dev/skripsi_code/ros2_workspace/install/wheel_interfaces/local/lib/python3.10/dist-packages/wheel_interfaces-0.0.0-py3.10.egg-info/SOURCES.txt
[1.924s] -- Up-to-date symlink: /home/ziczac/dev/skripsi_code/ros2_workspace/install/wheel_interfaces/local/lib/python3.10/dist-packages/wheel_interfaces-0.0.0-py3.10.egg-info/dependency_links.txt
[1.924s] -- Up-to-date symlink: /home/ziczac/dev/skripsi_code/ros2_workspace/install/wheel_interfaces/local/lib/python3.10/dist-packages/wheel_interfaces-0.0.0-py3.10.egg-info/top_level.txt
[1.924s] -- Up-to-date symlink: /home/ziczac/dev/skripsi_code/ros2_workspace/install/wheel_interfaces/local/lib/python3.10/dist-packages/wheel_interfaces/__init__.py
[1.926s] -- Up-to-date symlink: /home/ziczac/dev/skripsi_code/ros2_workspace/install/wheel_interfaces/local/lib/python3.10/dist-packages/wheel_interfaces/_wheel_interfaces_s.ep.rosidl_typesupport_c.c
[1.927s] -- Up-to-date symlink: /home/ziczac/dev/skripsi_code/ros2_workspace/install/wheel_interfaces/local/lib/python3.10/dist-packages/wheel_interfaces/_wheel_interfaces_s.ep.rosidl_typesupport_fastrtps_c.c
[1.927s] -- Up-to-date symlink: /home/ziczac/dev/skripsi_code/ros2_workspace/install/wheel_interfaces/local/lib/python3.10/dist-packages/wheel_interfaces/_wheel_interfaces_s.ep.rosidl_typesupport_introspection_c.c
[1.928s] -- Up-to-date symlink: /home/ziczac/dev/skripsi_code/ros2_workspace/install/wheel_interfaces/local/lib/python3.10/dist-packages/wheel_interfaces/libwheel_interfaces__rosidl_generator_py.so
[1.928s] -- Up-to-date symlink: /home/ziczac/dev/skripsi_code/ros2_workspace/install/wheel_interfaces/local/lib/python3.10/dist-packages/wheel_interfaces/msg/__init__.py
[1.928s] -- Up-to-date symlink: /home/ziczac/dev/skripsi_code/ros2_workspace/install/wheel_interfaces/local/lib/python3.10/dist-packages/wheel_interfaces/msg/_wheel_infos.py
[1.929s] -- Up-to-date symlink: /home/ziczac/dev/skripsi_code/ros2_workspace/install/wheel_interfaces/local/lib/python3.10/dist-packages/wheel_interfaces/msg/_wheel_infos_s.c
[1.929s] -- Up-to-date symlink: /home/ziczac/dev/skripsi_code/ros2_workspace/install/wheel_interfaces/local/lib/python3.10/dist-packages/wheel_interfaces/wheel_interfaces_s__rosidl_typesupport_c.cpython-310-x86_64-linux-gnu.so
[1.930s] -- Up-to-date symlink: /home/ziczac/dev/skripsi_code/ros2_workspace/install/wheel_interfaces/local/lib/python3.10/dist-packages/wheel_interfaces/wheel_interfaces_s__rosidl_typesupport_fastrtps_c.cpython-310-x86_64-linux-gnu.so
[1.931s] -- Up-to-date symlink: /home/ziczac/dev/skripsi_code/ros2_workspace/install/wheel_interfaces/local/lib/python3.10/dist-packages/wheel_interfaces/wheel_interfaces_s__rosidl_typesupport_introspection_c.cpython-310-x86_64-linux-gnu.so
[1.931s] -- Up-to-date symlink: /home/ziczac/dev/skripsi_code/ros2_workspace/install/wheel_interfaces/local/lib/python3.10/dist-packages/wheel_interfaces/wheel_interfaces_s__rosidl_typesupport_fastrtps_c.cpython-310-x86_64-linux-gnu.so
[1.931s] -- Up-to-date symlink: /home/ziczac/dev/skripsi_code/ros2_workspace/install/wheel_interfaces/local/lib/python3.10/dist-packages/wheel_interfaces/wheel_interfaces_s__rosidl_typesupport_introspection_c.cpython-310-x86_64-linux-gnu.so
[1.931s] -- Up-to-date symlink: /home/ziczac/dev/skripsi_code/ros2_workspace/install/wheel_interfaces/local/lib/python3.10/dist-packages/wheel_interfaces/wheel_interfaces_s__rosidl_typesupport_c.cpython-310-x86_64-linux-gnu.so
[1.932s] -- Up-to-date symlink: /home/ziczac/dev/skripsi_code/ros2_workspace/install/wheel_interfaces/share/wheel_interfaces/msg/WheelInfos.idl
[1.932s] -- Up-to-date symlink: /home/ziczac/dev/skripsi_code/ros2_workspace/install/wheel_interfaces/share/wheel_interfaces/msg/WheelInfos.msg
[1.932s] -- Up-to-date symlink: /home/ziczac/dev/skripsi_code/ros2_workspace/install/wheel_interfaces/share/ament_index/resource_index/package_run_dependencies/wheel_interfaces
[1.932s] -- Up-to-date symlink: /home/ziczac/dev/skripsi_code/ros2_workspace/install/wheel_interfaces/share/ament_index/resource_index/parent_prefix_path/wheel_interfaces
[1.932s] -- Up-to-date symlink: /home/ziczac/dev/skripsi_code/ros2_workspace/install/wheel_interfaces/share/wheel_interfaces/environment/ament_prefix_path.sh
[1.932s] -- Up-to-date symlink: /home/ziczac/dev/skripsi_code/ros2_workspace/install/wheel_interfaces/share/wheel_interfaces/environment/ament_prefix_path.dsv
[1.932s] -- Up-to-date symlink: /home/ziczac/dev/skripsi_code/ros2_workspace/install/wheel_interfaces/share/wheel_interfaces/environment/path.sh
[1.933s] -- Up-to-date symlink: /home/ziczac/dev/skripsi_code/ros2_workspace/install/wheel_interfaces/share/wheel_interfaces/environment/path.dsv
[1.933s] -- Up-to-date symlink: /home/ziczac/dev/skripsi_code/ros2_workspace/install/wheel_interfaces/share/wheel_interfaces/local_setup.bash
[1.933s] -- Up-to-date symlink: /home/ziczac/dev/skripsi_code/ros2_workspace/install/wheel_interfaces/share/wheel_interfaces/local_setup.sh
[1.933s] -- Up-to-date symlink: /home/ziczac/dev/skripsi_code/ros2_workspace/install/wheel_interfaces/share/wheel_interfaces/local_setup.zsh
[1.933s] -- Up-to-date symlink: /home/ziczac/dev/skripsi_code/ros2_workspace/install/wheel_interfaces/share/wheel_interfaces/local_setup.dsv
[1.934s] -- Symlinking: /home/ziczac/dev/skripsi_code/ros2_workspace/install/wheel_interfaces/share/wheel_interfaces/package.dsv
[1.957s] -- Up-to-date symlink: /home/ziczac/dev/skripsi_code/ros2_workspace/install/wheel_interfaces/share/ament_index/resource_index/packages/wheel_interfaces
[1.957s] -- Up-to-date symlink: /home/ziczac/dev/skripsi_code/ros2_workspace/install/wheel_interfaces/share/wheel_interfaces/cmake/rosidl_cmake-extras.cmake
[1.957s] -- Up-to-date symlink: /home/ziczac/dev/skripsi_code/ros2_workspace/install/wheel_interfaces/share/wheel_interfaces/cmake/ament_cmake_export_include_directories-extras.cmake
[1.958s] -- Up-to-date symlink: /home/ziczac/dev/skripsi_code/ros2_workspace/install/wheel_interfaces/share/wheel_interfaces/cmake/ament_cmake_export_libraries-extras.cmake
[1.958s] -- Up-to-date symlink: /home/ziczac/dev/skripsi_code/ros2_workspace/install/wheel_interfaces/share/wheel_interfaces/cmake/ament_cmake_export_targets-extras.cmake
[1.959s] -- Up-to-date symlink: /home/ziczac/dev/skripsi_code/ros2_workspace/install/wheel_interfaces/share/wheel_interfaces/cmake/rosidl_cmake_export_typesupport_targets-extras.cmake
[1.959s] -- Up-to-date symlink: /home/ziczac/dev/skripsi_code/ros2_workspace/install/wheel_interfaces/share/wheel_interfaces/cmake/ament_cmake_export_dependencies-extras.cmake
[1.960s] -- Up-to-date symlink: /home/ziczac/dev/skripsi_code/ros2_workspace/install/wheel_interfaces/share/wheel_interfaces/cmake/rosidl_cmake_export_typesupport_libraries-extras.cmake
[1.960s] -- Up-to-date symlink: /home/ziczac/dev/skripsi_code/ros2_workspace/install/wheel_interfaces/share/wheel_interfaces/cmake/wheel_interfacesConfig.cmake
[1.961s] -- Up-to-date symlink: /home/ziczac/dev/skripsi_code/ros2_workspace/install/wheel_interfaces/share/wheel_interfaces/cmake/wheel_interfacesConfig-version.cmake
[1.961s] -- Up-to-date symlink: /home/ziczac/dev/skripsi_code/ros2_workspace/install/wheel_interfaces/share/wheel_interfaces/package.xml
[1.962s] -- Up-to-date: /home/ziczac/dev/skripsi_code/ros2_workspace/install/wheel_interfaces/lib/libwheel_interfaces__rosidl_generator_c.so
[1.963s] -- Up-to-date: /home/ziczac/dev/skripsi_code/ros2_workspace/install/wheel_interfaces/lib/libwheel_interfaces__rosidl_typesupport_fastrtps_c.so
[1.964s] -- Up-to-date: /home/ziczac/dev/skripsi_code/ros2_workspace/install/wheel_interfaces/lib/libwheel_interfaces__rosidl_typesupport_introspection_c.so
[1.965s] -- Up-to-date: /home/ziczac/dev/skripsi_code/ros2_workspace/install/wheel_interfaces/lib/libwheel_interfaces__rosidl_typesupport_c.so
[1.966s] -- Up-to-date: /home/ziczac/dev/skripsi_code/ros2_workspace/install/wheel_interfaces/lib/libwheel_interfaces__rosidl_typesupport_fastrtps_cpp.so
[1.966s] -- Up-to-date: /home/ziczac/dev/skripsi_code/ros2_workspace/install/wheel_interfaces/lib/libwheel_interfaces__rosidl_typesupport_introspection_cpp.so
[1.967s] -- Up-to-date: /home/ziczac/dev/skripsi_code/ros2_workspace/install/wheel_interfaces/lib/libwheel_interfaces__rosidl_typesupport_cpp.so
[2.051s] Listing '/home/ziczac/dev/skripsi_code/ros2_workspace/install/wheel_interfaces/local/lib/python3.10/dist-packages/wheel_interfaces'...
[2.053s] Listing '/home/ziczac/dev/skripsi_code/ros2_workspace/install/wheel_interfaces/local/lib/python3.10/dist-packages/wheel_interfaces/msg'...
[2.061s] -- Up-to-date: /home/ziczac/dev/skripsi_code/ros2_workspace/install/wheel_interfaces/lib/libwheel_interfaces__rosidl_generator_py.so
[2.061s] -- Up-to-date: /home/ziczac/dev/skripsi_code/ros2_workspace/install/wheel_interfaces/share/wheel_interfaces/cmake/export_wheel_interfaces__rosidl_generator_cExport.cmake
[2.061s] -- Up-to-date: /home/ziczac/dev/skripsi_code/ros2_workspace/install/wheel_interfaces/share/wheel_interfaces/cmake/export_wheel_interfaces__rosidl_generator_cExport-noconfig.cmake
[2.062s] -- Up-to-date: /home/ziczac/dev/skripsi_code/ros2_workspace/install/wheel_interfaces/share/wheel_interfaces/cmake/export_wheel_interfaces__rosidl_typesupport_fastrtps_cExport.cmake
[2.062s] -- Up-to-date: /home/ziczac/dev/skripsi_code/ros2_workspace/install/wheel_interfaces/share/wheel_interfaces/cmake/export_wheel_interfaces__rosidl_typesupport_fastrtps_cExport-noconfig.cmake
[2.062s] -- Up-to-date: /home/ziczac/dev/skripsi_code/ros2_workspace/install/wheel_interfaces/share/wheel_interfaces/cmake/wheel_interfaces__rosidl_typesupport_introspection_cExport.cmake
[2.062s] -- Up-to-date: /home/ziczac/dev/skripsi_code/ros2_workspace/install/wheel_interfaces/share/wheel_interfaces/cmake/wheel_interfaces__rosidl_typesupport_introspection_cExport-noconfig.cmake
[2.063s] -- Up-to-date: /home/ziczac/dev/skripsi_code/ros2_workspace/install/wheel_interfaces/share/wheel_interfaces/cmake/wheel_interfaces__rosidl_typesupport_cExport.cmake
[2.063s] -- Up-to-date: /home/ziczac/dev/skripsi_code/ros2_workspace/install/wheel_interfaces/share/wheel_interfaces/cmake/wheel_interfaces__rosidl_typesupport_cExport-noconfig.cmake
[2.063s] -- Up-to-date: /home/ziczac/dev/skripsi_code/ros2_workspace/install/wheel_interfaces/share/wheel_interfaces/cmake/export_wheel_interfaces__rosidl_generator_cppExport.cmake
[2.063s] -- Up-to-date: /home/ziczac/dev/skripsi_code/ros2_workspace/install/wheel_interfaces/share/wheel_interfaces/cmake/export_wheel_interfaces__rosidl_typesupport_fastrtps_cppExport.cmake
[2.064s] -- Up-to-date: /home/ziczac/dev/skripsi_code/ros2_workspace/install/wheel_interfaces/share/wheel_interfaces/cmake/export_wheel_interfaces__rosidl_typesupport_fastrtps_cppExport-noconfig.cmake
[2.064s] -- Up-to-date: /home/ziczac/dev/skripsi_code/ros2_workspace/install/wheel_interfaces/share/wheel_interfaces/cmake/wheel_interfaces__rosidl_typesupport_introspection_cppExport.cmake
[2.065s] -- Up-to-date: /home/ziczac/dev/skripsi_code/ros2_workspace/install/wheel_interfaces/share/wheel_interfaces/cmake/wheel_interfaces__rosidl_typesupport_introspection_cppExport-noconfig.cmake
[2.065s] -- Up-to-date: /home/ziczac/dev/skripsi_code/ros2_workspace/install/wheel_interfaces/share/wheel_interfaces/cmake/wheel_interfaces__rosidl_typesupport_cppExport.cmake
[2.067s] -- Up-to-date: /home/ziczac/dev/skripsi_code/ros2_workspace/install/wheel_interfaces/share/wheel_interfaces/cmake/wheel_interfaces__rosidl_typesupport_cppExport-noconfig.cmake
[2.067s] -- Up-to-date: /home/ziczac/dev/skripsi_code/ros2_workspace/install/wheel_interfaces/share/wheel_interfaces/cmake/export_wheel_interfaces__rosidl_generator_pyExport.cmake
[2.067s] -- Up-to-date: /home/ziczac/dev/skripsi_code/ros2_workspace/install/wheel_interfaces/share/wheel_interfaces/cmake/export_wheel_interfaces__rosidl_generator_pyExport-noconfig.cmake
[2.072s] Invoked command in '/home/ziczac/dev/skripsi_code/ros2_workspace/build/wheel_interfaces' returned '0': CMAKE_PREFIX_PATH=${CMAKE_PREFIX_PATH}:/home/ziczac/dev/skripsi_code/ros2_workspace/install/motor:/home/ziczac/dev/skripsi_code/ros2_workspace/install/gui:/home/ziczac/dev/skripsi_code/ros2_workspace/install/rosboard:/home/ziczac/dev/skripsi_code/ros2_workspace/install/log_odds_map:/home/ziczac/dev/skripsi_code/ros2_workspace/install/diff_drive /usr/bin/cmake --install /home/ziczac/dev/skripsi_code/ros2_workspace/build/wheel_interfaces
