running develop
/home/ziczac/.local/lib/python3.10/site-packages/setuptools/command/develop.py:40: EasyInstallDeprecationWarning: easy_install command is deprecated.
!!

        ********************************************************************************
        Please avoid running ``setup.py`` and ``easy_install``.
        Instead, use pypa/build, pypa/installer or other
        standards-based tools.

        See https://github.com/pypa/setuptools/issues/917 for details.
        ********************************************************************************

!!
  easy_install.initialize_options(self)
/home/ziczac/.local/lib/python3.10/site-packages/setuptools/_distutils/cmd.py:66: SetuptoolsDeprecationWarning: setup.py install is deprecated.
!!

        ********************************************************************************
        Please avoid running ``setup.py`` directly.
        Instead, use pypa/build, pypa/installer or other
        standards-based tools.

        See https://blog.ganssle.io/articles/2021/10/setup-py-deprecated.html for details.
        ********************************************************************************

!!
  self.initialize_options()
running egg_info
writing diff_drive.egg-info/PKG-INFO
writing dependency_links to diff_drive.egg-info/dependency_links.txt
writing entry points to diff_drive.egg-info/entry_points.txt
writing requirements to diff_drive.egg-info/requires.txt
writing top-level names to diff_drive.egg-info/top_level.txt
[2;36m[04/04/24 13:35:58][0m[2;36m [0m[1;31mERROR   [0m listing git files failed - pretending there aren't    ]8;id=899248;file:///home/ziczac/.local/lib/python3.10/site-packages/setuptools_scm/_file_finders/git.py\[2mgit.py[0m]8;;\[2m:[0m]8;id=651188;file:///home/ziczac/.local/lib/python3.10/site-packages/setuptools_scm/_file_finders/git.py#24\[2m24[0m]8;;\
[2;36m                    [0m         any                                                   [2m         [0m
reading manifest file 'diff_drive.egg-info/SOURCES.txt'
writing manifest file 'diff_drive.egg-info/SOURCES.txt'
running build_ext
Creating /home/ziczac/dev/skripsi_code/ros2_workspace/install/diff_drive/lib/python3.10/site-packages/diff-drive.egg-link (link to .)
Installing diff_drive_model script to /home/ziczac/dev/skripsi_code/ros2_workspace/install/diff_drive/lib/diff_drive

Installed /home/ziczac/dev/skripsi_code/ros2_workspace/build/diff_drive
running install_data
copying resource/diff_drive -> /home/ziczac/dev/skripsi_code/ros2_workspace/install/diff_drive/share/ament_index/resource_index/packages
copying package.xml -> /home/ziczac/dev/skripsi_code/ros2_workspace/install/diff_drive/share/diff_drive
