[1.742s] Invoking command in '/home/ziczac/dev/skripsi_code/ros2_workspace/build/my_bot': CMAKE_PREFIX_PATH=${CMAKE_PREFIX_PATH}:/home/ziczac/dev/skripsi_code/ros2_workspace/install/motor:/home/ziczac/dev/skripsi_code/ros2_workspace/install/gui:/home/ziczac/dev/skripsi_code/ros2_workspace/install/rosboard:/home/ziczac/dev/skripsi_code/ros2_workspace/install/log_odds_map:/home/ziczac/dev/skripsi_code/ros2_workspace/install/diff_drive:/opt/ros/humble /usr/bin/cmake --build /home/ziczac/dev/skripsi_code/ros2_workspace/build/my_bot -- -j8 -l8
[2.229s] Invoked command in '/home/ziczac/dev/skripsi_code/ros2_workspace/build/my_bot' returned '0': CMAKE_PREFIX_PATH=${CMAKE_PREFIX_PATH}:/home/ziczac/dev/skripsi_code/ros2_workspace/install/motor:/home/ziczac/dev/skripsi_code/ros2_workspace/install/gui:/home/ziczac/dev/skripsi_code/ros2_workspace/install/rosboard:/home/ziczac/dev/skripsi_code/ros2_workspace/install/log_odds_map:/home/ziczac/dev/skripsi_code/ros2_workspace/install/diff_drive:/opt/ros/humble /usr/bin/cmake --build /home/ziczac/dev/skripsi_code/ros2_workspace/build/my_bot -- -j8 -l8
[2.300s] Invoking command in '/home/ziczac/dev/skripsi_code/ros2_workspace/build/my_bot': CMAKE_PREFIX_PATH=${CMAKE_PREFIX_PATH}:/home/ziczac/dev/skripsi_code/ros2_workspace/install/motor:/home/ziczac/dev/skripsi_code/ros2_workspace/install/gui:/home/ziczac/dev/skripsi_code/ros2_workspace/install/rosboard:/home/ziczac/dev/skripsi_code/ros2_workspace/install/log_odds_map:/home/ziczac/dev/skripsi_code/ros2_workspace/install/diff_drive:/opt/ros/humble /usr/bin/cmake --install /home/ziczac/dev/skripsi_code/ros2_workspace/build/my_bot
[2.322s] -- Install configuration: ""
[2.324s] -- Execute custom install script
[2.325s] -- Up-to-date symlink: /home/ziczac/dev/skripsi_code/ros2_workspace/install/my_bot/share/my_bot/config/empty.yaml
[2.326s] -- Up-to-date symlink: /home/ziczac/dev/skripsi_code/ros2_workspace/install/my_bot/share/my_bot/config/gazebo_params.yaml
[2.330s] -- Up-to-date symlink: /home/ziczac/dev/skripsi_code/ros2_workspace/install/my_bot/share/my_bot/config/mapper_params_online_async.yaml
[2.332s] -- Up-to-date symlink: /home/ziczac/dev/skripsi_code/ros2_workspace/install/my_bot/share/my_bot/config/rviz2_learn.rviz
[2.334s] -- Up-to-date symlink: /home/ziczac/dev/skripsi_code/ros2_workspace/install/my_bot/share/my_bot/description/gazebo_control.xacro
[2.334s] -- Up-to-date symlink: /home/ziczac/dev/skripsi_code/ros2_workspace/install/my_bot/share/my_bot/description/inertial_macros.xacro
[2.334s] -- Up-to-date symlink: /home/ziczac/dev/skripsi_code/ros2_workspace/install/my_bot/share/my_bot/description/lidar.xacro
[2.334s] -- Up-to-date symlink: /home/ziczac/dev/skripsi_code/ros2_workspace/install/my_bot/share/my_bot/description/robot.urdf.xacro
[2.335s] -- Up-to-date symlink: /home/ziczac/dev/skripsi_code/ros2_workspace/install/my_bot/share/my_bot/description/robot_core.xacro
[2.335s] -- Up-to-date symlink: /home/ziczac/dev/skripsi_code/ros2_workspace/install/my_bot/share/my_bot/launch/launch_sim.launch.py
[2.335s] -- Up-to-date symlink: /home/ziczac/dev/skripsi_code/ros2_workspace/install/my_bot/share/my_bot/launch/rsp.launch.py
[2.335s] -- Up-to-date symlink: /home/ziczac/dev/skripsi_code/ros2_workspace/install/my_bot/share/my_bot/worlds/4x6+pwst.world
[2.335s] -- Up-to-date symlink: /home/ziczac/dev/skripsi_code/ros2_workspace/install/my_bot/share/my_bot/worlds/4x6.world
[2.335s] -- Up-to-date symlink: /home/ziczac/dev/skripsi_code/ros2_workspace/install/my_bot/share/my_bot/worlds/empty.world
[2.335s] -- Up-to-date symlink: /home/ziczac/dev/skripsi_code/ros2_workspace/install/my_bot/share/my_bot/worlds/ruangan.world
[2.336s] -- Up-to-date symlink: /home/ziczac/dev/skripsi_code/ros2_workspace/install/my_bot/share/ament_index/resource_index/package_run_dependencies/my_bot
[2.336s] -- Up-to-date symlink: /home/ziczac/dev/skripsi_code/ros2_workspace/install/my_bot/share/ament_index/resource_index/parent_prefix_path/my_bot
[2.336s] -- Up-to-date symlink: /home/ziczac/dev/skripsi_code/ros2_workspace/install/my_bot/share/my_bot/environment/ament_prefix_path.sh
[2.336s] -- Up-to-date symlink: /home/ziczac/dev/skripsi_code/ros2_workspace/install/my_bot/share/my_bot/environment/ament_prefix_path.dsv
[2.337s] -- Up-to-date symlink: /home/ziczac/dev/skripsi_code/ros2_workspace/install/my_bot/share/my_bot/environment/path.sh
[2.337s] -- Up-to-date symlink: /home/ziczac/dev/skripsi_code/ros2_workspace/install/my_bot/share/my_bot/environment/path.dsv
[2.337s] -- Up-to-date symlink: /home/ziczac/dev/skripsi_code/ros2_workspace/install/my_bot/share/my_bot/local_setup.bash
[2.337s] -- Up-to-date symlink: /home/ziczac/dev/skripsi_code/ros2_workspace/install/my_bot/share/my_bot/local_setup.sh
[2.338s] -- Up-to-date symlink: /home/ziczac/dev/skripsi_code/ros2_workspace/install/my_bot/share/my_bot/local_setup.zsh
[2.338s] -- Up-to-date symlink: /home/ziczac/dev/skripsi_code/ros2_workspace/install/my_bot/share/my_bot/local_setup.dsv
[2.339s] -- Symlinking: /home/ziczac/dev/skripsi_code/ros2_workspace/install/my_bot/share/my_bot/package.dsv
[2.363s] -- Up-to-date symlink: /home/ziczac/dev/skripsi_code/ros2_workspace/install/my_bot/share/ament_index/resource_index/packages/my_bot
[2.364s] -- Up-to-date symlink: /home/ziczac/dev/skripsi_code/ros2_workspace/install/my_bot/share/my_bot/cmake/my_botConfig.cmake
[2.364s] -- Up-to-date symlink: /home/ziczac/dev/skripsi_code/ros2_workspace/install/my_bot/share/my_bot/cmake/my_botConfig-version.cmake
[2.364s] -- Up-to-date symlink: /home/ziczac/dev/skripsi_code/ros2_workspace/install/my_bot/share/my_bot/package.xml
[2.369s] Invoked command in '/home/ziczac/dev/skripsi_code/ros2_workspace/build/my_bot' returned '0': CMAKE_PREFIX_PATH=${CMAKE_PREFIX_PATH}:/home/ziczac/dev/skripsi_code/ros2_workspace/install/motor:/home/ziczac/dev/skripsi_code/ros2_workspace/install/gui:/home/ziczac/dev/skripsi_code/ros2_workspace/install/rosboard:/home/ziczac/dev/skripsi_code/ros2_workspace/install/log_odds_map:/home/ziczac/dev/skripsi_code/ros2_workspace/install/diff_drive:/opt/ros/humble /usr/bin/cmake --install /home/ziczac/dev/skripsi_code/ros2_workspace/build/my_bot
