[0.138s] Invoking command in '/home/ziczac/dev/skripsi_code/ros2_workspace/build/lslidar_msgs': CMAKE_PREFIX_PATH=${CMAKE_PREFIX_PATH}:/home/ziczac/dev/skripsi_code/ros2_workspace/install/motor:/home/ziczac/dev/skripsi_code/ros2_workspace/install/gui:/home/ziczac/dev/skripsi_code/ros2_workspace/install/rosboard:/home/ziczac/dev/skripsi_code/ros2_workspace/install/log_odds_map:/home/ziczac/dev/skripsi_code/ros2_workspace/install/diff_drive:/opt/ros/humble /usr/bin/cmake --build /home/ziczac/dev/skripsi_code/ros2_workspace/build/lslidar_msgs -- -j8 -l8
[1.656s] [  0%] Built target ament_cmake_python_symlink_lslidar_msgs
[1.656s] [  1%] Built target lslidar_msgs__cpp
[1.656s] [ 12%] Built target lslidar_msgs__rosidl_generator_c
[1.656s] [ 23%] Built target lslidar_msgs__rosidl_typesupport_introspection_cpp
[1.656s] [ 34%] Built target lslidar_msgs__rosidl_typesupport_cpp
[1.770s] [ 46%] Built target lslidar_msgs__rosidl_typesupport_c
[1.842s] [ 57%] Built target lslidar_msgs__rosidl_typesupport_fastrtps_cpp
[1.883s] [ 68%] Built target lslidar_msgs__rosidl_typesupport_introspection_c
[1.969s] [ 79%] Built target lslidar_msgs__rosidl_typesupport_fastrtps_c
[1.989s] running egg_info
[1.991s] writing lslidar_msgs.egg-info/PKG-INFO
[1.992s] writing dependency_links to lslidar_msgs.egg-info/dependency_links.txt
[1.992s] writing top-level names to lslidar_msgs.egg-info/top_level.txt
[2.013s] [ 79%] Built target lslidar_msgs
[2.095s] [ 80%] Built target lslidar_msgs__py
[2.096s] reading manifest file 'lslidar_msgs.egg-info/SOURCES.txt'
[2.103s] writing manifest file 'lslidar_msgs.egg-info/SOURCES.txt'
[2.161s] [ 80%] Built target ament_cmake_python_build_lslidar_msgs_egg
[2.186s] [ 90%] Built target lslidar_msgs__rosidl_generator_py
[2.273s] [ 93%] Built target lslidar_msgs__rosidl_typesupport_introspection_c__pyext
[2.300s] [ 96%] Built target lslidar_msgs__rosidl_typesupport_fastrtps_c__pyext
[2.306s] [100%] Built target lslidar_msgs__rosidl_typesupport_c__pyext
[2.423s] Invoked command in '/home/ziczac/dev/skripsi_code/ros2_workspace/build/lslidar_msgs' returned '0': CMAKE_PREFIX_PATH=${CMAKE_PREFIX_PATH}:/home/ziczac/dev/skripsi_code/ros2_workspace/install/motor:/home/ziczac/dev/skripsi_code/ros2_workspace/install/gui:/home/ziczac/dev/skripsi_code/ros2_workspace/install/rosboard:/home/ziczac/dev/skripsi_code/ros2_workspace/install/log_odds_map:/home/ziczac/dev/skripsi_code/ros2_workspace/install/diff_drive:/opt/ros/humble /usr/bin/cmake --build /home/ziczac/dev/skripsi_code/ros2_workspace/build/lslidar_msgs -- -j8 -l8
[2.715s] Invoking command in '/home/ziczac/dev/skripsi_code/ros2_workspace/build/lslidar_msgs': CMAKE_PREFIX_PATH=${CMAKE_PREFIX_PATH}:/home/ziczac/dev/skripsi_code/ros2_workspace/install/motor:/home/ziczac/dev/skripsi_code/ros2_workspace/install/gui:/home/ziczac/dev/skripsi_code/ros2_workspace/install/rosboard:/home/ziczac/dev/skripsi_code/ros2_workspace/install/log_odds_map:/home/ziczac/dev/skripsi_code/ros2_workspace/install/diff_drive:/opt/ros/humble /usr/bin/cmake --install /home/ziczac/dev/skripsi_code/ros2_workspace/build/lslidar_msgs
[2.742s] -- Install configuration: ""
[2.781s] -- Execute custom install script
[2.783s] -- Up-to-date symlink: /home/ziczac/dev/skripsi_code/ros2_workspace/install/lslidar_msgs/share/ament_index/resource_index/rosidl_interfaces/lslidar_msgs
[2.788s] -- Up-to-date symlink: /home/ziczac/dev/skripsi_code/ros2_workspace/install/lslidar_msgs/include/lslidar_msgs/lslidar_msgs/msg/detail/lslidar_difop__functions.h
[2.789s] -- Up-to-date symlink: /home/ziczac/dev/skripsi_code/ros2_workspace/install/lslidar_msgs/include/lslidar_msgs/lslidar_msgs/msg/detail/lslidar_difop__struct.h
[2.789s] -- Up-to-date symlink: /home/ziczac/dev/skripsi_code/ros2_workspace/install/lslidar_msgs/include/lslidar_msgs/lslidar_msgs/msg/detail/lslidar_difop__type_support.h
[2.789s] -- Up-to-date symlink: /home/ziczac/dev/skripsi_code/ros2_workspace/install/lslidar_msgs/include/lslidar_msgs/lslidar_msgs/msg/detail/lslidar_packet__functions.h
[2.790s] -- Up-to-date symlink: /home/ziczac/dev/skripsi_code/ros2_workspace/install/lslidar_msgs/include/lslidar_msgs/lslidar_msgs/msg/detail/lslidar_packet__struct.h
[2.790s] -- Up-to-date symlink: /home/ziczac/dev/skripsi_code/ros2_workspace/install/lslidar_msgs/include/lslidar_msgs/lslidar_msgs/msg/detail/lslidar_packet__type_support.h
[2.791s] -- Up-to-date symlink: /home/ziczac/dev/skripsi_code/ros2_workspace/install/lslidar_msgs/include/lslidar_msgs/lslidar_msgs/msg/detail/lslidar_point__functions.h
[2.792s] -- Up-to-date symlink: /home/ziczac/dev/skripsi_code/ros2_workspace/install/lslidar_msgs/include/lslidar_msgs/lslidar_msgs/msg/detail/lslidar_point__struct.h
[2.793s] -- Up-to-date symlink: /home/ziczac/dev/skripsi_code/ros2_workspace/install/lslidar_msgs/include/lslidar_msgs/lslidar_msgs/msg/detail/lslidar_point__type_support.h
[2.793s] -- Up-to-date symlink: /home/ziczac/dev/skripsi_code/ros2_workspace/install/lslidar_msgs/include/lslidar_msgs/lslidar_msgs/msg/detail/lslidar_scan__functions.h
[2.794s] -- Up-to-date symlink: /home/ziczac/dev/skripsi_code/ros2_workspace/install/lslidar_msgs/include/lslidar_msgs/lslidar_msgs/msg/detail/lslidar_scan__struct.h
[2.794s] -- Up-to-date symlink: /home/ziczac/dev/skripsi_code/ros2_workspace/install/lslidar_msgs/include/lslidar_msgs/lslidar_msgs/msg/detail/lslidar_scan__type_support.h
[2.795s] -- Up-to-date symlink: /home/ziczac/dev/skripsi_code/ros2_workspace/install/lslidar_msgs/include/lslidar_msgs/lslidar_msgs/msg/detail/lslidar_sweep__functions.h
[2.795s] -- Up-to-date symlink: /home/ziczac/dev/skripsi_code/ros2_workspace/install/lslidar_msgs/include/lslidar_msgs/lslidar_msgs/msg/detail/lslidar_sweep__struct.h
[2.796s] -- Up-to-date symlink: /home/ziczac/dev/skripsi_code/ros2_workspace/install/lslidar_msgs/include/lslidar_msgs/lslidar_msgs/msg/detail/lslidar_sweep__type_support.h
[2.797s] -- Up-to-date symlink: /home/ziczac/dev/skripsi_code/ros2_workspace/install/lslidar_msgs/include/lslidar_msgs/lslidar_msgs/msg/lslidar_difop.h
[2.799s] -- Up-to-date symlink: /home/ziczac/dev/skripsi_code/ros2_workspace/install/lslidar_msgs/include/lslidar_msgs/lslidar_msgs/msg/lslidar_packet.h
[2.799s] -- Up-to-date symlink: /home/ziczac/dev/skripsi_code/ros2_workspace/install/lslidar_msgs/include/lslidar_msgs/lslidar_msgs/msg/lslidar_point.h
[2.800s] -- Up-to-date symlink: /home/ziczac/dev/skripsi_code/ros2_workspace/install/lslidar_msgs/include/lslidar_msgs/lslidar_msgs/msg/lslidar_scan.h
[2.800s] -- Up-to-date symlink: /home/ziczac/dev/skripsi_code/ros2_workspace/install/lslidar_msgs/include/lslidar_msgs/lslidar_msgs/msg/lslidar_sweep.h
[2.801s] -- Up-to-date symlink: /home/ziczac/dev/skripsi_code/ros2_workspace/install/lslidar_msgs/include/lslidar_msgs/lslidar_msgs/msg/rosidl_generator_c__visibility_control.h
[2.835s] -- Up-to-date symlink: /home/ziczac/dev/skripsi_code/ros2_workspace/install/lslidar_msgs/share/lslidar_msgs/environment/library_path.sh
[2.835s] -- Up-to-date symlink: /home/ziczac/dev/skripsi_code/ros2_workspace/install/lslidar_msgs/share/lslidar_msgs/environment/library_path.dsv
[2.838s] -- Up-to-date symlink: /home/ziczac/dev/skripsi_code/ros2_workspace/install/lslidar_msgs/include/lslidar_msgs/lslidar_msgs/msg/detail/lslidar_difop__rosidl_typesupport_fastrtps_c.h
[2.839s] -- Up-to-date symlink: /home/ziczac/dev/skripsi_code/ros2_workspace/install/lslidar_msgs/include/lslidar_msgs/lslidar_msgs/msg/detail/lslidar_packet__rosidl_typesupport_fastrtps_c.h
[2.840s] -- Up-to-date symlink: /home/ziczac/dev/skripsi_code/ros2_workspace/install/lslidar_msgs/include/lslidar_msgs/lslidar_msgs/msg/detail/lslidar_point__rosidl_typesupport_fastrtps_c.h
[2.840s] -- Up-to-date symlink: /home/ziczac/dev/skripsi_code/ros2_workspace/install/lslidar_msgs/include/lslidar_msgs/lslidar_msgs/msg/detail/lslidar_scan__rosidl_typesupport_fastrtps_c.h
[2.841s] -- Up-to-date symlink: /home/ziczac/dev/skripsi_code/ros2_workspace/install/lslidar_msgs/include/lslidar_msgs/lslidar_msgs/msg/detail/lslidar_sweep__rosidl_typesupport_fastrtps_c.h
[2.842s] -- Up-to-date symlink: /home/ziczac/dev/skripsi_code/ros2_workspace/install/lslidar_msgs/include/lslidar_msgs/lslidar_msgs/msg/rosidl_typesupport_fastrtps_c__visibility_control.h
[2.844s] -- Up-to-date symlink: /home/ziczac/dev/skripsi_code/ros2_workspace/install/lslidar_msgs/include/lslidar_msgs/lslidar_msgs/msg/detail/lslidar_difop__builder.hpp
[2.844s] -- Up-to-date symlink: /home/ziczac/dev/skripsi_code/ros2_workspace/install/lslidar_msgs/include/lslidar_msgs/lslidar_msgs/msg/detail/lslidar_difop__struct.hpp
[2.845s] -- Up-to-date symlink: /home/ziczac/dev/skripsi_code/ros2_workspace/install/lslidar_msgs/include/lslidar_msgs/lslidar_msgs/msg/detail/lslidar_difop__traits.hpp
[2.845s] -- Up-to-date symlink: /home/ziczac/dev/skripsi_code/ros2_workspace/install/lslidar_msgs/include/lslidar_msgs/lslidar_msgs/msg/detail/lslidar_packet__builder.hpp
[2.846s] -- Up-to-date symlink: /home/ziczac/dev/skripsi_code/ros2_workspace/install/lslidar_msgs/include/lslidar_msgs/lslidar_msgs/msg/detail/lslidar_packet__struct.hpp
[2.846s] -- Up-to-date symlink: /home/ziczac/dev/skripsi_code/ros2_workspace/install/lslidar_msgs/include/lslidar_msgs/lslidar_msgs/msg/detail/lslidar_packet__traits.hpp
[2.847s] -- Up-to-date symlink: /home/ziczac/dev/skripsi_code/ros2_workspace/install/lslidar_msgs/include/lslidar_msgs/lslidar_msgs/msg/detail/lslidar_point__builder.hpp
[2.847s] -- Up-to-date symlink: /home/ziczac/dev/skripsi_code/ros2_workspace/install/lslidar_msgs/include/lslidar_msgs/lslidar_msgs/msg/detail/lslidar_point__struct.hpp
[2.848s] -- Up-to-date symlink: /home/ziczac/dev/skripsi_code/ros2_workspace/install/lslidar_msgs/include/lslidar_msgs/lslidar_msgs/msg/detail/lslidar_point__traits.hpp
[2.849s] -- Up-to-date symlink: /home/ziczac/dev/skripsi_code/ros2_workspace/install/lslidar_msgs/include/lslidar_msgs/lslidar_msgs/msg/detail/lslidar_scan__builder.hpp
[2.849s] -- Up-to-date symlink: /home/ziczac/dev/skripsi_code/ros2_workspace/install/lslidar_msgs/include/lslidar_msgs/lslidar_msgs/msg/detail/lslidar_scan__struct.hpp
[2.850s] -- Up-to-date symlink: /home/ziczac/dev/skripsi_code/ros2_workspace/install/lslidar_msgs/include/lslidar_msgs/lslidar_msgs/msg/detail/lslidar_scan__traits.hpp
[2.850s] -- Up-to-date symlink: /home/ziczac/dev/skripsi_code/ros2_workspace/install/lslidar_msgs/include/lslidar_msgs/lslidar_msgs/msg/detail/lslidar_sweep__builder.hpp
[2.852s] -- Up-to-date symlink: /home/ziczac/dev/skripsi_code/ros2_workspace/install/lslidar_msgs/include/lslidar_msgs/lslidar_msgs/msg/detail/lslidar_sweep__struct.hpp
[2.853s] -- Up-to-date symlink: /home/ziczac/dev/skripsi_code/ros2_workspace/install/lslidar_msgs/include/lslidar_msgs/lslidar_msgs/msg/detail/lslidar_sweep__traits.hpp
[2.853s] -- Up-to-date symlink: /home/ziczac/dev/skripsi_code/ros2_workspace/install/lslidar_msgs/include/lslidar_msgs/lslidar_msgs/msg/lslidar_difop.hpp
[2.854s] -- Up-to-date symlink: /home/ziczac/dev/skripsi_code/ros2_workspace/install/lslidar_msgs/include/lslidar_msgs/lslidar_msgs/msg/lslidar_packet.hpp
[2.855s] -- Up-to-date symlink: /home/ziczac/dev/skripsi_code/ros2_workspace/install/lslidar_msgs/include/lslidar_msgs/lslidar_msgs/msg/lslidar_point.hpp
[2.855s] -- Up-to-date symlink: /home/ziczac/dev/skripsi_code/ros2_workspace/install/lslidar_msgs/include/lslidar_msgs/lslidar_msgs/msg/lslidar_scan.hpp
[2.856s] -- Up-to-date symlink: /home/ziczac/dev/skripsi_code/ros2_workspace/install/lslidar_msgs/include/lslidar_msgs/lslidar_msgs/msg/lslidar_sweep.hpp
[2.858s] -- Up-to-date symlink: /home/ziczac/dev/skripsi_code/ros2_workspace/install/lslidar_msgs/include/lslidar_msgs/lslidar_msgs/msg/detail/lslidar_difop__rosidl_typesupport_fastrtps_cpp.hpp
[2.864s] -- Up-to-date symlink: /home/ziczac/dev/skripsi_code/ros2_workspace/install/lslidar_msgs/include/lslidar_msgs/lslidar_msgs/msg/detail/lslidar_packet__rosidl_typesupport_fastrtps_cpp.hpp
[2.864s] -- Up-to-date symlink: /home/ziczac/dev/skripsi_code/ros2_workspace/install/lslidar_msgs/include/lslidar_msgs/lslidar_msgs/msg/detail/lslidar_point__rosidl_typesupport_fastrtps_cpp.hpp
[2.864s] -- Up-to-date symlink: /home/ziczac/dev/skripsi_code/ros2_workspace/install/lslidar_msgs/include/lslidar_msgs/lslidar_msgs/msg/detail/lslidar_scan__rosidl_typesupport_fastrtps_cpp.hpp
[2.864s] -- Up-to-date symlink: /home/ziczac/dev/skripsi_code/ros2_workspace/install/lslidar_msgs/include/lslidar_msgs/lslidar_msgs/msg/detail/lslidar_sweep__rosidl_typesupport_fastrtps_cpp.hpp
[2.865s] -- Up-to-date symlink: /home/ziczac/dev/skripsi_code/ros2_workspace/install/lslidar_msgs/include/lslidar_msgs/lslidar_msgs/msg/rosidl_typesupport_fastrtps_cpp__visibility_control.h
[2.924s] -- Up-to-date symlink: /home/ziczac/dev/skripsi_code/ros2_workspace/install/lslidar_msgs/include/lslidar_msgs/lslidar_msgs/msg/detail/lslidar_difop__rosidl_typesupport_introspection_c.h
[2.925s] -- Up-to-date symlink: /home/ziczac/dev/skripsi_code/ros2_workspace/install/lslidar_msgs/include/lslidar_msgs/lslidar_msgs/msg/detail/lslidar_packet__rosidl_typesupport_introspection_c.h
[2.980s] -- Up-to-date symlink: /home/ziczac/dev/skripsi_code/ros2_workspace/install/lslidar_msgs/include/lslidar_msgs/lslidar_msgs/msg/detail/lslidar_point__rosidl_typesupport_introspection_c.h
[3.045s] -- Up-to-date symlink: /home/ziczac/dev/skripsi_code/ros2_workspace/install/lslidar_msgs/include/lslidar_msgs/lslidar_msgs/msg/detail/lslidar_scan__rosidl_typesupport_introspection_c.h
[3.106s] -- Up-to-date symlink: /home/ziczac/dev/skripsi_code/ros2_workspace/install/lslidar_msgs/include/lslidar_msgs/lslidar_msgs/msg/detail/lslidar_sweep__rosidl_typesupport_introspection_c.h
[3.156s] -- Up-to-date symlink: /home/ziczac/dev/skripsi_code/ros2_workspace/install/lslidar_msgs/include/lslidar_msgs/lslidar_msgs/msg/rosidl_typesupport_introspection_c__visibility_control.h
[3.228s] -- Up-to-date symlink: /home/ziczac/dev/skripsi_code/ros2_workspace/install/lslidar_msgs/include/lslidar_msgs/lslidar_msgs/msg/detail/lslidar_difop__rosidl_typesupport_introspection_cpp.hpp
[3.300s] -- Up-to-date symlink: /home/ziczac/dev/skripsi_code/ros2_workspace/install/lslidar_msgs/include/lslidar_msgs/lslidar_msgs/msg/detail/lslidar_packet__rosidl_typesupport_introspection_cpp.hpp
[3.361s] -- Up-to-date symlink: /home/ziczac/dev/skripsi_code/ros2_workspace/install/lslidar_msgs/include/lslidar_msgs/lslidar_msgs/msg/detail/lslidar_point__rosidl_typesupport_introspection_cpp.hpp
[3.437s] -- Up-to-date symlink: /home/ziczac/dev/skripsi_code/ros2_workspace/install/lslidar_msgs/include/lslidar_msgs/lslidar_msgs/msg/detail/lslidar_scan__rosidl_typesupport_introspection_cpp.hpp
[3.460s] -- Up-to-date symlink: /home/ziczac/dev/skripsi_code/ros2_workspace/install/lslidar_msgs/include/lslidar_msgs/lslidar_msgs/msg/detail/lslidar_sweep__rosidl_typesupport_introspection_cpp.hpp
[3.511s] -- Up-to-date symlink: /home/ziczac/dev/skripsi_code/ros2_workspace/install/lslidar_msgs/share/lslidar_msgs/environment/pythonpath.sh
[3.513s] -- Up-to-date symlink: /home/ziczac/dev/skripsi_code/ros2_workspace/install/lslidar_msgs/share/lslidar_msgs/environment/pythonpath.dsv
[3.514s] -- Up-to-date symlink: /home/ziczac/dev/skripsi_code/ros2_workspace/install/lslidar_msgs/local/lib/python3.10/dist-packages/lslidar_msgs-1.2.0-py3.10.egg-info/PKG-INFO
[3.593s] -- Up-to-date symlink: /home/ziczac/dev/skripsi_code/ros2_workspace/install/lslidar_msgs/local/lib/python3.10/dist-packages/lslidar_msgs-1.2.0-py3.10.egg-info/SOURCES.txt
[3.648s] -- Up-to-date symlink: /home/ziczac/dev/skripsi_code/ros2_workspace/install/lslidar_msgs/local/lib/python3.10/dist-packages/lslidar_msgs-1.2.0-py3.10.egg-info/dependency_links.txt
[3.713s] -- Up-to-date symlink: /home/ziczac/dev/skripsi_code/ros2_workspace/install/lslidar_msgs/local/lib/python3.10/dist-packages/lslidar_msgs-1.2.0-py3.10.egg-info/top_level.txt
[3.717s] -- Up-to-date symlink: /home/ziczac/dev/skripsi_code/ros2_workspace/install/lslidar_msgs/local/lib/python3.10/dist-packages/lslidar_msgs/__init__.py
[3.717s] -- Up-to-date symlink: /home/ziczac/dev/skripsi_code/ros2_workspace/install/lslidar_msgs/local/lib/python3.10/dist-packages/lslidar_msgs/_lslidar_msgs_s.ep.rosidl_typesupport_c.c
[3.719s] -- Up-to-date symlink: /home/ziczac/dev/skripsi_code/ros2_workspace/install/lslidar_msgs/local/lib/python3.10/dist-packages/lslidar_msgs/_lslidar_msgs_s.ep.rosidl_typesupport_fastrtps_c.c
[3.719s] -- Up-to-date symlink: /home/ziczac/dev/skripsi_code/ros2_workspace/install/lslidar_msgs/local/lib/python3.10/dist-packages/lslidar_msgs/_lslidar_msgs_s.ep.rosidl_typesupport_introspection_c.c
[3.720s] -- Up-to-date symlink: /home/ziczac/dev/skripsi_code/ros2_workspace/install/lslidar_msgs/local/lib/python3.10/dist-packages/lslidar_msgs/liblslidar_msgs__rosidl_generator_py.so
[3.720s] -- Up-to-date symlink: /home/ziczac/dev/skripsi_code/ros2_workspace/install/lslidar_msgs/local/lib/python3.10/dist-packages/lslidar_msgs/lslidar_msgs_s__rosidl_typesupport_c.cpython-310-x86_64-linux-gnu.so
[3.721s] -- Up-to-date symlink: /home/ziczac/dev/skripsi_code/ros2_workspace/install/lslidar_msgs/local/lib/python3.10/dist-packages/lslidar_msgs/lslidar_msgs_s__rosidl_typesupport_fastrtps_c.cpython-310-x86_64-linux-gnu.so
[3.745s] -- Up-to-date symlink: /home/ziczac/dev/skripsi_code/ros2_workspace/install/lslidar_msgs/local/lib/python3.10/dist-packages/lslidar_msgs/lslidar_msgs_s__rosidl_typesupport_introspection_c.cpython-310-x86_64-linux-gnu.so
[3.779s] -- Up-to-date symlink: /home/ziczac/dev/skripsi_code/ros2_workspace/install/lslidar_msgs/local/lib/python3.10/dist-packages/lslidar_msgs/msg/__init__.py
[3.781s] -- Up-to-date symlink: /home/ziczac/dev/skripsi_code/ros2_workspace/install/lslidar_msgs/local/lib/python3.10/dist-packages/lslidar_msgs/msg/_lslidar_difop.py
[3.781s] -- Up-to-date symlink: /home/ziczac/dev/skripsi_code/ros2_workspace/install/lslidar_msgs/local/lib/python3.10/dist-packages/lslidar_msgs/msg/_lslidar_difop_s.c
[3.781s] -- Up-to-date symlink: /home/ziczac/dev/skripsi_code/ros2_workspace/install/lslidar_msgs/local/lib/python3.10/dist-packages/lslidar_msgs/msg/_lslidar_packet.py
[3.783s] -- Up-to-date symlink: /home/ziczac/dev/skripsi_code/ros2_workspace/install/lslidar_msgs/local/lib/python3.10/dist-packages/lslidar_msgs/msg/_lslidar_packet_s.c
[3.783s] -- Up-to-date symlink: /home/ziczac/dev/skripsi_code/ros2_workspace/install/lslidar_msgs/local/lib/python3.10/dist-packages/lslidar_msgs/msg/_lslidar_point.py
[3.784s] -- Up-to-date symlink: /home/ziczac/dev/skripsi_code/ros2_workspace/install/lslidar_msgs/local/lib/python3.10/dist-packages/lslidar_msgs/msg/_lslidar_point_s.c
[3.784s] -- Up-to-date symlink: /home/ziczac/dev/skripsi_code/ros2_workspace/install/lslidar_msgs/local/lib/python3.10/dist-packages/lslidar_msgs/msg/_lslidar_scan.py
[3.785s] -- Up-to-date symlink: /home/ziczac/dev/skripsi_code/ros2_workspace/install/lslidar_msgs/local/lib/python3.10/dist-packages/lslidar_msgs/msg/_lslidar_scan_s.c
[3.785s] -- Up-to-date symlink: /home/ziczac/dev/skripsi_code/ros2_workspace/install/lslidar_msgs/local/lib/python3.10/dist-packages/lslidar_msgs/msg/_lslidar_sweep.py
[3.786s] -- Up-to-date symlink: /home/ziczac/dev/skripsi_code/ros2_workspace/install/lslidar_msgs/local/lib/python3.10/dist-packages/lslidar_msgs/msg/_lslidar_sweep_s.c
[3.824s] -- Up-to-date symlink: /home/ziczac/dev/skripsi_code/ros2_workspace/install/lslidar_msgs/local/lib/python3.10/dist-packages/lslidar_msgs/lslidar_msgs_s__rosidl_typesupport_fastrtps_c.cpython-310-x86_64-linux-gnu.so
[3.846s] -- Up-to-date symlink: /home/ziczac/dev/skripsi_code/ros2_workspace/install/lslidar_msgs/local/lib/python3.10/dist-packages/lslidar_msgs/lslidar_msgs_s__rosidl_typesupport_introspection_c.cpython-310-x86_64-linux-gnu.so
[3.848s] -- Up-to-date symlink: /home/ziczac/dev/skripsi_code/ros2_workspace/install/lslidar_msgs/local/lib/python3.10/dist-packages/lslidar_msgs/lslidar_msgs_s__rosidl_typesupport_c.cpython-310-x86_64-linux-gnu.so
[3.849s] -- Up-to-date symlink: /home/ziczac/dev/skripsi_code/ros2_workspace/install/lslidar_msgs/share/lslidar_msgs/msg/LslidarDifop.idl
[3.849s] -- Up-to-date symlink: /home/ziczac/dev/skripsi_code/ros2_workspace/install/lslidar_msgs/share/lslidar_msgs/msg/LslidarPacket.idl
[3.850s] -- Up-to-date symlink: /home/ziczac/dev/skripsi_code/ros2_workspace/install/lslidar_msgs/share/lslidar_msgs/msg/LslidarPoint.idl
[3.851s] -- Up-to-date symlink: /home/ziczac/dev/skripsi_code/ros2_workspace/install/lslidar_msgs/share/lslidar_msgs/msg/LslidarScan.idl
[3.852s] -- Up-to-date symlink: /home/ziczac/dev/skripsi_code/ros2_workspace/install/lslidar_msgs/share/lslidar_msgs/msg/LslidarSweep.idl
[3.853s] -- Up-to-date symlink: /home/ziczac/dev/skripsi_code/ros2_workspace/install/lslidar_msgs/share/lslidar_msgs/msg/LslidarDifop.msg
[3.854s] -- Up-to-date symlink: /home/ziczac/dev/skripsi_code/ros2_workspace/install/lslidar_msgs/share/lslidar_msgs/msg/LslidarPacket.msg
[3.854s] -- Up-to-date symlink: /home/ziczac/dev/skripsi_code/ros2_workspace/install/lslidar_msgs/share/lslidar_msgs/msg/LslidarPoint.msg
[3.854s] -- Up-to-date symlink: /home/ziczac/dev/skripsi_code/ros2_workspace/install/lslidar_msgs/share/lslidar_msgs/msg/LslidarScan.msg
[3.855s] -- Up-to-date symlink: /home/ziczac/dev/skripsi_code/ros2_workspace/install/lslidar_msgs/share/lslidar_msgs/msg/LslidarSweep.msg
[3.855s] -- Up-to-date symlink: /home/ziczac/dev/skripsi_code/ros2_workspace/install/lslidar_msgs/share/ament_index/resource_index/package_run_dependencies/lslidar_msgs
[3.856s] -- Up-to-date symlink: /home/ziczac/dev/skripsi_code/ros2_workspace/install/lslidar_msgs/share/ament_index/resource_index/parent_prefix_path/lslidar_msgs
[3.857s] -- Up-to-date symlink: /home/ziczac/dev/skripsi_code/ros2_workspace/install/lslidar_msgs/share/lslidar_msgs/environment/ament_prefix_path.sh
[3.857s] -- Up-to-date symlink: /home/ziczac/dev/skripsi_code/ros2_workspace/install/lslidar_msgs/share/lslidar_msgs/environment/ament_prefix_path.dsv
[3.858s] -- Up-to-date symlink: /home/ziczac/dev/skripsi_code/ros2_workspace/install/lslidar_msgs/share/lslidar_msgs/environment/path.sh
[3.858s] -- Up-to-date symlink: /home/ziczac/dev/skripsi_code/ros2_workspace/install/lslidar_msgs/share/lslidar_msgs/environment/path.dsv
[3.858s] -- Up-to-date symlink: /home/ziczac/dev/skripsi_code/ros2_workspace/install/lslidar_msgs/share/lslidar_msgs/local_setup.bash
[3.859s] -- Up-to-date symlink: /home/ziczac/dev/skripsi_code/ros2_workspace/install/lslidar_msgs/share/lslidar_msgs/local_setup.sh
[3.859s] -- Up-to-date symlink: /home/ziczac/dev/skripsi_code/ros2_workspace/install/lslidar_msgs/share/lslidar_msgs/local_setup.zsh
[3.859s] -- Up-to-date symlink: /home/ziczac/dev/skripsi_code/ros2_workspace/install/lslidar_msgs/share/lslidar_msgs/local_setup.dsv
[3.859s] -- Symlinking: /home/ziczac/dev/skripsi_code/ros2_workspace/install/lslidar_msgs/share/lslidar_msgs/package.dsv
[3.878s] -- Up-to-date symlink: /home/ziczac/dev/skripsi_code/ros2_workspace/install/lslidar_msgs/share/ament_index/resource_index/packages/lslidar_msgs
[3.878s] -- Up-to-date symlink: /home/ziczac/dev/skripsi_code/ros2_workspace/install/lslidar_msgs/share/lslidar_msgs/cmake/rosidl_cmake-extras.cmake
[3.879s] -- Up-to-date symlink: /home/ziczac/dev/skripsi_code/ros2_workspace/install/lslidar_msgs/share/lslidar_msgs/cmake/ament_cmake_export_dependencies-extras.cmake
[3.880s] -- Up-to-date symlink: /home/ziczac/dev/skripsi_code/ros2_workspace/install/lslidar_msgs/share/lslidar_msgs/cmake/ament_cmake_export_include_directories-extras.cmake
[3.881s] -- Up-to-date symlink: /home/ziczac/dev/skripsi_code/ros2_workspace/install/lslidar_msgs/share/lslidar_msgs/cmake/ament_cmake_export_libraries-extras.cmake
[3.882s] -- Up-to-date symlink: /home/ziczac/dev/skripsi_code/ros2_workspace/install/lslidar_msgs/share/lslidar_msgs/cmake/ament_cmake_export_targets-extras.cmake
[3.882s] -- Up-to-date symlink: /home/ziczac/dev/skripsi_code/ros2_workspace/install/lslidar_msgs/share/lslidar_msgs/cmake/rosidl_cmake_export_typesupport_targets-extras.cmake
[3.883s] -- Up-to-date symlink: /home/ziczac/dev/skripsi_code/ros2_workspace/install/lslidar_msgs/share/lslidar_msgs/cmake/rosidl_cmake_export_typesupport_libraries-extras.cmake
[3.883s] -- Up-to-date symlink: /home/ziczac/dev/skripsi_code/ros2_workspace/install/lslidar_msgs/share/lslidar_msgs/cmake/lslidar_msgsConfig.cmake
[3.884s] -- Up-to-date symlink: /home/ziczac/dev/skripsi_code/ros2_workspace/install/lslidar_msgs/share/lslidar_msgs/cmake/lslidar_msgsConfig-version.cmake
[3.885s] -- Up-to-date symlink: /home/ziczac/dev/skripsi_code/ros2_workspace/install/lslidar_msgs/share/lslidar_msgs/package.xml
[3.918s] -- Up-to-date: /home/ziczac/dev/skripsi_code/ros2_workspace/install/lslidar_msgs/lib/liblslidar_msgs__rosidl_generator_c.so
[3.920s] -- Up-to-date: /home/ziczac/dev/skripsi_code/ros2_workspace/install/lslidar_msgs/lib/liblslidar_msgs__rosidl_typesupport_fastrtps_c.so
[3.938s] -- Up-to-date: /home/ziczac/dev/skripsi_code/ros2_workspace/install/lslidar_msgs/lib/liblslidar_msgs__rosidl_typesupport_fastrtps_cpp.so
[3.942s] -- Up-to-date: /home/ziczac/dev/skripsi_code/ros2_workspace/install/lslidar_msgs/lib/liblslidar_msgs__rosidl_typesupport_introspection_c.so
[3.942s] -- Up-to-date: /home/ziczac/dev/skripsi_code/ros2_workspace/install/lslidar_msgs/lib/liblslidar_msgs__rosidl_typesupport_c.so
[3.956s] -- Up-to-date: /home/ziczac/dev/skripsi_code/ros2_workspace/install/lslidar_msgs/lib/liblslidar_msgs__rosidl_typesupport_introspection_cpp.so
[3.956s] -- Up-to-date: /home/ziczac/dev/skripsi_code/ros2_workspace/install/lslidar_msgs/lib/liblslidar_msgs__rosidl_typesupport_cpp.so
[4.095s] Listing '/home/ziczac/dev/skripsi_code/ros2_workspace/install/lslidar_msgs/local/lib/python3.10/dist-packages/lslidar_msgs'...
[4.095s] Listing '/home/ziczac/dev/skripsi_code/ros2_workspace/install/lslidar_msgs/local/lib/python3.10/dist-packages/lslidar_msgs/msg'...
[4.103s] -- Up-to-date: /home/ziczac/dev/skripsi_code/ros2_workspace/install/lslidar_msgs/lib/liblslidar_msgs__rosidl_generator_py.so
[4.104s] -- Up-to-date: /home/ziczac/dev/skripsi_code/ros2_workspace/install/lslidar_msgs/share/lslidar_msgs/cmake/export_lslidar_msgs__rosidl_generator_cExport.cmake
[4.104s] -- Up-to-date: /home/ziczac/dev/skripsi_code/ros2_workspace/install/lslidar_msgs/share/lslidar_msgs/cmake/export_lslidar_msgs__rosidl_generator_cExport-noconfig.cmake
[4.104s] -- Up-to-date: /home/ziczac/dev/skripsi_code/ros2_workspace/install/lslidar_msgs/share/lslidar_msgs/cmake/export_lslidar_msgs__rosidl_typesupport_fastrtps_cExport.cmake
[4.104s] -- Up-to-date: /home/ziczac/dev/skripsi_code/ros2_workspace/install/lslidar_msgs/share/lslidar_msgs/cmake/export_lslidar_msgs__rosidl_typesupport_fastrtps_cExport-noconfig.cmake
[4.105s] -- Up-to-date: /home/ziczac/dev/skripsi_code/ros2_workspace/install/lslidar_msgs/share/lslidar_msgs/cmake/export_lslidar_msgs__rosidl_generator_cppExport.cmake
[4.105s] -- Up-to-date: /home/ziczac/dev/skripsi_code/ros2_workspace/install/lslidar_msgs/share/lslidar_msgs/cmake/export_lslidar_msgs__rosidl_typesupport_fastrtps_cppExport.cmake
[4.105s] -- Up-to-date: /home/ziczac/dev/skripsi_code/ros2_workspace/install/lslidar_msgs/share/lslidar_msgs/cmake/export_lslidar_msgs__rosidl_typesupport_fastrtps_cppExport-noconfig.cmake
[4.106s] -- Up-to-date: /home/ziczac/dev/skripsi_code/ros2_workspace/install/lslidar_msgs/share/lslidar_msgs/cmake/lslidar_msgs__rosidl_typesupport_introspection_cExport.cmake
[4.106s] -- Up-to-date: /home/ziczac/dev/skripsi_code/ros2_workspace/install/lslidar_msgs/share/lslidar_msgs/cmake/lslidar_msgs__rosidl_typesupport_introspection_cExport-noconfig.cmake
[4.107s] -- Up-to-date: /home/ziczac/dev/skripsi_code/ros2_workspace/install/lslidar_msgs/share/lslidar_msgs/cmake/lslidar_msgs__rosidl_typesupport_cExport.cmake
[4.107s] -- Up-to-date: /home/ziczac/dev/skripsi_code/ros2_workspace/install/lslidar_msgs/share/lslidar_msgs/cmake/lslidar_msgs__rosidl_typesupport_cExport-noconfig.cmake
[4.107s] -- Up-to-date: /home/ziczac/dev/skripsi_code/ros2_workspace/install/lslidar_msgs/share/lslidar_msgs/cmake/lslidar_msgs__rosidl_typesupport_introspection_cppExport.cmake
[4.107s] -- Up-to-date: /home/ziczac/dev/skripsi_code/ros2_workspace/install/lslidar_msgs/share/lslidar_msgs/cmake/lslidar_msgs__rosidl_typesupport_introspection_cppExport-noconfig.cmake
[4.108s] -- Up-to-date: /home/ziczac/dev/skripsi_code/ros2_workspace/install/lslidar_msgs/share/lslidar_msgs/cmake/lslidar_msgs__rosidl_typesupport_cppExport.cmake
[4.108s] -- Up-to-date: /home/ziczac/dev/skripsi_code/ros2_workspace/install/lslidar_msgs/share/lslidar_msgs/cmake/lslidar_msgs__rosidl_typesupport_cppExport-noconfig.cmake
[4.108s] -- Up-to-date: /home/ziczac/dev/skripsi_code/ros2_workspace/install/lslidar_msgs/share/lslidar_msgs/cmake/export_lslidar_msgs__rosidl_generator_pyExport.cmake
[4.108s] -- Up-to-date: /home/ziczac/dev/skripsi_code/ros2_workspace/install/lslidar_msgs/share/lslidar_msgs/cmake/export_lslidar_msgs__rosidl_generator_pyExport-noconfig.cmake
[4.114s] Invoked command in '/home/ziczac/dev/skripsi_code/ros2_workspace/build/lslidar_msgs' returned '0': CMAKE_PREFIX_PATH=${CMAKE_PREFIX_PATH}:/home/ziczac/dev/skripsi_code/ros2_workspace/install/motor:/home/ziczac/dev/skripsi_code/ros2_workspace/install/gui:/home/ziczac/dev/skripsi_code/ros2_workspace/install/rosboard:/home/ziczac/dev/skripsi_code/ros2_workspace/install/log_odds_map:/home/ziczac/dev/skripsi_code/ros2_workspace/install/diff_drive:/opt/ros/humble /usr/bin/cmake --install /home/ziczac/dev/skripsi_code/ros2_workspace/build/lslidar_msgs
