[0.134s] Invoking command in '/home/ziczac/dev/skripsi_code/ros2_workspace/build/wheel_interfaces': CMAKE_PREFIX_PATH=/opt/ros/humble /usr/bin/cmake --build /home/ziczac/dev/skripsi_code/ros2_workspace/build/wheel_interfaces -- -j8 -l8
[0.995s] [  3%] Built target wheel_interfaces__cpp
[0.997s] [ 12%] Built target wheel_interfaces__rosidl_generator_c
[0.998s] [ 12%] Built target ament_cmake_python_symlink_wheel_interfaces
[0.999s] [ 22%] Built target wheel_interfaces__rosidl_typesupport_fastrtps_cpp
[1.000s] [ 32%] Built target wheel_interfaces__rosidl_typesupport_introspection_cpp
[1.001s] [ 41%] Built target wheel_interfaces__rosidl_typesupport_cpp
[1.002s] [ 51%] Built target wheel_interfaces__rosidl_typesupport_fastrtps_c
[1.004s] [ 61%] Built target wheel_interfaces__rosidl_typesupport_c
[1.005s] [ 70%] Built target wheel_interfaces__rosidl_typesupport_introspection_c
[1.007s] [ 70%] Built target wheel_interfaces
[1.007s] [ 74%] Built target wheel_interfaces__py
[1.008s] [ 80%] Built target wheel_interfaces__rosidl_generator_py
[1.008s] [ 87%] Built target wheel_interfaces__rosidl_typesupport_fastrtps_c__pyext
[1.008s] [ 93%] Built target wheel_interfaces__rosidl_typesupport_introspection_c__pyext
[1.008s] [100%] Built target wheel_interfaces__rosidl_typesupport_c__pyext
[1.008s] running egg_info
[1.008s] writing wheel_interfaces.egg-info/PKG-INFO
[1.008s] writing dependency_links to wheel_interfaces.egg-info/dependency_links.txt
[1.008s] writing top-level names to wheel_interfaces.egg-info/top_level.txt
[1.009s] reading manifest file 'wheel_interfaces.egg-info/SOURCES.txt'
[1.009s] writing manifest file 'wheel_interfaces.egg-info/SOURCES.txt'
[1.009s] [100%] Built target ament_cmake_python_build_wheel_interfaces_egg
[1.012s] Invoked command in '/home/ziczac/dev/skripsi_code/ros2_workspace/build/wheel_interfaces' returned '0': CMAKE_PREFIX_PATH=/opt/ros/humble /usr/bin/cmake --build /home/ziczac/dev/skripsi_code/ros2_workspace/build/wheel_interfaces -- -j8 -l8
[1.426s] Invoking command in '/home/ziczac/dev/skripsi_code/ros2_workspace/build/wheel_interfaces': CMAKE_PREFIX_PATH=/opt/ros/humble /usr/bin/cmake --install /home/ziczac/dev/skripsi_code/ros2_workspace/build/wheel_interfaces
[1.449s] -- Install configuration: ""
[1.449s] -- Execute custom install script
[1.450s] -- Up-to-date symlink: /home/ziczac/dev/skripsi_code/ros2_workspace/install/wheel_interfaces/share/ament_index/resource_index/rosidl_interfaces/wheel_interfaces
[1.450s] -- Up-to-date symlink: /home/ziczac/dev/skripsi_code/ros2_workspace/install/wheel_interfaces/include/wheel_interfaces/wheel_interfaces/msg/detail/wheel_infos__functions.h
[1.451s] -- Up-to-date symlink: /home/ziczac/dev/skripsi_code/ros2_workspace/install/wheel_interfaces/include/wheel_interfaces/wheel_interfaces/msg/detail/wheel_infos__struct.h
[1.452s] -- Up-to-date symlink: /home/ziczac/dev/skripsi_code/ros2_workspace/install/wheel_interfaces/include/wheel_interfaces/wheel_interfaces/msg/detail/wheel_infos__type_support.h
[1.452s] -- Up-to-date symlink: /home/ziczac/dev/skripsi_code/ros2_workspace/install/wheel_interfaces/include/wheel_interfaces/wheel_interfaces/msg/rosidl_generator_c__visibility_control.h
[1.452s] -- Up-to-date symlink: /home/ziczac/dev/skripsi_code/ros2_workspace/install/wheel_interfaces/include/wheel_interfaces/wheel_interfaces/msg/wheel_infos.h
[1.452s] -- Up-to-date symlink: /home/ziczac/dev/skripsi_code/ros2_workspace/install/wheel_interfaces/share/wheel_interfaces/environment/library_path.sh
[1.452s] -- Up-to-date symlink: /home/ziczac/dev/skripsi_code/ros2_workspace/install/wheel_interfaces/share/wheel_interfaces/environment/library_path.dsv
[1.452s] -- Up-to-date symlink: /home/ziczac/dev/skripsi_code/ros2_workspace/install/wheel_interfaces/include/wheel_interfaces/wheel_interfaces/msg/detail/wheel_infos__rosidl_typesupport_fastrtps_c.h
[1.453s] -- Up-to-date symlink: /home/ziczac/dev/skripsi_code/ros2_workspace/install/wheel_interfaces/include/wheel_interfaces/wheel_interfaces/msg/rosidl_typesupport_fastrtps_c__visibility_control.h
[1.455s] -- Up-to-date symlink: /home/ziczac/dev/skripsi_code/ros2_workspace/install/wheel_interfaces/include/wheel_interfaces/wheel_interfaces/msg/detail/wheel_infos__rosidl_typesupport_introspection_c.h
[1.455s] -- Up-to-date symlink: /home/ziczac/dev/skripsi_code/ros2_workspace/install/wheel_interfaces/include/wheel_interfaces/wheel_interfaces/msg/rosidl_typesupport_introspection_c__visibility_control.h
[1.456s] -- Up-to-date symlink: /home/ziczac/dev/skripsi_code/ros2_workspace/install/wheel_interfaces/include/wheel_interfaces/wheel_interfaces/msg/detail/wheel_infos__builder.hpp
[1.457s] -- Up-to-date symlink: /home/ziczac/dev/skripsi_code/ros2_workspace/install/wheel_interfaces/include/wheel_interfaces/wheel_interfaces/msg/detail/wheel_infos__struct.hpp
[1.458s] -- Up-to-date symlink: /home/ziczac/dev/skripsi_code/ros2_workspace/install/wheel_interfaces/include/wheel_interfaces/wheel_interfaces/msg/detail/wheel_infos__traits.hpp
[1.459s] -- Up-to-date symlink: /home/ziczac/dev/skripsi_code/ros2_workspace/install/wheel_interfaces/include/wheel_interfaces/wheel_interfaces/msg/wheel_infos.hpp
[1.459s] -- Up-to-date symlink: /home/ziczac/dev/skripsi_code/ros2_workspace/install/wheel_interfaces/include/wheel_interfaces/wheel_interfaces/msg/detail/wheel_infos__rosidl_typesupport_fastrtps_cpp.hpp
[1.460s] -- Up-to-date symlink: /home/ziczac/dev/skripsi_code/ros2_workspace/install/wheel_interfaces/include/wheel_interfaces/wheel_interfaces/msg/rosidl_typesupport_fastrtps_cpp__visibility_control.h
[1.461s] -- Up-to-date symlink: /home/ziczac/dev/skripsi_code/ros2_workspace/install/wheel_interfaces/include/wheel_interfaces/wheel_interfaces/msg/detail/wheel_infos__rosidl_typesupport_introspection_cpp.hpp
[1.462s] -- Up-to-date symlink: /home/ziczac/dev/skripsi_code/ros2_workspace/install/wheel_interfaces/share/wheel_interfaces/environment/pythonpath.sh
[1.462s] -- Up-to-date symlink: /home/ziczac/dev/skripsi_code/ros2_workspace/install/wheel_interfaces/share/wheel_interfaces/environment/pythonpath.dsv
[1.463s] -- Up-to-date symlink: /home/ziczac/dev/skripsi_code/ros2_workspace/install/wheel_interfaces/local/lib/python3.10/dist-packages/wheel_interfaces-0.0.0-py3.10.egg-info/PKG-INFO
[1.463s] -- Up-to-date symlink: /home/ziczac/dev/skripsi_code/ros2_workspace/install/wheel_interfaces/local/lib/python3.10/dist-packages/wheel_interfaces-0.0.0-py3.10.egg-info/SOURCES.txt
[1.464s] -- Up-to-date symlink: /home/ziczac/dev/skripsi_code/ros2_workspace/install/wheel_interfaces/local/lib/python3.10/dist-packages/wheel_interfaces-0.0.0-py3.10.egg-info/dependency_links.txt
[1.464s] -- Up-to-date symlink: /home/ziczac/dev/skripsi_code/ros2_workspace/install/wheel_interfaces/local/lib/python3.10/dist-packages/wheel_interfaces-0.0.0-py3.10.egg-info/top_level.txt
[1.466s] -- Up-to-date symlink: /home/ziczac/dev/skripsi_code/ros2_workspace/install/wheel_interfaces/local/lib/python3.10/dist-packages/wheel_interfaces/__init__.py
[1.466s] -- Up-to-date symlink: /home/ziczac/dev/skripsi_code/ros2_workspace/install/wheel_interfaces/local/lib/python3.10/dist-packages/wheel_interfaces/_wheel_interfaces_s.ep.rosidl_typesupport_c.c
[1.466s] -- Up-to-date symlink: /home/ziczac/dev/skripsi_code/ros2_workspace/install/wheel_interfaces/local/lib/python3.10/dist-packages/wheel_interfaces/_wheel_interfaces_s.ep.rosidl_typesupport_fastrtps_c.c
[1.467s] -- Up-to-date symlink: /home/ziczac/dev/skripsi_code/ros2_workspace/install/wheel_interfaces/local/lib/python3.10/dist-packages/wheel_interfaces/_wheel_interfaces_s.ep.rosidl_typesupport_introspection_c.c
[1.467s] -- Up-to-date symlink: /home/ziczac/dev/skripsi_code/ros2_workspace/install/wheel_interfaces/local/lib/python3.10/dist-packages/wheel_interfaces/libwheel_interfaces__rosidl_generator_py.so
[1.467s] -- Up-to-date symlink: /home/ziczac/dev/skripsi_code/ros2_workspace/install/wheel_interfaces/local/lib/python3.10/dist-packages/wheel_interfaces/msg/__init__.py
[1.467s] -- Up-to-date symlink: /home/ziczac/dev/skripsi_code/ros2_workspace/install/wheel_interfaces/local/lib/python3.10/dist-packages/wheel_interfaces/msg/_wheel_infos.py
[1.467s] -- Up-to-date symlink: /home/ziczac/dev/skripsi_code/ros2_workspace/install/wheel_interfaces/local/lib/python3.10/dist-packages/wheel_interfaces/msg/_wheel_infos_s.c
[1.468s] -- Up-to-date symlink: /home/ziczac/dev/skripsi_code/ros2_workspace/install/wheel_interfaces/local/lib/python3.10/dist-packages/wheel_interfaces/wheel_interfaces_s__rosidl_typesupport_c.cpython-310-x86_64-linux-gnu.so
[1.468s] -- Up-to-date symlink: /home/ziczac/dev/skripsi_code/ros2_workspace/install/wheel_interfaces/local/lib/python3.10/dist-packages/wheel_interfaces/wheel_interfaces_s__rosidl_typesupport_fastrtps_c.cpython-310-x86_64-linux-gnu.so
[1.468s] -- Up-to-date symlink: /home/ziczac/dev/skripsi_code/ros2_workspace/install/wheel_interfaces/local/lib/python3.10/dist-packages/wheel_interfaces/wheel_interfaces_s__rosidl_typesupport_introspection_c.cpython-310-x86_64-linux-gnu.so
[1.469s] -- Up-to-date symlink: /home/ziczac/dev/skripsi_code/ros2_workspace/install/wheel_interfaces/local/lib/python3.10/dist-packages/wheel_interfaces/wheel_interfaces_s__rosidl_typesupport_fastrtps_c.cpython-310-x86_64-linux-gnu.so
[1.472s] -- Up-to-date symlink: /home/ziczac/dev/skripsi_code/ros2_workspace/install/wheel_interfaces/local/lib/python3.10/dist-packages/wheel_interfaces/wheel_interfaces_s__rosidl_typesupport_introspection_c.cpython-310-x86_64-linux-gnu.so
[1.472s] -- Up-to-date symlink: /home/ziczac/dev/skripsi_code/ros2_workspace/install/wheel_interfaces/local/lib/python3.10/dist-packages/wheel_interfaces/wheel_interfaces_s__rosidl_typesupport_c.cpython-310-x86_64-linux-gnu.so
[1.473s] -- Up-to-date symlink: /home/ziczac/dev/skripsi_code/ros2_workspace/install/wheel_interfaces/share/wheel_interfaces/msg/WheelInfos.idl
[1.473s] -- Up-to-date symlink: /home/ziczac/dev/skripsi_code/ros2_workspace/install/wheel_interfaces/share/wheel_interfaces/msg/WheelInfos.msg
[1.474s] -- Up-to-date symlink: /home/ziczac/dev/skripsi_code/ros2_workspace/install/wheel_interfaces/share/ament_index/resource_index/package_run_dependencies/wheel_interfaces
[1.474s] -- Up-to-date symlink: /home/ziczac/dev/skripsi_code/ros2_workspace/install/wheel_interfaces/share/ament_index/resource_index/parent_prefix_path/wheel_interfaces
[1.475s] -- Up-to-date symlink: /home/ziczac/dev/skripsi_code/ros2_workspace/install/wheel_interfaces/share/wheel_interfaces/environment/ament_prefix_path.sh
[1.475s] -- Up-to-date symlink: /home/ziczac/dev/skripsi_code/ros2_workspace/install/wheel_interfaces/share/wheel_interfaces/environment/ament_prefix_path.dsv
[1.476s] -- Up-to-date symlink: /home/ziczac/dev/skripsi_code/ros2_workspace/install/wheel_interfaces/share/wheel_interfaces/environment/path.sh
[1.477s] -- Up-to-date symlink: /home/ziczac/dev/skripsi_code/ros2_workspace/install/wheel_interfaces/share/wheel_interfaces/environment/path.dsv
[1.477s] -- Up-to-date symlink: /home/ziczac/dev/skripsi_code/ros2_workspace/install/wheel_interfaces/share/wheel_interfaces/local_setup.bash
[1.478s] -- Up-to-date symlink: /home/ziczac/dev/skripsi_code/ros2_workspace/install/wheel_interfaces/share/wheel_interfaces/local_setup.sh
[1.479s] -- Up-to-date symlink: /home/ziczac/dev/skripsi_code/ros2_workspace/install/wheel_interfaces/share/wheel_interfaces/local_setup.zsh
[1.479s] -- Up-to-date symlink: /home/ziczac/dev/skripsi_code/ros2_workspace/install/wheel_interfaces/share/wheel_interfaces/local_setup.dsv
[1.480s] -- Symlinking: /home/ziczac/dev/skripsi_code/ros2_workspace/install/wheel_interfaces/share/wheel_interfaces/package.dsv
[1.494s] -- Up-to-date symlink: /home/ziczac/dev/skripsi_code/ros2_workspace/install/wheel_interfaces/share/ament_index/resource_index/packages/wheel_interfaces
[1.494s] -- Up-to-date symlink: /home/ziczac/dev/skripsi_code/ros2_workspace/install/wheel_interfaces/share/wheel_interfaces/cmake/rosidl_cmake-extras.cmake
[1.494s] -- Up-to-date symlink: /home/ziczac/dev/skripsi_code/ros2_workspace/install/wheel_interfaces/share/wheel_interfaces/cmake/ament_cmake_export_include_directories-extras.cmake
[1.495s] -- Up-to-date symlink: /home/ziczac/dev/skripsi_code/ros2_workspace/install/wheel_interfaces/share/wheel_interfaces/cmake/ament_cmake_export_libraries-extras.cmake
[1.495s] -- Up-to-date symlink: /home/ziczac/dev/skripsi_code/ros2_workspace/install/wheel_interfaces/share/wheel_interfaces/cmake/ament_cmake_export_targets-extras.cmake
[1.495s] -- Up-to-date symlink: /home/ziczac/dev/skripsi_code/ros2_workspace/install/wheel_interfaces/share/wheel_interfaces/cmake/rosidl_cmake_export_typesupport_targets-extras.cmake
[1.495s] -- Up-to-date symlink: /home/ziczac/dev/skripsi_code/ros2_workspace/install/wheel_interfaces/share/wheel_interfaces/cmake/ament_cmake_export_dependencies-extras.cmake
[1.495s] -- Up-to-date symlink: /home/ziczac/dev/skripsi_code/ros2_workspace/install/wheel_interfaces/share/wheel_interfaces/cmake/rosidl_cmake_export_typesupport_libraries-extras.cmake
[1.496s] -- Up-to-date symlink: /home/ziczac/dev/skripsi_code/ros2_workspace/install/wheel_interfaces/share/wheel_interfaces/cmake/wheel_interfacesConfig.cmake
[1.496s] -- Up-to-date symlink: /home/ziczac/dev/skripsi_code/ros2_workspace/install/wheel_interfaces/share/wheel_interfaces/cmake/wheel_interfacesConfig-version.cmake
[1.496s] -- Up-to-date symlink: /home/ziczac/dev/skripsi_code/ros2_workspace/install/wheel_interfaces/share/wheel_interfaces/package.xml
[1.496s] -- Up-to-date: /home/ziczac/dev/skripsi_code/ros2_workspace/install/wheel_interfaces/lib/libwheel_interfaces__rosidl_generator_c.so
[1.497s] -- Up-to-date: /home/ziczac/dev/skripsi_code/ros2_workspace/install/wheel_interfaces/lib/libwheel_interfaces__rosidl_typesupport_fastrtps_c.so
[1.497s] -- Up-to-date: /home/ziczac/dev/skripsi_code/ros2_workspace/install/wheel_interfaces/lib/libwheel_interfaces__rosidl_typesupport_introspection_c.so
[1.498s] -- Up-to-date: /home/ziczac/dev/skripsi_code/ros2_workspace/install/wheel_interfaces/lib/libwheel_interfaces__rosidl_typesupport_c.so
[1.498s] -- Up-to-date: /home/ziczac/dev/skripsi_code/ros2_workspace/install/wheel_interfaces/lib/libwheel_interfaces__rosidl_typesupport_fastrtps_cpp.so
[1.499s] -- Up-to-date: /home/ziczac/dev/skripsi_code/ros2_workspace/install/wheel_interfaces/lib/libwheel_interfaces__rosidl_typesupport_introspection_cpp.so
[1.499s] -- Up-to-date: /home/ziczac/dev/skripsi_code/ros2_workspace/install/wheel_interfaces/lib/libwheel_interfaces__rosidl_typesupport_cpp.so
[1.569s] Listing '/home/ziczac/dev/skripsi_code/ros2_workspace/install/wheel_interfaces/local/lib/python3.10/dist-packages/wheel_interfaces'...
[1.569s] Listing '/home/ziczac/dev/skripsi_code/ros2_workspace/install/wheel_interfaces/local/lib/python3.10/dist-packages/wheel_interfaces/msg'...
[1.581s] -- Up-to-date: /home/ziczac/dev/skripsi_code/ros2_workspace/install/wheel_interfaces/lib/libwheel_interfaces__rosidl_generator_py.so
[1.581s] -- Up-to-date: /home/ziczac/dev/skripsi_code/ros2_workspace/install/wheel_interfaces/share/wheel_interfaces/cmake/export_wheel_interfaces__rosidl_generator_cExport.cmake
[1.581s] -- Up-to-date: /home/ziczac/dev/skripsi_code/ros2_workspace/install/wheel_interfaces/share/wheel_interfaces/cmake/export_wheel_interfaces__rosidl_generator_cExport-noconfig.cmake
[1.582s] -- Up-to-date: /home/ziczac/dev/skripsi_code/ros2_workspace/install/wheel_interfaces/share/wheel_interfaces/cmake/export_wheel_interfaces__rosidl_typesupport_fastrtps_cExport.cmake
[1.582s] -- Up-to-date: /home/ziczac/dev/skripsi_code/ros2_workspace/install/wheel_interfaces/share/wheel_interfaces/cmake/export_wheel_interfaces__rosidl_typesupport_fastrtps_cExport-noconfig.cmake
[1.582s] -- Up-to-date: /home/ziczac/dev/skripsi_code/ros2_workspace/install/wheel_interfaces/share/wheel_interfaces/cmake/wheel_interfaces__rosidl_typesupport_introspection_cExport.cmake
[1.582s] -- Up-to-date: /home/ziczac/dev/skripsi_code/ros2_workspace/install/wheel_interfaces/share/wheel_interfaces/cmake/wheel_interfaces__rosidl_typesupport_introspection_cExport-noconfig.cmake
[1.583s] -- Up-to-date: /home/ziczac/dev/skripsi_code/ros2_workspace/install/wheel_interfaces/share/wheel_interfaces/cmake/wheel_interfaces__rosidl_typesupport_cExport.cmake
[1.583s] -- Up-to-date: /home/ziczac/dev/skripsi_code/ros2_workspace/install/wheel_interfaces/share/wheel_interfaces/cmake/wheel_interfaces__rosidl_typesupport_cExport-noconfig.cmake
[1.583s] -- Up-to-date: /home/ziczac/dev/skripsi_code/ros2_workspace/install/wheel_interfaces/share/wheel_interfaces/cmake/export_wheel_interfaces__rosidl_generator_cppExport.cmake
[1.583s] -- Up-to-date: /home/ziczac/dev/skripsi_code/ros2_workspace/install/wheel_interfaces/share/wheel_interfaces/cmake/export_wheel_interfaces__rosidl_typesupport_fastrtps_cppExport.cmake
[1.584s] -- Up-to-date: /home/ziczac/dev/skripsi_code/ros2_workspace/install/wheel_interfaces/share/wheel_interfaces/cmake/export_wheel_interfaces__rosidl_typesupport_fastrtps_cppExport-noconfig.cmake
[1.584s] -- Up-to-date: /home/ziczac/dev/skripsi_code/ros2_workspace/install/wheel_interfaces/share/wheel_interfaces/cmake/wheel_interfaces__rosidl_typesupport_introspection_cppExport.cmake
[1.585s] -- Up-to-date: /home/ziczac/dev/skripsi_code/ros2_workspace/install/wheel_interfaces/share/wheel_interfaces/cmake/wheel_interfaces__rosidl_typesupport_introspection_cppExport-noconfig.cmake
[1.585s] -- Up-to-date: /home/ziczac/dev/skripsi_code/ros2_workspace/install/wheel_interfaces/share/wheel_interfaces/cmake/wheel_interfaces__rosidl_typesupport_cppExport.cmake
[1.585s] -- Up-to-date: /home/ziczac/dev/skripsi_code/ros2_workspace/install/wheel_interfaces/share/wheel_interfaces/cmake/wheel_interfaces__rosidl_typesupport_cppExport-noconfig.cmake
[1.586s] -- Up-to-date: /home/ziczac/dev/skripsi_code/ros2_workspace/install/wheel_interfaces/share/wheel_interfaces/cmake/export_wheel_interfaces__rosidl_generator_pyExport.cmake
[1.586s] -- Up-to-date: /home/ziczac/dev/skripsi_code/ros2_workspace/install/wheel_interfaces/share/wheel_interfaces/cmake/export_wheel_interfaces__rosidl_generator_pyExport-noconfig.cmake
[1.613s] Invoked command in '/home/ziczac/dev/skripsi_code/ros2_workspace/build/wheel_interfaces' returned '0': CMAKE_PREFIX_PATH=/opt/ros/humble /usr/bin/cmake --install /home/ziczac/dev/skripsi_code/ros2_workspace/build/wheel_interfaces
