[0.127s] Invoking command in '/home/ziczac/dev/skripsi_code/ros2_workspace/build/serial': CMAKE_PREFIX_PATH=/opt/ros/humble /usr/bin/cmake --build /home/ziczac/dev/skripsi_code/ros2_workspace/build/serial -- -j8 -l8
[2.552s] [35m[1mConsolidate compiler generated dependencies of target serial[0m
[2.552s] [100%] Built target serial
[2.553s] Invoked command in '/home/ziczac/dev/skripsi_code/ros2_workspace/build/serial' returned '0': CMAKE_PREFIX_PATH=/opt/ros/humble /usr/bin/cmake --build /home/ziczac/dev/skripsi_code/ros2_workspace/build/serial -- -j8 -l8
[3.338s] Invoking command in '/home/ziczac/dev/skripsi_code/ros2_workspace/build/serial': CMAKE_PREFIX_PATH=/opt/ros/humble /usr/bin/cmake --install /home/ziczac/dev/skripsi_code/ros2_workspace/build/serial
[3.369s] -- Install configuration: ""
[3.370s] -- Execute custom install script
[3.372s] -- Up-to-date symlink: /home/ziczac/dev/skripsi_code/ros2_workspace/install/serial/share/serial/environment/library_path.sh
[3.372s] -- Up-to-date symlink: /home/ziczac/dev/skripsi_code/ros2_workspace/install/serial/share/serial/environment/library_path.dsv
[3.373s] -- Up-to-date symlink: /home/ziczac/dev/skripsi_code/ros2_workspace/install/serial/lib/libserial.a
[3.374s] -- Up-to-date symlink: /home/ziczac/dev/skripsi_code/ros2_workspace/install/serial/include/serial/serial.h
[3.378s] -- Up-to-date symlink: /home/ziczac/dev/skripsi_code/ros2_workspace/install/serial/include/serial/v8stdint.h
[3.379s] -- Up-to-date symlink: /home/ziczac/dev/skripsi_code/ros2_workspace/install/serial/share/ament_index/resource_index/package_run_dependencies/serial
[3.379s] -- Up-to-date symlink: /home/ziczac/dev/skripsi_code/ros2_workspace/install/serial/share/ament_index/resource_index/parent_prefix_path/serial
[3.379s] -- Up-to-date symlink: /home/ziczac/dev/skripsi_code/ros2_workspace/install/serial/share/serial/environment/ament_prefix_path.sh
[3.380s] -- Up-to-date symlink: /home/ziczac/dev/skripsi_code/ros2_workspace/install/serial/share/serial/environment/ament_prefix_path.dsv
[3.381s] -- Up-to-date symlink: /home/ziczac/dev/skripsi_code/ros2_workspace/install/serial/share/serial/environment/path.sh
[3.383s] -- Up-to-date symlink: /home/ziczac/dev/skripsi_code/ros2_workspace/install/serial/share/serial/environment/path.dsv
[3.410s] -- Up-to-date symlink: /home/ziczac/dev/skripsi_code/ros2_workspace/install/serial/share/serial/local_setup.bash
[3.410s] -- Up-to-date symlink: /home/ziczac/dev/skripsi_code/ros2_workspace/install/serial/share/serial/local_setup.sh
[3.415s] -- Up-to-date symlink: /home/ziczac/dev/skripsi_code/ros2_workspace/install/serial/share/serial/local_setup.zsh
[3.415s] -- Up-to-date symlink: /home/ziczac/dev/skripsi_code/ros2_workspace/install/serial/share/serial/local_setup.dsv
[3.415s] -- Symlinking: /home/ziczac/dev/skripsi_code/ros2_workspace/install/serial/share/serial/package.dsv
[3.459s] -- Up-to-date symlink: /home/ziczac/dev/skripsi_code/ros2_workspace/install/serial/share/ament_index/resource_index/packages/serial
[3.459s] -- Up-to-date symlink: /home/ziczac/dev/skripsi_code/ros2_workspace/install/serial/share/serial/cmake/ament_cmake_export_include_directories-extras.cmake
[3.460s] -- Up-to-date symlink: /home/ziczac/dev/skripsi_code/ros2_workspace/install/serial/share/serial/cmake/ament_cmake_export_libraries-extras.cmake
[3.460s] -- Up-to-date symlink: /home/ziczac/dev/skripsi_code/ros2_workspace/install/serial/share/serial/cmake/serialConfig.cmake
[3.461s] -- Up-to-date symlink: /home/ziczac/dev/skripsi_code/ros2_workspace/install/serial/share/serial/cmake/serialConfig-version.cmake
[3.461s] -- Up-to-date symlink: /home/ziczac/dev/skripsi_code/ros2_workspace/install/serial/share/serial/package.xml
[3.485s] Invoked command in '/home/ziczac/dev/skripsi_code/ros2_workspace/build/serial' returned '0': CMAKE_PREFIX_PATH=/opt/ros/humble /usr/bin/cmake --install /home/ziczac/dev/skripsi_code/ros2_workspace/build/serial
