[0.148s] DEBUG:colcon:Command line arguments: ['/usr/bin/colcon', 'build', '--symlink-install']
[0.148s] DEBUG:colcon:Parsed command line arguments: Namespace(log_base=None, log_level=None, verb_name='build', build_base='build', install_base='install', merge_install=False, symlink_install=True, test_result_base=None, continue_on_error=False, executor='parallel', parallel_workers=8, event_handlers=None, ignore_user_meta=False, metas=['./colcon.meta'], base_paths=['.'], packages_ignore=None, packages_ignore_regex=None, paths=None, packages_up_to=None, packages_up_to_regex=None, packages_above=None, packages_above_and_dependencies=None, packages_above_depth=None, packages_select_by_dep=None, packages_skip_by_dep=None, packages_skip_up_to=None, packages_select_build_failed=False, packages_skip_build_finished=False, packages_select_test_failures=False, packages_skip_test_passed=False, packages_select=None, packages_skip=None, packages_select_regex=None, packages_skip_regex=None, packages_start=None, packages_end=None, allow_overriding=[], cmake_args=None, cmake_target=None, cmake_target_skip_unavailable=False, cmake_clean_cache=False, cmake_clean_first=False, cmake_force_configure=False, ament_cmake_args=None, catkin_cmake_args=None, catkin_skip_building_tests=False, verb_parser=<colcon_defaults.argument_parser.defaults.DefaultArgumentsDecorator object at 0x7267ac7acd00>, verb_extension=<colcon_core.verb.build.BuildVerb object at 0x7267ac7ac7c0>, main=<bound method BuildVerb.main of <colcon_core.verb.build.BuildVerb object at 0x7267ac7ac7c0>>)
[0.193s] Level 1:colcon.colcon_core.package_discovery:discover_packages(colcon_meta) check parameters
[0.193s] Level 1:colcon.colcon_core.package_discovery:discover_packages(recursive) check parameters
[0.193s] Level 1:colcon.colcon_core.package_discovery:discover_packages(ignore) check parameters
[0.193s] Level 1:colcon.colcon_core.package_discovery:discover_packages(path) check parameters
[0.193s] Level 1:colcon.colcon_core.package_discovery:discover_packages(colcon_meta) discover
[0.193s] Level 1:colcon.colcon_core.package_discovery:discover_packages(recursive) discover
[0.193s] INFO:colcon.colcon_core.package_discovery:Crawling recursively for packages in '/home/ziczac/dev/skripsi_code/ros2_workspace'
[0.193s] Level 1:colcon.colcon_core.package_identification:_identify(.) by extensions ['ignore', 'ignore_ament_install']
[0.193s] Level 1:colcon.colcon_core.package_identification:_identify(.) by extension 'ignore'
[0.193s] Level 1:colcon.colcon_core.package_identification:_identify(.) by extension 'ignore_ament_install'
[0.194s] Level 1:colcon.colcon_core.package_identification:_identify(.) by extensions ['colcon_pkg']
[0.194s] Level 1:colcon.colcon_core.package_identification:_identify(.) by extension 'colcon_pkg'
[0.194s] Level 1:colcon.colcon_core.package_identification:_identify(.) by extensions ['colcon_meta']
[0.194s] Level 1:colcon.colcon_core.package_identification:_identify(.) by extension 'colcon_meta'
[0.194s] Level 1:colcon.colcon_core.package_identification:_identify(.) by extensions ['ros']
[0.194s] Level 1:colcon.colcon_core.package_identification:_identify(.) by extension 'ros'
[0.211s] Level 1:colcon.colcon_core.package_identification:_identify(.) by extensions ['cmake', 'python']
[0.211s] Level 1:colcon.colcon_core.package_identification:_identify(.) by extension 'cmake'
[0.211s] Level 1:colcon.colcon_core.package_identification:_identify(.) by extension 'python'
[0.211s] Level 1:colcon.colcon_core.package_identification:_identify(.) by extensions ['python_setup_py']
[0.211s] Level 1:colcon.colcon_core.package_identification:_identify(.) by extension 'python_setup_py'
[0.211s] Level 1:colcon.colcon_core.package_identification:_identify(bag_files) by extensions ['ignore', 'ignore_ament_install']
[0.211s] Level 1:colcon.colcon_core.package_identification:_identify(bag_files) by extension 'ignore'
[0.211s] Level 1:colcon.colcon_core.package_identification:_identify(bag_files) by extension 'ignore_ament_install'
[0.212s] Level 1:colcon.colcon_core.package_identification:_identify(bag_files) by extensions ['colcon_pkg']
[0.212s] Level 1:colcon.colcon_core.package_identification:_identify(bag_files) by extension 'colcon_pkg'
[0.212s] Level 1:colcon.colcon_core.package_identification:_identify(bag_files) by extensions ['colcon_meta']
[0.212s] Level 1:colcon.colcon_core.package_identification:_identify(bag_files) by extension 'colcon_meta'
[0.212s] Level 1:colcon.colcon_core.package_identification:_identify(bag_files) by extensions ['ros']
[0.212s] Level 1:colcon.colcon_core.package_identification:_identify(bag_files) by extension 'ros'
[0.212s] Level 1:colcon.colcon_core.package_identification:_identify(bag_files) by extensions ['cmake', 'python']
[0.212s] Level 1:colcon.colcon_core.package_identification:_identify(bag_files) by extension 'cmake'
[0.212s] Level 1:colcon.colcon_core.package_identification:_identify(bag_files) by extension 'python'
[0.212s] Level 1:colcon.colcon_core.package_identification:_identify(bag_files) by extensions ['python_setup_py']
[0.212s] Level 1:colcon.colcon_core.package_identification:_identify(bag_files) by extension 'python_setup_py'
[0.212s] Level 1:colcon.colcon_core.package_identification:_identify(build) by extensions ['ignore', 'ignore_ament_install']
[0.212s] Level 1:colcon.colcon_core.package_identification:_identify(build) by extension 'ignore'
[0.212s] Level 1:colcon.colcon_core.package_identification:_identify(build) ignored
[0.212s] Level 1:colcon.colcon_core.package_identification:_identify(data_store) by extensions ['ignore', 'ignore_ament_install']
[0.213s] Level 1:colcon.colcon_core.package_identification:_identify(data_store) by extension 'ignore'
[0.213s] Level 1:colcon.colcon_core.package_identification:_identify(data_store) by extension 'ignore_ament_install'
[0.213s] Level 1:colcon.colcon_core.package_identification:_identify(data_store) by extensions ['colcon_pkg']
[0.213s] Level 1:colcon.colcon_core.package_identification:_identify(data_store) by extension 'colcon_pkg'
[0.213s] Level 1:colcon.colcon_core.package_identification:_identify(data_store) by extensions ['colcon_meta']
[0.213s] Level 1:colcon.colcon_core.package_identification:_identify(data_store) by extension 'colcon_meta'
[0.213s] Level 1:colcon.colcon_core.package_identification:_identify(data_store) by extensions ['ros']
[0.213s] Level 1:colcon.colcon_core.package_identification:_identify(data_store) by extension 'ros'
[0.213s] Level 1:colcon.colcon_core.package_identification:_identify(data_store) by extensions ['cmake', 'python']
[0.213s] Level 1:colcon.colcon_core.package_identification:_identify(data_store) by extension 'cmake'
[0.213s] Level 1:colcon.colcon_core.package_identification:_identify(data_store) by extension 'python'
[0.213s] Level 1:colcon.colcon_core.package_identification:_identify(data_store) by extensions ['python_setup_py']
[0.213s] Level 1:colcon.colcon_core.package_identification:_identify(data_store) by extension 'python_setup_py'
[0.213s] Level 1:colcon.colcon_core.package_identification:_identify(install) by extensions ['ignore', 'ignore_ament_install']
[0.213s] Level 1:colcon.colcon_core.package_identification:_identify(install) by extension 'ignore'
[0.213s] Level 1:colcon.colcon_core.package_identification:_identify(install) ignored
[0.214s] Level 1:colcon.colcon_core.package_identification:_identify(log) by extensions ['ignore', 'ignore_ament_install']
[0.214s] Level 1:colcon.colcon_core.package_identification:_identify(log) by extension 'ignore'
[0.214s] Level 1:colcon.colcon_core.package_identification:_identify(log) ignored
[0.214s] Level 1:colcon.colcon_core.package_identification:_identify(src) by extensions ['ignore', 'ignore_ament_install']
[0.214s] Level 1:colcon.colcon_core.package_identification:_identify(src) by extension 'ignore'
[0.214s] Level 1:colcon.colcon_core.package_identification:_identify(src) by extension 'ignore_ament_install'
[0.214s] Level 1:colcon.colcon_core.package_identification:_identify(src) by extensions ['colcon_pkg']
[0.214s] Level 1:colcon.colcon_core.package_identification:_identify(src) by extension 'colcon_pkg'
[0.214s] Level 1:colcon.colcon_core.package_identification:_identify(src) by extensions ['colcon_meta']
[0.214s] Level 1:colcon.colcon_core.package_identification:_identify(src) by extension 'colcon_meta'
[0.214s] Level 1:colcon.colcon_core.package_identification:_identify(src) by extensions ['ros']
[0.214s] Level 1:colcon.colcon_core.package_identification:_identify(src) by extension 'ros'
[0.214s] Level 1:colcon.colcon_core.package_identification:_identify(src) by extensions ['cmake', 'python']
[0.214s] Level 1:colcon.colcon_core.package_identification:_identify(src) by extension 'cmake'
[0.214s] Level 1:colcon.colcon_core.package_identification:_identify(src) by extension 'python'
[0.214s] Level 1:colcon.colcon_core.package_identification:_identify(src) by extensions ['python_setup_py']
[0.214s] Level 1:colcon.colcon_core.package_identification:_identify(src) by extension 'python_setup_py'
[0.215s] Level 1:colcon.colcon_core.package_identification:_identify(src/Lslidar_ROS2_driver) by extensions ['ignore', 'ignore_ament_install']
[0.215s] Level 1:colcon.colcon_core.package_identification:_identify(src/Lslidar_ROS2_driver) by extension 'ignore'
[0.215s] Level 1:colcon.colcon_core.package_identification:_identify(src/Lslidar_ROS2_driver) by extension 'ignore_ament_install'
[0.215s] Level 1:colcon.colcon_core.package_identification:_identify(src/Lslidar_ROS2_driver) by extensions ['colcon_pkg']
[0.215s] Level 1:colcon.colcon_core.package_identification:_identify(src/Lslidar_ROS2_driver) by extension 'colcon_pkg'
[0.215s] Level 1:colcon.colcon_core.package_identification:_identify(src/Lslidar_ROS2_driver) by extensions ['colcon_meta']
[0.215s] Level 1:colcon.colcon_core.package_identification:_identify(src/Lslidar_ROS2_driver) by extension 'colcon_meta'
[0.215s] Level 1:colcon.colcon_core.package_identification:_identify(src/Lslidar_ROS2_driver) by extensions ['ros']
[0.215s] Level 1:colcon.colcon_core.package_identification:_identify(src/Lslidar_ROS2_driver) by extension 'ros'
[0.215s] Level 1:colcon.colcon_core.package_identification:_identify(src/Lslidar_ROS2_driver) by extensions ['cmake', 'python']
[0.215s] Level 1:colcon.colcon_core.package_identification:_identify(src/Lslidar_ROS2_driver) by extension 'cmake'
[0.215s] Level 1:colcon.colcon_core.package_identification:_identify(src/Lslidar_ROS2_driver) by extension 'python'
[0.215s] Level 1:colcon.colcon_core.package_identification:_identify(src/Lslidar_ROS2_driver) by extensions ['python_setup_py']
[0.215s] Level 1:colcon.colcon_core.package_identification:_identify(src/Lslidar_ROS2_driver) by extension 'python_setup_py'
[0.215s] Level 1:colcon.colcon_core.package_identification:_identify(src/Lslidar_ROS2_driver/lslidar_driver) by extensions ['ignore', 'ignore_ament_install']
[0.216s] Level 1:colcon.colcon_core.package_identification:_identify(src/Lslidar_ROS2_driver/lslidar_driver) by extension 'ignore'
[0.216s] Level 1:colcon.colcon_core.package_identification:_identify(src/Lslidar_ROS2_driver/lslidar_driver) by extension 'ignore_ament_install'
[0.216s] Level 1:colcon.colcon_core.package_identification:_identify(src/Lslidar_ROS2_driver/lslidar_driver) by extensions ['colcon_pkg']
[0.216s] Level 1:colcon.colcon_core.package_identification:_identify(src/Lslidar_ROS2_driver/lslidar_driver) by extension 'colcon_pkg'
[0.216s] Level 1:colcon.colcon_core.package_identification:_identify(src/Lslidar_ROS2_driver/lslidar_driver) by extensions ['colcon_meta']
[0.216s] Level 1:colcon.colcon_core.package_identification:_identify(src/Lslidar_ROS2_driver/lslidar_driver) by extension 'colcon_meta'
[0.216s] Level 1:colcon.colcon_core.package_identification:_identify(src/Lslidar_ROS2_driver/lslidar_driver) by extensions ['ros']
[0.216s] Level 1:colcon.colcon_core.package_identification:_identify(src/Lslidar_ROS2_driver/lslidar_driver) by extension 'ros'
[0.220s] DEBUG:colcon.colcon_core.package_identification:Package 'src/Lslidar_ROS2_driver/lslidar_driver' with type 'ros.ament_cmake' and name 'lslidar_driver'
[0.220s] Level 1:colcon.colcon_core.package_identification:_identify(src/Lslidar_ROS2_driver/lslidar_msgs) by extensions ['ignore', 'ignore_ament_install']
[0.220s] Level 1:colcon.colcon_core.package_identification:_identify(src/Lslidar_ROS2_driver/lslidar_msgs) by extension 'ignore'
[0.220s] Level 1:colcon.colcon_core.package_identification:_identify(src/Lslidar_ROS2_driver/lslidar_msgs) by extension 'ignore_ament_install'
[0.220s] Level 1:colcon.colcon_core.package_identification:_identify(src/Lslidar_ROS2_driver/lslidar_msgs) by extensions ['colcon_pkg']
[0.220s] Level 1:colcon.colcon_core.package_identification:_identify(src/Lslidar_ROS2_driver/lslidar_msgs) by extension 'colcon_pkg'
[0.220s] Level 1:colcon.colcon_core.package_identification:_identify(src/Lslidar_ROS2_driver/lslidar_msgs) by extensions ['colcon_meta']
[0.220s] Level 1:colcon.colcon_core.package_identification:_identify(src/Lslidar_ROS2_driver/lslidar_msgs) by extension 'colcon_meta'
[0.220s] Level 1:colcon.colcon_core.package_identification:_identify(src/Lslidar_ROS2_driver/lslidar_msgs) by extensions ['ros']
[0.220s] Level 1:colcon.colcon_core.package_identification:_identify(src/Lslidar_ROS2_driver/lslidar_msgs) by extension 'ros'
[0.221s] DEBUG:colcon.colcon_core.package_identification:Package 'src/Lslidar_ROS2_driver/lslidar_msgs' with type 'ros.ament_cmake' and name 'lslidar_msgs'
[0.221s] Level 1:colcon.colcon_core.package_identification:_identify(src/diff_drive) by extensions ['ignore', 'ignore_ament_install']
[0.221s] Level 1:colcon.colcon_core.package_identification:_identify(src/diff_drive) by extension 'ignore'
[0.221s] Level 1:colcon.colcon_core.package_identification:_identify(src/diff_drive) by extension 'ignore_ament_install'
[0.222s] Level 1:colcon.colcon_core.package_identification:_identify(src/diff_drive) by extensions ['colcon_pkg']
[0.222s] Level 1:colcon.colcon_core.package_identification:_identify(src/diff_drive) by extension 'colcon_pkg'
[0.222s] Level 1:colcon.colcon_core.package_identification:_identify(src/diff_drive) by extensions ['colcon_meta']
[0.222s] Level 1:colcon.colcon_core.package_identification:_identify(src/diff_drive) by extension 'colcon_meta'
[0.222s] Level 1:colcon.colcon_core.package_identification:_identify(src/diff_drive) by extensions ['ros']
[0.222s] Level 1:colcon.colcon_core.package_identification:_identify(src/diff_drive) by extension 'ros'
[0.222s] DEBUG:colcon.colcon_core.package_identification:Package 'src/diff_drive' with type 'ros.ament_python' and name 'diff_drive'
[0.222s] Level 1:colcon.colcon_core.package_identification:_identify(src/gui) by extensions ['ignore', 'ignore_ament_install']
[0.223s] Level 1:colcon.colcon_core.package_identification:_identify(src/gui) by extension 'ignore'
[0.223s] Level 1:colcon.colcon_core.package_identification:_identify(src/gui) by extension 'ignore_ament_install'
[0.223s] Level 1:colcon.colcon_core.package_identification:_identify(src/gui) by extensions ['colcon_pkg']
[0.223s] Level 1:colcon.colcon_core.package_identification:_identify(src/gui) by extension 'colcon_pkg'
[0.223s] Level 1:colcon.colcon_core.package_identification:_identify(src/gui) by extensions ['colcon_meta']
[0.223s] Level 1:colcon.colcon_core.package_identification:_identify(src/gui) by extension 'colcon_meta'
[0.223s] Level 1:colcon.colcon_core.package_identification:_identify(src/gui) by extensions ['ros']
[0.223s] Level 1:colcon.colcon_core.package_identification:_identify(src/gui) by extension 'ros'
[0.224s] DEBUG:colcon.colcon_core.package_identification:Package 'src/gui' with type 'ros.ament_python' and name 'gui'
[0.224s] Level 1:colcon.colcon_core.package_identification:_identify(src/log_odds_map) by extensions ['ignore', 'ignore_ament_install']
[0.224s] Level 1:colcon.colcon_core.package_identification:_identify(src/log_odds_map) by extension 'ignore'
[0.224s] Level 1:colcon.colcon_core.package_identification:_identify(src/log_odds_map) by extension 'ignore_ament_install'
[0.224s] Level 1:colcon.colcon_core.package_identification:_identify(src/log_odds_map) by extensions ['colcon_pkg']
[0.224s] Level 1:colcon.colcon_core.package_identification:_identify(src/log_odds_map) by extension 'colcon_pkg'
[0.225s] Level 1:colcon.colcon_core.package_identification:_identify(src/log_odds_map) by extensions ['colcon_meta']
[0.225s] Level 1:colcon.colcon_core.package_identification:_identify(src/log_odds_map) by extension 'colcon_meta'
[0.225s] Level 1:colcon.colcon_core.package_identification:_identify(src/log_odds_map) by extensions ['ros']
[0.225s] Level 1:colcon.colcon_core.package_identification:_identify(src/log_odds_map) by extension 'ros'
[0.226s] DEBUG:colcon.colcon_core.package_identification:Package 'src/log_odds_map' with type 'ros.ament_python' and name 'log_odds_map'
[0.226s] Level 1:colcon.colcon_core.package_identification:_identify(src/motor) by extensions ['ignore', 'ignore_ament_install']
[0.226s] Level 1:colcon.colcon_core.package_identification:_identify(src/motor) by extension 'ignore'
[0.226s] Level 1:colcon.colcon_core.package_identification:_identify(src/motor) by extension 'ignore_ament_install'
[0.226s] Level 1:colcon.colcon_core.package_identification:_identify(src/motor) by extensions ['colcon_pkg']
[0.226s] Level 1:colcon.colcon_core.package_identification:_identify(src/motor) by extension 'colcon_pkg'
[0.226s] Level 1:colcon.colcon_core.package_identification:_identify(src/motor) by extensions ['colcon_meta']
[0.226s] Level 1:colcon.colcon_core.package_identification:_identify(src/motor) by extension 'colcon_meta'
[0.226s] Level 1:colcon.colcon_core.package_identification:_identify(src/motor) by extensions ['ros']
[0.226s] Level 1:colcon.colcon_core.package_identification:_identify(src/motor) by extension 'ros'
[0.227s] DEBUG:colcon.colcon_core.package_identification:Package 'src/motor' with type 'ros.ament_python' and name 'motor'
[0.227s] Level 1:colcon.colcon_core.package_identification:_identify(src/my_bot) by extensions ['ignore', 'ignore_ament_install']
[0.227s] Level 1:colcon.colcon_core.package_identification:_identify(src/my_bot) by extension 'ignore'
[0.227s] Level 1:colcon.colcon_core.package_identification:_identify(src/my_bot) by extension 'ignore_ament_install'
[0.228s] Level 1:colcon.colcon_core.package_identification:_identify(src/my_bot) by extensions ['colcon_pkg']
[0.228s] Level 1:colcon.colcon_core.package_identification:_identify(src/my_bot) by extension 'colcon_pkg'
[0.228s] Level 1:colcon.colcon_core.package_identification:_identify(src/my_bot) by extensions ['colcon_meta']
[0.228s] Level 1:colcon.colcon_core.package_identification:_identify(src/my_bot) by extension 'colcon_meta'
[0.228s] Level 1:colcon.colcon_core.package_identification:_identify(src/my_bot) by extensions ['ros']
[0.228s] Level 1:colcon.colcon_core.package_identification:_identify(src/my_bot) by extension 'ros'
[0.228s] DEBUG:colcon.colcon_core.package_identification:Package 'src/my_bot' with type 'ros.ament_cmake' and name 'my_bot'
[0.229s] Level 1:colcon.colcon_core.package_identification:_identify(src/ros2_occupancy_grid) by extensions ['ignore', 'ignore_ament_install']
[0.229s] Level 1:colcon.colcon_core.package_identification:_identify(src/ros2_occupancy_grid) by extension 'ignore'
[0.229s] Level 1:colcon.colcon_core.package_identification:_identify(src/ros2_occupancy_grid) by extension 'ignore_ament_install'
[0.229s] Level 1:colcon.colcon_core.package_identification:_identify(src/ros2_occupancy_grid) by extensions ['colcon_pkg']
[0.229s] Level 1:colcon.colcon_core.package_identification:_identify(src/ros2_occupancy_grid) by extension 'colcon_pkg'
[0.229s] Level 1:colcon.colcon_core.package_identification:_identify(src/ros2_occupancy_grid) by extensions ['colcon_meta']
[0.229s] Level 1:colcon.colcon_core.package_identification:_identify(src/ros2_occupancy_grid) by extension 'colcon_meta'
[0.229s] Level 1:colcon.colcon_core.package_identification:_identify(src/ros2_occupancy_grid) by extensions ['ros']
[0.229s] Level 1:colcon.colcon_core.package_identification:_identify(src/ros2_occupancy_grid) by extension 'ros'
[0.230s] DEBUG:colcon.colcon_core.package_identification:Package 'src/ros2_occupancy_grid' with type 'ros.ament_cmake' and name 'occupancy_grid'
[0.231s] Level 1:colcon.colcon_core.package_identification:_identify(src/rosboard) by extensions ['ignore', 'ignore_ament_install']
[0.231s] Level 1:colcon.colcon_core.package_identification:_identify(src/rosboard) by extension 'ignore'
[0.231s] Level 1:colcon.colcon_core.package_identification:_identify(src/rosboard) by extension 'ignore_ament_install'
[0.231s] Level 1:colcon.colcon_core.package_identification:_identify(src/rosboard) by extensions ['colcon_pkg']
[0.231s] Level 1:colcon.colcon_core.package_identification:_identify(src/rosboard) by extension 'colcon_pkg'
[0.231s] Level 1:colcon.colcon_core.package_identification:_identify(src/rosboard) by extensions ['colcon_meta']
[0.231s] Level 1:colcon.colcon_core.package_identification:_identify(src/rosboard) by extension 'colcon_meta'
[0.231s] Level 1:colcon.colcon_core.package_identification:_identify(src/rosboard) by extensions ['ros']
[0.231s] Level 1:colcon.colcon_core.package_identification:_identify(src/rosboard) by extension 'ros'
[0.235s] DEBUG:colcon.colcon_core.package_identification:Package 'src/rosboard' with type 'ros.ament_python' and name 'rosboard'
[0.235s] Level 1:colcon.colcon_core.package_identification:_identify(src/wheel_interfaces) by extensions ['ignore', 'ignore_ament_install']
[0.235s] Level 1:colcon.colcon_core.package_identification:_identify(src/wheel_interfaces) by extension 'ignore'
[0.235s] Level 1:colcon.colcon_core.package_identification:_identify(src/wheel_interfaces) by extension 'ignore_ament_install'
[0.236s] Level 1:colcon.colcon_core.package_identification:_identify(src/wheel_interfaces) by extensions ['colcon_pkg']
[0.236s] Level 1:colcon.colcon_core.package_identification:_identify(src/wheel_interfaces) by extension 'colcon_pkg'
[0.236s] Level 1:colcon.colcon_core.package_identification:_identify(src/wheel_interfaces) by extensions ['colcon_meta']
[0.236s] Level 1:colcon.colcon_core.package_identification:_identify(src/wheel_interfaces) by extension 'colcon_meta'
[0.236s] Level 1:colcon.colcon_core.package_identification:_identify(src/wheel_interfaces) by extensions ['ros']
[0.236s] Level 1:colcon.colcon_core.package_identification:_identify(src/wheel_interfaces) by extension 'ros'
[0.237s] DEBUG:colcon.colcon_core.package_identification:Package 'src/wheel_interfaces' with type 'ros.ament_cmake' and name 'wheel_interfaces'
[0.237s] Level 1:colcon.colcon_core.package_discovery:discover_packages(recursive) using defaults
[0.237s] Level 1:colcon.colcon_core.package_discovery:discover_packages(ignore) discover
[0.237s] Level 1:colcon.colcon_core.package_discovery:discover_packages(ignore) using defaults
[0.237s] Level 1:colcon.colcon_core.package_discovery:discover_packages(path) discover
[0.237s] Level 1:colcon.colcon_core.package_discovery:discover_packages(path) using defaults
[0.264s] Level 1:colcon.colcon_core.package_discovery:discover_packages(prefix_path) check parameters
[0.264s] Level 1:colcon.colcon_core.package_discovery:discover_packages(prefix_path) discover
[0.268s] DEBUG:colcon.colcon_installed_package_information.package_discovery:Found 314 installed packages in /opt/ros/humble
[0.270s] Level 1:colcon.colcon_core.package_discovery:discover_packages(prefix_path) using defaults
[0.322s] Level 5:colcon.colcon_core.verb:set package 'diff_drive' build argument 'cmake_args' from command line to 'None'
[0.322s] Level 5:colcon.colcon_core.verb:set package 'diff_drive' build argument 'cmake_target' from command line to 'None'
[0.322s] Level 5:colcon.colcon_core.verb:set package 'diff_drive' build argument 'cmake_target_skip_unavailable' from command line to 'False'
[0.322s] Level 5:colcon.colcon_core.verb:set package 'diff_drive' build argument 'cmake_clean_cache' from command line to 'False'
[0.323s] Level 5:colcon.colcon_core.verb:set package 'diff_drive' build argument 'cmake_clean_first' from command line to 'False'
[0.323s] Level 5:colcon.colcon_core.verb:set package 'diff_drive' build argument 'cmake_force_configure' from command line to 'False'
[0.323s] Level 5:colcon.colcon_core.verb:set package 'diff_drive' build argument 'ament_cmake_args' from command line to 'None'
[0.323s] Level 5:colcon.colcon_core.verb:set package 'diff_drive' build argument 'catkin_cmake_args' from command line to 'None'
[0.323s] Level 5:colcon.colcon_core.verb:set package 'diff_drive' build argument 'catkin_skip_building_tests' from command line to 'False'
[0.323s] DEBUG:colcon.colcon_core.verb:Building package 'diff_drive' with the following arguments: {'ament_cmake_args': None, 'build_base': '/home/ziczac/dev/skripsi_code/ros2_workspace/build/diff_drive', 'catkin_cmake_args': None, 'catkin_skip_building_tests': False, 'cmake_args': None, 'cmake_clean_cache': False, 'cmake_clean_first': False, 'cmake_force_configure': False, 'cmake_target': None, 'cmake_target_skip_unavailable': False, 'install_base': '/home/ziczac/dev/skripsi_code/ros2_workspace/install/diff_drive', 'merge_install': False, 'path': '/home/ziczac/dev/skripsi_code/ros2_workspace/src/diff_drive', 'symlink_install': True, 'test_result_base': None}
[0.323s] Level 5:colcon.colcon_core.verb:set package 'log_odds_map' build argument 'cmake_args' from command line to 'None'
[0.323s] Level 5:colcon.colcon_core.verb:set package 'log_odds_map' build argument 'cmake_target' from command line to 'None'
[0.323s] Level 5:colcon.colcon_core.verb:set package 'log_odds_map' build argument 'cmake_target_skip_unavailable' from command line to 'False'
[0.323s] Level 5:colcon.colcon_core.verb:set package 'log_odds_map' build argument 'cmake_clean_cache' from command line to 'False'
[0.324s] Level 5:colcon.colcon_core.verb:set package 'log_odds_map' build argument 'cmake_clean_first' from command line to 'False'
[0.324s] Level 5:colcon.colcon_core.verb:set package 'log_odds_map' build argument 'cmake_force_configure' from command line to 'False'
[0.324s] Level 5:colcon.colcon_core.verb:set package 'log_odds_map' build argument 'ament_cmake_args' from command line to 'None'
[0.324s] Level 5:colcon.colcon_core.verb:set package 'log_odds_map' build argument 'catkin_cmake_args' from command line to 'None'
[0.324s] Level 5:colcon.colcon_core.verb:set package 'log_odds_map' build argument 'catkin_skip_building_tests' from command line to 'False'
[0.324s] DEBUG:colcon.colcon_core.verb:Building package 'log_odds_map' with the following arguments: {'ament_cmake_args': None, 'build_base': '/home/ziczac/dev/skripsi_code/ros2_workspace/build/log_odds_map', 'catkin_cmake_args': None, 'catkin_skip_building_tests': False, 'cmake_args': None, 'cmake_clean_cache': False, 'cmake_clean_first': False, 'cmake_force_configure': False, 'cmake_target': None, 'cmake_target_skip_unavailable': False, 'install_base': '/home/ziczac/dev/skripsi_code/ros2_workspace/install/log_odds_map', 'merge_install': False, 'path': '/home/ziczac/dev/skripsi_code/ros2_workspace/src/log_odds_map', 'symlink_install': True, 'test_result_base': None}
[0.324s] Level 5:colcon.colcon_core.verb:set package 'lslidar_msgs' build argument 'cmake_args' from command line to 'None'
[0.324s] Level 5:colcon.colcon_core.verb:set package 'lslidar_msgs' build argument 'cmake_target' from command line to 'None'
[0.324s] Level 5:colcon.colcon_core.verb:set package 'lslidar_msgs' build argument 'cmake_target_skip_unavailable' from command line to 'False'
[0.324s] Level 5:colcon.colcon_core.verb:set package 'lslidar_msgs' build argument 'cmake_clean_cache' from command line to 'False'
[0.324s] Level 5:colcon.colcon_core.verb:set package 'lslidar_msgs' build argument 'cmake_clean_first' from command line to 'False'
[0.324s] Level 5:colcon.colcon_core.verb:set package 'lslidar_msgs' build argument 'cmake_force_configure' from command line to 'False'
[0.324s] Level 5:colcon.colcon_core.verb:set package 'lslidar_msgs' build argument 'ament_cmake_args' from command line to 'None'
[0.325s] Level 5:colcon.colcon_core.verb:set package 'lslidar_msgs' build argument 'catkin_cmake_args' from command line to 'None'
[0.325s] Level 5:colcon.colcon_core.verb:set package 'lslidar_msgs' build argument 'catkin_skip_building_tests' from command line to 'False'
[0.325s] DEBUG:colcon.colcon_core.verb:Building package 'lslidar_msgs' with the following arguments: {'ament_cmake_args': None, 'build_base': '/home/ziczac/dev/skripsi_code/ros2_workspace/build/lslidar_msgs', 'catkin_cmake_args': None, 'catkin_skip_building_tests': False, 'cmake_args': None, 'cmake_clean_cache': False, 'cmake_clean_first': False, 'cmake_force_configure': False, 'cmake_target': None, 'cmake_target_skip_unavailable': False, 'install_base': '/home/ziczac/dev/skripsi_code/ros2_workspace/install/lslidar_msgs', 'merge_install': False, 'path': '/home/ziczac/dev/skripsi_code/ros2_workspace/src/Lslidar_ROS2_driver/lslidar_msgs', 'symlink_install': True, 'test_result_base': None}
[0.325s] Level 5:colcon.colcon_core.verb:set package 'my_bot' build argument 'cmake_args' from command line to 'None'
[0.325s] Level 5:colcon.colcon_core.verb:set package 'my_bot' build argument 'cmake_target' from command line to 'None'
[0.325s] Level 5:colcon.colcon_core.verb:set package 'my_bot' build argument 'cmake_target_skip_unavailable' from command line to 'False'
[0.325s] Level 5:colcon.colcon_core.verb:set package 'my_bot' build argument 'cmake_clean_cache' from command line to 'False'
[0.325s] Level 5:colcon.colcon_core.verb:set package 'my_bot' build argument 'cmake_clean_first' from command line to 'False'
[0.325s] Level 5:colcon.colcon_core.verb:set package 'my_bot' build argument 'cmake_force_configure' from command line to 'False'
[0.325s] Level 5:colcon.colcon_core.verb:set package 'my_bot' build argument 'ament_cmake_args' from command line to 'None'
[0.325s] Level 5:colcon.colcon_core.verb:set package 'my_bot' build argument 'catkin_cmake_args' from command line to 'None'
[0.325s] Level 5:colcon.colcon_core.verb:set package 'my_bot' build argument 'catkin_skip_building_tests' from command line to 'False'
[0.326s] DEBUG:colcon.colcon_core.verb:Building package 'my_bot' with the following arguments: {'ament_cmake_args': None, 'build_base': '/home/ziczac/dev/skripsi_code/ros2_workspace/build/my_bot', 'catkin_cmake_args': None, 'catkin_skip_building_tests': False, 'cmake_args': None, 'cmake_clean_cache': False, 'cmake_clean_first': False, 'cmake_force_configure': False, 'cmake_target': None, 'cmake_target_skip_unavailable': False, 'install_base': '/home/ziczac/dev/skripsi_code/ros2_workspace/install/my_bot', 'merge_install': False, 'path': '/home/ziczac/dev/skripsi_code/ros2_workspace/src/my_bot', 'symlink_install': True, 'test_result_base': None}
[0.326s] Level 5:colcon.colcon_core.verb:set package 'occupancy_grid' build argument 'cmake_args' from command line to 'None'
[0.326s] Level 5:colcon.colcon_core.verb:set package 'occupancy_grid' build argument 'cmake_target' from command line to 'None'
[0.326s] Level 5:colcon.colcon_core.verb:set package 'occupancy_grid' build argument 'cmake_target_skip_unavailable' from command line to 'False'
[0.326s] Level 5:colcon.colcon_core.verb:set package 'occupancy_grid' build argument 'cmake_clean_cache' from command line to 'False'
[0.326s] Level 5:colcon.colcon_core.verb:set package 'occupancy_grid' build argument 'cmake_clean_first' from command line to 'False'
[0.326s] Level 5:colcon.colcon_core.verb:set package 'occupancy_grid' build argument 'cmake_force_configure' from command line to 'False'
[0.326s] Level 5:colcon.colcon_core.verb:set package 'occupancy_grid' build argument 'ament_cmake_args' from command line to 'None'
[0.326s] Level 5:colcon.colcon_core.verb:set package 'occupancy_grid' build argument 'catkin_cmake_args' from command line to 'None'
[0.326s] Level 5:colcon.colcon_core.verb:set package 'occupancy_grid' build argument 'catkin_skip_building_tests' from command line to 'False'
[0.326s] DEBUG:colcon.colcon_core.verb:Building package 'occupancy_grid' with the following arguments: {'ament_cmake_args': None, 'build_base': '/home/ziczac/dev/skripsi_code/ros2_workspace/build/occupancy_grid', 'catkin_cmake_args': None, 'catkin_skip_building_tests': False, 'cmake_args': None, 'cmake_clean_cache': False, 'cmake_clean_first': False, 'cmake_force_configure': False, 'cmake_target': None, 'cmake_target_skip_unavailable': False, 'install_base': '/home/ziczac/dev/skripsi_code/ros2_workspace/install/occupancy_grid', 'merge_install': False, 'path': '/home/ziczac/dev/skripsi_code/ros2_workspace/src/ros2_occupancy_grid', 'symlink_install': True, 'test_result_base': None}
[0.327s] Level 5:colcon.colcon_core.verb:set package 'rosboard' build argument 'cmake_args' from command line to 'None'
[0.327s] Level 5:colcon.colcon_core.verb:set package 'rosboard' build argument 'cmake_target' from command line to 'None'
[0.327s] Level 5:colcon.colcon_core.verb:set package 'rosboard' build argument 'cmake_target_skip_unavailable' from command line to 'False'
[0.327s] Level 5:colcon.colcon_core.verb:set package 'rosboard' build argument 'cmake_clean_cache' from command line to 'False'
[0.327s] Level 5:colcon.colcon_core.verb:set package 'rosboard' build argument 'cmake_clean_first' from command line to 'False'
[0.327s] Level 5:colcon.colcon_core.verb:set package 'rosboard' build argument 'cmake_force_configure' from command line to 'False'
[0.327s] Level 5:colcon.colcon_core.verb:set package 'rosboard' build argument 'ament_cmake_args' from command line to 'None'
[0.327s] Level 5:colcon.colcon_core.verb:set package 'rosboard' build argument 'catkin_cmake_args' from command line to 'None'
[0.327s] Level 5:colcon.colcon_core.verb:set package 'rosboard' build argument 'catkin_skip_building_tests' from command line to 'False'
[0.327s] DEBUG:colcon.colcon_core.verb:Building package 'rosboard' with the following arguments: {'ament_cmake_args': None, 'build_base': '/home/ziczac/dev/skripsi_code/ros2_workspace/build/rosboard', 'catkin_cmake_args': None, 'catkin_skip_building_tests': False, 'cmake_args': None, 'cmake_clean_cache': False, 'cmake_clean_first': False, 'cmake_force_configure': False, 'cmake_target': None, 'cmake_target_skip_unavailable': False, 'install_base': '/home/ziczac/dev/skripsi_code/ros2_workspace/install/rosboard', 'merge_install': False, 'path': '/home/ziczac/dev/skripsi_code/ros2_workspace/src/rosboard', 'symlink_install': True, 'test_result_base': None}
[0.328s] Level 5:colcon.colcon_core.verb:set package 'wheel_interfaces' build argument 'cmake_args' from command line to 'None'
[0.328s] Level 5:colcon.colcon_core.verb:set package 'wheel_interfaces' build argument 'cmake_target' from command line to 'None'
[0.328s] Level 5:colcon.colcon_core.verb:set package 'wheel_interfaces' build argument 'cmake_target_skip_unavailable' from command line to 'False'
[0.328s] Level 5:colcon.colcon_core.verb:set package 'wheel_interfaces' build argument 'cmake_clean_cache' from command line to 'False'
[0.328s] Level 5:colcon.colcon_core.verb:set package 'wheel_interfaces' build argument 'cmake_clean_first' from command line to 'False'
[0.328s] Level 5:colcon.colcon_core.verb:set package 'wheel_interfaces' build argument 'cmake_force_configure' from command line to 'False'
[0.328s] Level 5:colcon.colcon_core.verb:set package 'wheel_interfaces' build argument 'ament_cmake_args' from command line to 'None'
[0.328s] Level 5:colcon.colcon_core.verb:set package 'wheel_interfaces' build argument 'catkin_cmake_args' from command line to 'None'
[0.328s] Level 5:colcon.colcon_core.verb:set package 'wheel_interfaces' build argument 'catkin_skip_building_tests' from command line to 'False'
[0.328s] DEBUG:colcon.colcon_core.verb:Building package 'wheel_interfaces' with the following arguments: {'ament_cmake_args': None, 'build_base': '/home/ziczac/dev/skripsi_code/ros2_workspace/build/wheel_interfaces', 'catkin_cmake_args': None, 'catkin_skip_building_tests': False, 'cmake_args': None, 'cmake_clean_cache': False, 'cmake_clean_first': False, 'cmake_force_configure': False, 'cmake_target': None, 'cmake_target_skip_unavailable': False, 'install_base': '/home/ziczac/dev/skripsi_code/ros2_workspace/install/wheel_interfaces', 'merge_install': False, 'path': '/home/ziczac/dev/skripsi_code/ros2_workspace/src/wheel_interfaces', 'symlink_install': True, 'test_result_base': None}
[0.329s] Level 5:colcon.colcon_core.verb:set package 'gui' build argument 'cmake_args' from command line to 'None'
[0.329s] Level 5:colcon.colcon_core.verb:set package 'gui' build argument 'cmake_target' from command line to 'None'
[0.329s] Level 5:colcon.colcon_core.verb:set package 'gui' build argument 'cmake_target_skip_unavailable' from command line to 'False'
[0.329s] Level 5:colcon.colcon_core.verb:set package 'gui' build argument 'cmake_clean_cache' from command line to 'False'
[0.329s] Level 5:colcon.colcon_core.verb:set package 'gui' build argument 'cmake_clean_first' from command line to 'False'
[0.329s] Level 5:colcon.colcon_core.verb:set package 'gui' build argument 'cmake_force_configure' from command line to 'False'
[0.329s] Level 5:colcon.colcon_core.verb:set package 'gui' build argument 'ament_cmake_args' from command line to 'None'
[0.329s] Level 5:colcon.colcon_core.verb:set package 'gui' build argument 'catkin_cmake_args' from command line to 'None'
[0.329s] Level 5:colcon.colcon_core.verb:set package 'gui' build argument 'catkin_skip_building_tests' from command line to 'False'
[0.329s] DEBUG:colcon.colcon_core.verb:Building package 'gui' with the following arguments: {'ament_cmake_args': None, 'build_base': '/home/ziczac/dev/skripsi_code/ros2_workspace/build/gui', 'catkin_cmake_args': None, 'catkin_skip_building_tests': False, 'cmake_args': None, 'cmake_clean_cache': False, 'cmake_clean_first': False, 'cmake_force_configure': False, 'cmake_target': None, 'cmake_target_skip_unavailable': False, 'install_base': '/home/ziczac/dev/skripsi_code/ros2_workspace/install/gui', 'merge_install': False, 'path': '/home/ziczac/dev/skripsi_code/ros2_workspace/src/gui', 'symlink_install': True, 'test_result_base': None}
[0.330s] Level 5:colcon.colcon_core.verb:set package 'lslidar_driver' build argument 'cmake_args' from command line to 'None'
[0.330s] Level 5:colcon.colcon_core.verb:set package 'lslidar_driver' build argument 'cmake_target' from command line to 'None'
[0.330s] Level 5:colcon.colcon_core.verb:set package 'lslidar_driver' build argument 'cmake_target_skip_unavailable' from command line to 'False'
[0.330s] Level 5:colcon.colcon_core.verb:set package 'lslidar_driver' build argument 'cmake_clean_cache' from command line to 'False'
[0.330s] Level 5:colcon.colcon_core.verb:set package 'lslidar_driver' build argument 'cmake_clean_first' from command line to 'False'
[0.330s] Level 5:colcon.colcon_core.verb:set package 'lslidar_driver' build argument 'cmake_force_configure' from command line to 'False'
[0.330s] Level 5:colcon.colcon_core.verb:set package 'lslidar_driver' build argument 'ament_cmake_args' from command line to 'None'
[0.330s] Level 5:colcon.colcon_core.verb:set package 'lslidar_driver' build argument 'catkin_cmake_args' from command line to 'None'
[0.330s] Level 5:colcon.colcon_core.verb:set package 'lslidar_driver' build argument 'catkin_skip_building_tests' from command line to 'False'
[0.330s] DEBUG:colcon.colcon_core.verb:Building package 'lslidar_driver' with the following arguments: {'ament_cmake_args': None, 'build_base': '/home/ziczac/dev/skripsi_code/ros2_workspace/build/lslidar_driver', 'catkin_cmake_args': None, 'catkin_skip_building_tests': False, 'cmake_args': None, 'cmake_clean_cache': False, 'cmake_clean_first': False, 'cmake_force_configure': False, 'cmake_target': None, 'cmake_target_skip_unavailable': False, 'install_base': '/home/ziczac/dev/skripsi_code/ros2_workspace/install/lslidar_driver', 'merge_install': False, 'path': '/home/ziczac/dev/skripsi_code/ros2_workspace/src/Lslidar_ROS2_driver/lslidar_driver', 'symlink_install': True, 'test_result_base': None}
[0.331s] Level 5:colcon.colcon_core.verb:set package 'motor' build argument 'cmake_args' from command line to 'None'
[0.331s] Level 5:colcon.colcon_core.verb:set package 'motor' build argument 'cmake_target' from command line to 'None'
[0.331s] Level 5:colcon.colcon_core.verb:set package 'motor' build argument 'cmake_target_skip_unavailable' from command line to 'False'
[0.331s] Level 5:colcon.colcon_core.verb:set package 'motor' build argument 'cmake_clean_cache' from command line to 'False'
[0.331s] Level 5:colcon.colcon_core.verb:set package 'motor' build argument 'cmake_clean_first' from command line to 'False'
[0.331s] Level 5:colcon.colcon_core.verb:set package 'motor' build argument 'cmake_force_configure' from command line to 'False'
[0.331s] Level 5:colcon.colcon_core.verb:set package 'motor' build argument 'ament_cmake_args' from command line to 'None'
[0.331s] Level 5:colcon.colcon_core.verb:set package 'motor' build argument 'catkin_cmake_args' from command line to 'None'
[0.331s] Level 5:colcon.colcon_core.verb:set package 'motor' build argument 'catkin_skip_building_tests' from command line to 'False'
[0.331s] DEBUG:colcon.colcon_core.verb:Building package 'motor' with the following arguments: {'ament_cmake_args': None, 'build_base': '/home/ziczac/dev/skripsi_code/ros2_workspace/build/motor', 'catkin_cmake_args': None, 'catkin_skip_building_tests': False, 'cmake_args': None, 'cmake_clean_cache': False, 'cmake_clean_first': False, 'cmake_force_configure': False, 'cmake_target': None, 'cmake_target_skip_unavailable': False, 'install_base': '/home/ziczac/dev/skripsi_code/ros2_workspace/install/motor', 'merge_install': False, 'path': '/home/ziczac/dev/skripsi_code/ros2_workspace/src/motor', 'symlink_install': True, 'test_result_base': None}
[0.331s] INFO:colcon.colcon_core.executor:Executing jobs using 'parallel' executor
[0.332s] DEBUG:colcon.colcon_parallel_executor.executor.parallel:run_until_complete
[0.333s] INFO:colcon.colcon_ros.task.ament_cmake.build:Building ROS package in '/home/ziczac/dev/skripsi_code/ros2_workspace/src/wheel_interfaces' with build type 'ament_cmake'
[0.333s] INFO:colcon.colcon_cmake.task.cmake.build:Building CMake package in '/home/ziczac/dev/skripsi_code/ros2_workspace/src/wheel_interfaces'
[0.336s] INFO:colcon.colcon_core.plugin_system:Skipping extension 'colcon_core.shell.bat': Not used on non-Windows systems
[0.336s] INFO:colcon.colcon_core.shell:Skip shell extension 'powershell' for command environment: Not usable outside of PowerShell
[0.336s] DEBUG:colcon.colcon_core.shell:Skip shell extension 'dsv' for command environment
[0.341s] INFO:colcon.colcon_ros.task.ament_cmake.build:Building ROS package in '/home/ziczac/dev/skripsi_code/ros2_workspace/src/Lslidar_ROS2_driver/lslidar_msgs' with build type 'ament_cmake'
[0.341s] INFO:colcon.colcon_cmake.task.cmake.build:Building CMake package in '/home/ziczac/dev/skripsi_code/ros2_workspace/src/Lslidar_ROS2_driver/lslidar_msgs'
[0.341s] INFO:colcon.colcon_core.shell:Skip shell extension 'powershell' for command environment: Not usable outside of PowerShell
[0.341s] DEBUG:colcon.colcon_core.shell:Skip shell extension 'dsv' for command environment
[0.345s] INFO:colcon.colcon_ros.task.ament_python.build:Building ROS package in '/home/ziczac/dev/skripsi_code/ros2_workspace/src/diff_drive' with build type 'ament_python'
[0.345s] Level 1:colcon.colcon_core.shell:create_environment_hook('diff_drive', 'ament_prefix_path')
[0.346s] INFO:colcon.colcon_core.shell:Creating environment hook '/home/ziczac/dev/skripsi_code/ros2_workspace/install/diff_drive/share/diff_drive/hook/ament_prefix_path.ps1'
[0.347s] INFO:colcon.colcon_core.shell:Creating environment descriptor '/home/ziczac/dev/skripsi_code/ros2_workspace/install/diff_drive/share/diff_drive/hook/ament_prefix_path.dsv'
[0.347s] INFO:colcon.colcon_core.shell:Creating environment hook '/home/ziczac/dev/skripsi_code/ros2_workspace/install/diff_drive/share/diff_drive/hook/ament_prefix_path.sh'
[0.349s] INFO:colcon.colcon_core.shell:Skip shell extension 'powershell' for command environment: Not usable outside of PowerShell
[0.349s] DEBUG:colcon.colcon_core.shell:Skip shell extension 'dsv' for command environment
[0.352s] INFO:colcon.colcon_ros.task.ament_python.build:Building ROS package in '/home/ziczac/dev/skripsi_code/ros2_workspace/src/log_odds_map' with build type 'ament_python'
[0.353s] Level 1:colcon.colcon_core.shell:create_environment_hook('log_odds_map', 'ament_prefix_path')
[0.353s] INFO:colcon.colcon_core.shell:Creating environment hook '/home/ziczac/dev/skripsi_code/ros2_workspace/install/log_odds_map/share/log_odds_map/hook/ament_prefix_path.ps1'
[0.354s] INFO:colcon.colcon_core.shell:Creating environment descriptor '/home/ziczac/dev/skripsi_code/ros2_workspace/install/log_odds_map/share/log_odds_map/hook/ament_prefix_path.dsv'
[0.354s] INFO:colcon.colcon_core.shell:Creating environment hook '/home/ziczac/dev/skripsi_code/ros2_workspace/install/log_odds_map/share/log_odds_map/hook/ament_prefix_path.sh'
[0.355s] INFO:colcon.colcon_core.shell:Skip shell extension 'powershell' for command environment: Not usable outside of PowerShell
[0.355s] DEBUG:colcon.colcon_core.shell:Skip shell extension 'dsv' for command environment
[0.359s] INFO:colcon.colcon_ros.task.ament_cmake.build:Building ROS package in '/home/ziczac/dev/skripsi_code/ros2_workspace/src/my_bot' with build type 'ament_cmake'
[0.359s] INFO:colcon.colcon_cmake.task.cmake.build:Building CMake package in '/home/ziczac/dev/skripsi_code/ros2_workspace/src/my_bot'
[0.360s] INFO:colcon.colcon_core.shell:Skip shell extension 'powershell' for command environment: Not usable outside of PowerShell
[0.360s] DEBUG:colcon.colcon_core.shell:Skip shell extension 'dsv' for command environment
[0.365s] INFO:colcon.colcon_ros.task.ament_cmake.build:Building ROS package in '/home/ziczac/dev/skripsi_code/ros2_workspace/src/ros2_occupancy_grid' with build type 'ament_cmake'
[0.365s] INFO:colcon.colcon_cmake.task.cmake.build:Building CMake package in '/home/ziczac/dev/skripsi_code/ros2_workspace/src/ros2_occupancy_grid'
[0.365s] INFO:colcon.colcon_core.shell:Skip shell extension 'powershell' for command environment: Not usable outside of PowerShell
[0.366s] DEBUG:colcon.colcon_core.shell:Skip shell extension 'dsv' for command environment
[0.374s] INFO:colcon.colcon_ros.task.ament_python.build:Building ROS package in '/home/ziczac/dev/skripsi_code/ros2_workspace/src/rosboard' with build type 'ament_python'
[0.374s] Level 1:colcon.colcon_core.shell:create_environment_hook('rosboard', 'ament_prefix_path')
[0.375s] INFO:colcon.colcon_core.shell:Creating environment hook '/home/ziczac/dev/skripsi_code/ros2_workspace/install/rosboard/share/rosboard/hook/ament_prefix_path.ps1'
[0.376s] INFO:colcon.colcon_core.shell:Creating environment descriptor '/home/ziczac/dev/skripsi_code/ros2_workspace/install/rosboard/share/rosboard/hook/ament_prefix_path.dsv'
[0.376s] INFO:colcon.colcon_core.shell:Creating environment hook '/home/ziczac/dev/skripsi_code/ros2_workspace/install/rosboard/share/rosboard/hook/ament_prefix_path.sh'
[0.377s] INFO:colcon.colcon_core.shell:Skip shell extension 'powershell' for command environment: Not usable outside of PowerShell
[0.377s] DEBUG:colcon.colcon_core.shell:Skip shell extension 'dsv' for command environment
[0.390s] DEBUG:colcon.colcon_core.event_handler.log_command:Invoking command in '/home/ziczac/dev/skripsi_code/ros2_workspace/build/wheel_interfaces': CMAKE_PREFIX_PATH=/opt/ros/humble /usr/bin/cmake --build /home/ziczac/dev/skripsi_code/ros2_workspace/build/wheel_interfaces -- -j8 -l8
[0.398s] DEBUG:colcon.colcon_core.event_handler.log_command:Invoking command in '/home/ziczac/dev/skripsi_code/ros2_workspace/build/lslidar_msgs': CMAKE_PREFIX_PATH=/opt/ros/humble /usr/bin/cmake --build /home/ziczac/dev/skripsi_code/ros2_workspace/build/lslidar_msgs -- -j8 -l8
[0.995s] INFO:colcon.colcon_core.task.python.build:Building Python package in '/home/ziczac/dev/skripsi_code/ros2_workspace/src/diff_drive'
[0.995s] INFO:colcon.colcon_core.shell:Skip shell extension 'powershell' for command environment: Not usable outside of PowerShell
[0.995s] DEBUG:colcon.colcon_core.shell:Skip shell extension 'dsv' for command environment
[1.421s] INFO:colcon.colcon_core.task.python.build:Building Python package in '/home/ziczac/dev/skripsi_code/ros2_workspace/src/log_odds_map'
[1.422s] INFO:colcon.colcon_core.shell:Skip shell extension 'powershell' for command environment: Not usable outside of PowerShell
[1.422s] DEBUG:colcon.colcon_core.shell:Skip shell extension 'dsv' for command environment
[1.433s] DEBUG:colcon.colcon_core.event_handler.log_command:Invoking command in '/home/ziczac/dev/skripsi_code/ros2_workspace/build/my_bot': CMAKE_PREFIX_PATH=/opt/ros/humble /usr/bin/cmake --build /home/ziczac/dev/skripsi_code/ros2_workspace/build/my_bot -- -j8 -l8
[1.439s] DEBUG:colcon.colcon_core.event_handler.log_command:Invoking command in '/home/ziczac/dev/skripsi_code/ros2_workspace/build/occupancy_grid': CMAKE_PREFIX_PATH=/opt/ros/humble /usr/bin/cmake --build /home/ziczac/dev/skripsi_code/ros2_workspace/build/occupancy_grid -- -j8 -l8
[1.459s] DEBUG:colcon.colcon_core.event_handler.log_command:Invoked command in '/home/ziczac/dev/skripsi_code/ros2_workspace/build/lslidar_msgs' returned '0': CMAKE_PREFIX_PATH=/opt/ros/humble /usr/bin/cmake --build /home/ziczac/dev/skripsi_code/ros2_workspace/build/lslidar_msgs -- -j8 -l8
[1.877s] WARNING:colcon.colcon_ros.task.ament_python.build:Package 'rosboard' doesn't explicitly install a marker in the package index (colcon-ros currently does it implicitly but that fallback will be removed in the future)
[1.878s] INFO:colcon.colcon_core.task.python.build:Building Python package in '/home/ziczac/dev/skripsi_code/ros2_workspace/src/rosboard'
[1.879s] INFO:colcon.colcon_core.shell:Skip shell extension 'powershell' for command environment: Not usable outside of PowerShell
[1.879s] DEBUG:colcon.colcon_core.shell:Skip shell extension 'dsv' for command environment
[1.890s] DEBUG:colcon.colcon_core.event_handler.log_command:Invoked command in '/home/ziczac/dev/skripsi_code/ros2_workspace/build/wheel_interfaces' returned '0': CMAKE_PREFIX_PATH=/opt/ros/humble /usr/bin/cmake --build /home/ziczac/dev/skripsi_code/ros2_workspace/build/wheel_interfaces -- -j8 -l8
[1.904s] DEBUG:colcon.colcon_core.event_handler.log_command:Invoked command in '/home/ziczac/dev/skripsi_code/ros2_workspace/build/my_bot' returned '0': CMAKE_PREFIX_PATH=/opt/ros/humble /usr/bin/cmake --build /home/ziczac/dev/skripsi_code/ros2_workspace/build/my_bot -- -j8 -l8
[1.936s] DEBUG:colcon.colcon_core.event_handler.log_command:Invoking command in '/home/ziczac/dev/skripsi_code/ros2_workspace/build/lslidar_msgs': CMAKE_PREFIX_PATH=/opt/ros/humble /usr/bin/cmake --install /home/ziczac/dev/skripsi_code/ros2_workspace/build/lslidar_msgs
[1.961s] DEBUG:colcon.colcon_core.event_handler.log_command:Invoking command in '/home/ziczac/dev/skripsi_code/ros2_workspace/build/my_bot': CMAKE_PREFIX_PATH=/opt/ros/humble /usr/bin/cmake --install /home/ziczac/dev/skripsi_code/ros2_workspace/build/my_bot
[2.028s] Level 1:colcon.colcon_core.environment:create_environment_scripts_only(my_bot)
[2.030s] DEBUG:colcon.colcon_core.event_handler.log_command:Invoked command in '/home/ziczac/dev/skripsi_code/ros2_workspace/build/my_bot' returned '0': CMAKE_PREFIX_PATH=/opt/ros/humble /usr/bin/cmake --install /home/ziczac/dev/skripsi_code/ros2_workspace/build/my_bot
[2.037s] Level 1:colcon.colcon_core.environment:checking '/home/ziczac/dev/skripsi_code/ros2_workspace/install/my_bot' for CMake module files
[2.038s] Level 1:colcon.colcon_core.environment:checking '/home/ziczac/dev/skripsi_code/ros2_workspace/install/my_bot' for CMake config files
[2.039s] Level 1:colcon.colcon_core.shell:create_environment_hook('my_bot', 'cmake_prefix_path')
[2.039s] INFO:colcon.colcon_core.shell:Creating environment hook '/home/ziczac/dev/skripsi_code/ros2_workspace/install/my_bot/share/my_bot/hook/cmake_prefix_path.ps1'
[2.040s] INFO:colcon.colcon_core.shell:Creating environment descriptor '/home/ziczac/dev/skripsi_code/ros2_workspace/install/my_bot/share/my_bot/hook/cmake_prefix_path.dsv'
[2.041s] INFO:colcon.colcon_core.shell:Creating environment hook '/home/ziczac/dev/skripsi_code/ros2_workspace/install/my_bot/share/my_bot/hook/cmake_prefix_path.sh'
[2.043s] Level 1:colcon.colcon_core.environment:checking '/home/ziczac/dev/skripsi_code/ros2_workspace/install/my_bot/bin'
[2.043s] Level 1:colcon.colcon_core.environment:checking '/home/ziczac/dev/skripsi_code/ros2_workspace/install/my_bot/lib/pkgconfig/my_bot.pc'
[2.044s] Level 1:colcon.colcon_core.environment:checking '/home/ziczac/dev/skripsi_code/ros2_workspace/install/my_bot/lib/python3.10/site-packages'
[2.045s] Level 1:colcon.colcon_core.environment:checking '/home/ziczac/dev/skripsi_code/ros2_workspace/install/my_bot/bin'
[2.045s] INFO:colcon.colcon_core.shell:Creating package script '/home/ziczac/dev/skripsi_code/ros2_workspace/install/my_bot/share/my_bot/package.ps1'
[2.052s] INFO:colcon.colcon_core.shell:Creating package descriptor '/home/ziczac/dev/skripsi_code/ros2_workspace/install/my_bot/share/my_bot/package.dsv'
[2.056s] INFO:colcon.colcon_core.shell:Creating package script '/home/ziczac/dev/skripsi_code/ros2_workspace/install/my_bot/share/my_bot/package.sh'
[2.057s] INFO:colcon.colcon_core.shell:Creating package script '/home/ziczac/dev/skripsi_code/ros2_workspace/install/my_bot/share/my_bot/package.bash'
[2.059s] INFO:colcon.colcon_core.shell:Creating package script '/home/ziczac/dev/skripsi_code/ros2_workspace/install/my_bot/share/my_bot/package.zsh'
[2.061s] Level 1:colcon.colcon_core.environment:create_file_with_runtime_dependencies(/home/ziczac/dev/skripsi_code/ros2_workspace/install/my_bot/share/colcon-core/packages/my_bot)
[2.121s] DEBUG:colcon.colcon_core.event_handler.log_command:Invoking command in '/home/ziczac/dev/skripsi_code/ros2_workspace/build/wheel_interfaces': CMAKE_PREFIX_PATH=/opt/ros/humble /usr/bin/cmake --install /home/ziczac/dev/skripsi_code/ros2_workspace/build/wheel_interfaces
[2.220s] DEBUG:colcon.colcon_core.event_handler.log_command:Invoked command in '/home/ziczac/dev/skripsi_code/ros2_workspace/build/occupancy_grid' returned '2': CMAKE_PREFIX_PATH=/opt/ros/humble /usr/bin/cmake --build /home/ziczac/dev/skripsi_code/ros2_workspace/build/occupancy_grid -- -j8 -l8
[2.222s] Level 1:colcon.colcon_core.environment:create_environment_scripts_only(my_bot)
[2.223s] Level 1:colcon.colcon_core.environment:checking '/home/ziczac/dev/skripsi_code/ros2_workspace/install/my_bot' for CMake module files
[2.224s] Level 1:colcon.colcon_core.environment:checking '/home/ziczac/dev/skripsi_code/ros2_workspace/install/my_bot' for CMake config files
[2.225s] Level 1:colcon.colcon_core.shell:create_environment_hook('my_bot', 'cmake_prefix_path')
[2.225s] INFO:colcon.colcon_core.shell:Creating environment hook '/home/ziczac/dev/skripsi_code/ros2_workspace/install/my_bot/share/my_bot/hook/cmake_prefix_path.ps1'
[2.226s] INFO:colcon.colcon_core.shell:Creating environment descriptor '/home/ziczac/dev/skripsi_code/ros2_workspace/install/my_bot/share/my_bot/hook/cmake_prefix_path.dsv'
[2.227s] INFO:colcon.colcon_core.shell:Creating environment hook '/home/ziczac/dev/skripsi_code/ros2_workspace/install/my_bot/share/my_bot/hook/cmake_prefix_path.sh'
[2.229s] Level 1:colcon.colcon_core.environment:checking '/home/ziczac/dev/skripsi_code/ros2_workspace/install/my_bot/bin'
[2.229s] Level 1:colcon.colcon_core.environment:checking '/home/ziczac/dev/skripsi_code/ros2_workspace/install/my_bot/lib/pkgconfig/my_bot.pc'
[2.229s] Level 1:colcon.colcon_core.environment:checking '/home/ziczac/dev/skripsi_code/ros2_workspace/install/my_bot/lib/python3.10/site-packages'
[2.230s] Level 1:colcon.colcon_core.environment:checking '/home/ziczac/dev/skripsi_code/ros2_workspace/install/my_bot/bin'
[2.231s] INFO:colcon.colcon_core.shell:Creating package script '/home/ziczac/dev/skripsi_code/ros2_workspace/install/my_bot/share/my_bot/package.ps1'
[2.232s] INFO:colcon.colcon_core.shell:Creating package descriptor '/home/ziczac/dev/skripsi_code/ros2_workspace/install/my_bot/share/my_bot/package.dsv'
[2.233s] INFO:colcon.colcon_core.shell:Creating package script '/home/ziczac/dev/skripsi_code/ros2_workspace/install/my_bot/share/my_bot/package.sh'
[2.234s] INFO:colcon.colcon_core.shell:Creating package script '/home/ziczac/dev/skripsi_code/ros2_workspace/install/my_bot/share/my_bot/package.bash'
[2.235s] INFO:colcon.colcon_core.shell:Creating package script '/home/ziczac/dev/skripsi_code/ros2_workspace/install/my_bot/share/my_bot/package.zsh'
[2.236s] Level 1:colcon.colcon_core.environment:create_file_with_runtime_dependencies(/home/ziczac/dev/skripsi_code/ros2_workspace/install/my_bot/share/colcon-core/packages/my_bot)
[2.239s] Level 1:colcon.colcon_core.environment:create_environment_scripts_only(lslidar_msgs)
[2.240s] DEBUG:colcon.colcon_core.event_handler.log_command:Invoked command in '/home/ziczac/dev/skripsi_code/ros2_workspace/build/lslidar_msgs' returned '0': CMAKE_PREFIX_PATH=/opt/ros/humble /usr/bin/cmake --install /home/ziczac/dev/skripsi_code/ros2_workspace/build/lslidar_msgs
[2.240s] Level 1:colcon.colcon_core.environment:checking '/home/ziczac/dev/skripsi_code/ros2_workspace/install/lslidar_msgs' for CMake module files
[2.242s] Level 1:colcon.colcon_core.environment:checking '/home/ziczac/dev/skripsi_code/ros2_workspace/install/lslidar_msgs' for CMake config files
[2.246s] Level 1:colcon.colcon_core.shell:create_environment_hook('lslidar_msgs', 'cmake_prefix_path')
[2.247s] INFO:colcon.colcon_core.shell:Creating environment hook '/home/ziczac/dev/skripsi_code/ros2_workspace/install/lslidar_msgs/share/lslidar_msgs/hook/cmake_prefix_path.ps1'
[2.249s] INFO:colcon.colcon_core.shell:Creating environment descriptor '/home/ziczac/dev/skripsi_code/ros2_workspace/install/lslidar_msgs/share/lslidar_msgs/hook/cmake_prefix_path.dsv'
[2.250s] INFO:colcon.colcon_core.shell:Creating environment hook '/home/ziczac/dev/skripsi_code/ros2_workspace/install/lslidar_msgs/share/lslidar_msgs/hook/cmake_prefix_path.sh'
[2.251s] Level 1:colcon.colcon_core.environment:checking '/home/ziczac/dev/skripsi_code/ros2_workspace/install/lslidar_msgs/lib'
[2.252s] Level 1:colcon.colcon_core.shell:create_environment_hook('lslidar_msgs', 'ld_library_path_lib')
[2.253s] INFO:colcon.colcon_core.shell:Creating environment hook '/home/ziczac/dev/skripsi_code/ros2_workspace/install/lslidar_msgs/share/lslidar_msgs/hook/ld_library_path_lib.ps1'
[2.254s] INFO:colcon.colcon_core.shell:Creating environment descriptor '/home/ziczac/dev/skripsi_code/ros2_workspace/install/lslidar_msgs/share/lslidar_msgs/hook/ld_library_path_lib.dsv'
[2.255s] INFO:colcon.colcon_core.shell:Creating environment hook '/home/ziczac/dev/skripsi_code/ros2_workspace/install/lslidar_msgs/share/lslidar_msgs/hook/ld_library_path_lib.sh'
[2.256s] Level 1:colcon.colcon_core.environment:checking '/home/ziczac/dev/skripsi_code/ros2_workspace/install/lslidar_msgs/bin'
[2.257s] Level 1:colcon.colcon_core.environment:checking '/home/ziczac/dev/skripsi_code/ros2_workspace/install/lslidar_msgs/lib/pkgconfig/lslidar_msgs.pc'
[2.257s] Level 1:colcon.colcon_core.environment:checking '/home/ziczac/dev/skripsi_code/ros2_workspace/install/lslidar_msgs/lib/python3.10/site-packages'
[2.258s] Level 1:colcon.colcon_core.environment:checking '/home/ziczac/dev/skripsi_code/ros2_workspace/install/lslidar_msgs/bin'
[2.260s] INFO:colcon.colcon_core.shell:Creating package script '/home/ziczac/dev/skripsi_code/ros2_workspace/install/lslidar_msgs/share/lslidar_msgs/package.ps1'
[2.262s] INFO:colcon.colcon_core.shell:Creating package descriptor '/home/ziczac/dev/skripsi_code/ros2_workspace/install/lslidar_msgs/share/lslidar_msgs/package.dsv'
[2.263s] INFO:colcon.colcon_core.shell:Creating package script '/home/ziczac/dev/skripsi_code/ros2_workspace/install/lslidar_msgs/share/lslidar_msgs/package.sh'
[2.265s] INFO:colcon.colcon_core.shell:Creating package script '/home/ziczac/dev/skripsi_code/ros2_workspace/install/lslidar_msgs/share/lslidar_msgs/package.bash'
[2.266s] INFO:colcon.colcon_core.shell:Creating package script '/home/ziczac/dev/skripsi_code/ros2_workspace/install/lslidar_msgs/share/lslidar_msgs/package.zsh'
[2.267s] Level 1:colcon.colcon_core.environment:create_file_with_runtime_dependencies(/home/ziczac/dev/skripsi_code/ros2_workspace/install/lslidar_msgs/share/colcon-core/packages/lslidar_msgs)
[2.328s] Level 1:colcon.colcon_core.environment:create_environment_scripts_only(occupancy_grid)
[2.329s] Level 1:colcon.colcon_core.environment:checking '/home/ziczac/dev/skripsi_code/ros2_workspace/install/occupancy_grid' for CMake module files
[2.330s] Level 1:colcon.colcon_core.environment:checking '/home/ziczac/dev/skripsi_code/ros2_workspace/install/occupancy_grid' for CMake config files
[2.331s] Level 1:colcon.colcon_core.environment:checking '/home/ziczac/dev/skripsi_code/ros2_workspace/install/occupancy_grid/bin'
[2.332s] Level 1:colcon.colcon_core.environment:checking '/home/ziczac/dev/skripsi_code/ros2_workspace/install/occupancy_grid/lib/pkgconfig/occupancy_grid.pc'
[2.336s] Level 1:colcon.colcon_core.environment:checking '/home/ziczac/dev/skripsi_code/ros2_workspace/install/occupancy_grid/lib/python3.10/site-packages'
[2.338s] Level 1:colcon.colcon_core.environment:checking '/home/ziczac/dev/skripsi_code/ros2_workspace/install/occupancy_grid/bin'
[2.339s] INFO:colcon.colcon_core.shell:Creating package script '/home/ziczac/dev/skripsi_code/ros2_workspace/install/occupancy_grid/share/occupancy_grid/package.ps1'
[2.342s] INFO:colcon.colcon_core.shell:Creating package descriptor '/home/ziczac/dev/skripsi_code/ros2_workspace/install/occupancy_grid/share/occupancy_grid/package.dsv'
[2.346s] INFO:colcon.colcon_core.shell:Creating package script '/home/ziczac/dev/skripsi_code/ros2_workspace/install/occupancy_grid/share/occupancy_grid/package.sh'
[2.348s] INFO:colcon.colcon_core.shell:Creating package script '/home/ziczac/dev/skripsi_code/ros2_workspace/install/occupancy_grid/share/occupancy_grid/package.bash'
[2.351s] INFO:colcon.colcon_core.shell:Creating package script '/home/ziczac/dev/skripsi_code/ros2_workspace/install/occupancy_grid/share/occupancy_grid/package.zsh'
[2.352s] Level 1:colcon.colcon_core.environment:create_file_with_runtime_dependencies(/home/ziczac/dev/skripsi_code/ros2_workspace/install/occupancy_grid/share/colcon-core/packages/occupancy_grid)
[3.870s] DEBUG:colcon.colcon_parallel_executor.executor.parallel:closing loop
[3.871s] DEBUG:colcon.colcon_parallel_executor.executor.parallel:loop closed
[3.871s] DEBUG:colcon.colcon_parallel_executor.executor.parallel:run_until_complete finished with '2'
[3.871s] DEBUG:colcon.colcon_core.event_reactor:joining thread
[3.882s] INFO:colcon.colcon_core.plugin_system:Skipping extension 'colcon_notification.desktop_notification.terminal_notifier': Not used on non-Darwin systems
[3.883s] INFO:colcon.colcon_core.plugin_system:Skipping extension 'colcon_notification.desktop_notification.win32': Not used on non-Windows systems
[3.883s] INFO:colcon.colcon_notification.desktop_notification:Sending desktop notification using 'notify2'
[3.897s] DEBUG:colcon.colcon_core.event_reactor:joined thread
[3.898s] INFO:colcon.colcon_core.shell:Creating prefix script '/home/ziczac/dev/skripsi_code/ros2_workspace/install/local_setup.ps1'
[3.900s] INFO:colcon.colcon_core.shell:Creating prefix util module '/home/ziczac/dev/skripsi_code/ros2_workspace/install/_local_setup_util_ps1.py'
[3.903s] INFO:colcon.colcon_core.shell:Creating prefix chain script '/home/ziczac/dev/skripsi_code/ros2_workspace/install/setup.ps1'
[3.904s] INFO:colcon.colcon_core.shell:Creating prefix script '/home/ziczac/dev/skripsi_code/ros2_workspace/install/local_setup.sh'
[3.905s] INFO:colcon.colcon_core.shell:Creating prefix util module '/home/ziczac/dev/skripsi_code/ros2_workspace/install/_local_setup_util_sh.py'
[3.906s] INFO:colcon.colcon_core.shell:Creating prefix chain script '/home/ziczac/dev/skripsi_code/ros2_workspace/install/setup.sh'
[3.908s] INFO:colcon.colcon_core.shell:Creating prefix script '/home/ziczac/dev/skripsi_code/ros2_workspace/install/local_setup.bash'
[3.910s] INFO:colcon.colcon_core.shell:Creating prefix chain script '/home/ziczac/dev/skripsi_code/ros2_workspace/install/setup.bash'
[3.912s] INFO:colcon.colcon_core.shell:Creating prefix script '/home/ziczac/dev/skripsi_code/ros2_workspace/install/local_setup.zsh'
[3.915s] INFO:colcon.colcon_core.shell:Creating prefix chain script '/home/ziczac/dev/skripsi_code/ros2_workspace/install/setup.zsh'
