[0.223s] DEBUG:colcon:Command line arguments: ['/usr/bin/colcon', 'build', '--symlink-install', '--packages-select', 'icp-graph-slam']
[0.223s] DEBUG:colcon:Parsed command line arguments: Namespace(log_base=None, log_level=None, verb_name='build', build_base='build', install_base='install', merge_install=False, symlink_install=True, test_result_base=None, continue_on_error=False, executor='parallel', parallel_workers=8, event_handlers=None, ignore_user_meta=False, metas=['./colcon.meta'], base_paths=['.'], packages_ignore=None, packages_ignore_regex=None, paths=None, packages_up_to=None, packages_up_to_regex=None, packages_above=None, packages_above_and_dependencies=None, packages_above_depth=None, packages_select_by_dep=None, packages_skip_by_dep=None, packages_skip_up_to=None, packages_select_build_failed=False, packages_skip_build_finished=False, packages_select_test_failures=False, packages_skip_test_passed=False, packages_select=['icp-graph-slam'], packages_skip=None, packages_select_regex=None, packages_skip_regex=None, packages_start=None, packages_end=None, allow_overriding=[], cmake_args=None, cmake_target=None, cmake_target_skip_unavailable=False, cmake_clean_cache=False, cmake_clean_first=False, cmake_force_configure=False, ament_cmake_args=None, catkin_cmake_args=None, catkin_skip_building_tests=False, verb_parser=<colcon_defaults.argument_parser.defaults.DefaultArgumentsDecorator object at 0x7d820ca5a830>, verb_extension=<colcon_core.verb.build.BuildVerb object at 0x7d820ca5a2f0>, main=<bound method BuildVerb.main of <colcon_core.verb.build.BuildVerb object at 0x7d820ca5a2f0>>)
[0.758s] Level 1:colcon.colcon_core.package_discovery:discover_packages(colcon_meta) check parameters
[0.759s] Level 1:colcon.colcon_core.package_discovery:discover_packages(recursive) check parameters
[0.759s] Level 1:colcon.colcon_core.package_discovery:discover_packages(ignore) check parameters
[0.759s] Level 1:colcon.colcon_core.package_discovery:discover_packages(path) check parameters
[0.759s] Level 1:colcon.colcon_core.package_discovery:discover_packages(colcon_meta) discover
[0.759s] Level 1:colcon.colcon_core.package_discovery:discover_packages(recursive) discover
[0.759s] INFO:colcon.colcon_core.package_discovery:Crawling recursively for packages in '/home/ziczac/dev/skripsi_code/ros2_workspace'
[0.759s] Level 1:colcon.colcon_core.package_identification:_identify(.) by extensions ['ignore', 'ignore_ament_install']
[0.759s] Level 1:colcon.colcon_core.package_identification:_identify(.) by extension 'ignore'
[0.760s] Level 1:colcon.colcon_core.package_identification:_identify(.) by extension 'ignore_ament_install'
[0.760s] Level 1:colcon.colcon_core.package_identification:_identify(.) by extensions ['colcon_pkg']
[0.760s] Level 1:colcon.colcon_core.package_identification:_identify(.) by extension 'colcon_pkg'
[0.760s] Level 1:colcon.colcon_core.package_identification:_identify(.) by extensions ['colcon_meta']
[0.760s] Level 1:colcon.colcon_core.package_identification:_identify(.) by extension 'colcon_meta'
[0.760s] Level 1:colcon.colcon_core.package_identification:_identify(.) by extensions ['ros']
[0.760s] Level 1:colcon.colcon_core.package_identification:_identify(.) by extension 'ros'
[0.779s] Level 1:colcon.colcon_core.package_identification:_identify(.) by extensions ['cmake', 'python']
[0.779s] Level 1:colcon.colcon_core.package_identification:_identify(.) by extension 'cmake'
[0.779s] Level 1:colcon.colcon_core.package_identification:_identify(.) by extension 'python'
[0.779s] Level 1:colcon.colcon_core.package_identification:_identify(.) by extensions ['python_setup_py']
[0.779s] Level 1:colcon.colcon_core.package_identification:_identify(.) by extension 'python_setup_py'
[0.779s] Level 1:colcon.colcon_core.package_identification:_identify(bag_files) by extensions ['ignore', 'ignore_ament_install']
[0.780s] Level 1:colcon.colcon_core.package_identification:_identify(bag_files) by extension 'ignore'
[0.780s] Level 1:colcon.colcon_core.package_identification:_identify(bag_files) by extension 'ignore_ament_install'
[0.780s] Level 1:colcon.colcon_core.package_identification:_identify(bag_files) by extensions ['colcon_pkg']
[0.780s] Level 1:colcon.colcon_core.package_identification:_identify(bag_files) by extension 'colcon_pkg'
[0.780s] Level 1:colcon.colcon_core.package_identification:_identify(bag_files) by extensions ['colcon_meta']
[0.780s] Level 1:colcon.colcon_core.package_identification:_identify(bag_files) by extension 'colcon_meta'
[0.780s] Level 1:colcon.colcon_core.package_identification:_identify(bag_files) by extensions ['ros']
[0.780s] Level 1:colcon.colcon_core.package_identification:_identify(bag_files) by extension 'ros'
[0.780s] Level 1:colcon.colcon_core.package_identification:_identify(bag_files) by extensions ['cmake', 'python']
[0.780s] Level 1:colcon.colcon_core.package_identification:_identify(bag_files) by extension 'cmake'
[0.781s] Level 1:colcon.colcon_core.package_identification:_identify(bag_files) by extension 'python'
[0.781s] Level 1:colcon.colcon_core.package_identification:_identify(bag_files) by extensions ['python_setup_py']
[0.781s] Level 1:colcon.colcon_core.package_identification:_identify(bag_files) by extension 'python_setup_py'
[0.781s] Level 1:colcon.colcon_core.package_identification:_identify(build) by extensions ['ignore', 'ignore_ament_install']
[0.781s] Level 1:colcon.colcon_core.package_identification:_identify(build) by extension 'ignore'
[0.781s] Level 1:colcon.colcon_core.package_identification:_identify(build) ignored
[0.781s] Level 1:colcon.colcon_core.package_identification:_identify(data_store) by extensions ['ignore', 'ignore_ament_install']
[0.782s] Level 1:colcon.colcon_core.package_identification:_identify(data_store) by extension 'ignore'
[0.782s] Level 1:colcon.colcon_core.package_identification:_identify(data_store) by extension 'ignore_ament_install'
[0.782s] Level 1:colcon.colcon_core.package_identification:_identify(data_store) by extensions ['colcon_pkg']
[0.782s] Level 1:colcon.colcon_core.package_identification:_identify(data_store) by extension 'colcon_pkg'
[0.782s] Level 1:colcon.colcon_core.package_identification:_identify(data_store) by extensions ['colcon_meta']
[0.782s] Level 1:colcon.colcon_core.package_identification:_identify(data_store) by extension 'colcon_meta'
[0.782s] Level 1:colcon.colcon_core.package_identification:_identify(data_store) by extensions ['ros']
[0.782s] Level 1:colcon.colcon_core.package_identification:_identify(data_store) by extension 'ros'
[0.782s] Level 1:colcon.colcon_core.package_identification:_identify(data_store) by extensions ['cmake', 'python']
[0.782s] Level 1:colcon.colcon_core.package_identification:_identify(data_store) by extension 'cmake'
[0.782s] Level 1:colcon.colcon_core.package_identification:_identify(data_store) by extension 'python'
[0.782s] Level 1:colcon.colcon_core.package_identification:_identify(data_store) by extensions ['python_setup_py']
[0.783s] Level 1:colcon.colcon_core.package_identification:_identify(data_store) by extension 'python_setup_py'
[0.783s] Level 1:colcon.colcon_core.package_identification:_identify(data_store/20rpm) by extensions ['ignore', 'ignore_ament_install']
[0.783s] Level 1:colcon.colcon_core.package_identification:_identify(data_store/20rpm) by extension 'ignore'
[0.783s] Level 1:colcon.colcon_core.package_identification:_identify(data_store/20rpm) by extension 'ignore_ament_install'
[0.783s] Level 1:colcon.colcon_core.package_identification:_identify(data_store/20rpm) by extensions ['colcon_pkg']
[0.783s] Level 1:colcon.colcon_core.package_identification:_identify(data_store/20rpm) by extension 'colcon_pkg'
[0.783s] Level 1:colcon.colcon_core.package_identification:_identify(data_store/20rpm) by extensions ['colcon_meta']
[0.783s] Level 1:colcon.colcon_core.package_identification:_identify(data_store/20rpm) by extension 'colcon_meta'
[0.783s] Level 1:colcon.colcon_core.package_identification:_identify(data_store/20rpm) by extensions ['ros']
[0.783s] Level 1:colcon.colcon_core.package_identification:_identify(data_store/20rpm) by extension 'ros'
[0.784s] Level 1:colcon.colcon_core.package_identification:_identify(data_store/20rpm) by extensions ['cmake', 'python']
[0.784s] Level 1:colcon.colcon_core.package_identification:_identify(data_store/20rpm) by extension 'cmake'
[0.784s] Level 1:colcon.colcon_core.package_identification:_identify(data_store/20rpm) by extension 'python'
[0.784s] Level 1:colcon.colcon_core.package_identification:_identify(data_store/20rpm) by extensions ['python_setup_py']
[0.784s] Level 1:colcon.colcon_core.package_identification:_identify(data_store/20rpm) by extension 'python_setup_py'
[0.784s] Level 1:colcon.colcon_core.package_identification:_identify(data_store/lidar_data) by extensions ['ignore', 'ignore_ament_install']
[0.784s] Level 1:colcon.colcon_core.package_identification:_identify(data_store/lidar_data) by extension 'ignore'
[0.784s] Level 1:colcon.colcon_core.package_identification:_identify(data_store/lidar_data) by extension 'ignore_ament_install'
[0.784s] Level 1:colcon.colcon_core.package_identification:_identify(data_store/lidar_data) by extensions ['colcon_pkg']
[0.784s] Level 1:colcon.colcon_core.package_identification:_identify(data_store/lidar_data) by extension 'colcon_pkg'
[0.785s] Level 1:colcon.colcon_core.package_identification:_identify(data_store/lidar_data) by extensions ['colcon_meta']
[0.785s] Level 1:colcon.colcon_core.package_identification:_identify(data_store/lidar_data) by extension 'colcon_meta'
[0.785s] Level 1:colcon.colcon_core.package_identification:_identify(data_store/lidar_data) by extensions ['ros']
[0.785s] Level 1:colcon.colcon_core.package_identification:_identify(data_store/lidar_data) by extension 'ros'
[0.785s] Level 1:colcon.colcon_core.package_identification:_identify(data_store/lidar_data) by extensions ['cmake', 'python']
[0.785s] Level 1:colcon.colcon_core.package_identification:_identify(data_store/lidar_data) by extension 'cmake'
[0.785s] Level 1:colcon.colcon_core.package_identification:_identify(data_store/lidar_data) by extension 'python'
[0.785s] Level 1:colcon.colcon_core.package_identification:_identify(data_store/lidar_data) by extensions ['python_setup_py']
[0.785s] Level 1:colcon.colcon_core.package_identification:_identify(data_store/lidar_data) by extension 'python_setup_py'
[0.785s] Level 1:colcon.colcon_core.package_identification:_identify(install) by extensions ['ignore', 'ignore_ament_install']
[0.785s] Level 1:colcon.colcon_core.package_identification:_identify(install) by extension 'ignore'
[0.786s] Level 1:colcon.colcon_core.package_identification:_identify(install) ignored
[0.786s] Level 1:colcon.colcon_core.package_identification:_identify(log) by extensions ['ignore', 'ignore_ament_install']
[0.786s] Level 1:colcon.colcon_core.package_identification:_identify(log) by extension 'ignore'
[0.786s] Level 1:colcon.colcon_core.package_identification:_identify(log) ignored
[0.786s] Level 1:colcon.colcon_core.package_identification:_identify(src) by extensions ['ignore', 'ignore_ament_install']
[0.786s] Level 1:colcon.colcon_core.package_identification:_identify(src) by extension 'ignore'
[0.787s] Level 1:colcon.colcon_core.package_identification:_identify(src) by extension 'ignore_ament_install'
[0.787s] Level 1:colcon.colcon_core.package_identification:_identify(src) by extensions ['colcon_pkg']
[0.787s] Level 1:colcon.colcon_core.package_identification:_identify(src) by extension 'colcon_pkg'
[0.787s] Level 1:colcon.colcon_core.package_identification:_identify(src) by extensions ['colcon_meta']
[0.787s] Level 1:colcon.colcon_core.package_identification:_identify(src) by extension 'colcon_meta'
[0.787s] Level 1:colcon.colcon_core.package_identification:_identify(src) by extensions ['ros']
[0.787s] Level 1:colcon.colcon_core.package_identification:_identify(src) by extension 'ros'
[0.787s] Level 1:colcon.colcon_core.package_identification:_identify(src) by extensions ['cmake', 'python']
[0.787s] Level 1:colcon.colcon_core.package_identification:_identify(src) by extension 'cmake'
[0.787s] Level 1:colcon.colcon_core.package_identification:_identify(src) by extension 'python'
[0.787s] Level 1:colcon.colcon_core.package_identification:_identify(src) by extensions ['python_setup_py']
[0.787s] Level 1:colcon.colcon_core.package_identification:_identify(src) by extension 'python_setup_py'
[0.788s] Level 1:colcon.colcon_core.package_identification:_identify(src/Lslidar_ROS2_driver) by extensions ['ignore', 'ignore_ament_install']
[0.788s] Level 1:colcon.colcon_core.package_identification:_identify(src/Lslidar_ROS2_driver) by extension 'ignore'
[0.788s] Level 1:colcon.colcon_core.package_identification:_identify(src/Lslidar_ROS2_driver) by extension 'ignore_ament_install'
[0.788s] Level 1:colcon.colcon_core.package_identification:_identify(src/Lslidar_ROS2_driver) by extensions ['colcon_pkg']
[0.788s] Level 1:colcon.colcon_core.package_identification:_identify(src/Lslidar_ROS2_driver) by extension 'colcon_pkg'
[0.788s] Level 1:colcon.colcon_core.package_identification:_identify(src/Lslidar_ROS2_driver) by extensions ['colcon_meta']
[0.788s] Level 1:colcon.colcon_core.package_identification:_identify(src/Lslidar_ROS2_driver) by extension 'colcon_meta'
[0.788s] Level 1:colcon.colcon_core.package_identification:_identify(src/Lslidar_ROS2_driver) by extensions ['ros']
[0.788s] Level 1:colcon.colcon_core.package_identification:_identify(src/Lslidar_ROS2_driver) by extension 'ros'
[0.789s] Level 1:colcon.colcon_core.package_identification:_identify(src/Lslidar_ROS2_driver) by extensions ['cmake', 'python']
[0.789s] Level 1:colcon.colcon_core.package_identification:_identify(src/Lslidar_ROS2_driver) by extension 'cmake'
[0.789s] Level 1:colcon.colcon_core.package_identification:_identify(src/Lslidar_ROS2_driver) by extension 'python'
[0.789s] Level 1:colcon.colcon_core.package_identification:_identify(src/Lslidar_ROS2_driver) by extensions ['python_setup_py']
[0.789s] Level 1:colcon.colcon_core.package_identification:_identify(src/Lslidar_ROS2_driver) by extension 'python_setup_py'
[0.789s] Level 1:colcon.colcon_core.package_identification:_identify(src/Lslidar_ROS2_driver/lslidar_driver) by extensions ['ignore', 'ignore_ament_install']
[0.789s] Level 1:colcon.colcon_core.package_identification:_identify(src/Lslidar_ROS2_driver/lslidar_driver) by extension 'ignore'
[0.789s] Level 1:colcon.colcon_core.package_identification:_identify(src/Lslidar_ROS2_driver/lslidar_driver) by extension 'ignore_ament_install'
[0.789s] Level 1:colcon.colcon_core.package_identification:_identify(src/Lslidar_ROS2_driver/lslidar_driver) by extensions ['colcon_pkg']
[0.789s] Level 1:colcon.colcon_core.package_identification:_identify(src/Lslidar_ROS2_driver/lslidar_driver) by extension 'colcon_pkg'
[0.789s] Level 1:colcon.colcon_core.package_identification:_identify(src/Lslidar_ROS2_driver/lslidar_driver) by extensions ['colcon_meta']
[0.790s] Level 1:colcon.colcon_core.package_identification:_identify(src/Lslidar_ROS2_driver/lslidar_driver) by extension 'colcon_meta'
[0.790s] Level 1:colcon.colcon_core.package_identification:_identify(src/Lslidar_ROS2_driver/lslidar_driver) by extensions ['ros']
[0.790s] Level 1:colcon.colcon_core.package_identification:_identify(src/Lslidar_ROS2_driver/lslidar_driver) by extension 'ros'
[0.794s] DEBUG:colcon.colcon_core.package_identification:Package 'src/Lslidar_ROS2_driver/lslidar_driver' with type 'ros.ament_cmake' and name 'lslidar_driver'
[0.795s] Level 1:colcon.colcon_core.package_identification:_identify(src/Lslidar_ROS2_driver/lslidar_msgs) by extensions ['ignore', 'ignore_ament_install']
[0.795s] Level 1:colcon.colcon_core.package_identification:_identify(src/Lslidar_ROS2_driver/lslidar_msgs) by extension 'ignore'
[0.795s] Level 1:colcon.colcon_core.package_identification:_identify(src/Lslidar_ROS2_driver/lslidar_msgs) by extension 'ignore_ament_install'
[0.795s] Level 1:colcon.colcon_core.package_identification:_identify(src/Lslidar_ROS2_driver/lslidar_msgs) by extensions ['colcon_pkg']
[0.795s] Level 1:colcon.colcon_core.package_identification:_identify(src/Lslidar_ROS2_driver/lslidar_msgs) by extension 'colcon_pkg'
[0.795s] Level 1:colcon.colcon_core.package_identification:_identify(src/Lslidar_ROS2_driver/lslidar_msgs) by extensions ['colcon_meta']
[0.795s] Level 1:colcon.colcon_core.package_identification:_identify(src/Lslidar_ROS2_driver/lslidar_msgs) by extension 'colcon_meta'
[0.796s] Level 1:colcon.colcon_core.package_identification:_identify(src/Lslidar_ROS2_driver/lslidar_msgs) by extensions ['ros']
[0.796s] Level 1:colcon.colcon_core.package_identification:_identify(src/Lslidar_ROS2_driver/lslidar_msgs) by extension 'ros'
[0.797s] DEBUG:colcon.colcon_core.package_identification:Package 'src/Lslidar_ROS2_driver/lslidar_msgs' with type 'ros.ament_cmake' and name 'lslidar_msgs'
[0.797s] Level 1:colcon.colcon_core.package_identification:_identify(src/build) by extensions ['ignore', 'ignore_ament_install']
[0.797s] Level 1:colcon.colcon_core.package_identification:_identify(src/build) by extension 'ignore'
[0.797s] Level 1:colcon.colcon_core.package_identification:_identify(src/build) ignored
[0.797s] Level 1:colcon.colcon_core.package_identification:_identify(src/diff_drive) by extensions ['ignore', 'ignore_ament_install']
[0.798s] Level 1:colcon.colcon_core.package_identification:_identify(src/diff_drive) by extension 'ignore'
[0.798s] Level 1:colcon.colcon_core.package_identification:_identify(src/diff_drive) by extension 'ignore_ament_install'
[0.798s] Level 1:colcon.colcon_core.package_identification:_identify(src/diff_drive) by extensions ['colcon_pkg']
[0.798s] Level 1:colcon.colcon_core.package_identification:_identify(src/diff_drive) by extension 'colcon_pkg'
[0.798s] Level 1:colcon.colcon_core.package_identification:_identify(src/diff_drive) by extensions ['colcon_meta']
[0.798s] Level 1:colcon.colcon_core.package_identification:_identify(src/diff_drive) by extension 'colcon_meta'
[0.798s] Level 1:colcon.colcon_core.package_identification:_identify(src/diff_drive) by extensions ['ros']
[0.798s] Level 1:colcon.colcon_core.package_identification:_identify(src/diff_drive) by extension 'ros'
[0.799s] DEBUG:colcon.colcon_core.package_identification:Package 'src/diff_drive' with type 'ros.ament_python' and name 'diff_drive'
[0.799s] Level 1:colcon.colcon_core.package_identification:_identify(src/gui) by extensions ['ignore', 'ignore_ament_install']
[0.799s] Level 1:colcon.colcon_core.package_identification:_identify(src/gui) by extension 'ignore'
[0.799s] Level 1:colcon.colcon_core.package_identification:_identify(src/gui) by extension 'ignore_ament_install'
[0.800s] Level 1:colcon.colcon_core.package_identification:_identify(src/gui) by extensions ['colcon_pkg']
[0.800s] Level 1:colcon.colcon_core.package_identification:_identify(src/gui) by extension 'colcon_pkg'
[0.800s] Level 1:colcon.colcon_core.package_identification:_identify(src/gui) by extensions ['colcon_meta']
[0.800s] Level 1:colcon.colcon_core.package_identification:_identify(src/gui) by extension 'colcon_meta'
[0.800s] Level 1:colcon.colcon_core.package_identification:_identify(src/gui) by extensions ['ros']
[0.800s] Level 1:colcon.colcon_core.package_identification:_identify(src/gui) by extension 'ros'
[0.801s] DEBUG:colcon.colcon_core.package_identification:Package 'src/gui' with type 'ros.ament_python' and name 'gui'
[0.801s] Level 1:colcon.colcon_core.package_identification:_identify(src/icp-graph-slam) by extensions ['ignore', 'ignore_ament_install']
[0.802s] Level 1:colcon.colcon_core.package_identification:_identify(src/icp-graph-slam) by extension 'ignore'
[0.802s] Level 1:colcon.colcon_core.package_identification:_identify(src/icp-graph-slam) by extension 'ignore_ament_install'
[0.802s] Level 1:colcon.colcon_core.package_identification:_identify(src/icp-graph-slam) by extensions ['colcon_pkg']
[0.802s] Level 1:colcon.colcon_core.package_identification:_identify(src/icp-graph-slam) by extension 'colcon_pkg'
[0.802s] Level 1:colcon.colcon_core.package_identification:_identify(src/icp-graph-slam) by extensions ['colcon_meta']
[0.802s] Level 1:colcon.colcon_core.package_identification:_identify(src/icp-graph-slam) by extension 'colcon_meta'
[0.802s] Level 1:colcon.colcon_core.package_identification:_identify(src/icp-graph-slam) by extensions ['ros']
[0.802s] Level 1:colcon.colcon_core.package_identification:_identify(src/icp-graph-slam) by extension 'ros'
[0.804s] DEBUG:colcon.colcon_core.package_identification:Package 'src/icp-graph-slam' with type 'ros.ament_python' and name 'icp-graph-slam'
[0.804s] Level 1:colcon.colcon_core.package_identification:_identify(src/install) by extensions ['ignore', 'ignore_ament_install']
[0.804s] Level 1:colcon.colcon_core.package_identification:_identify(src/install) by extension 'ignore'
[0.805s] Level 1:colcon.colcon_core.package_identification:_identify(src/install) ignored
[0.805s] Level 1:colcon.colcon_core.package_identification:_identify(src/log) by extensions ['ignore', 'ignore_ament_install']
[0.805s] Level 1:colcon.colcon_core.package_identification:_identify(src/log) by extension 'ignore'
[0.805s] Level 1:colcon.colcon_core.package_identification:_identify(src/log) ignored
[0.805s] Level 1:colcon.colcon_core.package_identification:_identify(src/log_odds_map) by extensions ['ignore', 'ignore_ament_install']
[0.805s] Level 1:colcon.colcon_core.package_identification:_identify(src/log_odds_map) by extension 'ignore'
[0.805s] Level 1:colcon.colcon_core.package_identification:_identify(src/log_odds_map) by extension 'ignore_ament_install'
[0.806s] Level 1:colcon.colcon_core.package_identification:_identify(src/log_odds_map) by extensions ['colcon_pkg']
[0.806s] Level 1:colcon.colcon_core.package_identification:_identify(src/log_odds_map) by extension 'colcon_pkg'
[0.806s] Level 1:colcon.colcon_core.package_identification:_identify(src/log_odds_map) by extensions ['colcon_meta']
[0.806s] Level 1:colcon.colcon_core.package_identification:_identify(src/log_odds_map) by extension 'colcon_meta'
[0.806s] Level 1:colcon.colcon_core.package_identification:_identify(src/log_odds_map) by extensions ['ros']
[0.806s] Level 1:colcon.colcon_core.package_identification:_identify(src/log_odds_map) by extension 'ros'
[0.807s] DEBUG:colcon.colcon_core.package_identification:Package 'src/log_odds_map' with type 'ros.ament_python' and name 'log_odds_map'
[0.808s] Level 1:colcon.colcon_core.package_identification:_identify(src/motor) by extensions ['ignore', 'ignore_ament_install']
[0.808s] Level 1:colcon.colcon_core.package_identification:_identify(src/motor) by extension 'ignore'
[0.808s] Level 1:colcon.colcon_core.package_identification:_identify(src/motor) by extension 'ignore_ament_install'
[0.808s] Level 1:colcon.colcon_core.package_identification:_identify(src/motor) by extensions ['colcon_pkg']
[0.808s] Level 1:colcon.colcon_core.package_identification:_identify(src/motor) by extension 'colcon_pkg'
[0.808s] Level 1:colcon.colcon_core.package_identification:_identify(src/motor) by extensions ['colcon_meta']
[0.808s] Level 1:colcon.colcon_core.package_identification:_identify(src/motor) by extension 'colcon_meta'
[0.808s] Level 1:colcon.colcon_core.package_identification:_identify(src/motor) by extensions ['ros']
[0.809s] Level 1:colcon.colcon_core.package_identification:_identify(src/motor) by extension 'ros'
[0.813s] DEBUG:colcon.colcon_core.package_identification:Package 'src/motor' with type 'ros.ament_python' and name 'motor'
[0.814s] Level 1:colcon.colcon_core.package_identification:_identify(src/my_bot) by extensions ['ignore', 'ignore_ament_install']
[0.814s] Level 1:colcon.colcon_core.package_identification:_identify(src/my_bot) by extension 'ignore'
[0.814s] Level 1:colcon.colcon_core.package_identification:_identify(src/my_bot) by extension 'ignore_ament_install'
[0.814s] Level 1:colcon.colcon_core.package_identification:_identify(src/my_bot) by extensions ['colcon_pkg']
[0.814s] Level 1:colcon.colcon_core.package_identification:_identify(src/my_bot) by extension 'colcon_pkg'
[0.814s] Level 1:colcon.colcon_core.package_identification:_identify(src/my_bot) by extensions ['colcon_meta']
[0.814s] Level 1:colcon.colcon_core.package_identification:_identify(src/my_bot) by extension 'colcon_meta'
[0.814s] Level 1:colcon.colcon_core.package_identification:_identify(src/my_bot) by extensions ['ros']
[0.814s] Level 1:colcon.colcon_core.package_identification:_identify(src/my_bot) by extension 'ros'
[0.816s] DEBUG:colcon.colcon_core.package_identification:Package 'src/my_bot' with type 'ros.ament_cmake' and name 'my_bot'
[0.816s] Level 1:colcon.colcon_core.package_identification:_identify(src/ros2_wheeltec_n100_imu) by extensions ['ignore', 'ignore_ament_install']
[0.817s] Level 1:colcon.colcon_core.package_identification:_identify(src/ros2_wheeltec_n100_imu) by extension 'ignore'
[0.817s] Level 1:colcon.colcon_core.package_identification:_identify(src/ros2_wheeltec_n100_imu) by extension 'ignore_ament_install'
[0.817s] Level 1:colcon.colcon_core.package_identification:_identify(src/ros2_wheeltec_n100_imu) by extensions ['colcon_pkg']
[0.817s] Level 1:colcon.colcon_core.package_identification:_identify(src/ros2_wheeltec_n100_imu) by extension 'colcon_pkg'
[0.817s] Level 1:colcon.colcon_core.package_identification:_identify(src/ros2_wheeltec_n100_imu) by extensions ['colcon_meta']
[0.817s] Level 1:colcon.colcon_core.package_identification:_identify(src/ros2_wheeltec_n100_imu) by extension 'colcon_meta'
[0.817s] Level 1:colcon.colcon_core.package_identification:_identify(src/ros2_wheeltec_n100_imu) by extensions ['ros']
[0.817s] Level 1:colcon.colcon_core.package_identification:_identify(src/ros2_wheeltec_n100_imu) by extension 'ros'
[0.819s] DEBUG:colcon.colcon_core.package_identification:Package 'src/ros2_wheeltec_n100_imu' with type 'ros.ament_cmake' and name 'wheeltec_n100_imu'
[0.820s] Level 1:colcon.colcon_core.package_identification:_identify(src/rosboard) by extensions ['ignore', 'ignore_ament_install']
[0.820s] Level 1:colcon.colcon_core.package_identification:_identify(src/rosboard) by extension 'ignore'
[0.820s] Level 1:colcon.colcon_core.package_identification:_identify(src/rosboard) by extension 'ignore_ament_install'
[0.820s] Level 1:colcon.colcon_core.package_identification:_identify(src/rosboard) by extensions ['colcon_pkg']
[0.820s] Level 1:colcon.colcon_core.package_identification:_identify(src/rosboard) by extension 'colcon_pkg'
[0.820s] Level 1:colcon.colcon_core.package_identification:_identify(src/rosboard) by extensions ['colcon_meta']
[0.821s] Level 1:colcon.colcon_core.package_identification:_identify(src/rosboard) by extension 'colcon_meta'
[0.821s] Level 1:colcon.colcon_core.package_identification:_identify(src/rosboard) by extensions ['ros']
[0.821s] Level 1:colcon.colcon_core.package_identification:_identify(src/rosboard) by extension 'ros'
[0.827s] DEBUG:colcon.colcon_core.package_identification:Package 'src/rosboard' with type 'ros.ament_python' and name 'rosboard'
[0.828s] Level 1:colcon.colcon_core.package_identification:_identify(src/serial-ros2) by extensions ['ignore', 'ignore_ament_install']
[0.828s] Level 1:colcon.colcon_core.package_identification:_identify(src/serial-ros2) by extension 'ignore'
[0.828s] Level 1:colcon.colcon_core.package_identification:_identify(src/serial-ros2) by extension 'ignore_ament_install'
[0.828s] Level 1:colcon.colcon_core.package_identification:_identify(src/serial-ros2) by extensions ['colcon_pkg']
[0.828s] Level 1:colcon.colcon_core.package_identification:_identify(src/serial-ros2) by extension 'colcon_pkg'
[0.828s] Level 1:colcon.colcon_core.package_identification:_identify(src/serial-ros2) by extensions ['colcon_meta']
[0.828s] Level 1:colcon.colcon_core.package_identification:_identify(src/serial-ros2) by extension 'colcon_meta'
[0.828s] Level 1:colcon.colcon_core.package_identification:_identify(src/serial-ros2) by extensions ['ros']
[0.829s] Level 1:colcon.colcon_core.package_identification:_identify(src/serial-ros2) by extension 'ros'
[0.830s] DEBUG:colcon.colcon_core.package_identification:Package 'src/serial-ros2' with type 'ros.ament_cmake' and name 'serial'
[0.831s] Level 1:colcon.colcon_core.package_identification:_identify(src/wheel_interfaces) by extensions ['ignore', 'ignore_ament_install']
[0.831s] Level 1:colcon.colcon_core.package_identification:_identify(src/wheel_interfaces) by extension 'ignore'
[0.831s] Level 1:colcon.colcon_core.package_identification:_identify(src/wheel_interfaces) by extension 'ignore_ament_install'
[0.831s] Level 1:colcon.colcon_core.package_identification:_identify(src/wheel_interfaces) by extensions ['colcon_pkg']
[0.831s] Level 1:colcon.colcon_core.package_identification:_identify(src/wheel_interfaces) by extension 'colcon_pkg'
[0.831s] Level 1:colcon.colcon_core.package_identification:_identify(src/wheel_interfaces) by extensions ['colcon_meta']
[0.831s] Level 1:colcon.colcon_core.package_identification:_identify(src/wheel_interfaces) by extension 'colcon_meta'
[0.831s] Level 1:colcon.colcon_core.package_identification:_identify(src/wheel_interfaces) by extensions ['ros']
[0.831s] Level 1:colcon.colcon_core.package_identification:_identify(src/wheel_interfaces) by extension 'ros'
[0.833s] DEBUG:colcon.colcon_core.package_identification:Package 'src/wheel_interfaces' with type 'ros.ament_cmake' and name 'wheel_interfaces'
[0.833s] Level 1:colcon.colcon_core.package_discovery:discover_packages(recursive) using defaults
[0.833s] Level 1:colcon.colcon_core.package_discovery:discover_packages(ignore) discover
[0.833s] Level 1:colcon.colcon_core.package_discovery:discover_packages(ignore) using defaults
[0.833s] Level 1:colcon.colcon_core.package_discovery:discover_packages(path) discover
[0.833s] Level 1:colcon.colcon_core.package_discovery:discover_packages(path) using defaults
[0.885s] INFO:colcon.colcon_core.package_selection:Skipping not selected package 'diff_drive' in 'src/diff_drive'
[0.885s] INFO:colcon.colcon_core.package_selection:Skipping not selected package 'log_odds_map' in 'src/log_odds_map'
[0.885s] INFO:colcon.colcon_core.package_selection:Skipping not selected package 'lslidar_msgs' in 'src/Lslidar_ROS2_driver/lslidar_msgs'
[0.885s] INFO:colcon.colcon_core.package_selection:Skipping not selected package 'my_bot' in 'src/my_bot'
[0.885s] INFO:colcon.colcon_core.package_selection:Skipping not selected package 'rosboard' in 'src/rosboard'
[0.885s] INFO:colcon.colcon_core.package_selection:Skipping not selected package 'serial' in 'src/serial-ros2'
[0.885s] INFO:colcon.colcon_core.package_selection:Skipping not selected package 'wheel_interfaces' in 'src/wheel_interfaces'
[0.885s] INFO:colcon.colcon_core.package_selection:Skipping not selected package 'gui' in 'src/gui'
[0.885s] INFO:colcon.colcon_core.package_selection:Skipping not selected package 'lslidar_driver' in 'src/Lslidar_ROS2_driver/lslidar_driver'
[0.885s] INFO:colcon.colcon_core.package_selection:Skipping not selected package 'motor' in 'src/motor'
[0.886s] INFO:colcon.colcon_core.package_selection:Skipping not selected package 'wheeltec_n100_imu' in 'src/ros2_wheeltec_n100_imu'
[0.887s] Level 1:colcon.colcon_core.package_discovery:discover_packages(prefix_path) check parameters
[0.887s] Level 1:colcon.colcon_core.package_discovery:discover_packages(prefix_path) discover
[0.892s] DEBUG:colcon.colcon_installed_package_information.package_discovery:Found 12 installed packages in /home/ziczac/dev/skripsi_code/ros2_workspace/install
[0.895s] DEBUG:colcon.colcon_installed_package_information.package_discovery:Found 320 installed packages in /opt/ros/humble
[0.900s] Level 1:colcon.colcon_core.package_discovery:discover_packages(prefix_path) using defaults
[0.982s] Level 5:colcon.colcon_core.verb:set package 'icp-graph-slam' build argument 'cmake_args' from command line to 'None'
[0.983s] Level 5:colcon.colcon_core.verb:set package 'icp-graph-slam' build argument 'cmake_target' from command line to 'None'
[0.983s] Level 5:colcon.colcon_core.verb:set package 'icp-graph-slam' build argument 'cmake_target_skip_unavailable' from command line to 'False'
[0.983s] Level 5:colcon.colcon_core.verb:set package 'icp-graph-slam' build argument 'cmake_clean_cache' from command line to 'False'
[0.983s] Level 5:colcon.colcon_core.verb:set package 'icp-graph-slam' build argument 'cmake_clean_first' from command line to 'False'
[0.983s] Level 5:colcon.colcon_core.verb:set package 'icp-graph-slam' build argument 'cmake_force_configure' from command line to 'False'
[0.983s] Level 5:colcon.colcon_core.verb:set package 'icp-graph-slam' build argument 'ament_cmake_args' from command line to 'None'
[0.983s] Level 5:colcon.colcon_core.verb:set package 'icp-graph-slam' build argument 'catkin_cmake_args' from command line to 'None'
[0.983s] Level 5:colcon.colcon_core.verb:set package 'icp-graph-slam' build argument 'catkin_skip_building_tests' from command line to 'False'
[0.983s] DEBUG:colcon.colcon_core.verb:Building package 'icp-graph-slam' with the following arguments: {'ament_cmake_args': None, 'build_base': '/home/ziczac/dev/skripsi_code/ros2_workspace/build/icp-graph-slam', 'catkin_cmake_args': None, 'catkin_skip_building_tests': False, 'cmake_args': None, 'cmake_clean_cache': False, 'cmake_clean_first': False, 'cmake_force_configure': False, 'cmake_target': None, 'cmake_target_skip_unavailable': False, 'install_base': '/home/ziczac/dev/skripsi_code/ros2_workspace/install/icp-graph-slam', 'merge_install': False, 'path': '/home/ziczac/dev/skripsi_code/ros2_workspace/src/icp-graph-slam', 'symlink_install': True, 'test_result_base': None}
[0.984s] INFO:colcon.colcon_core.executor:Executing jobs using 'parallel' executor
[0.986s] DEBUG:colcon.colcon_parallel_executor.executor.parallel:run_until_complete
[0.987s] INFO:colcon.colcon_ros.task.ament_python.build:Building ROS package in '/home/ziczac/dev/skripsi_code/ros2_workspace/src/icp-graph-slam' with build type 'ament_python'
[0.987s] Level 1:colcon.colcon_core.shell:create_environment_hook('icp-graph-slam', 'ament_prefix_path')
[0.992s] INFO:colcon.colcon_core.plugin_system:Skipping extension 'colcon_core.shell.bat': Not used on non-Windows systems
[0.993s] INFO:colcon.colcon_core.shell:Creating environment hook '/home/ziczac/dev/skripsi_code/ros2_workspace/install/icp-graph-slam/share/icp-graph-slam/hook/ament_prefix_path.ps1'
[0.994s] INFO:colcon.colcon_core.shell:Creating environment descriptor '/home/ziczac/dev/skripsi_code/ros2_workspace/install/icp-graph-slam/share/icp-graph-slam/hook/ament_prefix_path.dsv'
[0.996s] INFO:colcon.colcon_core.shell:Creating environment hook '/home/ziczac/dev/skripsi_code/ros2_workspace/install/icp-graph-slam/share/icp-graph-slam/hook/ament_prefix_path.sh'
[0.998s] INFO:colcon.colcon_core.shell:Skip shell extension 'powershell' for command environment: Not usable outside of PowerShell
[0.998s] DEBUG:colcon.colcon_core.shell:Skip shell extension 'dsv' for command environment
[1.969s] DEBUG:colcon.colcon_parallel_executor.executor.parallel:closing loop
[1.969s] DEBUG:colcon.colcon_parallel_executor.executor.parallel:loop closed
[1.969s] DEBUG:colcon.colcon_parallel_executor.executor.parallel:run_until_complete finished with 'Command '['/usr/bin/python3', '-c', 'import sys;from contextlib import suppress;exec("with suppress(ImportError):    from setuptools.extern.packaging.specifiers    import SpecifierSet");exec("with suppress(ImportError):    from packaging.specifiers import SpecifierSet");from distutils.core import run_setup;dist = run_setup(    \'setup.py\', script_args=(\'--dry-run\',), stop_after=\'config\');skip_keys = (\'cmdclass\', \'distclass\', \'ext_modules\', \'metadata\');data = {    key: value for key, value in dist.__dict__.items()     if (        not key.startswith(\'_\') and         not callable(value) and         key not in skip_keys and         key not in dist.display_option_names    )};data[\'metadata\'] = {    k: v for k, v in dist.metadata.__dict__.items()     if k not in (\'license_files\', \'provides_extras\')};sys.stdout.buffer.write(repr(data).encode(\'utf-8\'))']' returned non-zero exit status 1.'
[1.970s] DEBUG:colcon.colcon_core.event_reactor:joining thread
[1.986s] INFO:colcon.colcon_core.plugin_system:Skipping extension 'colcon_notification.desktop_notification.terminal_notifier': Not used on non-Darwin systems
[1.986s] INFO:colcon.colcon_core.plugin_system:Skipping extension 'colcon_notification.desktop_notification.win32': Not used on non-Windows systems
[1.986s] INFO:colcon.colcon_notification.desktop_notification:Sending desktop notification using 'notify2'
[2.005s] DEBUG:colcon.colcon_core.event_reactor:joined thread
[2.006s] INFO:colcon.colcon_core.shell:Creating prefix script '/home/ziczac/dev/skripsi_code/ros2_workspace/install/local_setup.ps1'
[2.009s] INFO:colcon.colcon_core.shell:Creating prefix util module '/home/ziczac/dev/skripsi_code/ros2_workspace/install/_local_setup_util_ps1.py'
[2.013s] INFO:colcon.colcon_core.shell:Creating prefix chain script '/home/ziczac/dev/skripsi_code/ros2_workspace/install/setup.ps1'
[2.017s] INFO:colcon.colcon_core.shell:Creating prefix script '/home/ziczac/dev/skripsi_code/ros2_workspace/install/local_setup.sh'
[2.019s] INFO:colcon.colcon_core.shell:Creating prefix util module '/home/ziczac/dev/skripsi_code/ros2_workspace/install/_local_setup_util_sh.py'
[2.020s] INFO:colcon.colcon_core.shell:Creating prefix chain script '/home/ziczac/dev/skripsi_code/ros2_workspace/install/setup.sh'
[2.026s] INFO:colcon.colcon_core.shell:Creating prefix script '/home/ziczac/dev/skripsi_code/ros2_workspace/install/local_setup.bash'
[2.027s] INFO:colcon.colcon_core.shell:Creating prefix chain script '/home/ziczac/dev/skripsi_code/ros2_workspace/install/setup.bash'
[2.032s] INFO:colcon.colcon_core.shell:Creating prefix script '/home/ziczac/dev/skripsi_code/ros2_workspace/install/local_setup.zsh'
[2.034s] INFO:colcon.colcon_core.shell:Creating prefix chain script '/home/ziczac/dev/skripsi_code/ros2_workspace/install/setup.zsh'
