[2.394s] Invoking command in '/home/ziczac/dev/skripsi_code/ros2_workspace/build/diff_drive': PYTHONPATH=/home/ziczac/dev/skripsi_code/ros2_workspace/build/diff_drive/prefix_override:/home/ziczac/dev/skripsi_code/ros2_workspace/install/diff_drive/lib/python3.10/site-packages:${PYTHONPATH} /usr/bin/python3 -W ignore:setup.py install is deprecated setup.py develop --uninstall --editable --build-directory /home/ziczac/dev/skripsi_code/ros2_workspace/build/diff_drive/build
[2.939s] running develop
[3.368s] Removing /home/ziczac/dev/skripsi_code/ros2_workspace/install/diff_drive/lib/python3.10/site-packages/diff-drive.egg-link (link to .)
[3.484s] Invoked command in '/home/ziczac/dev/skripsi_code/ros2_workspace/build/diff_drive' returned '0': PYTHONPATH=/home/ziczac/dev/skripsi_code/ros2_workspace/build/diff_drive/prefix_override:/home/ziczac/dev/skripsi_code/ros2_workspace/install/diff_drive/lib/python3.10/site-packages:${PYTHONPATH} /usr/bin/python3 -W ignore:setup.py install is deprecated setup.py develop --uninstall --editable --build-directory /home/ziczac/dev/skripsi_code/ros2_workspace/build/diff_drive/build
[3.494s] Invoking command in '/home/ziczac/dev/skripsi_code/ros2_workspace/src/diff_drive': PYTHONPATH=/home/ziczac/dev/skripsi_code/ros2_workspace/build/diff_drive/prefix_override:/home/ziczac/dev/skripsi_code/ros2_workspace/install/diff_drive/lib/python3.10/site-packages:${PYTHONPATH} /usr/bin/python3 -W ignore:setup.py install is deprecated setup.py egg_info --egg-base ../../build/diff_drive build --build-base /home/ziczac/dev/skripsi_code/ros2_workspace/build/diff_drive/build install --record /home/ziczac/dev/skripsi_code/ros2_workspace/build/diff_drive/install.log --single-version-externally-managed install_data --force
[4.040s] running egg_info
[4.041s] writing ../../build/diff_drive/diff_drive.egg-info/PKG-INFO
[4.042s] writing dependency_links to ../../build/diff_drive/diff_drive.egg-info/dependency_links.txt
[4.042s] writing entry points to ../../build/diff_drive/diff_drive.egg-info/entry_points.txt
[4.043s] writing requirements to ../../build/diff_drive/diff_drive.egg-info/requires.txt
[4.043s] writing top-level names to ../../build/diff_drive/diff_drive.egg-info/top_level.txt
[4.046s] reading manifest file '../../build/diff_drive/diff_drive.egg-info/SOURCES.txt'
[4.047s] writing manifest file '../../build/diff_drive/diff_drive.egg-info/SOURCES.txt'
[4.047s] running build
[4.048s] running build_py
[4.048s] copying diff_drive/robot_model.py -> /home/ziczac/dev/skripsi_code/ros2_workspace/build/diff_drive/build/lib/diff_drive
[4.073s] running install
[4.074s] running install_lib
[4.075s] creating /home/ziczac/dev/skripsi_code/ros2_workspace/install/diff_drive/lib/python3.10/site-packages/diff_drive
[4.076s] copying /home/ziczac/dev/skripsi_code/ros2_workspace/build/diff_drive/build/lib/diff_drive/robot_model.py -> /home/ziczac/dev/skripsi_code/ros2_workspace/install/diff_drive/lib/python3.10/site-packages/diff_drive
[4.076s] copying /home/ziczac/dev/skripsi_code/ros2_workspace/build/diff_drive/build/lib/diff_drive/__init__.py -> /home/ziczac/dev/skripsi_code/ros2_workspace/install/diff_drive/lib/python3.10/site-packages/diff_drive
[4.077s] byte-compiling /home/ziczac/dev/skripsi_code/ros2_workspace/install/diff_drive/lib/python3.10/site-packages/diff_drive/robot_model.py to robot_model.cpython-310.pyc
[4.079s] byte-compiling /home/ziczac/dev/skripsi_code/ros2_workspace/install/diff_drive/lib/python3.10/site-packages/diff_drive/__init__.py to __init__.cpython-310.pyc
[4.080s] running install_data
[4.080s] copying resource/diff_drive -> /home/ziczac/dev/skripsi_code/ros2_workspace/install/diff_drive/share/ament_index/resource_index/packages
[4.080s] copying package.xml -> /home/ziczac/dev/skripsi_code/ros2_workspace/install/diff_drive/share/diff_drive
[4.173s] running install_egg_info
[4.178s] Copying ../../build/diff_drive/diff_drive.egg-info to /home/ziczac/dev/skripsi_code/ros2_workspace/install/diff_drive/lib/python3.10/site-packages/diff_drive-0.0.0-py3.10.egg-info
[4.198s] running install_scripts
[4.235s] Installing diff_drive_model script to /home/ziczac/dev/skripsi_code/ros2_workspace/install/diff_drive/lib/diff_drive
[4.236s] writing list of installed files to '/home/ziczac/dev/skripsi_code/ros2_workspace/build/diff_drive/install.log'
[4.299s] Invoked command in '/home/ziczac/dev/skripsi_code/ros2_workspace/src/diff_drive' returned '0': PYTHONPATH=/home/ziczac/dev/skripsi_code/ros2_workspace/build/diff_drive/prefix_override:/home/ziczac/dev/skripsi_code/ros2_workspace/install/diff_drive/lib/python3.10/site-packages:${PYTHONPATH} /usr/bin/python3 -W ignore:setup.py install is deprecated setup.py egg_info --egg-base ../../build/diff_drive build --build-base /home/ziczac/dev/skripsi_code/ros2_workspace/build/diff_drive/build install --record /home/ziczac/dev/skripsi_code/ros2_workspace/build/diff_drive/install.log --single-version-externally-managed install_data --force
