[5.836s] Invoking command in '/home/ziczac/dev/skripsi_code/ros2_workspace/build/rosboard': PYTHONPATH=/home/ziczac/dev/skripsi_code/ros2_workspace/build/rosboard/prefix_override:/home/ziczac/dev/skripsi_code/ros2_workspace/install/rosboard/lib/python3.10/site-packages:${PYTHONPATH} /usr/bin/python3 setup.py develop --editable --build-directory /home/ziczac/dev/skripsi_code/ros2_workspace/build/rosboard/build --no-deps install_data
[7.744s] running develop
[7.753s] /home/ziczac/.local/lib/python3.10/site-packages/setuptools/command/develop.py:40: EasyInstallDeprecationWarning: easy_install command is deprecated.
[7.753s] !!
[7.753s] 
[7.754s]         ********************************************************************************
[7.754s]         Please avoid running ``setup.py`` and ``easy_install``.
[7.755s]         Instead, use pypa/build, pypa/installer or other
[7.755s]         standards-based tools.
[7.756s] 
[7.756s]         See https://github.com/pypa/setuptools/issues/917 for details.
[7.757s]         ********************************************************************************
[7.757s] 
[7.758s] !!
[7.758s]   easy_install.initialize_options(self)
[7.758s] /home/ziczac/.local/lib/python3.10/site-packages/setuptools/_distutils/cmd.py:66: SetuptoolsDeprecationWarning: setup.py install is deprecated.
[7.758s] !!
[7.758s] 
[7.759s]         ********************************************************************************
[7.759s]         Please avoid running ``setup.py`` directly.
[7.759s]         Instead, use pypa/build, pypa/installer or other
[7.759s]         standards-based tools.
[7.759s] 
[7.759s]         See https://blog.ganssle.io/articles/2021/10/setup-py-deprecated.html for details.
[7.759s]         ********************************************************************************
[7.759s] 
[7.759s] !!
[7.760s]   self.initialize_options()
[7.830s] running egg_info
[7.890s] writing rosboard.egg-info/PKG-INFO
[7.892s] writing dependency_links to rosboard.egg-info/dependency_links.txt
[7.892s] writing entry points to rosboard.egg-info/entry_points.txt
[7.893s] writing requirements to rosboard.egg-info/requires.txt
[7.893s] writing top-level names to rosboard.egg-info/top_level.txt
[8.023s] reading manifest file 'rosboard.egg-info/SOURCES.txt'
[8.026s] writing manifest file 'rosboard.egg-info/SOURCES.txt'
[8.131s] running build_ext
[8.131s] Creating /home/ziczac/dev/skripsi_code/ros2_workspace/install/rosboard/lib/python3.10/site-packages/rosboard.egg-link (link to .)
[8.133s] Installing rosboard_node script to /home/ziczac/dev/skripsi_code/ros2_workspace/install/rosboard/lib/rosboard
[8.133s] 
[8.134s] Installed /home/ziczac/dev/skripsi_code/ros2_workspace/build/rosboard
[8.134s] running install_data
[8.134s] copying package.xml -> /home/ziczac/dev/skripsi_code/ros2_workspace/install/rosboard/share/rosboard
[8.601s] Invoked command in '/home/ziczac/dev/skripsi_code/ros2_workspace/build/rosboard' returned '0': PYTHONPATH=/home/ziczac/dev/skripsi_code/ros2_workspace/build/rosboard/prefix_override:/home/ziczac/dev/skripsi_code/ros2_workspace/install/rosboard/lib/python3.10/site-packages:${PYTHONPATH} /usr/bin/python3 setup.py develop --editable --build-directory /home/ziczac/dev/skripsi_code/ros2_workspace/build/rosboard/build --no-deps install_data
