[2.456s] Invoking command in '/home/ziczac/dev/skripsi_code/ros2_workspace/build/log_odds_map': PYTHONPATH=/home/ziczac/dev/skripsi_code/ros2_workspace/build/log_odds_map/prefix_override:/home/ziczac/dev/skripsi_code/ros2_workspace/install/log_odds_map/lib/python3.10/site-packages:${PYTHONPATH} /usr/bin/python3 -W ignore:setup.py install is deprecated setup.py develop --uninstall --editable --build-directory /home/ziczac/dev/skripsi_code/ros2_workspace/build/log_odds_map/build
[2.995s] running develop
[3.486s] Removing /home/ziczac/dev/skripsi_code/ros2_workspace/install/log_odds_map/lib/python3.10/site-packages/log-odds-map.egg-link (link to .)
[3.576s] Invoked command in '/home/ziczac/dev/skripsi_code/ros2_workspace/build/log_odds_map' returned '0': PYTHONPATH=/home/ziczac/dev/skripsi_code/ros2_workspace/build/log_odds_map/prefix_override:/home/ziczac/dev/skripsi_code/ros2_workspace/install/log_odds_map/lib/python3.10/site-packages:${PYTHONPATH} /usr/bin/python3 -W ignore:setup.py install is deprecated setup.py develop --uninstall --editable --build-directory /home/ziczac/dev/skripsi_code/ros2_workspace/build/log_odds_map/build
[3.579s] Invoking command in '/home/ziczac/dev/skripsi_code/ros2_workspace/src/log_odds_map': PYTHONPATH=/home/ziczac/dev/skripsi_code/ros2_workspace/build/log_odds_map/prefix_override:/home/ziczac/dev/skripsi_code/ros2_workspace/install/log_odds_map/lib/python3.10/site-packages:${PYTHONPATH} /usr/bin/python3 -W ignore:setup.py install is deprecated setup.py egg_info --egg-base ../../build/log_odds_map build --build-base /home/ziczac/dev/skripsi_code/ros2_workspace/build/log_odds_map/build install --record /home/ziczac/dev/skripsi_code/ros2_workspace/build/log_odds_map/install.log --single-version-externally-managed install_data --force
[4.105s] running egg_info
[4.106s] writing ../../build/log_odds_map/log_odds_map.egg-info/PKG-INFO
[4.107s] writing dependency_links to ../../build/log_odds_map/log_odds_map.egg-info/dependency_links.txt
[4.107s] writing entry points to ../../build/log_odds_map/log_odds_map.egg-info/entry_points.txt
[4.107s] writing requirements to ../../build/log_odds_map/log_odds_map.egg-info/requires.txt
[4.108s] writing top-level names to ../../build/log_odds_map/log_odds_map.egg-info/top_level.txt
[4.112s] reading manifest file '../../build/log_odds_map/log_odds_map.egg-info/SOURCES.txt'
[4.114s] writing manifest file '../../build/log_odds_map/log_odds_map.egg-info/SOURCES.txt'
[4.114s] running build
[4.114s] running build_py
[4.115s] creating /home/ziczac/dev/skripsi_code/ros2_workspace/build/log_odds_map/build
[4.115s] creating /home/ziczac/dev/skripsi_code/ros2_workspace/build/log_odds_map/build/lib
[4.115s] creating /home/ziczac/dev/skripsi_code/ros2_workspace/build/log_odds_map/build/lib/log_odds_map
[4.115s] copying log_odds_map/occupancy.py -> /home/ziczac/dev/skripsi_code/ros2_workspace/build/log_odds_map/build/lib/log_odds_map
[4.115s] copying log_odds_map/localmap.py -> /home/ziczac/dev/skripsi_code/ros2_workspace/build/log_odds_map/build/lib/log_odds_map
[4.116s] copying log_odds_map/bresenham.py -> /home/ziczac/dev/skripsi_code/ros2_workspace/build/log_odds_map/build/lib/log_odds_map
[4.117s] copying log_odds_map/__init__.py -> /home/ziczac/dev/skripsi_code/ros2_workspace/build/log_odds_map/build/lib/log_odds_map
[4.118s] running install
[4.118s] running install_lib
[4.119s] creating /home/ziczac/dev/skripsi_code/ros2_workspace/install/log_odds_map/lib/python3.10/site-packages/log_odds_map
[4.119s] copying /home/ziczac/dev/skripsi_code/ros2_workspace/build/log_odds_map/build/lib/log_odds_map/occupancy.py -> /home/ziczac/dev/skripsi_code/ros2_workspace/install/log_odds_map/lib/python3.10/site-packages/log_odds_map
[4.119s] copying /home/ziczac/dev/skripsi_code/ros2_workspace/build/log_odds_map/build/lib/log_odds_map/localmap.py -> /home/ziczac/dev/skripsi_code/ros2_workspace/install/log_odds_map/lib/python3.10/site-packages/log_odds_map
[4.119s] copying /home/ziczac/dev/skripsi_code/ros2_workspace/build/log_odds_map/build/lib/log_odds_map/bresenham.py -> /home/ziczac/dev/skripsi_code/ros2_workspace/install/log_odds_map/lib/python3.10/site-packages/log_odds_map
[4.119s] copying /home/ziczac/dev/skripsi_code/ros2_workspace/build/log_odds_map/build/lib/log_odds_map/__init__.py -> /home/ziczac/dev/skripsi_code/ros2_workspace/install/log_odds_map/lib/python3.10/site-packages/log_odds_map
[4.121s] byte-compiling /home/ziczac/dev/skripsi_code/ros2_workspace/install/log_odds_map/lib/python3.10/site-packages/log_odds_map/occupancy.py to occupancy.cpython-310.pyc
[4.122s] byte-compiling /home/ziczac/dev/skripsi_code/ros2_workspace/install/log_odds_map/lib/python3.10/site-packages/log_odds_map/localmap.py to localmap.cpython-310.pyc
[4.124s] byte-compiling /home/ziczac/dev/skripsi_code/ros2_workspace/install/log_odds_map/lib/python3.10/site-packages/log_odds_map/bresenham.py to bresenham.cpython-310.pyc
[4.125s] byte-compiling /home/ziczac/dev/skripsi_code/ros2_workspace/install/log_odds_map/lib/python3.10/site-packages/log_odds_map/__init__.py to __init__.cpython-310.pyc
[4.125s] running install_data
[4.125s] copying resource/log_odds_map -> /home/ziczac/dev/skripsi_code/ros2_workspace/install/log_odds_map/share/ament_index/resource_index/packages
[4.126s] copying package.xml -> /home/ziczac/dev/skripsi_code/ros2_workspace/install/log_odds_map/share/log_odds_map
[4.126s] running install_egg_info
[4.129s] Copying ../../build/log_odds_map/log_odds_map.egg-info to /home/ziczac/dev/skripsi_code/ros2_workspace/install/log_odds_map/lib/python3.10/site-packages/log_odds_map-0.0.0-py3.10.egg-info
[4.148s] running install_scripts
[4.187s] Installing occ_map script to /home/ziczac/dev/skripsi_code/ros2_workspace/install/log_odds_map/lib/log_odds_map
[4.188s] writing list of installed files to '/home/ziczac/dev/skripsi_code/ros2_workspace/build/log_odds_map/install.log'
[4.254s] Invoked command in '/home/ziczac/dev/skripsi_code/ros2_workspace/src/log_odds_map' returned '0': PYTHONPATH=/home/ziczac/dev/skripsi_code/ros2_workspace/build/log_odds_map/prefix_override:/home/ziczac/dev/skripsi_code/ros2_workspace/install/log_odds_map/lib/python3.10/site-packages:${PYTHONPATH} /usr/bin/python3 -W ignore:setup.py install is deprecated setup.py egg_info --egg-base ../../build/log_odds_map build --build-base /home/ziczac/dev/skripsi_code/ros2_workspace/build/log_odds_map/build install --record /home/ziczac/dev/skripsi_code/ros2_workspace/build/log_odds_map/install.log --single-version-externally-managed install_data --force
