[11.858s] Invoking command in '/home/ziczac/dev/skripsi_code/ros2_workspace/build/diff_drive': PYTHONPATH=/home/ziczac/dev/skripsi_code/ros2_workspace/build/diff_drive/prefix_override:/home/ziczac/dev/skripsi_code/ros2_workspace/install/diff_drive/lib/python3.10/site-packages:${PYTHONPATH} /usr/bin/python3 setup.py develop --uninstall --editable --build-directory /home/ziczac/dev/skripsi_code/ros2_workspace/build/diff_drive/build
[13.284s] running develop
[14.398s] Removing /home/ziczac/dev/skripsi_code/ros2_workspace/install/diff_drive/lib/python3.10/site-packages/diff-drive.egg-link (link to .)
[14.525s] Invoked command in '/home/ziczac/dev/skripsi_code/ros2_workspace/build/diff_drive' returned '0': PYTHONPATH=/home/ziczac/dev/skripsi_code/ros2_workspace/build/diff_drive/prefix_override:/home/ziczac/dev/skripsi_code/ros2_workspace/install/diff_drive/lib/python3.10/site-packages:${PYTHONPATH} /usr/bin/python3 setup.py develop --uninstall --editable --build-directory /home/ziczac/dev/skripsi_code/ros2_workspace/build/diff_drive/build
[14.536s] Invoking command in '/home/ziczac/dev/skripsi_code/ros2_workspace/src/diff_drive': PYTHONPATH=/home/ziczac/dev/skripsi_code/ros2_workspace/build/diff_drive/prefix_override:/home/ziczac/dev/skripsi_code/ros2_workspace/install/diff_drive/lib/python3.10/site-packages:${PYTHONPATH} /usr/bin/python3 setup.py egg_info --egg-base ../../build/diff_drive build --build-base /home/ziczac/dev/skripsi_code/ros2_workspace/build/diff_drive/build install --record /home/ziczac/dev/skripsi_code/ros2_workspace/build/diff_drive/install.log --single-version-externally-managed
[15.664s] running egg_info
[15.665s] writing ../../build/diff_drive/diff_drive.egg-info/PKG-INFO
[15.666s] writing dependency_links to ../../build/diff_drive/diff_drive.egg-info/dependency_links.txt
[15.666s] writing entry points to ../../build/diff_drive/diff_drive.egg-info/entry_points.txt
[15.667s] writing requirements to ../../build/diff_drive/diff_drive.egg-info/requires.txt
[15.669s] writing top-level names to ../../build/diff_drive/diff_drive.egg-info/top_level.txt
[15.680s] reading manifest file '../../build/diff_drive/diff_drive.egg-info/SOURCES.txt'
[15.693s] writing manifest file '../../build/diff_drive/diff_drive.egg-info/SOURCES.txt'
[15.697s] running build
[15.698s] running build_py
[15.698s] copying diff_drive/robot_model.py -> /home/ziczac/dev/skripsi_code/ros2_workspace/build/diff_drive/build/lib/diff_drive
[15.716s] running install
[15.717s] running install_lib
[15.718s] creating /home/ziczac/dev/skripsi_code/ros2_workspace/install/diff_drive/lib/python3.10/site-packages/diff_drive
[15.719s] copying /home/ziczac/dev/skripsi_code/ros2_workspace/build/diff_drive/build/lib/diff_drive/robot_model.py -> /home/ziczac/dev/skripsi_code/ros2_workspace/install/diff_drive/lib/python3.10/site-packages/diff_drive
[15.719s] copying /home/ziczac/dev/skripsi_code/ros2_workspace/build/diff_drive/build/lib/diff_drive/__init__.py -> /home/ziczac/dev/skripsi_code/ros2_workspace/install/diff_drive/lib/python3.10/site-packages/diff_drive
[15.723s] byte-compiling /home/ziczac/dev/skripsi_code/ros2_workspace/install/diff_drive/lib/python3.10/site-packages/diff_drive/robot_model.py to robot_model.cpython-310.pyc
[15.729s] byte-compiling /home/ziczac/dev/skripsi_code/ros2_workspace/install/diff_drive/lib/python3.10/site-packages/diff_drive/__init__.py to __init__.cpython-310.pyc
[15.729s] running install_data
[15.732s] running install_egg_info
[15.737s] Copying ../../build/diff_drive/diff_drive.egg-info to /home/ziczac/dev/skripsi_code/ros2_workspace/install/diff_drive/lib/python3.10/site-packages/diff_drive-0.0.0-py3.10.egg-info
[15.879s] running install_scripts
[15.958s] Installing diff_drive_model script to /home/ziczac/dev/skripsi_code/ros2_workspace/install/diff_drive/lib/diff_drive
[15.959s] writing list of installed files to '/home/ziczac/dev/skripsi_code/ros2_workspace/build/diff_drive/install.log'
[16.043s] Invoked command in '/home/ziczac/dev/skripsi_code/ros2_workspace/src/diff_drive' returned '0': PYTHONPATH=/home/ziczac/dev/skripsi_code/ros2_workspace/build/diff_drive/prefix_override:/home/ziczac/dev/skripsi_code/ros2_workspace/install/diff_drive/lib/python3.10/site-packages:${PYTHONPATH} /usr/bin/python3 setup.py egg_info --egg-base ../../build/diff_drive build --build-base /home/ziczac/dev/skripsi_code/ros2_workspace/build/diff_drive/build install --record /home/ziczac/dev/skripsi_code/ros2_workspace/build/diff_drive/install.log --single-version-externally-managed
