[0.112s] Invoking command in '/home/ziczac/dev/skripsi_code/ros2_workspace/build/serial': CMAKE_PREFIX_PATH=${CMAKE_PREFIX_PATH}:/home/ziczac/dev/skripsi_code/ros2_workspace/install/motor:/home/ziczac/dev/skripsi_code/ros2_workspace/install/gui:/home/ziczac/dev/skripsi_code/ros2_workspace/install/rosboard:/home/ziczac/dev/skripsi_code/ros2_workspace/install/log_odds_map:/home/ziczac/dev/skripsi_code/ros2_workspace/install/icp_graph_slam:/home/ziczac/dev/skripsi_code/ros2_workspace/install/diff_drive:/opt/ros/humble /usr/bin/cmake --build /home/ziczac/dev/skripsi_code/ros2_workspace/build/serial -- -j8 -l8
[2.912s] [100%] Built target serial
[2.918s] Invoked command in '/home/ziczac/dev/skripsi_code/ros2_workspace/build/serial' returned '0': CMAKE_PREFIX_PATH=${CMAKE_PREFIX_PATH}:/home/ziczac/dev/skripsi_code/ros2_workspace/install/motor:/home/ziczac/dev/skripsi_code/ros2_workspace/install/gui:/home/ziczac/dev/skripsi_code/ros2_workspace/install/rosboard:/home/ziczac/dev/skripsi_code/ros2_workspace/install/log_odds_map:/home/ziczac/dev/skripsi_code/ros2_workspace/install/icp_graph_slam:/home/ziczac/dev/skripsi_code/ros2_workspace/install/diff_drive:/opt/ros/humble /usr/bin/cmake --build /home/ziczac/dev/skripsi_code/ros2_workspace/build/serial -- -j8 -l8
[3.888s] Invoking command in '/home/ziczac/dev/skripsi_code/ros2_workspace/build/serial': CMAKE_PREFIX_PATH=${CMAKE_PREFIX_PATH}:/home/ziczac/dev/skripsi_code/ros2_workspace/install/motor:/home/ziczac/dev/skripsi_code/ros2_workspace/install/gui:/home/ziczac/dev/skripsi_code/ros2_workspace/install/rosboard:/home/ziczac/dev/skripsi_code/ros2_workspace/install/log_odds_map:/home/ziczac/dev/skripsi_code/ros2_workspace/install/icp_graph_slam:/home/ziczac/dev/skripsi_code/ros2_workspace/install/diff_drive:/opt/ros/humble /usr/bin/cmake --install /home/ziczac/dev/skripsi_code/ros2_workspace/build/serial
[3.919s] -- Install configuration: ""
[3.921s] -- Execute custom install script
[3.922s] -- Up-to-date symlink: /home/ziczac/dev/skripsi_code/ros2_workspace/install/serial/share/serial/environment/library_path.sh
[3.922s] -- Up-to-date symlink: /home/ziczac/dev/skripsi_code/ros2_workspace/install/serial/share/serial/environment/library_path.dsv
[3.923s] -- Up-to-date symlink: /home/ziczac/dev/skripsi_code/ros2_workspace/install/serial/lib/libserial.a
[3.924s] -- Up-to-date symlink: /home/ziczac/dev/skripsi_code/ros2_workspace/install/serial/include/serial/serial.h
[3.924s] -- Up-to-date symlink: /home/ziczac/dev/skripsi_code/ros2_workspace/install/serial/include/serial/v8stdint.h
[3.925s] -- Up-to-date symlink: /home/ziczac/dev/skripsi_code/ros2_workspace/install/serial/share/ament_index/resource_index/package_run_dependencies/serial
[3.925s] -- Up-to-date symlink: /home/ziczac/dev/skripsi_code/ros2_workspace/install/serial/share/ament_index/resource_index/parent_prefix_path/serial
[3.927s] -- Up-to-date symlink: /home/ziczac/dev/skripsi_code/ros2_workspace/install/serial/share/serial/environment/ament_prefix_path.sh
[3.927s] -- Up-to-date symlink: /home/ziczac/dev/skripsi_code/ros2_workspace/install/serial/share/serial/environment/ament_prefix_path.dsv
[3.929s] -- Up-to-date symlink: /home/ziczac/dev/skripsi_code/ros2_workspace/install/serial/share/serial/environment/path.sh
[3.929s] -- Up-to-date symlink: /home/ziczac/dev/skripsi_code/ros2_workspace/install/serial/share/serial/environment/path.dsv
[3.929s] -- Up-to-date symlink: /home/ziczac/dev/skripsi_code/ros2_workspace/install/serial/share/serial/local_setup.bash
[3.930s] -- Up-to-date symlink: /home/ziczac/dev/skripsi_code/ros2_workspace/install/serial/share/serial/local_setup.sh
[3.930s] -- Up-to-date symlink: /home/ziczac/dev/skripsi_code/ros2_workspace/install/serial/share/serial/local_setup.zsh
[3.931s] -- Up-to-date symlink: /home/ziczac/dev/skripsi_code/ros2_workspace/install/serial/share/serial/local_setup.dsv
[3.938s] -- Symlinking: /home/ziczac/dev/skripsi_code/ros2_workspace/install/serial/share/serial/package.dsv
[3.973s] -- Up-to-date symlink: /home/ziczac/dev/skripsi_code/ros2_workspace/install/serial/share/ament_index/resource_index/packages/serial
[3.974s] -- Up-to-date symlink: /home/ziczac/dev/skripsi_code/ros2_workspace/install/serial/share/serial/cmake/ament_cmake_export_include_directories-extras.cmake
[3.978s] -- Up-to-date symlink: /home/ziczac/dev/skripsi_code/ros2_workspace/install/serial/share/serial/cmake/ament_cmake_export_libraries-extras.cmake
[3.978s] -- Up-to-date symlink: /home/ziczac/dev/skripsi_code/ros2_workspace/install/serial/share/serial/cmake/serialConfig.cmake
[3.980s] -- Up-to-date symlink: /home/ziczac/dev/skripsi_code/ros2_workspace/install/serial/share/serial/cmake/serialConfig-version.cmake
[3.981s] -- Up-to-date symlink: /home/ziczac/dev/skripsi_code/ros2_workspace/install/serial/share/serial/package.xml
[3.995s] Invoked command in '/home/ziczac/dev/skripsi_code/ros2_workspace/build/serial' returned '0': CMAKE_PREFIX_PATH=${CMAKE_PREFIX_PATH}:/home/ziczac/dev/skripsi_code/ros2_workspace/install/motor:/home/ziczac/dev/skripsi_code/ros2_workspace/install/gui:/home/ziczac/dev/skripsi_code/ros2_workspace/install/rosboard:/home/ziczac/dev/skripsi_code/ros2_workspace/install/log_odds_map:/home/ziczac/dev/skripsi_code/ros2_workspace/install/icp_graph_slam:/home/ziczac/dev/skripsi_code/ros2_workspace/install/diff_drive:/opt/ros/humble /usr/bin/cmake --install /home/ziczac/dev/skripsi_code/ros2_workspace/build/serial
