[6.773s] Invoking command in '/home/ziczac/dev/skripsi_code/ros2_workspace/build/motor': PYTHONPATH=/home/ziczac/dev/skripsi_code/ros2_workspace/build/motor/prefix_override:/home/ziczac/dev/skripsi_code/ros2_workspace/install/motor/lib/python3.10/site-packages:${PYTHONPATH} /usr/bin/python3 setup.py develop --editable --build-directory /home/ziczac/dev/skripsi_code/ros2_workspace/build/motor/build --no-deps install_data
[7.716s] running develop
[7.716s] /home/ziczac/.local/lib/python3.10/site-packages/setuptools/command/develop.py:40: EasyInstallDeprecationWarning: easy_install command is deprecated.
[7.716s] !!
[7.716s] 
[7.716s]         ********************************************************************************
[7.716s]         Please avoid running ``setup.py`` and ``easy_install``.
[7.717s]         Instead, use pypa/build, pypa/installer or other
[7.717s]         standards-based tools.
[7.717s] 
[7.717s]         See https://github.com/pypa/setuptools/issues/917 for details.
[7.717s]         ********************************************************************************
[7.718s] 
[7.718s] !!
[7.718s]   easy_install.initialize_options(self)
[7.842s] /home/ziczac/.local/lib/python3.10/site-packages/setuptools/_distutils/cmd.py:66: SetuptoolsDeprecationWarning: setup.py install is deprecated.
[7.843s] !!
[7.843s] 
[7.843s]         ********************************************************************************
[7.843s]         Please avoid running ``setup.py`` directly.
[7.844s]         Instead, use pypa/build, pypa/installer or other
[7.844s]         standards-based tools.
[7.844s] 
[7.844s]         See https://blog.ganssle.io/articles/2021/10/setup-py-deprecated.html for details.
[7.844s]         ********************************************************************************
[7.845s] 
[7.845s] !!
[7.845s]   self.initialize_options()
[8.320s] running egg_info
[8.384s] writing motor.egg-info/PKG-INFO
[8.385s] writing dependency_links to motor.egg-info/dependency_links.txt
[8.385s] writing entry points to motor.egg-info/entry_points.txt
[8.385s] writing requirements to motor.egg-info/requires.txt
[8.386s] writing top-level names to motor.egg-info/top_level.txt
[8.465s] reading manifest file 'motor.egg-info/SOURCES.txt'
[8.466s] writing manifest file 'motor.egg-info/SOURCES.txt'
[8.532s] running build_ext
[8.532s] Creating /home/ziczac/dev/skripsi_code/ros2_workspace/install/motor/lib/python3.10/site-packages/motor.egg-link (link to .)
[8.687s] Installing motor script to /home/ziczac/dev/skripsi_code/ros2_workspace/install/motor/lib/motor
[8.688s] 
[8.688s] Installed /home/ziczac/dev/skripsi_code/ros2_workspace/build/motor
[8.689s] running install_data
[8.690s] copying resource/motor -> /home/ziczac/dev/skripsi_code/ros2_workspace/install/motor/share/ament_index/resource_index/packages
[8.690s] copying package.xml -> /home/ziczac/dev/skripsi_code/ros2_workspace/install/motor/share/motor
[10.354s] Invoked command in '/home/ziczac/dev/skripsi_code/ros2_workspace/build/motor' returned '0': PYTHONPATH=/home/ziczac/dev/skripsi_code/ros2_workspace/build/motor/prefix_override:/home/ziczac/dev/skripsi_code/ros2_workspace/install/motor/lib/python3.10/site-packages:${PYTHONPATH} /usr/bin/python3 setup.py develop --editable --build-directory /home/ziczac/dev/skripsi_code/ros2_workspace/build/motor/build --no-deps install_data
