[0.105s] Invoking command in '/home/ziczac/dev/skripsi_code/ROS2-PLICP-POSE-GRAPH/build/wheel_interfaces': CMAKE_PREFIX_PATH=${CMAKE_PREFIX_PATH}:/home/ziczac/dev/skripsi_code/ros2_workspace/install/motor:/home/ziczac/dev/skripsi_code/ros2_workspace/install/gui:/home/ziczac/dev/skripsi_code/ros2_workspace/install/rosboard:/home/ziczac/dev/skripsi_code/ros2_workspace/install/log_odds_map:/home/ziczac/dev/skripsi_code/ros2_workspace/install/diff_drive:/home/ziczac/dev/skripsi_code/ROS2-PLICP-POSE-GRAPH/install/motor:/home/ziczac/dev/skripsi_code/ROS2-PLICP-POSE-GRAPH/install/gui:/home/ziczac/dev/skripsi_code/ROS2-PLICP-POSE-GRAPH/install/rosboard:/home/ziczac/dev/skripsi_code/ROS2-PLICP-POSE-GRAPH/install/log_odds_map:/home/ziczac/dev/skripsi_code/ROS2-PLICP-POSE-GRAPH/install/icp_graph_slam:/home/ziczac/dev/skripsi_code/ROS2-PLICP-POSE-GRAPH/install/diff_drive:/opt/ros/humble /usr/bin/cmake --build /home/ziczac/dev/skripsi_code/ROS2-PLICP-POSE-GRAPH/build/wheel_interfaces -- -j8 -l8
[1.649s] -- Found ament_cmake: 1.3.9 (/opt/ros/humble/share/ament_cmake/cmake)
[2.188s] -- Override CMake install command with custom implementation using symlinks instead of copying resources
[2.579s] -- Found rosidl_default_generators: 1.2.0 (/opt/ros/humble/share/rosidl_default_generators/cmake)
[2.760s] -- Using all available rosidl_typesupport_c: rosidl_typesupport_fastrtps_c;rosidl_typesupport_introspection_c
[3.053s] -- Found rosidl_adapter: 3.1.5 (/opt/ros/humble/share/rosidl_adapter/cmake)
[3.780s] -- Using all available rosidl_typesupport_cpp: rosidl_typesupport_fastrtps_cpp;rosidl_typesupport_introspection_cpp
[5.195s] -- Found ament_cmake_ros: 0.10.0 (/opt/ros/humble/share/ament_cmake_ros/cmake)
[5.999s] -- Using all available rosidl_typesupport_c: rosidl_typesupport_fastrtps_c;rosidl_typesupport_introspection_c
[6.539s] -- Using all available rosidl_typesupport_cpp: rosidl_typesupport_fastrtps_cpp;rosidl_typesupport_introspection_cpp
[6.604s] -- Found python_cmake_module: 0.10.0 (/opt/ros/humble/share/python_cmake_module/cmake)
[6.741s] -- Using PYTHON_EXECUTABLE: /usr/bin/python3
[6.742s] -- Using PYTHON_INCLUDE_DIRS: /usr/include/python3.10
[6.742s] -- Using PYTHON_LIBRARIES: /usr/lib/x86_64-linux-gnu/libpython3.10.so
[7.058s] -- Configuring done
[7.536s] -- Generating done
[7.548s] -- Build files have been written to: /home/ziczac/dev/skripsi_code/ROS2-PLICP-POSE-GRAPH/build/wheel_interfaces
[7.601s] [35m[1mConsolidate compiler generated dependencies of target wheel_interfaces__rosidl_generator_c[0m
[7.626s] [  3%] [32mBuilding C object CMakeFiles/wheel_interfaces__rosidl_generator_c.dir/rosidl_generator_c/wheel_interfaces/msg/detail/wheel_infos__functions.c.o[0m
[7.630s] [  6%] Built target wheel_interfaces__cpp
[7.631s] [  6%] Built target ament_cmake_python_symlink_wheel_interfaces
[7.647s] [35m[1mConsolidate compiler generated dependencies of target wheel_interfaces__rosidl_typesupport_fastrtps_cpp[0m
[7.651s] [35m[1mConsolidate compiler generated dependencies of target wheel_interfaces__rosidl_typesupport_cpp[0m
[7.651s] [35m[1mConsolidate compiler generated dependencies of target wheel_interfaces__rosidl_typesupport_introspection_cpp[0m
[7.670s] [  9%] [32mBuilding CXX object CMakeFiles/wheel_interfaces__rosidl_typesupport_fastrtps_cpp.dir/rosidl_typesupport_fastrtps_cpp/wheel_interfaces/msg/detail/dds_fastrtps/wheel_infos__type_support.cpp.o[0m
[7.677s] [ 12%] [32mBuilding CXX object CMakeFiles/wheel_interfaces__rosidl_typesupport_cpp.dir/rosidl_typesupport_cpp/wheel_interfaces/msg/wheel_infos__type_support.cpp.o[0m
[7.748s] [ 16%] [32mBuilding CXX object CMakeFiles/wheel_interfaces__rosidl_typesupport_introspection_cpp.dir/rosidl_typesupport_introspection_cpp/wheel_interfaces/msg/detail/wheel_infos__type_support.cpp.o[0m
[8.318s] running egg_info
[8.321s] writing wheel_interfaces.egg-info/PKG-INFO
[8.321s] writing dependency_links to wheel_interfaces.egg-info/dependency_links.txt
[8.321s] writing top-level names to wheel_interfaces.egg-info/top_level.txt
[8.328s] reading manifest file 'wheel_interfaces.egg-info/SOURCES.txt'
[8.329s] writing manifest file 'wheel_interfaces.egg-info/SOURCES.txt'
[8.398s] [ 16%] Built target ament_cmake_python_build_wheel_interfaces_egg
[9.050s] [ 19%] [32m[1mLinking C shared library libwheel_interfaces__rosidl_generator_c.so[0m
[9.413s] [ 22%] Built target wheel_interfaces__rosidl_generator_c
[9.537s] [35m[1mConsolidate compiler generated dependencies of target wheel_interfaces__rosidl_typesupport_fastrtps_c[0m
[9.546s] [35m[1mConsolidate compiler generated dependencies of target wheel_interfaces__rosidl_typesupport_c[0m
[9.546s] [35m[1mConsolidate compiler generated dependencies of target wheel_interfaces__rosidl_typesupport_introspection_c[0m
[9.656s] [ 25%] [32mBuilding CXX object CMakeFiles/wheel_interfaces__rosidl_typesupport_c.dir/rosidl_typesupport_c/wheel_interfaces/msg/wheel_infos__type_support.cpp.o[0m
[9.706s] [ 29%] [32mBuilding CXX object CMakeFiles/wheel_interfaces__rosidl_typesupport_fastrtps_c.dir/rosidl_typesupport_fastrtps_c/wheel_interfaces/msg/detail/wheel_infos__type_support_c.cpp.o[0m
[9.722s] [ 32%] [32mBuilding C object CMakeFiles/wheel_interfaces__rosidl_typesupport_introspection_c.dir/rosidl_typesupport_introspection_c/wheel_interfaces/msg/detail/wheel_infos__type_support.c.o[0m
[9.977s] [ 35%] [32m[1mLinking CXX shared library libwheel_interfaces__rosidl_typesupport_c.so[0m
[10.057s] [ 38%] [32m[1mLinking C shared library libwheel_interfaces__rosidl_typesupport_introspection_c.so[0m
[10.102s] [ 41%] [32m[1mLinking CXX shared library libwheel_interfaces__rosidl_typesupport_cpp.so[0m
[10.294s] [ 45%] Built target wheel_interfaces__rosidl_typesupport_c
[10.330s] [ 48%] Built target wheel_interfaces__rosidl_typesupport_introspection_c
[10.472s] [ 51%] Built target wheel_interfaces__rosidl_typesupport_cpp
[10.725s] [ 54%] [32m[1mLinking CXX shared library libwheel_interfaces__rosidl_typesupport_introspection_cpp.so[0m
[11.010s] [ 58%] [32m[1mLinking CXX shared library libwheel_interfaces__rosidl_typesupport_fastrtps_cpp.so[0m
[11.136s] [ 61%] Built target wheel_interfaces__rosidl_typesupport_introspection_cpp
[11.336s] [ 64%] [32m[1mLinking CXX shared library libwheel_interfaces__rosidl_typesupport_fastrtps_c.so[0m
[11.513s] [ 67%] Built target wheel_interfaces__rosidl_typesupport_fastrtps_cpp
[11.762s] [ 70%] Built target wheel_interfaces__rosidl_typesupport_fastrtps_c
[11.957s] [ 70%] Built target wheel_interfaces
[12.127s] [ 74%] Built target wheel_interfaces__py
[12.180s] [35m[1mConsolidate compiler generated dependencies of target wheel_interfaces__rosidl_generator_py[0m
[12.260s] [ 77%] [32mBuilding C object CMakeFiles/wheel_interfaces__rosidl_generator_py.dir/rosidl_generator_py/wheel_interfaces/msg/_wheel_infos_s.c.o[0m
[13.198s] [ 80%] [32m[1mLinking C shared library rosidl_generator_py/wheel_interfaces/libwheel_interfaces__rosidl_generator_py.so[0m
[13.265s] [ 80%] Built target wheel_interfaces__rosidl_generator_py
[13.284s] [35m[1mConsolidate compiler generated dependencies of target wheel_interfaces__rosidl_typesupport_c__pyext[0m
[13.287s] [35m[1mConsolidate compiler generated dependencies of target wheel_interfaces__rosidl_typesupport_introspection_c__pyext[0m
[13.298s] [35m[1mConsolidate compiler generated dependencies of target wheel_interfaces__rosidl_typesupport_fastrtps_c__pyext[0m
[13.313s] [ 83%] [32mBuilding C object CMakeFiles/wheel_interfaces__rosidl_typesupport_c__pyext.dir/rosidl_generator_py/wheel_interfaces/_wheel_interfaces_s.ep.rosidl_typesupport_c.c.o[0m
[13.316s] [ 87%] [32mBuilding C object CMakeFiles/wheel_interfaces__rosidl_typesupport_introspection_c__pyext.dir/rosidl_generator_py/wheel_interfaces/_wheel_interfaces_s.ep.rosidl_typesupport_introspection_c.c.o[0m
[13.331s] [ 90%] [32mBuilding C object CMakeFiles/wheel_interfaces__rosidl_typesupport_fastrtps_c__pyext.dir/rosidl_generator_py/wheel_interfaces/_wheel_interfaces_s.ep.rosidl_typesupport_fastrtps_c.c.o[0m
[13.495s] [ 93%] [32m[1mLinking C shared library rosidl_generator_py/wheel_interfaces/wheel_interfaces_s__rosidl_typesupport_c.cpython-310-x86_64-linux-gnu.so[0m
[13.505s] [ 96%] [32m[1mLinking C shared library rosidl_generator_py/wheel_interfaces/wheel_interfaces_s__rosidl_typesupport_introspection_c.cpython-310-x86_64-linux-gnu.so[0m
[13.533s] [100%] [32m[1mLinking C shared library rosidl_generator_py/wheel_interfaces/wheel_interfaces_s__rosidl_typesupport_fastrtps_c.cpython-310-x86_64-linux-gnu.so[0m
[13.577s] [100%] Built target wheel_interfaces__rosidl_typesupport_c__pyext
[13.602s] [100%] Built target wheel_interfaces__rosidl_typesupport_introspection_c__pyext
[13.624s] [100%] Built target wheel_interfaces__rosidl_typesupport_fastrtps_c__pyext
[13.657s] Invoked command in '/home/ziczac/dev/skripsi_code/ROS2-PLICP-POSE-GRAPH/build/wheel_interfaces' returned '0': CMAKE_PREFIX_PATH=${CMAKE_PREFIX_PATH}:/home/ziczac/dev/skripsi_code/ros2_workspace/install/motor:/home/ziczac/dev/skripsi_code/ros2_workspace/install/gui:/home/ziczac/dev/skripsi_code/ros2_workspace/install/rosboard:/home/ziczac/dev/skripsi_code/ros2_workspace/install/log_odds_map:/home/ziczac/dev/skripsi_code/ros2_workspace/install/diff_drive:/home/ziczac/dev/skripsi_code/ROS2-PLICP-POSE-GRAPH/install/motor:/home/ziczac/dev/skripsi_code/ROS2-PLICP-POSE-GRAPH/install/gui:/home/ziczac/dev/skripsi_code/ROS2-PLICP-POSE-GRAPH/install/rosboard:/home/ziczac/dev/skripsi_code/ROS2-PLICP-POSE-GRAPH/install/log_odds_map:/home/ziczac/dev/skripsi_code/ROS2-PLICP-POSE-GRAPH/install/icp_graph_slam:/home/ziczac/dev/skripsi_code/ROS2-PLICP-POSE-GRAPH/install/diff_drive:/opt/ros/humble /usr/bin/cmake --build /home/ziczac/dev/skripsi_code/ROS2-PLICP-POSE-GRAPH/build/wheel_interfaces -- -j8 -l8
[13.866s] Invoking command in '/home/ziczac/dev/skripsi_code/ROS2-PLICP-POSE-GRAPH/build/wheel_interfaces': CMAKE_PREFIX_PATH=${CMAKE_PREFIX_PATH}:/home/ziczac/dev/skripsi_code/ros2_workspace/install/motor:/home/ziczac/dev/skripsi_code/ros2_workspace/install/gui:/home/ziczac/dev/skripsi_code/ros2_workspace/install/rosboard:/home/ziczac/dev/skripsi_code/ros2_workspace/install/log_odds_map:/home/ziczac/dev/skripsi_code/ros2_workspace/install/diff_drive:/home/ziczac/dev/skripsi_code/ROS2-PLICP-POSE-GRAPH/install/motor:/home/ziczac/dev/skripsi_code/ROS2-PLICP-POSE-GRAPH/install/gui:/home/ziczac/dev/skripsi_code/ROS2-PLICP-POSE-GRAPH/install/rosboard:/home/ziczac/dev/skripsi_code/ROS2-PLICP-POSE-GRAPH/install/log_odds_map:/home/ziczac/dev/skripsi_code/ROS2-PLICP-POSE-GRAPH/install/icp_graph_slam:/home/ziczac/dev/skripsi_code/ROS2-PLICP-POSE-GRAPH/install/diff_drive:/opt/ros/humble /usr/bin/cmake --install /home/ziczac/dev/skripsi_code/ROS2-PLICP-POSE-GRAPH/build/wheel_interfaces
[13.884s] -- Install configuration: ""
[13.885s] -- Execute custom install script
[13.886s] -- Up-to-date symlink: /home/ziczac/dev/skripsi_code/ROS2-PLICP-POSE-GRAPH/install/wheel_interfaces/share/ament_index/resource_index/rosidl_interfaces/wheel_interfaces
[13.903s] -- Up-to-date symlink: /home/ziczac/dev/skripsi_code/ROS2-PLICP-POSE-GRAPH/install/wheel_interfaces/include/wheel_interfaces/wheel_interfaces/msg/detail/wheel_infos__functions.h
[13.914s] -- Up-to-date symlink: /home/ziczac/dev/skripsi_code/ROS2-PLICP-POSE-GRAPH/install/wheel_interfaces/include/wheel_interfaces/wheel_interfaces/msg/detail/wheel_infos__struct.h
[13.958s] -- Up-to-date symlink: /home/ziczac/dev/skripsi_code/ROS2-PLICP-POSE-GRAPH/install/wheel_interfaces/include/wheel_interfaces/wheel_interfaces/msg/detail/wheel_infos__type_support.h
[13.969s] -- Up-to-date symlink: /home/ziczac/dev/skripsi_code/ROS2-PLICP-POSE-GRAPH/install/wheel_interfaces/include/wheel_interfaces/wheel_interfaces/msg/rosidl_generator_c__visibility_control.h
[13.973s] -- Up-to-date symlink: /home/ziczac/dev/skripsi_code/ROS2-PLICP-POSE-GRAPH/install/wheel_interfaces/include/wheel_interfaces/wheel_interfaces/msg/wheel_infos.h
[13.981s] -- Up-to-date symlink: /home/ziczac/dev/skripsi_code/ROS2-PLICP-POSE-GRAPH/install/wheel_interfaces/share/wheel_interfaces/environment/library_path.sh
[13.993s] -- Up-to-date symlink: /home/ziczac/dev/skripsi_code/ROS2-PLICP-POSE-GRAPH/install/wheel_interfaces/share/wheel_interfaces/environment/library_path.dsv
[14.012s] -- Up-to-date symlink: /home/ziczac/dev/skripsi_code/ROS2-PLICP-POSE-GRAPH/install/wheel_interfaces/include/wheel_interfaces/wheel_interfaces/msg/detail/wheel_infos__rosidl_typesupport_fastrtps_c.h
[14.012s] -- Up-to-date symlink: /home/ziczac/dev/skripsi_code/ROS2-PLICP-POSE-GRAPH/install/wheel_interfaces/include/wheel_interfaces/wheel_interfaces/msg/rosidl_typesupport_fastrtps_c__visibility_control.h
[14.026s] -- Up-to-date symlink: /home/ziczac/dev/skripsi_code/ROS2-PLICP-POSE-GRAPH/install/wheel_interfaces/include/wheel_interfaces/wheel_interfaces/msg/detail/wheel_infos__rosidl_typesupport_introspection_c.h
[14.026s] -- Up-to-date symlink: /home/ziczac/dev/skripsi_code/ROS2-PLICP-POSE-GRAPH/install/wheel_interfaces/include/wheel_interfaces/wheel_interfaces/msg/rosidl_typesupport_introspection_c__visibility_control.h
[14.034s] -- Up-to-date symlink: /home/ziczac/dev/skripsi_code/ROS2-PLICP-POSE-GRAPH/install/wheel_interfaces/include/wheel_interfaces/wheel_interfaces/msg/detail/wheel_infos__builder.hpp
[14.034s] -- Up-to-date symlink: /home/ziczac/dev/skripsi_code/ROS2-PLICP-POSE-GRAPH/install/wheel_interfaces/include/wheel_interfaces/wheel_interfaces/msg/detail/wheel_infos__struct.hpp
[14.035s] -- Up-to-date symlink: /home/ziczac/dev/skripsi_code/ROS2-PLICP-POSE-GRAPH/install/wheel_interfaces/include/wheel_interfaces/wheel_interfaces/msg/detail/wheel_infos__traits.hpp
[14.035s] -- Up-to-date symlink: /home/ziczac/dev/skripsi_code/ROS2-PLICP-POSE-GRAPH/install/wheel_interfaces/include/wheel_interfaces/wheel_interfaces/msg/wheel_infos.hpp
[14.048s] -- Up-to-date symlink: /home/ziczac/dev/skripsi_code/ROS2-PLICP-POSE-GRAPH/install/wheel_interfaces/include/wheel_interfaces/wheel_interfaces/msg/detail/wheel_infos__rosidl_typesupport_fastrtps_cpp.hpp
[14.049s] -- Up-to-date symlink: /home/ziczac/dev/skripsi_code/ROS2-PLICP-POSE-GRAPH/install/wheel_interfaces/include/wheel_interfaces/wheel_interfaces/msg/rosidl_typesupport_fastrtps_cpp__visibility_control.h
[14.050s] -- Up-to-date symlink: /home/ziczac/dev/skripsi_code/ROS2-PLICP-POSE-GRAPH/install/wheel_interfaces/include/wheel_interfaces/wheel_interfaces/msg/detail/wheel_infos__rosidl_typesupport_introspection_cpp.hpp
[14.051s] -- Up-to-date symlink: /home/ziczac/dev/skripsi_code/ROS2-PLICP-POSE-GRAPH/install/wheel_interfaces/share/wheel_interfaces/environment/pythonpath.sh
[14.051s] -- Up-to-date symlink: /home/ziczac/dev/skripsi_code/ROS2-PLICP-POSE-GRAPH/install/wheel_interfaces/share/wheel_interfaces/environment/pythonpath.dsv
[14.052s] -- Up-to-date symlink: /home/ziczac/dev/skripsi_code/ROS2-PLICP-POSE-GRAPH/install/wheel_interfaces/local/lib/python3.10/dist-packages/wheel_interfaces-0.0.0-py3.10.egg-info/PKG-INFO
[14.052s] -- Up-to-date symlink: /home/ziczac/dev/skripsi_code/ROS2-PLICP-POSE-GRAPH/install/wheel_interfaces/local/lib/python3.10/dist-packages/wheel_interfaces-0.0.0-py3.10.egg-info/SOURCES.txt
[14.053s] -- Up-to-date symlink: /home/ziczac/dev/skripsi_code/ROS2-PLICP-POSE-GRAPH/install/wheel_interfaces/local/lib/python3.10/dist-packages/wheel_interfaces-0.0.0-py3.10.egg-info/dependency_links.txt
[14.053s] -- Up-to-date symlink: /home/ziczac/dev/skripsi_code/ROS2-PLICP-POSE-GRAPH/install/wheel_interfaces/local/lib/python3.10/dist-packages/wheel_interfaces-0.0.0-py3.10.egg-info/top_level.txt
[14.055s] -- Up-to-date symlink: /home/ziczac/dev/skripsi_code/ROS2-PLICP-POSE-GRAPH/install/wheel_interfaces/local/lib/python3.10/dist-packages/wheel_interfaces/__init__.py
[14.055s] -- Up-to-date symlink: /home/ziczac/dev/skripsi_code/ROS2-PLICP-POSE-GRAPH/install/wheel_interfaces/local/lib/python3.10/dist-packages/wheel_interfaces/_wheel_interfaces_s.ep.rosidl_typesupport_c.c
[14.056s] -- Up-to-date symlink: /home/ziczac/dev/skripsi_code/ROS2-PLICP-POSE-GRAPH/install/wheel_interfaces/local/lib/python3.10/dist-packages/wheel_interfaces/_wheel_interfaces_s.ep.rosidl_typesupport_fastrtps_c.c
[14.056s] -- Up-to-date symlink: /home/ziczac/dev/skripsi_code/ROS2-PLICP-POSE-GRAPH/install/wheel_interfaces/local/lib/python3.10/dist-packages/wheel_interfaces/_wheel_interfaces_s.ep.rosidl_typesupport_introspection_c.c
[14.057s] -- Up-to-date symlink: /home/ziczac/dev/skripsi_code/ROS2-PLICP-POSE-GRAPH/install/wheel_interfaces/local/lib/python3.10/dist-packages/wheel_interfaces/libwheel_interfaces__rosidl_generator_py.so
[14.057s] -- Up-to-date symlink: /home/ziczac/dev/skripsi_code/ROS2-PLICP-POSE-GRAPH/install/wheel_interfaces/local/lib/python3.10/dist-packages/wheel_interfaces/msg/__init__.py
[14.070s] -- Up-to-date symlink: /home/ziczac/dev/skripsi_code/ROS2-PLICP-POSE-GRAPH/install/wheel_interfaces/local/lib/python3.10/dist-packages/wheel_interfaces/msg/_wheel_infos.py
[14.081s] -- Up-to-date symlink: /home/ziczac/dev/skripsi_code/ROS2-PLICP-POSE-GRAPH/install/wheel_interfaces/local/lib/python3.10/dist-packages/wheel_interfaces/msg/_wheel_infos_s.c
[14.082s] -- Up-to-date symlink: /home/ziczac/dev/skripsi_code/ROS2-PLICP-POSE-GRAPH/install/wheel_interfaces/local/lib/python3.10/dist-packages/wheel_interfaces/wheel_interfaces_s__rosidl_typesupport_c.cpython-310-x86_64-linux-gnu.so
[14.083s] -- Up-to-date symlink: /home/ziczac/dev/skripsi_code/ROS2-PLICP-POSE-GRAPH/install/wheel_interfaces/local/lib/python3.10/dist-packages/wheel_interfaces/wheel_interfaces_s__rosidl_typesupport_fastrtps_c.cpython-310-x86_64-linux-gnu.so
[14.083s] -- Up-to-date symlink: /home/ziczac/dev/skripsi_code/ROS2-PLICP-POSE-GRAPH/install/wheel_interfaces/local/lib/python3.10/dist-packages/wheel_interfaces/wheel_interfaces_s__rosidl_typesupport_introspection_c.cpython-310-x86_64-linux-gnu.so
[14.084s] -- Up-to-date symlink: /home/ziczac/dev/skripsi_code/ROS2-PLICP-POSE-GRAPH/install/wheel_interfaces/local/lib/python3.10/dist-packages/wheel_interfaces/wheel_interfaces_s__rosidl_typesupport_fastrtps_c.cpython-310-x86_64-linux-gnu.so
[14.084s] -- Up-to-date symlink: /home/ziczac/dev/skripsi_code/ROS2-PLICP-POSE-GRAPH/install/wheel_interfaces/local/lib/python3.10/dist-packages/wheel_interfaces/wheel_interfaces_s__rosidl_typesupport_introspection_c.cpython-310-x86_64-linux-gnu.so
[14.085s] -- Up-to-date symlink: /home/ziczac/dev/skripsi_code/ROS2-PLICP-POSE-GRAPH/install/wheel_interfaces/local/lib/python3.10/dist-packages/wheel_interfaces/wheel_interfaces_s__rosidl_typesupport_c.cpython-310-x86_64-linux-gnu.so
[14.085s] -- Up-to-date symlink: /home/ziczac/dev/skripsi_code/ROS2-PLICP-POSE-GRAPH/install/wheel_interfaces/share/wheel_interfaces/msg/WheelInfos.idl
[14.086s] -- Up-to-date symlink: /home/ziczac/dev/skripsi_code/ROS2-PLICP-POSE-GRAPH/install/wheel_interfaces/share/wheel_interfaces/msg/WheelInfos.msg
[14.086s] -- Up-to-date symlink: /home/ziczac/dev/skripsi_code/ROS2-PLICP-POSE-GRAPH/install/wheel_interfaces/share/ament_index/resource_index/package_run_dependencies/wheel_interfaces
[14.087s] -- Up-to-date symlink: /home/ziczac/dev/skripsi_code/ROS2-PLICP-POSE-GRAPH/install/wheel_interfaces/share/ament_index/resource_index/parent_prefix_path/wheel_interfaces
[14.088s] -- Up-to-date symlink: /home/ziczac/dev/skripsi_code/ROS2-PLICP-POSE-GRAPH/install/wheel_interfaces/share/wheel_interfaces/environment/ament_prefix_path.sh
[14.088s] -- Up-to-date symlink: /home/ziczac/dev/skripsi_code/ROS2-PLICP-POSE-GRAPH/install/wheel_interfaces/share/wheel_interfaces/environment/ament_prefix_path.dsv
[14.089s] -- Up-to-date symlink: /home/ziczac/dev/skripsi_code/ROS2-PLICP-POSE-GRAPH/install/wheel_interfaces/share/wheel_interfaces/environment/path.sh
[14.090s] -- Up-to-date symlink: /home/ziczac/dev/skripsi_code/ROS2-PLICP-POSE-GRAPH/install/wheel_interfaces/share/wheel_interfaces/environment/path.dsv
[14.091s] -- Up-to-date symlink: /home/ziczac/dev/skripsi_code/ROS2-PLICP-POSE-GRAPH/install/wheel_interfaces/share/wheel_interfaces/local_setup.bash
[14.091s] -- Up-to-date symlink: /home/ziczac/dev/skripsi_code/ROS2-PLICP-POSE-GRAPH/install/wheel_interfaces/share/wheel_interfaces/local_setup.sh
[14.092s] -- Up-to-date symlink: /home/ziczac/dev/skripsi_code/ROS2-PLICP-POSE-GRAPH/install/wheel_interfaces/share/wheel_interfaces/local_setup.zsh
[14.092s] -- Up-to-date symlink: /home/ziczac/dev/skripsi_code/ROS2-PLICP-POSE-GRAPH/install/wheel_interfaces/share/wheel_interfaces/local_setup.dsv
[14.093s] -- Symlinking: /home/ziczac/dev/skripsi_code/ROS2-PLICP-POSE-GRAPH/install/wheel_interfaces/share/wheel_interfaces/package.dsv
[14.122s] -- Up-to-date symlink: /home/ziczac/dev/skripsi_code/ROS2-PLICP-POSE-GRAPH/install/wheel_interfaces/share/ament_index/resource_index/packages/wheel_interfaces
[14.122s] -- Up-to-date symlink: /home/ziczac/dev/skripsi_code/ROS2-PLICP-POSE-GRAPH/install/wheel_interfaces/share/wheel_interfaces/cmake/rosidl_cmake-extras.cmake
[14.123s] -- Up-to-date symlink: /home/ziczac/dev/skripsi_code/ROS2-PLICP-POSE-GRAPH/install/wheel_interfaces/share/wheel_interfaces/cmake/ament_cmake_export_include_directories-extras.cmake
[14.124s] -- Up-to-date symlink: /home/ziczac/dev/skripsi_code/ROS2-PLICP-POSE-GRAPH/install/wheel_interfaces/share/wheel_interfaces/cmake/ament_cmake_export_libraries-extras.cmake
[14.125s] -- Up-to-date symlink: /home/ziczac/dev/skripsi_code/ROS2-PLICP-POSE-GRAPH/install/wheel_interfaces/share/wheel_interfaces/cmake/ament_cmake_export_targets-extras.cmake
[14.125s] -- Up-to-date symlink: /home/ziczac/dev/skripsi_code/ROS2-PLICP-POSE-GRAPH/install/wheel_interfaces/share/wheel_interfaces/cmake/rosidl_cmake_export_typesupport_targets-extras.cmake
[14.126s] -- Up-to-date symlink: /home/ziczac/dev/skripsi_code/ROS2-PLICP-POSE-GRAPH/install/wheel_interfaces/share/wheel_interfaces/cmake/ament_cmake_export_dependencies-extras.cmake
[14.127s] -- Up-to-date symlink: /home/ziczac/dev/skripsi_code/ROS2-PLICP-POSE-GRAPH/install/wheel_interfaces/share/wheel_interfaces/cmake/rosidl_cmake_export_typesupport_libraries-extras.cmake
[14.127s] -- Up-to-date symlink: /home/ziczac/dev/skripsi_code/ROS2-PLICP-POSE-GRAPH/install/wheel_interfaces/share/wheel_interfaces/cmake/wheel_interfacesConfig.cmake
[14.128s] -- Up-to-date symlink: /home/ziczac/dev/skripsi_code/ROS2-PLICP-POSE-GRAPH/install/wheel_interfaces/share/wheel_interfaces/cmake/wheel_interfacesConfig-version.cmake
[14.129s] -- Up-to-date symlink: /home/ziczac/dev/skripsi_code/ROS2-PLICP-POSE-GRAPH/install/wheel_interfaces/share/wheel_interfaces/package.xml
[14.129s] -- Installing: /home/ziczac/dev/skripsi_code/ROS2-PLICP-POSE-GRAPH/install/wheel_interfaces/lib/libwheel_interfaces__rosidl_generator_c.so
[14.130s] -- Set runtime path of "/home/ziczac/dev/skripsi_code/ROS2-PLICP-POSE-GRAPH/install/wheel_interfaces/lib/libwheel_interfaces__rosidl_generator_c.so" to ""
[14.131s] -- Installing: /home/ziczac/dev/skripsi_code/ROS2-PLICP-POSE-GRAPH/install/wheel_interfaces/lib/libwheel_interfaces__rosidl_typesupport_fastrtps_c.so
[14.132s] -- Set runtime path of "/home/ziczac/dev/skripsi_code/ROS2-PLICP-POSE-GRAPH/install/wheel_interfaces/lib/libwheel_interfaces__rosidl_typesupport_fastrtps_c.so" to ""
[14.132s] -- Installing: /home/ziczac/dev/skripsi_code/ROS2-PLICP-POSE-GRAPH/install/wheel_interfaces/lib/libwheel_interfaces__rosidl_typesupport_introspection_c.so
[14.133s] -- Set runtime path of "/home/ziczac/dev/skripsi_code/ROS2-PLICP-POSE-GRAPH/install/wheel_interfaces/lib/libwheel_interfaces__rosidl_typesupport_introspection_c.so" to ""
[14.133s] -- Installing: /home/ziczac/dev/skripsi_code/ROS2-PLICP-POSE-GRAPH/install/wheel_interfaces/lib/libwheel_interfaces__rosidl_typesupport_c.so
[14.134s] -- Set runtime path of "/home/ziczac/dev/skripsi_code/ROS2-PLICP-POSE-GRAPH/install/wheel_interfaces/lib/libwheel_interfaces__rosidl_typesupport_c.so" to ""
[14.135s] -- Installing: /home/ziczac/dev/skripsi_code/ROS2-PLICP-POSE-GRAPH/install/wheel_interfaces/lib/libwheel_interfaces__rosidl_typesupport_fastrtps_cpp.so
[14.136s] -- Set runtime path of "/home/ziczac/dev/skripsi_code/ROS2-PLICP-POSE-GRAPH/install/wheel_interfaces/lib/libwheel_interfaces__rosidl_typesupport_fastrtps_cpp.so" to ""
[14.136s] -- Installing: /home/ziczac/dev/skripsi_code/ROS2-PLICP-POSE-GRAPH/install/wheel_interfaces/lib/libwheel_interfaces__rosidl_typesupport_introspection_cpp.so
[14.137s] -- Set runtime path of "/home/ziczac/dev/skripsi_code/ROS2-PLICP-POSE-GRAPH/install/wheel_interfaces/lib/libwheel_interfaces__rosidl_typesupport_introspection_cpp.so" to ""
[14.137s] -- Installing: /home/ziczac/dev/skripsi_code/ROS2-PLICP-POSE-GRAPH/install/wheel_interfaces/lib/libwheel_interfaces__rosidl_typesupport_cpp.so
[14.138s] -- Set runtime path of "/home/ziczac/dev/skripsi_code/ROS2-PLICP-POSE-GRAPH/install/wheel_interfaces/lib/libwheel_interfaces__rosidl_typesupport_cpp.so" to ""
[14.297s] Listing '/home/ziczac/dev/skripsi_code/ROS2-PLICP-POSE-GRAPH/install/wheel_interfaces/local/lib/python3.10/dist-packages/wheel_interfaces'...
[14.297s] Compiling '/home/ziczac/dev/skripsi_code/ROS2-PLICP-POSE-GRAPH/install/wheel_interfaces/local/lib/python3.10/dist-packages/wheel_interfaces/__init__.py'...
[14.297s] Listing '/home/ziczac/dev/skripsi_code/ROS2-PLICP-POSE-GRAPH/install/wheel_interfaces/local/lib/python3.10/dist-packages/wheel_interfaces/msg'...
[14.297s] Compiling '/home/ziczac/dev/skripsi_code/ROS2-PLICP-POSE-GRAPH/install/wheel_interfaces/local/lib/python3.10/dist-packages/wheel_interfaces/msg/__init__.py'...
[14.298s] Compiling '/home/ziczac/dev/skripsi_code/ROS2-PLICP-POSE-GRAPH/install/wheel_interfaces/local/lib/python3.10/dist-packages/wheel_interfaces/msg/_wheel_infos.py'...
[14.310s] -- Installing: /home/ziczac/dev/skripsi_code/ROS2-PLICP-POSE-GRAPH/install/wheel_interfaces/lib/libwheel_interfaces__rosidl_generator_py.so
[14.311s] -- Set runtime path of "/home/ziczac/dev/skripsi_code/ROS2-PLICP-POSE-GRAPH/install/wheel_interfaces/lib/libwheel_interfaces__rosidl_generator_py.so" to ""
[14.311s] -- Installing: /home/ziczac/dev/skripsi_code/ROS2-PLICP-POSE-GRAPH/install/wheel_interfaces/share/wheel_interfaces/cmake/export_wheel_interfaces__rosidl_generator_cExport.cmake
[14.325s] -- Installing: /home/ziczac/dev/skripsi_code/ROS2-PLICP-POSE-GRAPH/install/wheel_interfaces/share/wheel_interfaces/cmake/export_wheel_interfaces__rosidl_generator_cExport-noconfig.cmake
[14.325s] -- Installing: /home/ziczac/dev/skripsi_code/ROS2-PLICP-POSE-GRAPH/install/wheel_interfaces/share/wheel_interfaces/cmake/export_wheel_interfaces__rosidl_typesupport_fastrtps_cExport.cmake
[14.326s] -- Installing: /home/ziczac/dev/skripsi_code/ROS2-PLICP-POSE-GRAPH/install/wheel_interfaces/share/wheel_interfaces/cmake/export_wheel_interfaces__rosidl_typesupport_fastrtps_cExport-noconfig.cmake
[14.326s] -- Installing: /home/ziczac/dev/skripsi_code/ROS2-PLICP-POSE-GRAPH/install/wheel_interfaces/share/wheel_interfaces/cmake/wheel_interfaces__rosidl_typesupport_introspection_cExport.cmake
[14.327s] -- Installing: /home/ziczac/dev/skripsi_code/ROS2-PLICP-POSE-GRAPH/install/wheel_interfaces/share/wheel_interfaces/cmake/wheel_interfaces__rosidl_typesupport_introspection_cExport-noconfig.cmake
[14.327s] -- Installing: /home/ziczac/dev/skripsi_code/ROS2-PLICP-POSE-GRAPH/install/wheel_interfaces/share/wheel_interfaces/cmake/wheel_interfaces__rosidl_typesupport_cExport.cmake
[14.328s] -- Installing: /home/ziczac/dev/skripsi_code/ROS2-PLICP-POSE-GRAPH/install/wheel_interfaces/share/wheel_interfaces/cmake/wheel_interfaces__rosidl_typesupport_cExport-noconfig.cmake
[14.328s] -- Installing: /home/ziczac/dev/skripsi_code/ROS2-PLICP-POSE-GRAPH/install/wheel_interfaces/share/wheel_interfaces/cmake/export_wheel_interfaces__rosidl_generator_cppExport.cmake
[14.329s] -- Installing: /home/ziczac/dev/skripsi_code/ROS2-PLICP-POSE-GRAPH/install/wheel_interfaces/share/wheel_interfaces/cmake/export_wheel_interfaces__rosidl_typesupport_fastrtps_cppExport.cmake
[14.329s] -- Installing: /home/ziczac/dev/skripsi_code/ROS2-PLICP-POSE-GRAPH/install/wheel_interfaces/share/wheel_interfaces/cmake/export_wheel_interfaces__rosidl_typesupport_fastrtps_cppExport-noconfig.cmake
[14.330s] -- Installing: /home/ziczac/dev/skripsi_code/ROS2-PLICP-POSE-GRAPH/install/wheel_interfaces/share/wheel_interfaces/cmake/wheel_interfaces__rosidl_typesupport_introspection_cppExport.cmake
[14.330s] -- Installing: /home/ziczac/dev/skripsi_code/ROS2-PLICP-POSE-GRAPH/install/wheel_interfaces/share/wheel_interfaces/cmake/wheel_interfaces__rosidl_typesupport_introspection_cppExport-noconfig.cmake
[14.331s] -- Installing: /home/ziczac/dev/skripsi_code/ROS2-PLICP-POSE-GRAPH/install/wheel_interfaces/share/wheel_interfaces/cmake/wheel_interfaces__rosidl_typesupport_cppExport.cmake
[14.331s] -- Installing: /home/ziczac/dev/skripsi_code/ROS2-PLICP-POSE-GRAPH/install/wheel_interfaces/share/wheel_interfaces/cmake/wheel_interfaces__rosidl_typesupport_cppExport-noconfig.cmake
[14.332s] -- Installing: /home/ziczac/dev/skripsi_code/ROS2-PLICP-POSE-GRAPH/install/wheel_interfaces/share/wheel_interfaces/cmake/export_wheel_interfaces__rosidl_generator_pyExport.cmake
[14.332s] -- Installing: /home/ziczac/dev/skripsi_code/ROS2-PLICP-POSE-GRAPH/install/wheel_interfaces/share/wheel_interfaces/cmake/export_wheel_interfaces__rosidl_generator_pyExport-noconfig.cmake
[14.338s] Invoked command in '/home/ziczac/dev/skripsi_code/ROS2-PLICP-POSE-GRAPH/build/wheel_interfaces' returned '0': CMAKE_PREFIX_PATH=${CMAKE_PREFIX_PATH}:/home/ziczac/dev/skripsi_code/ros2_workspace/install/motor:/home/ziczac/dev/skripsi_code/ros2_workspace/install/gui:/home/ziczac/dev/skripsi_code/ros2_workspace/install/rosboard:/home/ziczac/dev/skripsi_code/ros2_workspace/install/log_odds_map:/home/ziczac/dev/skripsi_code/ros2_workspace/install/diff_drive:/home/ziczac/dev/skripsi_code/ROS2-PLICP-POSE-GRAPH/install/motor:/home/ziczac/dev/skripsi_code/ROS2-PLICP-POSE-GRAPH/install/gui:/home/ziczac/dev/skripsi_code/ROS2-PLICP-POSE-GRAPH/install/rosboard:/home/ziczac/dev/skripsi_code/ROS2-PLICP-POSE-GRAPH/install/log_odds_map:/home/ziczac/dev/skripsi_code/ROS2-PLICP-POSE-GRAPH/install/icp_graph_slam:/home/ziczac/dev/skripsi_code/ROS2-PLICP-POSE-GRAPH/install/diff_drive:/opt/ros/humble /usr/bin/cmake --install /home/ziczac/dev/skripsi_code/ROS2-PLICP-POSE-GRAPH/build/wheel_interfaces
