[1.237s] Invoking command in '/home/ziczac/dev/skripsi_code/ros2_workspace/build/lslidar_msgs': CMAKE_PREFIX_PATH=${CMAKE_PREFIX_PATH}:/home/ziczac/dev/skripsi_code/ros2_workspace/install/motor:/home/ziczac/dev/skripsi_code/ros2_workspace/install/gui:/home/ziczac/dev/skripsi_code/ros2_workspace/install/rosboard:/home/ziczac/dev/skripsi_code/ros2_workspace/install/diff_drive:/opt/ros/humble /usr/bin/cmake --build /home/ziczac/dev/skripsi_code/ros2_workspace/build/lslidar_msgs -- -j8 -l8
[10.927s] [  0%] Built target ament_cmake_python_symlink_lslidar_msgs
[10.928s] [  1%] Built target lslidar_msgs__cpp
[10.928s] [ 12%] Built target lslidar_msgs__rosidl_generator_c
[10.928s] [ 23%] Built target lslidar_msgs__rosidl_typesupport_introspection_cpp
[10.928s] [ 34%] Built target lslidar_msgs__rosidl_typesupport_introspection_c
[10.928s] [ 46%] Built target lslidar_msgs__rosidl_typesupport_fastrtps_cpp
[10.928s] [ 57%] Built target lslidar_msgs__rosidl_typesupport_c
[10.928s] [ 77%] Built target lslidar_msgs__rosidl_typesupport_fastrtps_c
[10.929s] [ 79%] Built target lslidar_msgs__rosidl_typesupport_cpp
[10.929s] [ 79%] Built target lslidar_msgs
[10.929s] [ 80%] Built target lslidar_msgs__py
[10.929s] [ 90%] Built target lslidar_msgs__rosidl_generator_py
[10.929s] [ 93%] Built target lslidar_msgs__rosidl_typesupport_introspection_c__pyext
[10.929s] [ 96%] Built target lslidar_msgs__rosidl_typesupport_fastrtps_c__pyext
[10.929s] [100%] Built target lslidar_msgs__rosidl_typesupport_c__pyext
[10.929s] running egg_info
[10.963s] writing lslidar_msgs.egg-info/PKG-INFO
[10.963s] writing dependency_links to lslidar_msgs.egg-info/dependency_links.txt
[10.964s] writing top-level names to lslidar_msgs.egg-info/top_level.txt
[11.088s] reading manifest file 'lslidar_msgs.egg-info/SOURCES.txt'
[11.104s] writing manifest file 'lslidar_msgs.egg-info/SOURCES.txt'
[11.160s] [100%] Built target ament_cmake_python_build_lslidar_msgs_egg
