[6.492s] Invoking command in '/home/ziczac/dev/skripsi_code/ros2_workspace/build/mapping': PYTHONPATH=/home/ziczac/dev/skripsi_code/ros2_workspace/build/mapping/prefix_override:/home/ziczac/dev/skripsi_code/ros2_workspace/install/mapping/lib/python3.10/site-packages:${PYTHONPATH} /usr/bin/python3 -W ignore:setup.py install is deprecated setup.py develop --editable --build-directory /home/ziczac/dev/skripsi_code/ros2_workspace/build/mapping/build --no-deps symlink_data
[8.147s] running develop
[9.274s] running egg_info
[9.275s] writing mapping.egg-info/PKG-INFO
[9.276s] writing dependency_links to mapping.egg-info/dependency_links.txt
[9.277s] writing entry points to mapping.egg-info/entry_points.txt
[9.278s] writing requirements to mapping.egg-info/requires.txt
[9.278s] writing top-level names to mapping.egg-info/top_level.txt
[9.288s] reading manifest file 'mapping.egg-info/SOURCES.txt'
[9.290s] writing manifest file 'mapping.egg-info/SOURCES.txt'
[9.299s] running build_ext
[9.300s] Creating /home/ziczac/dev/skripsi_code/ros2_workspace/install/mapping/lib/python3.10/site-packages/mapping.egg-link (link to .)
[9.304s] Installing map_tf script to /home/ziczac/dev/skripsi_code/ros2_workspace/install/mapping/lib/mapping
[9.304s] Installing mapping_gazebo script to /home/ziczac/dev/skripsi_code/ros2_workspace/install/mapping/lib/mapping
[9.305s] Installing node script to /home/ziczac/dev/skripsi_code/ros2_workspace/install/mapping/lib/mapping
[9.305s] Installing robot_marker_publisher script to /home/ziczac/dev/skripsi_code/ros2_workspace/install/mapping/lib/mapping
[9.306s] 
[9.307s] Installed /home/ziczac/dev/skripsi_code/ros2_workspace/build/mapping
[9.307s] running symlink_data
[9.571s] Invoked command in '/home/ziczac/dev/skripsi_code/ros2_workspace/build/mapping' returned '0': PYTHONPATH=/home/ziczac/dev/skripsi_code/ros2_workspace/build/mapping/prefix_override:/home/ziczac/dev/skripsi_code/ros2_workspace/install/mapping/lib/python3.10/site-packages:${PYTHONPATH} /usr/bin/python3 -W ignore:setup.py install is deprecated setup.py develop --editable --build-directory /home/ziczac/dev/skripsi_code/ros2_workspace/build/mapping/build --no-deps symlink_data
