[35m[1mConsolidate compiler generated dependencies of target occupancy_grid[0m
[ 33%] [32mBuilding CXX object CMakeFiles/occupancy_grid.dir/src/occupancy_grid.cpp.o[0m
[ 66%] [32m[1mLinking CXX executable occupancy_grid[0m
[100%] Built target occupancy_grid
-- Install configuration: ""
-- Execute custom install script
-- Up-to-date symlink: /home/ziczac/dev/skripsi_code/ros2_workspace/install/occupancy_grid/lib/occupancy_grid/occupancy_grid
-- Up-to-date symlink: /home/ziczac/dev/skripsi_code/ros2_workspace/install/occupancy_grid/share/ament_index/resource_index/package_run_dependencies/occupancy_grid
-- Up-to-date symlink: /home/ziczac/dev/skripsi_code/ros2_workspace/install/occupancy_grid/share/ament_index/resource_index/parent_prefix_path/occupancy_grid
-- Up-to-date symlink: /home/ziczac/dev/skripsi_code/ros2_workspace/install/occupancy_grid/share/occupancy_grid/environment/ament_prefix_path.sh
-- Up-to-date symlink: /home/ziczac/dev/skripsi_code/ros2_workspace/install/occupancy_grid/share/occupancy_grid/environment/ament_prefix_path.dsv
-- Up-to-date symlink: /home/ziczac/dev/skripsi_code/ros2_workspace/install/occupancy_grid/share/occupancy_grid/environment/path.sh
-- Up-to-date symlink: /home/ziczac/dev/skripsi_code/ros2_workspace/install/occupancy_grid/share/occupancy_grid/environment/path.dsv
-- Up-to-date symlink: /home/ziczac/dev/skripsi_code/ros2_workspace/install/occupancy_grid/share/occupancy_grid/local_setup.bash
-- Up-to-date symlink: /home/ziczac/dev/skripsi_code/ros2_workspace/install/occupancy_grid/share/occupancy_grid/local_setup.sh
-- Up-to-date symlink: /home/ziczac/dev/skripsi_code/ros2_workspace/install/occupancy_grid/share/occupancy_grid/local_setup.zsh
-- Up-to-date symlink: /home/ziczac/dev/skripsi_code/ros2_workspace/install/occupancy_grid/share/occupancy_grid/local_setup.dsv
-- Symlinking: /home/ziczac/dev/skripsi_code/ros2_workspace/install/occupancy_grid/share/occupancy_grid/package.dsv
-- Up-to-date symlink: /home/ziczac/dev/skripsi_code/ros2_workspace/install/occupancy_grid/share/ament_index/resource_index/packages/occupancy_grid
-- Up-to-date symlink: /home/ziczac/dev/skripsi_code/ros2_workspace/install/occupancy_grid/share/occupancy_grid/cmake/occupancy_gridConfig.cmake
-- Up-to-date symlink: /home/ziczac/dev/skripsi_code/ros2_workspace/install/occupancy_grid/share/occupancy_grid/cmake/occupancy_gridConfig-version.cmake
-- Up-to-date symlink: /home/ziczac/dev/skripsi_code/ros2_workspace/install/occupancy_grid/share/occupancy_grid/package.xml
