[0.437s] Invoking command in '/home/ziczac/dev/skripsi_code/ROS2-PLICP-POSE-GRAPH/build/wheel_interfaces': CMAKE_PREFIX_PATH=${CMAKE_PREFIX_PATH}:/home/ziczac/dev/skripsi_code/ROS2-PLICP-POSE-GRAPH/install/motor:/home/ziczac/dev/skripsi_code/ROS2-PLICP-POSE-GRAPH/install/gui:/home/ziczac/dev/skripsi_code/ROS2-PLICP-POSE-GRAPH/install/rosboard:/home/ziczac/dev/skripsi_code/ROS2-PLICP-POSE-GRAPH/install/log_odds_map:/home/ziczac/dev/skripsi_code/ROS2-PLICP-POSE-GRAPH/install/icp_graph_slam:/home/ziczac/dev/skripsi_code/ROS2-PLICP-POSE-GRAPH/install/diff_drive:/opt/ros/humble /usr/bin/cmake /home/ziczac/dev/skripsi_code/ROS2-PLICP-POSE-GRAPH/src/wheel_interfaces -DCMAKE_INSTALL_PREFIX=/home/ziczac/dev/skripsi_code/ROS2-PLICP-POSE-GRAPH/install/wheel_interfaces
[2.726s] -- Found ament_cmake: 1.3.9 (/opt/ros/humble/share/ament_cmake/cmake)
[2.728s] -- Override CMake install command with custom implementation using symlinks instead of copying resources
[2.728s] -- Found rosidl_default_generators: 1.2.0 (/opt/ros/humble/share/rosidl_default_generators/cmake)
[2.728s] -- Using all available rosidl_typesupport_c: rosidl_typesupport_fastrtps_c;rosidl_typesupport_introspection_c
[2.728s] -- Found rosidl_adapter: 3.1.5 (/opt/ros/humble/share/rosidl_adapter/cmake)
[2.729s] -- Using all available rosidl_typesupport_cpp: rosidl_typesupport_fastrtps_cpp;rosidl_typesupport_introspection_cpp
[2.729s] -- Found ament_cmake_ros: 0.10.0 (/opt/ros/humble/share/ament_cmake_ros/cmake)
[2.729s] -- Using all available rosidl_typesupport_c: rosidl_typesupport_fastrtps_c;rosidl_typesupport_introspection_c
[2.729s] -- Using all available rosidl_typesupport_cpp: rosidl_typesupport_fastrtps_cpp;rosidl_typesupport_introspection_cpp
[2.729s] -- Found python_cmake_module: 0.10.0 (/opt/ros/humble/share/python_cmake_module/cmake)
[2.730s] -- Using PYTHON_EXECUTABLE: /usr/bin/python3
[2.730s] -- Using PYTHON_INCLUDE_DIRS: /usr/include/python3.10
[2.730s] -- Using PYTHON_LIBRARIES: /usr/lib/x86_64-linux-gnu/libpython3.10.so
[2.731s] -- Configuring done
[2.731s] -- Generating done
[2.732s] -- Build files have been written to: /home/ziczac/dev/skripsi_code/ROS2-PLICP-POSE-GRAPH/build/wheel_interfaces
[2.743s] Invoked command in '/home/ziczac/dev/skripsi_code/ROS2-PLICP-POSE-GRAPH/build/wheel_interfaces' returned '0': CMAKE_PREFIX_PATH=${CMAKE_PREFIX_PATH}:/home/ziczac/dev/skripsi_code/ROS2-PLICP-POSE-GRAPH/install/motor:/home/ziczac/dev/skripsi_code/ROS2-PLICP-POSE-GRAPH/install/gui:/home/ziczac/dev/skripsi_code/ROS2-PLICP-POSE-GRAPH/install/rosboard:/home/ziczac/dev/skripsi_code/ROS2-PLICP-POSE-GRAPH/install/log_odds_map:/home/ziczac/dev/skripsi_code/ROS2-PLICP-POSE-GRAPH/install/icp_graph_slam:/home/ziczac/dev/skripsi_code/ROS2-PLICP-POSE-GRAPH/install/diff_drive:/opt/ros/humble /usr/bin/cmake /home/ziczac/dev/skripsi_code/ROS2-PLICP-POSE-GRAPH/src/wheel_interfaces -DCMAKE_INSTALL_PREFIX=/home/ziczac/dev/skripsi_code/ROS2-PLICP-POSE-GRAPH/install/wheel_interfaces
[2.745s] Invoking command in '/home/ziczac/dev/skripsi_code/ROS2-PLICP-POSE-GRAPH/build/wheel_interfaces': CMAKE_PREFIX_PATH=${CMAKE_PREFIX_PATH}:/home/ziczac/dev/skripsi_code/ROS2-PLICP-POSE-GRAPH/install/motor:/home/ziczac/dev/skripsi_code/ROS2-PLICP-POSE-GRAPH/install/gui:/home/ziczac/dev/skripsi_code/ROS2-PLICP-POSE-GRAPH/install/rosboard:/home/ziczac/dev/skripsi_code/ROS2-PLICP-POSE-GRAPH/install/log_odds_map:/home/ziczac/dev/skripsi_code/ROS2-PLICP-POSE-GRAPH/install/icp_graph_slam:/home/ziczac/dev/skripsi_code/ROS2-PLICP-POSE-GRAPH/install/diff_drive:/opt/ros/humble /usr/bin/cmake --build /home/ziczac/dev/skripsi_code/ROS2-PLICP-POSE-GRAPH/build/wheel_interfaces -- -j8 -l8
[2.867s] [35m[1mConsolidate compiler generated dependencies of target wheel_interfaces__rosidl_generator_c[0m
[2.907s] [  3%] Built target wheel_interfaces__cpp
[2.919s] [  3%] Built target ament_cmake_python_symlink_wheel_interfaces
[2.935s] [ 12%] Built target wheel_interfaces__rosidl_generator_c
[2.962s] [35m[1mConsolidate compiler generated dependencies of target wheel_interfaces__rosidl_typesupport_fastrtps_cpp[0m
[3.015s] [35m[1mConsolidate compiler generated dependencies of target wheel_interfaces__rosidl_typesupport_cpp[0m
[3.019s] [35m[1mConsolidate compiler generated dependencies of target wheel_interfaces__rosidl_typesupport_introspection_cpp[0m
[3.019s] [ 22%] Built target wheel_interfaces__rosidl_typesupport_fastrtps_cpp
[3.078s] [35m[1mConsolidate compiler generated dependencies of target wheel_interfaces__rosidl_typesupport_fastrtps_c[0m
[3.119s] [ 32%] Built target wheel_interfaces__rosidl_typesupport_cpp
[3.139s] [ 41%] Built target wheel_interfaces__rosidl_typesupport_introspection_cpp
[3.139s] [35m[1mConsolidate compiler generated dependencies of target wheel_interfaces__rosidl_typesupport_c[0m
[3.139s] [35m[1mConsolidate compiler generated dependencies of target wheel_interfaces__rosidl_typesupport_introspection_c[0m
[3.164s] [ 51%] Built target wheel_interfaces__rosidl_typesupport_fastrtps_c
[3.200s] [ 61%] Built target wheel_interfaces__rosidl_typesupport_c
[3.221s] [ 70%] Built target wheel_interfaces__rosidl_typesupport_introspection_c
[3.319s] [ 70%] Built target wheel_interfaces
[3.503s] [ 74%] Built target wheel_interfaces__py
[3.578s] [35m[1mConsolidate compiler generated dependencies of target wheel_interfaces__rosidl_generator_py[0m
[3.648s] [ 80%] Built target wheel_interfaces__rosidl_generator_py
[3.678s] [35m[1mConsolidate compiler generated dependencies of target wheel_interfaces__rosidl_typesupport_introspection_c__pyext[0m
[3.711s] [35m[1mConsolidate compiler generated dependencies of target wheel_interfaces__rosidl_typesupport_c__pyext[0m
[3.712s] [35m[1mConsolidate compiler generated dependencies of target wheel_interfaces__rosidl_typesupport_fastrtps_c__pyext[0m
[3.737s] [ 87%] Built target wheel_interfaces__rosidl_typesupport_introspection_c__pyext
[3.771s] [ 93%] Built target wheel_interfaces__rosidl_typesupport_c__pyext
[3.773s] [100%] Built target wheel_interfaces__rosidl_typesupport_fastrtps_c__pyext
[3.933s] running egg_info
[3.936s] writing wheel_interfaces.egg-info/PKG-INFO
[3.937s] writing dependency_links to wheel_interfaces.egg-info/dependency_links.txt
[3.939s] writing top-level names to wheel_interfaces.egg-info/top_level.txt
[3.949s] reading manifest file 'wheel_interfaces.egg-info/SOURCES.txt'
[3.949s] writing manifest file 'wheel_interfaces.egg-info/SOURCES.txt'
[4.076s] [100%] Built target ament_cmake_python_build_wheel_interfaces_egg
[4.127s] Invoked command in '/home/ziczac/dev/skripsi_code/ROS2-PLICP-POSE-GRAPH/build/wheel_interfaces' returned '0': CMAKE_PREFIX_PATH=${CMAKE_PREFIX_PATH}:/home/ziczac/dev/skripsi_code/ROS2-PLICP-POSE-GRAPH/install/motor:/home/ziczac/dev/skripsi_code/ROS2-PLICP-POSE-GRAPH/install/gui:/home/ziczac/dev/skripsi_code/ROS2-PLICP-POSE-GRAPH/install/rosboard:/home/ziczac/dev/skripsi_code/ROS2-PLICP-POSE-GRAPH/install/log_odds_map:/home/ziczac/dev/skripsi_code/ROS2-PLICP-POSE-GRAPH/install/icp_graph_slam:/home/ziczac/dev/skripsi_code/ROS2-PLICP-POSE-GRAPH/install/diff_drive:/opt/ros/humble /usr/bin/cmake --build /home/ziczac/dev/skripsi_code/ROS2-PLICP-POSE-GRAPH/build/wheel_interfaces -- -j8 -l8
[4.297s] Invoking command in '/home/ziczac/dev/skripsi_code/ROS2-PLICP-POSE-GRAPH/build/wheel_interfaces': CMAKE_PREFIX_PATH=${CMAKE_PREFIX_PATH}:/home/ziczac/dev/skripsi_code/ROS2-PLICP-POSE-GRAPH/install/motor:/home/ziczac/dev/skripsi_code/ROS2-PLICP-POSE-GRAPH/install/gui:/home/ziczac/dev/skripsi_code/ROS2-PLICP-POSE-GRAPH/install/rosboard:/home/ziczac/dev/skripsi_code/ROS2-PLICP-POSE-GRAPH/install/log_odds_map:/home/ziczac/dev/skripsi_code/ROS2-PLICP-POSE-GRAPH/install/icp_graph_slam:/home/ziczac/dev/skripsi_code/ROS2-PLICP-POSE-GRAPH/install/diff_drive:/opt/ros/humble /usr/bin/cmake --install /home/ziczac/dev/skripsi_code/ROS2-PLICP-POSE-GRAPH/build/wheel_interfaces
[4.312s] -- Install configuration: ""
[4.313s] -- Execute custom install script
[4.313s] -- Up-to-date symlink: /home/ziczac/dev/skripsi_code/ROS2-PLICP-POSE-GRAPH/install/wheel_interfaces/share/ament_index/resource_index/rosidl_interfaces/wheel_interfaces
[4.314s] -- Up-to-date symlink: /home/ziczac/dev/skripsi_code/ROS2-PLICP-POSE-GRAPH/install/wheel_interfaces/include/wheel_interfaces/wheel_interfaces/msg/detail/wheel_infos__functions.h
[4.315s] -- Up-to-date symlink: /home/ziczac/dev/skripsi_code/ROS2-PLICP-POSE-GRAPH/install/wheel_interfaces/include/wheel_interfaces/wheel_interfaces/msg/detail/wheel_infos__struct.h
[4.315s] -- Up-to-date symlink: /home/ziczac/dev/skripsi_code/ROS2-PLICP-POSE-GRAPH/install/wheel_interfaces/include/wheel_interfaces/wheel_interfaces/msg/detail/wheel_infos__type_support.h
[4.318s] -- Up-to-date symlink: /home/ziczac/dev/skripsi_code/ROS2-PLICP-POSE-GRAPH/install/wheel_interfaces/include/wheel_interfaces/wheel_interfaces/msg/rosidl_generator_c__visibility_control.h
[4.318s] -- Up-to-date symlink: /home/ziczac/dev/skripsi_code/ROS2-PLICP-POSE-GRAPH/install/wheel_interfaces/include/wheel_interfaces/wheel_interfaces/msg/wheel_infos.h
[4.319s] -- Up-to-date symlink: /home/ziczac/dev/skripsi_code/ROS2-PLICP-POSE-GRAPH/install/wheel_interfaces/share/wheel_interfaces/environment/library_path.sh
[4.325s] -- Up-to-date symlink: /home/ziczac/dev/skripsi_code/ROS2-PLICP-POSE-GRAPH/install/wheel_interfaces/share/wheel_interfaces/environment/library_path.dsv
[4.326s] -- Up-to-date symlink: /home/ziczac/dev/skripsi_code/ROS2-PLICP-POSE-GRAPH/install/wheel_interfaces/include/wheel_interfaces/wheel_interfaces/msg/detail/wheel_infos__rosidl_typesupport_fastrtps_c.h
[4.327s] -- Up-to-date symlink: /home/ziczac/dev/skripsi_code/ROS2-PLICP-POSE-GRAPH/install/wheel_interfaces/include/wheel_interfaces/wheel_interfaces/msg/rosidl_typesupport_fastrtps_c__visibility_control.h
[4.327s] -- Up-to-date symlink: /home/ziczac/dev/skripsi_code/ROS2-PLICP-POSE-GRAPH/install/wheel_interfaces/include/wheel_interfaces/wheel_interfaces/msg/detail/wheel_infos__rosidl_typesupport_introspection_c.h
[4.327s] -- Up-to-date symlink: /home/ziczac/dev/skripsi_code/ROS2-PLICP-POSE-GRAPH/install/wheel_interfaces/include/wheel_interfaces/wheel_interfaces/msg/rosidl_typesupport_introspection_c__visibility_control.h
[4.328s] -- Up-to-date symlink: /home/ziczac/dev/skripsi_code/ROS2-PLICP-POSE-GRAPH/install/wheel_interfaces/include/wheel_interfaces/wheel_interfaces/msg/detail/wheel_infos__builder.hpp
[4.328s] -- Up-to-date symlink: /home/ziczac/dev/skripsi_code/ROS2-PLICP-POSE-GRAPH/install/wheel_interfaces/include/wheel_interfaces/wheel_interfaces/msg/detail/wheel_infos__struct.hpp
[4.328s] -- Up-to-date symlink: /home/ziczac/dev/skripsi_code/ROS2-PLICP-POSE-GRAPH/install/wheel_interfaces/include/wheel_interfaces/wheel_interfaces/msg/detail/wheel_infos__traits.hpp
[4.329s] -- Up-to-date symlink: /home/ziczac/dev/skripsi_code/ROS2-PLICP-POSE-GRAPH/install/wheel_interfaces/include/wheel_interfaces/wheel_interfaces/msg/wheel_infos.hpp
[4.330s] -- Up-to-date symlink: /home/ziczac/dev/skripsi_code/ROS2-PLICP-POSE-GRAPH/install/wheel_interfaces/include/wheel_interfaces/wheel_interfaces/msg/detail/wheel_infos__rosidl_typesupport_fastrtps_cpp.hpp
[4.332s] -- Up-to-date symlink: /home/ziczac/dev/skripsi_code/ROS2-PLICP-POSE-GRAPH/install/wheel_interfaces/include/wheel_interfaces/wheel_interfaces/msg/rosidl_typesupport_fastrtps_cpp__visibility_control.h
[4.333s] -- Up-to-date symlink: /home/ziczac/dev/skripsi_code/ROS2-PLICP-POSE-GRAPH/install/wheel_interfaces/include/wheel_interfaces/wheel_interfaces/msg/detail/wheel_infos__rosidl_typesupport_introspection_cpp.hpp
[4.334s] -- Up-to-date symlink: /home/ziczac/dev/skripsi_code/ROS2-PLICP-POSE-GRAPH/install/wheel_interfaces/share/wheel_interfaces/environment/pythonpath.sh
[4.334s] -- Up-to-date symlink: /home/ziczac/dev/skripsi_code/ROS2-PLICP-POSE-GRAPH/install/wheel_interfaces/share/wheel_interfaces/environment/pythonpath.dsv
[4.335s] -- Up-to-date symlink: /home/ziczac/dev/skripsi_code/ROS2-PLICP-POSE-GRAPH/install/wheel_interfaces/local/lib/python3.10/dist-packages/wheel_interfaces-0.0.0-py3.10.egg-info/PKG-INFO
[4.336s] -- Up-to-date symlink: /home/ziczac/dev/skripsi_code/ROS2-PLICP-POSE-GRAPH/install/wheel_interfaces/local/lib/python3.10/dist-packages/wheel_interfaces-0.0.0-py3.10.egg-info/SOURCES.txt
[4.336s] -- Up-to-date symlink: /home/ziczac/dev/skripsi_code/ROS2-PLICP-POSE-GRAPH/install/wheel_interfaces/local/lib/python3.10/dist-packages/wheel_interfaces-0.0.0-py3.10.egg-info/dependency_links.txt
[4.336s] -- Up-to-date symlink: /home/ziczac/dev/skripsi_code/ROS2-PLICP-POSE-GRAPH/install/wheel_interfaces/local/lib/python3.10/dist-packages/wheel_interfaces-0.0.0-py3.10.egg-info/top_level.txt
[4.338s] -- Up-to-date symlink: /home/ziczac/dev/skripsi_code/ROS2-PLICP-POSE-GRAPH/install/wheel_interfaces/local/lib/python3.10/dist-packages/wheel_interfaces/__init__.py
[4.339s] -- Up-to-date symlink: /home/ziczac/dev/skripsi_code/ROS2-PLICP-POSE-GRAPH/install/wheel_interfaces/local/lib/python3.10/dist-packages/wheel_interfaces/_wheel_interfaces_s.ep.rosidl_typesupport_c.c
[4.339s] -- Up-to-date symlink: /home/ziczac/dev/skripsi_code/ROS2-PLICP-POSE-GRAPH/install/wheel_interfaces/local/lib/python3.10/dist-packages/wheel_interfaces/_wheel_interfaces_s.ep.rosidl_typesupport_fastrtps_c.c
[4.339s] -- Up-to-date symlink: /home/ziczac/dev/skripsi_code/ROS2-PLICP-POSE-GRAPH/install/wheel_interfaces/local/lib/python3.10/dist-packages/wheel_interfaces/_wheel_interfaces_s.ep.rosidl_typesupport_introspection_c.c
[4.340s] -- Up-to-date symlink: /home/ziczac/dev/skripsi_code/ROS2-PLICP-POSE-GRAPH/install/wheel_interfaces/local/lib/python3.10/dist-packages/wheel_interfaces/libwheel_interfaces__rosidl_generator_py.so
[4.340s] -- Up-to-date symlink: /home/ziczac/dev/skripsi_code/ROS2-PLICP-POSE-GRAPH/install/wheel_interfaces/local/lib/python3.10/dist-packages/wheel_interfaces/msg/__init__.py
[4.341s] -- Up-to-date symlink: /home/ziczac/dev/skripsi_code/ROS2-PLICP-POSE-GRAPH/install/wheel_interfaces/local/lib/python3.10/dist-packages/wheel_interfaces/msg/_wheel_infos.py
[4.341s] -- Up-to-date symlink: /home/ziczac/dev/skripsi_code/ROS2-PLICP-POSE-GRAPH/install/wheel_interfaces/local/lib/python3.10/dist-packages/wheel_interfaces/msg/_wheel_infos_s.c
[4.341s] -- Up-to-date symlink: /home/ziczac/dev/skripsi_code/ROS2-PLICP-POSE-GRAPH/install/wheel_interfaces/local/lib/python3.10/dist-packages/wheel_interfaces/wheel_interfaces_s__rosidl_typesupport_c.cpython-310-x86_64-linux-gnu.so
[4.342s] -- Up-to-date symlink: /home/ziczac/dev/skripsi_code/ROS2-PLICP-POSE-GRAPH/install/wheel_interfaces/local/lib/python3.10/dist-packages/wheel_interfaces/wheel_interfaces_s__rosidl_typesupport_fastrtps_c.cpython-310-x86_64-linux-gnu.so
[4.342s] -- Up-to-date symlink: /home/ziczac/dev/skripsi_code/ROS2-PLICP-POSE-GRAPH/install/wheel_interfaces/local/lib/python3.10/dist-packages/wheel_interfaces/wheel_interfaces_s__rosidl_typesupport_introspection_c.cpython-310-x86_64-linux-gnu.so
[4.343s] -- Up-to-date symlink: /home/ziczac/dev/skripsi_code/ROS2-PLICP-POSE-GRAPH/install/wheel_interfaces/local/lib/python3.10/dist-packages/wheel_interfaces/wheel_interfaces_s__rosidl_typesupport_fastrtps_c.cpython-310-x86_64-linux-gnu.so
[4.343s] -- Up-to-date symlink: /home/ziczac/dev/skripsi_code/ROS2-PLICP-POSE-GRAPH/install/wheel_interfaces/local/lib/python3.10/dist-packages/wheel_interfaces/wheel_interfaces_s__rosidl_typesupport_introspection_c.cpython-310-x86_64-linux-gnu.so
[4.344s] -- Up-to-date symlink: /home/ziczac/dev/skripsi_code/ROS2-PLICP-POSE-GRAPH/install/wheel_interfaces/local/lib/python3.10/dist-packages/wheel_interfaces/wheel_interfaces_s__rosidl_typesupport_c.cpython-310-x86_64-linux-gnu.so
[4.344s] -- Up-to-date symlink: /home/ziczac/dev/skripsi_code/ROS2-PLICP-POSE-GRAPH/install/wheel_interfaces/share/wheel_interfaces/msg/WheelInfos.idl
[4.346s] -- Up-to-date symlink: /home/ziczac/dev/skripsi_code/ROS2-PLICP-POSE-GRAPH/install/wheel_interfaces/share/wheel_interfaces/msg/WheelInfos.msg
[4.347s] -- Up-to-date symlink: /home/ziczac/dev/skripsi_code/ROS2-PLICP-POSE-GRAPH/install/wheel_interfaces/share/ament_index/resource_index/package_run_dependencies/wheel_interfaces
[4.348s] -- Up-to-date symlink: /home/ziczac/dev/skripsi_code/ROS2-PLICP-POSE-GRAPH/install/wheel_interfaces/share/ament_index/resource_index/parent_prefix_path/wheel_interfaces
[4.350s] -- Up-to-date symlink: /home/ziczac/dev/skripsi_code/ROS2-PLICP-POSE-GRAPH/install/wheel_interfaces/share/wheel_interfaces/environment/ament_prefix_path.sh
[4.351s] -- Up-to-date symlink: /home/ziczac/dev/skripsi_code/ROS2-PLICP-POSE-GRAPH/install/wheel_interfaces/share/wheel_interfaces/environment/ament_prefix_path.dsv
[4.353s] -- Up-to-date symlink: /home/ziczac/dev/skripsi_code/ROS2-PLICP-POSE-GRAPH/install/wheel_interfaces/share/wheel_interfaces/environment/path.sh
[4.354s] -- Up-to-date symlink: /home/ziczac/dev/skripsi_code/ROS2-PLICP-POSE-GRAPH/install/wheel_interfaces/share/wheel_interfaces/environment/path.dsv
[4.354s] -- Up-to-date symlink: /home/ziczac/dev/skripsi_code/ROS2-PLICP-POSE-GRAPH/install/wheel_interfaces/share/wheel_interfaces/local_setup.bash
[4.355s] -- Up-to-date symlink: /home/ziczac/dev/skripsi_code/ROS2-PLICP-POSE-GRAPH/install/wheel_interfaces/share/wheel_interfaces/local_setup.sh
[4.355s] -- Up-to-date symlink: /home/ziczac/dev/skripsi_code/ROS2-PLICP-POSE-GRAPH/install/wheel_interfaces/share/wheel_interfaces/local_setup.zsh
[4.357s] -- Up-to-date symlink: /home/ziczac/dev/skripsi_code/ROS2-PLICP-POSE-GRAPH/install/wheel_interfaces/share/wheel_interfaces/local_setup.dsv
[4.357s] -- Symlinking: /home/ziczac/dev/skripsi_code/ROS2-PLICP-POSE-GRAPH/install/wheel_interfaces/share/wheel_interfaces/package.dsv
[4.385s] -- Up-to-date symlink: /home/ziczac/dev/skripsi_code/ROS2-PLICP-POSE-GRAPH/install/wheel_interfaces/share/ament_index/resource_index/packages/wheel_interfaces
[4.385s] -- Up-to-date symlink: /home/ziczac/dev/skripsi_code/ROS2-PLICP-POSE-GRAPH/install/wheel_interfaces/share/wheel_interfaces/cmake/rosidl_cmake-extras.cmake
[4.385s] -- Up-to-date symlink: /home/ziczac/dev/skripsi_code/ROS2-PLICP-POSE-GRAPH/install/wheel_interfaces/share/wheel_interfaces/cmake/ament_cmake_export_include_directories-extras.cmake
[4.386s] -- Up-to-date symlink: /home/ziczac/dev/skripsi_code/ROS2-PLICP-POSE-GRAPH/install/wheel_interfaces/share/wheel_interfaces/cmake/ament_cmake_export_libraries-extras.cmake
[4.387s] -- Up-to-date symlink: /home/ziczac/dev/skripsi_code/ROS2-PLICP-POSE-GRAPH/install/wheel_interfaces/share/wheel_interfaces/cmake/ament_cmake_export_targets-extras.cmake
[4.387s] -- Up-to-date symlink: /home/ziczac/dev/skripsi_code/ROS2-PLICP-POSE-GRAPH/install/wheel_interfaces/share/wheel_interfaces/cmake/rosidl_cmake_export_typesupport_targets-extras.cmake
[4.387s] -- Up-to-date symlink: /home/ziczac/dev/skripsi_code/ROS2-PLICP-POSE-GRAPH/install/wheel_interfaces/share/wheel_interfaces/cmake/ament_cmake_export_dependencies-extras.cmake
[4.387s] -- Up-to-date symlink: /home/ziczac/dev/skripsi_code/ROS2-PLICP-POSE-GRAPH/install/wheel_interfaces/share/wheel_interfaces/cmake/rosidl_cmake_export_typesupport_libraries-extras.cmake
[4.388s] -- Up-to-date symlink: /home/ziczac/dev/skripsi_code/ROS2-PLICP-POSE-GRAPH/install/wheel_interfaces/share/wheel_interfaces/cmake/wheel_interfacesConfig.cmake
[4.388s] -- Up-to-date symlink: /home/ziczac/dev/skripsi_code/ROS2-PLICP-POSE-GRAPH/install/wheel_interfaces/share/wheel_interfaces/cmake/wheel_interfacesConfig-version.cmake
[4.389s] -- Up-to-date symlink: /home/ziczac/dev/skripsi_code/ROS2-PLICP-POSE-GRAPH/install/wheel_interfaces/share/wheel_interfaces/package.xml
[4.389s] -- Up-to-date: /home/ziczac/dev/skripsi_code/ROS2-PLICP-POSE-GRAPH/install/wheel_interfaces/lib/libwheel_interfaces__rosidl_generator_c.so
[4.390s] -- Up-to-date: /home/ziczac/dev/skripsi_code/ROS2-PLICP-POSE-GRAPH/install/wheel_interfaces/lib/libwheel_interfaces__rosidl_typesupport_fastrtps_c.so
[4.390s] -- Up-to-date: /home/ziczac/dev/skripsi_code/ROS2-PLICP-POSE-GRAPH/install/wheel_interfaces/lib/libwheel_interfaces__rosidl_typesupport_introspection_c.so
[4.391s] -- Up-to-date: /home/ziczac/dev/skripsi_code/ROS2-PLICP-POSE-GRAPH/install/wheel_interfaces/lib/libwheel_interfaces__rosidl_typesupport_c.so
[4.392s] -- Up-to-date: /home/ziczac/dev/skripsi_code/ROS2-PLICP-POSE-GRAPH/install/wheel_interfaces/lib/libwheel_interfaces__rosidl_typesupport_fastrtps_cpp.so
[4.393s] -- Up-to-date: /home/ziczac/dev/skripsi_code/ROS2-PLICP-POSE-GRAPH/install/wheel_interfaces/lib/libwheel_interfaces__rosidl_typesupport_introspection_cpp.so
[4.393s] -- Up-to-date: /home/ziczac/dev/skripsi_code/ROS2-PLICP-POSE-GRAPH/install/wheel_interfaces/lib/libwheel_interfaces__rosidl_typesupport_cpp.so
[4.487s] Listing '/home/ziczac/dev/skripsi_code/ROS2-PLICP-POSE-GRAPH/install/wheel_interfaces/local/lib/python3.10/dist-packages/wheel_interfaces'...
[4.488s] Compiling '/home/ziczac/dev/skripsi_code/ROS2-PLICP-POSE-GRAPH/install/wheel_interfaces/local/lib/python3.10/dist-packages/wheel_interfaces/__init__.py'...
[4.488s] Listing '/home/ziczac/dev/skripsi_code/ROS2-PLICP-POSE-GRAPH/install/wheel_interfaces/local/lib/python3.10/dist-packages/wheel_interfaces/msg'...
[4.501s] -- Up-to-date: /home/ziczac/dev/skripsi_code/ROS2-PLICP-POSE-GRAPH/install/wheel_interfaces/lib/libwheel_interfaces__rosidl_generator_py.so
[4.502s] -- Up-to-date: /home/ziczac/dev/skripsi_code/ROS2-PLICP-POSE-GRAPH/install/wheel_interfaces/share/wheel_interfaces/cmake/export_wheel_interfaces__rosidl_generator_cExport.cmake
[4.503s] -- Up-to-date: /home/ziczac/dev/skripsi_code/ROS2-PLICP-POSE-GRAPH/install/wheel_interfaces/share/wheel_interfaces/cmake/export_wheel_interfaces__rosidl_generator_cExport-noconfig.cmake
[4.503s] -- Up-to-date: /home/ziczac/dev/skripsi_code/ROS2-PLICP-POSE-GRAPH/install/wheel_interfaces/share/wheel_interfaces/cmake/export_wheel_interfaces__rosidl_typesupport_fastrtps_cExport.cmake
[4.504s] -- Up-to-date: /home/ziczac/dev/skripsi_code/ROS2-PLICP-POSE-GRAPH/install/wheel_interfaces/share/wheel_interfaces/cmake/export_wheel_interfaces__rosidl_typesupport_fastrtps_cExport-noconfig.cmake
[4.504s] -- Up-to-date: /home/ziczac/dev/skripsi_code/ROS2-PLICP-POSE-GRAPH/install/wheel_interfaces/share/wheel_interfaces/cmake/wheel_interfaces__rosidl_typesupport_introspection_cExport.cmake
[4.505s] -- Up-to-date: /home/ziczac/dev/skripsi_code/ROS2-PLICP-POSE-GRAPH/install/wheel_interfaces/share/wheel_interfaces/cmake/wheel_interfaces__rosidl_typesupport_introspection_cExport-noconfig.cmake
[4.506s] -- Up-to-date: /home/ziczac/dev/skripsi_code/ROS2-PLICP-POSE-GRAPH/install/wheel_interfaces/share/wheel_interfaces/cmake/wheel_interfaces__rosidl_typesupport_cExport.cmake
[4.507s] -- Up-to-date: /home/ziczac/dev/skripsi_code/ROS2-PLICP-POSE-GRAPH/install/wheel_interfaces/share/wheel_interfaces/cmake/wheel_interfaces__rosidl_typesupport_cExport-noconfig.cmake
[4.507s] -- Up-to-date: /home/ziczac/dev/skripsi_code/ROS2-PLICP-POSE-GRAPH/install/wheel_interfaces/share/wheel_interfaces/cmake/export_wheel_interfaces__rosidl_generator_cppExport.cmake
[4.509s] -- Up-to-date: /home/ziczac/dev/skripsi_code/ROS2-PLICP-POSE-GRAPH/install/wheel_interfaces/share/wheel_interfaces/cmake/export_wheel_interfaces__rosidl_typesupport_fastrtps_cppExport.cmake
[4.509s] -- Up-to-date: /home/ziczac/dev/skripsi_code/ROS2-PLICP-POSE-GRAPH/install/wheel_interfaces/share/wheel_interfaces/cmake/export_wheel_interfaces__rosidl_typesupport_fastrtps_cppExport-noconfig.cmake
[4.509s] -- Up-to-date: /home/ziczac/dev/skripsi_code/ROS2-PLICP-POSE-GRAPH/install/wheel_interfaces/share/wheel_interfaces/cmake/wheel_interfaces__rosidl_typesupport_introspection_cppExport.cmake
[4.510s] -- Up-to-date: /home/ziczac/dev/skripsi_code/ROS2-PLICP-POSE-GRAPH/install/wheel_interfaces/share/wheel_interfaces/cmake/wheel_interfaces__rosidl_typesupport_introspection_cppExport-noconfig.cmake
[4.511s] -- Up-to-date: /home/ziczac/dev/skripsi_code/ROS2-PLICP-POSE-GRAPH/install/wheel_interfaces/share/wheel_interfaces/cmake/wheel_interfaces__rosidl_typesupport_cppExport.cmake
[4.511s] -- Up-to-date: /home/ziczac/dev/skripsi_code/ROS2-PLICP-POSE-GRAPH/install/wheel_interfaces/share/wheel_interfaces/cmake/wheel_interfaces__rosidl_typesupport_cppExport-noconfig.cmake
[4.515s] -- Up-to-date: /home/ziczac/dev/skripsi_code/ROS2-PLICP-POSE-GRAPH/install/wheel_interfaces/share/wheel_interfaces/cmake/export_wheel_interfaces__rosidl_generator_pyExport.cmake
[4.515s] -- Up-to-date: /home/ziczac/dev/skripsi_code/ROS2-PLICP-POSE-GRAPH/install/wheel_interfaces/share/wheel_interfaces/cmake/export_wheel_interfaces__rosidl_generator_pyExport-noconfig.cmake
[4.531s] Invoked command in '/home/ziczac/dev/skripsi_code/ROS2-PLICP-POSE-GRAPH/build/wheel_interfaces' returned '0': CMAKE_PREFIX_PATH=${CMAKE_PREFIX_PATH}:/home/ziczac/dev/skripsi_code/ROS2-PLICP-POSE-GRAPH/install/motor:/home/ziczac/dev/skripsi_code/ROS2-PLICP-POSE-GRAPH/install/gui:/home/ziczac/dev/skripsi_code/ROS2-PLICP-POSE-GRAPH/install/rosboard:/home/ziczac/dev/skripsi_code/ROS2-PLICP-POSE-GRAPH/install/log_odds_map:/home/ziczac/dev/skripsi_code/ROS2-PLICP-POSE-GRAPH/install/icp_graph_slam:/home/ziczac/dev/skripsi_code/ROS2-PLICP-POSE-GRAPH/install/diff_drive:/opt/ros/humble /usr/bin/cmake --install /home/ziczac/dev/skripsi_code/ROS2-PLICP-POSE-GRAPH/build/wheel_interfaces
