[3.978s] Invoking command in '/home/ziczac/dev/skripsi_code/ros2_workspace/src/gui': PYTHONPATH=/home/ziczac/dev/skripsi_code/ros2_workspace/build/gui/prefix_override:/home/ziczac/dev/skripsi_code/ros2_workspace/install/gui/lib/python3.10/site-packages:${PYTHONPATH} /usr/bin/python3 setup.py egg_info --egg-base ../../build/gui build --build-base /home/ziczac/dev/skripsi_code/ros2_workspace/build/gui/build install --record /home/ziczac/dev/skripsi_code/ros2_workspace/build/gui/install.log --single-version-externally-managed
[4.536s] running egg_info
[4.536s] writing ../../build/gui/gui.egg-info/PKG-INFO
[4.536s] writing dependency_links to ../../build/gui/gui.egg-info/dependency_links.txt
[4.537s] writing entry points to ../../build/gui/gui.egg-info/entry_points.txt
[4.537s] writing requirements to ../../build/gui/gui.egg-info/requires.txt
[4.537s] writing top-level names to ../../build/gui/gui.egg-info/top_level.txt
[4.540s] reading manifest file '../../build/gui/gui.egg-info/SOURCES.txt'
[4.541s] writing manifest file '../../build/gui/gui.egg-info/SOURCES.txt'
[4.541s] running build
[4.541s] running build_py
[4.541s] running install
[4.542s] running install_lib
[4.545s] running install_data
[4.546s] running install_egg_info
[4.547s] removing '/home/ziczac/dev/skripsi_code/ros2_workspace/install/gui/lib/python3.10/site-packages/gui-0.0.0-py3.10.egg-info' (and everything under it)
[4.548s] Copying ../../build/gui/gui.egg-info to /home/ziczac/dev/skripsi_code/ros2_workspace/install/gui/lib/python3.10/site-packages/gui-0.0.0-py3.10.egg-info
[4.549s] running install_scripts
[4.579s] Installing gui_control script to /home/ziczac/dev/skripsi_code/ros2_workspace/install/gui/lib/gui
[4.579s] writing list of installed files to '/home/ziczac/dev/skripsi_code/ros2_workspace/build/gui/install.log'
[4.747s] Invoked command in '/home/ziczac/dev/skripsi_code/ros2_workspace/src/gui' returned '0': PYTHONPATH=/home/ziczac/dev/skripsi_code/ros2_workspace/build/gui/prefix_override:/home/ziczac/dev/skripsi_code/ros2_workspace/install/gui/lib/python3.10/site-packages:${PYTHONPATH} /usr/bin/python3 setup.py egg_info --egg-base ../../build/gui build --build-base /home/ziczac/dev/skripsi_code/ros2_workspace/build/gui/build install --record /home/ziczac/dev/skripsi_code/ros2_workspace/build/gui/install.log --single-version-externally-managed
