[2.214s] Invoking command in '/home/ziczac/dev/skripsi_code/ros2_workspace/build/gui': PYTHONPATH=/home/ziczac/dev/skripsi_code/ros2_workspace/build/gui/prefix_override:/home/ziczac/dev/skripsi_code/ros2_workspace/install/gui/lib/python3.10/site-packages:${PYTHONPATH} /usr/bin/python3 -W ignore:setup.py install is deprecated setup.py develop --uninstall --editable --build-directory /home/ziczac/dev/skripsi_code/ros2_workspace/build/gui/build
[2.882s] running develop
[3.313s] Removing /home/ziczac/dev/skripsi_code/ros2_workspace/install/gui/lib/python3.10/site-packages/gui.egg-link (link to .)
[3.384s] Invoked command in '/home/ziczac/dev/skripsi_code/ros2_workspace/build/gui' returned '0': PYTHONPATH=/home/ziczac/dev/skripsi_code/ros2_workspace/build/gui/prefix_override:/home/ziczac/dev/skripsi_code/ros2_workspace/install/gui/lib/python3.10/site-packages:${PYTHONPATH} /usr/bin/python3 -W ignore:setup.py install is deprecated setup.py develop --uninstall --editable --build-directory /home/ziczac/dev/skripsi_code/ros2_workspace/build/gui/build
[3.386s] Invoking command in '/home/ziczac/dev/skripsi_code/ros2_workspace/src/gui': PYTHONPATH=/home/ziczac/dev/skripsi_code/ros2_workspace/build/gui/prefix_override:/home/ziczac/dev/skripsi_code/ros2_workspace/install/gui/lib/python3.10/site-packages:${PYTHONPATH} /usr/bin/python3 -W ignore:setup.py install is deprecated setup.py egg_info --egg-base ../../build/gui build --build-base /home/ziczac/dev/skripsi_code/ros2_workspace/build/gui/build install --record /home/ziczac/dev/skripsi_code/ros2_workspace/build/gui/install.log --single-version-externally-managed install_data --force
[3.881s] running egg_info
[3.882s] writing ../../build/gui/gui.egg-info/PKG-INFO
[3.883s] writing dependency_links to ../../build/gui/gui.egg-info/dependency_links.txt
[3.883s] writing entry points to ../../build/gui/gui.egg-info/entry_points.txt
[3.883s] writing requirements to ../../build/gui/gui.egg-info/requires.txt
[3.883s] writing top-level names to ../../build/gui/gui.egg-info/top_level.txt
[3.886s] reading manifest file '../../build/gui/gui.egg-info/SOURCES.txt'
[3.887s] writing manifest file '../../build/gui/gui.egg-info/SOURCES.txt'
[3.887s] running build
[3.887s] running build_py
[3.887s] copying gui/gradio_gui.py -> /home/ziczac/dev/skripsi_code/ros2_workspace/build/gui/build/lib/gui
[3.956s] running install
[3.957s] running install_lib
[3.958s] creating /home/ziczac/dev/skripsi_code/ros2_workspace/install/gui/lib/python3.10/site-packages/gui
[3.959s] copying /home/ziczac/dev/skripsi_code/ros2_workspace/build/gui/build/lib/gui/gradio_gui.py -> /home/ziczac/dev/skripsi_code/ros2_workspace/install/gui/lib/python3.10/site-packages/gui
[3.959s] copying /home/ziczac/dev/skripsi_code/ros2_workspace/build/gui/build/lib/gui/__init__.py -> /home/ziczac/dev/skripsi_code/ros2_workspace/install/gui/lib/python3.10/site-packages/gui
[3.960s] byte-compiling /home/ziczac/dev/skripsi_code/ros2_workspace/install/gui/lib/python3.10/site-packages/gui/gradio_gui.py to gradio_gui.cpython-310.pyc
[3.962s] byte-compiling /home/ziczac/dev/skripsi_code/ros2_workspace/install/gui/lib/python3.10/site-packages/gui/__init__.py to __init__.cpython-310.pyc
[3.962s] running install_data
[3.962s] copying resource/gui -> /home/ziczac/dev/skripsi_code/ros2_workspace/install/gui/share/ament_index/resource_index/packages
[3.963s] copying package.xml -> /home/ziczac/dev/skripsi_code/ros2_workspace/install/gui/share/gui
[3.963s] running install_egg_info
[3.965s] Copying ../../build/gui/gui.egg-info to /home/ziczac/dev/skripsi_code/ros2_workspace/install/gui/lib/python3.10/site-packages/gui-0.0.0-py3.10.egg-info
[3.975s] running install_scripts
[4.006s] Installing gui_control script to /home/ziczac/dev/skripsi_code/ros2_workspace/install/gui/lib/gui
[4.007s] writing list of installed files to '/home/ziczac/dev/skripsi_code/ros2_workspace/build/gui/install.log'
[4.076s] Invoked command in '/home/ziczac/dev/skripsi_code/ros2_workspace/src/gui' returned '0': PYTHONPATH=/home/ziczac/dev/skripsi_code/ros2_workspace/build/gui/prefix_override:/home/ziczac/dev/skripsi_code/ros2_workspace/install/gui/lib/python3.10/site-packages:${PYTHONPATH} /usr/bin/python3 -W ignore:setup.py install is deprecated setup.py egg_info --egg-base ../../build/gui build --build-base /home/ziczac/dev/skripsi_code/ros2_workspace/build/gui/build install --record /home/ziczac/dev/skripsi_code/ros2_workspace/build/gui/install.log --single-version-externally-managed install_data --force
