[5.655s] Invoking command in '/home/ziczac/dev/skripsi_code/ros2_workspace/build/rosboard': PYTHONPATH=/home/ziczac/dev/skripsi_code/ros2_workspace/build/rosboard/prefix_override:/home/ziczac/dev/skripsi_code/ros2_workspace/install/rosboard/lib/python3.10/site-packages:${PYTHONPATH} /usr/bin/python3 setup.py develop --editable --build-directory /home/ziczac/dev/skripsi_code/ros2_workspace/build/rosboard/build --no-deps install_data
[7.082s] /home/ziczac/.local/lib/python3.10/site-packages/setuptools/command/develop.py:40: EasyInstallDeprecationWarning: easy_install command is deprecated.
[7.082s] !!
[7.082s] 
[7.083s]         ********************************************************************************
[7.083s]         Please avoid running ``setup.py`` and ``easy_install``.
[7.083s]         Instead, use pypa/build, pypa/installer or other
[7.083s]         standards-based tools.
[7.083s] 
[7.084s]         See https://github.com/pypa/setuptools/issues/917 for details.
[7.084s]         ********************************************************************************
[7.084s] 
[7.084s] !!
[7.085s]   easy_install.initialize_options(self)
[7.085s] /home/ziczac/.local/lib/python3.10/site-packages/setuptools/_distutils/cmd.py:66: SetuptoolsDeprecationWarning: setup.py install is deprecated.
[7.085s] !!
[7.085s] 
[7.086s]         ********************************************************************************
[7.086s]         Please avoid running ``setup.py`` directly.
[7.086s]         Instead, use pypa/build, pypa/installer or other
[7.086s]         standards-based tools.
[7.086s] 
[7.087s]         See https://blog.ganssle.io/articles/2021/10/setup-py-deprecated.html for details.
[7.087s]         ********************************************************************************
[7.087s] 
[7.087s] !!
[7.087s]   self.initialize_options()
[7.088s] running develop
[7.580s] running egg_info
[7.680s] writing rosboard.egg-info/PKG-INFO
[7.681s] writing dependency_links to rosboard.egg-info/dependency_links.txt
[7.681s] writing entry points to rosboard.egg-info/entry_points.txt
[7.689s] writing requirements to rosboard.egg-info/requires.txt
[7.689s] writing top-level names to rosboard.egg-info/top_level.txt
[7.837s] reading manifest file 'rosboard.egg-info/SOURCES.txt'
[7.844s] writing manifest file 'rosboard.egg-info/SOURCES.txt'
[7.912s] running build_ext
[7.912s] Creating /home/ziczac/dev/skripsi_code/ros2_workspace/install/rosboard/lib/python3.10/site-packages/rosboard.egg-link (link to .)
[7.913s] Installing rosboard_node script to /home/ziczac/dev/skripsi_code/ros2_workspace/install/rosboard/lib/rosboard
[7.916s] 
[7.916s] Installed /home/ziczac/dev/skripsi_code/ros2_workspace/build/rosboard
[7.917s] running install_data
[7.917s] copying package.xml -> /home/ziczac/dev/skripsi_code/ros2_workspace/install/rosboard/share/rosboard
[8.344s] Invoked command in '/home/ziczac/dev/skripsi_code/ros2_workspace/build/rosboard' returned '0': PYTHONPATH=/home/ziczac/dev/skripsi_code/ros2_workspace/build/rosboard/prefix_override:/home/ziczac/dev/skripsi_code/ros2_workspace/install/rosboard/lib/python3.10/site-packages:${PYTHONPATH} /usr/bin/python3 setup.py develop --editable --build-directory /home/ziczac/dev/skripsi_code/ros2_workspace/build/rosboard/build --no-deps install_data
