[0.093s] Invoking command in '/home/ziczac/dev/skripsi_code/ros2_workspace/build/lslidar_driver': CMAKE_PREFIX_PATH=/home/ziczac/dev/skripsi_code/ros2_workspace/install/lslidar_msgs:/home/ziczac/dev/skripsi_code/ros2_workspace/install/wheel_interfaces:/home/ziczac/dev/skripsi_code/ros2_workspace/install/my_bot:/home/ziczac/dev/skripsi_code/ros2_workspace/install/lslidar_driver:/home/ziczac/dev/skripsi_code/ros2_workspace/install/motor:/home/ziczac/dev/skripsi_code/ros2_workspace/install/gui:/home/ziczac/dev/skripsi_code/ros2_workspace/install/rosboard:/home/ziczac/dev/skripsi_code/ros2_workspace/install/mapping:/home/ziczac/dev/skripsi_code/ros2_workspace/install/log_odds_map:/home/ziczac/dev/skripsi_code/ros2_workspace/install/diff_drive:/opt/ros/humble LD_LIBRARY_PATH=/home/ziczac/dev/skripsi_code/ros2_workspace/install/lslidar_msgs/lib:/home/ziczac/dev/skripsi_code/ros2_workspace/install/wheel_interfaces/lib:/usr/lib/x86_64-linux-gnu/gazebo-11/plugins:/opt/ros/humble/opt/rviz_ogre_vendor/lib:/opt/ros/humble/lib/x86_64-linux-gnu:/opt/ros/humble/lib /usr/bin/cmake --build /home/ziczac/dev/skripsi_code/ros2_workspace/build/lslidar_driver -- -j8 -l8
[0.595s] [100%] Built target lslidar_driver_node
[0.655s] Invoked command in '/home/ziczac/dev/skripsi_code/ros2_workspace/build/lslidar_driver' returned '0': CMAKE_PREFIX_PATH=/home/ziczac/dev/skripsi_code/ros2_workspace/install/lslidar_msgs:/home/ziczac/dev/skripsi_code/ros2_workspace/install/wheel_interfaces:/home/ziczac/dev/skripsi_code/ros2_workspace/install/my_bot:/home/ziczac/dev/skripsi_code/ros2_workspace/install/lslidar_driver:/home/ziczac/dev/skripsi_code/ros2_workspace/install/motor:/home/ziczac/dev/skripsi_code/ros2_workspace/install/gui:/home/ziczac/dev/skripsi_code/ros2_workspace/install/rosboard:/home/ziczac/dev/skripsi_code/ros2_workspace/install/mapping:/home/ziczac/dev/skripsi_code/ros2_workspace/install/log_odds_map:/home/ziczac/dev/skripsi_code/ros2_workspace/install/diff_drive:/opt/ros/humble LD_LIBRARY_PATH=/home/ziczac/dev/skripsi_code/ros2_workspace/install/lslidar_msgs/lib:/home/ziczac/dev/skripsi_code/ros2_workspace/install/wheel_interfaces/lib:/usr/lib/x86_64-linux-gnu/gazebo-11/plugins:/opt/ros/humble/opt/rviz_ogre_vendor/lib:/opt/ros/humble/lib/x86_64-linux-gnu:/opt/ros/humble/lib /usr/bin/cmake --build /home/ziczac/dev/skripsi_code/ros2_workspace/build/lslidar_driver -- -j8 -l8
[0.917s] Invoking command in '/home/ziczac/dev/skripsi_code/ros2_workspace/build/lslidar_driver': CMAKE_PREFIX_PATH=/home/ziczac/dev/skripsi_code/ros2_workspace/install/lslidar_msgs:/home/ziczac/dev/skripsi_code/ros2_workspace/install/wheel_interfaces:/home/ziczac/dev/skripsi_code/ros2_workspace/install/my_bot:/home/ziczac/dev/skripsi_code/ros2_workspace/install/lslidar_driver:/home/ziczac/dev/skripsi_code/ros2_workspace/install/motor:/home/ziczac/dev/skripsi_code/ros2_workspace/install/gui:/home/ziczac/dev/skripsi_code/ros2_workspace/install/rosboard:/home/ziczac/dev/skripsi_code/ros2_workspace/install/mapping:/home/ziczac/dev/skripsi_code/ros2_workspace/install/log_odds_map:/home/ziczac/dev/skripsi_code/ros2_workspace/install/diff_drive:/opt/ros/humble LD_LIBRARY_PATH=/home/ziczac/dev/skripsi_code/ros2_workspace/install/lslidar_msgs/lib:/home/ziczac/dev/skripsi_code/ros2_workspace/install/wheel_interfaces/lib:/usr/lib/x86_64-linux-gnu/gazebo-11/plugins:/opt/ros/humble/opt/rviz_ogre_vendor/lib:/opt/ros/humble/lib/x86_64-linux-gnu:/opt/ros/humble/lib /usr/bin/cmake --install /home/ziczac/dev/skripsi_code/ros2_workspace/build/lslidar_driver
[0.954s] -- Install configuration: ""
[0.957s] -- Execute custom install script
[0.960s] -- Up-to-date symlink: /home/ziczac/dev/skripsi_code/ros2_workspace/install/lslidar_driver/share/lslidar_driver/launch/lslidar_double_launch.py
[0.960s] -- Up-to-date symlink: /home/ziczac/dev/skripsi_code/ros2_workspace/install/lslidar_driver/share/lslidar_driver/launch/lslidar_launch.py
[0.961s] -- Up-to-date symlink: /home/ziczac/dev/skripsi_code/ros2_workspace/install/lslidar_driver/share/lslidar_driver/params/lsx10.yaml
[0.961s] -- Up-to-date symlink: /home/ziczac/dev/skripsi_code/ros2_workspace/install/lslidar_driver/share/lslidar_driver/params/lsx10_1.yaml
[0.964s] -- Up-to-date symlink: /home/ziczac/dev/skripsi_code/ros2_workspace/install/lslidar_driver/share/lslidar_driver/params/lsx10_2.yaml
[0.966s] -- Up-to-date symlink: /home/ziczac/dev/skripsi_code/ros2_workspace/install/lslidar_driver/share/lslidar_driver/rviz/lslidar.rviz
[0.967s] -- Up-to-date symlink: /home/ziczac/dev/skripsi_code/ros2_workspace/install/lslidar_driver/lib/lslidar_driver/lslidar_driver_node
[0.967s] -- Up-to-date symlink: /home/ziczac/dev/skripsi_code/ros2_workspace/install/lslidar_driver/share/ament_index/resource_index/package_run_dependencies/lslidar_driver
[0.971s] -- Up-to-date symlink: /home/ziczac/dev/skripsi_code/ros2_workspace/install/lslidar_driver/share/ament_index/resource_index/parent_prefix_path/lslidar_driver
[0.972s] -- Up-to-date symlink: /home/ziczac/dev/skripsi_code/ros2_workspace/install/lslidar_driver/share/lslidar_driver/environment/ament_prefix_path.sh
[0.972s] -- Up-to-date symlink: /home/ziczac/dev/skripsi_code/ros2_workspace/install/lslidar_driver/share/lslidar_driver/environment/ament_prefix_path.dsv
[0.973s] -- Up-to-date symlink: /home/ziczac/dev/skripsi_code/ros2_workspace/install/lslidar_driver/share/lslidar_driver/environment/path.sh
[0.973s] -- Up-to-date symlink: /home/ziczac/dev/skripsi_code/ros2_workspace/install/lslidar_driver/share/lslidar_driver/environment/path.dsv
[0.975s] -- Up-to-date symlink: /home/ziczac/dev/skripsi_code/ros2_workspace/install/lslidar_driver/share/lslidar_driver/local_setup.bash
[0.980s] -- Up-to-date symlink: /home/ziczac/dev/skripsi_code/ros2_workspace/install/lslidar_driver/share/lslidar_driver/local_setup.sh
[0.983s] -- Up-to-date symlink: /home/ziczac/dev/skripsi_code/ros2_workspace/install/lslidar_driver/share/lslidar_driver/local_setup.zsh
[0.983s] -- Up-to-date symlink: /home/ziczac/dev/skripsi_code/ros2_workspace/install/lslidar_driver/share/lslidar_driver/local_setup.dsv
[0.984s] -- Symlinking: /home/ziczac/dev/skripsi_code/ros2_workspace/install/lslidar_driver/share/lslidar_driver/package.dsv
[1.020s] -- Up-to-date symlink: /home/ziczac/dev/skripsi_code/ros2_workspace/install/lslidar_driver/share/ament_index/resource_index/packages/lslidar_driver
[1.022s] -- Up-to-date symlink: /home/ziczac/dev/skripsi_code/ros2_workspace/install/lslidar_driver/share/lslidar_driver/cmake/ament_cmake_export_dependencies-extras.cmake
[1.026s] -- Up-to-date symlink: /home/ziczac/dev/skripsi_code/ros2_workspace/install/lslidar_driver/share/lslidar_driver/cmake/ament_cmake_export_include_directories-extras.cmake
[1.038s] -- Up-to-date symlink: /home/ziczac/dev/skripsi_code/ros2_workspace/install/lslidar_driver/share/lslidar_driver/cmake/lslidar_driverConfig.cmake
[1.045s] -- Up-to-date symlink: /home/ziczac/dev/skripsi_code/ros2_workspace/install/lslidar_driver/share/lslidar_driver/cmake/lslidar_driverConfig-version.cmake
[1.051s] -- Up-to-date symlink: /home/ziczac/dev/skripsi_code/ros2_workspace/install/lslidar_driver/share/lslidar_driver/package.xml
[1.069s] Invoked command in '/home/ziczac/dev/skripsi_code/ros2_workspace/build/lslidar_driver' returned '0': CMAKE_PREFIX_PATH=/home/ziczac/dev/skripsi_code/ros2_workspace/install/lslidar_msgs:/home/ziczac/dev/skripsi_code/ros2_workspace/install/wheel_interfaces:/home/ziczac/dev/skripsi_code/ros2_workspace/install/my_bot:/home/ziczac/dev/skripsi_code/ros2_workspace/install/lslidar_driver:/home/ziczac/dev/skripsi_code/ros2_workspace/install/motor:/home/ziczac/dev/skripsi_code/ros2_workspace/install/gui:/home/ziczac/dev/skripsi_code/ros2_workspace/install/rosboard:/home/ziczac/dev/skripsi_code/ros2_workspace/install/mapping:/home/ziczac/dev/skripsi_code/ros2_workspace/install/log_odds_map:/home/ziczac/dev/skripsi_code/ros2_workspace/install/diff_drive:/opt/ros/humble LD_LIBRARY_PATH=/home/ziczac/dev/skripsi_code/ros2_workspace/install/lslidar_msgs/lib:/home/ziczac/dev/skripsi_code/ros2_workspace/install/wheel_interfaces/lib:/usr/lib/x86_64-linux-gnu/gazebo-11/plugins:/opt/ros/humble/opt/rviz_ogre_vendor/lib:/opt/ros/humble/lib/x86_64-linux-gnu:/opt/ros/humble/lib /usr/bin/cmake --install /home/ziczac/dev/skripsi_code/ros2_workspace/build/lslidar_driver
