[1.705s] Invoking command in '/home/ziczac/dev/skripsi_code/ros2_workspace/build/serial': CMAKE_PREFIX_PATH=/opt/ros/humble /usr/bin/cmake /home/ziczac/dev/skripsi_code/ros2_workspace/src/serial-ros2 -DAMENT_CMAKE_SYMLINK_INSTALL=1 -DCMAKE_INSTALL_PREFIX=/home/ziczac/dev/skripsi_code/ros2_workspace/install/serial
[1.830s] -- Found ament_cmake: 1.3.8 (/opt/ros/humble/share/ament_cmake/cmake)
[2.354s] -- Override CMake install command with custom implementation using symlinks instead of copying resources
[3.894s] -- Configuring done
[5.133s] -- Generating done
[5.136s] -- Build files have been written to: /home/ziczac/dev/skripsi_code/ros2_workspace/build/serial
[5.144s] Invoked command in '/home/ziczac/dev/skripsi_code/ros2_workspace/build/serial' returned '0': CMAKE_PREFIX_PATH=/opt/ros/humble /usr/bin/cmake /home/ziczac/dev/skripsi_code/ros2_workspace/src/serial-ros2 -DAMENT_CMAKE_SYMLINK_INSTALL=1 -DCMAKE_INSTALL_PREFIX=/home/ziczac/dev/skripsi_code/ros2_workspace/install/serial
[5.150s] Invoking command in '/home/ziczac/dev/skripsi_code/ros2_workspace/build/serial': CMAKE_PREFIX_PATH=/opt/ros/humble /usr/bin/cmake --build /home/ziczac/dev/skripsi_code/ros2_workspace/build/serial -- -j8 -l8
[5.371s] [35m[1mConsolidate compiler generated dependencies of target serial[0m
[5.413s] [100%] Built target serial
[5.445s] Invoked command in '/home/ziczac/dev/skripsi_code/ros2_workspace/build/serial' returned '0': CMAKE_PREFIX_PATH=/opt/ros/humble /usr/bin/cmake --build /home/ziczac/dev/skripsi_code/ros2_workspace/build/serial -- -j8 -l8
[5.523s] Invoking command in '/home/ziczac/dev/skripsi_code/ros2_workspace/build/serial': CMAKE_PREFIX_PATH=/opt/ros/humble /usr/bin/cmake --install /home/ziczac/dev/skripsi_code/ros2_workspace/build/serial
[5.532s] -- Install configuration: ""
[5.533s] -- Execute custom install script
[5.533s] -- Up-to-date symlink: /home/ziczac/dev/skripsi_code/ros2_workspace/install/serial/share/serial/environment/library_path.sh
[5.533s] -- Up-to-date symlink: /home/ziczac/dev/skripsi_code/ros2_workspace/install/serial/share/serial/environment/library_path.dsv
[5.534s] -- Up-to-date symlink: /home/ziczac/dev/skripsi_code/ros2_workspace/install/serial/lib/libserial.a
[5.534s] -- Up-to-date symlink: /home/ziczac/dev/skripsi_code/ros2_workspace/install/serial/include/serial/serial.h
[5.534s] -- Up-to-date symlink: /home/ziczac/dev/skripsi_code/ros2_workspace/install/serial/include/serial/v8stdint.h
[5.574s] -- Up-to-date symlink: /home/ziczac/dev/skripsi_code/ros2_workspace/install/serial/share/ament_index/resource_index/package_run_dependencies/serial
[5.575s] -- Up-to-date symlink: /home/ziczac/dev/skripsi_code/ros2_workspace/install/serial/share/ament_index/resource_index/parent_prefix_path/serial
[5.575s] -- Up-to-date symlink: /home/ziczac/dev/skripsi_code/ros2_workspace/install/serial/share/serial/environment/ament_prefix_path.sh
[5.576s] -- Up-to-date symlink: /home/ziczac/dev/skripsi_code/ros2_workspace/install/serial/share/serial/environment/ament_prefix_path.dsv
[5.576s] -- Up-to-date symlink: /home/ziczac/dev/skripsi_code/ros2_workspace/install/serial/share/serial/environment/path.sh
[5.576s] -- Up-to-date symlink: /home/ziczac/dev/skripsi_code/ros2_workspace/install/serial/share/serial/environment/path.dsv
[5.577s] -- Up-to-date symlink: /home/ziczac/dev/skripsi_code/ros2_workspace/install/serial/share/serial/local_setup.bash
[5.577s] -- Up-to-date symlink: /home/ziczac/dev/skripsi_code/ros2_workspace/install/serial/share/serial/local_setup.sh
[5.577s] -- Up-to-date symlink: /home/ziczac/dev/skripsi_code/ros2_workspace/install/serial/share/serial/local_setup.zsh
[5.578s] -- Up-to-date symlink: /home/ziczac/dev/skripsi_code/ros2_workspace/install/serial/share/serial/local_setup.dsv
[5.578s] -- Symlinking: /home/ziczac/dev/skripsi_code/ros2_workspace/install/serial/share/serial/package.dsv
[5.592s] -- Up-to-date symlink: /home/ziczac/dev/skripsi_code/ros2_workspace/install/serial/share/ament_index/resource_index/packages/serial
[5.593s] -- Up-to-date symlink: /home/ziczac/dev/skripsi_code/ros2_workspace/install/serial/share/serial/cmake/ament_cmake_export_include_directories-extras.cmake
[5.593s] -- Up-to-date symlink: /home/ziczac/dev/skripsi_code/ros2_workspace/install/serial/share/serial/cmake/ament_cmake_export_libraries-extras.cmake
[5.593s] -- Up-to-date symlink: /home/ziczac/dev/skripsi_code/ros2_workspace/install/serial/share/serial/cmake/serialConfig.cmake
[5.594s] -- Up-to-date symlink: /home/ziczac/dev/skripsi_code/ros2_workspace/install/serial/share/serial/cmake/serialConfig-version.cmake
[5.594s] -- Up-to-date symlink: /home/ziczac/dev/skripsi_code/ros2_workspace/install/serial/share/serial/package.xml
[5.598s] Invoked command in '/home/ziczac/dev/skripsi_code/ros2_workspace/build/serial' returned '0': CMAKE_PREFIX_PATH=/opt/ros/humble /usr/bin/cmake --install /home/ziczac/dev/skripsi_code/ros2_workspace/build/serial
