[9.347s] Invoking command in '/home/ziczac/dev/skripsi_code/ros2_workspace/build/gui': PYTHONPATH=/home/ziczac/dev/skripsi_code/ros2_workspace/build/gui/prefix_override:/home/ziczac/dev/skripsi_code/ros2_workspace/install/gui/lib/python3.10/site-packages:${PYTHONPATH} /usr/bin/python3 setup.py develop --editable --build-directory /home/ziczac/dev/skripsi_code/ros2_workspace/build/gui/build --no-deps install_data
[10.744s] running develop
[10.744s] /home/ziczac/.local/lib/python3.10/site-packages/setuptools/command/develop.py:40: EasyInstallDeprecationWarning: easy_install command is deprecated.
[10.744s] !!
[10.744s] 
[10.745s]         ********************************************************************************
[10.745s]         Please avoid running ``setup.py`` and ``easy_install``.
[10.745s]         Instead, use pypa/build, pypa/installer or other
[10.745s]         standards-based tools.
[10.746s] 
[10.746s]         See https://github.com/pypa/setuptools/issues/917 for details.
[10.746s]         ********************************************************************************
[10.747s] 
[10.747s] !!
[10.747s]   easy_install.initialize_options(self)
[10.868s] /home/ziczac/.local/lib/python3.10/site-packages/setuptools/_distutils/cmd.py:66: SetuptoolsDeprecationWarning: setup.py install is deprecated.
[10.869s] !!
[10.869s] 
[10.870s]         ********************************************************************************
[10.872s]         Please avoid running ``setup.py`` directly.
[10.874s]         Instead, use pypa/build, pypa/installer or other
[10.875s]         standards-based tools.
[10.875s] 
[10.878s]         See https://blog.ganssle.io/articles/2021/10/setup-py-deprecated.html for details.
[10.879s]         ********************************************************************************
[10.880s] 
[10.881s] !!
[10.882s]   self.initialize_options()
[13.369s] running egg_info
[13.791s] writing gui.egg-info/PKG-INFO
[13.796s] writing dependency_links to gui.egg-info/dependency_links.txt
[13.799s] writing entry points to gui.egg-info/entry_points.txt
[13.801s] writing requirements to gui.egg-info/requires.txt
[13.804s] writing top-level names to gui.egg-info/top_level.txt
[14.577s] reading manifest file 'gui.egg-info/SOURCES.txt'
[14.600s] writing manifest file 'gui.egg-info/SOURCES.txt'
[14.967s] running build_ext
[14.970s] Creating /home/ziczac/dev/skripsi_code/ros2_workspace/install/gui/lib/python3.10/site-packages/gui.egg-link (link to .)
[14.985s] Installing gui_control script to /home/ziczac/dev/skripsi_code/ros2_workspace/install/gui/lib/gui
[14.987s] 
[14.988s] Installed /home/ziczac/dev/skripsi_code/ros2_workspace/build/gui
[15.000s] running install_data
[15.016s] copying resource/gui -> /home/ziczac/dev/skripsi_code/ros2_workspace/install/gui/share/ament_index/resource_index/packages
[15.017s] copying package.xml -> /home/ziczac/dev/skripsi_code/ros2_workspace/install/gui/share/gui
[16.873s] Invoked command in '/home/ziczac/dev/skripsi_code/ros2_workspace/build/gui' returned '0': PYTHONPATH=/home/ziczac/dev/skripsi_code/ros2_workspace/build/gui/prefix_override:/home/ziczac/dev/skripsi_code/ros2_workspace/install/gui/lib/python3.10/site-packages:${PYTHONPATH} /usr/bin/python3 setup.py develop --editable --build-directory /home/ziczac/dev/skripsi_code/ros2_workspace/build/gui/build --no-deps install_data
