[1.564s] Invoking command in '/home/ziczac/dev/skripsi_code/ros2_workspace/build/wheel_interfaces': CMAKE_PREFIX_PATH=${CMAKE_PREFIX_PATH}:/home/ziczac/dev/skripsi_code/ros2_workspace/install/motor:/home/ziczac/dev/skripsi_code/ros2_workspace/install/gui:/home/ziczac/dev/skripsi_code/ros2_workspace/install/rosboard:/home/ziczac/dev/skripsi_code/ros2_workspace/install/diff_drive:/opt/ros/humble /usr/bin/cmake --build /home/ziczac/dev/skripsi_code/ros2_workspace/build/wheel_interfaces -- -j8 -l8
[11.262s] -- Found ament_cmake: 1.3.8 (/opt/ros/humble/share/ament_cmake/cmake)
[11.264s] -- Override CMake install command with custom implementation using symlinks instead of copying resources
[11.508s] -- Found rosidl_default_generators: 1.2.0 (/opt/ros/humble/share/rosidl_default_generators/cmake)
[11.609s] -- Using all available rosidl_typesupport_c: rosidl_typesupport_fastrtps_c;rosidl_typesupport_introspection_c
[11.673s] -- Found rosidl_adapter: 3.1.5 (/opt/ros/humble/share/rosidl_adapter/cmake)
[12.204s] -- Using all available rosidl_typesupport_cpp: rosidl_typesupport_fastrtps_cpp;rosidl_typesupport_introspection_cpp
[13.348s] -- Found ament_cmake_ros: 0.10.0 (/opt/ros/humble/share/ament_cmake_ros/cmake)
[13.906s] -- Using all available rosidl_typesupport_c: rosidl_typesupport_fastrtps_c;rosidl_typesupport_introspection_c
[14.385s] -- Using all available rosidl_typesupport_cpp: rosidl_typesupport_fastrtps_cpp;rosidl_typesupport_introspection_cpp
[14.448s] -- Found python_cmake_module: 0.10.0 (/opt/ros/humble/share/python_cmake_module/cmake)
[14.558s] -- Using PYTHON_EXECUTABLE: /usr/bin/python3
[14.558s] -- Using PYTHON_INCLUDE_DIRS: /usr/include/python3.10
[14.559s] -- Using PYTHON_LIBRARIES: /usr/lib/x86_64-linux-gnu/libpython3.10.so
[14.970s] -- Configuring done
[15.590s] -- Generating done
[15.598s] -- Build files have been written to: /home/ziczac/dev/skripsi_code/ros2_workspace/build/wheel_interfaces
[15.691s] [35m[1mConsolidate compiler generated dependencies of target wheel_interfaces__rosidl_generator_c[0m
[15.718s] [  9%] Built target wheel_interfaces__rosidl_generator_c
[15.736s] [ 12%] Built target wheel_interfaces__cpp
[15.748s] [ 12%] Built target ament_cmake_python_symlink_wheel_interfaces
[15.817s] [35m[1mConsolidate compiler generated dependencies of target wheel_interfaces__rosidl_typesupport_introspection_c[0m
[15.834s] [35m[1mConsolidate compiler generated dependencies of target wheel_interfaces__rosidl_typesupport_c[0m
[15.834s] [35m[1mConsolidate compiler generated dependencies of target wheel_interfaces__rosidl_typesupport_fastrtps_cpp[0m
[15.834s] [35m[1mConsolidate compiler generated dependencies of target wheel_interfaces__rosidl_typesupport_fastrtps_c[0m
[15.835s] [35m[1mConsolidate compiler generated dependencies of target wheel_interfaces__rosidl_typesupport_cpp[0m
[15.836s] [35m[1mConsolidate compiler generated dependencies of target wheel_interfaces__rosidl_typesupport_introspection_cpp[0m
[15.850s] [ 22%] Built target wheel_interfaces__rosidl_typesupport_introspection_c
[15.865s] [ 32%] Built target wheel_interfaces__rosidl_typesupport_c
[15.867s] [ 54%] Built target wheel_interfaces__rosidl_typesupport_introspection_cpp
[15.867s] [ 61%] Built target wheel_interfaces__rosidl_typesupport_fastrtps_cpp
[15.867s] [ 61%] Built target wheel_interfaces__rosidl_typesupport_fastrtps_c
[15.869s] [ 70%] Built target wheel_interfaces__rosidl_typesupport_cpp
[15.913s] [ 70%] Built target wheel_interfaces
[15.976s] [ 74%] Built target wheel_interfaces__py
[16.003s] [35m[1mConsolidate compiler generated dependencies of target wheel_interfaces__rosidl_generator_py[0m
[16.031s] [ 80%] Built target wheel_interfaces__rosidl_generator_py
[16.055s] [35m[1mConsolidate compiler generated dependencies of target wheel_interfaces__rosidl_typesupport_introspection_c__pyext[0m
[16.056s] [35m[1mConsolidate compiler generated dependencies of target wheel_interfaces__rosidl_typesupport_fastrtps_c__pyext[0m
[16.056s] [35m[1mConsolidate compiler generated dependencies of target wheel_interfaces__rosidl_typesupport_c__pyext[0m
[16.081s] [ 87%] Built target wheel_interfaces__rosidl_typesupport_introspection_c__pyext
[16.081s] [ 96%] Built target wheel_interfaces__rosidl_typesupport_fastrtps_c__pyext
[16.081s] [100%] Built target wheel_interfaces__rosidl_typesupport_c__pyext
[16.236s] running egg_info
[16.274s] writing wheel_interfaces.egg-info/PKG-INFO
[16.275s] writing dependency_links to wheel_interfaces.egg-info/dependency_links.txt
[16.275s] writing top-level names to wheel_interfaces.egg-info/top_level.txt
[16.393s] reading manifest file 'wheel_interfaces.egg-info/SOURCES.txt'
[16.419s] writing manifest file 'wheel_interfaces.egg-info/SOURCES.txt'
[16.464s] [100%] Built target ament_cmake_python_build_wheel_interfaces_egg
