running develop
running egg_info
creating diff_drive.egg-info
writing diff_drive.egg-info/PKG-INFO
writing dependency_links to diff_drive.egg-info/dependency_links.txt
writing entry points to diff_drive.egg-info/entry_points.txt
writing requirements to diff_drive.egg-info/requires.txt
writing top-level names to diff_drive.egg-info/top_level.txt
writing manifest file 'diff_drive.egg-info/SOURCES.txt'
reading manifest file 'diff_drive.egg-info/SOURCES.txt'
writing manifest file 'diff_drive.egg-info/SOURCES.txt'
running build_ext
Creating /home/ziczac/dev/skripsi_code/ros2_workspace/src/install/diff_drive/lib/python3.10/site-packages/diff-drive.egg-link (link to .)
Installing diff_drive_model script to /home/ziczac/dev/skripsi_code/ros2_workspace/src/install/diff_drive/lib/diff_drive

Installed /home/ziczac/dev/skripsi_code/ros2_workspace/src/build/diff_drive
running symlink_data
creating /home/ziczac/dev/skripsi_code/ros2_workspace/src/install/diff_drive/share/ament_index
creating /home/ziczac/dev/skripsi_code/ros2_workspace/src/install/diff_drive/share/ament_index/resource_index
creating /home/ziczac/dev/skripsi_code/ros2_workspace/src/install/diff_drive/share/ament_index/resource_index/packages
symbolically linking /home/ziczac/dev/skripsi_code/ros2_workspace/src/build/diff_drive/resource/diff_drive -> /home/ziczac/dev/skripsi_code/ros2_workspace/src/install/diff_drive/share/ament_index/resource_index/packages
symbolically linking /home/ziczac/dev/skripsi_code/ros2_workspace/src/build/diff_drive/package.xml -> /home/ziczac/dev/skripsi_code/ros2_workspace/src/install/diff_drive/share/diff_drive
