[2.174s] Invoking command in '/home/ziczac/dev/skripsi_code/ros2_workspace/build/motor': PYTHONPATH=/home/ziczac/dev/skripsi_code/ros2_workspace/build/motor/prefix_override:/home/ziczac/dev/skripsi_code/ros2_workspace/install/motor/lib/python3.10/site-packages:${PYTHONPATH} /usr/bin/python3 -W ignore:setup.py install is deprecated setup.py develop --uninstall --editable --build-directory /home/ziczac/dev/skripsi_code/ros2_workspace/build/motor/build
[2.801s] running develop
[3.240s] Removing /home/ziczac/dev/skripsi_code/ros2_workspace/install/motor/lib/python3.10/site-packages/motor.egg-link (link to .)
[3.320s] Invoked command in '/home/ziczac/dev/skripsi_code/ros2_workspace/build/motor' returned '0': PYTHONPATH=/home/ziczac/dev/skripsi_code/ros2_workspace/build/motor/prefix_override:/home/ziczac/dev/skripsi_code/ros2_workspace/install/motor/lib/python3.10/site-packages:${PYTHONPATH} /usr/bin/python3 -W ignore:setup.py install is deprecated setup.py develop --uninstall --editable --build-directory /home/ziczac/dev/skripsi_code/ros2_workspace/build/motor/build
[3.324s] Invoking command in '/home/ziczac/dev/skripsi_code/ros2_workspace/src/motor': PYTHONPATH=/home/ziczac/dev/skripsi_code/ros2_workspace/build/motor/prefix_override:/home/ziczac/dev/skripsi_code/ros2_workspace/install/motor/lib/python3.10/site-packages:${PYTHONPATH} /usr/bin/python3 -W ignore:setup.py install is deprecated setup.py egg_info --egg-base ../../build/motor build --build-base /home/ziczac/dev/skripsi_code/ros2_workspace/build/motor/build install --record /home/ziczac/dev/skripsi_code/ros2_workspace/build/motor/install.log --single-version-externally-managed install_data --force
[3.772s] running egg_info
[3.772s] writing ../../build/motor/motor.egg-info/PKG-INFO
[3.773s] writing dependency_links to ../../build/motor/motor.egg-info/dependency_links.txt
[3.773s] writing entry points to ../../build/motor/motor.egg-info/entry_points.txt
[3.773s] writing requirements to ../../build/motor/motor.egg-info/requires.txt
[3.773s] writing top-level names to ../../build/motor/motor.egg-info/top_level.txt
[3.776s] reading manifest file '../../build/motor/motor.egg-info/SOURCES.txt'
[3.777s] writing manifest file '../../build/motor/motor.egg-info/SOURCES.txt'
[3.777s] running build
[3.778s] running build_py
[3.778s] copying motor/motor.py -> /home/ziczac/dev/skripsi_code/ros2_workspace/build/motor/build/lib/motor
[3.778s] copying modules/ddsm115.py -> /home/ziczac/dev/skripsi_code/ros2_workspace/build/motor/build/lib/modules
[3.800s] running install
[3.800s] running install_lib
[3.802s] creating /home/ziczac/dev/skripsi_code/ros2_workspace/install/motor/lib/python3.10/site-packages/motor
[3.802s] copying /home/ziczac/dev/skripsi_code/ros2_workspace/build/motor/build/lib/motor/motor.py -> /home/ziczac/dev/skripsi_code/ros2_workspace/install/motor/lib/python3.10/site-packages/motor
[3.803s] copying /home/ziczac/dev/skripsi_code/ros2_workspace/build/motor/build/lib/motor/__init__.py -> /home/ziczac/dev/skripsi_code/ros2_workspace/install/motor/lib/python3.10/site-packages/motor
[3.803s] creating /home/ziczac/dev/skripsi_code/ros2_workspace/install/motor/lib/python3.10/site-packages/modules
[3.803s] copying /home/ziczac/dev/skripsi_code/ros2_workspace/build/motor/build/lib/modules/ddsm115.py -> /home/ziczac/dev/skripsi_code/ros2_workspace/install/motor/lib/python3.10/site-packages/modules
[3.803s] copying /home/ziczac/dev/skripsi_code/ros2_workspace/build/motor/build/lib/modules/__init__.py -> /home/ziczac/dev/skripsi_code/ros2_workspace/install/motor/lib/python3.10/site-packages/modules
[3.804s] byte-compiling /home/ziczac/dev/skripsi_code/ros2_workspace/install/motor/lib/python3.10/site-packages/motor/motor.py to motor.cpython-310.pyc
[3.807s] byte-compiling /home/ziczac/dev/skripsi_code/ros2_workspace/install/motor/lib/python3.10/site-packages/motor/__init__.py to __init__.cpython-310.pyc
[3.808s] byte-compiling /home/ziczac/dev/skripsi_code/ros2_workspace/install/motor/lib/python3.10/site-packages/modules/ddsm115.py to ddsm115.cpython-310.pyc
[3.810s] byte-compiling /home/ziczac/dev/skripsi_code/ros2_workspace/install/motor/lib/python3.10/site-packages/modules/__init__.py to __init__.cpython-310.pyc
[3.811s] running install_data
[3.811s] copying resource/motor -> /home/ziczac/dev/skripsi_code/ros2_workspace/install/motor/share/ament_index/resource_index/packages
[3.811s] copying package.xml -> /home/ziczac/dev/skripsi_code/ros2_workspace/install/motor/share/motor
[3.811s] running install_egg_info
[3.813s] Copying ../../build/motor/motor.egg-info to /home/ziczac/dev/skripsi_code/ros2_workspace/install/motor/lib/python3.10/site-packages/motor-0.0.0-py3.10.egg-info
[3.953s] running install_scripts
[3.980s] Installing motor script to /home/ziczac/dev/skripsi_code/ros2_workspace/install/motor/lib/motor
[3.981s] writing list of installed files to '/home/ziczac/dev/skripsi_code/ros2_workspace/build/motor/install.log'
[4.044s] Invoked command in '/home/ziczac/dev/skripsi_code/ros2_workspace/src/motor' returned '0': PYTHONPATH=/home/ziczac/dev/skripsi_code/ros2_workspace/build/motor/prefix_override:/home/ziczac/dev/skripsi_code/ros2_workspace/install/motor/lib/python3.10/site-packages:${PYTHONPATH} /usr/bin/python3 -W ignore:setup.py install is deprecated setup.py egg_info --egg-base ../../build/motor build --build-base /home/ziczac/dev/skripsi_code/ros2_workspace/build/motor/build install --record /home/ziczac/dev/skripsi_code/ros2_workspace/build/motor/install.log --single-version-externally-managed install_data --force
