running develop
running egg_info
creating motor.egg-info
writing motor.egg-info/PKG-INFO
writing dependency_links to motor.egg-info/dependency_links.txt
writing entry points to motor.egg-info/entry_points.txt
writing requirements to motor.egg-info/requires.txt
writing top-level names to motor.egg-info/top_level.txt
writing manifest file 'motor.egg-info/SOURCES.txt'
reading manifest file 'motor.egg-info/SOURCES.txt'
writing manifest file 'motor.egg-info/SOURCES.txt'
running build_ext
Creating /home/ziczac/dev/skripsi_code/ros2_workspace/src/install/motor/lib/python3.10/site-packages/motor.egg-link (link to .)
Installing motor script to /home/ziczac/dev/skripsi_code/ros2_workspace/src/install/motor/lib/motor

Installed /home/ziczac/dev/skripsi_code/ros2_workspace/src/build/motor
running symlink_data
creating /home/ziczac/dev/skripsi_code/ros2_workspace/src/install/motor/share/ament_index
creating /home/ziczac/dev/skripsi_code/ros2_workspace/src/install/motor/share/ament_index/resource_index
creating /home/ziczac/dev/skripsi_code/ros2_workspace/src/install/motor/share/ament_index/resource_index/packages
symbolically linking /home/ziczac/dev/skripsi_code/ros2_workspace/src/build/motor/resource/motor -> /home/ziczac/dev/skripsi_code/ros2_workspace/src/install/motor/share/ament_index/resource_index/packages
symbolically linking /home/ziczac/dev/skripsi_code/ros2_workspace/src/build/motor/package.xml -> /home/ziczac/dev/skripsi_code/ros2_workspace/src/install/motor/share/motor
