[6.834s] Invoking command in '/home/ziczac/dev/skripsi_code/ros2_workspace/src/build/motor': AMENT_PREFIX_PATH=/home/ziczac/dev/skripsi_code/ros2_workspace/src/install/wheel_interfaces:${AMENT_PREFIX_PATH} CMAKE_PREFIX_PATH=/home/ziczac/dev/skripsi_code/ros2_workspace/src/install/wheel_interfaces:${CMAKE_PREFIX_PATH} LD_LIBRARY_PATH=/home/ziczac/dev/skripsi_code/ros2_workspace/src/install/wheel_interfaces/lib:${LD_LIBRARY_PATH} PYTHONPATH=/home/ziczac/dev/skripsi_code/ros2_workspace/src/build/motor/prefix_override:/home/ziczac/dev/skripsi_code/ros2_workspace/src/install/motor/lib/python3.10/site-packages:/home/ziczac/dev/skripsi_code/ros2_workspace/src/install/wheel_interfaces/local/lib/python3.10/dist-packages:${PYTHONPATH} /usr/bin/python3 -W ignore:setup.py install is deprecated setup.py develop --editable --build-directory /home/ziczac/dev/skripsi_code/ros2_workspace/src/build/motor/build --no-deps symlink_data
[8.956s] running develop
[10.673s] running egg_info
[10.674s] creating motor.egg-info
[10.677s] writing motor.egg-info/PKG-INFO
[10.685s] writing dependency_links to motor.egg-info/dependency_links.txt
[10.685s] writing entry points to motor.egg-info/entry_points.txt
[10.686s] writing requirements to motor.egg-info/requires.txt
[10.686s] writing top-level names to motor.egg-info/top_level.txt
[10.686s] writing manifest file 'motor.egg-info/SOURCES.txt'
[10.694s] reading manifest file 'motor.egg-info/SOURCES.txt'
[10.698s] writing manifest file 'motor.egg-info/SOURCES.txt'
[10.706s] running build_ext
[10.710s] Creating /home/ziczac/dev/skripsi_code/ros2_workspace/src/install/motor/lib/python3.10/site-packages/motor.egg-link (link to .)
[10.710s] Installing motor script to /home/ziczac/dev/skripsi_code/ros2_workspace/src/install/motor/lib/motor
[10.711s] 
[10.711s] Installed /home/ziczac/dev/skripsi_code/ros2_workspace/src/build/motor
[10.712s] running symlink_data
[10.712s] creating /home/ziczac/dev/skripsi_code/ros2_workspace/src/install/motor/share/ament_index
[10.713s] creating /home/ziczac/dev/skripsi_code/ros2_workspace/src/install/motor/share/ament_index/resource_index
[10.714s] creating /home/ziczac/dev/skripsi_code/ros2_workspace/src/install/motor/share/ament_index/resource_index/packages
[10.714s] symbolically linking /home/ziczac/dev/skripsi_code/ros2_workspace/src/build/motor/resource/motor -> /home/ziczac/dev/skripsi_code/ros2_workspace/src/install/motor/share/ament_index/resource_index/packages
[10.715s] symbolically linking /home/ziczac/dev/skripsi_code/ros2_workspace/src/build/motor/package.xml -> /home/ziczac/dev/skripsi_code/ros2_workspace/src/install/motor/share/motor
[10.944s] Invoked command in '/home/ziczac/dev/skripsi_code/ros2_workspace/src/build/motor' returned '0': AMENT_PREFIX_PATH=/home/ziczac/dev/skripsi_code/ros2_workspace/src/install/wheel_interfaces:${AMENT_PREFIX_PATH} CMAKE_PREFIX_PATH=/home/ziczac/dev/skripsi_code/ros2_workspace/src/install/wheel_interfaces:${CMAKE_PREFIX_PATH} LD_LIBRARY_PATH=/home/ziczac/dev/skripsi_code/ros2_workspace/src/install/wheel_interfaces/lib:${LD_LIBRARY_PATH} PYTHONPATH=/home/ziczac/dev/skripsi_code/ros2_workspace/src/build/motor/prefix_override:/home/ziczac/dev/skripsi_code/ros2_workspace/src/install/motor/lib/python3.10/site-packages:/home/ziczac/dev/skripsi_code/ros2_workspace/src/install/wheel_interfaces/local/lib/python3.10/dist-packages:${PYTHONPATH} /usr/bin/python3 -W ignore:setup.py install is deprecated setup.py develop --editable --build-directory /home/ziczac/dev/skripsi_code/ros2_workspace/src/build/motor/build --no-deps symlink_data
