[0.094s] Invoking command in '/home/ziczac/dev/skripsi_code/ROS2-PLICP-POSE-GRAPH/build/wheel_interfaces': CMAKE_PREFIX_PATH=${CMAKE_PREFIX_PATH}:/home/ziczac/dev/skripsi_code/ROS2-PLICP-POSE-GRAPH/install/motor:/home/ziczac/dev/skripsi_code/ROS2-PLICP-POSE-GRAPH/install/gui:/home/ziczac/dev/skripsi_code/ROS2-PLICP-POSE-GRAPH/install/rosboard:/home/ziczac/dev/skripsi_code/ROS2-PLICP-POSE-GRAPH/install/log_odds_map:/home/ziczac/dev/skripsi_code/ROS2-PLICP-POSE-GRAPH/install/icp_graph_slam:/home/ziczac/dev/skripsi_code/ROS2-PLICP-POSE-GRAPH/install/diff_drive:/opt/ros/humble /usr/bin/cmake /home/ziczac/dev/skripsi_code/ROS2-PLICP-POSE-GRAPH/src/wheel_interfaces -DAMENT_CMAKE_SYMLINK_INSTALL=1 -DCMAKE_INSTALL_PREFIX=/home/ziczac/dev/skripsi_code/ROS2-PLICP-POSE-GRAPH/install/wheel_interfaces
[2.339s] -- The C compiler identification is GNU 11.4.0
[2.342s] -- The CXX compiler identification is GNU 11.4.0
[2.342s] -- Detecting C compiler ABI info
[2.343s] -- Detecting C compiler ABI info - done
[2.343s] -- Check for working C compiler: /usr/bin/cc - skipped
[2.343s] -- Detecting C compile features
[2.343s] -- Detecting C compile features - done
[2.344s] -- Detecting CXX compiler ABI info
[2.344s] -- Detecting CXX compiler ABI info - done
[2.344s] -- Check for working CXX compiler: /usr/bin/c++ - skipped
[2.344s] -- Detecting CXX compile features
[2.344s] -- Detecting CXX compile features - done
[2.345s] -- Found ament_cmake: 1.3.9 (/opt/ros/humble/share/ament_cmake/cmake)
[2.345s] -- Found Python3: /usr/bin/python3 (found version "3.10.12") found components: Interpreter 
[2.345s] -- Override CMake install command with custom implementation using symlinks instead of copying resources
[2.346s] -- Found rosidl_default_generators: 1.2.0 (/opt/ros/humble/share/rosidl_default_generators/cmake)
[2.346s] -- Using all available rosidl_typesupport_c: rosidl_typesupport_fastrtps_c;rosidl_typesupport_introspection_c
[2.346s] -- Found rosidl_adapter: 3.1.5 (/opt/ros/humble/share/rosidl_adapter/cmake)
[2.346s] -- Using all available rosidl_typesupport_cpp: rosidl_typesupport_fastrtps_cpp;rosidl_typesupport_introspection_cpp
[2.346s] -- Found ament_cmake_ros: 0.10.0 (/opt/ros/humble/share/ament_cmake_ros/cmake)
[2.346s] -- Using all available rosidl_typesupport_c: rosidl_typesupport_fastrtps_c;rosidl_typesupport_introspection_c
[2.793s] -- Using all available rosidl_typesupport_cpp: rosidl_typesupport_fastrtps_cpp;rosidl_typesupport_introspection_cpp
[2.849s] -- Found PythonInterp: /usr/bin/python3 (found suitable version "3.10.12", minimum required is "3.6") 
[2.856s] -- Found python_cmake_module: 0.10.0 (/opt/ros/humble/share/python_cmake_module/cmake)
[2.927s] -- Found PythonLibs: /usr/lib/x86_64-linux-gnu/libpython3.10.so (found suitable version "3.10.12", minimum required is "3.5") 
[2.928s] -- Using PYTHON_EXECUTABLE: /usr/bin/python3
[2.928s] -- Using PYTHON_INCLUDE_DIRS: /usr/include/python3.10
[2.929s] -- Using PYTHON_LIBRARIES: /usr/lib/x86_64-linux-gnu/libpython3.10.so
[2.989s] -- Found PythonExtra: .so  
[3.140s] -- Configuring done
[3.217s] -- Generating done
[3.224s] -- Build files have been written to: /home/ziczac/dev/skripsi_code/ROS2-PLICP-POSE-GRAPH/build/wheel_interfaces
[3.247s] Invoked command in '/home/ziczac/dev/skripsi_code/ROS2-PLICP-POSE-GRAPH/build/wheel_interfaces' returned '0': CMAKE_PREFIX_PATH=${CMAKE_PREFIX_PATH}:/home/ziczac/dev/skripsi_code/ROS2-PLICP-POSE-GRAPH/install/motor:/home/ziczac/dev/skripsi_code/ROS2-PLICP-POSE-GRAPH/install/gui:/home/ziczac/dev/skripsi_code/ROS2-PLICP-POSE-GRAPH/install/rosboard:/home/ziczac/dev/skripsi_code/ROS2-PLICP-POSE-GRAPH/install/log_odds_map:/home/ziczac/dev/skripsi_code/ROS2-PLICP-POSE-GRAPH/install/icp_graph_slam:/home/ziczac/dev/skripsi_code/ROS2-PLICP-POSE-GRAPH/install/diff_drive:/opt/ros/humble /usr/bin/cmake /home/ziczac/dev/skripsi_code/ROS2-PLICP-POSE-GRAPH/src/wheel_interfaces -DAMENT_CMAKE_SYMLINK_INSTALL=1 -DCMAKE_INSTALL_PREFIX=/home/ziczac/dev/skripsi_code/ROS2-PLICP-POSE-GRAPH/install/wheel_interfaces
[3.249s] Invoking command in '/home/ziczac/dev/skripsi_code/ROS2-PLICP-POSE-GRAPH/build/wheel_interfaces': CMAKE_PREFIX_PATH=${CMAKE_PREFIX_PATH}:/home/ziczac/dev/skripsi_code/ROS2-PLICP-POSE-GRAPH/install/motor:/home/ziczac/dev/skripsi_code/ROS2-PLICP-POSE-GRAPH/install/gui:/home/ziczac/dev/skripsi_code/ROS2-PLICP-POSE-GRAPH/install/rosboard:/home/ziczac/dev/skripsi_code/ROS2-PLICP-POSE-GRAPH/install/log_odds_map:/home/ziczac/dev/skripsi_code/ROS2-PLICP-POSE-GRAPH/install/icp_graph_slam:/home/ziczac/dev/skripsi_code/ROS2-PLICP-POSE-GRAPH/install/diff_drive:/opt/ros/humble /usr/bin/cmake --build /home/ziczac/dev/skripsi_code/ROS2-PLICP-POSE-GRAPH/build/wheel_interfaces -- -j8 -l8
[3.375s] [  3%] [34m[1mGenerating C code for ROS interfaces[0m
[3.428s] [  6%] [34m[1mGenerating C++ code for ROS interfaces[0m
[3.515s] [  6%] Built target ament_cmake_python_symlink_wheel_interfaces
[4.262s] [  6%] Built target wheel_interfaces__cpp
[4.294s] [  9%] [34m[1mGenerating C++ introspection for ROS interfaces[0m
[4.337s] [ 12%] [34m[1mGenerating C++ type support for eProsima Fast-RTPS[0m
[4.376s] [ 16%] [34m[1mGenerating C++ type support dispatch for ROS interfaces[0m
[4.394s] [ 19%] [32mBuilding C object CMakeFiles/wheel_interfaces__rosidl_generator_c.dir/rosidl_generator_c/wheel_interfaces/msg/detail/wheel_infos__functions.c.o[0m
[4.478s] running egg_info
[4.479s] creating wheel_interfaces.egg-info
[4.480s] writing wheel_interfaces.egg-info/PKG-INFO
[4.481s] writing dependency_links to wheel_interfaces.egg-info/dependency_links.txt
[4.481s] writing top-level names to wheel_interfaces.egg-info/top_level.txt
[4.482s] writing manifest file 'wheel_interfaces.egg-info/SOURCES.txt'
[4.487s] reading manifest file 'wheel_interfaces.egg-info/SOURCES.txt'
[4.488s] writing manifest file 'wheel_interfaces.egg-info/SOURCES.txt'
[4.643s] [ 19%] Built target ament_cmake_python_build_wheel_interfaces_egg
[4.651s] [ 22%] [32m[1mLinking C shared library libwheel_interfaces__rosidl_generator_c.so[0m
[4.812s] [ 22%] Built target wheel_interfaces__rosidl_generator_c
[4.870s] [ 25%] [34m[1mGenerating C introspection for ROS interfaces[0m
[4.873s] [ 29%] [34m[1mGenerating C type support dispatch for ROS interfaces[0m
[4.947s] [ 32%] [34m[1mGenerating C type support for eProsima Fast-RTPS[0m
[5.229s] [ 35%] [32mBuilding CXX object CMakeFiles/wheel_interfaces__rosidl_typesupport_introspection_cpp.dir/rosidl_typesupport_introspection_cpp/wheel_interfaces/msg/detail/wheel_infos__type_support.cpp.o[0m
[5.326s] [ 38%] [32mBuilding CXX object CMakeFiles/wheel_interfaces__rosidl_typesupport_cpp.dir/rosidl_typesupport_cpp/wheel_interfaces/msg/wheel_infos__type_support.cpp.o[0m
[5.537s] [ 41%] [32mBuilding CXX object CMakeFiles/wheel_interfaces__rosidl_typesupport_fastrtps_cpp.dir/rosidl_typesupport_fastrtps_cpp/wheel_interfaces/msg/detail/dds_fastrtps/wheel_infos__type_support.cpp.o[0m
[5.776s] [ 45%] [32mBuilding CXX object CMakeFiles/wheel_interfaces__rosidl_typesupport_c.dir/rosidl_typesupport_c/wheel_interfaces/msg/wheel_infos__type_support.cpp.o[0m
[5.938s] [ 48%] [32m[1mLinking CXX shared library libwheel_interfaces__rosidl_typesupport_c.so[0m
[6.021s] [ 51%] [32mBuilding CXX object CMakeFiles/wheel_interfaces__rosidl_typesupport_fastrtps_c.dir/rosidl_typesupport_fastrtps_c/wheel_interfaces/msg/detail/wheel_infos__type_support_c.cpp.o[0m
[6.048s] [ 54%] [32mBuilding C object CMakeFiles/wheel_interfaces__rosidl_typesupport_introspection_c.dir/rosidl_typesupport_introspection_c/wheel_interfaces/msg/detail/wheel_infos__type_support.c.o[0m
[6.192s] [ 58%] [32m[1mLinking C shared library libwheel_interfaces__rosidl_typesupport_introspection_c.so[0m
[6.223s] [ 58%] Built target wheel_interfaces__rosidl_typesupport_c
[6.394s] [ 58%] Built target wheel_interfaces__rosidl_typesupport_introspection_c
[6.413s] [ 61%] [32m[1mLinking CXX shared library libwheel_interfaces__rosidl_typesupport_cpp.so[0m
[6.509s] [ 64%] [32m[1mLinking CXX shared library libwheel_interfaces__rosidl_typesupport_introspection_cpp.so[0m
[6.577s] [ 64%] Built target wheel_interfaces__rosidl_typesupport_cpp
[6.743s] [ 64%] Built target wheel_interfaces__rosidl_typesupport_introspection_cpp
[6.897s] [ 67%] [32m[1mLinking CXX shared library libwheel_interfaces__rosidl_typesupport_fastrtps_cpp.so[0m
[7.002s] [ 70%] [32m[1mLinking CXX shared library libwheel_interfaces__rosidl_typesupport_fastrtps_c.so[0m
[7.134s] [ 70%] Built target wheel_interfaces__rosidl_typesupport_fastrtps_cpp
[7.246s] [ 70%] Built target wheel_interfaces__rosidl_typesupport_fastrtps_c
[7.302s] [ 70%] Built target wheel_interfaces
[7.361s] [ 74%] [34m[1mGenerating Python code for ROS interfaces[0m
[8.273s] [ 74%] Built target wheel_interfaces__py
[8.341s] [ 77%] [32mBuilding C object CMakeFiles/wheel_interfaces__rosidl_generator_py.dir/rosidl_generator_py/wheel_interfaces/msg/_wheel_infos_s.c.o[0m
[8.730s] [ 80%] [32m[1mLinking C shared library rosidl_generator_py/wheel_interfaces/libwheel_interfaces__rosidl_generator_py.so[0m
[8.935s] [ 80%] Built target wheel_interfaces__rosidl_generator_py
[9.084s] [ 83%] [32mBuilding C object CMakeFiles/wheel_interfaces__rosidl_typesupport_fastrtps_c__pyext.dir/rosidl_generator_py/wheel_interfaces/_wheel_interfaces_s.ep.rosidl_typesupport_fastrtps_c.c.o[0m
[9.130s] [ 87%] [32mBuilding C object CMakeFiles/wheel_interfaces__rosidl_typesupport_introspection_c__pyext.dir/rosidl_generator_py/wheel_interfaces/_wheel_interfaces_s.ep.rosidl_typesupport_introspection_c.c.o[0m
[9.157s] [ 90%] [32mBuilding C object CMakeFiles/wheel_interfaces__rosidl_typesupport_c__pyext.dir/rosidl_generator_py/wheel_interfaces/_wheel_interfaces_s.ep.rosidl_typesupport_c.c.o[0m
[9.481s] [ 93%] [32m[1mLinking C shared library rosidl_generator_py/wheel_interfaces/wheel_interfaces_s__rosidl_typesupport_c.cpython-310-x86_64-linux-gnu.so[0m
[9.536s] [ 96%] [32m[1mLinking C shared library rosidl_generator_py/wheel_interfaces/wheel_interfaces_s__rosidl_typesupport_fastrtps_c.cpython-310-x86_64-linux-gnu.so[0m
[9.558s] [100%] [32m[1mLinking C shared library rosidl_generator_py/wheel_interfaces/wheel_interfaces_s__rosidl_typesupport_introspection_c.cpython-310-x86_64-linux-gnu.so[0m
[9.708s] [100%] Built target wheel_interfaces__rosidl_typesupport_c__pyext
[9.751s] [100%] Built target wheel_interfaces__rosidl_typesupport_fastrtps_c__pyext
[9.762s] [100%] Built target wheel_interfaces__rosidl_typesupport_introspection_c__pyext
