[2.105s] Invoking command in '/home/ziczac/dev/skripsi_code/ros2_workspace/build/my_bot': CMAKE_PREFIX_PATH=${CMAKE_PREFIX_PATH}:/home/ziczac/dev/skripsi_code/ros2_workspace/install/motor:/home/ziczac/dev/skripsi_code/ros2_workspace/install/gui:/home/ziczac/dev/skripsi_code/ros2_workspace/install/rosboard:/home/ziczac/dev/skripsi_code/ros2_workspace/install/diff_drive:/opt/ros/humble /usr/bin/cmake /home/ziczac/dev/skripsi_code/ros2_workspace/src/my_bot -DAMENT_CMAKE_SYMLINK_INSTALL=1 -DCMAKE_INSTALL_PREFIX=/home/ziczac/dev/skripsi_code/ros2_workspace/install/my_bot
[3.135s] -- Found ament_cmake: 1.3.8 (/opt/ros/humble/share/ament_cmake/cmake)
[3.136s] -- Override CMake install command with custom implementation using symlinks instead of copying resources
[3.136s] -- Found ament_lint_auto: 0.12.10 (/opt/ros/humble/share/ament_lint_auto/cmake)
[3.807s] -- Added test 'copyright' to check source files copyright and LICENSE
[3.877s] -- Added test 'flake8' to check Python code syntax and style conventions
[3.909s] -- Added test 'lint_cmake' to check CMake code style
[3.928s] -- Added test 'pep257' to check Python code against some of the docstring style conventions in PEP 257
[3.955s] -- Added test 'xmllint' to check XML markup files
[4.265s] -- Configuring done
[4.552s] -- Generating done
[4.556s] -- Build files have been written to: /home/ziczac/dev/skripsi_code/ros2_workspace/build/my_bot
[4.564s] Invoked command in '/home/ziczac/dev/skripsi_code/ros2_workspace/build/my_bot' returned '0': CMAKE_PREFIX_PATH=${CMAKE_PREFIX_PATH}:/home/ziczac/dev/skripsi_code/ros2_workspace/install/motor:/home/ziczac/dev/skripsi_code/ros2_workspace/install/gui:/home/ziczac/dev/skripsi_code/ros2_workspace/install/rosboard:/home/ziczac/dev/skripsi_code/ros2_workspace/install/diff_drive:/opt/ros/humble /usr/bin/cmake /home/ziczac/dev/skripsi_code/ros2_workspace/src/my_bot -DAMENT_CMAKE_SYMLINK_INSTALL=1 -DCMAKE_INSTALL_PREFIX=/home/ziczac/dev/skripsi_code/ros2_workspace/install/my_bot
[4.569s] Invoking command in '/home/ziczac/dev/skripsi_code/ros2_workspace/build/my_bot': CMAKE_PREFIX_PATH=${CMAKE_PREFIX_PATH}:/home/ziczac/dev/skripsi_code/ros2_workspace/install/motor:/home/ziczac/dev/skripsi_code/ros2_workspace/install/gui:/home/ziczac/dev/skripsi_code/ros2_workspace/install/rosboard:/home/ziczac/dev/skripsi_code/ros2_workspace/install/diff_drive:/opt/ros/humble /usr/bin/cmake --build /home/ziczac/dev/skripsi_code/ros2_workspace/build/my_bot -- -j8 -l8
[4.987s] Invoked command in '/home/ziczac/dev/skripsi_code/ros2_workspace/build/my_bot' returned '0': CMAKE_PREFIX_PATH=${CMAKE_PREFIX_PATH}:/home/ziczac/dev/skripsi_code/ros2_workspace/install/motor:/home/ziczac/dev/skripsi_code/ros2_workspace/install/gui:/home/ziczac/dev/skripsi_code/ros2_workspace/install/rosboard:/home/ziczac/dev/skripsi_code/ros2_workspace/install/diff_drive:/opt/ros/humble /usr/bin/cmake --build /home/ziczac/dev/skripsi_code/ros2_workspace/build/my_bot -- -j8 -l8
[5.087s] Invoking command in '/home/ziczac/dev/skripsi_code/ros2_workspace/build/my_bot': CMAKE_PREFIX_PATH=${CMAKE_PREFIX_PATH}:/home/ziczac/dev/skripsi_code/ros2_workspace/install/motor:/home/ziczac/dev/skripsi_code/ros2_workspace/install/gui:/home/ziczac/dev/skripsi_code/ros2_workspace/install/rosboard:/home/ziczac/dev/skripsi_code/ros2_workspace/install/diff_drive:/opt/ros/humble /usr/bin/cmake --install /home/ziczac/dev/skripsi_code/ros2_workspace/build/my_bot
[5.105s] -- Install configuration: ""
[5.105s] -- Execute custom install script
[5.109s] -- Up-to-date symlink: /home/ziczac/dev/skripsi_code/ros2_workspace/install/my_bot/share/my_bot/config/empty.yaml
[5.109s] -- Up-to-date symlink: /home/ziczac/dev/skripsi_code/ros2_workspace/install/my_bot/share/my_bot/config/mapper_params_online_async.yaml
[5.110s] -- Up-to-date symlink: /home/ziczac/dev/skripsi_code/ros2_workspace/install/my_bot/share/my_bot/config/rviz2_learn.rviz
[5.112s] -- Up-to-date symlink: /home/ziczac/dev/skripsi_code/ros2_workspace/install/my_bot/share/my_bot/description/gazebo_control.xacro
[5.112s] -- Up-to-date symlink: /home/ziczac/dev/skripsi_code/ros2_workspace/install/my_bot/share/my_bot/description/inertial_macros.xacro
[5.113s] -- Up-to-date symlink: /home/ziczac/dev/skripsi_code/ros2_workspace/install/my_bot/share/my_bot/description/lidar.xacro
[5.114s] -- Up-to-date symlink: /home/ziczac/dev/skripsi_code/ros2_workspace/install/my_bot/share/my_bot/description/robot.urdf.xacro
[5.114s] -- Up-to-date symlink: /home/ziczac/dev/skripsi_code/ros2_workspace/install/my_bot/share/my_bot/description/robot_core.xacro
[5.115s] -- Up-to-date symlink: /home/ziczac/dev/skripsi_code/ros2_workspace/install/my_bot/share/my_bot/launch/launch_sim.launch.py
[5.116s] -- Up-to-date symlink: /home/ziczac/dev/skripsi_code/ros2_workspace/install/my_bot/share/my_bot/launch/rsp.launch.py
[5.118s] -- Up-to-date symlink: /home/ziczac/dev/skripsi_code/ros2_workspace/install/my_bot/share/my_bot/worlds/4x6+pwst.world
[5.119s] -- Up-to-date symlink: /home/ziczac/dev/skripsi_code/ros2_workspace/install/my_bot/share/my_bot/worlds/4x6.world
[5.120s] -- Up-to-date symlink: /home/ziczac/dev/skripsi_code/ros2_workspace/install/my_bot/share/my_bot/worlds/empty.world
[5.120s] -- Up-to-date symlink: /home/ziczac/dev/skripsi_code/ros2_workspace/install/my_bot/share/my_bot/worlds/ruangan.world
[5.121s] -- Up-to-date symlink: /home/ziczac/dev/skripsi_code/ros2_workspace/install/my_bot/share/ament_index/resource_index/package_run_dependencies/my_bot
[5.122s] -- Up-to-date symlink: /home/ziczac/dev/skripsi_code/ros2_workspace/install/my_bot/share/ament_index/resource_index/parent_prefix_path/my_bot
[5.122s] -- Up-to-date symlink: /home/ziczac/dev/skripsi_code/ros2_workspace/install/my_bot/share/my_bot/environment/ament_prefix_path.sh
[5.138s] -- Up-to-date symlink: /home/ziczac/dev/skripsi_code/ros2_workspace/install/my_bot/share/my_bot/environment/ament_prefix_path.dsv
[5.282s] -- Up-to-date symlink: /home/ziczac/dev/skripsi_code/ros2_workspace/install/my_bot/share/my_bot/environment/path.sh
[5.284s] -- Up-to-date symlink: /home/ziczac/dev/skripsi_code/ros2_workspace/install/my_bot/share/my_bot/environment/path.dsv
[5.285s] -- Up-to-date symlink: /home/ziczac/dev/skripsi_code/ros2_workspace/install/my_bot/share/my_bot/local_setup.bash
[5.286s] -- Up-to-date symlink: /home/ziczac/dev/skripsi_code/ros2_workspace/install/my_bot/share/my_bot/local_setup.sh
[5.287s] -- Up-to-date symlink: /home/ziczac/dev/skripsi_code/ros2_workspace/install/my_bot/share/my_bot/local_setup.zsh
[5.288s] -- Up-to-date symlink: /home/ziczac/dev/skripsi_code/ros2_workspace/install/my_bot/share/my_bot/local_setup.dsv
[5.289s] -- Symlinking: /home/ziczac/dev/skripsi_code/ros2_workspace/install/my_bot/share/my_bot/package.dsv
[5.354s] -- Up-to-date symlink: /home/ziczac/dev/skripsi_code/ros2_workspace/install/my_bot/share/ament_index/resource_index/packages/my_bot
[5.365s] -- Up-to-date symlink: /home/ziczac/dev/skripsi_code/ros2_workspace/install/my_bot/share/my_bot/cmake/my_botConfig.cmake
[5.366s] -- Up-to-date symlink: /home/ziczac/dev/skripsi_code/ros2_workspace/install/my_bot/share/my_bot/cmake/my_botConfig-version.cmake
[5.368s] -- Up-to-date symlink: /home/ziczac/dev/skripsi_code/ros2_workspace/install/my_bot/share/my_bot/package.xml
[5.374s] Invoked command in '/home/ziczac/dev/skripsi_code/ros2_workspace/build/my_bot' returned '0': CMAKE_PREFIX_PATH=${CMAKE_PREFIX_PATH}:/home/ziczac/dev/skripsi_code/ros2_workspace/install/motor:/home/ziczac/dev/skripsi_code/ros2_workspace/install/gui:/home/ziczac/dev/skripsi_code/ros2_workspace/install/rosboard:/home/ziczac/dev/skripsi_code/ros2_workspace/install/diff_drive:/opt/ros/humble /usr/bin/cmake --install /home/ziczac/dev/skripsi_code/ros2_workspace/build/my_bot
