[3.705s] Invoking command in '/home/ziczac/dev/skripsi_code/ros2_workspace/build/motor': AMENT_PREFIX_PATH=/home/ziczac/dev/skripsi_code/ros2_workspace/install/wheel_interfaces:${AMENT_PREFIX_PATH} CMAKE_PREFIX_PATH=/home/ziczac/dev/skripsi_code/ros2_workspace/install/wheel_interfaces LD_LIBRARY_PATH=/home/ziczac/dev/skripsi_code/ros2_workspace/install/wheel_interfaces/lib:${LD_LIBRARY_PATH} PYTHONPATH=/home/ziczac/dev/skripsi_code/ros2_workspace/build/motor/prefix_override:/home/ziczac/dev/skripsi_code/ros2_workspace/install/motor/lib/python3.10/site-packages:/home/ziczac/dev/skripsi_code/ros2_workspace/install/wheel_interfaces/local/lib/python3.10/dist-packages:${PYTHONPATH} /usr/bin/python3 -W ignore:setup.py install is deprecated setup.py develop --editable --build-directory /home/ziczac/dev/skripsi_code/ros2_workspace/build/motor/build --no-deps symlink_data
[4.610s] running develop
[4.611s] /home/ziczac/.local/lib/python3.10/site-packages/setuptools/command/develop.py:40: EasyInstallDeprecationWarning: easy_install command is deprecated.
[4.611s] !!
[4.611s] 
[4.611s]         ********************************************************************************
[4.612s]         Please avoid running ``setup.py`` and ``easy_install``.
[4.612s]         Instead, use pypa/build, pypa/installer or other
[4.612s]         standards-based tools.
[4.612s] 
[4.613s]         See https://github.com/pypa/setuptools/issues/917 for details.
[4.613s]         ********************************************************************************
[4.613s] 
[4.613s] !!
[4.613s]   easy_install.initialize_options(self)
[5.113s] running egg_info
[5.155s] writing motor.egg-info/PKG-INFO
[5.156s] writing dependency_links to motor.egg-info/dependency_links.txt
[5.156s] writing entry points to motor.egg-info/entry_points.txt
[5.157s] writing requirements to motor.egg-info/requires.txt
[5.157s] writing top-level names to motor.egg-info/top_level.txt
[5.255s] reading manifest file 'motor.egg-info/SOURCES.txt'
[5.256s] writing manifest file 'motor.egg-info/SOURCES.txt'
[5.300s] running build_ext
[5.300s] Creating /home/ziczac/dev/skripsi_code/ros2_workspace/install/motor/lib/python3.10/site-packages/motor.egg-link (link to .)
[5.301s] Installing motor script to /home/ziczac/dev/skripsi_code/ros2_workspace/install/motor/lib/motor
[5.301s] 
[5.302s] Installed /home/ziczac/dev/skripsi_code/ros2_workspace/build/motor
[5.302s] running symlink_data
[5.302s] symbolically linking /home/ziczac/dev/skripsi_code/ros2_workspace/build/motor/resource/motor -> /home/ziczac/dev/skripsi_code/ros2_workspace/install/motor/share/ament_index/resource_index/packages
[5.303s] error: [Errno 17] File exists: '/home/ziczac/dev/skripsi_code/ros2_workspace/build/motor/resource/motor' -> '/home/ziczac/dev/skripsi_code/ros2_workspace/install/motor/share/ament_index/resource_index/packages/motor'
