[2.284s] Invoking command in '/home/ziczac/dev/skripsi_code/ROS2-PLICP-POSE-GRAPH/src/motor': AMENT_PREFIX_PATH=/home/ziczac/dev/skripsi_code/ROS2-PLICP-POSE-GRAPH/install/wheel_interfaces:${AMENT_PREFIX_PATH} CMAKE_PREFIX_PATH=/home/ziczac/dev/skripsi_code/ROS2-PLICP-POSE-GRAPH/install/wheel_interfaces:/home/ziczac/dev/skripsi_code/ROS2-PLICP-POSE-GRAPH/install/wheeltec_n100_imu:/home/ziczac/dev/skripsi_code/ROS2-PLICP-POSE-GRAPH/install/serial:/home/ziczac/dev/skripsi_code/ROS2-PLICP-POSE-GRAPH/install/my_bot:/home/ziczac/dev/skripsi_code/ROS2-PLICP-POSE-GRAPH/install/lslidar_driver:/home/ziczac/dev/skripsi_code/ROS2-PLICP-POSE-GRAPH/install/lslidar_msgs PYTHONPATH=/home/ziczac/dev/skripsi_code/ROS2-PLICP-POSE-GRAPH/build/motor/prefix_override:/home/ziczac/dev/skripsi_code/ROS2-PLICP-POSE-GRAPH/install/motor/lib/python3.10/site-packages:/home/ziczac/dev/skripsi_code/ROS2-PLICP-POSE-GRAPH/install/wheel_interfaces/local/lib/python3.10/dist-packages:${PYTHONPATH} /usr/bin/python3 -W ignore:setup.py install is deprecated setup.py egg_info --egg-base ../../build/motor build --build-base /home/ziczac/dev/skripsi_code/ROS2-PLICP-POSE-GRAPH/build/motor/build install --record /home/ziczac/dev/skripsi_code/ROS2-PLICP-POSE-GRAPH/build/motor/install.log --single-version-externally-managed install_data
[3.194s] running egg_info
[3.197s] creating ../../build/motor/motor.egg-info
[3.197s] writing ../../build/motor/motor.egg-info/PKG-INFO
[3.198s] writing dependency_links to ../../build/motor/motor.egg-info/dependency_links.txt
[3.198s] writing entry points to ../../build/motor/motor.egg-info/entry_points.txt
[3.198s] writing requirements to ../../build/motor/motor.egg-info/requires.txt
[3.199s] writing top-level names to ../../build/motor/motor.egg-info/top_level.txt
[3.199s] writing manifest file '../../build/motor/motor.egg-info/SOURCES.txt'
[3.204s] reading manifest file '../../build/motor/motor.egg-info/SOURCES.txt'
[3.205s] writing manifest file '../../build/motor/motor.egg-info/SOURCES.txt'
[3.206s] running build
[3.206s] running build_py
[3.206s] creating /home/ziczac/dev/skripsi_code/ROS2-PLICP-POSE-GRAPH/build/motor/build
[3.206s] creating /home/ziczac/dev/skripsi_code/ROS2-PLICP-POSE-GRAPH/build/motor/build/lib
[3.207s] creating /home/ziczac/dev/skripsi_code/ROS2-PLICP-POSE-GRAPH/build/motor/build/lib/motor
[3.207s] copying motor/motor.bak.py -> /home/ziczac/dev/skripsi_code/ROS2-PLICP-POSE-GRAPH/build/motor/build/lib/motor
[3.207s] copying motor/motor.py -> /home/ziczac/dev/skripsi_code/ROS2-PLICP-POSE-GRAPH/build/motor/build/lib/motor
[3.207s] copying motor/__init__.py -> /home/ziczac/dev/skripsi_code/ROS2-PLICP-POSE-GRAPH/build/motor/build/lib/motor
[3.208s] creating /home/ziczac/dev/skripsi_code/ROS2-PLICP-POSE-GRAPH/build/motor/build/lib/modules
[3.208s] copying modules/ddsm115.py -> /home/ziczac/dev/skripsi_code/ROS2-PLICP-POSE-GRAPH/build/motor/build/lib/modules
[3.208s] copying modules/__init__.py -> /home/ziczac/dev/skripsi_code/ROS2-PLICP-POSE-GRAPH/build/motor/build/lib/modules
[3.209s] running install
[3.209s] running install_lib
[3.211s] creating /home/ziczac/dev/skripsi_code/ROS2-PLICP-POSE-GRAPH/install/motor/lib/python3.10/site-packages/motor
[3.212s] copying /home/ziczac/dev/skripsi_code/ROS2-PLICP-POSE-GRAPH/build/motor/build/lib/motor/motor.bak.py -> /home/ziczac/dev/skripsi_code/ROS2-PLICP-POSE-GRAPH/install/motor/lib/python3.10/site-packages/motor
[3.212s] copying /home/ziczac/dev/skripsi_code/ROS2-PLICP-POSE-GRAPH/build/motor/build/lib/motor/motor.py -> /home/ziczac/dev/skripsi_code/ROS2-PLICP-POSE-GRAPH/install/motor/lib/python3.10/site-packages/motor
[3.212s] copying /home/ziczac/dev/skripsi_code/ROS2-PLICP-POSE-GRAPH/build/motor/build/lib/motor/__init__.py -> /home/ziczac/dev/skripsi_code/ROS2-PLICP-POSE-GRAPH/install/motor/lib/python3.10/site-packages/motor
[3.212s] creating /home/ziczac/dev/skripsi_code/ROS2-PLICP-POSE-GRAPH/install/motor/lib/python3.10/site-packages/modules
[3.213s] copying /home/ziczac/dev/skripsi_code/ROS2-PLICP-POSE-GRAPH/build/motor/build/lib/modules/ddsm115.py -> /home/ziczac/dev/skripsi_code/ROS2-PLICP-POSE-GRAPH/install/motor/lib/python3.10/site-packages/modules
[3.213s] copying /home/ziczac/dev/skripsi_code/ROS2-PLICP-POSE-GRAPH/build/motor/build/lib/modules/__init__.py -> /home/ziczac/dev/skripsi_code/ROS2-PLICP-POSE-GRAPH/install/motor/lib/python3.10/site-packages/modules
[3.215s] byte-compiling /home/ziczac/dev/skripsi_code/ROS2-PLICP-POSE-GRAPH/install/motor/lib/python3.10/site-packages/motor/motor.bak.py to motor.bak.cpython-310.pyc
[3.219s] byte-compiling /home/ziczac/dev/skripsi_code/ROS2-PLICP-POSE-GRAPH/install/motor/lib/python3.10/site-packages/motor/motor.py to motor.cpython-310.pyc
[3.221s] byte-compiling /home/ziczac/dev/skripsi_code/ROS2-PLICP-POSE-GRAPH/install/motor/lib/python3.10/site-packages/motor/__init__.py to __init__.cpython-310.pyc
[3.221s] byte-compiling /home/ziczac/dev/skripsi_code/ROS2-PLICP-POSE-GRAPH/install/motor/lib/python3.10/site-packages/modules/ddsm115.py to ddsm115.cpython-310.pyc
[3.225s] byte-compiling /home/ziczac/dev/skripsi_code/ROS2-PLICP-POSE-GRAPH/install/motor/lib/python3.10/site-packages/modules/__init__.py to __init__.cpython-310.pyc
[3.225s] running install_data
[3.226s] creating /home/ziczac/dev/skripsi_code/ROS2-PLICP-POSE-GRAPH/install/motor/share/ament_index
[3.226s] creating /home/ziczac/dev/skripsi_code/ROS2-PLICP-POSE-GRAPH/install/motor/share/ament_index/resource_index
[3.226s] creating /home/ziczac/dev/skripsi_code/ROS2-PLICP-POSE-GRAPH/install/motor/share/ament_index/resource_index/packages
[3.226s] copying resource/motor -> /home/ziczac/dev/skripsi_code/ROS2-PLICP-POSE-GRAPH/install/motor/share/ament_index/resource_index/packages
[3.227s] copying package.xml -> /home/ziczac/dev/skripsi_code/ROS2-PLICP-POSE-GRAPH/install/motor/share/motor
[3.227s] running install_egg_info
[3.230s] Copying ../../build/motor/motor.egg-info to /home/ziczac/dev/skripsi_code/ROS2-PLICP-POSE-GRAPH/install/motor/lib/python3.10/site-packages/motor-0.0.0-py3.10.egg-info
[3.233s] running install_scripts
[3.278s] Installing motor script to /home/ziczac/dev/skripsi_code/ROS2-PLICP-POSE-GRAPH/install/motor/lib/motor
[3.279s] writing list of installed files to '/home/ziczac/dev/skripsi_code/ROS2-PLICP-POSE-GRAPH/build/motor/install.log'
[3.363s] Invoked command in '/home/ziczac/dev/skripsi_code/ROS2-PLICP-POSE-GRAPH/src/motor' returned '0': AMENT_PREFIX_PATH=/home/ziczac/dev/skripsi_code/ROS2-PLICP-POSE-GRAPH/install/wheel_interfaces:${AMENT_PREFIX_PATH} CMAKE_PREFIX_PATH=/home/ziczac/dev/skripsi_code/ROS2-PLICP-POSE-GRAPH/install/wheel_interfaces:/home/ziczac/dev/skripsi_code/ROS2-PLICP-POSE-GRAPH/install/wheeltec_n100_imu:/home/ziczac/dev/skripsi_code/ROS2-PLICP-POSE-GRAPH/install/serial:/home/ziczac/dev/skripsi_code/ROS2-PLICP-POSE-GRAPH/install/my_bot:/home/ziczac/dev/skripsi_code/ROS2-PLICP-POSE-GRAPH/install/lslidar_driver:/home/ziczac/dev/skripsi_code/ROS2-PLICP-POSE-GRAPH/install/lslidar_msgs PYTHONPATH=/home/ziczac/dev/skripsi_code/ROS2-PLICP-POSE-GRAPH/build/motor/prefix_override:/home/ziczac/dev/skripsi_code/ROS2-PLICP-POSE-GRAPH/install/motor/lib/python3.10/site-packages:/home/ziczac/dev/skripsi_code/ROS2-PLICP-POSE-GRAPH/install/wheel_interfaces/local/lib/python3.10/dist-packages:${PYTHONPATH} /usr/bin/python3 -W ignore:setup.py install is deprecated setup.py egg_info --egg-base ../../build/motor build --build-base /home/ziczac/dev/skripsi_code/ROS2-PLICP-POSE-GRAPH/build/motor/build install --record /home/ziczac/dev/skripsi_code/ROS2-PLICP-POSE-GRAPH/build/motor/install.log --single-version-externally-managed install_data
