[0.248s] DEBUG:colcon:Command line arguments: ['/usr/bin/colcon', 'build', '--symlink-install', '--packages-select', 'motor']
[0.249s] DEBUG:colcon:Parsed command line arguments: Namespace(log_base=None, log_level=None, verb_name='build', build_base='build', install_base='install', merge_install=False, symlink_install=True, test_result_base=None, continue_on_error=False, executor='parallel', parallel_workers=8, event_handlers=None, ignore_user_meta=False, metas=['./colcon.meta'], base_paths=['.'], packages_ignore=None, packages_ignore_regex=None, paths=None, packages_up_to=None, packages_up_to_regex=None, packages_above=None, packages_above_and_dependencies=None, packages_above_depth=None, packages_select_by_dep=None, packages_skip_by_dep=None, packages_skip_up_to=None, packages_select_build_failed=False, packages_skip_build_finished=False, packages_select_test_failures=False, packages_skip_test_passed=False, packages_select=['motor'], packages_skip=None, packages_select_regex=None, packages_skip_regex=None, packages_start=None, packages_end=None, allow_overriding=[], cmake_args=None, cmake_target=None, cmake_target_skip_unavailable=False, cmake_clean_cache=False, cmake_clean_first=False, cmake_force_configure=False, ament_cmake_args=None, catkin_cmake_args=None, catkin_skip_building_tests=False, verb_parser=<colcon_defaults.argument_parser.defaults.DefaultArgumentsDecorator object at 0x74d99745e770>, verb_extension=<colcon_core.verb.build.BuildVerb object at 0x74d99745e230>, main=<bound method BuildVerb.main of <colcon_core.verb.build.BuildVerb object at 0x74d99745e230>>)
[0.793s] Level 1:colcon.colcon_core.package_discovery:discover_packages(colcon_meta) check parameters
[0.793s] Level 1:colcon.colcon_core.package_discovery:discover_packages(recursive) check parameters
[0.793s] Level 1:colcon.colcon_core.package_discovery:discover_packages(ignore) check parameters
[0.793s] Level 1:colcon.colcon_core.package_discovery:discover_packages(path) check parameters
[0.793s] Level 1:colcon.colcon_core.package_discovery:discover_packages(colcon_meta) discover
[0.793s] Level 1:colcon.colcon_core.package_discovery:discover_packages(recursive) discover
[0.793s] INFO:colcon.colcon_core.package_discovery:Crawling recursively for packages in '/home/ziczac/dev/skripsi_code/ros2_workspace'
[0.793s] Level 1:colcon.colcon_core.package_identification:_identify(.) by extensions ['ignore', 'ignore_ament_install']
[0.794s] Level 1:colcon.colcon_core.package_identification:_identify(.) by extension 'ignore'
[0.794s] Level 1:colcon.colcon_core.package_identification:_identify(.) by extension 'ignore_ament_install'
[0.794s] Level 1:colcon.colcon_core.package_identification:_identify(.) by extensions ['colcon_pkg']
[0.794s] Level 1:colcon.colcon_core.package_identification:_identify(.) by extension 'colcon_pkg'
[0.794s] Level 1:colcon.colcon_core.package_identification:_identify(.) by extensions ['colcon_meta']
[0.794s] Level 1:colcon.colcon_core.package_identification:_identify(.) by extension 'colcon_meta'
[0.794s] Level 1:colcon.colcon_core.package_identification:_identify(.) by extensions ['ros']
[0.794s] Level 1:colcon.colcon_core.package_identification:_identify(.) by extension 'ros'
[0.813s] Level 1:colcon.colcon_core.package_identification:_identify(.) by extensions ['cmake', 'python']
[0.814s] Level 1:colcon.colcon_core.package_identification:_identify(.) by extension 'cmake'
[0.814s] Level 1:colcon.colcon_core.package_identification:_identify(.) by extension 'python'
[0.814s] Level 1:colcon.colcon_core.package_identification:_identify(.) by extensions ['python_setup_py']
[0.814s] Level 1:colcon.colcon_core.package_identification:_identify(.) by extension 'python_setup_py'
[0.814s] Level 1:colcon.colcon_core.package_identification:_identify(bag_files) by extensions ['ignore', 'ignore_ament_install']
[0.814s] Level 1:colcon.colcon_core.package_identification:_identify(bag_files) by extension 'ignore'
[0.814s] Level 1:colcon.colcon_core.package_identification:_identify(bag_files) by extension 'ignore_ament_install'
[0.815s] Level 1:colcon.colcon_core.package_identification:_identify(bag_files) by extensions ['colcon_pkg']
[0.815s] Level 1:colcon.colcon_core.package_identification:_identify(bag_files) by extension 'colcon_pkg'
[0.815s] Level 1:colcon.colcon_core.package_identification:_identify(bag_files) by extensions ['colcon_meta']
[0.815s] Level 1:colcon.colcon_core.package_identification:_identify(bag_files) by extension 'colcon_meta'
[0.815s] Level 1:colcon.colcon_core.package_identification:_identify(bag_files) by extensions ['ros']
[0.815s] Level 1:colcon.colcon_core.package_identification:_identify(bag_files) by extension 'ros'
[0.815s] Level 1:colcon.colcon_core.package_identification:_identify(bag_files) by extensions ['cmake', 'python']
[0.815s] Level 1:colcon.colcon_core.package_identification:_identify(bag_files) by extension 'cmake'
[0.815s] Level 1:colcon.colcon_core.package_identification:_identify(bag_files) by extension 'python'
[0.815s] Level 1:colcon.colcon_core.package_identification:_identify(bag_files) by extensions ['python_setup_py']
[0.815s] Level 1:colcon.colcon_core.package_identification:_identify(bag_files) by extension 'python_setup_py'
[0.816s] Level 1:colcon.colcon_core.package_identification:_identify(build) by extensions ['ignore', 'ignore_ament_install']
[0.816s] Level 1:colcon.colcon_core.package_identification:_identify(build) by extension 'ignore'
[0.816s] Level 1:colcon.colcon_core.package_identification:_identify(build) ignored
[0.816s] Level 1:colcon.colcon_core.package_identification:_identify(data_store) by extensions ['ignore', 'ignore_ament_install']
[0.816s] Level 1:colcon.colcon_core.package_identification:_identify(data_store) by extension 'ignore'
[0.816s] Level 1:colcon.colcon_core.package_identification:_identify(data_store) by extension 'ignore_ament_install'
[0.816s] Level 1:colcon.colcon_core.package_identification:_identify(data_store) by extensions ['colcon_pkg']
[0.817s] Level 1:colcon.colcon_core.package_identification:_identify(data_store) by extension 'colcon_pkg'
[0.817s] Level 1:colcon.colcon_core.package_identification:_identify(data_store) by extensions ['colcon_meta']
[0.817s] Level 1:colcon.colcon_core.package_identification:_identify(data_store) by extension 'colcon_meta'
[0.817s] Level 1:colcon.colcon_core.package_identification:_identify(data_store) by extensions ['ros']
[0.817s] Level 1:colcon.colcon_core.package_identification:_identify(data_store) by extension 'ros'
[0.817s] Level 1:colcon.colcon_core.package_identification:_identify(data_store) by extensions ['cmake', 'python']
[0.817s] Level 1:colcon.colcon_core.package_identification:_identify(data_store) by extension 'cmake'
[0.817s] Level 1:colcon.colcon_core.package_identification:_identify(data_store) by extension 'python'
[0.817s] Level 1:colcon.colcon_core.package_identification:_identify(data_store) by extensions ['python_setup_py']
[0.817s] Level 1:colcon.colcon_core.package_identification:_identify(data_store) by extension 'python_setup_py'
[0.818s] Level 1:colcon.colcon_core.package_identification:_identify(install) by extensions ['ignore', 'ignore_ament_install']
[0.818s] Level 1:colcon.colcon_core.package_identification:_identify(install) by extension 'ignore'
[0.818s] Level 1:colcon.colcon_core.package_identification:_identify(install) ignored
[0.818s] Level 1:colcon.colcon_core.package_identification:_identify(log) by extensions ['ignore', 'ignore_ament_install']
[0.818s] Level 1:colcon.colcon_core.package_identification:_identify(log) by extension 'ignore'
[0.818s] Level 1:colcon.colcon_core.package_identification:_identify(log) ignored
[0.818s] Level 1:colcon.colcon_core.package_identification:_identify(src) by extensions ['ignore', 'ignore_ament_install']
[0.819s] Level 1:colcon.colcon_core.package_identification:_identify(src) by extension 'ignore'
[0.819s] Level 1:colcon.colcon_core.package_identification:_identify(src) by extension 'ignore_ament_install'
[0.819s] Level 1:colcon.colcon_core.package_identification:_identify(src) by extensions ['colcon_pkg']
[0.819s] Level 1:colcon.colcon_core.package_identification:_identify(src) by extension 'colcon_pkg'
[0.819s] Level 1:colcon.colcon_core.package_identification:_identify(src) by extensions ['colcon_meta']
[0.819s] Level 1:colcon.colcon_core.package_identification:_identify(src) by extension 'colcon_meta'
[0.819s] Level 1:colcon.colcon_core.package_identification:_identify(src) by extensions ['ros']
[0.819s] Level 1:colcon.colcon_core.package_identification:_identify(src) by extension 'ros'
[0.819s] Level 1:colcon.colcon_core.package_identification:_identify(src) by extensions ['cmake', 'python']
[0.819s] Level 1:colcon.colcon_core.package_identification:_identify(src) by extension 'cmake'
[0.820s] Level 1:colcon.colcon_core.package_identification:_identify(src) by extension 'python'
[0.820s] Level 1:colcon.colcon_core.package_identification:_identify(src) by extensions ['python_setup_py']
[0.820s] Level 1:colcon.colcon_core.package_identification:_identify(src) by extension 'python_setup_py'
[0.820s] Level 1:colcon.colcon_core.package_identification:_identify(src/Lslidar_ROS2_driver) by extensions ['ignore', 'ignore_ament_install']
[0.820s] Level 1:colcon.colcon_core.package_identification:_identify(src/Lslidar_ROS2_driver) by extension 'ignore'
[0.820s] Level 1:colcon.colcon_core.package_identification:_identify(src/Lslidar_ROS2_driver) by extension 'ignore_ament_install'
[0.820s] Level 1:colcon.colcon_core.package_identification:_identify(src/Lslidar_ROS2_driver) by extensions ['colcon_pkg']
[0.820s] Level 1:colcon.colcon_core.package_identification:_identify(src/Lslidar_ROS2_driver) by extension 'colcon_pkg'
[0.820s] Level 1:colcon.colcon_core.package_identification:_identify(src/Lslidar_ROS2_driver) by extensions ['colcon_meta']
[0.820s] Level 1:colcon.colcon_core.package_identification:_identify(src/Lslidar_ROS2_driver) by extension 'colcon_meta'
[0.821s] Level 1:colcon.colcon_core.package_identification:_identify(src/Lslidar_ROS2_driver) by extensions ['ros']
[0.821s] Level 1:colcon.colcon_core.package_identification:_identify(src/Lslidar_ROS2_driver) by extension 'ros'
[0.821s] Level 1:colcon.colcon_core.package_identification:_identify(src/Lslidar_ROS2_driver) by extensions ['cmake', 'python']
[0.821s] Level 1:colcon.colcon_core.package_identification:_identify(src/Lslidar_ROS2_driver) by extension 'cmake'
[0.821s] Level 1:colcon.colcon_core.package_identification:_identify(src/Lslidar_ROS2_driver) by extension 'python'
[0.821s] Level 1:colcon.colcon_core.package_identification:_identify(src/Lslidar_ROS2_driver) by extensions ['python_setup_py']
[0.821s] Level 1:colcon.colcon_core.package_identification:_identify(src/Lslidar_ROS2_driver) by extension 'python_setup_py'
[0.821s] Level 1:colcon.colcon_core.package_identification:_identify(src/Lslidar_ROS2_driver/lslidar_driver) by extensions ['ignore', 'ignore_ament_install']
[0.821s] Level 1:colcon.colcon_core.package_identification:_identify(src/Lslidar_ROS2_driver/lslidar_driver) by extension 'ignore'
[0.821s] Level 1:colcon.colcon_core.package_identification:_identify(src/Lslidar_ROS2_driver/lslidar_driver) by extension 'ignore_ament_install'
[0.822s] Level 1:colcon.colcon_core.package_identification:_identify(src/Lslidar_ROS2_driver/lslidar_driver) by extensions ['colcon_pkg']
[0.822s] Level 1:colcon.colcon_core.package_identification:_identify(src/Lslidar_ROS2_driver/lslidar_driver) by extension 'colcon_pkg'
[0.822s] Level 1:colcon.colcon_core.package_identification:_identify(src/Lslidar_ROS2_driver/lslidar_driver) by extensions ['colcon_meta']
[0.822s] Level 1:colcon.colcon_core.package_identification:_identify(src/Lslidar_ROS2_driver/lslidar_driver) by extension 'colcon_meta'
[0.822s] Level 1:colcon.colcon_core.package_identification:_identify(src/Lslidar_ROS2_driver/lslidar_driver) by extensions ['ros']
[0.822s] Level 1:colcon.colcon_core.package_identification:_identify(src/Lslidar_ROS2_driver/lslidar_driver) by extension 'ros'
[0.827s] DEBUG:colcon.colcon_core.package_identification:Package 'src/Lslidar_ROS2_driver/lslidar_driver' with type 'ros.ament_cmake' and name 'lslidar_driver'
[0.827s] Level 1:colcon.colcon_core.package_identification:_identify(src/Lslidar_ROS2_driver/lslidar_msgs) by extensions ['ignore', 'ignore_ament_install']
[0.827s] Level 1:colcon.colcon_core.package_identification:_identify(src/Lslidar_ROS2_driver/lslidar_msgs) by extension 'ignore'
[0.827s] Level 1:colcon.colcon_core.package_identification:_identify(src/Lslidar_ROS2_driver/lslidar_msgs) by extension 'ignore_ament_install'
[0.828s] Level 1:colcon.colcon_core.package_identification:_identify(src/Lslidar_ROS2_driver/lslidar_msgs) by extensions ['colcon_pkg']
[0.828s] Level 1:colcon.colcon_core.package_identification:_identify(src/Lslidar_ROS2_driver/lslidar_msgs) by extension 'colcon_pkg'
[0.828s] Level 1:colcon.colcon_core.package_identification:_identify(src/Lslidar_ROS2_driver/lslidar_msgs) by extensions ['colcon_meta']
[0.828s] Level 1:colcon.colcon_core.package_identification:_identify(src/Lslidar_ROS2_driver/lslidar_msgs) by extension 'colcon_meta'
[0.828s] Level 1:colcon.colcon_core.package_identification:_identify(src/Lslidar_ROS2_driver/lslidar_msgs) by extensions ['ros']
[0.828s] Level 1:colcon.colcon_core.package_identification:_identify(src/Lslidar_ROS2_driver/lslidar_msgs) by extension 'ros'
[0.829s] DEBUG:colcon.colcon_core.package_identification:Package 'src/Lslidar_ROS2_driver/lslidar_msgs' with type 'ros.ament_cmake' and name 'lslidar_msgs'
[0.829s] Level 1:colcon.colcon_core.package_identification:_identify(src/build) by extensions ['ignore', 'ignore_ament_install']
[0.829s] Level 1:colcon.colcon_core.package_identification:_identify(src/build) by extension 'ignore'
[0.830s] Level 1:colcon.colcon_core.package_identification:_identify(src/build) ignored
[0.830s] Level 1:colcon.colcon_core.package_identification:_identify(src/diff_drive) by extensions ['ignore', 'ignore_ament_install']
[0.830s] Level 1:colcon.colcon_core.package_identification:_identify(src/diff_drive) by extension 'ignore'
[0.830s] Level 1:colcon.colcon_core.package_identification:_identify(src/diff_drive) by extension 'ignore_ament_install'
[0.830s] Level 1:colcon.colcon_core.package_identification:_identify(src/diff_drive) by extensions ['colcon_pkg']
[0.830s] Level 1:colcon.colcon_core.package_identification:_identify(src/diff_drive) by extension 'colcon_pkg'
[0.830s] Level 1:colcon.colcon_core.package_identification:_identify(src/diff_drive) by extensions ['colcon_meta']
[0.830s] Level 1:colcon.colcon_core.package_identification:_identify(src/diff_drive) by extension 'colcon_meta'
[0.830s] Level 1:colcon.colcon_core.package_identification:_identify(src/diff_drive) by extensions ['ros']
[0.830s] Level 1:colcon.colcon_core.package_identification:_identify(src/diff_drive) by extension 'ros'
[0.831s] DEBUG:colcon.colcon_core.package_identification:Package 'src/diff_drive' with type 'ros.ament_python' and name 'diff_drive'
[0.832s] Level 1:colcon.colcon_core.package_identification:_identify(src/gui) by extensions ['ignore', 'ignore_ament_install']
[0.832s] Level 1:colcon.colcon_core.package_identification:_identify(src/gui) by extension 'ignore'
[0.832s] Level 1:colcon.colcon_core.package_identification:_identify(src/gui) by extension 'ignore_ament_install'
[0.832s] Level 1:colcon.colcon_core.package_identification:_identify(src/gui) by extensions ['colcon_pkg']
[0.832s] Level 1:colcon.colcon_core.package_identification:_identify(src/gui) by extension 'colcon_pkg'
[0.832s] Level 1:colcon.colcon_core.package_identification:_identify(src/gui) by extensions ['colcon_meta']
[0.832s] Level 1:colcon.colcon_core.package_identification:_identify(src/gui) by extension 'colcon_meta'
[0.832s] Level 1:colcon.colcon_core.package_identification:_identify(src/gui) by extensions ['ros']
[0.832s] Level 1:colcon.colcon_core.package_identification:_identify(src/gui) by extension 'ros'
[0.833s] DEBUG:colcon.colcon_core.package_identification:Package 'src/gui' with type 'ros.ament_python' and name 'gui'
[0.834s] Level 1:colcon.colcon_core.package_identification:_identify(src/icp-graph-slam) by extensions ['ignore', 'ignore_ament_install']
[0.834s] Level 1:colcon.colcon_core.package_identification:_identify(src/icp-graph-slam) by extension 'ignore'
[0.834s] Level 1:colcon.colcon_core.package_identification:_identify(src/icp-graph-slam) by extension 'ignore_ament_install'
[0.834s] Level 1:colcon.colcon_core.package_identification:_identify(src/icp-graph-slam) by extensions ['colcon_pkg']
[0.834s] Level 1:colcon.colcon_core.package_identification:_identify(src/icp-graph-slam) by extension 'colcon_pkg'
[0.834s] Level 1:colcon.colcon_core.package_identification:_identify(src/icp-graph-slam) by extensions ['colcon_meta']
[0.834s] Level 1:colcon.colcon_core.package_identification:_identify(src/icp-graph-slam) by extension 'colcon_meta'
[0.834s] Level 1:colcon.colcon_core.package_identification:_identify(src/icp-graph-slam) by extensions ['ros']
[0.834s] Level 1:colcon.colcon_core.package_identification:_identify(src/icp-graph-slam) by extension 'ros'
[0.835s] DEBUG:colcon.colcon_core.package_identification:Package 'src/icp-graph-slam' with type 'ros.ament_python' and name 'icp-graph-slam'
[0.835s] Level 1:colcon.colcon_core.package_identification:_identify(src/install) by extensions ['ignore', 'ignore_ament_install']
[0.835s] Level 1:colcon.colcon_core.package_identification:_identify(src/install) by extension 'ignore'
[0.836s] Level 1:colcon.colcon_core.package_identification:_identify(src/install) ignored
[0.836s] Level 1:colcon.colcon_core.package_identification:_identify(src/log) by extensions ['ignore', 'ignore_ament_install']
[0.836s] Level 1:colcon.colcon_core.package_identification:_identify(src/log) by extension 'ignore'
[0.836s] Level 1:colcon.colcon_core.package_identification:_identify(src/log) ignored
[0.836s] Level 1:colcon.colcon_core.package_identification:_identify(src/log_odds_map) by extensions ['ignore', 'ignore_ament_install']
[0.836s] Level 1:colcon.colcon_core.package_identification:_identify(src/log_odds_map) by extension 'ignore'
[0.836s] Level 1:colcon.colcon_core.package_identification:_identify(src/log_odds_map) by extension 'ignore_ament_install'
[0.836s] Level 1:colcon.colcon_core.package_identification:_identify(src/log_odds_map) by extensions ['colcon_pkg']
[0.836s] Level 1:colcon.colcon_core.package_identification:_identify(src/log_odds_map) by extension 'colcon_pkg'
[0.837s] Level 1:colcon.colcon_core.package_identification:_identify(src/log_odds_map) by extensions ['colcon_meta']
[0.837s] Level 1:colcon.colcon_core.package_identification:_identify(src/log_odds_map) by extension 'colcon_meta'
[0.837s] Level 1:colcon.colcon_core.package_identification:_identify(src/log_odds_map) by extensions ['ros']
[0.837s] Level 1:colcon.colcon_core.package_identification:_identify(src/log_odds_map) by extension 'ros'
[0.838s] DEBUG:colcon.colcon_core.package_identification:Package 'src/log_odds_map' with type 'ros.ament_python' and name 'log_odds_map'
[0.838s] Level 1:colcon.colcon_core.package_identification:_identify(src/motor) by extensions ['ignore', 'ignore_ament_install']
[0.838s] Level 1:colcon.colcon_core.package_identification:_identify(src/motor) by extension 'ignore'
[0.838s] Level 1:colcon.colcon_core.package_identification:_identify(src/motor) by extension 'ignore_ament_install'
[0.838s] Level 1:colcon.colcon_core.package_identification:_identify(src/motor) by extensions ['colcon_pkg']
[0.838s] Level 1:colcon.colcon_core.package_identification:_identify(src/motor) by extension 'colcon_pkg'
[0.838s] Level 1:colcon.colcon_core.package_identification:_identify(src/motor) by extensions ['colcon_meta']
[0.838s] Level 1:colcon.colcon_core.package_identification:_identify(src/motor) by extension 'colcon_meta'
[0.838s] Level 1:colcon.colcon_core.package_identification:_identify(src/motor) by extensions ['ros']
[0.838s] Level 1:colcon.colcon_core.package_identification:_identify(src/motor) by extension 'ros'
[0.841s] DEBUG:colcon.colcon_core.package_identification:Package 'src/motor' with type 'ros.ament_python' and name 'motor'
[0.842s] Level 1:colcon.colcon_core.package_identification:_identify(src/my_bot) by extensions ['ignore', 'ignore_ament_install']
[0.842s] Level 1:colcon.colcon_core.package_identification:_identify(src/my_bot) by extension 'ignore'
[0.842s] Level 1:colcon.colcon_core.package_identification:_identify(src/my_bot) by extension 'ignore_ament_install'
[0.842s] Level 1:colcon.colcon_core.package_identification:_identify(src/my_bot) by extensions ['colcon_pkg']
[0.842s] Level 1:colcon.colcon_core.package_identification:_identify(src/my_bot) by extension 'colcon_pkg'
[0.842s] Level 1:colcon.colcon_core.package_identification:_identify(src/my_bot) by extensions ['colcon_meta']
[0.842s] Level 1:colcon.colcon_core.package_identification:_identify(src/my_bot) by extension 'colcon_meta'
[0.843s] Level 1:colcon.colcon_core.package_identification:_identify(src/my_bot) by extensions ['ros']
[0.843s] Level 1:colcon.colcon_core.package_identification:_identify(src/my_bot) by extension 'ros'
[0.844s] DEBUG:colcon.colcon_core.package_identification:Package 'src/my_bot' with type 'ros.ament_cmake' and name 'my_bot'
[0.844s] Level 1:colcon.colcon_core.package_identification:_identify(src/rosboard) by extensions ['ignore', 'ignore_ament_install']
[0.844s] Level 1:colcon.colcon_core.package_identification:_identify(src/rosboard) by extension 'ignore'
[0.844s] Level 1:colcon.colcon_core.package_identification:_identify(src/rosboard) by extension 'ignore_ament_install'
[0.844s] Level 1:colcon.colcon_core.package_identification:_identify(src/rosboard) by extensions ['colcon_pkg']
[0.844s] Level 1:colcon.colcon_core.package_identification:_identify(src/rosboard) by extension 'colcon_pkg'
[0.844s] Level 1:colcon.colcon_core.package_identification:_identify(src/rosboard) by extensions ['colcon_meta']
[0.844s] Level 1:colcon.colcon_core.package_identification:_identify(src/rosboard) by extension 'colcon_meta'
[0.844s] Level 1:colcon.colcon_core.package_identification:_identify(src/rosboard) by extensions ['ros']
[0.844s] Level 1:colcon.colcon_core.package_identification:_identify(src/rosboard) by extension 'ros'
[0.849s] DEBUG:colcon.colcon_core.package_identification:Package 'src/rosboard' with type 'ros.ament_python' and name 'rosboard'
[0.849s] Level 1:colcon.colcon_core.package_identification:_identify(src/wheel_interfaces) by extensions ['ignore', 'ignore_ament_install']
[0.850s] Level 1:colcon.colcon_core.package_identification:_identify(src/wheel_interfaces) by extension 'ignore'
[0.850s] Level 1:colcon.colcon_core.package_identification:_identify(src/wheel_interfaces) by extension 'ignore_ament_install'
[0.850s] Level 1:colcon.colcon_core.package_identification:_identify(src/wheel_interfaces) by extensions ['colcon_pkg']
[0.850s] Level 1:colcon.colcon_core.package_identification:_identify(src/wheel_interfaces) by extension 'colcon_pkg'
[0.850s] Level 1:colcon.colcon_core.package_identification:_identify(src/wheel_interfaces) by extensions ['colcon_meta']
[0.850s] Level 1:colcon.colcon_core.package_identification:_identify(src/wheel_interfaces) by extension 'colcon_meta'
[0.850s] Level 1:colcon.colcon_core.package_identification:_identify(src/wheel_interfaces) by extensions ['ros']
[0.850s] Level 1:colcon.colcon_core.package_identification:_identify(src/wheel_interfaces) by extension 'ros'
[0.851s] DEBUG:colcon.colcon_core.package_identification:Package 'src/wheel_interfaces' with type 'ros.ament_cmake' and name 'wheel_interfaces'
[0.851s] Level 1:colcon.colcon_core.package_discovery:discover_packages(recursive) using defaults
[0.851s] Level 1:colcon.colcon_core.package_discovery:discover_packages(ignore) discover
[0.852s] Level 1:colcon.colcon_core.package_discovery:discover_packages(ignore) using defaults
[0.852s] Level 1:colcon.colcon_core.package_discovery:discover_packages(path) discover
[0.852s] Level 1:colcon.colcon_core.package_discovery:discover_packages(path) using defaults
[0.891s] INFO:colcon.colcon_core.package_selection:Skipping not selected package 'diff_drive' in 'src/diff_drive'
[0.891s] INFO:colcon.colcon_core.package_selection:Skipping not selected package 'icp-graph-slam' in 'src/icp-graph-slam'
[0.891s] INFO:colcon.colcon_core.package_selection:Skipping not selected package 'log_odds_map' in 'src/log_odds_map'
[0.891s] INFO:colcon.colcon_core.package_selection:Skipping not selected package 'lslidar_msgs' in 'src/Lslidar_ROS2_driver/lslidar_msgs'
[0.891s] INFO:colcon.colcon_core.package_selection:Skipping not selected package 'my_bot' in 'src/my_bot'
[0.891s] INFO:colcon.colcon_core.package_selection:Skipping not selected package 'rosboard' in 'src/rosboard'
[0.891s] INFO:colcon.colcon_core.package_selection:Skipping not selected package 'wheel_interfaces' in 'src/wheel_interfaces'
[0.891s] INFO:colcon.colcon_core.package_selection:Skipping not selected package 'gui' in 'src/gui'
[0.891s] INFO:colcon.colcon_core.package_selection:Skipping not selected package 'lslidar_driver' in 'src/Lslidar_ROS2_driver/lslidar_driver'
[0.923s] Level 1:colcon.colcon_core.package_discovery:discover_packages(prefix_path) check parameters
[0.923s] Level 1:colcon.colcon_core.package_discovery:discover_packages(prefix_path) discover
[0.971s] DEBUG:colcon.colcon_installed_package_information.package_discovery:Found 10 installed packages in /home/ziczac/dev/skripsi_code/ros2_workspace/install
[0.974s] DEBUG:colcon.colcon_installed_package_information.package_discovery:Found 320 installed packages in /opt/ros/humble
[0.978s] Level 1:colcon.colcon_core.package_discovery:discover_packages(prefix_path) using defaults
[3.926s] Level 5:colcon.colcon_core.verb:set package 'motor' build argument 'cmake_args' from command line to 'None'
[3.926s] Level 5:colcon.colcon_core.verb:set package 'motor' build argument 'cmake_target' from command line to 'None'
[3.926s] Level 5:colcon.colcon_core.verb:set package 'motor' build argument 'cmake_target_skip_unavailable' from command line to 'False'
[3.926s] Level 5:colcon.colcon_core.verb:set package 'motor' build argument 'cmake_clean_cache' from command line to 'False'
[3.926s] Level 5:colcon.colcon_core.verb:set package 'motor' build argument 'cmake_clean_first' from command line to 'False'
[3.926s] Level 5:colcon.colcon_core.verb:set package 'motor' build argument 'cmake_force_configure' from command line to 'False'
[3.927s] Level 5:colcon.colcon_core.verb:set package 'motor' build argument 'ament_cmake_args' from command line to 'None'
[3.927s] Level 5:colcon.colcon_core.verb:set package 'motor' build argument 'catkin_cmake_args' from command line to 'None'
[3.927s] Level 5:colcon.colcon_core.verb:set package 'motor' build argument 'catkin_skip_building_tests' from command line to 'False'
[3.927s] DEBUG:colcon.colcon_core.verb:Building package 'motor' with the following arguments: {'ament_cmake_args': None, 'build_base': '/home/ziczac/dev/skripsi_code/ros2_workspace/build/motor', 'catkin_cmake_args': None, 'catkin_skip_building_tests': False, 'cmake_args': None, 'cmake_clean_cache': False, 'cmake_clean_first': False, 'cmake_force_configure': False, 'cmake_target': None, 'cmake_target_skip_unavailable': False, 'install_base': '/home/ziczac/dev/skripsi_code/ros2_workspace/install/motor', 'merge_install': False, 'path': '/home/ziczac/dev/skripsi_code/ros2_workspace/src/motor', 'symlink_install': True, 'test_result_base': None}
[3.927s] INFO:colcon.colcon_core.executor:Executing jobs using 'parallel' executor
[3.929s] DEBUG:colcon.colcon_parallel_executor.executor.parallel:run_until_complete
[3.930s] INFO:colcon.colcon_ros.task.ament_python.build:Building ROS package in '/home/ziczac/dev/skripsi_code/ros2_workspace/src/motor' with build type 'ament_python'
[3.930s] Level 1:colcon.colcon_core.shell:create_environment_hook('motor', 'ament_prefix_path')
[3.990s] INFO:colcon.colcon_core.plugin_system:Skipping extension 'colcon_core.shell.bat': Not used on non-Windows systems
[3.990s] INFO:colcon.colcon_core.shell:Creating environment hook '/home/ziczac/dev/skripsi_code/ros2_workspace/install/motor/share/motor/hook/ament_prefix_path.ps1'
[4.036s] INFO:colcon.colcon_core.shell:Creating environment descriptor '/home/ziczac/dev/skripsi_code/ros2_workspace/install/motor/share/motor/hook/ament_prefix_path.dsv'
[4.051s] INFO:colcon.colcon_core.shell:Creating environment hook '/home/ziczac/dev/skripsi_code/ros2_workspace/install/motor/share/motor/hook/ament_prefix_path.sh'
[4.054s] INFO:colcon.colcon_core.shell:Skip shell extension 'powershell' for command environment: Not usable outside of PowerShell
[4.055s] DEBUG:colcon.colcon_core.shell:Skip shell extension 'dsv' for command environment
[4.937s] INFO:colcon.colcon_core.task.python.build:Building Python package in '/home/ziczac/dev/skripsi_code/ros2_workspace/src/motor'
[4.938s] INFO:colcon.colcon_core.shell:Skip shell extension 'powershell' for command environment: Not usable outside of PowerShell
[4.938s] DEBUG:colcon.colcon_core.shell:Skip shell extension 'dsv' for command environment
[6.533s] DEBUG:colcon.colcon_core.event_handler.log_command:Invoking command in '/home/ziczac/dev/skripsi_code/ros2_workspace/build/motor': PYTHONPATH=/home/ziczac/dev/skripsi_code/ros2_workspace/build/motor/prefix_override:/home/ziczac/dev/skripsi_code/ros2_workspace/install/motor/lib/python3.10/site-packages:${PYTHONPATH} /usr/bin/python3 -W ignore:setup.py install is deprecated setup.py develop --editable --build-directory /home/ziczac/dev/skripsi_code/ros2_workspace/build/motor/build --no-deps symlink_data
[8.027s] Level 1:colcon.colcon_core.shell:create_environment_hook('motor', 'pythonpath_develop')
[8.028s] INFO:colcon.colcon_core.shell:Creating environment hook '/home/ziczac/dev/skripsi_code/ros2_workspace/build/motor/share/motor/hook/pythonpath_develop.ps1'
[8.029s] DEBUG:colcon.colcon_core.event_handler.log_command:Invoked command in '/home/ziczac/dev/skripsi_code/ros2_workspace/build/motor' returned '0': PYTHONPATH=/home/ziczac/dev/skripsi_code/ros2_workspace/build/motor/prefix_override:/home/ziczac/dev/skripsi_code/ros2_workspace/install/motor/lib/python3.10/site-packages:${PYTHONPATH} /usr/bin/python3 -W ignore:setup.py install is deprecated setup.py develop --editable --build-directory /home/ziczac/dev/skripsi_code/ros2_workspace/build/motor/build --no-deps symlink_data
[8.031s] INFO:colcon.colcon_core.shell:Creating environment descriptor '/home/ziczac/dev/skripsi_code/ros2_workspace/build/motor/share/motor/hook/pythonpath_develop.dsv'
[8.032s] INFO:colcon.colcon_core.shell:Creating environment hook '/home/ziczac/dev/skripsi_code/ros2_workspace/build/motor/share/motor/hook/pythonpath_develop.sh'
[8.132s] Level 1:colcon.colcon_core.environment:checking '/home/ziczac/dev/skripsi_code/ros2_workspace/install/motor' for CMake module files
[8.134s] Level 1:colcon.colcon_core.environment:checking '/home/ziczac/dev/skripsi_code/ros2_workspace/install/motor' for CMake config files
[8.135s] Level 1:colcon.colcon_core.environment:checking '/home/ziczac/dev/skripsi_code/ros2_workspace/install/motor/lib'
[8.136s] Level 1:colcon.colcon_core.environment:checking '/home/ziczac/dev/skripsi_code/ros2_workspace/install/motor/bin'
[8.136s] Level 1:colcon.colcon_core.environment:checking '/home/ziczac/dev/skripsi_code/ros2_workspace/install/motor/lib/pkgconfig/motor.pc'
[8.137s] Level 1:colcon.colcon_core.environment:checking '/home/ziczac/dev/skripsi_code/ros2_workspace/install/motor/lib/python3.10/site-packages'
[8.137s] Level 1:colcon.colcon_core.shell:create_environment_hook('motor', 'pythonpath')
[8.138s] INFO:colcon.colcon_core.shell:Creating environment hook '/home/ziczac/dev/skripsi_code/ros2_workspace/install/motor/share/motor/hook/pythonpath.ps1'
[8.139s] INFO:colcon.colcon_core.shell:Creating environment descriptor '/home/ziczac/dev/skripsi_code/ros2_workspace/install/motor/share/motor/hook/pythonpath.dsv'
[8.139s] INFO:colcon.colcon_core.shell:Creating environment hook '/home/ziczac/dev/skripsi_code/ros2_workspace/install/motor/share/motor/hook/pythonpath.sh'
[8.141s] Level 1:colcon.colcon_core.environment:checking '/home/ziczac/dev/skripsi_code/ros2_workspace/install/motor/bin'
[8.141s] Level 1:colcon.colcon_core.environment:create_environment_scripts_only(motor)
[8.142s] INFO:colcon.colcon_core.shell:Creating package script '/home/ziczac/dev/skripsi_code/ros2_workspace/install/motor/share/motor/package.ps1'
[8.145s] INFO:colcon.colcon_core.shell:Creating package descriptor '/home/ziczac/dev/skripsi_code/ros2_workspace/install/motor/share/motor/package.dsv'
[8.147s] INFO:colcon.colcon_core.shell:Creating package script '/home/ziczac/dev/skripsi_code/ros2_workspace/install/motor/share/motor/package.sh'
[8.149s] INFO:colcon.colcon_core.shell:Creating package script '/home/ziczac/dev/skripsi_code/ros2_workspace/install/motor/share/motor/package.bash'
[8.176s] INFO:colcon.colcon_core.shell:Creating package script '/home/ziczac/dev/skripsi_code/ros2_workspace/install/motor/share/motor/package.zsh'
[8.189s] Level 1:colcon.colcon_core.environment:create_file_with_runtime_dependencies(/home/ziczac/dev/skripsi_code/ros2_workspace/install/motor/share/colcon-core/packages/motor)
[8.190s] DEBUG:colcon.colcon_parallel_executor.executor.parallel:closing loop
[8.191s] DEBUG:colcon.colcon_parallel_executor.executor.parallel:loop closed
[8.191s] DEBUG:colcon.colcon_parallel_executor.executor.parallel:run_until_complete finished with '0'
[8.191s] DEBUG:colcon.colcon_core.event_reactor:joining thread
[8.205s] INFO:colcon.colcon_core.plugin_system:Skipping extension 'colcon_notification.desktop_notification.terminal_notifier': Not used on non-Darwin systems
[8.205s] INFO:colcon.colcon_core.plugin_system:Skipping extension 'colcon_notification.desktop_notification.win32': Not used on non-Windows systems
[8.205s] INFO:colcon.colcon_notification.desktop_notification:Sending desktop notification using 'notify2'
[8.234s] DEBUG:colcon.colcon_core.event_reactor:joined thread
[8.235s] INFO:colcon.colcon_core.shell:Creating prefix script '/home/ziczac/dev/skripsi_code/ros2_workspace/install/local_setup.ps1'
[8.240s] INFO:colcon.colcon_core.shell:Creating prefix util module '/home/ziczac/dev/skripsi_code/ros2_workspace/install/_local_setup_util_ps1.py'
[8.244s] INFO:colcon.colcon_core.shell:Creating prefix chain script '/home/ziczac/dev/skripsi_code/ros2_workspace/install/setup.ps1'
[8.250s] INFO:colcon.colcon_core.shell:Creating prefix script '/home/ziczac/dev/skripsi_code/ros2_workspace/install/local_setup.sh'
[8.252s] INFO:colcon.colcon_core.shell:Creating prefix util module '/home/ziczac/dev/skripsi_code/ros2_workspace/install/_local_setup_util_sh.py'
[8.253s] INFO:colcon.colcon_core.shell:Creating prefix chain script '/home/ziczac/dev/skripsi_code/ros2_workspace/install/setup.sh'
[8.258s] INFO:colcon.colcon_core.shell:Creating prefix script '/home/ziczac/dev/skripsi_code/ros2_workspace/install/local_setup.bash'
[8.260s] INFO:colcon.colcon_core.shell:Creating prefix chain script '/home/ziczac/dev/skripsi_code/ros2_workspace/install/setup.bash'
[8.264s] INFO:colcon.colcon_core.shell:Creating prefix script '/home/ziczac/dev/skripsi_code/ros2_workspace/install/local_setup.zsh'
[8.265s] INFO:colcon.colcon_core.shell:Creating prefix chain script '/home/ziczac/dev/skripsi_code/ros2_workspace/install/setup.zsh'
