[0.379s] Invoking command in '/home/ziczac/dev/skripsi_code/ros2_workspace/src/build/lslidar_msgs': CMAKE_PREFIX_PATH=${CMAKE_PREFIX_PATH}:/home/ziczac/dev/skripsi_code/ros2_workspace/install/motor:/home/ziczac/dev/skripsi_code/ros2_workspace/install/gui:/home/ziczac/dev/skripsi_code/ros2_workspace/install/rosboard:/home/ziczac/dev/skripsi_code/ros2_workspace/install/log_odds_map:/home/ziczac/dev/skripsi_code/ros2_workspace/install/diff_drive:/opt/ros/humble /usr/bin/cmake /home/ziczac/dev/skripsi_code/ros2_workspace/src/Lslidar_ROS2_driver/lslidar_msgs -DAMENT_CMAKE_SYMLINK_INSTALL=1 -DCMAKE_INSTALL_PREFIX=/home/ziczac/dev/skripsi_code/ros2_workspace/src/install/lslidar_msgs
[6.681s] -- The C compiler identification is GNU 11.4.0
[9.260s] -- The CXX compiler identification is GNU 11.4.0
[9.611s] -- Detecting C compiler ABI info
[10.939s] -- Detecting C compiler ABI info - done
[11.013s] -- Check for working C compiler: /usr/bin/cc - skipped
[11.015s] -- Detecting C compile features
[11.026s] -- Detecting C compile features - done
[11.054s] -- Detecting CXX compiler ABI info
[11.859s] -- Detecting CXX compiler ABI info - done
[11.904s] -- Check for working CXX compiler: /usr/bin/c++ - skipped
[11.905s] -- Detecting CXX compile features
[11.907s] -- Detecting CXX compile features - done
[12.781s] -- Found ament_cmake: 1.3.8 (/opt/ros/humble/share/ament_cmake/cmake)
[14.292s] -- Found Python3: /usr/bin/python3 (found version "3.10.12") found components: Interpreter 
[15.298s] -- Override CMake install command with custom implementation using symlinks instead of copying resources
[16.339s] -- Found std_msgs: 4.2.3 (/opt/ros/humble/share/std_msgs/cmake)
[17.642s] -- Found rosidl_generator_c: 3.1.5 (/opt/ros/humble/share/rosidl_generator_c/cmake)
[17.707s] -- Found rosidl_adapter: 3.1.5 (/opt/ros/humble/share/rosidl_adapter/cmake)
[18.038s] -- Found rosidl_generator_cpp: 3.1.5 (/opt/ros/humble/share/rosidl_generator_cpp/cmake)
[19.107s] -- Using all available rosidl_typesupport_c: rosidl_typesupport_fastrtps_c;rosidl_typesupport_introspection_c
[19.469s] -- Using all available rosidl_typesupport_cpp: rosidl_typesupport_fastrtps_cpp;rosidl_typesupport_introspection_cpp
[20.375s] -- Found sensor_msgs: 4.2.3 (/opt/ros/humble/share/sensor_msgs/cmake)
[22.006s] -- Found rosidl_default_generators: 1.2.0 (/opt/ros/humble/share/rosidl_default_generators/cmake)
[22.064s] -- Found ament_lint_auto: 0.12.10 (/opt/ros/humble/share/ament_lint_auto/cmake)
[25.498s] -- Found ament_cmake_ros: 0.10.0 (/opt/ros/humble/share/ament_cmake_ros/cmake)
[29.022s] -- Using all available rosidl_typesupport_c: rosidl_typesupport_fastrtps_c;rosidl_typesupport_introspection_c
[29.856s] -- Using all available rosidl_typesupport_cpp: rosidl_typesupport_fastrtps_cpp;rosidl_typesupport_introspection_cpp
[29.982s] -- Found PythonInterp: /usr/bin/python3 (found suitable version "3.10.12", minimum required is "3.6") 
[29.994s] -- Found python_cmake_module: 0.10.0 (/opt/ros/humble/share/python_cmake_module/cmake)
[30.147s] -- Found PythonLibs: /usr/lib/x86_64-linux-gnu/libpython3.10.so (found suitable version "3.10.12", minimum required is "3.5") 
[30.147s] -- Using PYTHON_EXECUTABLE: /usr/bin/python3
[30.147s] -- Using PYTHON_INCLUDE_DIRS: /usr/include/python3.10
[30.148s] -- Using PYTHON_LIBRARIES: /usr/lib/x86_64-linux-gnu/libpython3.10.so
[30.275s] -- Found PythonExtra: .so  
[30.600s] -- Added test 'copyright' to check source files copyright and LICENSE
[30.610s] -- Added test 'lint_cmake' to check CMake code style
[30.616s] -- Added test 'xmllint' to check XML markup files
[30.924s] -- Configuring done
[31.330s] -- Generating done
[31.359s] -- Build files have been written to: /home/ziczac/dev/skripsi_code/ros2_workspace/src/build/lslidar_msgs
[31.449s] Invoked command in '/home/ziczac/dev/skripsi_code/ros2_workspace/src/build/lslidar_msgs' returned '0': CMAKE_PREFIX_PATH=${CMAKE_PREFIX_PATH}:/home/ziczac/dev/skripsi_code/ros2_workspace/install/motor:/home/ziczac/dev/skripsi_code/ros2_workspace/install/gui:/home/ziczac/dev/skripsi_code/ros2_workspace/install/rosboard:/home/ziczac/dev/skripsi_code/ros2_workspace/install/log_odds_map:/home/ziczac/dev/skripsi_code/ros2_workspace/install/diff_drive:/opt/ros/humble /usr/bin/cmake /home/ziczac/dev/skripsi_code/ros2_workspace/src/Lslidar_ROS2_driver/lslidar_msgs -DAMENT_CMAKE_SYMLINK_INSTALL=1 -DCMAKE_INSTALL_PREFIX=/home/ziczac/dev/skripsi_code/ros2_workspace/src/install/lslidar_msgs
[31.458s] Invoking command in '/home/ziczac/dev/skripsi_code/ros2_workspace/src/build/lslidar_msgs': CMAKE_PREFIX_PATH=${CMAKE_PREFIX_PATH}:/home/ziczac/dev/skripsi_code/ros2_workspace/install/motor:/home/ziczac/dev/skripsi_code/ros2_workspace/install/gui:/home/ziczac/dev/skripsi_code/ros2_workspace/install/rosboard:/home/ziczac/dev/skripsi_code/ros2_workspace/install/log_odds_map:/home/ziczac/dev/skripsi_code/ros2_workspace/install/diff_drive:/opt/ros/humble /usr/bin/cmake --build /home/ziczac/dev/skripsi_code/ros2_workspace/src/build/lslidar_msgs -- -j8 -l8
[31.791s] [  1%] [34m[1mGenerating C++ code for ROS interfaces[0m
[35.371s] [  1%] Built target lslidar_msgs__cpp
[35.562s] [  1%] Built target ament_cmake_python_symlink_lslidar_msgs
[35.647s] [  3%] [34m[1mGenerating C++ introspection for ROS interfaces[0m
[38.703s] [  4%] [32mBuilding CXX object CMakeFiles/lslidar_msgs__rosidl_typesupport_introspection_cpp.dir/rosidl_typesupport_introspection_cpp/lslidar_msgs/msg/detail/lslidar_difop__type_support.cpp.o[0m
[43.082s] [  6%] [32mBuilding CXX object CMakeFiles/lslidar_msgs__rosidl_typesupport_introspection_cpp.dir/rosidl_typesupport_introspection_cpp/lslidar_msgs/msg/detail/lslidar_scan__type_support.cpp.o[0m
[45.147s] [  7%] [32mBuilding CXX object CMakeFiles/lslidar_msgs__rosidl_typesupport_introspection_cpp.dir/rosidl_typesupport_introspection_cpp/lslidar_msgs/msg/detail/lslidar_sweep__type_support.cpp.o[0m
[47.277s] [  9%] [32mBuilding CXX object CMakeFiles/lslidar_msgs__rosidl_typesupport_introspection_cpp.dir/rosidl_typesupport_introspection_cpp/lslidar_msgs/msg/detail/lslidar_point__type_support.cpp.o[0m
[48.859s] [ 11%] [32mBuilding CXX object CMakeFiles/lslidar_msgs__rosidl_typesupport_introspection_cpp.dir/rosidl_typesupport_introspection_cpp/lslidar_msgs/msg/detail/lslidar_packet__type_support.cpp.o[0m
[50.435s] [ 12%] [32m[1mLinking CXX shared library liblslidar_msgs__rosidl_typesupport_introspection_cpp.so[0m
[50.808s] [ 12%] Built target lslidar_msgs__rosidl_typesupport_introspection_cpp
[52.540s] running egg_info
[52.543s] creating lslidar_msgs.egg-info
[52.544s] writing lslidar_msgs.egg-info/PKG-INFO
[52.545s] writing dependency_links to lslidar_msgs.egg-info/dependency_links.txt
[52.546s] writing top-level names to lslidar_msgs.egg-info/top_level.txt
[52.548s] writing manifest file 'lslidar_msgs.egg-info/SOURCES.txt'
[52.557s] reading manifest file 'lslidar_msgs.egg-info/SOURCES.txt'
[52.560s] writing manifest file 'lslidar_msgs.egg-info/SOURCES.txt'
[52.683s] [ 12%] Built target ament_cmake_python_build_lslidar_msgs_egg
[52.729s] [ 14%] [34m[1mGenerating C++ type support for eProsima Fast-RTPS[0m
[55.378s] [ 15%] [32mBuilding CXX object CMakeFiles/lslidar_msgs__rosidl_typesupport_fastrtps_cpp.dir/rosidl_typesupport_fastrtps_cpp/lslidar_msgs/msg/detail/dds_fastrtps/lslidar_difop__type_support.cpp.o[0m
[57.110s] [ 17%] [32mBuilding CXX object CMakeFiles/lslidar_msgs__rosidl_typesupport_fastrtps_cpp.dir/rosidl_typesupport_fastrtps_cpp/lslidar_msgs/msg/detail/dds_fastrtps/lslidar_sweep__type_support.cpp.o[0m
[58.711s] [ 19%] [32mBuilding CXX object CMakeFiles/lslidar_msgs__rosidl_typesupport_fastrtps_cpp.dir/rosidl_typesupport_fastrtps_cpp/lslidar_msgs/msg/detail/dds_fastrtps/lslidar_scan__type_support.cpp.o[0m
[60.614s] [ 20%] [32mBuilding CXX object CMakeFiles/lslidar_msgs__rosidl_typesupport_fastrtps_cpp.dir/rosidl_typesupport_fastrtps_cpp/lslidar_msgs/msg/detail/dds_fastrtps/lslidar_point__type_support.cpp.o[0m
[62.470s] [ 22%] [32mBuilding CXX object CMakeFiles/lslidar_msgs__rosidl_typesupport_fastrtps_cpp.dir/rosidl_typesupport_fastrtps_cpp/lslidar_msgs/msg/detail/dds_fastrtps/lslidar_packet__type_support.cpp.o[0m
[64.337s] [ 23%] [32m[1mLinking CXX shared library liblslidar_msgs__rosidl_typesupport_fastrtps_cpp.so[0m
[64.698s] [ 23%] Built target lslidar_msgs__rosidl_typesupport_fastrtps_cpp
[64.765s] [ 25%] [34m[1mGenerating C++ type support dispatch for ROS interfaces[0m
[66.926s] [ 26%] [32mBuilding CXX object CMakeFiles/lslidar_msgs__rosidl_typesupport_cpp.dir/rosidl_typesupport_cpp/lslidar_msgs/msg/lslidar_difop__type_support.cpp.o[0m
[68.101s] [ 28%] [32mBuilding CXX object CMakeFiles/lslidar_msgs__rosidl_typesupport_cpp.dir/rosidl_typesupport_cpp/lslidar_msgs/msg/lslidar_sweep__type_support.cpp.o[0m
[69.257s] [ 30%] [32mBuilding CXX object CMakeFiles/lslidar_msgs__rosidl_typesupport_cpp.dir/rosidl_typesupport_cpp/lslidar_msgs/msg/lslidar_scan__type_support.cpp.o[0m
[70.414s] [ 31%] [32mBuilding CXX object CMakeFiles/lslidar_msgs__rosidl_typesupport_cpp.dir/rosidl_typesupport_cpp/lslidar_msgs/msg/lslidar_point__type_support.cpp.o[0m
[71.565s] [ 33%] [32mBuilding CXX object CMakeFiles/lslidar_msgs__rosidl_typesupport_cpp.dir/rosidl_typesupport_cpp/lslidar_msgs/msg/lslidar_packet__type_support.cpp.o[0m
[72.809s] [ 34%] [32m[1mLinking CXX shared library liblslidar_msgs__rosidl_typesupport_cpp.so[0m
[73.062s] [ 34%] Built target lslidar_msgs__rosidl_typesupport_cpp
[73.112s] [ 36%] [34m[1mGenerating C code for ROS interfaces[0m
[77.227s] [ 38%] [32mBuilding C object CMakeFiles/lslidar_msgs__rosidl_generator_c.dir/rosidl_generator_c/lslidar_msgs/msg/detail/lslidar_difop__functions.c.o[0m
[77.517s] [ 39%] [32mBuilding C object CMakeFiles/lslidar_msgs__rosidl_generator_c.dir/rosidl_generator_c/lslidar_msgs/msg/detail/lslidar_sweep__functions.c.o[0m
[77.884s] [ 41%] [32mBuilding C object CMakeFiles/lslidar_msgs__rosidl_generator_c.dir/rosidl_generator_c/lslidar_msgs/msg/detail/lslidar_scan__functions.c.o[0m
[78.261s] [ 42%] [32mBuilding C object CMakeFiles/lslidar_msgs__rosidl_generator_c.dir/rosidl_generator_c/lslidar_msgs/msg/detail/lslidar_point__functions.c.o[0m
[78.523s] [ 44%] [32mBuilding C object CMakeFiles/lslidar_msgs__rosidl_generator_c.dir/rosidl_generator_c/lslidar_msgs/msg/detail/lslidar_packet__functions.c.o[0m
[78.876s] [ 46%] [32m[1mLinking C shared library liblslidar_msgs__rosidl_generator_c.so[0m
[79.075s] [ 46%] Built target lslidar_msgs__rosidl_generator_c
[79.141s] [ 47%] [34m[1mGenerating C type support for eProsima Fast-RTPS[0m
[82.294s] [ 49%] [32mBuilding CXX object CMakeFiles/lslidar_msgs__rosidl_typesupport_fastrtps_c.dir/rosidl_typesupport_fastrtps_c/lslidar_msgs/msg/detail/lslidar_difop__type_support_c.cpp.o[0m
[83.732s] [ 50%] [32mBuilding CXX object CMakeFiles/lslidar_msgs__rosidl_typesupport_fastrtps_c.dir/rosidl_typesupport_fastrtps_c/lslidar_msgs/msg/detail/lslidar_sweep__type_support_c.cpp.o[0m
[84.910s] [ 52%] [32mBuilding CXX object CMakeFiles/lslidar_msgs__rosidl_typesupport_fastrtps_c.dir/rosidl_typesupport_fastrtps_c/lslidar_msgs/msg/detail/lslidar_scan__type_support_c.cpp.o[0m
[85.976s] [ 53%] [32mBuilding CXX object CMakeFiles/lslidar_msgs__rosidl_typesupport_fastrtps_c.dir/rosidl_typesupport_fastrtps_c/lslidar_msgs/msg/detail/lslidar_point__type_support_c.cpp.o[0m
[87.105s] [ 55%] [32mBuilding CXX object CMakeFiles/lslidar_msgs__rosidl_typesupport_fastrtps_c.dir/rosidl_typesupport_fastrtps_c/lslidar_msgs/msg/detail/lslidar_packet__type_support_c.cpp.o[0m
[88.263s] [ 57%] [32m[1mLinking CXX shared library liblslidar_msgs__rosidl_typesupport_fastrtps_c.so[0m
[88.589s] [ 57%] Built target lslidar_msgs__rosidl_typesupport_fastrtps_c
[88.637s] [ 58%] [34m[1mGenerating C type support dispatch for ROS interfaces[0m
[90.705s] [ 60%] [32mBuilding CXX object CMakeFiles/lslidar_msgs__rosidl_typesupport_c.dir/rosidl_typesupport_c/lslidar_msgs/msg/lslidar_difop__type_support.cpp.o[0m
[90.895s] [ 61%] [32mBuilding CXX object CMakeFiles/lslidar_msgs__rosidl_typesupport_c.dir/rosidl_typesupport_c/lslidar_msgs/msg/lslidar_sweep__type_support.cpp.o[0m
[91.084s] [ 63%] [32mBuilding CXX object CMakeFiles/lslidar_msgs__rosidl_typesupport_c.dir/rosidl_typesupport_c/lslidar_msgs/msg/lslidar_scan__type_support.cpp.o[0m
[91.242s] [ 65%] [32mBuilding CXX object CMakeFiles/lslidar_msgs__rosidl_typesupport_c.dir/rosidl_typesupport_c/lslidar_msgs/msg/lslidar_point__type_support.cpp.o[0m
[91.409s] [ 66%] [32mBuilding CXX object CMakeFiles/lslidar_msgs__rosidl_typesupport_c.dir/rosidl_typesupport_c/lslidar_msgs/msg/lslidar_packet__type_support.cpp.o[0m
[91.589s] [ 68%] [32m[1mLinking CXX shared library liblslidar_msgs__rosidl_typesupport_c.so[0m
[91.876s] [ 68%] Built target lslidar_msgs__rosidl_typesupport_c
[91.925s] [ 69%] [34m[1mGenerating C introspection for ROS interfaces[0m
[94.370s] [ 71%] [32mBuilding C object CMakeFiles/lslidar_msgs__rosidl_typesupport_introspection_c.dir/rosidl_typesupport_introspection_c/lslidar_msgs/msg/detail/lslidar_difop__type_support.c.o[0m
[94.492s] [ 73%] [32mBuilding C object CMakeFiles/lslidar_msgs__rosidl_typesupport_introspection_c.dir/rosidl_typesupport_introspection_c/lslidar_msgs/msg/detail/lslidar_sweep__type_support.c.o[0m
[94.662s] [ 74%] [32mBuilding C object CMakeFiles/lslidar_msgs__rosidl_typesupport_introspection_c.dir/rosidl_typesupport_introspection_c/lslidar_msgs/msg/detail/lslidar_scan__type_support.c.o[0m
[94.730s] [ 76%] [32mBuilding C object CMakeFiles/lslidar_msgs__rosidl_typesupport_introspection_c.dir/rosidl_typesupport_introspection_c/lslidar_msgs/msg/detail/lslidar_point__type_support.c.o[0m
[94.802s] [ 77%] [32mBuilding C object CMakeFiles/lslidar_msgs__rosidl_typesupport_introspection_c.dir/rosidl_typesupport_introspection_c/lslidar_msgs/msg/detail/lslidar_packet__type_support.c.o[0m
[94.916s] [ 79%] [32m[1mLinking C shared library liblslidar_msgs__rosidl_typesupport_introspection_c.so[0m
[94.986s] [ 79%] Built target lslidar_msgs__rosidl_typesupport_introspection_c
[95.034s] [ 79%] Built target lslidar_msgs
[95.079s] [ 80%] [34m[1mGenerating Python code for ROS interfaces[0m
[100.953s] [ 80%] Built target lslidar_msgs__py
[101.051s] [ 82%] [32mBuilding C object CMakeFiles/lslidar_msgs__rosidl_generator_py.dir/rosidl_generator_py/lslidar_msgs/msg/_lslidar_difop_s.c.o[0m
[101.447s] [ 84%] [32mBuilding C object CMakeFiles/lslidar_msgs__rosidl_generator_py.dir/rosidl_generator_py/lslidar_msgs/msg/_lslidar_sweep_s.c.o[0m
[101.728s] [ 85%] [32mBuilding C object CMakeFiles/lslidar_msgs__rosidl_generator_py.dir/rosidl_generator_py/lslidar_msgs/msg/_lslidar_scan_s.c.o[0m
[101.960s] [ 87%] [32mBuilding C object CMakeFiles/lslidar_msgs__rosidl_generator_py.dir/rosidl_generator_py/lslidar_msgs/msg/_lslidar_point_s.c.o[0m
[102.219s] [ 88%] [32mBuilding C object CMakeFiles/lslidar_msgs__rosidl_generator_py.dir/rosidl_generator_py/lslidar_msgs/msg/_lslidar_packet_s.c.o[0m
[102.441s] [ 90%] [32m[1mLinking C shared library rosidl_generator_py/lslidar_msgs/liblslidar_msgs__rosidl_generator_py.so[0m
[102.550s] [ 90%] Built target lslidar_msgs__rosidl_generator_py
[102.595s] [ 92%] [32mBuilding C object CMakeFiles/lslidar_msgs__rosidl_typesupport_fastrtps_c__pyext.dir/rosidl_generator_py/lslidar_msgs/_lslidar_msgs_s.ep.rosidl_typesupport_fastrtps_c.c.o[0m
[102.909s] [ 93%] [32m[1mLinking C shared library rosidl_generator_py/lslidar_msgs/lslidar_msgs_s__rosidl_typesupport_fastrtps_c.cpython-310-x86_64-linux-gnu.so[0m
[103.051s] [ 93%] Built target lslidar_msgs__rosidl_typesupport_fastrtps_c__pyext
[103.127s] [ 95%] [32mBuilding C object CMakeFiles/lslidar_msgs__rosidl_typesupport_c__pyext.dir/rosidl_generator_py/lslidar_msgs/_lslidar_msgs_s.ep.rosidl_typesupport_c.c.o[0m
[103.445s] [ 96%] [32m[1mLinking C shared library rosidl_generator_py/lslidar_msgs/lslidar_msgs_s__rosidl_typesupport_c.cpython-310-x86_64-linux-gnu.so[0m
[103.603s] [ 96%] Built target lslidar_msgs__rosidl_typesupport_c__pyext
[103.662s] [ 98%] [32mBuilding C object CMakeFiles/lslidar_msgs__rosidl_typesupport_introspection_c__pyext.dir/rosidl_generator_py/lslidar_msgs/_lslidar_msgs_s.ep.rosidl_typesupport_introspection_c.c.o[0m
[104.080s] [100%] [32m[1mLinking C shared library rosidl_generator_py/lslidar_msgs/lslidar_msgs_s__rosidl_typesupport_introspection_c.cpython-310-x86_64-linux-gnu.so[0m
[104.227s] [100%] Built target lslidar_msgs__rosidl_typesupport_introspection_c__pyext
[104.283s] Invoked command in '/home/ziczac/dev/skripsi_code/ros2_workspace/src/build/lslidar_msgs' returned '0': CMAKE_PREFIX_PATH=${CMAKE_PREFIX_PATH}:/home/ziczac/dev/skripsi_code/ros2_workspace/install/motor:/home/ziczac/dev/skripsi_code/ros2_workspace/install/gui:/home/ziczac/dev/skripsi_code/ros2_workspace/install/rosboard:/home/ziczac/dev/skripsi_code/ros2_workspace/install/log_odds_map:/home/ziczac/dev/skripsi_code/ros2_workspace/install/diff_drive:/opt/ros/humble /usr/bin/cmake --build /home/ziczac/dev/skripsi_code/ros2_workspace/src/build/lslidar_msgs -- -j8 -l8
[104.877s] Invoking command in '/home/ziczac/dev/skripsi_code/ros2_workspace/src/build/lslidar_msgs': CMAKE_PREFIX_PATH=${CMAKE_PREFIX_PATH}:/home/ziczac/dev/skripsi_code/ros2_workspace/install/motor:/home/ziczac/dev/skripsi_code/ros2_workspace/install/gui:/home/ziczac/dev/skripsi_code/ros2_workspace/install/rosboard:/home/ziczac/dev/skripsi_code/ros2_workspace/install/log_odds_map:/home/ziczac/dev/skripsi_code/ros2_workspace/install/diff_drive:/opt/ros/humble /usr/bin/cmake --install /home/ziczac/dev/skripsi_code/ros2_workspace/src/build/lslidar_msgs
[104.909s] -- Install configuration: ""
[104.913s] -- Execute custom install script
[104.914s] -- Symlinking: /home/ziczac/dev/skripsi_code/ros2_workspace/src/install/lslidar_msgs/share/ament_index/resource_index/rosidl_interfaces/lslidar_msgs
[104.955s] -- Symlinking: /home/ziczac/dev/skripsi_code/ros2_workspace/src/install/lslidar_msgs/include/lslidar_msgs/lslidar_msgs/msg/detail/lslidar_difop__functions.h
[104.993s] -- Symlinking: /home/ziczac/dev/skripsi_code/ros2_workspace/src/install/lslidar_msgs/include/lslidar_msgs/lslidar_msgs/msg/detail/lslidar_difop__struct.h
[105.042s] -- Symlinking: /home/ziczac/dev/skripsi_code/ros2_workspace/src/install/lslidar_msgs/include/lslidar_msgs/lslidar_msgs/msg/detail/lslidar_difop__type_support.h
[105.082s] -- Symlinking: /home/ziczac/dev/skripsi_code/ros2_workspace/src/install/lslidar_msgs/include/lslidar_msgs/lslidar_msgs/msg/detail/lslidar_packet__functions.h
[105.118s] -- Symlinking: /home/ziczac/dev/skripsi_code/ros2_workspace/src/install/lslidar_msgs/include/lslidar_msgs/lslidar_msgs/msg/detail/lslidar_packet__struct.h
[105.149s] -- Symlinking: /home/ziczac/dev/skripsi_code/ros2_workspace/src/install/lslidar_msgs/include/lslidar_msgs/lslidar_msgs/msg/detail/lslidar_packet__type_support.h
[105.180s] -- Symlinking: /home/ziczac/dev/skripsi_code/ros2_workspace/src/install/lslidar_msgs/include/lslidar_msgs/lslidar_msgs/msg/detail/lslidar_point__functions.h
[105.213s] -- Symlinking: /home/ziczac/dev/skripsi_code/ros2_workspace/src/install/lslidar_msgs/include/lslidar_msgs/lslidar_msgs/msg/detail/lslidar_point__struct.h
[105.250s] -- Symlinking: /home/ziczac/dev/skripsi_code/ros2_workspace/src/install/lslidar_msgs/include/lslidar_msgs/lslidar_msgs/msg/detail/lslidar_point__type_support.h
[105.285s] -- Symlinking: /home/ziczac/dev/skripsi_code/ros2_workspace/src/install/lslidar_msgs/include/lslidar_msgs/lslidar_msgs/msg/detail/lslidar_scan__functions.h
[105.318s] -- Symlinking: /home/ziczac/dev/skripsi_code/ros2_workspace/src/install/lslidar_msgs/include/lslidar_msgs/lslidar_msgs/msg/detail/lslidar_scan__struct.h
[105.362s] -- Symlinking: /home/ziczac/dev/skripsi_code/ros2_workspace/src/install/lslidar_msgs/include/lslidar_msgs/lslidar_msgs/msg/detail/lslidar_scan__type_support.h
[105.398s] -- Symlinking: /home/ziczac/dev/skripsi_code/ros2_workspace/src/install/lslidar_msgs/include/lslidar_msgs/lslidar_msgs/msg/detail/lslidar_sweep__functions.h
[105.434s] -- Symlinking: /home/ziczac/dev/skripsi_code/ros2_workspace/src/install/lslidar_msgs/include/lslidar_msgs/lslidar_msgs/msg/detail/lslidar_sweep__struct.h
[105.473s] -- Symlinking: /home/ziczac/dev/skripsi_code/ros2_workspace/src/install/lslidar_msgs/include/lslidar_msgs/lslidar_msgs/msg/detail/lslidar_sweep__type_support.h
[105.513s] -- Symlinking: /home/ziczac/dev/skripsi_code/ros2_workspace/src/install/lslidar_msgs/include/lslidar_msgs/lslidar_msgs/msg/lslidar_difop.h
[105.558s] -- Symlinking: /home/ziczac/dev/skripsi_code/ros2_workspace/src/install/lslidar_msgs/include/lslidar_msgs/lslidar_msgs/msg/lslidar_packet.h
[105.593s] -- Symlinking: /home/ziczac/dev/skripsi_code/ros2_workspace/src/install/lslidar_msgs/include/lslidar_msgs/lslidar_msgs/msg/lslidar_point.h
[105.629s] -- Symlinking: /home/ziczac/dev/skripsi_code/ros2_workspace/src/install/lslidar_msgs/include/lslidar_msgs/lslidar_msgs/msg/lslidar_scan.h
[105.660s] -- Symlinking: /home/ziczac/dev/skripsi_code/ros2_workspace/src/install/lslidar_msgs/include/lslidar_msgs/lslidar_msgs/msg/lslidar_sweep.h
[105.693s] -- Symlinking: /home/ziczac/dev/skripsi_code/ros2_workspace/src/install/lslidar_msgs/include/lslidar_msgs/lslidar_msgs/msg/rosidl_generator_c__visibility_control.h
[105.727s] -- Symlinking: /home/ziczac/dev/skripsi_code/ros2_workspace/src/install/lslidar_msgs/share/lslidar_msgs/environment/library_path.sh
[105.759s] -- Symlinking: /home/ziczac/dev/skripsi_code/ros2_workspace/src/install/lslidar_msgs/share/lslidar_msgs/environment/library_path.dsv
[105.795s] -- Symlinking: /home/ziczac/dev/skripsi_code/ros2_workspace/src/install/lslidar_msgs/include/lslidar_msgs/lslidar_msgs/msg/detail/lslidar_difop__rosidl_typesupport_fastrtps_c.h
[105.835s] -- Symlinking: /home/ziczac/dev/skripsi_code/ros2_workspace/src/install/lslidar_msgs/include/lslidar_msgs/lslidar_msgs/msg/detail/lslidar_packet__rosidl_typesupport_fastrtps_c.h
[105.886s] -- Symlinking: /home/ziczac/dev/skripsi_code/ros2_workspace/src/install/lslidar_msgs/include/lslidar_msgs/lslidar_msgs/msg/detail/lslidar_point__rosidl_typesupport_fastrtps_c.h
[105.929s] -- Symlinking: /home/ziczac/dev/skripsi_code/ros2_workspace/src/install/lslidar_msgs/include/lslidar_msgs/lslidar_msgs/msg/detail/lslidar_scan__rosidl_typesupport_fastrtps_c.h
[105.968s] -- Symlinking: /home/ziczac/dev/skripsi_code/ros2_workspace/src/install/lslidar_msgs/include/lslidar_msgs/lslidar_msgs/msg/detail/lslidar_sweep__rosidl_typesupport_fastrtps_c.h
[106.009s] -- Symlinking: /home/ziczac/dev/skripsi_code/ros2_workspace/src/install/lslidar_msgs/include/lslidar_msgs/lslidar_msgs/msg/rosidl_typesupport_fastrtps_c__visibility_control.h
[106.059s] -- Symlinking: /home/ziczac/dev/skripsi_code/ros2_workspace/src/install/lslidar_msgs/include/lslidar_msgs/lslidar_msgs/msg/detail/lslidar_difop__builder.hpp
[106.104s] -- Symlinking: /home/ziczac/dev/skripsi_code/ros2_workspace/src/install/lslidar_msgs/include/lslidar_msgs/lslidar_msgs/msg/detail/lslidar_difop__struct.hpp
[106.147s] -- Symlinking: /home/ziczac/dev/skripsi_code/ros2_workspace/src/install/lslidar_msgs/include/lslidar_msgs/lslidar_msgs/msg/detail/lslidar_difop__traits.hpp
[106.187s] -- Symlinking: /home/ziczac/dev/skripsi_code/ros2_workspace/src/install/lslidar_msgs/include/lslidar_msgs/lslidar_msgs/msg/detail/lslidar_packet__builder.hpp
[106.228s] -- Symlinking: /home/ziczac/dev/skripsi_code/ros2_workspace/src/install/lslidar_msgs/include/lslidar_msgs/lslidar_msgs/msg/detail/lslidar_packet__struct.hpp
[106.262s] -- Symlinking: /home/ziczac/dev/skripsi_code/ros2_workspace/src/install/lslidar_msgs/include/lslidar_msgs/lslidar_msgs/msg/detail/lslidar_packet__traits.hpp
[106.298s] -- Symlinking: /home/ziczac/dev/skripsi_code/ros2_workspace/src/install/lslidar_msgs/include/lslidar_msgs/lslidar_msgs/msg/detail/lslidar_point__builder.hpp
[106.330s] -- Symlinking: /home/ziczac/dev/skripsi_code/ros2_workspace/src/install/lslidar_msgs/include/lslidar_msgs/lslidar_msgs/msg/detail/lslidar_point__struct.hpp
[106.365s] -- Symlinking: /home/ziczac/dev/skripsi_code/ros2_workspace/src/install/lslidar_msgs/include/lslidar_msgs/lslidar_msgs/msg/detail/lslidar_point__traits.hpp
[106.397s] -- Symlinking: /home/ziczac/dev/skripsi_code/ros2_workspace/src/install/lslidar_msgs/include/lslidar_msgs/lslidar_msgs/msg/detail/lslidar_scan__builder.hpp
[106.435s] -- Symlinking: /home/ziczac/dev/skripsi_code/ros2_workspace/src/install/lslidar_msgs/include/lslidar_msgs/lslidar_msgs/msg/detail/lslidar_scan__struct.hpp
[106.477s] -- Symlinking: /home/ziczac/dev/skripsi_code/ros2_workspace/src/install/lslidar_msgs/include/lslidar_msgs/lslidar_msgs/msg/detail/lslidar_scan__traits.hpp
[106.513s] -- Symlinking: /home/ziczac/dev/skripsi_code/ros2_workspace/src/install/lslidar_msgs/include/lslidar_msgs/lslidar_msgs/msg/detail/lslidar_sweep__builder.hpp
[106.553s] -- Symlinking: /home/ziczac/dev/skripsi_code/ros2_workspace/src/install/lslidar_msgs/include/lslidar_msgs/lslidar_msgs/msg/detail/lslidar_sweep__struct.hpp
[106.592s] -- Symlinking: /home/ziczac/dev/skripsi_code/ros2_workspace/src/install/lslidar_msgs/include/lslidar_msgs/lslidar_msgs/msg/detail/lslidar_sweep__traits.hpp
[106.638s] -- Symlinking: /home/ziczac/dev/skripsi_code/ros2_workspace/src/install/lslidar_msgs/include/lslidar_msgs/lslidar_msgs/msg/lslidar_difop.hpp
[106.682s] -- Symlinking: /home/ziczac/dev/skripsi_code/ros2_workspace/src/install/lslidar_msgs/include/lslidar_msgs/lslidar_msgs/msg/lslidar_packet.hpp
[106.717s] -- Symlinking: /home/ziczac/dev/skripsi_code/ros2_workspace/src/install/lslidar_msgs/include/lslidar_msgs/lslidar_msgs/msg/lslidar_point.hpp
[106.750s] -- Symlinking: /home/ziczac/dev/skripsi_code/ros2_workspace/src/install/lslidar_msgs/include/lslidar_msgs/lslidar_msgs/msg/lslidar_scan.hpp
[106.780s] -- Symlinking: /home/ziczac/dev/skripsi_code/ros2_workspace/src/install/lslidar_msgs/include/lslidar_msgs/lslidar_msgs/msg/lslidar_sweep.hpp
[106.806s] -- Symlinking: /home/ziczac/dev/skripsi_code/ros2_workspace/src/install/lslidar_msgs/include/lslidar_msgs/lslidar_msgs/msg/detail/lslidar_difop__rosidl_typesupport_fastrtps_cpp.hpp
[106.835s] -- Symlinking: /home/ziczac/dev/skripsi_code/ros2_workspace/src/install/lslidar_msgs/include/lslidar_msgs/lslidar_msgs/msg/detail/lslidar_packet__rosidl_typesupport_fastrtps_cpp.hpp
[106.861s] -- Symlinking: /home/ziczac/dev/skripsi_code/ros2_workspace/src/install/lslidar_msgs/include/lslidar_msgs/lslidar_msgs/msg/detail/lslidar_point__rosidl_typesupport_fastrtps_cpp.hpp
[106.888s] -- Symlinking: /home/ziczac/dev/skripsi_code/ros2_workspace/src/install/lslidar_msgs/include/lslidar_msgs/lslidar_msgs/msg/detail/lslidar_scan__rosidl_typesupport_fastrtps_cpp.hpp
[106.919s] -- Symlinking: /home/ziczac/dev/skripsi_code/ros2_workspace/src/install/lslidar_msgs/include/lslidar_msgs/lslidar_msgs/msg/detail/lslidar_sweep__rosidl_typesupport_fastrtps_cpp.hpp
[106.952s] -- Symlinking: /home/ziczac/dev/skripsi_code/ros2_workspace/src/install/lslidar_msgs/include/lslidar_msgs/lslidar_msgs/msg/rosidl_typesupport_fastrtps_cpp__visibility_control.h
[106.985s] -- Symlinking: /home/ziczac/dev/skripsi_code/ros2_workspace/src/install/lslidar_msgs/include/lslidar_msgs/lslidar_msgs/msg/detail/lslidar_difop__rosidl_typesupport_introspection_c.h
[107.021s] -- Symlinking: /home/ziczac/dev/skripsi_code/ros2_workspace/src/install/lslidar_msgs/include/lslidar_msgs/lslidar_msgs/msg/detail/lslidar_packet__rosidl_typesupport_introspection_c.h
[107.061s] -- Symlinking: /home/ziczac/dev/skripsi_code/ros2_workspace/src/install/lslidar_msgs/include/lslidar_msgs/lslidar_msgs/msg/detail/lslidar_point__rosidl_typesupport_introspection_c.h
[107.101s] -- Symlinking: /home/ziczac/dev/skripsi_code/ros2_workspace/src/install/lslidar_msgs/include/lslidar_msgs/lslidar_msgs/msg/detail/lslidar_scan__rosidl_typesupport_introspection_c.h
[107.140s] -- Symlinking: /home/ziczac/dev/skripsi_code/ros2_workspace/src/install/lslidar_msgs/include/lslidar_msgs/lslidar_msgs/msg/detail/lslidar_sweep__rosidl_typesupport_introspection_c.h
[107.178s] -- Symlinking: /home/ziczac/dev/skripsi_code/ros2_workspace/src/install/lslidar_msgs/include/lslidar_msgs/lslidar_msgs/msg/rosidl_typesupport_introspection_c__visibility_control.h
[107.222s] -- Symlinking: /home/ziczac/dev/skripsi_code/ros2_workspace/src/install/lslidar_msgs/include/lslidar_msgs/lslidar_msgs/msg/detail/lslidar_difop__rosidl_typesupport_introspection_cpp.hpp
[107.264s] -- Symlinking: /home/ziczac/dev/skripsi_code/ros2_workspace/src/install/lslidar_msgs/include/lslidar_msgs/lslidar_msgs/msg/detail/lslidar_packet__rosidl_typesupport_introspection_cpp.hpp
[107.301s] -- Symlinking: /home/ziczac/dev/skripsi_code/ros2_workspace/src/install/lslidar_msgs/include/lslidar_msgs/lslidar_msgs/msg/detail/lslidar_point__rosidl_typesupport_introspection_cpp.hpp
[107.334s] -- Symlinking: /home/ziczac/dev/skripsi_code/ros2_workspace/src/install/lslidar_msgs/include/lslidar_msgs/lslidar_msgs/msg/detail/lslidar_scan__rosidl_typesupport_introspection_cpp.hpp
[107.367s] -- Symlinking: /home/ziczac/dev/skripsi_code/ros2_workspace/src/install/lslidar_msgs/include/lslidar_msgs/lslidar_msgs/msg/detail/lslidar_sweep__rosidl_typesupport_introspection_cpp.hpp
[107.399s] -- Symlinking: /home/ziczac/dev/skripsi_code/ros2_workspace/src/install/lslidar_msgs/share/lslidar_msgs/environment/pythonpath.sh
[107.435s] -- Symlinking: /home/ziczac/dev/skripsi_code/ros2_workspace/src/install/lslidar_msgs/share/lslidar_msgs/environment/pythonpath.dsv
[107.469s] -- Symlinking: /home/ziczac/dev/skripsi_code/ros2_workspace/src/install/lslidar_msgs/local/lib/python3.10/dist-packages/lslidar_msgs-1.2.0-py3.10.egg-info/PKG-INFO
[107.504s] -- Symlinking: /home/ziczac/dev/skripsi_code/ros2_workspace/src/install/lslidar_msgs/local/lib/python3.10/dist-packages/lslidar_msgs-1.2.0-py3.10.egg-info/SOURCES.txt
[107.547s] -- Symlinking: /home/ziczac/dev/skripsi_code/ros2_workspace/src/install/lslidar_msgs/local/lib/python3.10/dist-packages/lslidar_msgs-1.2.0-py3.10.egg-info/dependency_links.txt
[107.585s] -- Symlinking: /home/ziczac/dev/skripsi_code/ros2_workspace/src/install/lslidar_msgs/local/lib/python3.10/dist-packages/lslidar_msgs-1.2.0-py3.10.egg-info/top_level.txt
[107.628s] -- Symlinking: /home/ziczac/dev/skripsi_code/ros2_workspace/src/install/lslidar_msgs/local/lib/python3.10/dist-packages/lslidar_msgs/__init__.py
[107.670s] -- Symlinking: /home/ziczac/dev/skripsi_code/ros2_workspace/src/install/lslidar_msgs/local/lib/python3.10/dist-packages/lslidar_msgs/_lslidar_msgs_s.ep.rosidl_typesupport_c.c
[107.713s] -- Symlinking: /home/ziczac/dev/skripsi_code/ros2_workspace/src/install/lslidar_msgs/local/lib/python3.10/dist-packages/lslidar_msgs/_lslidar_msgs_s.ep.rosidl_typesupport_fastrtps_c.c
[107.753s] -- Symlinking: /home/ziczac/dev/skripsi_code/ros2_workspace/src/install/lslidar_msgs/local/lib/python3.10/dist-packages/lslidar_msgs/_lslidar_msgs_s.ep.rosidl_typesupport_introspection_c.c
[107.791s] -- Symlinking: /home/ziczac/dev/skripsi_code/ros2_workspace/src/install/lslidar_msgs/local/lib/python3.10/dist-packages/lslidar_msgs/liblslidar_msgs__rosidl_generator_py.so
[107.831s] -- Symlinking: /home/ziczac/dev/skripsi_code/ros2_workspace/src/install/lslidar_msgs/local/lib/python3.10/dist-packages/lslidar_msgs/lslidar_msgs_s__rosidl_typesupport_c.cpython-310-x86_64-linux-gnu.so
[107.872s] -- Symlinking: /home/ziczac/dev/skripsi_code/ros2_workspace/src/install/lslidar_msgs/local/lib/python3.10/dist-packages/lslidar_msgs/lslidar_msgs_s__rosidl_typesupport_fastrtps_c.cpython-310-x86_64-linux-gnu.so
[107.915s] -- Symlinking: /home/ziczac/dev/skripsi_code/ros2_workspace/src/install/lslidar_msgs/local/lib/python3.10/dist-packages/lslidar_msgs/lslidar_msgs_s__rosidl_typesupport_introspection_c.cpython-310-x86_64-linux-gnu.so
[107.955s] -- Symlinking: /home/ziczac/dev/skripsi_code/ros2_workspace/src/install/lslidar_msgs/local/lib/python3.10/dist-packages/lslidar_msgs/msg/__init__.py
[107.994s] -- Symlinking: /home/ziczac/dev/skripsi_code/ros2_workspace/src/install/lslidar_msgs/local/lib/python3.10/dist-packages/lslidar_msgs/msg/_lslidar_difop.py
[108.033s] -- Symlinking: /home/ziczac/dev/skripsi_code/ros2_workspace/src/install/lslidar_msgs/local/lib/python3.10/dist-packages/lslidar_msgs/msg/_lslidar_difop_s.c
[108.076s] -- Symlinking: /home/ziczac/dev/skripsi_code/ros2_workspace/src/install/lslidar_msgs/local/lib/python3.10/dist-packages/lslidar_msgs/msg/_lslidar_packet.py
[108.119s] -- Symlinking: /home/ziczac/dev/skripsi_code/ros2_workspace/src/install/lslidar_msgs/local/lib/python3.10/dist-packages/lslidar_msgs/msg/_lslidar_packet_s.c
[108.153s] -- Symlinking: /home/ziczac/dev/skripsi_code/ros2_workspace/src/install/lslidar_msgs/local/lib/python3.10/dist-packages/lslidar_msgs/msg/_lslidar_point.py
[108.190s] -- Symlinking: /home/ziczac/dev/skripsi_code/ros2_workspace/src/install/lslidar_msgs/local/lib/python3.10/dist-packages/lslidar_msgs/msg/_lslidar_point_s.c
[108.228s] -- Symlinking: /home/ziczac/dev/skripsi_code/ros2_workspace/src/install/lslidar_msgs/local/lib/python3.10/dist-packages/lslidar_msgs/msg/_lslidar_scan.py
[108.271s] -- Symlinking: /home/ziczac/dev/skripsi_code/ros2_workspace/src/install/lslidar_msgs/local/lib/python3.10/dist-packages/lslidar_msgs/msg/_lslidar_scan_s.c
[108.310s] -- Symlinking: /home/ziczac/dev/skripsi_code/ros2_workspace/src/install/lslidar_msgs/local/lib/python3.10/dist-packages/lslidar_msgs/msg/_lslidar_sweep.py
[108.354s] -- Symlinking: /home/ziczac/dev/skripsi_code/ros2_workspace/src/install/lslidar_msgs/local/lib/python3.10/dist-packages/lslidar_msgs/msg/_lslidar_sweep_s.c
[108.393s] -- Up-to-date symlink: /home/ziczac/dev/skripsi_code/ros2_workspace/src/install/lslidar_msgs/local/lib/python3.10/dist-packages/lslidar_msgs/lslidar_msgs_s__rosidl_typesupport_fastrtps_c.cpython-310-x86_64-linux-gnu.so
[108.395s] -- Up-to-date symlink: /home/ziczac/dev/skripsi_code/ros2_workspace/src/install/lslidar_msgs/local/lib/python3.10/dist-packages/lslidar_msgs/lslidar_msgs_s__rosidl_typesupport_introspection_c.cpython-310-x86_64-linux-gnu.so
[108.404s] -- Up-to-date symlink: /home/ziczac/dev/skripsi_code/ros2_workspace/src/install/lslidar_msgs/local/lib/python3.10/dist-packages/lslidar_msgs/lslidar_msgs_s__rosidl_typesupport_c.cpython-310-x86_64-linux-gnu.so
[108.404s] -- Symlinking: /home/ziczac/dev/skripsi_code/ros2_workspace/src/install/lslidar_msgs/share/lslidar_msgs/msg/LslidarDifop.idl
[108.441s] -- Symlinking: /home/ziczac/dev/skripsi_code/ros2_workspace/src/install/lslidar_msgs/share/lslidar_msgs/msg/LslidarPacket.idl
[108.481s] -- Symlinking: /home/ziczac/dev/skripsi_code/ros2_workspace/src/install/lslidar_msgs/share/lslidar_msgs/msg/LslidarPoint.idl
[108.516s] -- Symlinking: /home/ziczac/dev/skripsi_code/ros2_workspace/src/install/lslidar_msgs/share/lslidar_msgs/msg/LslidarScan.idl
[108.554s] -- Symlinking: /home/ziczac/dev/skripsi_code/ros2_workspace/src/install/lslidar_msgs/share/lslidar_msgs/msg/LslidarSweep.idl
[108.590s] -- Symlinking: /home/ziczac/dev/skripsi_code/ros2_workspace/src/install/lslidar_msgs/share/lslidar_msgs/msg/LslidarDifop.msg
[108.629s] -- Symlinking: /home/ziczac/dev/skripsi_code/ros2_workspace/src/install/lslidar_msgs/share/lslidar_msgs/msg/LslidarPacket.msg
[108.664s] -- Symlinking: /home/ziczac/dev/skripsi_code/ros2_workspace/src/install/lslidar_msgs/share/lslidar_msgs/msg/LslidarPoint.msg
[108.702s] -- Symlinking: /home/ziczac/dev/skripsi_code/ros2_workspace/src/install/lslidar_msgs/share/lslidar_msgs/msg/LslidarScan.msg
[108.741s] -- Symlinking: /home/ziczac/dev/skripsi_code/ros2_workspace/src/install/lslidar_msgs/share/lslidar_msgs/msg/LslidarSweep.msg
[108.779s] -- Symlinking: /home/ziczac/dev/skripsi_code/ros2_workspace/src/install/lslidar_msgs/share/ament_index/resource_index/package_run_dependencies/lslidar_msgs
[108.817s] -- Symlinking: /home/ziczac/dev/skripsi_code/ros2_workspace/src/install/lslidar_msgs/share/ament_index/resource_index/parent_prefix_path/lslidar_msgs
[108.856s] -- Symlinking: /home/ziczac/dev/skripsi_code/ros2_workspace/src/install/lslidar_msgs/share/lslidar_msgs/environment/ament_prefix_path.sh
[108.894s] -- Symlinking: /home/ziczac/dev/skripsi_code/ros2_workspace/src/install/lslidar_msgs/share/lslidar_msgs/environment/ament_prefix_path.dsv
[108.931s] -- Symlinking: /home/ziczac/dev/skripsi_code/ros2_workspace/src/install/lslidar_msgs/share/lslidar_msgs/environment/path.sh
[108.971s] -- Symlinking: /home/ziczac/dev/skripsi_code/ros2_workspace/src/install/lslidar_msgs/share/lslidar_msgs/environment/path.dsv
[109.014s] -- Symlinking: /home/ziczac/dev/skripsi_code/ros2_workspace/src/install/lslidar_msgs/share/lslidar_msgs/local_setup.bash
[109.050s] -- Symlinking: /home/ziczac/dev/skripsi_code/ros2_workspace/src/install/lslidar_msgs/share/lslidar_msgs/local_setup.sh
[109.091s] -- Symlinking: /home/ziczac/dev/skripsi_code/ros2_workspace/src/install/lslidar_msgs/share/lslidar_msgs/local_setup.zsh
[109.131s] -- Symlinking: /home/ziczac/dev/skripsi_code/ros2_workspace/src/install/lslidar_msgs/share/lslidar_msgs/local_setup.dsv
[109.170s] -- Symlinking: /home/ziczac/dev/skripsi_code/ros2_workspace/src/install/lslidar_msgs/share/lslidar_msgs/package.dsv
[109.204s] -- Symlinking: /home/ziczac/dev/skripsi_code/ros2_workspace/src/install/lslidar_msgs/share/ament_index/resource_index/packages/lslidar_msgs
[109.248s] -- Symlinking: /home/ziczac/dev/skripsi_code/ros2_workspace/src/install/lslidar_msgs/share/lslidar_msgs/cmake/rosidl_cmake-extras.cmake
[109.279s] -- Symlinking: /home/ziczac/dev/skripsi_code/ros2_workspace/src/install/lslidar_msgs/share/lslidar_msgs/cmake/ament_cmake_export_dependencies-extras.cmake
[109.316s] -- Symlinking: /home/ziczac/dev/skripsi_code/ros2_workspace/src/install/lslidar_msgs/share/lslidar_msgs/cmake/ament_cmake_export_include_directories-extras.cmake
[109.358s] -- Symlinking: /home/ziczac/dev/skripsi_code/ros2_workspace/src/install/lslidar_msgs/share/lslidar_msgs/cmake/ament_cmake_export_libraries-extras.cmake
[109.401s] -- Symlinking: /home/ziczac/dev/skripsi_code/ros2_workspace/src/install/lslidar_msgs/share/lslidar_msgs/cmake/ament_cmake_export_targets-extras.cmake
[109.445s] -- Symlinking: /home/ziczac/dev/skripsi_code/ros2_workspace/src/install/lslidar_msgs/share/lslidar_msgs/cmake/rosidl_cmake_export_typesupport_targets-extras.cmake
[109.490s] -- Symlinking: /home/ziczac/dev/skripsi_code/ros2_workspace/src/install/lslidar_msgs/share/lslidar_msgs/cmake/rosidl_cmake_export_typesupport_libraries-extras.cmake
[109.534s] -- Symlinking: /home/ziczac/dev/skripsi_code/ros2_workspace/src/install/lslidar_msgs/share/lslidar_msgs/cmake/lslidar_msgsConfig.cmake
[109.575s] -- Symlinking: /home/ziczac/dev/skripsi_code/ros2_workspace/src/install/lslidar_msgs/share/lslidar_msgs/cmake/lslidar_msgsConfig-version.cmake
[109.618s] -- Symlinking: /home/ziczac/dev/skripsi_code/ros2_workspace/src/install/lslidar_msgs/share/lslidar_msgs/package.xml
[109.657s] -- Installing: /home/ziczac/dev/skripsi_code/ros2_workspace/src/install/lslidar_msgs/lib/liblslidar_msgs__rosidl_generator_c.so
[109.659s] -- Set runtime path of "/home/ziczac/dev/skripsi_code/ros2_workspace/src/install/lslidar_msgs/lib/liblslidar_msgs__rosidl_generator_c.so" to ""
[109.660s] -- Installing: /home/ziczac/dev/skripsi_code/ros2_workspace/src/install/lslidar_msgs/lib/liblslidar_msgs__rosidl_typesupport_fastrtps_c.so
[109.662s] -- Set runtime path of "/home/ziczac/dev/skripsi_code/ros2_workspace/src/install/lslidar_msgs/lib/liblslidar_msgs__rosidl_typesupport_fastrtps_c.so" to ""
[109.662s] -- Installing: /home/ziczac/dev/skripsi_code/ros2_workspace/src/install/lslidar_msgs/lib/liblslidar_msgs__rosidl_typesupport_fastrtps_cpp.so
[109.664s] -- Set runtime path of "/home/ziczac/dev/skripsi_code/ros2_workspace/src/install/lslidar_msgs/lib/liblslidar_msgs__rosidl_typesupport_fastrtps_cpp.so" to ""
[109.665s] -- Installing: /home/ziczac/dev/skripsi_code/ros2_workspace/src/install/lslidar_msgs/lib/liblslidar_msgs__rosidl_typesupport_introspection_c.so
[109.667s] -- Set runtime path of "/home/ziczac/dev/skripsi_code/ros2_workspace/src/install/lslidar_msgs/lib/liblslidar_msgs__rosidl_typesupport_introspection_c.so" to ""
[109.668s] -- Installing: /home/ziczac/dev/skripsi_code/ros2_workspace/src/install/lslidar_msgs/lib/liblslidar_msgs__rosidl_typesupport_c.so
[109.670s] -- Set runtime path of "/home/ziczac/dev/skripsi_code/ros2_workspace/src/install/lslidar_msgs/lib/liblslidar_msgs__rosidl_typesupport_c.so" to ""
[109.671s] -- Installing: /home/ziczac/dev/skripsi_code/ros2_workspace/src/install/lslidar_msgs/lib/liblslidar_msgs__rosidl_typesupport_introspection_cpp.so
[109.672s] -- Set runtime path of "/home/ziczac/dev/skripsi_code/ros2_workspace/src/install/lslidar_msgs/lib/liblslidar_msgs__rosidl_typesupport_introspection_cpp.so" to ""
[109.673s] -- Installing: /home/ziczac/dev/skripsi_code/ros2_workspace/src/install/lslidar_msgs/lib/liblslidar_msgs__rosidl_typesupport_cpp.so
[109.675s] -- Set runtime path of "/home/ziczac/dev/skripsi_code/ros2_workspace/src/install/lslidar_msgs/lib/liblslidar_msgs__rosidl_typesupport_cpp.so" to ""
[109.886s] Listing '/home/ziczac/dev/skripsi_code/ros2_workspace/src/install/lslidar_msgs/local/lib/python3.10/dist-packages/lslidar_msgs'...
[109.887s] Compiling '/home/ziczac/dev/skripsi_code/ros2_workspace/src/install/lslidar_msgs/local/lib/python3.10/dist-packages/lslidar_msgs/__init__.py'...
[109.888s] Listing '/home/ziczac/dev/skripsi_code/ros2_workspace/src/install/lslidar_msgs/local/lib/python3.10/dist-packages/lslidar_msgs/msg'...
[109.888s] Compiling '/home/ziczac/dev/skripsi_code/ros2_workspace/src/install/lslidar_msgs/local/lib/python3.10/dist-packages/lslidar_msgs/msg/__init__.py'...
[109.889s] Compiling '/home/ziczac/dev/skripsi_code/ros2_workspace/src/install/lslidar_msgs/local/lib/python3.10/dist-packages/lslidar_msgs/msg/_lslidar_difop.py'...
[109.889s] Compiling '/home/ziczac/dev/skripsi_code/ros2_workspace/src/install/lslidar_msgs/local/lib/python3.10/dist-packages/lslidar_msgs/msg/_lslidar_packet.py'...
[109.890s] Compiling '/home/ziczac/dev/skripsi_code/ros2_workspace/src/install/lslidar_msgs/local/lib/python3.10/dist-packages/lslidar_msgs/msg/_lslidar_point.py'...
[109.890s] Compiling '/home/ziczac/dev/skripsi_code/ros2_workspace/src/install/lslidar_msgs/local/lib/python3.10/dist-packages/lslidar_msgs/msg/_lslidar_scan.py'...
[109.890s] Compiling '/home/ziczac/dev/skripsi_code/ros2_workspace/src/install/lslidar_msgs/local/lib/python3.10/dist-packages/lslidar_msgs/msg/_lslidar_sweep.py'...
[109.906s] -- Installing: /home/ziczac/dev/skripsi_code/ros2_workspace/src/install/lslidar_msgs/lib/liblslidar_msgs__rosidl_generator_py.so
[109.909s] -- Set runtime path of "/home/ziczac/dev/skripsi_code/ros2_workspace/src/install/lslidar_msgs/lib/liblslidar_msgs__rosidl_generator_py.so" to ""
[109.909s] -- Installing: /home/ziczac/dev/skripsi_code/ros2_workspace/src/install/lslidar_msgs/share/lslidar_msgs/cmake/export_lslidar_msgs__rosidl_generator_cExport.cmake
[109.910s] -- Installing: /home/ziczac/dev/skripsi_code/ros2_workspace/src/install/lslidar_msgs/share/lslidar_msgs/cmake/export_lslidar_msgs__rosidl_generator_cExport-noconfig.cmake
[109.910s] -- Installing: /home/ziczac/dev/skripsi_code/ros2_workspace/src/install/lslidar_msgs/share/lslidar_msgs/cmake/export_lslidar_msgs__rosidl_typesupport_fastrtps_cExport.cmake
[109.911s] -- Installing: /home/ziczac/dev/skripsi_code/ros2_workspace/src/install/lslidar_msgs/share/lslidar_msgs/cmake/export_lslidar_msgs__rosidl_typesupport_fastrtps_cExport-noconfig.cmake
[109.912s] -- Installing: /home/ziczac/dev/skripsi_code/ros2_workspace/src/install/lslidar_msgs/share/lslidar_msgs/cmake/export_lslidar_msgs__rosidl_generator_cppExport.cmake
[109.912s] -- Installing: /home/ziczac/dev/skripsi_code/ros2_workspace/src/install/lslidar_msgs/share/lslidar_msgs/cmake/export_lslidar_msgs__rosidl_typesupport_fastrtps_cppExport.cmake
[109.913s] -- Installing: /home/ziczac/dev/skripsi_code/ros2_workspace/src/install/lslidar_msgs/share/lslidar_msgs/cmake/export_lslidar_msgs__rosidl_typesupport_fastrtps_cppExport-noconfig.cmake
[109.914s] -- Installing: /home/ziczac/dev/skripsi_code/ros2_workspace/src/install/lslidar_msgs/share/lslidar_msgs/cmake/lslidar_msgs__rosidl_typesupport_introspection_cExport.cmake
[109.914s] -- Installing: /home/ziczac/dev/skripsi_code/ros2_workspace/src/install/lslidar_msgs/share/lslidar_msgs/cmake/lslidar_msgs__rosidl_typesupport_introspection_cExport-noconfig.cmake
[109.915s] -- Installing: /home/ziczac/dev/skripsi_code/ros2_workspace/src/install/lslidar_msgs/share/lslidar_msgs/cmake/lslidar_msgs__rosidl_typesupport_cExport.cmake
[109.916s] -- Installing: /home/ziczac/dev/skripsi_code/ros2_workspace/src/install/lslidar_msgs/share/lslidar_msgs/cmake/lslidar_msgs__rosidl_typesupport_cExport-noconfig.cmake
[109.918s] -- Installing: /home/ziczac/dev/skripsi_code/ros2_workspace/src/install/lslidar_msgs/share/lslidar_msgs/cmake/lslidar_msgs__rosidl_typesupport_introspection_cppExport.cmake
[109.918s] -- Installing: /home/ziczac/dev/skripsi_code/ros2_workspace/src/install/lslidar_msgs/share/lslidar_msgs/cmake/lslidar_msgs__rosidl_typesupport_introspection_cppExport-noconfig.cmake
[109.919s] -- Installing: /home/ziczac/dev/skripsi_code/ros2_workspace/src/install/lslidar_msgs/share/lslidar_msgs/cmake/lslidar_msgs__rosidl_typesupport_cppExport.cmake
[109.920s] -- Installing: /home/ziczac/dev/skripsi_code/ros2_workspace/src/install/lslidar_msgs/share/lslidar_msgs/cmake/lslidar_msgs__rosidl_typesupport_cppExport-noconfig.cmake
[109.921s] -- Installing: /home/ziczac/dev/skripsi_code/ros2_workspace/src/install/lslidar_msgs/share/lslidar_msgs/cmake/export_lslidar_msgs__rosidl_generator_pyExport.cmake
[109.922s] -- Installing: /home/ziczac/dev/skripsi_code/ros2_workspace/src/install/lslidar_msgs/share/lslidar_msgs/cmake/export_lslidar_msgs__rosidl_generator_pyExport-noconfig.cmake
[109.933s] Invoked command in '/home/ziczac/dev/skripsi_code/ros2_workspace/src/build/lslidar_msgs' returned '0': CMAKE_PREFIX_PATH=${CMAKE_PREFIX_PATH}:/home/ziczac/dev/skripsi_code/ros2_workspace/install/motor:/home/ziczac/dev/skripsi_code/ros2_workspace/install/gui:/home/ziczac/dev/skripsi_code/ros2_workspace/install/rosboard:/home/ziczac/dev/skripsi_code/ros2_workspace/install/log_odds_map:/home/ziczac/dev/skripsi_code/ros2_workspace/install/diff_drive:/opt/ros/humble /usr/bin/cmake --install /home/ziczac/dev/skripsi_code/ros2_workspace/src/build/lslidar_msgs
