[6.861s] Invoking command in '/home/ziczac/dev/skripsi_code/ros2_workspace/build/gui': PYTHONPATH=/home/ziczac/dev/skripsi_code/ros2_workspace/build/gui/prefix_override:/home/ziczac/dev/skripsi_code/ros2_workspace/install/gui/lib/python3.10/site-packages:${PYTHONPATH} /usr/bin/python3 setup.py develop --editable --build-directory /home/ziczac/dev/skripsi_code/ros2_workspace/build/gui/build --no-deps install_data
[7.741s] running develop
[7.741s] /home/ziczac/.local/lib/python3.10/site-packages/setuptools/command/develop.py:40: EasyInstallDeprecationWarning: easy_install command is deprecated.
[7.742s] !!
[7.742s] 
[7.742s]         ********************************************************************************
[7.742s]         Please avoid running ``setup.py`` and ``easy_install``.
[7.743s]         Instead, use pypa/build, pypa/installer or other
[7.743s]         standards-based tools.
[7.743s] 
[7.743s]         See https://github.com/pypa/setuptools/issues/917 for details.
[7.744s]         ********************************************************************************
[7.744s] 
[7.744s] !!
[7.745s]   easy_install.initialize_options(self)
[7.855s] /home/ziczac/.local/lib/python3.10/site-packages/setuptools/_distutils/cmd.py:66: SetuptoolsDeprecationWarning: setup.py install is deprecated.
[7.855s] !!
[7.856s] 
[7.856s]         ********************************************************************************
[7.857s]         Please avoid running ``setup.py`` directly.
[7.861s]         Instead, use pypa/build, pypa/installer or other
[7.861s]         standards-based tools.
[7.862s] 
[7.862s]         See https://blog.ganssle.io/articles/2021/10/setup-py-deprecated.html for details.
[7.862s]         ********************************************************************************
[7.863s] 
[7.863s] !!
[7.863s]   self.initialize_options()
[8.388s] running egg_info
[8.469s] writing gui.egg-info/PKG-INFO
[8.469s] writing dependency_links to gui.egg-info/dependency_links.txt
[8.470s] writing entry points to gui.egg-info/entry_points.txt
[8.470s] writing requirements to gui.egg-info/requires.txt
[8.471s] writing top-level names to gui.egg-info/top_level.txt
[8.581s] reading manifest file 'gui.egg-info/SOURCES.txt'
[8.582s] writing manifest file 'gui.egg-info/SOURCES.txt'
[8.625s] running build_ext
[8.625s] Creating /home/ziczac/dev/skripsi_code/ros2_workspace/install/gui/lib/python3.10/site-packages/gui.egg-link (link to .)
[8.626s] Installing gui_control script to /home/ziczac/dev/skripsi_code/ros2_workspace/install/gui/lib/gui
[8.627s] 
[8.627s] Installed /home/ziczac/dev/skripsi_code/ros2_workspace/build/gui
[8.627s] running install_data
[8.627s] copying resource/gui -> /home/ziczac/dev/skripsi_code/ros2_workspace/install/gui/share/ament_index/resource_index/packages
[8.628s] copying package.xml -> /home/ziczac/dev/skripsi_code/ros2_workspace/install/gui/share/gui
[8.698s] Invoked command in '/home/ziczac/dev/skripsi_code/ros2_workspace/build/gui' returned '0': PYTHONPATH=/home/ziczac/dev/skripsi_code/ros2_workspace/build/gui/prefix_override:/home/ziczac/dev/skripsi_code/ros2_workspace/install/gui/lib/python3.10/site-packages:${PYTHONPATH} /usr/bin/python3 setup.py develop --editable --build-directory /home/ziczac/dev/skripsi_code/ros2_workspace/build/gui/build --no-deps install_data
