[15.117s] Invoking command in '/home/ziczac/dev/skripsi_code/ros2_workspace/src/build/log_odds_map': PYTHONPATH=/home/ziczac/dev/skripsi_code/ros2_workspace/src/build/log_odds_map/prefix_override:/home/ziczac/dev/skripsi_code/ros2_workspace/src/install/log_odds_map/lib/python3.10/site-packages:${PYTHONPATH} /usr/bin/python3 -W ignore:setup.py install is deprecated setup.py develop --editable --build-directory /home/ziczac/dev/skripsi_code/ros2_workspace/src/build/log_odds_map/build --no-deps symlink_data
[18.310s] running develop
[21.141s] running egg_info
[21.141s] creating log_odds_map.egg-info
[21.150s] writing log_odds_map.egg-info/PKG-INFO
[21.152s] writing dependency_links to log_odds_map.egg-info/dependency_links.txt
[21.153s] writing entry points to log_odds_map.egg-info/entry_points.txt
[21.155s] writing requirements to log_odds_map.egg-info/requires.txt
[21.156s] writing top-level names to log_odds_map.egg-info/top_level.txt
[21.159s] writing manifest file 'log_odds_map.egg-info/SOURCES.txt'
[21.169s] reading manifest file 'log_odds_map.egg-info/SOURCES.txt'
[21.176s] writing manifest file 'log_odds_map.egg-info/SOURCES.txt'
[21.186s] running build_ext
[21.188s] Creating /home/ziczac/dev/skripsi_code/ros2_workspace/src/install/log_odds_map/lib/python3.10/site-packages/log-odds-map.egg-link (link to .)
[21.204s] Installing occ_map script to /home/ziczac/dev/skripsi_code/ros2_workspace/src/install/log_odds_map/lib/log_odds_map
[21.204s] 
[21.204s] Installed /home/ziczac/dev/skripsi_code/ros2_workspace/src/build/log_odds_map
[21.205s] running symlink_data
[21.205s] creating /home/ziczac/dev/skripsi_code/ros2_workspace/src/install/log_odds_map/share/ament_index
[21.209s] creating /home/ziczac/dev/skripsi_code/ros2_workspace/src/install/log_odds_map/share/ament_index/resource_index
[21.210s] creating /home/ziczac/dev/skripsi_code/ros2_workspace/src/install/log_odds_map/share/ament_index/resource_index/packages
[21.215s] symbolically linking /home/ziczac/dev/skripsi_code/ros2_workspace/src/build/log_odds_map/resource/log_odds_map -> /home/ziczac/dev/skripsi_code/ros2_workspace/src/install/log_odds_map/share/ament_index/resource_index/packages
[21.216s] symbolically linking /home/ziczac/dev/skripsi_code/ros2_workspace/src/build/log_odds_map/package.xml -> /home/ziczac/dev/skripsi_code/ros2_workspace/src/install/log_odds_map/share/log_odds_map
[21.508s] Invoked command in '/home/ziczac/dev/skripsi_code/ros2_workspace/src/build/log_odds_map' returned '0': PYTHONPATH=/home/ziczac/dev/skripsi_code/ros2_workspace/src/build/log_odds_map/prefix_override:/home/ziczac/dev/skripsi_code/ros2_workspace/src/install/log_odds_map/lib/python3.10/site-packages:${PYTHONPATH} /usr/bin/python3 -W ignore:setup.py install is deprecated setup.py develop --editable --build-directory /home/ziczac/dev/skripsi_code/ros2_workspace/src/build/log_odds_map/build --no-deps symlink_data
