[9.121s] Invoking command in '/home/ziczac/dev/skripsi_code/ros2_workspace/build/diff_drive': PYTHONPATH=/home/ziczac/dev/skripsi_code/ros2_workspace/build/diff_drive/prefix_override:/home/ziczac/dev/skripsi_code/ros2_workspace/install/diff_drive/lib/python3.10/site-packages:${PYTHONPATH} /usr/bin/python3 setup.py develop --uninstall --editable --build-directory /home/ziczac/dev/skripsi_code/ros2_workspace/build/diff_drive/build
[9.842s] running develop
[10.476s] Removing /home/ziczac/dev/skripsi_code/ros2_workspace/install/diff_drive/lib/python3.10/site-packages/diff-drive.egg-link (link to .)
[10.620s] Invoked command in '/home/ziczac/dev/skripsi_code/ros2_workspace/build/diff_drive' returned '0': PYTHONPATH=/home/ziczac/dev/skripsi_code/ros2_workspace/build/diff_drive/prefix_override:/home/ziczac/dev/skripsi_code/ros2_workspace/install/diff_drive/lib/python3.10/site-packages:${PYTHONPATH} /usr/bin/python3 setup.py develop --uninstall --editable --build-directory /home/ziczac/dev/skripsi_code/ros2_workspace/build/diff_drive/build
[10.625s] Invoking command in '/home/ziczac/dev/skripsi_code/ros2_workspace/src/diff_drive': PYTHONPATH=/home/ziczac/dev/skripsi_code/ros2_workspace/build/diff_drive/prefix_override:/home/ziczac/dev/skripsi_code/ros2_workspace/install/diff_drive/lib/python3.10/site-packages:${PYTHONPATH} /usr/bin/python3 setup.py egg_info --egg-base ../../build/diff_drive build --build-base /home/ziczac/dev/skripsi_code/ros2_workspace/build/diff_drive/build install --record /home/ziczac/dev/skripsi_code/ros2_workspace/build/diff_drive/install.log --single-version-externally-managed
[11.686s] running egg_info
[11.687s] writing ../../build/diff_drive/diff_drive.egg-info/PKG-INFO
[11.688s] writing dependency_links to ../../build/diff_drive/diff_drive.egg-info/dependency_links.txt
[11.688s] writing entry points to ../../build/diff_drive/diff_drive.egg-info/entry_points.txt
[11.689s] writing requirements to ../../build/diff_drive/diff_drive.egg-info/requires.txt
[11.689s] writing top-level names to ../../build/diff_drive/diff_drive.egg-info/top_level.txt
[11.695s] reading manifest file '../../build/diff_drive/diff_drive.egg-info/SOURCES.txt'
[11.720s] writing manifest file '../../build/diff_drive/diff_drive.egg-info/SOURCES.txt'
[11.720s] running build
[11.721s] running build_py
[11.721s] creating /home/ziczac/dev/skripsi_code/ros2_workspace/build/diff_drive/build
[11.721s] creating /home/ziczac/dev/skripsi_code/ros2_workspace/build/diff_drive/build/lib
[11.722s] creating /home/ziczac/dev/skripsi_code/ros2_workspace/build/diff_drive/build/lib/diff_drive
[11.722s] copying diff_drive/robot_model.py -> /home/ziczac/dev/skripsi_code/ros2_workspace/build/diff_drive/build/lib/diff_drive
[11.722s] copying diff_drive/__init__.py -> /home/ziczac/dev/skripsi_code/ros2_workspace/build/diff_drive/build/lib/diff_drive
[11.722s] running install
[11.723s] running install_lib
[11.725s] creating /home/ziczac/dev/skripsi_code/ros2_workspace/install/diff_drive/lib/python3.10/site-packages/diff_drive
[11.725s] copying /home/ziczac/dev/skripsi_code/ros2_workspace/build/diff_drive/build/lib/diff_drive/robot_model.py -> /home/ziczac/dev/skripsi_code/ros2_workspace/install/diff_drive/lib/python3.10/site-packages/diff_drive
[11.725s] copying /home/ziczac/dev/skripsi_code/ros2_workspace/build/diff_drive/build/lib/diff_drive/__init__.py -> /home/ziczac/dev/skripsi_code/ros2_workspace/install/diff_drive/lib/python3.10/site-packages/diff_drive
[11.726s] byte-compiling /home/ziczac/dev/skripsi_code/ros2_workspace/install/diff_drive/lib/python3.10/site-packages/diff_drive/robot_model.py to robot_model.cpython-310.pyc
[11.729s] byte-compiling /home/ziczac/dev/skripsi_code/ros2_workspace/install/diff_drive/lib/python3.10/site-packages/diff_drive/__init__.py to __init__.cpython-310.pyc
[11.729s] running install_data
[11.731s] running install_egg_info
[11.735s] Copying ../../build/diff_drive/diff_drive.egg-info to /home/ziczac/dev/skripsi_code/ros2_workspace/install/diff_drive/lib/python3.10/site-packages/diff_drive-0.0.0-py3.10.egg-info
[11.738s] running install_scripts
[11.785s] Installing diff_drive_model script to /home/ziczac/dev/skripsi_code/ros2_workspace/install/diff_drive/lib/diff_drive
[11.785s] writing list of installed files to '/home/ziczac/dev/skripsi_code/ros2_workspace/build/diff_drive/install.log'
[11.906s] Invoked command in '/home/ziczac/dev/skripsi_code/ros2_workspace/src/diff_drive' returned '0': PYTHONPATH=/home/ziczac/dev/skripsi_code/ros2_workspace/build/diff_drive/prefix_override:/home/ziczac/dev/skripsi_code/ros2_workspace/install/diff_drive/lib/python3.10/site-packages:${PYTHONPATH} /usr/bin/python3 setup.py egg_info --egg-base ../../build/diff_drive build --build-base /home/ziczac/dev/skripsi_code/ros2_workspace/build/diff_drive/build install --record /home/ziczac/dev/skripsi_code/ros2_workspace/build/diff_drive/install.log --single-version-externally-managed
