[7.876s] Invoking command in '/home/ziczac/dev/skripsi_code/ros2_workspace/build/mapping': PYTHONPATH=/home/ziczac/dev/skripsi_code/ros2_workspace/build/mapping/prefix_override:/home/ziczac/dev/skripsi_code/ros2_workspace/install/mapping/lib/python3.10/site-packages:${PYTHONPATH} /usr/bin/python3 -W ignore:setup.py install is deprecated setup.py develop --editable --build-directory /home/ziczac/dev/skripsi_code/ros2_workspace/build/mapping/build --no-deps symlink_data
[9.352s] running develop
[10.537s] running egg_info
[10.537s] creating mapping.egg-info
[10.541s] writing mapping.egg-info/PKG-INFO
[10.543s] writing dependency_links to mapping.egg-info/dependency_links.txt
[10.543s] writing entry points to mapping.egg-info/entry_points.txt
[10.543s] writing requirements to mapping.egg-info/requires.txt
[10.543s] writing top-level names to mapping.egg-info/top_level.txt
[10.547s] writing manifest file 'mapping.egg-info/SOURCES.txt'
[10.548s] reading manifest file 'mapping.egg-info/SOURCES.txt'
[10.551s] writing manifest file 'mapping.egg-info/SOURCES.txt'
[10.558s] running build_ext
[10.560s] Creating /home/ziczac/dev/skripsi_code/ros2_workspace/install/mapping/lib/python3.10/site-packages/mapping.egg-link (link to .)
[10.564s] Installing map_tf script to /home/ziczac/dev/skripsi_code/ros2_workspace/install/mapping/lib/mapping
[10.566s] Installing mapping_gazebo script to /home/ziczac/dev/skripsi_code/ros2_workspace/install/mapping/lib/mapping
[10.568s] Installing node script to /home/ziczac/dev/skripsi_code/ros2_workspace/install/mapping/lib/mapping
[10.570s] Installing robot_marker_publisher script to /home/ziczac/dev/skripsi_code/ros2_workspace/install/mapping/lib/mapping
[10.571s] 
[10.571s] Installed /home/ziczac/dev/skripsi_code/ros2_workspace/build/mapping
[10.571s] running symlink_data
[10.572s] creating /home/ziczac/dev/skripsi_code/ros2_workspace/install/mapping/share/ament_index
[10.572s] creating /home/ziczac/dev/skripsi_code/ros2_workspace/install/mapping/share/ament_index/resource_index
[10.572s] creating /home/ziczac/dev/skripsi_code/ros2_workspace/install/mapping/share/ament_index/resource_index/packages
[10.573s] symbolically linking /home/ziczac/dev/skripsi_code/ros2_workspace/build/mapping/resource/mapping -> /home/ziczac/dev/skripsi_code/ros2_workspace/install/mapping/share/ament_index/resource_index/packages
[10.573s] symbolically linking /home/ziczac/dev/skripsi_code/ros2_workspace/build/mapping/package.xml -> /home/ziczac/dev/skripsi_code/ros2_workspace/install/mapping/share/mapping
[10.573s] symbolically linking /home/ziczac/dev/skripsi_code/ros2_workspace/build/mapping/launch/mapping.launch.py -> /home/ziczac/dev/skripsi_code/ros2_workspace/install/mapping/share/mapping
[10.783s] Invoked command in '/home/ziczac/dev/skripsi_code/ros2_workspace/build/mapping' returned '0': PYTHONPATH=/home/ziczac/dev/skripsi_code/ros2_workspace/build/mapping/prefix_override:/home/ziczac/dev/skripsi_code/ros2_workspace/install/mapping/lib/python3.10/site-packages:${PYTHONPATH} /usr/bin/python3 -W ignore:setup.py install is deprecated setup.py develop --editable --build-directory /home/ziczac/dev/skripsi_code/ros2_workspace/build/mapping/build --no-deps symlink_data
