[0.584s] Invoking command in '/home/ziczac/dev/skripsi_code/ros2_workspace/build/lslidar_driver': CMAKE_PREFIX_PATH=/home/ziczac/dev/skripsi_code/ros2_workspace/install/lslidar_msgs:/home/ziczac/dev/skripsi_code/ros2_workspace/install/wheel_interfaces:/home/ziczac/dev/skripsi_code/ros2_workspace/install/serial:/home/ziczac/dev/skripsi_code/ros2_workspace/install/my_bot:/home/ziczac/dev/skripsi_code/ros2_workspace/install/lslidar_driver:/home/ziczac/dev/skripsi_code/ros2_workspace/install/motor:/home/ziczac/dev/skripsi_code/ros2_workspace/install/gui:/home/ziczac/dev/skripsi_code/ros2_workspace/install/rosboard:/home/ziczac/dev/skripsi_code/ros2_workspace/install/diff_drive:/opt/ros/humble LD_LIBRARY_PATH=/home/ziczac/dev/skripsi_code/ros2_workspace/install/lslidar_msgs/lib:/home/ziczac/dev/skripsi_code/ros2_workspace/install/wheel_interfaces/lib:/home/ziczac/dev/skripsi_code/ros2_workspace/install/serial/lib:/usr/lib/x86_64-linux-gnu/gazebo-11/plugins:/opt/ros/humble/opt/rviz_ogre_vendor/lib:/opt/ros/humble/lib/x86_64-linux-gnu:/opt/ros/humble/lib /usr/bin/cmake --build /home/ziczac/dev/skripsi_code/ros2_workspace/build/lslidar_driver -- -j8 -l8
[3.502s] [100%] Built target lslidar_driver_node
[3.539s] Invoked command in '/home/ziczac/dev/skripsi_code/ros2_workspace/build/lslidar_driver' returned '0': CMAKE_PREFIX_PATH=/home/ziczac/dev/skripsi_code/ros2_workspace/install/lslidar_msgs:/home/ziczac/dev/skripsi_code/ros2_workspace/install/wheel_interfaces:/home/ziczac/dev/skripsi_code/ros2_workspace/install/serial:/home/ziczac/dev/skripsi_code/ros2_workspace/install/my_bot:/home/ziczac/dev/skripsi_code/ros2_workspace/install/lslidar_driver:/home/ziczac/dev/skripsi_code/ros2_workspace/install/motor:/home/ziczac/dev/skripsi_code/ros2_workspace/install/gui:/home/ziczac/dev/skripsi_code/ros2_workspace/install/rosboard:/home/ziczac/dev/skripsi_code/ros2_workspace/install/diff_drive:/opt/ros/humble LD_LIBRARY_PATH=/home/ziczac/dev/skripsi_code/ros2_workspace/install/lslidar_msgs/lib:/home/ziczac/dev/skripsi_code/ros2_workspace/install/wheel_interfaces/lib:/home/ziczac/dev/skripsi_code/ros2_workspace/install/serial/lib:/usr/lib/x86_64-linux-gnu/gazebo-11/plugins:/opt/ros/humble/opt/rviz_ogre_vendor/lib:/opt/ros/humble/lib/x86_64-linux-gnu:/opt/ros/humble/lib /usr/bin/cmake --build /home/ziczac/dev/skripsi_code/ros2_workspace/build/lslidar_driver -- -j8 -l8
[3.822s] Invoking command in '/home/ziczac/dev/skripsi_code/ros2_workspace/build/lslidar_driver': CMAKE_PREFIX_PATH=/home/ziczac/dev/skripsi_code/ros2_workspace/install/lslidar_msgs:/home/ziczac/dev/skripsi_code/ros2_workspace/install/wheel_interfaces:/home/ziczac/dev/skripsi_code/ros2_workspace/install/serial:/home/ziczac/dev/skripsi_code/ros2_workspace/install/my_bot:/home/ziczac/dev/skripsi_code/ros2_workspace/install/lslidar_driver:/home/ziczac/dev/skripsi_code/ros2_workspace/install/motor:/home/ziczac/dev/skripsi_code/ros2_workspace/install/gui:/home/ziczac/dev/skripsi_code/ros2_workspace/install/rosboard:/home/ziczac/dev/skripsi_code/ros2_workspace/install/diff_drive:/opt/ros/humble LD_LIBRARY_PATH=/home/ziczac/dev/skripsi_code/ros2_workspace/install/lslidar_msgs/lib:/home/ziczac/dev/skripsi_code/ros2_workspace/install/wheel_interfaces/lib:/home/ziczac/dev/skripsi_code/ros2_workspace/install/serial/lib:/usr/lib/x86_64-linux-gnu/gazebo-11/plugins:/opt/ros/humble/opt/rviz_ogre_vendor/lib:/opt/ros/humble/lib/x86_64-linux-gnu:/opt/ros/humble/lib /usr/bin/cmake --install /home/ziczac/dev/skripsi_code/ros2_workspace/build/lslidar_driver
[3.858s] -- Install configuration: ""
[3.911s] -- Execute custom install script
[3.931s] -- Up-to-date symlink: /home/ziczac/dev/skripsi_code/ros2_workspace/install/lslidar_driver/share/lslidar_driver/launch/lslidar_double_launch.py
[3.932s] -- Up-to-date symlink: /home/ziczac/dev/skripsi_code/ros2_workspace/install/lslidar_driver/share/lslidar_driver/launch/lslidar_launch.py
[3.954s] -- Up-to-date symlink: /home/ziczac/dev/skripsi_code/ros2_workspace/install/lslidar_driver/share/lslidar_driver/params/lsx10.yaml
[3.954s] -- Up-to-date symlink: /home/ziczac/dev/skripsi_code/ros2_workspace/install/lslidar_driver/share/lslidar_driver/params/lsx10_1.yaml
[3.955s] -- Up-to-date symlink: /home/ziczac/dev/skripsi_code/ros2_workspace/install/lslidar_driver/share/lslidar_driver/params/lsx10_2.yaml
[3.956s] -- Up-to-date symlink: /home/ziczac/dev/skripsi_code/ros2_workspace/install/lslidar_driver/share/lslidar_driver/rviz/lslidar.rviz
[3.987s] -- Up-to-date symlink: /home/ziczac/dev/skripsi_code/ros2_workspace/install/lslidar_driver/lib/lslidar_driver/lslidar_driver_node
[3.987s] -- Up-to-date symlink: /home/ziczac/dev/skripsi_code/ros2_workspace/install/lslidar_driver/share/ament_index/resource_index/package_run_dependencies/lslidar_driver
[3.988s] -- Up-to-date symlink: /home/ziczac/dev/skripsi_code/ros2_workspace/install/lslidar_driver/share/ament_index/resource_index/parent_prefix_path/lslidar_driver
[4.009s] -- Up-to-date symlink: /home/ziczac/dev/skripsi_code/ros2_workspace/install/lslidar_driver/share/lslidar_driver/environment/ament_prefix_path.sh
[4.032s] -- Up-to-date symlink: /home/ziczac/dev/skripsi_code/ros2_workspace/install/lslidar_driver/share/lslidar_driver/environment/ament_prefix_path.dsv
[4.034s] -- Up-to-date symlink: /home/ziczac/dev/skripsi_code/ros2_workspace/install/lslidar_driver/share/lslidar_driver/environment/path.sh
[4.035s] -- Up-to-date symlink: /home/ziczac/dev/skripsi_code/ros2_workspace/install/lslidar_driver/share/lslidar_driver/environment/path.dsv
[4.035s] -- Up-to-date symlink: /home/ziczac/dev/skripsi_code/ros2_workspace/install/lslidar_driver/share/lslidar_driver/local_setup.bash
[4.035s] -- Up-to-date symlink: /home/ziczac/dev/skripsi_code/ros2_workspace/install/lslidar_driver/share/lslidar_driver/local_setup.sh
[4.036s] -- Up-to-date symlink: /home/ziczac/dev/skripsi_code/ros2_workspace/install/lslidar_driver/share/lslidar_driver/local_setup.zsh
[4.055s] -- Up-to-date symlink: /home/ziczac/dev/skripsi_code/ros2_workspace/install/lslidar_driver/share/lslidar_driver/local_setup.dsv
[4.058s] -- Symlinking: /home/ziczac/dev/skripsi_code/ros2_workspace/install/lslidar_driver/share/lslidar_driver/package.dsv
[4.109s] -- Up-to-date symlink: /home/ziczac/dev/skripsi_code/ros2_workspace/install/lslidar_driver/share/ament_index/resource_index/packages/lslidar_driver
[4.110s] -- Up-to-date symlink: /home/ziczac/dev/skripsi_code/ros2_workspace/install/lslidar_driver/share/lslidar_driver/cmake/ament_cmake_export_dependencies-extras.cmake
[4.111s] -- Up-to-date symlink: /home/ziczac/dev/skripsi_code/ros2_workspace/install/lslidar_driver/share/lslidar_driver/cmake/ament_cmake_export_include_directories-extras.cmake
[4.112s] -- Up-to-date symlink: /home/ziczac/dev/skripsi_code/ros2_workspace/install/lslidar_driver/share/lslidar_driver/cmake/lslidar_driverConfig.cmake
[4.113s] -- Up-to-date symlink: /home/ziczac/dev/skripsi_code/ros2_workspace/install/lslidar_driver/share/lslidar_driver/cmake/lslidar_driverConfig-version.cmake
[4.114s] -- Up-to-date symlink: /home/ziczac/dev/skripsi_code/ros2_workspace/install/lslidar_driver/share/lslidar_driver/package.xml
[4.121s] Invoked command in '/home/ziczac/dev/skripsi_code/ros2_workspace/build/lslidar_driver' returned '0': CMAKE_PREFIX_PATH=/home/ziczac/dev/skripsi_code/ros2_workspace/install/lslidar_msgs:/home/ziczac/dev/skripsi_code/ros2_workspace/install/wheel_interfaces:/home/ziczac/dev/skripsi_code/ros2_workspace/install/serial:/home/ziczac/dev/skripsi_code/ros2_workspace/install/my_bot:/home/ziczac/dev/skripsi_code/ros2_workspace/install/lslidar_driver:/home/ziczac/dev/skripsi_code/ros2_workspace/install/motor:/home/ziczac/dev/skripsi_code/ros2_workspace/install/gui:/home/ziczac/dev/skripsi_code/ros2_workspace/install/rosboard:/home/ziczac/dev/skripsi_code/ros2_workspace/install/diff_drive:/opt/ros/humble LD_LIBRARY_PATH=/home/ziczac/dev/skripsi_code/ros2_workspace/install/lslidar_msgs/lib:/home/ziczac/dev/skripsi_code/ros2_workspace/install/wheel_interfaces/lib:/home/ziczac/dev/skripsi_code/ros2_workspace/install/serial/lib:/usr/lib/x86_64-linux-gnu/gazebo-11/plugins:/opt/ros/humble/opt/rviz_ogre_vendor/lib:/opt/ros/humble/lib/x86_64-linux-gnu:/opt/ros/humble/lib /usr/bin/cmake --install /home/ziczac/dev/skripsi_code/ros2_workspace/build/lslidar_driver
