[5.151s] Invoking command in '/home/ziczac/dev/skripsi_code/ros2_workspace/build/motor': PYTHONPATH=/home/ziczac/dev/skripsi_code/ros2_workspace/build/motor/prefix_override:/home/ziczac/dev/skripsi_code/ros2_workspace/install/motor/lib/python3.10/site-packages:${PYTHONPATH} /usr/bin/python3 setup.py develop --editable --build-directory /home/ziczac/dev/skripsi_code/ros2_workspace/build/motor/build --no-deps install_data
[5.874s] running develop
[5.874s] /home/ziczac/.local/lib/python3.10/site-packages/setuptools/command/develop.py:40: EasyInstallDeprecationWarning: easy_install command is deprecated.
[5.875s] !!
[5.875s] 
[5.875s]         ********************************************************************************
[5.875s]         Please avoid running ``setup.py`` and ``easy_install``.
[5.876s]         Instead, use pypa/build, pypa/installer or other
[5.877s]         standards-based tools.
[5.878s] 
[5.879s]         See https://github.com/pypa/setuptools/issues/917 for details.
[5.880s]         ********************************************************************************
[5.880s] 
[5.881s] !!
[5.883s]   easy_install.initialize_options(self)
[5.957s] /home/ziczac/.local/lib/python3.10/site-packages/setuptools/_distutils/cmd.py:66: SetuptoolsDeprecationWarning: setup.py install is deprecated.
[5.957s] !!
[5.957s] 
[5.958s]         ********************************************************************************
[5.958s]         Please avoid running ``setup.py`` directly.
[5.958s]         Instead, use pypa/build, pypa/installer or other
[5.959s]         standards-based tools.
[5.959s] 
[5.959s]         See https://blog.ganssle.io/articles/2021/10/setup-py-deprecated.html for details.
[5.960s]         ********************************************************************************
[5.960s] 
[5.960s] !!
[5.960s]   self.initialize_options()
[6.394s] running egg_info
[6.448s] writing motor.egg-info/PKG-INFO
[6.449s] writing dependency_links to motor.egg-info/dependency_links.txt
[6.449s] writing entry points to motor.egg-info/entry_points.txt
[6.449s] writing requirements to motor.egg-info/requires.txt
[6.450s] writing top-level names to motor.egg-info/top_level.txt
[6.533s] reading manifest file 'motor.egg-info/SOURCES.txt'
[6.554s] writing manifest file 'motor.egg-info/SOURCES.txt'
[6.593s] running build_ext
[6.593s] Creating /home/ziczac/dev/skripsi_code/ros2_workspace/install/motor/lib/python3.10/site-packages/motor.egg-link (link to .)
[6.594s] Installing motor script to /home/ziczac/dev/skripsi_code/ros2_workspace/install/motor/lib/motor
[6.594s] 
[6.594s] Installed /home/ziczac/dev/skripsi_code/ros2_workspace/build/motor
[6.594s] running install_data
[6.594s] copying resource/motor -> /home/ziczac/dev/skripsi_code/ros2_workspace/install/motor/share/ament_index/resource_index/packages
[6.632s] copying package.xml -> /home/ziczac/dev/skripsi_code/ros2_workspace/install/motor/share/motor
[6.719s] Invoked command in '/home/ziczac/dev/skripsi_code/ros2_workspace/build/motor' returned '0': PYTHONPATH=/home/ziczac/dev/skripsi_code/ros2_workspace/build/motor/prefix_override:/home/ziczac/dev/skripsi_code/ros2_workspace/install/motor/lib/python3.10/site-packages:${PYTHONPATH} /usr/bin/python3 setup.py develop --editable --build-directory /home/ziczac/dev/skripsi_code/ros2_workspace/build/motor/build --no-deps install_data
