[0.179s] Invoking command in '/home/ziczac/dev/skripsi_code/ROS2-PLICP-POSE-GRAPH/build/lslidar_driver': CMAKE_PREFIX_PATH=/home/ziczac/dev/skripsi_code/ROS2-PLICP-POSE-GRAPH/install/lslidar_msgs:/home/ziczac/dev/skripsi_code/ROS2-PLICP-POSE-GRAPH/install/wheel_interfaces:/home/ziczac/dev/skripsi_code/ROS2-PLICP-POSE-GRAPH/install/my_bot:/home/ziczac/dev/skripsi_code/ROS2-PLICP-POSE-GRAPH/install/lslidar_driver:/home/ziczac/dev/skripsi_code/ROS2-PLICP-POSE-GRAPH/install/motor:/home/ziczac/dev/skripsi_code/ROS2-PLICP-POSE-GRAPH/install/gui:/home/ziczac/dev/skripsi_code/ROS2-PLICP-POSE-GRAPH/install/rosboard:/home/ziczac/dev/skripsi_code/ROS2-PLICP-POSE-GRAPH/install/log_odds_map:/home/ziczac/dev/skripsi_code/ROS2-PLICP-POSE-GRAPH/install/icp_graph_slam:/home/ziczac/dev/skripsi_code/ROS2-PLICP-POSE-GRAPH/install/diff_drive:/opt/ros/humble LD_LIBRARY_PATH=/home/ziczac/dev/skripsi_code/ROS2-PLICP-POSE-GRAPH/install/lslidar_msgs/lib:/home/ziczac/dev/skripsi_code/ROS2-PLICP-POSE-GRAPH/install/wheel_interfaces/lib:/usr/lib/x86_64-linux-gnu/gazebo-11/plugins:/opt/ros/humble/opt/rviz_ogre_vendor/lib:/opt/ros/humble/lib/x86_64-linux-gnu:/opt/ros/humble/lib /usr/bin/cmake --build /home/ziczac/dev/skripsi_code/ROS2-PLICP-POSE-GRAPH/build/lslidar_driver -- -j8 -l8
[2.306s] [100%] Built target lslidar_driver_node
[2.332s] Invoked command in '/home/ziczac/dev/skripsi_code/ROS2-PLICP-POSE-GRAPH/build/lslidar_driver' returned '0': CMAKE_PREFIX_PATH=/home/ziczac/dev/skripsi_code/ROS2-PLICP-POSE-GRAPH/install/lslidar_msgs:/home/ziczac/dev/skripsi_code/ROS2-PLICP-POSE-GRAPH/install/wheel_interfaces:/home/ziczac/dev/skripsi_code/ROS2-PLICP-POSE-GRAPH/install/my_bot:/home/ziczac/dev/skripsi_code/ROS2-PLICP-POSE-GRAPH/install/lslidar_driver:/home/ziczac/dev/skripsi_code/ROS2-PLICP-POSE-GRAPH/install/motor:/home/ziczac/dev/skripsi_code/ROS2-PLICP-POSE-GRAPH/install/gui:/home/ziczac/dev/skripsi_code/ROS2-PLICP-POSE-GRAPH/install/rosboard:/home/ziczac/dev/skripsi_code/ROS2-PLICP-POSE-GRAPH/install/log_odds_map:/home/ziczac/dev/skripsi_code/ROS2-PLICP-POSE-GRAPH/install/icp_graph_slam:/home/ziczac/dev/skripsi_code/ROS2-PLICP-POSE-GRAPH/install/diff_drive:/opt/ros/humble LD_LIBRARY_PATH=/home/ziczac/dev/skripsi_code/ROS2-PLICP-POSE-GRAPH/install/lslidar_msgs/lib:/home/ziczac/dev/skripsi_code/ROS2-PLICP-POSE-GRAPH/install/wheel_interfaces/lib:/usr/lib/x86_64-linux-gnu/gazebo-11/plugins:/opt/ros/humble/opt/rviz_ogre_vendor/lib:/opt/ros/humble/lib/x86_64-linux-gnu:/opt/ros/humble/lib /usr/bin/cmake --build /home/ziczac/dev/skripsi_code/ROS2-PLICP-POSE-GRAPH/build/lslidar_driver -- -j8 -l8
[2.415s] Invoking command in '/home/ziczac/dev/skripsi_code/ROS2-PLICP-POSE-GRAPH/build/lslidar_driver': CMAKE_PREFIX_PATH=/home/ziczac/dev/skripsi_code/ROS2-PLICP-POSE-GRAPH/install/lslidar_msgs:/home/ziczac/dev/skripsi_code/ROS2-PLICP-POSE-GRAPH/install/wheel_interfaces:/home/ziczac/dev/skripsi_code/ROS2-PLICP-POSE-GRAPH/install/my_bot:/home/ziczac/dev/skripsi_code/ROS2-PLICP-POSE-GRAPH/install/lslidar_driver:/home/ziczac/dev/skripsi_code/ROS2-PLICP-POSE-GRAPH/install/motor:/home/ziczac/dev/skripsi_code/ROS2-PLICP-POSE-GRAPH/install/gui:/home/ziczac/dev/skripsi_code/ROS2-PLICP-POSE-GRAPH/install/rosboard:/home/ziczac/dev/skripsi_code/ROS2-PLICP-POSE-GRAPH/install/log_odds_map:/home/ziczac/dev/skripsi_code/ROS2-PLICP-POSE-GRAPH/install/icp_graph_slam:/home/ziczac/dev/skripsi_code/ROS2-PLICP-POSE-GRAPH/install/diff_drive:/opt/ros/humble LD_LIBRARY_PATH=/home/ziczac/dev/skripsi_code/ROS2-PLICP-POSE-GRAPH/install/lslidar_msgs/lib:/home/ziczac/dev/skripsi_code/ROS2-PLICP-POSE-GRAPH/install/wheel_interfaces/lib:/usr/lib/x86_64-linux-gnu/gazebo-11/plugins:/opt/ros/humble/opt/rviz_ogre_vendor/lib:/opt/ros/humble/lib/x86_64-linux-gnu:/opt/ros/humble/lib /usr/bin/cmake --install /home/ziczac/dev/skripsi_code/ROS2-PLICP-POSE-GRAPH/build/lslidar_driver
[2.515s] -- Install configuration: ""
[2.685s] -- Execute custom install script
[2.685s] -- Symlinking: /home/ziczac/dev/skripsi_code/ROS2-PLICP-POSE-GRAPH/install/lslidar_driver/share/lslidar_driver/launch/__pycache__/lslidar_launch.cpython-310.pyc
[2.841s] -- Up-to-date symlink: /home/ziczac/dev/skripsi_code/ROS2-PLICP-POSE-GRAPH/install/lslidar_driver/share/lslidar_driver/launch/lslidar_double_launch.py
[2.962s] -- Up-to-date symlink: /home/ziczac/dev/skripsi_code/ROS2-PLICP-POSE-GRAPH/install/lslidar_driver/share/lslidar_driver/launch/lslidar_launch.py
[2.965s] -- Up-to-date symlink: /home/ziczac/dev/skripsi_code/ROS2-PLICP-POSE-GRAPH/install/lslidar_driver/share/lslidar_driver/params/lsx10.yaml
[2.966s] -- Up-to-date symlink: /home/ziczac/dev/skripsi_code/ROS2-PLICP-POSE-GRAPH/install/lslidar_driver/share/lslidar_driver/params/lsx10_1.yaml
[2.967s] -- Up-to-date symlink: /home/ziczac/dev/skripsi_code/ROS2-PLICP-POSE-GRAPH/install/lslidar_driver/share/lslidar_driver/params/lsx10_2.yaml
[3.145s] -- Up-to-date symlink: /home/ziczac/dev/skripsi_code/ROS2-PLICP-POSE-GRAPH/install/lslidar_driver/share/lslidar_driver/rviz/lslidar.rviz
[3.194s] -- Up-to-date symlink: /home/ziczac/dev/skripsi_code/ROS2-PLICP-POSE-GRAPH/install/lslidar_driver/lib/lslidar_driver/lslidar_driver_node
[3.195s] -- Up-to-date symlink: /home/ziczac/dev/skripsi_code/ROS2-PLICP-POSE-GRAPH/install/lslidar_driver/share/ament_index/resource_index/package_run_dependencies/lslidar_driver
[3.228s] -- Up-to-date symlink: /home/ziczac/dev/skripsi_code/ROS2-PLICP-POSE-GRAPH/install/lslidar_driver/share/ament_index/resource_index/parent_prefix_path/lslidar_driver
[3.261s] -- Up-to-date symlink: /home/ziczac/dev/skripsi_code/ROS2-PLICP-POSE-GRAPH/install/lslidar_driver/share/lslidar_driver/environment/ament_prefix_path.sh
[3.278s] -- Up-to-date symlink: /home/ziczac/dev/skripsi_code/ROS2-PLICP-POSE-GRAPH/install/lslidar_driver/share/lslidar_driver/environment/ament_prefix_path.dsv
[3.279s] -- Up-to-date symlink: /home/ziczac/dev/skripsi_code/ROS2-PLICP-POSE-GRAPH/install/lslidar_driver/share/lslidar_driver/environment/path.sh
[3.294s] -- Up-to-date symlink: /home/ziczac/dev/skripsi_code/ROS2-PLICP-POSE-GRAPH/install/lslidar_driver/share/lslidar_driver/environment/path.dsv
[3.311s] -- Up-to-date symlink: /home/ziczac/dev/skripsi_code/ROS2-PLICP-POSE-GRAPH/install/lslidar_driver/share/lslidar_driver/local_setup.bash
[3.327s] -- Up-to-date symlink: /home/ziczac/dev/skripsi_code/ROS2-PLICP-POSE-GRAPH/install/lslidar_driver/share/lslidar_driver/local_setup.sh
[3.362s] -- Up-to-date symlink: /home/ziczac/dev/skripsi_code/ROS2-PLICP-POSE-GRAPH/install/lslidar_driver/share/lslidar_driver/local_setup.zsh
[3.394s] -- Up-to-date symlink: /home/ziczac/dev/skripsi_code/ROS2-PLICP-POSE-GRAPH/install/lslidar_driver/share/lslidar_driver/local_setup.dsv
[3.394s] -- Symlinking: /home/ziczac/dev/skripsi_code/ROS2-PLICP-POSE-GRAPH/install/lslidar_driver/share/lslidar_driver/package.dsv
[3.411s] -- Up-to-date symlink: /home/ziczac/dev/skripsi_code/ROS2-PLICP-POSE-GRAPH/install/lslidar_driver/share/ament_index/resource_index/packages/lslidar_driver
[3.427s] -- Up-to-date symlink: /home/ziczac/dev/skripsi_code/ROS2-PLICP-POSE-GRAPH/install/lslidar_driver/share/lslidar_driver/cmake/ament_cmake_export_dependencies-extras.cmake
[3.449s] -- Up-to-date symlink: /home/ziczac/dev/skripsi_code/ROS2-PLICP-POSE-GRAPH/install/lslidar_driver/share/lslidar_driver/cmake/ament_cmake_export_include_directories-extras.cmake
[3.471s] -- Up-to-date symlink: /home/ziczac/dev/skripsi_code/ROS2-PLICP-POSE-GRAPH/install/lslidar_driver/share/lslidar_driver/cmake/lslidar_driverConfig.cmake
[3.472s] -- Up-to-date symlink: /home/ziczac/dev/skripsi_code/ROS2-PLICP-POSE-GRAPH/install/lslidar_driver/share/lslidar_driver/cmake/lslidar_driverConfig-version.cmake
[3.472s] -- Up-to-date symlink: /home/ziczac/dev/skripsi_code/ROS2-PLICP-POSE-GRAPH/install/lslidar_driver/share/lslidar_driver/package.xml
[3.480s] Invoked command in '/home/ziczac/dev/skripsi_code/ROS2-PLICP-POSE-GRAPH/build/lslidar_driver' returned '0': CMAKE_PREFIX_PATH=/home/ziczac/dev/skripsi_code/ROS2-PLICP-POSE-GRAPH/install/lslidar_msgs:/home/ziczac/dev/skripsi_code/ROS2-PLICP-POSE-GRAPH/install/wheel_interfaces:/home/ziczac/dev/skripsi_code/ROS2-PLICP-POSE-GRAPH/install/my_bot:/home/ziczac/dev/skripsi_code/ROS2-PLICP-POSE-GRAPH/install/lslidar_driver:/home/ziczac/dev/skripsi_code/ROS2-PLICP-POSE-GRAPH/install/motor:/home/ziczac/dev/skripsi_code/ROS2-PLICP-POSE-GRAPH/install/gui:/home/ziczac/dev/skripsi_code/ROS2-PLICP-POSE-GRAPH/install/rosboard:/home/ziczac/dev/skripsi_code/ROS2-PLICP-POSE-GRAPH/install/log_odds_map:/home/ziczac/dev/skripsi_code/ROS2-PLICP-POSE-GRAPH/install/icp_graph_slam:/home/ziczac/dev/skripsi_code/ROS2-PLICP-POSE-GRAPH/install/diff_drive:/opt/ros/humble LD_LIBRARY_PATH=/home/ziczac/dev/skripsi_code/ROS2-PLICP-POSE-GRAPH/install/lslidar_msgs/lib:/home/ziczac/dev/skripsi_code/ROS2-PLICP-POSE-GRAPH/install/wheel_interfaces/lib:/usr/lib/x86_64-linux-gnu/gazebo-11/plugins:/opt/ros/humble/opt/rviz_ogre_vendor/lib:/opt/ros/humble/lib/x86_64-linux-gnu:/opt/ros/humble/lib /usr/bin/cmake --install /home/ziczac/dev/skripsi_code/ROS2-PLICP-POSE-GRAPH/build/lslidar_driver
