[0.042s] Invoking command in '/home/ziczac/dev/skripsi_code/ROS2-PLICP-POSE-GRAPH/build/lslidar_driver': AMENT_PREFIX_PATH=/home/ziczac/dev/skripsi_code/ROS2-PLICP-POSE-GRAPH/install/lslidar_msgs CMAKE_PREFIX_PATH=/home/ziczac/dev/skripsi_code/ROS2-PLICP-POSE-GRAPH/install/lslidar_msgs:/home/ziczac/dev/skripsi_code/ROS2-PLICP-POSE-GRAPH/install/wheeltec_n100_imu:/home/ziczac/dev/skripsi_code/ROS2-PLICP-POSE-GRAPH/install/wheel_interfaces:/home/ziczac/dev/skripsi_code/ROS2-PLICP-POSE-GRAPH/install/serial:/home/ziczac/dev/skripsi_code/ROS2-PLICP-POSE-GRAPH/install/my_bot:/home/ziczac/dev/skripsi_code/ROS2-PLICP-POSE-GRAPH/install/lslidar_driver LD_LIBRARY_PATH=/home/ziczac/dev/skripsi_code/ROS2-PLICP-POSE-GRAPH/install/lslidar_msgs/lib:/home/ziczac/dev/skripsi_code/ROS2-PLICP-POSE-GRAPH/install/wheel_interfaces/lib:/home/ziczac/dev/skripsi_code/ROS2-PLICP-POSE-GRAPH/install/serial/lib:/usr/lib/x86_64-linux-gnu/gazebo-11/plugins:/opt/ros/humble/opt/rviz_ogre_vendor/lib:/opt/ros/humble/lib/x86_64-linux-gnu:/opt/ros/humble/lib:/snap/alacritty/125/usr/lib/x86_64-linux-gnu/dri PYTHONPATH=/home/ziczac/dev/skripsi_code/ROS2-PLICP-POSE-GRAPH/install/lslidar_msgs/local/lib/python3.10/dist-packages:${PYTHONPATH} /usr/bin/cmake --build /home/ziczac/dev/skripsi_code/ROS2-PLICP-POSE-GRAPH/build/lslidar_driver -- -j8 -l8
[0.445s] [100%] Built target lslidar_driver_node
[0.564s] Invoked command in '/home/ziczac/dev/skripsi_code/ROS2-PLICP-POSE-GRAPH/build/lslidar_driver' returned '0': AMENT_PREFIX_PATH=/home/ziczac/dev/skripsi_code/ROS2-PLICP-POSE-GRAPH/install/lslidar_msgs CMAKE_PREFIX_PATH=/home/ziczac/dev/skripsi_code/ROS2-PLICP-POSE-GRAPH/install/lslidar_msgs:/home/ziczac/dev/skripsi_code/ROS2-PLICP-POSE-GRAPH/install/wheeltec_n100_imu:/home/ziczac/dev/skripsi_code/ROS2-PLICP-POSE-GRAPH/install/wheel_interfaces:/home/ziczac/dev/skripsi_code/ROS2-PLICP-POSE-GRAPH/install/serial:/home/ziczac/dev/skripsi_code/ROS2-PLICP-POSE-GRAPH/install/my_bot:/home/ziczac/dev/skripsi_code/ROS2-PLICP-POSE-GRAPH/install/lslidar_driver LD_LIBRARY_PATH=/home/ziczac/dev/skripsi_code/ROS2-PLICP-POSE-GRAPH/install/lslidar_msgs/lib:/home/ziczac/dev/skripsi_code/ROS2-PLICP-POSE-GRAPH/install/wheel_interfaces/lib:/home/ziczac/dev/skripsi_code/ROS2-PLICP-POSE-GRAPH/install/serial/lib:/usr/lib/x86_64-linux-gnu/gazebo-11/plugins:/opt/ros/humble/opt/rviz_ogre_vendor/lib:/opt/ros/humble/lib/x86_64-linux-gnu:/opt/ros/humble/lib:/snap/alacritty/125/usr/lib/x86_64-linux-gnu/dri PYTHONPATH=/home/ziczac/dev/skripsi_code/ROS2-PLICP-POSE-GRAPH/install/lslidar_msgs/local/lib/python3.10/dist-packages:${PYTHONPATH} /usr/bin/cmake --build /home/ziczac/dev/skripsi_code/ROS2-PLICP-POSE-GRAPH/build/lslidar_driver -- -j8 -l8
[0.729s] Invoking command in '/home/ziczac/dev/skripsi_code/ROS2-PLICP-POSE-GRAPH/build/lslidar_driver': AMENT_PREFIX_PATH=/home/ziczac/dev/skripsi_code/ROS2-PLICP-POSE-GRAPH/install/lslidar_msgs CMAKE_PREFIX_PATH=/home/ziczac/dev/skripsi_code/ROS2-PLICP-POSE-GRAPH/install/lslidar_msgs:/home/ziczac/dev/skripsi_code/ROS2-PLICP-POSE-GRAPH/install/wheeltec_n100_imu:/home/ziczac/dev/skripsi_code/ROS2-PLICP-POSE-GRAPH/install/wheel_interfaces:/home/ziczac/dev/skripsi_code/ROS2-PLICP-POSE-GRAPH/install/serial:/home/ziczac/dev/skripsi_code/ROS2-PLICP-POSE-GRAPH/install/my_bot:/home/ziczac/dev/skripsi_code/ROS2-PLICP-POSE-GRAPH/install/lslidar_driver LD_LIBRARY_PATH=/home/ziczac/dev/skripsi_code/ROS2-PLICP-POSE-GRAPH/install/lslidar_msgs/lib:/home/ziczac/dev/skripsi_code/ROS2-PLICP-POSE-GRAPH/install/wheel_interfaces/lib:/home/ziczac/dev/skripsi_code/ROS2-PLICP-POSE-GRAPH/install/serial/lib:/usr/lib/x86_64-linux-gnu/gazebo-11/plugins:/opt/ros/humble/opt/rviz_ogre_vendor/lib:/opt/ros/humble/lib/x86_64-linux-gnu:/opt/ros/humble/lib:/snap/alacritty/125/usr/lib/x86_64-linux-gnu/dri PYTHONPATH=/home/ziczac/dev/skripsi_code/ROS2-PLICP-POSE-GRAPH/install/lslidar_msgs/local/lib/python3.10/dist-packages:${PYTHONPATH} /usr/bin/cmake --install /home/ziczac/dev/skripsi_code/ROS2-PLICP-POSE-GRAPH/build/lslidar_driver
[0.761s] -- Install configuration: ""
[0.763s] -- Execute custom install script
[0.766s] -- Up-to-date symlink: /home/ziczac/dev/skripsi_code/ROS2-PLICP-POSE-GRAPH/install/lslidar_driver/share/lslidar_driver/launch/lslidar_double_launch.py
[0.768s] -- Up-to-date symlink: /home/ziczac/dev/skripsi_code/ROS2-PLICP-POSE-GRAPH/install/lslidar_driver/share/lslidar_driver/launch/lslidar_launch.py
[0.771s] -- Up-to-date symlink: /home/ziczac/dev/skripsi_code/ROS2-PLICP-POSE-GRAPH/install/lslidar_driver/share/lslidar_driver/params/lsx10.yaml
[0.773s] -- Up-to-date symlink: /home/ziczac/dev/skripsi_code/ROS2-PLICP-POSE-GRAPH/install/lslidar_driver/share/lslidar_driver/params/lsx10_1.yaml
[0.776s] -- Up-to-date symlink: /home/ziczac/dev/skripsi_code/ROS2-PLICP-POSE-GRAPH/install/lslidar_driver/share/lslidar_driver/params/lsx10_2.yaml
[0.778s] -- Up-to-date symlink: /home/ziczac/dev/skripsi_code/ROS2-PLICP-POSE-GRAPH/install/lslidar_driver/share/lslidar_driver/rviz/lslidar.rviz
[0.779s] -- Up-to-date symlink: /home/ziczac/dev/skripsi_code/ROS2-PLICP-POSE-GRAPH/install/lslidar_driver/lib/lslidar_driver/lslidar_driver_node
[0.780s] -- Up-to-date symlink: /home/ziczac/dev/skripsi_code/ROS2-PLICP-POSE-GRAPH/install/lslidar_driver/share/ament_index/resource_index/package_run_dependencies/lslidar_driver
[0.780s] -- Up-to-date symlink: /home/ziczac/dev/skripsi_code/ROS2-PLICP-POSE-GRAPH/install/lslidar_driver/share/ament_index/resource_index/parent_prefix_path/lslidar_driver
[0.781s] -- Up-to-date symlink: /home/ziczac/dev/skripsi_code/ROS2-PLICP-POSE-GRAPH/install/lslidar_driver/share/lslidar_driver/environment/ament_prefix_path.sh
[0.782s] -- Up-to-date symlink: /home/ziczac/dev/skripsi_code/ROS2-PLICP-POSE-GRAPH/install/lslidar_driver/share/lslidar_driver/environment/ament_prefix_path.dsv
[0.791s] -- Up-to-date symlink: /home/ziczac/dev/skripsi_code/ROS2-PLICP-POSE-GRAPH/install/lslidar_driver/share/lslidar_driver/environment/path.sh
[0.793s] -- Up-to-date symlink: /home/ziczac/dev/skripsi_code/ROS2-PLICP-POSE-GRAPH/install/lslidar_driver/share/lslidar_driver/environment/path.dsv
[0.796s] -- Up-to-date symlink: /home/ziczac/dev/skripsi_code/ROS2-PLICP-POSE-GRAPH/install/lslidar_driver/share/lslidar_driver/local_setup.bash
[0.798s] -- Up-to-date symlink: /home/ziczac/dev/skripsi_code/ROS2-PLICP-POSE-GRAPH/install/lslidar_driver/share/lslidar_driver/local_setup.sh
[0.801s] -- Up-to-date symlink: /home/ziczac/dev/skripsi_code/ROS2-PLICP-POSE-GRAPH/install/lslidar_driver/share/lslidar_driver/local_setup.zsh
[0.803s] -- Up-to-date symlink: /home/ziczac/dev/skripsi_code/ROS2-PLICP-POSE-GRAPH/install/lslidar_driver/share/lslidar_driver/local_setup.dsv
[0.806s] -- Symlinking: /home/ziczac/dev/skripsi_code/ROS2-PLICP-POSE-GRAPH/install/lslidar_driver/share/lslidar_driver/package.dsv
[0.843s] -- Up-to-date symlink: /home/ziczac/dev/skripsi_code/ROS2-PLICP-POSE-GRAPH/install/lslidar_driver/share/ament_index/resource_index/packages/lslidar_driver
[0.845s] -- Up-to-date symlink: /home/ziczac/dev/skripsi_code/ROS2-PLICP-POSE-GRAPH/install/lslidar_driver/share/lslidar_driver/cmake/ament_cmake_export_dependencies-extras.cmake
[0.848s] -- Up-to-date symlink: /home/ziczac/dev/skripsi_code/ROS2-PLICP-POSE-GRAPH/install/lslidar_driver/share/lslidar_driver/cmake/ament_cmake_export_include_directories-extras.cmake
[0.851s] -- Up-to-date symlink: /home/ziczac/dev/skripsi_code/ROS2-PLICP-POSE-GRAPH/install/lslidar_driver/share/lslidar_driver/cmake/lslidar_driverConfig.cmake
[0.853s] -- Up-to-date symlink: /home/ziczac/dev/skripsi_code/ROS2-PLICP-POSE-GRAPH/install/lslidar_driver/share/lslidar_driver/cmake/lslidar_driverConfig-version.cmake
[0.856s] -- Up-to-date symlink: /home/ziczac/dev/skripsi_code/ROS2-PLICP-POSE-GRAPH/install/lslidar_driver/share/lslidar_driver/package.xml
[0.866s] Invoked command in '/home/ziczac/dev/skripsi_code/ROS2-PLICP-POSE-GRAPH/build/lslidar_driver' returned '0': AMENT_PREFIX_PATH=/home/ziczac/dev/skripsi_code/ROS2-PLICP-POSE-GRAPH/install/lslidar_msgs CMAKE_PREFIX_PATH=/home/ziczac/dev/skripsi_code/ROS2-PLICP-POSE-GRAPH/install/lslidar_msgs:/home/ziczac/dev/skripsi_code/ROS2-PLICP-POSE-GRAPH/install/wheeltec_n100_imu:/home/ziczac/dev/skripsi_code/ROS2-PLICP-POSE-GRAPH/install/wheel_interfaces:/home/ziczac/dev/skripsi_code/ROS2-PLICP-POSE-GRAPH/install/serial:/home/ziczac/dev/skripsi_code/ROS2-PLICP-POSE-GRAPH/install/my_bot:/home/ziczac/dev/skripsi_code/ROS2-PLICP-POSE-GRAPH/install/lslidar_driver LD_LIBRARY_PATH=/home/ziczac/dev/skripsi_code/ROS2-PLICP-POSE-GRAPH/install/lslidar_msgs/lib:/home/ziczac/dev/skripsi_code/ROS2-PLICP-POSE-GRAPH/install/wheel_interfaces/lib:/home/ziczac/dev/skripsi_code/ROS2-PLICP-POSE-GRAPH/install/serial/lib:/usr/lib/x86_64-linux-gnu/gazebo-11/plugins:/opt/ros/humble/opt/rviz_ogre_vendor/lib:/opt/ros/humble/lib/x86_64-linux-gnu:/opt/ros/humble/lib:/snap/alacritty/125/usr/lib/x86_64-linux-gnu/dri PYTHONPATH=/home/ziczac/dev/skripsi_code/ROS2-PLICP-POSE-GRAPH/install/lslidar_msgs/local/lib/python3.10/dist-packages:${PYTHONPATH} /usr/bin/cmake --install /home/ziczac/dev/skripsi_code/ROS2-PLICP-POSE-GRAPH/build/lslidar_driver
