[0.023s] Invoking command in '/home/ziczac/dev/skripsi_code/ros2_workspace/build/occupancy_grid_map': CMAKE_PREFIX_PATH=${CMAKE_PREFIX_PATH}:/home/ziczac/dev/skripsi_code/ros2_workspace/install/motor:/home/ziczac/dev/skripsi_code/ros2_workspace/install/gui:/home/ziczac/dev/skripsi_code/ros2_workspace/install/rosboard:/home/ziczac/dev/skripsi_code/ros2_workspace/install/log_odds_map:/home/ziczac/dev/skripsi_code/ros2_workspace/install/diff_drive:/opt/ros/humble /usr/bin/cmake --build /home/ziczac/dev/skripsi_code/ros2_workspace/build/occupancy_grid_map -- -j8 -l8
[0.120s] [35m[1mConsolidate compiler generated dependencies of target occupancy_grid_map_exe[0m
[0.182s] [ 50%] [32mBuilding CXX object CMakeFiles/occupancy_grid_map_exe.dir/src/occupancygrid.cpp.o[0m
[8.310s] [01m[K/home/ziczac/dev/skripsi_code/ros2_workspace/src/ros2_occupancy_grid_map/src/occupancygrid.cpp:11:3:[m[K [01;31m[Kerror: [m[K‘[01m[KGroundSegmentor[m[K’ does not name a type
[8.310s]    11 |   [01;31m[KGroundSegmentor[m[K::GroundSegmentor(const rclcpp::NodeOptions &node_options)
[8.310s]       |   [01;31m[K^~~~~~~~~~~~~~~[m[K
[8.311s] [01m[K/home/ziczac/dev/skripsi_code/ros2_workspace/src/ros2_occupancy_grid_map/src/occupancygrid.cpp:99:15:[m[K [01;31m[Kerror: [m[K‘[01m[KGroundSegmentor[m[K’ has not been declared
[8.311s]    99 |   inline void [01;31m[KGroundSegmentor[m[K::bresenham2D(
[8.311s]       |               [01;31m[K^~~~~~~~~~~~~~~[m[K
[8.311s] [01m[K/home/ziczac/dev/skripsi_code/ros2_workspace/src/ros2_occupancy_grid_map/src/occupancygrid.cpp:101:56:[m[K [01;31m[Kerror: [m[K‘[01m[KCellState[m[K’ has not been declared
[8.312s]   101 | _b, unsigned int offset, [01;31m[KCellState[m[K state, unsigned int max_length)
[8.313s]       |                          [01;31m[K^~~~~~~~~[m[K
[8.313s] 
[8.313s] [01m[K/home/ziczac/dev/skripsi_code/ros2_workspace/src/ros2_occupancy_grid_map/src/occupancygrid.cpp:[m[K In function ‘[01m[Kvoid PercepionNS::bresenham2D(nav_msgs::msg::OccupancyGrid&, unsigned int, unsigned int, int, int, int, unsigned int, int, unsigned int)[m[K’:
[8.313s] [01m[K/home/ziczac/dev/skripsi_code/ros2_workspace/src/ros2_occupancy_grid_map/src/occupancygrid.cpp:110:20:[m[K [01;31m[Kerror: [m[K‘[01m[KCellState[m[K’ has not been declared
[8.313s]   110 |       if (state == [01;31m[KCellState[m[K::OCCUPIED)
[8.314s]       |                    [01;31m[K^~~~~~~~~[m[K
[8.314s] [01m[K/home/ziczac/dev/skripsi_code/ros2_workspace/src/ros2_occupancy_grid_map/src/occupancygrid.cpp:114:25:[m[K [01;31m[Kerror: [m[K‘[01m[KCellState[m[K’ has not been declared
[8.314s]   114 |       else if (state == [01;31m[KCellState[m[K::UNKNOWN)
[8.314s]       |                         [01;31m[K^~~~~~~~~[m[K
[8.314s] [01m[K/home/ziczac/dev/skripsi_code/ros2_workspace/src/ros2_occupancy_grid_map/src/occupancygrid.cpp:138:18:[m[K [01;31m[Kerror: [m[K‘[01m[KCellState[m[K’ has not been declared
[8.314s]   138 |     if (state == [01;31m[KCellState[m[K::OCCUPIED)
[8.314s]       |                  [01;31m[K^~~~~~~~~[m[K
[8.314s] [01m[K/home/ziczac/dev/skripsi_code/ros2_workspace/src/ros2_occupancy_grid_map/src/occupancygrid.cpp:142:23:[m[K [01;31m[Kerror: [m[K‘[01m[KCellState[m[K’ has not been declared
[8.315s]   142 |     else if (state == [01;31m[KCellState[m[K::UNKNOWN)
[8.315s]       |                       [01;31m[K^~~~~~~~~[m[K
[8.315s] [01m[K/home/ziczac/dev/skripsi_code/ros2_workspace/src/ros2_occupancy_grid_map/src/occupancygrid.cpp:[m[K At global scope:
[8.315s] [01m[K/home/ziczac/dev/skripsi_code/ros2_workspace/src/ros2_occupancy_grid_map/src/occupancygrid.cpp:167:15:[m[K [01;31m[Kerror: [m[K‘[01m[KGroundSegmentor[m[K’ has not been declared
[8.315s]   167 |   inline void [01;31m[KGroundSegmentor[m[K::raytraceLine(
[8.315s]       |               [01;31m[K^~~~~~~~~~~~~~~[m[K
[8.315s] [01m[K/home/ziczac/dev/skripsi_code/ros2_workspace/src/ros2_occupancy_grid_map/src/occupancygrid.cpp:169:36:[m[K [01;31m[Kerror: [m[K‘[01m[KCellState[m[K’ has not been declared
[8.315s]   169 | gned int y1, int size_x, [01;31m[KCellState[m[K state, unsigned int max_length)
[8.316s]       |                          [01;31m[K^~~~~~~~~[m[K
[8.316s] 
[8.316s] [01m[K/home/ziczac/dev/skripsi_code/ros2_workspace/src/ros2_occupancy_grid_map/src/occupancygrid.cpp:216:8:[m[K [01;31m[Kerror: [m[K‘[01m[KGroundSegmentor[m[K’ has not been declared
[8.316s]   216 |   bool [01;31m[KGroundSegmentor[m[K::worldToMap(
[8.316s]       |        [01;31m[K^~~~~~~~~~~~~~~[m[K
[8.316s] [01m[K/home/ziczac/dev/skripsi_code/ros2_workspace/src/ros2_occupancy_grid_map/src/occupancygrid.cpp:217:65:[m[K [01;31m[Kerror: [m[Knon-member function ‘[01m[Kbool PercepionNS::worldToMap(double, double, unsigned int&, unsigned int&)[m[K’ cannot have cv-qualifier
[8.316s]   217 | ned int &mx, unsigned int &my) [01;31m[Kconst[m[K
[8.316s]       |                                [01;31m[K^~~~~[m[K
[8.316s] 
[8.330s] [01m[K/home/ziczac/dev/skripsi_code/ros2_workspace/src/ros2_occupancy_grid_map/src/occupancygrid.cpp:[m[K In function ‘[01m[Kbool PercepionNS::worldToMap(double, double, unsigned int&, unsigned int&)[m[K’:
[8.330s] [01m[K/home/ziczac/dev/skripsi_code/ros2_workspace/src/ros2_occupancy_grid_map/src/occupancygrid.cpp:220:14:[m[K [01;31m[Kerror: [m[K‘[01m[Kbottomright_x_[m[K’ was not declared in this scope
[8.330s]   220 |     if (wx < [01;31m[Kbottomright_x_[m[K || wy < bottomright_y_)
[8.330s]       |              [01;31m[K^~~~~~~~~~~~~~[m[K
[8.347s] [01m[K/home/ziczac/dev/skripsi_code/ros2_workspace/src/ros2_occupancy_grid_map/src/occupancygrid.cpp:220:37:[m[K [01;31m[Kerror: [m[K‘[01m[Kbottomright_y_[m[K’ was not declared in this scope
[8.347s]   220 | < bottomright_x_ || wy < [01;31m[Kbottomright_y_[m[K)
[8.347s]       |                          [01;31m[K^~~~~~~~~~~~~~[m[K
[8.347s] 
[8.362s] [01m[K/home/ziczac/dev/skripsi_code/ros2_workspace/src/ros2_occupancy_grid_map/src/occupancygrid.cpp:226:50:[m[K [01;31m[Kerror: [m[K‘[01m[Kbottomright_x_[m[K’ was not declared in this scope
[8.362s]   226 | >(std::floor(fabs((wx - ([01;31m[Kbottomright_x_[m[K)) / grid_msg_.info.resolution)));
[8.363s]       |                          [01;31m[K^~~~~~~~~~~~~~[m[K
[8.363s] 
[8.371s] [01m[K/home/ziczac/dev/skripsi_code/ros2_workspace/src/ros2_occupancy_grid_map/src/occupancygrid.cpp:226:69:[m[K [01;31m[Kerror: [m[K‘[01m[Kgrid_msg_[m[K’ was not declared in this scope
[8.371s]   226 | wx - (bottomright_x_)) / [01;31m[Kgrid_msg_[m[K.info.resolution)));
[8.371s]       |                          [01;31m[K^~~~~~~~~[m[K
[8.371s] 
[8.387s] [01m[K/home/ziczac/dev/skripsi_code/ros2_workspace/src/ros2_occupancy_grid_map/src/occupancygrid.cpp:227:50:[m[K [01;31m[Kerror: [m[K‘[01m[Kbottomright_y_[m[K’ was not declared in this scope
[8.387s]   227 | >(std::floor(fabs((wy - ([01;31m[Kbottomright_y_[m[K)) / grid_msg_.info.resolution)));
[8.387s]       |                          [01;31m[K^~~~~~~~~~~~~~[m[K
[8.387s] 
[8.399s] [01m[K/home/ziczac/dev/skripsi_code/ros2_workspace/src/ros2_occupancy_grid_map/src/occupancygrid.cpp:230:14:[m[K [01;31m[Kerror: [m[K‘[01m[Kcell_num_x_[m[K’ was not declared in this scope
[8.399s]   230 |     if (mx < [01;31m[Kcell_num_x_[m[K && my < cell_num_y_)
[8.399s]       |              [01;31m[K^~~~~~~~~~~[m[K
[8.410s] [01m[K/home/ziczac/dev/skripsi_code/ros2_workspace/src/ros2_occupancy_grid_map/src/occupancygrid.cpp:230:34:[m[K [01;31m[Kerror: [m[K‘[01m[Kcell_num_y_[m[K’ was not declared in this scope
[8.411s]   230 | mx < cell_num_x_ && my < [01;31m[Kcell_num_y_[m[K)
[8.411s]       |                          [01;31m[K^~~~~~~~~~~[m[K
[8.411s] 
[8.411s] [01m[K/home/ziczac/dev/skripsi_code/ros2_workspace/src/ros2_occupancy_grid_map/src/occupancygrid.cpp:[m[K At global scope:
[8.411s] [01m[K/home/ziczac/dev/skripsi_code/ros2_workspace/src/ros2_occupancy_grid_map/src/occupancygrid.cpp:251:8:[m[K [01;31m[Kerror: [m[K‘[01m[KGroundSegmentor[m[K’ has not been declared
[8.411s]   251 |   void [01;31m[KGroundSegmentor[m[K::raytrace(
[8.412s]       |        [01;31m[K^~~~~~~~~~~~~~~[m[K
[8.412s] [01m[K/home/ziczac/dev/skripsi_code/ros2_workspace/src/ros2_occupancy_grid_map/src/occupancygrid.cpp:253:19:[m[K [01;31m[Kerror: [m[K‘[01m[KCellState[m[K’ has not been declared
[8.412s]   253 |       int size_x, [01;31m[KCellState[m[K state)
[8.412s]       |                   [01;31m[K^~~~~~~~~[m[K
[8.426s] [01m[K/home/ziczac/dev/skripsi_code/ros2_workspace/src/ros2_occupancy_grid_map/src/occupancygrid.cpp:[m[K In function ‘[01m[Kvoid PercepionNS::raytrace(nav_msgs::msg::OccupancyGrid&, double, double, double, double, int, int)[m[K’:
[8.426s] [01m[K/home/ziczac/dev/skripsi_code/ros2_workspace/src/ros2_occupancy_grid_map/src/occupancygrid.cpp:268:30:[m[K [01;31m[Kerror: [m[K‘[01m[Kbottomright_x_[m[K’ was not declared in this scope
[8.426s]   268 | const double origin_x = ([01;31m[Kbottomright_x_[m[K), origin_y = (bottomright_y_);
[8.427s]       |                          [01;31m[K^~~~~~~~~~~~~~[m[K
[8.427s] 
[8.431s] [01m[K/home/ziczac/dev/skripsi_code/ros2_workspace/src/ros2_occupancy_grid_map/src/occupancygrid.cpp:270:31:[m[K [01;31m[Kerror: [m[K‘[01m[Korigin_y[m[K’ was not declared in this scope; did you mean ‘[01m[Korigin_x[m[K’?
[8.432s]   270 |  const double map_end_y = -[01;31m[Korigin_y[m[K;
[8.432s]       |                            [01;31m[K^~~~~~~~[m[K
[8.432s]       |                            [32m[Korigin_x[m[K
[8.432s] [01m[K/home/ziczac/dev/skripsi_code/ros2_workspace/src/ros2_occupancy_grid_map/src/occupancygrid.cpp:313:17:[m[K [01;31m[Kerror: [m[Ktoo few arguments to function ‘[01m[Kvoid PercepionNS::raytraceLine(nav_msgs::msg::OccupancyGrid&, unsigned int, unsigned int, unsigned int, unsigned int, int, int, unsigned int)[m[K’
[8.432s]   313 |     [01;31m[KraytraceLine(map, x0, y0, x1, y1, size_x, state)[m[K;
[8.432s]       |     [01;31m[K~~~~~~~~~~~~^~~~~~~~~~~~~~~~~~~~~~~~~~~~~~~~~~~~[m[K
[8.432s] [01m[K/home/ziczac/dev/skripsi_code/ros2_workspace/src/ros2_occupancy_grid_map/src/occupancygrid.cpp:167:15:[m[K [01;36m[Knote: [m[Kdeclared here
[8.433s]   167 |   inline void [01;36m[KGroundSegmentor[m[K::raytraceLine(
[8.433s]       |               [01;36m[K^~~~~~~~~~~~~~~[m[K
[8.437s] [01m[K/home/ziczac/dev/skripsi_code/ros2_workspace/src/ros2_occupancy_grid_map/src/occupancygrid.cpp:[m[K At global scope:
[8.437s] [01m[K/home/ziczac/dev/skripsi_code/ros2_workspace/src/ros2_occupancy_grid_map/src/occupancygrid.cpp:326:46:[m[K [01;31m[Kerror: [m[K‘[01m[KBinInfo3D[m[K’ does not name a type
[8.438s]   326 | yond_obstacle = [](const [01;31m[KBinInfo3D[m[K &obstacle, const BinInfo3D &raw) -> bool
[8.438s]       |                          [01;31m[K^~~~~~~~~[m[K
[8.438s] 
[8.438s] [01m[K/home/ziczac/dev/skripsi_code/ros2_workspace/src/ros2_occupancy_grid_map/src/occupancygrid.cpp:346:4:[m[K [01;31m[Kerror: [m[Kexpected ‘[01m[K)[m[K’ before ‘[01m[K;[m[K’ token
[8.438s]   346 |   }[01;31m[K;[m[K
[8.439s]       |    [01;31m[K^[m[K
[8.439s]       |    [32m[K)[m[K
[8.439s] [01m[K/home/ziczac/dev/skripsi_code/ros2_workspace/src/ros2_occupancy_grid_map/src/occupancygrid.cpp:326:39:[m[K [01;36m[Knote: [m[Kto match this ‘[01m[K([m[K’
[8.439s]   326 | ible_beyond_obstacle = [][01;36m[K([m[Kconst BinInfo3D &obstacle, const BinInfo3D &raw) -> bool
[8.439s]       |                          [01;36m[K^[m[K
[8.439s] 
[8.440s] [01m[K/home/ziczac/dev/skripsi_code/ros2_workspace/src/ros2_occupancy_grid_map/src/occupancygrid.cpp:[m[K In lambda function:
[8.440s] [01m[K/home/ziczac/dev/skripsi_code/ros2_workspace/src/ros2_occupancy_grid_map/src/occupancygrid.cpp:346:4:[m[K [01;31m[Kerror: [m[Kexpected ‘[01m[K{[m[K’ before ‘[01m[K;[m[K’ token
[8.440s]   346 |   }[01;31m[K;[m[K
[8.440s]       |    [01;31m[K^[m[K
[8.440s] [01m[K/home/ziczac/dev/skripsi_code/ros2_workspace/src/ros2_occupancy_grid_map/src/occupancygrid.cpp:[m[K At global scope:
[8.441s] [01m[K/home/ziczac/dev/skripsi_code/ros2_workspace/src/ros2_occupancy_grid_map/src/occupancygrid.cpp:348:8:[m[K [01;31m[Kerror: [m[K‘[01m[KGroundSegmentor[m[K’ has not been declared
[8.441s]   348 |   void [01;31m[KGroundSegmentor[m[K::synchro_callback(
[8.441s]       |        [01;31m[K^~~~~~~~~~~~~~~[m[K
[8.451s] [01m[K/home/ziczac/dev/skripsi_code/ros2_workspace/src/ros2_occupancy_grid_map/src/occupancygrid.cpp:[m[K In function ‘[01m[Kvoid PercepionNS::synchro_callback(const ConstSharedPtr&, const ConstSharedPtr&)[m[K’:
[8.451s] [01m[K/home/ziczac/dev/skripsi_code/ros2_workspace/src/ros2_occupancy_grid_map/src/occupancygrid.cpp:361:29:[m[K [01;31m[Kerror: [m[K‘[01m[KBinInfo3D[m[K’ was not declared in this scope; did you mean ‘[01m[KPerceptionNS::BinInfo3D[m[K’?
[8.451s]   361 |  std::vector<std::vector<[01;31m[KBinInfo3D[m[K>> raw_pointcloud_angle_bins_;
[8.452s]       |                          [01;31m[K^~~~~~~~~[m[K
[8.452s]       |                          [32m[KPerceptionNS::BinInfo3D[m[K
[8.452s] In file included from [01m[K/home/ziczac/dev/skripsi_code/ros2_workspace/src/ros2_occupancy_grid_map/src/occupancygrid.cpp:7[m[K:
[8.452s] [01m[K/home/ziczac/dev/skripsi_code/ros2_workspace/src/ros2_occupancy_grid_map/include/occupancy_grid_map/occupancygrid.hpp:46:10:[m[K [01;36m[Knote: [m[K‘[01m[KPerceptionNS::BinInfo3D[m[K’ declared here
[8.453s]    46 |   struct [01;36m[KBinInfo3D[m[K
[8.453s]       |          [01;36m[K^~~~~~~~~[m[K
[8.453s] [01m[K/home/ziczac/dev/skripsi_code/ros2_workspace/src/ros2_occupancy_grid_map/src/occupancygrid.cpp:361:29:[m[K [01;31m[Kerror: [m[Ktemplate argument 1 is invalid
[8.453s]   361 |  std::vector<std::vector<[01;31m[KBinInfo3D[m[K>> raw_pointcloud_angle_bins_;
[8.453s]       |                          [01;31m[K^~~~~~~~~[m[K
[8.453s] 
[8.453s] [01m[K/home/ziczac/dev/skripsi_code/ros2_workspace/src/ros2_occupancy_grid_map/src/occupancygrid.cpp:361:29:[m[K [01;31m[Kerror: [m[Ktemplate argument 2 is invalid
[8.454s] [01m[K/home/ziczac/dev/skripsi_code/ros2_workspace/src/ros2_occupancy_grid_map/src/occupancygrid.cpp:361:38:[m[K [01;31m[Kerror: [m[Ktemplate argument 1 is invalid
[8.454s]   361 | tor<std::vector<BinInfo3D[01;31m[K>>[m[K raw_pointcloud_angle_bins_;
[8.454s]       |                          [01;31m[K^~[m[K
[8.454s] 
[8.454s] [01m[K/home/ziczac/dev/skripsi_code/ros2_workspace/src/ros2_occupancy_grid_map/src/occupancygrid.cpp:361:38:[m[K [01;31m[Kerror: [m[Ktemplate argument 2 is invalid
[8.455s] [01m[K/home/ziczac/dev/skripsi_code/ros2_workspace/src/ros2_occupancy_grid_map/src/occupancygrid.cpp:362:29:[m[K [01;31m[Kerror: [m[Ktemplate argument 2 is invalid
[8.455s]   362 |  std::vector<std::vector<[01;31m[KBinInfo3D[m[K>> obstacle_pointcloud_angle_bins_;
[8.455s]       |                          [01;31m[K^~~~~~~~~[m[K
[8.455s] 
[8.455s] [01m[K/home/ziczac/dev/skripsi_code/ros2_workspace/src/ros2_occupancy_grid_map/src/occupancygrid.cpp:362:38:[m[K [01;31m[Kerror: [m[Ktemplate argument 1 is invalid
[8.455s]   362 | tor<std::vector<BinInfo3D[01;31m[K>>[m[K obstacle_pointcloud_angle_bins_;
[8.455s]       |                          [01;31m[K^~[m[K
[8.456s] 
[8.456s] [01m[K/home/ziczac/dev/skripsi_code/ros2_workspace/src/ros2_occupancy_grid_map/src/occupancygrid.cpp:362:38:[m[K [01;31m[Kerror: [m[Ktemplate argument 2 is invalid
[8.468s] [01m[K/home/ziczac/dev/skripsi_code/ros2_workspace/src/ros2_occupancy_grid_map/src/occupancygrid.cpp:377:43:[m[K [01;31m[Kerror: [m[K‘[01m[Kgrid_size_[m[K’ was not declared in this scope
[8.468s]   377 | igned char> grid_points_([01;31m[Kgrid_size_[m[K, 50);
[8.468s]       |                          [01;31m[K^~~~~~~~~~[m[K
[8.469s] 
[8.478s] [01m[K/home/ziczac/dev/skripsi_code/ros2_workspace/src/ros2_occupancy_grid_map/src/occupancygrid.cpp:380:37:[m[K [01;31m[Kerror: [m[K‘[01m[Kmax_angle_[m[K’ was not declared in this scope
[8.478s]   380 | ize_t angle_bin_size = (([01;31m[Kmax_angle_[m[K - min_angle_) / angle_increment_) + size_t(1 /*margin*/);
[8.478s]       |                          [01;31m[K^~~~~~~~~~[m[K
[8.478s] 
[8.488s] [01m[K/home/ziczac/dev/skripsi_code/ros2_workspace/src/ros2_occupancy_grid_map/src/occupancygrid.cpp:380:50:[m[K [01;31m[Kerror: [m[K‘[01m[Kmin_angle_[m[K’ was not declared in this scope
[8.488s]   380 | in_size = ((max_angle_ - [01;31m[Kmin_angle_[m[K) / angle_increment_) + size_t(1 /*margin*/);
[8.488s]       |                          [01;31m[K^~~~~~~~~~[m[K
[8.488s] 
[8.506s] [01m[K/home/ziczac/dev/skripsi_code/ros2_workspace/src/ros2_occupancy_grid_map/src/occupancygrid.cpp:380:64:[m[K [01;31m[Kerror: [m[K‘[01m[Kangle_increment_[m[K’ was not declared in this scope
[8.507s]   380 | x_angle_ - min_angle_) / [01;31m[Kangle_increment_[m[K) + size_t(1 /*margin*/);
[8.507s]       |                          [01;31m[K^~~~~~~~~~~~~~~~[m[K
[8.507s] 
[8.507s] [01m[K/home/ziczac/dev/skripsi_code/ros2_workspace/src/ros2_occupancy_grid_map/src/occupancygrid.cpp:383:37:[m[K [01;31m[Kerror: [m[Krequest for member ‘[01m[Kresize[m[K’ in ‘[01m[Kobstacle_pointcloud_angle_bins_[m[K’, which is of non-class type ‘[01m[Kint[m[K’
[8.507s]   383 | e_pointcloud_angle_bins_.[01;31m[Kresize[m[K(angle_bin_size);
[8.508s]       |                          [01;31m[K^~~~~~[m[K
[8.508s] 
[8.508s] [01m[K/home/ziczac/dev/skripsi_code/ros2_workspace/src/ros2_occupancy_grid_map/src/occupancygrid.cpp:384:32:[m[K [01;31m[Kerror: [m[Krequest for member ‘[01m[Kresize[m[K’ in ‘[01m[Kraw_pointcloud_angle_bins_[m[K’, which is of non-class type ‘[01m[Kint[m[K’
[8.509s]   384 | w_pointcloud_angle_bins_.[01;31m[Kresize[m[K(angle_bin_size);
[8.510s]       |                          [01;31m[K^~~~~~[m[K
[8.511s] 
[8.512s] [01m[K/home/ziczac/dev/skripsi_code/ros2_workspace/src/ros2_occupancy_grid_map/src/occupancygrid.cpp:397:34:[m[K [01;31m[Kerror: [m[Krequest for member ‘[01m[Kat[m[K’ in ‘[01m[Kraw_pointcloud_angle_bins_[m[K’, which is of non-class type ‘[01m[Kint[m[K’
[8.512s]   397 | w_pointcloud_angle_bins_.[01;31m[Kat[m[K(angle_bin_index).emplace_back(range, point.x, point.y, point.z);
[8.514s]       |                          [01;31m[K^~[m[K
[8.514s] 
[8.514s] [01m[K/home/ziczac/dev/skripsi_code/ros2_workspace/src/ros2_occupancy_grid_map/src/occupancygrid.cpp:411:29:[m[K [01;31m[Kerror: [m[K‘[01m[Korigin_z_[m[K’ was not declared in this scope; did you mean ‘[01m[KPerceptionNS::origin_z_[m[K’?
[8.514s]   411 |    const double scan_z = [01;31m[Korigin_z_[m[K - robot_z_;
[8.514s]       |                          [01;31m[K^~~~~~~~~[m[K
[8.514s]       |                          [32m[KPerceptionNS::origin_z_[m[K
[8.514s] In file included from [01m[K/home/ziczac/dev/skripsi_code/ros2_workspace/src/ros2_occupancy_grid_map/src/occupancygrid.cpp:7[m[K:
[8.514s] [01m[K/home/ziczac/dev/skripsi_code/ros2_workspace/src/ros2_occupancy_grid_map/include/occupancy_grid_map/occupancygrid.hpp:69:10:[m[K [01;36m[Knote: [m[K‘[01m[KPerceptionNS::origin_z_[m[K’ declared here
[8.515s]    69 |   double [01;36m[Korigin_z_[m[K, robot_z_;
[8.515s]       |          [01;36m[K^~~~~~~~~[m[K
[8.515s] [01m[K/home/ziczac/dev/skripsi_code/ros2_workspace/src/ros2_occupancy_grid_map/src/occupancygrid.cpp:411:41:[m[K [01;31m[Kerror: [m[K‘[01m[Krobot_z_[m[K’ was not declared in this scope; did you mean ‘[01m[KPerceptionNS::robot_z_[m[K’?
[8.515s]   411 | ouble scan_z = origin_z_ - [01;31m[Krobot_z_[m[K;
[8.515s]       |                            [01;31m[K^~~~~~~~[m[K
[8.515s]       |                            [32m[KPerceptionNS::robot_z_[m[K
[8.515s] In file included from [01m[K/home/ziczac/dev/skripsi_code/ros2_workspace/src/ros2_occupancy_grid_map/src/occupancygrid.cpp:7[m[K:
[8.516s] [01m[K/home/ziczac/dev/skripsi_code/ros2_workspace/src/ros2_occupancy_grid_map/include/occupancy_grid_map/occupancygrid.hpp:69:21:[m[K [01;36m[Knote: [m[K‘[01m[KPerceptionNS::robot_z_[m[K’ declared here
[8.516s]    69 |   double origin_z_, [01;36m[Krobot_z_[m[K;
[8.516s]       |                     [01;36m[K^~~~~~~~[m[K
[8.542s] [01m[K/home/ziczac/dev/skripsi_code/ros2_workspace/src/ros2_occupancy_grid_map/src/occupancygrid.cpp:416:16:[m[K [01;31m[Kerror: [m[K‘[01m[Kprojection_dz_threshold_[m[K’ was not declared in this scope
[8.543s]   416 |       if (dz > [01;31m[Kprojection_dz_threshold_[m[K)
[8.544s]       |                [01;31m[K^~~~~~~~~~~~~~~~~~~~~~~~[m[K
[8.544s] [01m[K/home/ziczac/dev/skripsi_code/ros2_workspace/src/ros2_occupancy_grid_map/src/occupancygrid.cpp:429:41:[m[K [01;31m[Kerror: [m[Krequest for member ‘[01m[Kat[m[K’ in ‘[01m[Kobstacle_pointcloud_angle_bins_[m[K’, which is of non-class type ‘[01m[Kint[m[K’
[8.544s]   429 | e_pointcloud_angle_bins_.[01;31m[Kat[m[K(angle_bin_index).emplace_back(range, point.x, point.y, point.z, projection_length, projected_wx, projected_wy);
[8.544s]       |                          [01;31m[K^~[m[K
[8.544s] 
[8.544s] [01m[K/home/ziczac/dev/skripsi_code/ros2_workspace/src/ros2_occupancy_grid_map/src/occupancygrid.cpp:438:41:[m[K [01;31m[Kerror: [m[Krequest for member ‘[01m[Kat[m[K’ in ‘[01m[Kobstacle_pointcloud_angle_bins_[m[K’, which is of non-class type ‘[01m[Kint[m[K’
[8.545s]   438 | e_pointcloud_angle_bins_.[01;31m[Kat[m[K(angle_bin_index).emplace_back(range, point.x, point.y, point.z, 0, projected_wx, projected_wy);
[8.545s]       |                          [01;31m[K^~[m[K
[8.546s] 
[8.546s] [01m[K/home/ziczac/dev/skripsi_code/ros2_workspace/src/ros2_occupancy_grid_map/src/occupancygrid.cpp:443:43:[m[K [01;31m[Kerror: [m[K‘[01m[Kbegin[m[K’ was not declared in this scope
[8.547s]   443 | w_pointcloud_angle_bin : [01;31m[Kraw_pointcloud_angle_bins_[m[K)
[8.549s]       |                          [01;31m[K^~~~~~~~~~~~~~~~~~~~~~~~~~[m[K
[8.549s] 
[8.551s] [01m[K/home/ziczac/dev/skripsi_code/ros2_workspace/src/ros2_occupancy_grid_map/src/occupancygrid.cpp:443:43:[m[K [01;36m[Knote: [m[Ksuggested alternatives:
[8.551s] In file included from [01m[K/usr/include/c++/11/string:54[m[K,
[8.552s]                  from [01m[K/usr/include/c++/11/bits/locale_classes.h:40[m[K,
[8.554s]                  from [01m[K/usr/include/c++/11/bits/ios_base.h:41[m[K,
[8.554s]                  from [01m[K/usr/include/c++/11/ios:42[m[K,
[8.554s]                  from [01m[K/usr/include/c++/11/istream:38[m[K,
[8.554s]                  from [01m[K/usr/include/c++/11/sstream:38[m[K,
[8.554s]                  from [01m[K/usr/include/c++/11/complex:45[m[K,
[8.554s]                  from [01m[K/usr/include/eigen3/Eigen/Core:50[m[K,
[8.554s]                  from [01m[K/usr/include/eigen3/Eigen/StdVector:14[m[K,
[8.554s]                  from [01m[K/usr/include/pcl-1.12/pcl/point_cloud.h:45[m[K,
[8.555s]                  from [01m[K/usr/include/pcl-1.12/pcl/common/transforms.h:42[m[K,
[8.555s]                  from [01m[K/home/ziczac/dev/skripsi_code/ros2_workspace/src/ros2_occupancy_grid_map/src/occupancygrid.cpp:1[m[K:
[8.555s] [01m[K/usr/include/c++/11/bits/range_access.h:108:37:[m[K [01;36m[Knote: [m[K  ‘[01m[Kstd::begin[m[K’
[8.555s]   108 | typename _Tp> const _Tp* [01;36m[Kbegin[m[K(const valarray<_Tp>&) noexcept;
[8.555s]       |                          [01;36m[K^~~~~[m[K
[8.555s] 
[8.555s] In file included from [01m[K/usr/include/boost/mpl/vector/aux_/begin_end.hpp:21[m[K,
[8.555s]                  from [01m[K/usr/include/boost/mpl/vector/vector0.hpp:31[m[K,
[8.556s]                  from [01m[K/usr/include/boost/mpl/vector/vector10.hpp:18[m[K,
[8.556s]                  from [01m[K/usr/include/boost/mpl/vector/vector20.hpp:18[m[K,
[8.556s]                  from [01m[K/usr/include/boost/mpl/vector.hpp:36[m[K,
[8.556s]                  from [01m[K/usr/include/pcl-1.12/pcl/point_struct_traits.h:43[m[K,
[8.556s]                  from [01m[K/usr/include/pcl-1.12/pcl/type_traits.h:40[m[K,
[8.556s]                  from [01m[K/usr/include/pcl-1.12/pcl/memory.h:46[m[K,
[8.556s]                  from [01m[K/usr/include/pcl-1.12/pcl/PCLHeader.h:3[m[K,
[8.556s]                  from [01m[K/usr/include/pcl-1.12/pcl/point_cloud.h:47[m[K,
[8.556s]                  from [01m[K/usr/include/pcl-1.12/pcl/common/transforms.h:42[m[K,
[8.557s]                  from [01m[K/home/ziczac/dev/skripsi_code/ros2_workspace/src/ros2_occupancy_grid_map/src/occupancygrid.cpp:1[m[K:
[8.557s] [01m[K/usr/include/boost/mpl/begin_end_fwd.hpp:22:38:[m[K [01;36m[Knote: [m[K  ‘[01m[Kboost::mpl::begin[m[K’
[8.557s]    22 | e< typename Sequence > struct [01;36m[Kbegin[m[K;
[8.557s]       |                               [01;36m[K^~~~~[m[K
[8.557s] 
[8.557s] In file included from [01m[K/usr/include/boost/fusion/iterator/segmented_iterator.hpp:13[m[K,
[8.557s]                  from [01m[K/usr/include/boost/fusion/sequence/intrinsic/detail/segmented_end.hpp:12[m[K,
[8.557s]                  from [01m[K/usr/include/boost/fusion/sequence/intrinsic/end.hpp:18[m[K,
[8.557s]                  from [01m[K/usr/include/boost/fusion/mpl/back.hpp:12[m[K,
[8.558s]                  from [01m[K/usr/include/boost/fusion/mpl.hpp:15[m[K,
[8.558s]                  from [01m[K/usr/include/boost/fusion/include/mpl.hpp:12[m[K,
[8.558s]                  from [01m[K/usr/include/pcl-1.12/pcl/common/impl/accumulators.hpp:44[m[K,
[8.558s]                  from [01m[K/usr/include/pcl-1.12/pcl/common/centroid.h:955[m[K,
[8.558s]                  from [01m[K/usr/include/pcl-1.12/pcl/common/transforms.h:44[m[K,
[8.558s]                  from [01m[K/home/ziczac/dev/skripsi_code/ros2_workspace/src/ros2_occupancy_grid_map/src/occupancygrid.cpp:1[m[K:
[8.558s] [01m[K/usr/include/boost/fusion/sequence/intrinsic/begin.hpp:92:5:[m[K [01;36m[Knote: [m[K  ‘[01m[Kboost::fusion::begin[m[K’
[8.558s]    92 |     [01;36m[Kbegin[m[K(Sequence const& seq)
[8.558s]       |     [01;36m[K^~~~~[m[K
[8.559s] In file included from [01m[K/usr/include/boost/foreach.hpp:81[m[K,
[8.559s]                  from [01m[K/usr/include/pcl-1.12/pcl/conversions.h:54[m[K,
[8.559s]                  from [01m[K/usr/include/pcl-1.12/pcl/common/impl/centroid.hpp:44[m[K,
[8.559s]                  from [01m[K/usr/include/pcl-1.12/pcl/common/centroid.h:1099[m[K,
[8.559s]                  from [01m[K/usr/include/pcl-1.12/pcl/common/transforms.h:44[m[K,
[8.559s]                  from [01m[K/home/ziczac/dev/skripsi_code/ros2_workspace/src/ros2_occupancy_grid_map/src/occupancygrid.cpp:1[m[K:
[8.559s] [01m[K/usr/include/boost/range/begin.hpp:110:61:[m[K [01;36m[Knote: [m[K  ‘[01m[Kboost::range_adl_barrier::begin[m[K’
[8.559s]   110 | _iterator<const T>::type [01;36m[Kbegin[m[K( const T& r )
[8.559s]       |                          [01;36m[K^~~~~[m[K
[8.560s] 
[8.560s] In file included from [01m[K/usr/include/pcl-1.12/pcl/conversions.h:54[m[K,
[8.560s]                  from [01m[K/usr/include/pcl-1.12/pcl/common/impl/centroid.hpp:44[m[K,
[8.560s]                  from [01m[K/usr/include/pcl-1.12/pcl/common/centroid.h:1099[m[K,
[8.560s]                  from [01m[K/usr/include/pcl-1.12/pcl/common/transforms.h:44[m[K,
[8.560s]                  from [01m[K/home/ziczac/dev/skripsi_code/ros2_workspace/src/ros2_occupancy_grid_map/src/occupancygrid.cpp:1[m[K:
[8.560s] [01m[K/usr/include/boost/foreach.hpp:696:1:[m[K [01;36m[Knote: [m[K  ‘[01m[Kboost::foreach_detail_::begin[m[K’
[8.560s]   696 | [01;36m[Kbegin[m[K(auto_any_t col, type2type<T *, C> *, boost::mpl::true_ *) // null-terminated C-style strings
[8.561s]       | [01;36m[K^~~~~[m[K
[8.561s] In file included from [01m[K/usr/include/boost/fusion/sequence/intrinsic/value_at.hpp:16[m[K,
[8.561s]                  from [01m[K/usr/include/boost/fusion/mpl/at.hpp:12[m[K,
[8.561s]                  from [01m[K/usr/include/boost/fusion/mpl.hpp:14[m[K,
[8.561s]                  from [01m[K/usr/include/boost/fusion/include/mpl.hpp:12[m[K,
[8.561s]                  from [01m[K/usr/include/pcl-1.12/pcl/common/impl/accumulators.hpp:44[m[K,
[8.561s]                  from [01m[K/usr/include/pcl-1.12/pcl/common/centroid.h:955[m[K,
[8.561s]                  from [01m[K/usr/include/pcl-1.12/pcl/common/transforms.h:44[m[K,
[8.562s]                  from [01m[K/home/ziczac/dev/skripsi_code/ros2_workspace/src/ros2_occupancy_grid_map/src/occupancygrid.cpp:1[m[K:
[8.562s] [01m[K/usr/include/boost/fusion/sequence/intrinsic_fwd.hpp:62:16:[m[K [01;36m[Knote: [m[K  ‘[01m[Kboost::fusion::result_of::begin[m[K’
[8.562s]    62 |         struct [01;36m[Kbegin[m[K;
[8.562s]       |                [01;36m[K^~~~~[m[K
[8.562s] [01m[K/home/ziczac/dev/skripsi_code/ros2_workspace/src/ros2_occupancy_grid_map/src/occupancygrid.cpp:443:43:[m[K [01;31m[Kerror: [m[K‘[01m[Kend[m[K’ was not declared in this scope
[8.562s]   443 | w_pointcloud_angle_bin : [01;31m[Kraw_pointcloud_angle_bins_[m[K)
[8.562s]       |                          [01;31m[K^~~~~~~~~~~~~~~~~~~~~~~~~~[m[K
[8.562s] 
[8.562s] [01m[K/home/ziczac/dev/skripsi_code/ros2_workspace/src/ros2_occupancy_grid_map/src/occupancygrid.cpp:443:43:[m[K [01;36m[Knote: [m[Ksuggested alternatives:
[8.563s] In file included from [01m[K/usr/include/c++/11/string:54[m[K,
[8.563s]                  from [01m[K/usr/include/c++/11/bits/locale_classes.h:40[m[K,
[8.563s]                  from [01m[K/usr/include/c++/11/bits/ios_base.h:41[m[K,
[8.563s]                  from [01m[K/usr/include/c++/11/ios:42[m[K,
[8.563s]                  from [01m[K/usr/include/c++/11/istream:38[m[K,
[8.563s]                  from [01m[K/usr/include/c++/11/sstream:38[m[K,
[8.563s]                  from [01m[K/usr/include/c++/11/complex:45[m[K,
[8.563s]                  from [01m[K/usr/include/eigen3/Eigen/Core:50[m[K,
[8.564s]                  from [01m[K/usr/include/eigen3/Eigen/StdVector:14[m[K,
[8.564s]                  from [01m[K/usr/include/pcl-1.12/pcl/point_cloud.h:45[m[K,
[8.564s]                  from [01m[K/usr/include/pcl-1.12/pcl/common/transforms.h:42[m[K,
[8.564s]                  from [01m[K/home/ziczac/dev/skripsi_code/ros2_workspace/src/ros2_occupancy_grid_map/src/occupancygrid.cpp:1[m[K:
[8.564s] [01m[K/usr/include/c++/11/bits/range_access.h:110:37:[m[K [01;36m[Knote: [m[K  ‘[01m[Kstd::end[m[K’
[8.564s]   110 | typename _Tp> const _Tp* [01;36m[Kend[m[K(const valarray<_Tp>&) noexcept;
[8.564s]       |                          [01;36m[K^~~[m[K
[8.564s] 
[8.565s] In file included from [01m[K/usr/include/eigen3/Eigen/Core:265[m[K,
[8.565s]                  from [01m[K/usr/include/eigen3/Eigen/StdVector:14[m[K,
[8.565s]                  from [01m[K/usr/include/pcl-1.12/pcl/point_cloud.h:45[m[K,
[8.565s]                  from [01m[K/usr/include/pcl-1.12/pcl/common/transforms.h:42[m[K,
[8.565s]                  from [01m[K/home/ziczac/dev/skripsi_code/ros2_workspace/src/ros2_occupancy_grid_map/src/occupancygrid.cpp:1[m[K:
[8.567s] [01m[K/usr/include/eigen3/Eigen/src/Core/util/IndexedViewHelper.h:181:40:[m[K [01;36m[Knote: [m[K  ‘[01m[KEigen::placeholders::end[m[K’
[8.567s]   181 | ATED static const end_t  [01;36m[Kend[m[K  = Eigen::lastp1; // PLEASE use Eigen::lastp1 instead of Eigen::placeholders::end
[8.567s]       |                          [01;36m[K^~~[m[K
[8.567s] 
[8.568s] In file included from [01m[K/usr/include/boost/mpl/vector/aux_/begin_end.hpp:21[m[K,
[8.568s]                  from [01m[K/usr/include/boost/mpl/vector/vector0.hpp:31[m[K,
[8.568s]                  from [01m[K/usr/include/boost/mpl/vector/vector10.hpp:18[m[K,
[8.568s]                  from [01m[K/usr/include/boost/mpl/vector/vector20.hpp:18[m[K,
[8.568s]                  from [01m[K/usr/include/boost/mpl/vector.hpp:36[m[K,
[8.568s]                  from [01m[K/usr/include/pcl-1.12/pcl/point_struct_traits.h:43[m[K,
[8.568s]                  from [01m[K/usr/include/pcl-1.12/pcl/type_traits.h:40[m[K,
[8.568s]                  from [01m[K/usr/include/pcl-1.12/pcl/memory.h:46[m[K,
[8.569s]                  from [01m[K/usr/include/pcl-1.12/pcl/PCLHeader.h:3[m[K,
[8.569s]                  from [01m[K/usr/include/pcl-1.12/pcl/point_cloud.h:47[m[K,
[8.569s]                  from [01m[K/usr/include/pcl-1.12/pcl/common/transforms.h:42[m[K,
[8.569s]                  from [01m[K/home/ziczac/dev/skripsi_code/ros2_workspace/src/ros2_occupancy_grid_map/src/occupancygrid.cpp:1[m[K:
[8.569s] [01m[K/usr/include/boost/mpl/begin_end_fwd.hpp:23:38:[m[K [01;36m[Knote: [m[K  ‘[01m[Kboost::mpl::end[m[K’
[8.569s]    23 | ate< typename Sequence > struct [01;36m[Kend[m[K;
[8.569s]       |                                 [01;36m[K^~~[m[K
[8.569s] 
[8.569s] In file included from [01m[K/usr/include/boost/fusion/mpl/back.hpp:12[m[K,
[8.570s]                  from [01m[K/usr/include/boost/fusion/mpl.hpp:15[m[K,
[8.570s]                  from [01m[K/usr/include/boost/fusion/include/mpl.hpp:12[m[K,
[8.570s]                  from [01m[K/usr/include/pcl-1.12/pcl/common/impl/accumulators.hpp:44[m[K,
[8.570s]                  from [01m[K/usr/include/pcl-1.12/pcl/common/centroid.h:955[m[K,
[8.570s]                  from [01m[K/usr/include/pcl-1.12/pcl/common/transforms.h:44[m[K,
[8.570s]                  from [01m[K/home/ziczac/dev/skripsi_code/ros2_workspace/src/ros2_occupancy_grid_map/src/occupancygrid.cpp:1[m[K:
[8.570s] [01m[K/usr/include/boost/fusion/sequence/intrinsic/end.hpp:92:5:[m[K [01;36m[Knote: [m[K  ‘[01m[Kboost::fusion::end[m[K’
[8.570s]    92 |     [01;36m[Kend[m[K(Sequence const& seq)
[8.570s]       |     [01;36m[K^~~[m[K
[8.571s] In file included from [01m[K/usr/include/boost/foreach.hpp:80[m[K,
[8.571s]                  from [01m[K/usr/include/pcl-1.12/pcl/conversions.h:54[m[K,
[8.571s]                  from [01m[K/usr/include/pcl-1.12/pcl/common/impl/centroid.hpp:44[m[K,
[8.571s]                  from [01m[K/usr/include/pcl-1.12/pcl/common/centroid.h:1099[m[K,
[8.571s]                  from [01m[K/usr/include/pcl-1.12/pcl/common/transforms.h:44[m[K,
[8.571s]                  from [01m[K/home/ziczac/dev/skripsi_code/ros2_workspace/src/ros2_occupancy_grid_map/src/occupancygrid.cpp:1[m[K:
[8.571s] [01m[K/usr/include/boost/range/end.hpp:104:61:[m[K [01;36m[Knote: [m[K  ‘[01m[Kboost::range_adl_barrier::end[m[K’
[8.571s]   104 | _iterator<const T>::type [01;36m[Kend[m[K( const T& r )
[8.571s]       |                          [01;36m[K^~~[m[K
[8.572s] 
[8.572s] In file included from [01m[K/usr/include/pcl-1.12/pcl/conversions.h:54[m[K,
[8.572s]                  from [01m[K/usr/include/pcl-1.12/pcl/common/impl/centroid.hpp:44[m[K,
[8.572s]                  from [01m[K/usr/include/pcl-1.12/pcl/common/centroid.h:1099[m[K,
[8.572s]                  from [01m[K/usr/include/pcl-1.12/pcl/common/transforms.h:44[m[K,
[8.572s]                  from [01m[K/home/ziczac/dev/skripsi_code/ros2_workspace/src/ros2_occupancy_grid_map/src/occupancygrid.cpp:1[m[K:
[8.572s] [01m[K/usr/include/boost/foreach.hpp:736:1:[m[K [01;36m[Knote: [m[K  ‘[01m[Kboost::foreach_detail_::end[m[K’
[8.572s]   736 | [01;36m[Kend[m[K(auto_any_t, type2type<T *, C> *, boost::mpl::true_ *) // null-terminated C-style strings
[8.572s]       | [01;36m[K^~~[m[K
[8.573s] In file included from [01m[K/usr/include/boost/fusion/sequence/intrinsic/value_at.hpp:16[m[K,
[8.573s]                  from [01m[K/usr/include/boost/fusion/mpl/at.hpp:12[m[K,
[8.573s]                  from [01m[K/usr/include/boost/fusion/mpl.hpp:14[m[K,
[8.573s]                  from [01m[K/usr/include/boost/fusion/include/mpl.hpp:12[m[K,
[8.573s]                  from [01m[K/usr/include/pcl-1.12/pcl/common/impl/accumulators.hpp:44[m[K,
[8.573s]                  from [01m[K/usr/include/pcl-1.12/pcl/common/centroid.h:955[m[K,
[8.573s]                  from [01m[K/usr/include/pcl-1.12/pcl/common/transforms.h:44[m[K,
[8.573s]                  from [01m[K/home/ziczac/dev/skripsi_code/ros2_workspace/src/ros2_occupancy_grid_map/src/occupancygrid.cpp:1[m[K:
[8.574s] [01m[K/usr/include/boost/fusion/sequence/intrinsic_fwd.hpp:68:16:[m[K [01;36m[Knote: [m[K  ‘[01m[Kboost::fusion::result_of::end[m[K’
[8.574s]    68 |         struct [01;36m[Kend[m[K;
[8.574s]       |                [01;36m[K^~~[m[K
[8.574s] [01m[K/home/ziczac/dev/skripsi_code/ros2_workspace/src/ros2_occupancy_grid_map/src/occupancygrid.cpp:450:48:[m[K [01;31m[Kerror: [m[K‘[01m[Kbegin[m[K’ was not declared in this scope
[8.574s]   450 | e_pointcloud_angle_bin : [01;31m[Kobstacle_pointcloud_angle_bins_[m[K)
[8.574s]       |                          [01;31m[K^~~~~~~~~~~~~~~~~~~~~~~~~~~~~~~[m[K
[8.574s] 
[8.574s] [01m[K/home/ziczac/dev/skripsi_code/ros2_workspace/src/ros2_occupancy_grid_map/src/occupancygrid.cpp:450:48:[m[K [01;36m[Knote: [m[Ksuggested alternatives:
[8.574s] In file included from [01m[K/usr/include/c++/11/string:54[m[K,
[8.575s]                  from [01m[K/usr/include/c++/11/bits/locale_classes.h:40[m[K,
[8.575s]                  from [01m[K/usr/include/c++/11/bits/ios_base.h:41[m[K,
[8.575s]                  from [01m[K/usr/include/c++/11/ios:42[m[K,
[8.575s]                  from [01m[K/usr/include/c++/11/istream:38[m[K,
[8.575s]                  from [01m[K/usr/include/c++/11/sstream:38[m[K,
[8.575s]                  from [01m[K/usr/include/c++/11/complex:45[m[K,
[8.575s]                  from [01m[K/usr/include/eigen3/Eigen/Core:50[m[K,
[8.575s]                  from [01m[K/usr/include/eigen3/Eigen/StdVector:14[m[K,
[8.575s]                  from [01m[K/usr/include/pcl-1.12/pcl/point_cloud.h:45[m[K,
[8.576s]                  from [01m[K/usr/include/pcl-1.12/pcl/common/transforms.h:42[m[K,
[8.576s]                  from [01m[K/home/ziczac/dev/skripsi_code/ros2_workspace/src/ros2_occupancy_grid_map/src/occupancygrid.cpp:1[m[K:
[8.576s] [01m[K/usr/include/c++/11/bits/range_access.h:108:37:[m[K [01;36m[Knote: [m[K  ‘[01m[Kstd::begin[m[K’
[8.576s]   108 | typename _Tp> const _Tp* [01;36m[Kbegin[m[K(const valarray<_Tp>&) noexcept;
[8.576s]       |                          [01;36m[K^~~~~[m[K
[8.576s] 
[8.576s] In file included from [01m[K/usr/include/boost/mpl/vector/aux_/begin_end.hpp:21[m[K,
[8.576s]                  from [01m[K/usr/include/boost/mpl/vector/vector0.hpp:31[m[K,
[8.577s]                  from [01m[K/usr/include/boost/mpl/vector/vector10.hpp:18[m[K,
[8.577s]                  from [01m[K/usr/include/boost/mpl/vector/vector20.hpp:18[m[K,
[8.577s]                  from [01m[K/usr/include/boost/mpl/vector.hpp:36[m[K,
[8.577s]                  from [01m[K/usr/include/pcl-1.12/pcl/point_struct_traits.h:43[m[K,
[8.577s]                  from [01m[K/usr/include/pcl-1.12/pcl/type_traits.h:40[m[K,
[8.577s]                  from [01m[K/usr/include/pcl-1.12/pcl/memory.h:46[m[K,
[8.577s]                  from [01m[K/usr/include/pcl-1.12/pcl/PCLHeader.h:3[m[K,
[8.577s]                  from [01m[K/usr/include/pcl-1.12/pcl/point_cloud.h:47[m[K,
[8.577s]                  from [01m[K/usr/include/pcl-1.12/pcl/common/transforms.h:42[m[K,
[8.578s]                  from [01m[K/home/ziczac/dev/skripsi_code/ros2_workspace/src/ros2_occupancy_grid_map/src/occupancygrid.cpp:1[m[K:
[8.578s] [01m[K/usr/include/boost/mpl/begin_end_fwd.hpp:22:38:[m[K [01;36m[Knote: [m[K  ‘[01m[Kboost::mpl::begin[m[K’
[8.578s]    22 | e< typename Sequence > struct [01;36m[Kbegin[m[K;
[8.578s]       |                               [01;36m[K^~~~~[m[K
[8.578s] 
[8.578s] In file included from [01m[K/usr/include/boost/fusion/iterator/segmented_iterator.hpp:13[m[K,
[8.578s]                  from [01m[K/usr/include/boost/fusion/sequence/intrinsic/detail/segmented_end.hpp:12[m[K,
[8.578s]                  from [01m[K/usr/include/boost/fusion/sequence/intrinsic/end.hpp:18[m[K,
[8.578s]                  from [01m[K/usr/include/boost/fusion/mpl/back.hpp:12[m[K,
[8.579s]                  from [01m[K/usr/include/boost/fusion/mpl.hpp:15[m[K,
[8.579s]                  from [01m[K/usr/include/boost/fusion/include/mpl.hpp:12[m[K,
[8.579s]                  from [01m[K/usr/include/pcl-1.12/pcl/common/impl/accumulators.hpp:44[m[K,
[8.579s]                  from [01m[K/usr/include/pcl-1.12/pcl/common/centroid.h:955[m[K,
[8.579s]                  from [01m[K/usr/include/pcl-1.12/pcl/common/transforms.h:44[m[K,
[8.579s]                  from [01m[K/home/ziczac/dev/skripsi_code/ros2_workspace/src/ros2_occupancy_grid_map/src/occupancygrid.cpp:1[m[K:
[8.579s] [01m[K/usr/include/boost/fusion/sequence/intrinsic/begin.hpp:92:5:[m[K [01;36m[Knote: [m[K  ‘[01m[Kboost::fusion::begin[m[K’
[8.579s]    92 |     [01;36m[Kbegin[m[K(Sequence const& seq)
[8.579s]       |     [01;36m[K^~~~~[m[K
[8.580s] In file included from [01m[K/usr/include/boost/foreach.hpp:81[m[K,
[8.580s]                  from [01m[K/usr/include/pcl-1.12/pcl/conversions.h:54[m[K,
[8.580s]                  from [01m[K/usr/include/pcl-1.12/pcl/common/impl/centroid.hpp:44[m[K,
[8.580s]                  from [01m[K/usr/include/pcl-1.12/pcl/common/centroid.h:1099[m[K,
[8.580s]                  from [01m[K/usr/include/pcl-1.12/pcl/common/transforms.h:44[m[K,
[8.580s]                  from [01m[K/home/ziczac/dev/skripsi_code/ros2_workspace/src/ros2_occupancy_grid_map/src/occupancygrid.cpp:1[m[K:
[8.580s] [01m[K/usr/include/boost/range/begin.hpp:110:61:[m[K [01;36m[Knote: [m[K  ‘[01m[Kboost::range_adl_barrier::begin[m[K’
[8.580s]   110 | _iterator<const T>::type [01;36m[Kbegin[m[K( const T& r )
[8.580s]       |                          [01;36m[K^~~~~[m[K
[8.581s] 
[8.581s] In file included from [01m[K/usr/include/pcl-1.12/pcl/conversions.h:54[m[K,
[8.581s]                  from [01m[K/usr/include/pcl-1.12/pcl/common/impl/centroid.hpp:44[m[K,
[8.581s]                  from [01m[K/usr/include/pcl-1.12/pcl/common/centroid.h:1099[m[K,
[8.581s]                  from [01m[K/usr/include/pcl-1.12/pcl/common/transforms.h:44[m[K,
[8.581s]                  from [01m[K/home/ziczac/dev/skripsi_code/ros2_workspace/src/ros2_occupancy_grid_map/src/occupancygrid.cpp:1[m[K:
[8.581s] [01m[K/usr/include/boost/foreach.hpp:696:1:[m[K [01;36m[Knote: [m[K  ‘[01m[Kboost::foreach_detail_::begin[m[K’
[8.581s]   696 | [01;36m[Kbegin[m[K(auto_any_t col, type2type<T *, C> *, boost::mpl::true_ *) // null-terminated C-style strings
[8.581s]       | [01;36m[K^~~~~[m[K
[8.582s] In file included from [01m[K/usr/include/boost/fusion/sequence/intrinsic/value_at.hpp:16[m[K,
[8.582s]                  from [01m[K/usr/include/boost/fusion/mpl/at.hpp:12[m[K,
[8.582s]                  from [01m[K/usr/include/boost/fusion/mpl.hpp:14[m[K,
[8.582s]                  from [01m[K/usr/include/boost/fusion/include/mpl.hpp:12[m[K,
[8.582s]                  from [01m[K/usr/include/pcl-1.12/pcl/common/impl/accumulators.hpp:44[m[K,
[8.582s]                  from [01m[K/usr/include/pcl-1.12/pcl/common/centroid.h:955[m[K,
[8.582s]                  from [01m[K/usr/include/pcl-1.12/pcl/common/transforms.h:44[m[K,
[8.582s]                  from [01m[K/home/ziczac/dev/skripsi_code/ros2_workspace/src/ros2_occupancy_grid_map/src/occupancygrid.cpp:1[m[K:
[8.583s] [01m[K/usr/include/boost/fusion/sequence/intrinsic_fwd.hpp:62:16:[m[K [01;36m[Knote: [m[K  ‘[01m[Kboost::fusion::result_of::begin[m[K’
[8.583s]    62 |         struct [01;36m[Kbegin[m[K;
[8.583s]       |                [01;36m[K^~~~~[m[K
[8.583s] [01m[K/home/ziczac/dev/skripsi_code/ros2_workspace/src/ros2_occupancy_grid_map/src/occupancygrid.cpp:450:48:[m[K [01;31m[Kerror: [m[K‘[01m[Kend[m[K’ was not declared in this scope
[8.583s]   450 | e_pointcloud_angle_bin : [01;31m[Kobstacle_pointcloud_angle_bins_[m[K)
[8.583s]       |                          [01;31m[K^~~~~~~~~~~~~~~~~~~~~~~~~~~~~~~[m[K
[8.583s] 
[8.583s] [01m[K/home/ziczac/dev/skripsi_code/ros2_workspace/src/ros2_occupancy_grid_map/src/occupancygrid.cpp:450:48:[m[K [01;36m[Knote: [m[Ksuggested alternatives:
[8.583s] In file included from [01m[K/usr/include/c++/11/string:54[m[K,
[8.584s]                  from [01m[K/usr/include/c++/11/bits/locale_classes.h:40[m[K,
[8.584s]                  from [01m[K/usr/include/c++/11/bits/ios_base.h:41[m[K,
[8.584s]                  from [01m[K/usr/include/c++/11/ios:42[m[K,
[8.584s]                  from [01m[K/usr/include/c++/11/istream:38[m[K,
[8.584s]                  from [01m[K/usr/include/c++/11/sstream:38[m[K,
[8.584s]                  from [01m[K/usr/include/c++/11/complex:45[m[K,
[8.584s]                  from [01m[K/usr/include/eigen3/Eigen/Core:50[m[K,
[8.584s]                  from [01m[K/usr/include/eigen3/Eigen/StdVector:14[m[K,
[8.585s]                  from [01m[K/usr/include/pcl-1.12/pcl/point_cloud.h:45[m[K,
[8.585s]                  from [01m[K/usr/include/pcl-1.12/pcl/common/transforms.h:42[m[K,
[8.585s]                  from [01m[K/home/ziczac/dev/skripsi_code/ros2_workspace/src/ros2_occupancy_grid_map/src/occupancygrid.cpp:1[m[K:
[8.585s] [01m[K/usr/include/c++/11/bits/range_access.h:110:37:[m[K [01;36m[Knote: [m[K  ‘[01m[Kstd::end[m[K’
[8.585s]   110 | typename _Tp> const _Tp* [01;36m[Kend[m[K(const valarray<_Tp>&) noexcept;
[8.585s]       |                          [01;36m[K^~~[m[K
[8.587s] 
[8.587s] In file included from [01m[K/usr/include/eigen3/Eigen/Core:265[m[K,
[8.587s]                  from [01m[K/usr/include/eigen3/Eigen/StdVector:14[m[K,
[8.587s]                  from [01m[K/usr/include/pcl-1.12/pcl/point_cloud.h:45[m[K,
[8.587s]                  from [01m[K/usr/include/pcl-1.12/pcl/common/transforms.h:42[m[K,
[8.588s]                  from [01m[K/home/ziczac/dev/skripsi_code/ros2_workspace/src/ros2_occupancy_grid_map/src/occupancygrid.cpp:1[m[K:
[8.588s] [01m[K/usr/include/eigen3/Eigen/src/Core/util/IndexedViewHelper.h:181:40:[m[K [01;36m[Knote: [m[K  ‘[01m[KEigen::placeholders::end[m[K’
[8.588s]   181 | ATED static const end_t  [01;36m[Kend[m[K  = Eigen::lastp1; // PLEASE use Eigen::lastp1 instead of Eigen::placeholders::end
[8.588s]       |                          [01;36m[K^~~[m[K
[8.588s] 
[8.588s] In file included from [01m[K/usr/include/boost/mpl/vector/aux_/begin_end.hpp:21[m[K,
[8.588s]                  from [01m[K/usr/include/boost/mpl/vector/vector0.hpp:31[m[K,
[8.588s]                  from [01m[K/usr/include/boost/mpl/vector/vector10.hpp:18[m[K,
[8.588s]                  from [01m[K/usr/include/boost/mpl/vector/vector20.hpp:18[m[K,
[8.589s]                  from [01m[K/usr/include/boost/mpl/vector.hpp:36[m[K,
[8.589s]                  from [01m[K/usr/include/pcl-1.12/pcl/point_struct_traits.h:43[m[K,
[8.589s]                  from [01m[K/usr/include/pcl-1.12/pcl/type_traits.h:40[m[K,
[8.589s]                  from [01m[K/usr/include/pcl-1.12/pcl/memory.h:46[m[K,
[8.589s]                  from [01m[K/usr/include/pcl-1.12/pcl/PCLHeader.h:3[m[K,
[8.589s]                  from [01m[K/usr/include/pcl-1.12/pcl/point_cloud.h:47[m[K,
[8.589s]                  from [01m[K/usr/include/pcl-1.12/pcl/common/transforms.h:42[m[K,
[8.589s]                  from [01m[K/home/ziczac/dev/skripsi_code/ros2_workspace/src/ros2_occupancy_grid_map/src/occupancygrid.cpp:1[m[K:
[8.589s] [01m[K/usr/include/boost/mpl/begin_end_fwd.hpp:23:38:[m[K [01;36m[Knote: [m[K  ‘[01m[Kboost::mpl::end[m[K’
[8.590s]    23 | ate< typename Sequence > struct [01;36m[Kend[m[K;
[8.590s]       |                                 [01;36m[K^~~[m[K
[8.590s] 
[8.590s] In file included from [01m[K/usr/include/boost/fusion/mpl/back.hpp:12[m[K,
[8.590s]                  from [01m[K/usr/include/boost/fusion/mpl.hpp:15[m[K,
[8.590s]                  from [01m[K/usr/include/boost/fusion/include/mpl.hpp:12[m[K,
[8.590s]                  from [01m[K/usr/include/pcl-1.12/pcl/common/impl/accumulators.hpp:44[m[K,
[8.590s]                  from [01m[K/usr/include/pcl-1.12/pcl/common/centroid.h:955[m[K,
[8.590s]                  from [01m[K/usr/include/pcl-1.12/pcl/common/transforms.h:44[m[K,
[8.591s]                  from [01m[K/home/ziczac/dev/skripsi_code/ros2_workspace/src/ros2_occupancy_grid_map/src/occupancygrid.cpp:1[m[K:
[8.591s] [01m[K/usr/include/boost/fusion/sequence/intrinsic/end.hpp:92:5:[m[K [01;36m[Knote: [m[K  ‘[01m[Kboost::fusion::end[m[K’
[8.591s]    92 |     [01;36m[Kend[m[K(Sequence const& seq)
[8.591s]       |     [01;36m[K^~~[m[K
[8.591s] In file included from [01m[K/usr/include/boost/foreach.hpp:80[m[K,
[8.591s]                  from [01m[K/usr/include/pcl-1.12/pcl/conversions.h:54[m[K,
[8.591s]                  from [01m[K/usr/include/pcl-1.12/pcl/common/impl/centroid.hpp:44[m[K,
[8.591s]                  from [01m[K/usr/include/pcl-1.12/pcl/common/centroid.h:1099[m[K,
[8.591s]                  from [01m[K/usr/include/pcl-1.12/pcl/common/transforms.h:44[m[K,
[8.592s]                  from [01m[K/home/ziczac/dev/skripsi_code/ros2_workspace/src/ros2_occupancy_grid_map/src/occupancygrid.cpp:1[m[K:
[8.592s] [01m[K/usr/include/boost/range/end.hpp:104:61:[m[K [01;36m[Knote: [m[K  ‘[01m[Kboost::range_adl_barrier::end[m[K’
[8.592s]   104 | _iterator<const T>::type [01;36m[Kend[m[K( const T& r )
[8.592s]       |                          [01;36m[K^~~[m[K
[8.592s] 
[8.592s] In file included from [01m[K/usr/include/pcl-1.12/pcl/conversions.h:54[m[K,
[8.592s]                  from [01m[K/usr/include/pcl-1.12/pcl/common/impl/centroid.hpp:44[m[K,
[8.592s]                  from [01m[K/usr/include/pcl-1.12/pcl/common/centroid.h:1099[m[K,
[8.592s]                  from [01m[K/usr/include/pcl-1.12/pcl/common/transforms.h:44[m[K,
[8.593s]                  from [01m[K/home/ziczac/dev/skripsi_code/ros2_workspace/src/ros2_occupancy_grid_map/src/occupancygrid.cpp:1[m[K:
[8.593s] [01m[K/usr/include/boost/foreach.hpp:736:1:[m[K [01;36m[Knote: [m[K  ‘[01m[Kboost::foreach_detail_::end[m[K’
[8.593s]   736 | [01;36m[Kend[m[K(auto_any_t, type2type<T *, C> *, boost::mpl::true_ *) // null-terminated C-style strings
[8.593s]       | [01;36m[K^~~[m[K
[8.593s] In file included from [01m[K/usr/include/boost/fusion/sequence/intrinsic/value_at.hpp:16[m[K,
[8.593s]                  from [01m[K/usr/include/boost/fusion/mpl/at.hpp:12[m[K,
[8.593s]                  from [01m[K/usr/include/boost/fusion/mpl.hpp:14[m[K,
[8.593s]                  from [01m[K/usr/include/boost/fusion/include/mpl.hpp:12[m[K,
[8.593s]                  from [01m[K/usr/include/pcl-1.12/pcl/common/impl/accumulators.hpp:44[m[K,
[8.594s]                  from [01m[K/usr/include/pcl-1.12/pcl/common/centroid.h:955[m[K,
[8.594s]                  from [01m[K/usr/include/pcl-1.12/pcl/common/transforms.h:44[m[K,
[8.594s]                  from [01m[K/home/ziczac/dev/skripsi_code/ros2_workspace/src/ros2_occupancy_grid_map/src/occupancygrid.cpp:1[m[K:
[8.594s] [01m[K/usr/include/boost/fusion/sequence/intrinsic_fwd.hpp:68:16:[m[K [01;36m[Knote: [m[K  ‘[01m[Kboost::fusion::result_of::end[m[K’
[8.594s]    68 |         struct [01;36m[Kend[m[K;
[8.594s]       |                [01;36m[K^~~[m[K
[8.594s] [01m[K/home/ziczac/dev/skripsi_code/ros2_workspace/src/ros2_occupancy_grid_map/src/occupancygrid.cpp:455:5:[m[K [01;31m[Kerror: [m[K‘[01m[Kgrid_msg_[m[K’ was not declared in this scope
[8.594s]   455 |     [01;31m[Kgrid_msg_[m[K.data = grid_points_;
[8.594s]       |     [01;31m[K^~~~~~~~~[m[K
[8.595s] [01m[K/home/ziczac/dev/skripsi_code/ros2_workspace/src/ros2_occupancy_grid_map/src/occupancygrid.cpp:460:37:[m[K [01;31m[Kerror: [m[Kinvalid types ‘[01m[Kint[size_t {aka long unsigned int}][m[K’ for array subscript
[8.595s]   460 | aw_pointcloud_angle_bins_[01;31m[K[[m[Kj].size() < 1)
[8.595s]       |                          [01;31m[K^[m[K
[8.595s] 
[8.595s] [01m[K/home/ziczac/dev/skripsi_code/ros2_workspace/src/ros2_occupancy_grid_map/src/occupancygrid.cpp:463:54:[m[K [01;31m[Kerror: [m[Kinvalid types ‘[01m[Kint[size_t {aka long unsigned int}][m[K’ for array subscript
[8.595s]   463 | aw_pointcloud_angle_bins_[01;31m[K[[m[Kj].back();
[8.595s]       |                          [01;31m[K^[m[K
[8.595s] 
[8.596s] [01m[K/home/ziczac/dev/skripsi_code/ros2_workspace/src/ros2_occupancy_grid_map/src/occupancygrid.cpp:464:55:[m[K [01;31m[Kerror: [m[K‘[01m[Kcell_num_x_[m[K’ was not declared in this scope
[8.596s]   464 | 0, source.wx, source.wy, [01;31m[Kcell_num_x_[m[K, CellState::FREE);
[8.596s]       |                          [01;31m[K^~~~~~~~~~~[m[K
[8.596s] 
[8.596s] [01m[K/home/ziczac/dev/skripsi_code/ros2_workspace/src/ros2_occupancy_grid_map/src/occupancygrid.cpp:464:68:[m[K [01;31m[Kerror: [m[K‘[01m[KCellState[m[K’ has not been declared
[8.596s]   464 |  source.wy, cell_num_x_, [01;31m[KCellState[m[K::FREE);
[8.596s]       |                          [01;31m[K^~~~~~~~~[m[K
[8.596s] 
[8.597s] [01m[K/home/ziczac/dev/skripsi_code/ros2_workspace/src/ros2_occupancy_grid_map/src/occupancygrid.cpp:468:76:[m[K [01;31m[Kerror: [m[Krequest for member ‘[01m[Ksize[m[K’ in ‘[01m[Kobstacle_pointcloud_angle_bins_[m[K’, which is of non-class type ‘[01m[Kint[m[K’
[8.597s]   468 | e_pointcloud_angle_bins_.[01;31m[Ksize[m[K(); ++bin_index)
[8.597s]       |                          [01;31m[K^~~~[m[K
[8.597s] 
[8.597s] [01m[K/home/ziczac/dev/skripsi_code/ros2_workspace/src/ros2_occupancy_grid_map/src/occupancygrid.cpp:471:83:[m[K [01;31m[Kerror: [m[Krequest for member ‘[01m[Kat[m[K’ in ‘[01m[Kobstacle_pointcloud_angle_bins_[m[K’, which is of non-class type ‘[01m[Kint[m[K’
[8.597s]   471 | e_pointcloud_angle_bins_.[01;31m[Kat[m[K(bin_index);
[8.597s]       |                          [01;31m[K^~[m[K
[8.597s] 
[8.597s] [01m[K/home/ziczac/dev/skripsi_code/ros2_workspace/src/ros2_occupancy_grid_map/src/occupancygrid.cpp:472:73:[m[K [01;31m[Kerror: [m[Krequest for member ‘[01m[Kat[m[K’ in ‘[01m[Kraw_pointcloud_angle_bins_[m[K’, which is of non-class type ‘[01m[Kint[m[K’
[8.598s]   472 | w_pointcloud_angle_bins_.[01;31m[Kat[m[K(bin_index);
[8.598s]       |                          [01;31m[K^~[m[K
[8.598s] 
[8.604s] [01m[K/home/ziczac/dev/skripsi_code/ros2_workspace/src/ros2_occupancy_grid_map/src/occupancygrid.cpp:503:95:[m[K [01;31m[Kerror: [m[K‘[01m[Kcell_num_x_[m[K’ was not declared in this scope
[8.604s]   503 | wx, source.projected_wy, [01;31m[Kcell_num_x_[m[K, CellState::UNKNOWN);
[8.604s]       |                          [01;31m[K^~~~~~~~~~~[m[K
[8.604s] 
[8.605s] [01m[K/home/ziczac/dev/skripsi_code/ros2_workspace/src/ros2_occupancy_grid_map/src/occupancygrid.cpp:503:108:[m[K [01;31m[Kerror: [m[K‘[01m[KCellState[m[K’ has not been declared
[8.605s]   503 | ojected_wy, cell_num_x_, [01;31m[KCellState[m[K::UNKNOWN);
[8.605s]       |                          [01;31m[K^~~~~~~~~[m[K
[8.605s] 
[8.617s] [01m[K/home/ziczac/dev/skripsi_code/ros2_workspace/src/ros2_occupancy_grid_map/src/occupancygrid.cpp:513:97:[m[K [01;31m[Kerror: [m[K‘[01m[Kcell_num_x_[m[K’ was not declared in this scope
[8.617s]   513 | wx, source.projected_wy, [01;31m[Kcell_num_x_[m[K, CellState::UNKNOWN);
[8.617s]       |                          [01;31m[K^~~~~~~~~~~[m[K
[8.618s] 
[8.618s] [01m[K/home/ziczac/dev/skripsi_code/ros2_workspace/src/ros2_occupancy_grid_map/src/occupancygrid.cpp:513:110:[m[K [01;31m[Kerror: [m[K‘[01m[KCellState[m[K’ has not been declared
[8.618s]   513 | ojected_wy, cell_num_x_, [01;31m[KCellState[m[K::UNKNOWN);
[8.618s]       |                          [01;31m[K^~~~~~~~~[m[K
[8.618s] 
[8.655s] [01m[K/home/ziczac/dev/skripsi_code/ros2_workspace/src/ros2_occupancy_grid_map/src/occupancygrid.cpp:524:45:[m[K [01;31m[Kerror: [m[K‘[01m[Kobstacle_separation_threshold_[m[K’ was not declared in this scope
[8.655s]   524 | stacle_point_distance <= [01;31m[Kobstacle_separation_threshold_[m[K)
[8.655s]       |                          [01;31m[K^~~~~~~~~~~~~~~~~~~~~~~~~~~~~~[m[K
[8.655s] 
[8.667s] [01m[K/home/ziczac/dev/skripsi_code/ros2_workspace/src/ros2_occupancy_grid_map/src/occupancygrid.cpp:533:75:[m[K [01;31m[Kerror: [m[K‘[01m[Kcell_num_x_[m[K’ was not declared in this scope
[8.668s]   533 | y, target.wx, target.wy, [01;31m[Kcell_num_x_[m[K, CellState::UNKNOWN);
[8.668s]       |                          [01;31m[K^~~~~~~~~~~[m[K
[8.668s] 
[8.668s] [01m[K/home/ziczac/dev/skripsi_code/ros2_workspace/src/ros2_occupancy_grid_map/src/occupancygrid.cpp:533:88:[m[K [01;31m[Kerror: [m[K‘[01m[KCellState[m[K’ has not been declared
[8.668s]   533 |  target.wy, cell_num_x_, [01;31m[KCellState[m[K::UNKNOWN);
[8.668s]       |                          [01;31m[K^~~~~~~~~[m[K
[8.668s] 
[8.680s] [01m[K/home/ziczac/dev/skripsi_code/ros2_workspace/src/ros2_occupancy_grid_map/src/occupancygrid.cpp:543:75:[m[K [01;31m[Kerror: [m[K‘[01m[Kcell_num_x_[m[K’ was not declared in this scope
[8.681s]   543 | y, target.wx, target.wy, [01;31m[Kcell_num_x_[m[K, CellState::UNKNOWN);
[8.681s]       |                          [01;31m[K^~~~~~~~~~~[m[K
[8.681s] 
[8.681s] [01m[K/home/ziczac/dev/skripsi_code/ros2_workspace/src/ros2_occupancy_grid_map/src/occupancygrid.cpp:543:88:[m[K [01;31m[Kerror: [m[K‘[01m[KCellState[m[K’ has not been declared
[8.681s]   543 |  target.wy, cell_num_x_, [01;31m[KCellState[m[K::UNKNOWN);
[8.681s]       |                          [01;31m[K^~~~~~~~~[m[K
[8.681s] 
[8.692s] [01m[K/home/ziczac/dev/skripsi_code/ros2_workspace/src/ros2_occupancy_grid_map/src/occupancygrid.cpp:551:75:[m[K [01;31m[Kerror: [m[K‘[01m[Kcell_num_x_[m[K’ was not declared in this scope
[8.693s]   551 | y, target.wx, target.wy, [01;31m[Kcell_num_x_[m[K, CellState::UNKNOWN);
[8.693s]       |                          [01;31m[K^~~~~~~~~~~[m[K
[8.693s] 
[8.693s] [01m[K/home/ziczac/dev/skripsi_code/ros2_workspace/src/ros2_occupancy_grid_map/src/occupancygrid.cpp:551:88:[m[K [01;31m[Kerror: [m[K‘[01m[KCellState[m[K’ has not been declared
[8.694s]   551 |  target.wy, cell_num_x_, [01;31m[KCellState[m[K::UNKNOWN);
[8.694s]       |                          [01;31m[K^~~~~~~~~[m[K
[8.694s] 
[8.694s] [01m[K/home/ziczac/dev/skripsi_code/ros2_workspace/src/ros2_occupancy_grid_map/src/occupancygrid.cpp:558:76:[m[K [01;31m[Kerror: [m[Krequest for member ‘[01m[Ksize[m[K’ in ‘[01m[Kobstacle_pointcloud_angle_bins_[m[K’, which is of non-class type ‘[01m[Kint[m[K’
[8.694s]   558 | e_pointcloud_angle_bins_.[01;31m[Ksize[m[K(); ++bin_index)
[8.695s]       |                          [01;31m[K^~~~[m[K
[8.695s] 
[8.695s] [01m[K/home/ziczac/dev/skripsi_code/ros2_workspace/src/ros2_occupancy_grid_map/src/occupancygrid.cpp:561:77:[m[K [01;31m[Kerror: [m[Krequest for member ‘[01m[Kat[m[K’ in ‘[01m[Kobstacle_pointcloud_angle_bins_[m[K’, which is of non-class type ‘[01m[Kint[m[K’
[8.695s]   561 | e_pointcloud_angle_bins_.[01;31m[Kat[m[K(bin_index);
[8.695s]       |                          [01;31m[K^~[m[K
[8.696s] 
[8.729s] [01m[K/home/ziczac/dev/skripsi_code/ros2_workspace/src/ros2_occupancy_grid_map/src/occupancygrid.cpp:579:44:[m[K [01;31m[Kerror: [m[K‘[01m[Kobstacle_separation_threshold_[m[K’ was not declared in this scope
[8.729s]   579 | bstacle_point_distance < [01;31m[Kobstacle_separation_threshold_[m[K)
[8.730s]       |                          [01;31m[K^~~~~~~~~~~~~~~~~~~~~~~~~~~~~~[m[K
[8.730s] 
[8.741s] [01m[K/home/ziczac/dev/skripsi_code/ros2_workspace/src/ros2_occupancy_grid_map/src/occupancygrid.cpp:583:75:[m[K [01;31m[Kerror: [m[K‘[01m[Kcell_num_x_[m[K’ was not declared in this scope
[8.742s]   583 | y, target.wx, target.wy, [01;31m[Kcell_num_x_[m[K, CellState::OCCUPIED);
[8.742s]       |                          [01;31m[K^~~~~~~~~~~[m[K
[8.742s] 
[8.743s] [01m[K/home/ziczac/dev/skripsi_code/ros2_workspace/src/ros2_occupancy_grid_map/src/occupancygrid.cpp:583:88:[m[K [01;31m[Kerror: [m[K‘[01m[KCellState[m[K’ has not been declared
[8.743s]   583 |  target.wy, cell_num_x_, [01;31m[KCellState[m[K::OCCUPIED);
[8.743s]       |                          [01;31m[K^~~~~~~~~[m[K
[8.743s] 
[8.749s] [01m[K/home/ziczac/dev/skripsi_code/ros2_workspace/src/ros2_occupancy_grid_map/src/occupancygrid.cpp:592:5:[m[K [01;31m[Kerror: [m[K‘[01m[Kgrid_pub[m[K’ was not declared in this scope
[8.749s]   592 |     [01;31m[Kgrid_pub[m[K->publish(grid_msg_);
[8.750s]       |     [01;31m[K^~~~~~~~[m[K
[13.700s] gmake[2]: *** [CMakeFiles/occupancy_grid_map_exe.dir/build.make:76: CMakeFiles/occupancy_grid_map_exe.dir/src/occupancygrid.cpp.o] Error 1
[13.700s] gmake[1]: *** [CMakeFiles/Makefile2:137: CMakeFiles/occupancy_grid_map_exe.dir/all] Error 2
[13.700s] gmake: *** [Makefile:146: all] Error 2
[13.705s] Invoked command in '/home/ziczac/dev/skripsi_code/ros2_workspace/build/occupancy_grid_map' returned '2': CMAKE_PREFIX_PATH=${CMAKE_PREFIX_PATH}:/home/ziczac/dev/skripsi_code/ros2_workspace/install/motor:/home/ziczac/dev/skripsi_code/ros2_workspace/install/gui:/home/ziczac/dev/skripsi_code/ros2_workspace/install/rosboard:/home/ziczac/dev/skripsi_code/ros2_workspace/install/log_odds_map:/home/ziczac/dev/skripsi_code/ros2_workspace/install/diff_drive:/opt/ros/humble /usr/bin/cmake --build /home/ziczac/dev/skripsi_code/ros2_workspace/build/occupancy_grid_map -- -j8 -l8
