[0.157s] Invoking command in '/home/ziczac/dev/skripsi_code/ros2_workspace/build/my_bot': CMAKE_PREFIX_PATH=${CMAKE_PREFIX_PATH}:/home/ziczac/dev/skripsi_code/ros2_workspace/install/motor:/home/ziczac/dev/skripsi_code/ros2_workspace/install/gui:/home/ziczac/dev/skripsi_code/ros2_workspace/install/rosboard:/home/ziczac/dev/skripsi_code/ros2_workspace/install/diff_drive:/opt/ros/humble /usr/bin/cmake --build /home/ziczac/dev/skripsi_code/ros2_workspace/build/my_bot -- -j8 -l8
[0.257s] Invoked command in '/home/ziczac/dev/skripsi_code/ros2_workspace/build/my_bot' returned '0': CMAKE_PREFIX_PATH=${CMAKE_PREFIX_PATH}:/home/ziczac/dev/skripsi_code/ros2_workspace/install/motor:/home/ziczac/dev/skripsi_code/ros2_workspace/install/gui:/home/ziczac/dev/skripsi_code/ros2_workspace/install/rosboard:/home/ziczac/dev/skripsi_code/ros2_workspace/install/diff_drive:/opt/ros/humble /usr/bin/cmake --build /home/ziczac/dev/skripsi_code/ros2_workspace/build/my_bot -- -j8 -l8
[0.318s] Invoking command in '/home/ziczac/dev/skripsi_code/ros2_workspace/build/my_bot': CMAKE_PREFIX_PATH=${CMAKE_PREFIX_PATH}:/home/ziczac/dev/skripsi_code/ros2_workspace/install/motor:/home/ziczac/dev/skripsi_code/ros2_workspace/install/gui:/home/ziczac/dev/skripsi_code/ros2_workspace/install/rosboard:/home/ziczac/dev/skripsi_code/ros2_workspace/install/diff_drive:/opt/ros/humble /usr/bin/cmake --install /home/ziczac/dev/skripsi_code/ros2_workspace/build/my_bot
[0.331s] -- Install configuration: ""
[0.332s] -- Execute custom install script
[0.333s] -- Up-to-date symlink: /home/ziczac/dev/skripsi_code/ros2_workspace/install/my_bot/share/my_bot/config/empty.yaml
[0.333s] -- Up-to-date symlink: /home/ziczac/dev/skripsi_code/ros2_workspace/install/my_bot/share/my_bot/config/mapper_params_online_async.yaml
[0.333s] -- Up-to-date symlink: /home/ziczac/dev/skripsi_code/ros2_workspace/install/my_bot/share/my_bot/config/rviz2_learn.rviz
[0.334s] -- Up-to-date symlink: /home/ziczac/dev/skripsi_code/ros2_workspace/install/my_bot/share/my_bot/description/gazebo_control.xacro
[0.334s] -- Up-to-date symlink: /home/ziczac/dev/skripsi_code/ros2_workspace/install/my_bot/share/my_bot/description/inertial_macros.xacro
[0.334s] -- Up-to-date symlink: /home/ziczac/dev/skripsi_code/ros2_workspace/install/my_bot/share/my_bot/description/lidar.xacro
[0.334s] -- Up-to-date symlink: /home/ziczac/dev/skripsi_code/ros2_workspace/install/my_bot/share/my_bot/description/robot.urdf.xacro
[0.334s] -- Up-to-date symlink: /home/ziczac/dev/skripsi_code/ros2_workspace/install/my_bot/share/my_bot/description/robot_core.xacro
[0.335s] -- Up-to-date symlink: /home/ziczac/dev/skripsi_code/ros2_workspace/install/my_bot/share/my_bot/launch/launch_sim.launch.py
[0.335s] -- Up-to-date symlink: /home/ziczac/dev/skripsi_code/ros2_workspace/install/my_bot/share/my_bot/launch/rsp.launch.py
[0.335s] -- Up-to-date symlink: /home/ziczac/dev/skripsi_code/ros2_workspace/install/my_bot/share/my_bot/worlds/4x6+pwst.world
[0.335s] -- Up-to-date symlink: /home/ziczac/dev/skripsi_code/ros2_workspace/install/my_bot/share/my_bot/worlds/4x6.world
[0.336s] -- Up-to-date symlink: /home/ziczac/dev/skripsi_code/ros2_workspace/install/my_bot/share/my_bot/worlds/empty.world
[0.336s] -- Up-to-date symlink: /home/ziczac/dev/skripsi_code/ros2_workspace/install/my_bot/share/my_bot/worlds/ruangan.world
[0.336s] -- Up-to-date symlink: /home/ziczac/dev/skripsi_code/ros2_workspace/install/my_bot/share/ament_index/resource_index/package_run_dependencies/my_bot
[0.336s] -- Up-to-date symlink: /home/ziczac/dev/skripsi_code/ros2_workspace/install/my_bot/share/ament_index/resource_index/parent_prefix_path/my_bot
[0.337s] -- Up-to-date symlink: /home/ziczac/dev/skripsi_code/ros2_workspace/install/my_bot/share/my_bot/environment/ament_prefix_path.sh
[0.337s] -- Up-to-date symlink: /home/ziczac/dev/skripsi_code/ros2_workspace/install/my_bot/share/my_bot/environment/ament_prefix_path.dsv
[0.337s] -- Up-to-date symlink: /home/ziczac/dev/skripsi_code/ros2_workspace/install/my_bot/share/my_bot/environment/path.sh
[0.337s] -- Up-to-date symlink: /home/ziczac/dev/skripsi_code/ros2_workspace/install/my_bot/share/my_bot/environment/path.dsv
[0.338s] -- Up-to-date symlink: /home/ziczac/dev/skripsi_code/ros2_workspace/install/my_bot/share/my_bot/local_setup.bash
[0.338s] -- Up-to-date symlink: /home/ziczac/dev/skripsi_code/ros2_workspace/install/my_bot/share/my_bot/local_setup.sh
[0.338s] -- Up-to-date symlink: /home/ziczac/dev/skripsi_code/ros2_workspace/install/my_bot/share/my_bot/local_setup.zsh
[0.338s] -- Up-to-date symlink: /home/ziczac/dev/skripsi_code/ros2_workspace/install/my_bot/share/my_bot/local_setup.dsv
[0.339s] -- Symlinking: /home/ziczac/dev/skripsi_code/ros2_workspace/install/my_bot/share/my_bot/package.dsv
[0.356s] -- Up-to-date symlink: /home/ziczac/dev/skripsi_code/ros2_workspace/install/my_bot/share/ament_index/resource_index/packages/my_bot
[0.357s] -- Up-to-date symlink: /home/ziczac/dev/skripsi_code/ros2_workspace/install/my_bot/share/my_bot/cmake/my_botConfig.cmake
[0.357s] -- Up-to-date symlink: /home/ziczac/dev/skripsi_code/ros2_workspace/install/my_bot/share/my_bot/cmake/my_botConfig-version.cmake
[0.358s] -- Up-to-date symlink: /home/ziczac/dev/skripsi_code/ros2_workspace/install/my_bot/share/my_bot/package.xml
[0.362s] Invoked command in '/home/ziczac/dev/skripsi_code/ros2_workspace/build/my_bot' returned '0': CMAKE_PREFIX_PATH=${CMAKE_PREFIX_PATH}:/home/ziczac/dev/skripsi_code/ros2_workspace/install/motor:/home/ziczac/dev/skripsi_code/ros2_workspace/install/gui:/home/ziczac/dev/skripsi_code/ros2_workspace/install/rosboard:/home/ziczac/dev/skripsi_code/ros2_workspace/install/diff_drive:/opt/ros/humble /usr/bin/cmake --install /home/ziczac/dev/skripsi_code/ros2_workspace/build/my_bot
