[5.994s] Invoking command in '/home/ziczac/dev/skripsi_code/ROS2-PLICP-POSE-GRAPH/src/log_odds_map': PYTHONPATH=/home/ziczac/dev/skripsi_code/ROS2-PLICP-POSE-GRAPH/build/log_odds_map/prefix_override:/home/ziczac/dev/skripsi_code/ROS2-PLICP-POSE-GRAPH/install/log_odds_map/lib/python3.10/site-packages:${PYTHONPATH} /usr/bin/python3 -W ignore:setup.py install is deprecated setup.py egg_info --egg-base ../../build/log_odds_map build --build-base /home/ziczac/dev/skripsi_code/ROS2-PLICP-POSE-GRAPH/build/log_odds_map/build install --record /home/ziczac/dev/skripsi_code/ROS2-PLICP-POSE-GRAPH/build/log_odds_map/install.log --single-version-externally-managed install_data
[7.099s] running egg_info
[7.101s] writing ../../build/log_odds_map/log_odds_map.egg-info/PKG-INFO
[7.102s] writing dependency_links to ../../build/log_odds_map/log_odds_map.egg-info/dependency_links.txt
[7.102s] writing entry points to ../../build/log_odds_map/log_odds_map.egg-info/entry_points.txt
[7.103s] writing requirements to ../../build/log_odds_map/log_odds_map.egg-info/requires.txt
[7.103s] writing top-level names to ../../build/log_odds_map/log_odds_map.egg-info/top_level.txt
[7.110s] reading manifest file '../../build/log_odds_map/log_odds_map.egg-info/SOURCES.txt'
[7.113s] writing manifest file '../../build/log_odds_map/log_odds_map.egg-info/SOURCES.txt'
[7.114s] running build
[7.114s] running build_py
[7.115s] running install
[7.116s] running install_lib
[7.120s] running install_data
[7.121s] running install_egg_info
[7.126s] removing '/home/ziczac/dev/skripsi_code/ROS2-PLICP-POSE-GRAPH/install/log_odds_map/lib/python3.10/site-packages/log_odds_map-0.0.0-py3.10.egg-info' (and everything under it)
[7.127s] Copying ../../build/log_odds_map/log_odds_map.egg-info to /home/ziczac/dev/skripsi_code/ROS2-PLICP-POSE-GRAPH/install/log_odds_map/lib/python3.10/site-packages/log_odds_map-0.0.0-py3.10.egg-info
[7.130s] running install_scripts
[7.198s] Installing occ_map script to /home/ziczac/dev/skripsi_code/ROS2-PLICP-POSE-GRAPH/install/log_odds_map/lib/log_odds_map
[7.199s] writing list of installed files to '/home/ziczac/dev/skripsi_code/ROS2-PLICP-POSE-GRAPH/build/log_odds_map/install.log'
[8.382s] Invoked command in '/home/ziczac/dev/skripsi_code/ROS2-PLICP-POSE-GRAPH/src/log_odds_map' returned '0': PYTHONPATH=/home/ziczac/dev/skripsi_code/ROS2-PLICP-POSE-GRAPH/build/log_odds_map/prefix_override:/home/ziczac/dev/skripsi_code/ROS2-PLICP-POSE-GRAPH/install/log_odds_map/lib/python3.10/site-packages:${PYTHONPATH} /usr/bin/python3 -W ignore:setup.py install is deprecated setup.py egg_info --egg-base ../../build/log_odds_map build --build-base /home/ziczac/dev/skripsi_code/ROS2-PLICP-POSE-GRAPH/build/log_odds_map/build install --record /home/ziczac/dev/skripsi_code/ROS2-PLICP-POSE-GRAPH/build/log_odds_map/install.log --single-version-externally-managed install_data
