[15.606s] Invoking command in '/home/ziczac/dev/skripsi_code/ros2_workspace/build/log_odds_map': PYTHONPATH=/home/ziczac/dev/skripsi_code/ros2_workspace/build/log_odds_map/prefix_override:/home/ziczac/dev/skripsi_code/ros2_workspace/install/log_odds_map/lib/python3.10/site-packages:${PYTHONPATH} /usr/bin/python3 setup.py develop --editable --build-directory /home/ziczac/dev/skripsi_code/ros2_workspace/build/log_odds_map/build --no-deps install_data
[16.556s] running develop
[16.557s] /home/ziczac/.local/lib/python3.10/site-packages/setuptools/command/develop.py:40: EasyInstallDeprecationWarning: easy_install command is deprecated.
[16.557s] !!
[16.557s] 
[16.557s]         ********************************************************************************
[16.557s]         Please avoid running ``setup.py`` and ``easy_install``.
[16.558s]         Instead, use pypa/build, pypa/installer or other
[16.558s]         standards-based tools.
[16.558s] 
[16.558s]         See https://github.com/pypa/setuptools/issues/917 for details.
[16.558s]         ********************************************************************************
[16.558s] 
[16.559s] !!
[16.559s]   easy_install.initialize_options(self)
[16.708s] /home/ziczac/.local/lib/python3.10/site-packages/setuptools/_distutils/cmd.py:66: SetuptoolsDeprecationWarning: setup.py install is deprecated.
[16.708s] !!
[16.709s] 
[16.709s]         ********************************************************************************
[16.709s]         Please avoid running ``setup.py`` directly.
[16.709s]         Instead, use pypa/build, pypa/installer or other
[16.709s]         standards-based tools.
[16.710s] 
[16.710s]         See https://blog.ganssle.io/articles/2021/10/setup-py-deprecated.html for details.
[16.710s]         ********************************************************************************
[16.710s] 
[16.710s] !!
[16.710s]   self.initialize_options()
[18.364s] running egg_info
[18.366s] creating log_odds_map.egg-info
[18.946s] writing log_odds_map.egg-info/PKG-INFO
[18.951s] writing dependency_links to log_odds_map.egg-info/dependency_links.txt
[18.954s] writing entry points to log_odds_map.egg-info/entry_points.txt
[18.956s] writing requirements to log_odds_map.egg-info/requires.txt
[18.958s] writing top-level names to log_odds_map.egg-info/top_level.txt
[18.960s] writing manifest file 'log_odds_map.egg-info/SOURCES.txt'
[19.947s] reading manifest file 'log_odds_map.egg-info/SOURCES.txt'
[19.958s] writing manifest file 'log_odds_map.egg-info/SOURCES.txt'
[20.421s] running build_ext
[20.423s] Creating /home/ziczac/dev/skripsi_code/ros2_workspace/install/log_odds_map/lib/python3.10/site-packages/log-odds-map.egg-link (link to .)
[20.433s] Installing occ_map script to /home/ziczac/dev/skripsi_code/ros2_workspace/install/log_odds_map/lib/log_odds_map
[20.437s] 
[20.439s] Installed /home/ziczac/dev/skripsi_code/ros2_workspace/build/log_odds_map
[20.440s] running install_data
[20.441s] creating /home/ziczac/dev/skripsi_code/ros2_workspace/install/log_odds_map/share/ament_index
[20.445s] creating /home/ziczac/dev/skripsi_code/ros2_workspace/install/log_odds_map/share/ament_index/resource_index
[20.446s] creating /home/ziczac/dev/skripsi_code/ros2_workspace/install/log_odds_map/share/ament_index/resource_index/packages
[20.447s] copying resource/log_odds_map -> /home/ziczac/dev/skripsi_code/ros2_workspace/install/log_odds_map/share/ament_index/resource_index/packages
[20.448s] copying package.xml -> /home/ziczac/dev/skripsi_code/ros2_workspace/install/log_odds_map/share/log_odds_map
[22.974s] Invoked command in '/home/ziczac/dev/skripsi_code/ros2_workspace/build/log_odds_map' returned '0': PYTHONPATH=/home/ziczac/dev/skripsi_code/ros2_workspace/build/log_odds_map/prefix_override:/home/ziczac/dev/skripsi_code/ros2_workspace/install/log_odds_map/lib/python3.10/site-packages:${PYTHONPATH} /usr/bin/python3 setup.py develop --editable --build-directory /home/ziczac/dev/skripsi_code/ros2_workspace/build/log_odds_map/build --no-deps install_data
