/home/ziczac/.local/lib/python3.10/site-packages/setuptools_scm/_integration/setuptools.py:30: RuntimeWarning: 
ERROR: setuptools==58.2.0 is used in combination with setuptools_scm>=8.x

Your build configuration is incomplete and previously worked by accident!
setuptools_scm requires setuptools>=61

Suggested workaround if applicable:
 - migrating from the deprecated setup_requires mechanism to pep517/518
   and using a pyproject.toml to declare build dependencies
   which are reliably pre-installed before running the build tools

  warnings.warn(
running develop
running egg_info
writing rosboard.egg-info/PKG-INFO
writing dependency_links to rosboard.egg-info/dependency_links.txt
writing entry points to rosboard.egg-info/entry_points.txt
writing requirements to rosboard.egg-info/requires.txt
writing top-level names to rosboard.egg-info/top_level.txt
[2;36m[04/04/24 13:34:13][0m[2;36m [0m[1;31mERROR   [0m listin ]8;id=36561;file:///home/ziczac/.local/lib/python3.10/site-packages/setuptools_scm/_file_finders/git.py\[2mgit.py[0m]8;;\[2m:[0m]8;id=11503;file:///home/ziczac/.local/lib/python3.10/site-packages/setuptools_scm/_file_finders/git.py#24\[2m24[0m]8;;\
[2;36m                    [0m         g git  [2m         [0m
[2;36m                    [0m         files  [2m         [0m
[2;36m                    [0m         failed [2m         [0m
[2;36m                    [0m         -      [2m         [0m
[2;36m                    [0m         preten [2m         [0m
[2;36m                    [0m         ding   [2m         [0m
[2;36m                    [0m         there  [2m         [0m
[2;36m                    [0m         aren't [2m         [0m
[2;36m                    [0m         any    [2m         [0m
reading manifest file 'rosboard.egg-info/SOURCES.txt'
writing manifest file 'rosboard.egg-info/SOURCES.txt'
running build_ext
Creating /home/ziczac/dev/skripsi_code/ros2_workspace/install/rosboard/lib/python3.10/site-packages/rosboard.egg-link (link to .)
Installing rosboard_node script to /home/ziczac/dev/skripsi_code/ros2_workspace/install/rosboard/lib/rosboard

Installed /home/ziczac/dev/skripsi_code/ros2_workspace/build/rosboard
running install_data
