[9.009s] Invoking command in '/home/ziczac/dev/skripsi_code/ros2_workspace/build/rosboard': PYTHONPATH=/home/ziczac/dev/skripsi_code/ros2_workspace/build/rosboard/prefix_override:/home/ziczac/dev/skripsi_code/ros2_workspace/install/rosboard/lib/python3.10/site-packages:${PYTHONPATH} /usr/bin/python3 setup.py develop --editable --build-directory /home/ziczac/dev/skripsi_code/ros2_workspace/build/rosboard/build --no-deps install_data
[10.095s] /home/ziczac/.local/lib/python3.10/site-packages/setuptools_scm/_integration/setuptools.py:30: RuntimeWarning: 
[10.096s] ERROR: setuptools==58.2.0 is used in combination with setuptools_scm>=8.x
[10.096s] 
[10.096s] Your build configuration is incomplete and previously worked by accident!
[10.096s] setuptools_scm requires setuptools>=61
[10.097s] 
[10.097s] Suggested workaround if applicable:
[10.097s]  - migrating from the deprecated setup_requires mechanism to pep517/518
[10.097s]    and using a pyproject.toml to declare build dependencies
[10.098s]    which are reliably pre-installed before running the build tools
[10.098s] 
[10.098s]   warnings.warn(
[10.265s] running develop
[10.864s] running egg_info
[10.865s] writing rosboard.egg-info/PKG-INFO
[10.865s] writing dependency_links to rosboard.egg-info/dependency_links.txt
[10.866s] writing entry points to rosboard.egg-info/entry_points.txt
[10.866s] writing requirements to rosboard.egg-info/requires.txt
[10.866s] writing top-level names to rosboard.egg-info/top_level.txt
[11.042s] [2;36m[04/04/24 13:34:13][0m[2;36m [0m[1;31mERROR   [0m listin ]8;id=36561;file:///home/ziczac/.local/lib/python3.10/site-packages/setuptools_scm/_file_finders/git.py\[2mgit.py[0m]8;;\[2m:[0m]8;id=11503;file:///home/ziczac/.local/lib/python3.10/site-packages/setuptools_scm/_file_finders/git.py#24\[2m24[0m]8;;\
[11.042s] [2;36m                    [0m         g git  [2m         [0m
[11.043s] [2;36m                    [0m         files  [2m         [0m
[11.043s] [2;36m                    [0m         failed [2m         [0m
[11.043s] [2;36m                    [0m         -      [2m         [0m
[11.043s] [2;36m                    [0m         preten [2m         [0m
[11.043s] [2;36m                    [0m         ding   [2m         [0m
[11.044s] [2;36m                    [0m         there  [2m         [0m
[11.044s] [2;36m                    [0m         aren't [2m         [0m
[11.044s] [2;36m                    [0m         any    [2m         [0m
[11.049s] reading manifest file 'rosboard.egg-info/SOURCES.txt'
[11.064s] writing manifest file 'rosboard.egg-info/SOURCES.txt'
[11.070s] running build_ext
[11.071s] Creating /home/ziczac/dev/skripsi_code/ros2_workspace/install/rosboard/lib/python3.10/site-packages/rosboard.egg-link (link to .)
[11.074s] Installing rosboard_node script to /home/ziczac/dev/skripsi_code/ros2_workspace/install/rosboard/lib/rosboard
[11.076s] 
[11.076s] Installed /home/ziczac/dev/skripsi_code/ros2_workspace/build/rosboard
[11.076s] running install_data
[13.206s] Invoked command in '/home/ziczac/dev/skripsi_code/ros2_workspace/build/rosboard' returned '0': PYTHONPATH=/home/ziczac/dev/skripsi_code/ros2_workspace/build/rosboard/prefix_override:/home/ziczac/dev/skripsi_code/ros2_workspace/install/rosboard/lib/python3.10/site-packages:${PYTHONPATH} /usr/bin/python3 setup.py develop --editable --build-directory /home/ziczac/dev/skripsi_code/ros2_workspace/build/rosboard/build --no-deps install_data
